time,angle,velocity,current
302,0.744598258805373,-0.9267698328089794,-0.014662500000000002
314,0.7496982468793825,-1.540951196585761,-0.014662500000000002
323,0.7496982468793825,-2.769313924139372,-0.0087975
333,0.7547982349533918,-3.997676651692983,0.30791250000000003
344,0.7547982349533918,-5.840220743023424,0.6774075
354,0.7547982349533918,-4.611858015469812,0.9471975
364,0.7496982468793825,-3.997676651692983,1.1583375
374,0.7547982349533918,-1.540951196585761,1.2990975
385,0.7547982349533918,2.1441369860750243,1.4105325000000002
394,0.7547982349533918,5.829225168735857,1.4926425
404,0.7547982349533918,7.671769260066298,1.5454275000000002
414,0.7547982349533918,8.900131987619908,1.5923475
424,0.7547982349533918,9.514313351396689,1.6216725
435,0.7547982349533918,10.742676078950302,1.6334025
445,0.7598982230274013,10.742676078950302,1.6509975000000001
455,0.7649982111014106,11.35685744272713,1.6627275000000001
465,0.7649982111014106,10.742676078950302,1.6685925000000001
475,0.77009819917542,11.35685744272713,1.6744575000000002
485,0.7751981872494295,11.35685744272713,1.6803225000000002
495,0.7751981872494295,11.971038806503913,1.6803225000000002
505,0.7802981753234389,13.813582897834353,1.6861875000000002
516,0.7802981753234389,13.199401534057523,1.6803225000000002
526,0.7853981633974483,15.041945625387964,1.6861875000000002
535,0.7904981514714576,15.656126989164745,1.6861875000000002
545,0.7955981395454671,16.270308352941527,1.6861875000000002
556,0.7955981395454671,16.884489716718356,1.6861875000000002
566,0.8006981276194765,17.498671080495136,1.6920525000000002
576,0.8057981156934859,18.112852444271965,1.6920525000000002
586,0.8159980918415047,18.72703380804875,1.6920525000000002
596,0.8159980918415047,18.72703380804875,1.6920525000000002
607,0.8210980799155141,19.341215171825578,1.6920525000000002
616,0.8261980679895234,19.341215171825578,1.7037825000000002
626,0.8261980679895234,18.72703380804875,1.6920525000000002
636,0.8312980560635329,18.72703380804875,1.6979175000000002
647,0.8312980560635329,19.341215171825578,1.7037825000000002
657,0.8414980322115516,19.95539653560236,1.6979175000000002
667,0.8465980202855612,20.569577899379187,1.7037825000000002
676,0.8465980202855612,18.72703380804875,1.6861875000000002
687,0.8516980083595705,19.95539653560236,1.6861875000000002
697,0.85679799643358,21.18375926315597,1.6861875000000002
707,0.8618979845075894,22.412121990709583,1.6920525000000002
717,0.8669979725815987,22.412121990709583,1.6920525000000002
728,0.8771979487296175,23.026303354486412,1.6920525000000002
738,0.8771979487296175,23.026303354486412,1.6920525000000002
748,0.8822979368036269,23.026303354486412,1.6979175000000002
757,0.8924979129516457,23.640484718263192,1.6979175000000002
768,0.8924979129516457,22.412121990709583,1.6920525000000002
778,0.8975979010256551,23.026303354486412,1.6979175000000002
788,0.8975979010256551,21.18375926315597,1.6920525000000002
798,0.907797877173674,21.18375926315597,1.6920525000000002
808,0.9128978652476835,21.7979406269328,1.6920525000000002
819,0.9026978890996646,19.95539653560236,1.6861875000000002
828,0.9179978533216928,21.7979406269328,1.6979175000000002
838,0.9230978413957022,22.412121990709583,1.6920525000000002
848,0.9281978294697116,23.026303354486412,1.6920525000000002
859,0.933297817543721,23.640484718263192,1.6920525000000002
869,0.9383978056177303,24.25466608204002,1.6920525000000002
879,0.9434977936917398,24.25466608204002,1.6979175000000002
889,0.9485977817657492,24.25466608204002,1.6979175000000002
899,0.9536977698397587,23.640484718263192,1.6979175000000002
909,0.9587977579137681,23.026303354486412,1.6920525000000002
919,0.9638977459877774,23.026303354486412,1.6979175000000002
929,0.9638977459877774,22.412121990709583,1.6979175000000002
940,0.9740977221357963,23.026303354486412,1.6979175000000002
950,0.9842976982838151,23.640484718263192,1.7037825000000002
960,0.9791977102098056,23.026303354486412,1.6979175000000002
969,0.9893976863578244,23.026303354486412,1.6979175000000002
979,0.9893976863578244,24.25466608204002,1.7096475000000002
990,0.9944976744318338,23.026303354486412,1.6861875000000002
1000,0.9995976625058431,23.026303354486412,1.6861875000000002
1010,1.0046976505798526,23.640484718263192,1.6979175000000002
1020,1.009797638653862,23.640484718263192,1.6979175000000002
1030,1.0148976267278715,22.412121990709583,1.6979175000000002
1040,1.019997614801881,22.412121990709583,1.6979175000000002
1050,1.0250976028758902,21.18375926315597,1.6979175000000002
1060,1.0301975909498997,20.569577899379187,1.6979175000000002
1071,1.0352975790239092,19.95539653560236,1.6920525000000002
1081,1.0301975909498997,21.7979406269328,1.7155125000000002
1091,1.0352975790239092,21.18375926315597,1.7155125000000002
1101,1.0505975432459373,19.95539653560236,1.6979175000000002
1111,1.0505975432459373,19.95539653560236,1.6920525000000002
1121,1.0556975313199466,20.569577899379187,1.6920525000000002
1131,1.0607975193939563,20.569577899379187,1.6979175000000002
1141,1.0658975074679655,21.18375926315597,1.6920525000000002
1152,1.0607975193939563,21.18375926315597,1.7096475000000002
1162,1.0658975074679655,19.95539653560236,1.6979175000000002
1172,1.0760974836159845,19.95539653560236,1.6979175000000002
1182,1.0811974716899937,19.341215171825578,1.6920525000000002
1191,1.0811974716899937,18.72703380804875,1.6979175000000002
1202,1.0811974716899937,18.72703380804875,1.7096475000000002
1212,1.0913974478380126,16.884489716718356,1.6979175000000002
1222,1.0913974478380126,16.270308352941527,1.6920525000000002
1232,1.0862974597640032,15.656126989164745,1.6979175000000002
1243,1.0964974359120219,15.041945625387964,1.6920525000000002
1253,1.1015974239860313,13.813582897834353,1.6920525000000002
1262,1.11179740013405,15.041945625387964,1.7037825000000002
1272,1.1066974120600408,13.813582897834353,1.6861875000000002
1283,1.11179740013405,15.041945625387964,1.6920525000000002
1293,1.1168973882080597,15.041945625387964,1.6920525000000002
1303,1.1066974120600408,13.813582897834353,1.6920525000000002
1313,1.121997376282069,14.427764261611134,1.6920525000000002
1324,1.121997376282069,15.656126989164745,1.6920525000000002
1333,1.121997376282069,14.427764261611134,1.2873675
1343,1.1270973643560784,13.199401534057523,0.8826825
1353,1.1270973643560784,10.742676078950302,0.5835675
1363,1.1270973643560784,7.671769260066298,0.3606975
1374,1.1270973643560784,5.215043804959075,0.19647750000000003
1384,1.1270973643560784,0.3015928947446316,0.0733125
1393,1.1270973643560784,-3.997676651692983,-0.0205275
1403,1.1270973643560784,-6.454402106800205,-0.0909075
1414,1.1270973643560784,-9.525308925684255,-0.13782750000000002
1424,1.1270973643560784,-10.139490289461039,-0.17301750000000002
1434,1.1270973643560784,-10.753671653237866,-0.19061250000000002
1444,1.1270973643560784,-11.36785301701465,-0.20820750000000002
1455,1.1270973643560784,-11.982034380791479,-0.22580250000000002
1465,1.1270973643560784,-11.982034380791479,-0.2375325
1474,1.1270973643560784,-11.982034380791479,-0.23166750000000003
1484,1.1270973643560784,-13.824578472121871,-0.24339750000000002
1495,1.1270973643560784,-13.21039710834509,-0.24339750000000002
1505,1.1168973882080597,-15.052941199675482,-0.24926250000000003
1515,1.121997376282069,-15.052941199675482,-0.2375325
1525,1.1168973882080597,-15.667122563452264,-0.24339750000000002
1536,1.1066974120600408,-18.123848018559485,-0.24926250000000003
1545,1.1066974120600408,-18.738029382336315,-0.24926250000000003
1555,1.1015974239860313,-19.966392109889924,-0.24339750000000002
1565,1.0964974359120219,-21.194754837443536,-0.24926250000000003
1575,1.0913974478380126,-21.80893620122032,-0.24926250000000003
1586,1.0862974597640032,-23.651480292550758,-0.2551275
1596,1.0811974716899937,-26.10820574765798,-0.27858750000000004
1605,1.070997495541975,-24.26566165632754,-0.2609925
1615,1.0760974836159845,-23.651480292550758,-0.2551275
1626,1.070997495541975,-23.651480292550758,-0.2551275
1636,1.0658975074679655,-23.03729892877393,-0.2551275
1646,1.0607975193939563,-23.03729892877393,-0.2551275
1656,1.0556975313199466,-23.03729892877393,-0.2551275
1667,1.0505975432459373,-23.651480292550758,-0.24926250000000003
1676,1.0454975551719279,-24.26566165632754,-0.24339750000000002
1686,1.0403975670979184,-26.10820574765798,-0.24926250000000003
1696,1.0352975790239092,-26.722387111434763,-0.24926250000000003
1707,1.0250976028758902,-27.950749838988372,-0.24926250000000003
1717,1.0250976028758902,-28.5649312027652,-0.2551275
1727,1.009797638653862,-30.407475294095594,-0.2551275
1737,1.009797638653862,-30.407475294095594,-0.2551275
1747,1.0046976505798526,-29.793293930318814,-0.2609925
1758,0.9995976625058431,-29.793293930318814,-0.2609925
1767,0.9944976744318338,-29.179112566541985,-0.2551275
1777,0.9842976982838151,-28.5649312027652,-0.2551275
1787,0.9791977102098056,-28.5649312027652,-0.2551275
1798,0.9689977340617869,-28.5649312027652,-0.24926250000000003
1808,0.9689977340617869,-29.179112566541985,-0.24926250000000003
1818,0.9638977459877774,-29.793293930318814,-0.24926250000000003
1827,0.9485977817657492,-31.635838021649207,-0.2609925
1838,0.9485977817657492,-31.021656657872423,-0.2609925
1848,0.9383978056177303,-30.407475294095594,-0.2551275
1858,0.933297817543721,-31.021656657872423,-0.2551275
1868,0.9281978294697116,-31.021656657872423,-0.2609925
1879,0.9230978413957022,-31.021656657872423,-0.2551275
1889,0.9128978652476835,-31.021656657872423,-0.2551275
1898,0.9128978652476835,-31.021656657872423,-0.2551275
1908,0.9026978890996646,-31.021656657872423,-0.2551275
1918,0.8975979010256551,-31.635838021649207,-0.2551275
1929,0.8924979129516457,-32.250019385425986,-0.2551275
1939,0.8873979248776364,-31.635838021649207,-0.2551275
1949,0.8771979487296175,-31.635838021649207,-0.2551275
1959,0.8669979725815987,-31.635838021649207,-0.2609925
1970,0.8669979725815987,-31.635838021649207,-0.2609925
1979,0.8618979845075894,-29.793293930318814,-0.2609925
1989,0.85679799643358,-30.407475294095594,-0.2551275
1999,0.8465980202855612,-29.179112566541985,-0.24926250000000003
2010,0.8414980322115516,-29.793293930318814,-0.2551275
2020,0.8363980441375423,-29.793293930318814,-0.2551275
2030,0.8312980560635329,-30.407475294095594,-0.2551275
2039,0.8210980799155141,-31.021656657872423,-0.2551275
2050,0.8159980918415047,-32.250019385425986,-0.27272250000000003
2060,0.8108981037674953,-30.407475294095594,-0.2609925
2070,0.8057981156934859,-29.793293930318814,-0.2551275
2080,0.8006981276194765,-29.179112566541985,-0.2551275
2091,0.7853981633974483,-29.179112566541985,-0.2551275
2101,0.7955981395454671,-28.5649312027652,-0.2609925
2110,0.7853981633974483,-27.950749838988372,-0.2551275
2120,0.7751981872494295,-27.950749838988372,-0.2551275
2130,0.7751981872494295,-27.950749838988372,-0.24926250000000003
2141,0.7649982111014106,-29.793293930318814,-0.2668575
2151,0.7598982230274013,-28.5649312027652,-0.2551275
2161,0.7598982230274013,-28.5649312027652,-0.2551275
2171,0.744598258805373,-28.5649312027652,-0.2668575
2181,0.744598258805373,-27.336568475211592,-0.2551275
2191,0.7394982707313636,-26.722387111434763,-0.2668575
2201,0.7394982707313636,-26.10820574765798,-0.2551275
2211,0.7292982945833448,-24.87984302010437,-0.2609925
2222,0.7292982945833448,-24.26566165632754,-0.2551275
2232,0.7241983065093355,-24.26566165632754,-0.2609925
2242,0.719098318435326,-23.651480292550758,-0.2551275
2251,0.7088983422873072,-23.651480292550758,-0.2551275
2262,0.7139983303613165,-24.26566165632754,-0.2551275
2272,0.7037983542132978,-23.651480292550758,-0.2609925
2282,0.6986983661392885,-24.26566165632754,-0.2609925
2292,0.693598378065279,-23.03729892877393,-0.2609925
2302,0.6884983899912696,-22.42311756499715,-0.2551275
2313,0.6884983899912696,-22.42311756499715,-0.2609925
2323,0.6833984019172602,-21.80893620122032,-0.2668575
2332,0.6833984019172602,-20.580573473666707,-0.2609925
2342,0.6833984019172602,-19.352210746113098,0.11436750000000001
2353,0.6833984019172602,-17.509666654782702,0.5307825
2363,0.6833984019172602,-15.052941199675482,0.8474925000000001
2373,0.6782984138432508,-10.753671653237866,1.0703625
2383,0.6833984019172602,-7.682764834353816,1.2404475000000001
2394,0.6833984019172602,-4.611858015469812,1.3694775000000001
2404,0.6833984019172602,0.3015928947446316,1.4574525
2413,0.6731984257692414,4.6008624411822465,1.5278325000000001
2423,0.6782984138432508,7.057587896289468,1.5806175
2434,0.6782984138432508,8.285950623843078,1.6158075
2444,0.6833984019172602,11.35685744272713,1.6451325
2454,0.6833984019172602,10.128494715173519,1.6392675
2464,0.6833984019172602,10.128494715173519,1.6392675
2473,0.6833984019172602,13.813582897834353,1.6685925000000001
2484,0.6782984138432508,15.041945625387964,1.6627275000000001
2494,0.6884983899912696,17.498671080495136,1.6744575000000002
2504,0.693598378065279,19.341215171825578,1.6803225000000002
2514,0.6986983661392885,21.18375926315597,1.6861875000000002
2525,0.6986983661392885,21.18375926315597,1.6861875000000002
2535,0.7088983422873072,22.412121990709583,1.6861875000000002
2544,0.7139983303613165,22.412121990709583,1.6861875000000002
2554,0.719098318435326,23.640484718263192,1.6920525000000002
2565,0.719098318435326,24.25466608204002,1.6920525000000002
2575,0.7292982945833448,25.483028809593634,1.7037825000000002
2585,0.7343982826573542,25.483028809593634,1.6920525000000002
2595,0.7394982707313636,26.097210173370414,1.6979175000000002
2605,0.744598258805373,26.711391537147243,1.6979175000000002
2615,0.7547982349533918,26.711391537147243,1.6979175000000002
2625,0.7547982349533918,26.097210173370414,1.6920525000000002
2635,0.7649982111014106,27.325572900924026,1.7037825000000002
2646,0.7649982111014106,26.097210173370414,1.6861875000000002
2656,0.77009819917542,26.711391537147243,1.6979175000000002
2666,0.7751981872494295,26.097210173370414,1.6920525000000002
2675,0.7853981633974483,27.325572900924026,1.6920525000000002
2685,0.7904981514714576,28.553935628477635,1.6979175000000002
2696,0.7955981395454671,29.168116992254465,1.6920525000000002
2706,0.8057981156934859,29.782298356031248,1.6920525000000002
2716,0.8159980918415047,29.782298356031248,1.6920525000000002
2726,0.8159980918415047,30.396479719808077,1.6920525000000002
2737,0.8261980679895234,31.010661083584857,1.6979175000000002
2747,0.8261980679895234,30.396479719808077,1.6979175000000002
2756,0.8363980441375423,30.396479719808077,1.6979175000000002
2766,0.8465980202855612,29.168116992254465,1.6861875000000002
2777,0.8516980083595705,29.782298356031248,1.6920525000000002
2787,0.85679799643358,29.168116992254465,1.6861875000000002
2797,0.8618979845075894,31.010661083584857,1.6979175000000002
2807,0.8618979845075894,29.782298356031248,1.6861875000000002
2818,0.8771979487296175,31.010661083584857,1.6920525000000002
2828,0.8822979368036269,31.010661083584857,1.6920525000000002
2837,0.8873979248776364,31.010661083584857,1.6979175000000002
2847,0.8924979129516457,31.010661083584857,1.6979175000000002
2857,0.8975979010256551,31.624842447361686,1.7155125000000002
2868,0.907797877173674,30.396479719808077,1.6979175000000002
2878,0.907797877173674,30.396479719808077,1.6920525000000002
2888,0.9179978533216928,30.396479719808077,1.6920525000000002
2898,0.9230978413957022,31.010661083584857,1.6920525000000002
2908,0.9281978294697116,31.010661083584857,1.6920525000000002
2918,0.933297817543721,30.396479719808077,1.6861875000000002
2928,0.9434977936917398,33.46738653869208,1.7213775000000002
2938,0.9485977817657492,31.010661083584857,1.6979175000000002
2949,0.9536977698397587,29.782298356031248,1.6920525000000002
2959,0.9638977459877774,30.396479719808077,1.7037825000000002
2968,0.9689977340617869,31.624842447361686,1.7155125000000002
2978,0.9791977102098056,29.782298356031248,1.7037825000000002
2989,0.9842976982838151,29.168116992254465,1.6979175000000002
2999,0.9893976863578244,29.168116992254465,1.6920525000000002
3009,0.9944976744318338,29.168116992254465,1.6979175000000002
3019,1.009797638653862,29.782298356031248,1.6979175000000002
3030,1.0046976505798526,29.168116992254465,1.6979175000000002
3039,1.0148976267278715,29.168116992254465,1.6979175000000002
3049,1.019997614801881,31.010661083584857,1.7272425
3059,1.0250976028758902,27.939754264700856,1.6979175000000002
3069,1.0301975909498997,27.325572900924026,1.7037825000000002
3080,1.0301975909498997,27.939754264700856,1.7155125000000002
3090,1.0352975790239092,27.939754264700856,1.7155125000000002
3100,1.0403975670979184,26.097210173370414,1.6979175000000002
3109,1.0505975432459373,26.097210173370414,1.6979175000000002
3120,1.0556975313199466,26.097210173370414,1.6920525000000002
3130,1.0556975313199466,24.868847445816805,1.6920525000000002
3140,1.0760974836159845,26.097210173370414,1.7037825000000002
3150,1.0658975074679655,25.483028809593634,1.6979175000000002
3161,1.0760974836159845,24.868847445816805,1.6979175000000002
3171,1.0811974716899937,24.868847445816805,1.7037825000000002
3180,1.0811974716899937,24.868847445816805,1.7096475000000002
3190,1.0913974478380126,23.026303354486412,1.7037825000000002
3201,1.0964974359120219,23.026303354486412,1.6979175000000002
3211,1.1015974239860313,22.412121990709583,1.6979175000000002
3221,1.1015974239860313,21.18375926315597,1.6920525000000002
3231,1.1066974120600408,21.7979406269328,1.6979175000000002
3241,1.1066974120600408,20.569577899379187,1.6979175000000002
3252,1.1168973882080597,21.7979406269328,1.6979175000000002
3261,1.1168973882080597,20.569577899379187,1.6979175000000002
3271,1.1270973643560784,21.18375926315597,1.6979175000000002
3281,1.1270973643560784,20.569577899379187,1.6979175000000002
3292,1.132197352430088,21.18375926315597,1.6979175000000002
3302,1.1270973643560784,21.7979406269328,1.7096475000000002
3312,1.1423973285781066,19.341215171825578,1.6979175000000002
3322,1.1423973285781066,18.112852444271965,1.6979175000000002
3333,1.147497316652116,18.112852444271965,1.6979175000000002
3342,1.147497316652116,16.270308352941527,1.6979175000000002
3352,1.147497316652116,15.656126989164745,1.2639075000000002
3362,1.1525973047261253,14.427764261611134,0.8709525
3373,1.147497316652116,11.35685744272713,0.5659725
3383,1.1525973047261253,8.285950623843078,0.34310250000000003
3393,1.1525973047261253,4.6008624411822465,0.1847475
3403,1.1525973047261253,1.5299556222982424,0.0733125
3412,1.147497316652116,-3.997676651692983,-0.026392500000000003
3423,1.147497316652116,-6.454402106800205,-0.08504250000000001
3433,1.1525973047261253,-8.296946198130644,-0.1319625
3443,1.1525973047261253,-10.139490289461039,-0.1612875
3453,1.1372973405040971,-13.824578472121871,-0.19061250000000002
3464,1.1525973047261253,-14.4387598358987,-0.2023425
3474,1.1525973047261253,-16.281303927229093,-0.21407250000000003
3484,1.1525973047261253,-18.123848018559485,-0.2199375
3493,1.1525973047261253,-19.966392109889924,-0.2375325
3504,1.147497316652116,-20.580573473666707,-0.23166750000000003
3514,1.1372973405040971,-22.42311756499715,-0.2375325
3524,1.1270973643560784,-24.26566165632754,-0.24926250000000003
3534,1.132197352430088,-24.26566165632754,-0.24339750000000002
3545,1.121997376282069,-24.87984302010437,-0.24926250000000003
3555,1.1168973882080597,-25.49402438388115,-0.24339750000000002
3565,1.11179740013405,-26.722387111434763,-0.24926250000000003
3574,1.1066974120600408,-27.336568475211592,-0.24339750000000002
3585,1.1015974239860313,-27.336568475211592,-0.24926250000000003
3595,1.0964974359120219,-28.5649312027652,-0.2551275
3605,1.0913974478380126,-29.793293930318814,-0.2551275
3615,1.0862974597640032,-30.407475294095594,-0.2551275
3624,1.0760974836159845,-30.407475294095594,-0.2551275
3635,1.070997495541975,-31.021656657872423,-0.2609925
3645,1.0658975074679655,-30.407475294095594,-0.2551275
3655,1.0607975193939563,-29.793293930318814,-0.2551275
3665,1.0556975313199466,-30.407475294095594,-0.2551275
3676,1.0454975551719279,-31.021656657872423,-0.2551275
3686,1.0403975670979184,-31.021656657872423,-0.24926250000000003
3696,1.0352975790239092,-32.250019385425986,-0.24926250000000003
3705,1.019997614801881,-32.864200749202816,-0.24926250000000003
3716,1.019997614801881,-34.092563476756425,-0.2551275
3726,1.0148976267278715,-34.092563476756425,-0.2551275
3736,1.0148976267278715,-34.092563476756425,-0.2551275
3746,0.9995976625058431,-34.092563476756425,-0.2551275
3757,0.9893976863578244,-34.092563476756425,-0.2551275
3767,0.9893976863578244,-34.70674484053321,-0.2609925
3777,0.9791977102098056,-34.092563476756425,-0.2551275
3786,0.9689977340617869,-34.092563476756425,-0.2551275
3796,0.9587977579137681,-35.32092620431004,-0.2609925
3807,0.9536977698397587,-35.32092620431004,-0.2609925
3817,0.9485977817657492,-35.32092620431004,-0.24926250000000003
3827,0.9434977936917398,-35.32092620431004,-0.2551275
3837,0.9281978294697116,-34.70674484053321,-0.24926250000000003
3848,0.9281978294697116,-34.70674484053321,-0.2551275
3858,0.9179978533216928,-34.092563476756425,-0.2551275
3868,0.9128978652476835,-34.70674484053321,-0.24926250000000003
3877,0.907797877173674,-34.70674484053321,-0.24926250000000003
3888,0.8975979010256551,-35.32092620431004,-0.2551275
3898,0.8873979248776364,-35.32092620431004,-0.2551275
3908,0.8822979368036269,-35.93510756808682,-0.2609925
3918,0.8771979487296175,-35.93510756808682,-0.2609925
3929,0.8669979725815987,-35.32092620431004,-0.2551275
3938,0.8618979845075894,-34.092563476756425,-0.2609925
3948,0.85679799643358,-33.478382112979595,-0.2551275
3958,0.8516980083595705,-32.864200749202816,-0.2551275
3969,0.8414980322115516,-33.478382112979595,-0.24926250000000003
3979,0.8363980441375423,-33.478382112979595,-0.2551275
3989,0.8312980560635329,-33.478382112979595,-0.2551275
3998,0.8210980799155141,-33.478382112979595,-0.2551275
4008,0.8210980799155141,-34.092563476756425,-0.2609925
4019,0.8108981037674953,-33.478382112979595,-0.2609925
4029,0.8006981276194765,-32.864200749202816,-0.2551275
4039,0.8006981276194765,-32.250019385425986,-0.2551275
4049,0.8006981276194765,-32.250019385425986,-0.2609925
4060,0.7853981633974483,-31.635838021649207,-0.2551275
4069,0.7802981753234389,-31.021656657872423,-0.2609925
4079,0.7751981872494295,-31.635838021649207,-0.2551275
4089,0.7649982111014106,-31.635838021649207,-0.2609925
4100,0.7598982230274013,-31.021656657872423,-0.2551275
4110,0.7598982230274013,-31.635838021649207,-0.2609925
4120,0.744598258805373,-31.021656657872423,-0.2551275
4130,0.744598258805373,-29.793293930318814,-0.2668575
4140,0.7394982707313636,-30.407475294095594,-0.27272250000000003
4150,0.7343982826573542,-28.5649312027652,-0.2609925
4160,0.7292982945833448,-27.336568475211592,-0.2609925
4170,0.7241983065093355,-26.722387111434763,-0.2551275
4180,0.719098318435326,-26.722387111434763,-0.2551275
4191,0.7088983422873072,-26.722387111434763,-0.2551275
4201,0.7088983422873072,-26.10820574765798,-0.2551275
4210,0.7037983542132978,-26.10820574765798,-0.2551275
4220,0.6986983661392885,-26.722387111434763,-0.2609925
4231,0.6884983899912696,-26.10820574765798,-0.2609925
4241,0.6884983899912696,-24.87984302010437,-0.2609925
4251,0.6833984019172602,-23.651480292550758,-0.2609925
4261,0.6782984138432508,-24.26566165632754,-0.2668575
4271,0.6782984138432508,-23.03729892877393,-0.2668575
4281,0.6731984257692414,-19.966392109889924,-0.24926250000000003
4291,0.6731984257692414,-19.966392109889924,-0.2609925
4301,0.6578984615472131,-19.966392109889924,-0.2609925
4312,0.6629984496212226,-19.352210746113098,-0.2668575
4322,0.6578984615472131,-18.738029382336315,-0.2551275
4332,0.6527984734732037,-19.352210746113098,-0.2668575
4341,0.6527984734732037,-18.738029382336315,-0.2551275
4352,0.6527984734732037,-19.352210746113098,-0.2551275
4362,0.6527984734732037,-18.738029382336315,0.1026375
4372,0.6476984853991944,-18.123848018559485,0.5249175
4382,0.6527984734732037,-15.052941199675482,0.8298975000000001
4392,0.6578984615472131,-11.36785301701465,1.0703625
4403,0.6476984853991944,-6.454402106800205,1.2521775000000002
4413,0.6527984734732037,-5.226039379246594,1.3577475
4422,0.6527984734732037,-0.3125884690321501,1.4574525
4432,0.6527984734732037,2.7583183498518533,1.5161025000000001
4443,0.6476984853991944,7.057587896289468,1.5864825
4453,0.6476984853991944,7.057587896289468,1.6040775
4463,0.6527984734732037,8.285950623843078,1.6392675
4473,0.6527984734732037,7.057587896289468,1.6334025
4484,0.6527984734732037,8.900131987619908,1.6568625000000001
4493,0.6527984734732037,10.128494715173519,1.6627275000000001
4503,0.6476984853991944,10.742676078950302,1.6685925000000001
4513,0.6476984853991944,11.35685744272713,1.6744575000000002
4524,0.6476984853991944,12.585220170280742,1.6744575000000002
4534,0.6527984734732037,14.427764261611134,1.6744575000000002
4544,0.6578984615472131,15.041945625387964,1.6803225000000002
4554,0.6629984496212226,16.270308352941527,1.6803225000000002
4563,0.6578984615472131,17.498671080495136,1.6803225000000002
4574,0.6731984257692414,21.18375926315597,1.6979175000000002
4584,0.6731984257692414,21.18375926315597,1.6920525000000002
4594,0.6833984019172602,22.412121990709583,1.6979175000000002
4604,0.6884983899912696,23.026303354486412,1.6920525000000002
4615,0.693598378065279,26.097210173370414,1.7213775000000002
4625,0.693598378065279,22.412121990709583,1.6920525000000002
4635,0.7037983542132978,23.026303354486412,1.6979175000000002
4644,0.7088983422873072,22.412121990709583,1.6920525000000002
4655,0.7088983422873072,22.412121990709583,1.6979175000000002
4665,0.7139983303613165,23.026303354486412,1.6920525000000002
4675,0.719098318435326,23.640484718263192,1.6979175000000002
4685,0.719098318435326,25.483028809593634,1.7096475000000002
4695,0.7292982945833448,26.711391537147243,1.7096475000000002
4705,0.7394982707313636,26.097210173370414,1.6861875000000002
4715,0.744598258805373,28.553935628477635,1.7096475000000002
4725,0.7547982349533918,29.168116992254465,1.7037825000000002
4736,0.7496982468793825,29.782298356031248,1.7096475000000002
4746,0.7547982349533918,28.553935628477635,1.6979175000000002
4756,0.77009819917542,27.939754264700856,1.6920525000000002
4766,0.7751981872494295,28.553935628477635,1.6979175000000002
4775,0.7802981753234389,29.168116992254465,1.6979175000000002
4786,0.7751981872494295,29.782298356031248,1.7037825000000002
4796,0.7955981395454671,28.553935628477635,1.6979175000000002
4806,0.7955981395454671,29.168116992254465,1.6979175000000002
4816,0.8057981156934859,29.782298356031248,1.6979175000000002
4827,0.8159980918415047,29.782298356031248,1.6920525000000002
4837,0.8159980918415047,32.239023811138466,1.7155125000000002
4846,0.8210980799155141,30.396479719808077,1.6920525000000002
4856,0.8261980679895234,30.396479719808077,1.7037825000000002
4867,0.8312980560635329,30.396479719808077,1.6920525000000002
4877,0.8414980322115516,31.010661083584857,1.6979175000000002
4887,0.8465980202855612,31.010661083584857,1.6920525000000002
4897,0.8465980202855612,30.396479719808077,1.6920525000000002
4908,0.8618979845075894,31.624842447361686,1.6979175000000002
4918,0.8669979725815987,33.46738653869208,1.7155125000000002
4927,0.8771979487296175,32.239023811138466,1.6920525000000002
4937,0.8822979368036269,32.239023811138466,1.6979175000000002
4947,0.8822979368036269,32.85320517491525,1.7037825000000002
4958,0.8975979010256551,32.239023811138466,1.6979175000000002
4968,0.9026978890996646,31.624842447361686,1.6979175000000002
4978,0.907797877173674,31.624842447361686,1.6979175000000002
4988,0.907797877173674,31.010661083584857,1.6920525000000002
4998,0.9230978413957022,31.624842447361686,1.6920525000000002
5008,0.9230978413957022,30.396479719808077,1.6861875000000002
5018,0.933297817543721,33.46738653869208,1.7155125000000002
5028,0.9434977936917398,31.624842447361686,1.6979175000000002
5039,0.9536977698397587,31.010661083584857,1.7096475000000002
5049,0.9485977817657492,31.010661083584857,1.7037825000000002
5058,0.9587977579137681,31.010661083584857,1.6979175000000002
5068,0.9689977340617869,31.010661083584857,1.7037825000000002
5079,0.9740977221357963,29.782298356031248,1.6979175000000002
5089,0.9791977102098056,28.553935628477635,1.6861875000000002
5100,0.9842976982838151,29.782298356031248,1.6920525000000002
5109,0.9893976863578244,29.782298356031248,1.6920525000000002
5120,0.9995976625058431,29.782298356031248,1.6920525000000002
5130,1.0046976505798526,29.782298356031248,1.6979175000000002
5139,1.009797638653862,29.782298356031248,1.6979175000000002
5149,1.0148976267278715,29.168116992254465,1.6979175000000002
5159,1.019997614801881,28.553935628477635,1.7037825000000002
5170,1.0250976028758902,30.396479719808077,1.7213775000000002
5180,1.0301975909498997,27.939754264700856,1.6979175000000002
5190,1.0403975670979184,27.325572900924026,1.6979175000000002
5199,1.0505975432459373,27.325572900924026,1.6920525000000002
5210,1.0454975551719279,26.097210173370414,1.6920525000000002
5220,1.0505975432459373,27.939754264700856,1.7155125000000002
5230,1.0607975193939563,27.325572900924026,1.7037825000000002
5240,1.0658975074679655,27.325572900924026,1.6979175000000002
5251,1.070997495541975,27.325572900924026,1.7037825000000002
5261,1.070997495541975,27.939754264700856,1.7096475000000002
5271,1.0862974597640032,26.097210173370414,1.7037825000000002
5280,1.0862974597640032,24.868847445816805,1.6979175000000002
5291,1.0913974478380126,24.868847445816805,1.6979175000000002
5301,1.0964974359120219,24.868847445816805,1.7096475000000002
5311,1.0964974359120219,23.026303354486412,1.6979175000000002
5321,1.1015974239860313,22.412121990709583,1.6979175000000002
5331,1.11179740013405,23.640484718263192,1.7037825000000002
5342,1.1168973882080597,22.412121990709583,1.6979175000000002
5351,1.1168973882080597,21.7979406269328,1.6920525000000002
5361,1.1270973643560784,22.412121990709583,1.6979175000000002
5371,1.1270973643560784,22.412121990709583,1.2521775000000002
5382,1.132197352430088,19.95539653560236,0.8650875
5392,1.1270973643560784,16.270308352941527,0.5718375
5402,1.1270973643560784,11.971038806503913,0.34896750000000004
5412,1.132197352430088,7.671769260066298,0.19061250000000002
5423,1.1270973643560784,2.7583183498518533,0.06744750000000001
5432,1.132197352430088,-1.540951196585761,-0.0205275
5442,1.1270973643560784,-5.840220743023424,-0.08504250000000001
5452,1.121997376282069,-7.682764834353816,-0.1319625
5463,1.1270973643560784,-9.525308925684255,-0.1671525
5473,1.1270973643560784,-10.753671653237866,-0.19061250000000002
5483,1.1270973643560784,-11.36785301701465,-0.20820750000000002
5493,1.132197352430088,-10.753671653237866,-0.20820750000000002
5504,1.132197352430088,-12.59621574456826,-0.22580250000000002
5513,1.132197352430088,-13.21039710834509,-0.23166750000000003
5523,1.1270973643560784,-14.4387598358987,-0.2375325
5533,1.1270973643560784,-15.052941199675482,-0.2375325
5543,1.1270973643560784,-15.667122563452264,-0.2375325
5554,1.121997376282069,-17.509666654782702,-0.24926250000000003
5564,1.121997376282069,-18.123848018559485,-0.24339750000000002
5574,1.11179740013405,-19.352210746113098,-0.24926250000000003
5583,1.1066974120600408,-20.580573473666707,-0.24339750000000002
5594,1.1066974120600408,-21.80893620122032,-0.24926250000000003
5604,1.1015974239860313,-22.42311756499715,-0.24926250000000003
5614,1.0964974359120219,-23.651480292550758,-0.24926250000000003
5624,1.0913974478380126,-24.87984302010437,-0.2609925
5635,1.0811974716899937,-24.87984302010437,-0.2551275
5645,1.0760974836159845,-25.49402438388115,-0.2609925
5654,1.0760974836159845,-25.49402438388115,-0.2668575
5665,1.0658975074679655,-24.87984302010437,-0.2551275
5675,1.0658975074679655,-24.26566165632754,-0.2551275
5685,1.0607975193939563,-24.26566165632754,-0.2551275
5695,1.0556975313199466,-24.87984302010437,-0.2609925
5705,1.0505975432459373,-24.87984302010437,-0.24926250000000003
5715,1.0454975551719279,-26.10820574765798,-0.24926250000000003
5725,1.0403975670979184,-26.722387111434763,-0.24926250000000003
5735,1.0352975790239092,-27.950749838988372,-0.24339750000000002
5745,1.0250976028758902,-29.793293930318814,-0.24926250000000003
5755,1.019997614801881,-31.635838021649207,-0.2668575
5766,1.0148976267278715,-30.407475294095594,-0.2551275
5776,1.0046976505798526,-31.021656657872423,-0.2551275
5786,1.0046976505798526,-31.021656657872423,-0.2609925
5795,0.9944976744318338,-29.793293930318814,-0.2551275
5806,0.9893976863578244,-29.793293930318814,-0.24926250000000003
5816,0.9842976982838151,-29.793293930318814,-0.2551275
5826,0.9791977102098056,-29.793293930318814,-0.2551275
5836,0.9689977340617869,-29.179112566541985,-0.2551275
5847,0.9689977340617869,-30.407475294095594,-0.24926250000000003
5856,0.9587977579137681,-31.021656657872423,-0.24926250000000003
5866,0.9587977579137681,-31.635838021649207,-0.2551275
5876,0.9383978056177303,-29.793293930318814,-0.24339750000000002
5886,0.9383978056177303,-32.250019385425986,-0.2551275
5897,0.933297817543721,-31.635838021649207,-0.2551275
5907,0.9230978413957022,-31.635838021649207,-0.2551275
5916,0.9179978533216928,-31.021656657872423,-0.24926250000000003
5926,0.9128978652476835,-31.635838021649207,-0.2551275
5937,0.907797877173674,-31.635838021649207,-0.2551275
5947,0.9026978890996646,-31.635838021649207,-0.2551275
5957,0.8975979010256551,-32.864200749202816,-0.2609925
5967,0.8873979248776364,-32.250019385425986,-0.2609925
5977,0.8822979368036269,-31.635838021649207,-0.2551275
5987,0.8771979487296175,-31.635838021649207,-0.2551275
5997,0.8669979725815987,-31.635838021649207,-0.2668575
6007,0.8669979725815987,-30.407475294095594,-0.2551275
6018,0.85679799643358,-29.793293930318814,-0.2551275
6028,0.8516980083595705,-29.793293930318814,-0.2551275
6037,0.8465980202855612,-30.407475294095594,-0.2551275
6047,0.8414980322115516,-30.407475294095594,-0.2551275
6057,0.8312980560635329,-30.407475294095594,-0.2551275
6068,0.8312980560635329,-31.021656657872423,-0.2551275
6078,0.8210980799155141,-31.021656657872423,-0.2551275
6088,0.8159980918415047,-30.407475294095594,-0.2551275
6098,0.8108981037674953,-30.407475294095594,-0.2609925
6108,0.8006981276194765,-29.179112566541985,-0.2609925
6118,0.7955981395454671,-28.5649312027652,-0.2609925
6128,0.7904981514714576,-27.950749838988372,-0.2609925
6138,0.7904981514714576,-27.336568475211592,-0.2551275
6149,0.7853981633974483,-27.336568475211592,-0.2551275
6159,0.7802981753234389,-27.950749838988372,-0.2551275
6168,0.7751981872494295,-27.950749838988372,-0.2609925
6178,0.77009819917542,-27.950749838988372,-0.2551275
6189,0.7649982111014106,-27.950749838988372,-0.2551275
6199,0.7547982349533918,-27.950749838988372,-0.2551275
6209,0.7496982468793825,-27.336568475211592,-0.2609925
6219,0.7496982468793825,-27.336568475211592,-0.27272250000000003
6230,0.7394982707313636,-25.49402438388115,-0.2609925
6239,0.7394982707313636,-24.26566165632754,-0.2668575
6249,0.7292982945833448,-24.26566165632754,-0.2609925
6259,0.7292982945833448,-23.651480292550758,-0.2668575
6269,0.7292982945833448,-23.03729892877393,-0.2551275
6280,0.7139983303613165,-23.03729892877393,-0.2609925
6290,0.7088983422873072,-21.80893620122032,-0.24926250000000003
6300,0.7139983303613165,-22.42311756499715,-0.2551275
6309,0.7037983542132978,-22.42311756499715,-0.2609925
6320,0.6986983661392885,-21.80893620122032,-0.24926250000000003
6330,0.6986983661392885,-22.42311756499715,-0.2551275
6340,0.693598378065279,-21.80893620122032,-0.2609925
6350,0.6884983899912696,-20.580573473666707,-0.2609925
6361,0.6884983899912696,-20.580573473666707,-0.2668575
6371,0.693598378065279,-19.352210746113098,-0.2609925
6380,0.6884983899912696,-18.123848018559485,0.1026375
6390,0.6884983899912696,-17.509666654782702,0.5307825
6401,0.6833984019172602,-13.824578472121871,0.8474925000000001
6411,0.6884983899912696,-9.525308925684255,1.0703625
6421,0.6884983899912696,-6.454402106800205,1.2404475000000001
6431,0.6884983899912696,-2.769313924139372,1.3636125000000001
6441,0.6833984019172602,1.5299556222982424,1.4574525
6451,0.6884983899912696,3.9866810774054646,1.5161025000000001
6461,0.6884983899912696,5.829225168735857,1.5630225000000002
6471,0.693598378065279,7.671769260066298,1.5982125
6481,0.6884983899912696,8.900131987619908,1.6216725
6492,0.6884983899912696,11.35685744272713,1.6392675
6502,0.6884983899912696,11.971038806503913,1.6568625000000001
6512,0.6833984019172602,13.813582897834353,1.6627275000000001
6521,0.693598378065279,15.656126989164745,1.6685925000000001
6532,0.693598378065279,17.498671080495136,1.6744575000000002
6542,0.6986983661392885,19.95539653560236,1.6744575000000002
6552,0.693598378065279,20.569577899379187,1.6861875000000002
6562,0.7088983422873072,21.7979406269328,1.6861875000000002
6573,0.7088983422873072,21.7979406269328,1.6744575000000002
6583,0.7139983303613165,23.026303354486412,1.6861875000000002
6592,0.7241983065093355,24.25466608204002,1.6920525000000002
6602,0.7292982945833448,24.868847445816805,1.6920525000000002
6612,0.7343982826573542,26.097210173370414,1.6920525000000002
6623,0.7292982945833448,27.939754264700856,1.7037825000000002
6633,0.7496982468793825,26.711391537147243,1.6920525000000002
6643,0.7496982468793825,26.711391537147243,1.6979175000000002
6653,0.7598982230274013,27.325572900924026,1.6920525000000002
6664,0.7649982111014106,26.711391537147243,1.6920525000000002
6673,0.77009819917542,26.711391537147243,1.6920525000000002
6683,0.7751981872494295,26.711391537147243,1.6920525000000002
6693,0.7751981872494295,26.711391537147243,1.6920525000000002
6704,0.7853981633974483,27.325572900924026,1.6920525000000002
6714,0.7955981395454671,29.782298356031248,1.7096475000000002
6724,0.7955981395454671,27.939754264700856,1.6861875000000002
6733,0.8057981156934859,31.624842447361686,1.7037825000000002
6744,0.8159980918415047,28.553935628477635,1.6803225000000002
6754,0.8210980799155141,30.396479719808077,1.6861875000000002
6764,0.8210980799155141,30.396479719808077,1.6920525000000002
6774,0.8261980679895234,30.396479719808077,1.6920525000000002
6785,0.8363980441375423,30.396479719808077,1.6979175000000002
6795,0.8516980083595705,31.010661083584857,1.6979175000000002
6805,0.8516980083595705,30.396479719808077,1.6920525000000002
6814,0.8618979845075894,30.396479719808077,1.6979175000000002
6824,0.8669979725815987,31.010661083584857,1.6920525000000002
6835,0.8720979606556082,31.010661083584857,1.6920525000000002
6845,0.8771979487296175,31.010661083584857,1.6920525000000002
6855,0.8822979368036269,31.624842447361686,1.6920525000000002
6865,0.8924979129516457,31.624842447361686,1.6979175000000002
6876,0.8975979010256551,33.46738653869208,1.7213775000000002
6886,0.9026978890996646,31.010661083584857,1.6979175000000002
6895,0.9128978652476835,32.239023811138466,1.7037825000000002
6905,0.9179978533216928,32.85320517491525,1.7096475000000002
6916,0.9281978294697116,31.010661083584857,1.6920525000000002
6926,0.9281978294697116,31.624842447361686,1.6979175000000002
6936,0.9383978056177303,31.624842447361686,1.7037825000000002
6946,0.9434977936917398,31.624842447361686,1.6979175000000002
6957,0.9485977817657492,31.624842447361686,1.6979175000000002
6966,0.9536977698397587,31.010661083584857,1.6979175000000002
6976,0.9536977698397587,32.85320517491525,1.7213775000000002
6986,0.9689977340617869,30.396479719808077,1.6979175000000002
6996,0.9740977221357963,29.168116992254465,1.6979175000000002
7007,0.9791977102098056,29.782298356031248,1.6979175000000002
7017,0.9842976982838151,29.782298356031248,1.6979175000000002
7027,0.9944976744318338,29.782298356031248,1.6979175000000002
7037,0.9944976744318338,29.782298356031248,1.6920525000000002
7047,1.0046976505798526,29.168116992254465,1.7037825000000002
7057,1.009797638653862,29.168116992254465,1.6979175000000002
7067,1.009797638653862,30.396479719808077,1.7155125000000002
7077,1.0250976028758902,28.553935628477635,1.6979175000000002
7088,1.0301975909498997,27.325572900924026,1.6979175000000002
7098,1.0352975790239092,28.553935628477635,1.7155125000000002
7108,1.0403975670979184,27.325572900924026,1.6979175000000002
7117,1.0352975790239092,27.325572900924026,1.7037825000000002
7128,1.0454975551719279,26.711391537147243,1.7037825000000002
7138,1.0556975313199466,26.711391537147243,1.6979175000000002
7148,1.0556975313199466,26.097210173370414,1.6979175000000002
7158,1.0658975074679655,25.483028809593634,1.6920525000000002
7169,1.070997495541975,26.097210173370414,1.6979175000000002
7179,1.070997495541975,25.483028809593634,1.6979175000000002
7188,1.0760974836159845,24.868847445816805,1.6920525000000002
7198,1.0760974836159845,22.412121990709583,1.6803225000000002
7208,1.0862974597640032,24.868847445816805,1.7155125000000002
7219,1.0964974359120219,22.412121990709583,1.6920525000000002
7229,1.0964974359120219,22.412121990709583,1.6979175000000002
7239,1.1015974239860313,21.7979406269328,1.6979175000000002
7249,1.1066974120600408,21.7979406269328,1.6979175000000002
7260,1.11179740013405,21.18375926315597,1.6920525000000002
7269,1.1168973882080597,21.7979406269328,1.6920525000000002
7279,1.1270973643560784,22.412121990709583,1.6979175000000002
7289,1.1270973643560784,21.18375926315597,1.6979175000000002
7300,1.1270973643560784,21.18375926315597,1.6979175000000002
7310,1.1372973405040971,20.569577899379187,1.6920525000000002
7320,1.1372973405040971,20.569577899379187,1.7037825000000002
7329,1.1423973285781066,20.569577899379187,1.6979175000000002
7340,1.1423973285781066,18.72703380804875,1.6979175000000002
7350,1.147497316652116,18.72703380804875,1.6979175000000002
7360,1.1525973047261253,17.498671080495136,1.6979175000000002
7370,1.1525973047261253,16.270308352941527,1.6979175000000002
7380,1.1576972928001348,15.656126989164745,1.6979175000000002
7391,1.1627972808741442,14.427764261611134,1.2697725000000002
7401,1.1576972928001348,12.585220170280742,0.8709525
7410,1.1525973047261253,10.128494715173519,0.5718375
7420,1.1627972808741442,6.443406532512686,0.34310250000000003
7431,1.1576972928001348,2.7583183498518533,0.17301750000000002
7441,1.1576972928001348,-1.540951196585761,0.06744750000000001
7451,1.1576972928001348,-4.611858015469812,-0.026392500000000003
7461,1.1576972928001348,-7.0685834705770345,-0.08504250000000001
7472,1.1576972928001348,-8.911127561907426,-0.1319625
7482,1.1576972928001348,-10.753671653237866,-0.1671525
7491,1.1576972928001348,-11.36785301701465,-0.1847475
7501,1.1525973047261253,-14.4387598358987,-0.20820750000000002
7512,1.1627972808741442,-14.4387598358987,-0.20820750000000002
7522,1.1627972808741442,-16.281303927229093,-0.22580250000000002
7532,1.1576972928001348,-18.738029382336315,-0.22580250000000002
7542,1.1576972928001348,-20.580573473666707,-0.23166750000000003
7553,1.147497316652116,-22.42311756499715,-0.2375325
7562,1.1423973285781066,-24.26566165632754,-0.24926250000000003
7572,1.1372973405040971,-24.87984302010437,-0.24926250000000003
7582,1.132197352430088,-25.49402438388115,-0.24926250000000003
7592,1.1270973643560784,-27.336568475211592,-0.2551275
7603,1.121997376282069,-26.10820574765798,-0.2551275
7613,1.121997376282069,-26.10820574765798,-0.2551275
7623,1.11179740013405,-27.950749838988372,-0.2551275
7633,1.1066974120600408,-27.950749838988372,-0.2551275
7644,1.0964974359120219,-27.950749838988372,-0.24339750000000002
7653,1.0913974478380126,-29.793293930318814,-0.2551275
7663,1.0862974597640032,-31.021656657872423,-0.2609925
7673,1.0811974716899937,-31.021656657872423,-0.2551275
7684,1.070997495541975,-31.021656657872423,-0.2551275
7694,1.0658975074679655,-32.250019385425986,-0.2609925
7704,1.0607975193939563,-31.635838021649207,-0.2551275
7713,1.0556975313199466,-31.635838021649207,-0.2551275
7724,1.0454975551719279,-31.635838021649207,-0.24926250000000003
7734,1.0403975670979184,-32.250019385425986,-0.24926250000000003
7744,1.0352975790239092,-32.864200749202816,-0.24926250000000003
7754,1.0250976028758902,-34.092563476756425,-0.2551275
7764,1.019997614801881,-34.70674484053321,-0.24926250000000003
7775,1.0148976267278715,-34.70674484053321,-0.2551275
7784,1.009797638653862,-34.70674484053321,-0.2551275
7794,1.0046976505798526,-35.32092620431004,-0.2609925
7804,0.9842976982838151,-32.250019385425986,-0.24339750000000002
7815,0.9893976863578244,-34.092563476756425,-0.2609925
7825,0.9740977221357963,-34.092563476756425,-0.2551275
7835,0.9689977340617869,-34.70674484053321,-0.2551275
7845,0.9638977459877774,-35.32092620431004,-0.2551275
7855,0.9536977698397587,-35.93510756808682,-0.2609925
7865,0.9485977817657492,-35.93510756808682,-0.2609925
7875,0.9383978056177303,-35.32092620431004,-0.2609925
7885,0.933297817543721,-35.93510756808682,-0.2551275
7896,0.9281978294697116,-34.70674484053321,-0.2551275
7906,0.9230978413957022,-35.32092620431004,-0.2551275
7916,0.9128978652476835,-35.32092620431004,-0.2551275
7926,0.9026978890996646,-34.70674484053321,-0.2551275
7936,0.8975979010256551,-35.32092620431004,-0.24926250000000003
7946,0.8924979129516457,-35.32092620431004,-0.2609925
7956,0.8873979248776364,-35.93510756808682,-0.2551275
7966,0.8771979487296175,-35.32092620431004,-0.2551275
7976,0.8720979606556082,-35.32092620431004,-0.2551275
7987,0.8618979845075894,-34.092563476756425,-0.2551275
7997,0.85679799643358,-34.092563476756425,-0.2668575
8007,0.8516980083595705,-33.478382112979595,-0.2551275
8016,0.8516980083595705,-33.478382112979595,-0.2609925
8027,0.8363980441375423,-33.478382112979595,-0.2551275
8037,0.8312980560635329,-32.864200749202816,-0.24339750000000002
8047,0.8210980799155141,-34.092563476756425,-0.2609925
8057,0.8159980918415047,-34.092563476756425,-0.2551275
8068,0.8108981037674953,-34.092563476756425,-0.2668575
8078,0.8057981156934859,-32.864200749202816,-0.2609925
8088,0.8006981276194765,-32.864200749202816,-0.2609925
8098,0.7955981395454671,-31.635838021649207,-0.2609925
8108,0.7853981633974483,-32.250019385425986,-0.2609925
8118,0.7802981753234389,-31.635838021649207,-0.2551275
8128,0.77009819917542,-31.635838021649207,-0.2609925
8138,0.77009819917542,-31.635838021649207,-0.2551275
8148,0.7649982111014106,-31.635838021649207,-0.2551275
8159,0.7547982349533918,-31.635838021649207,-0.2551275
8169,0.7496982468793825,-31.021656657872423,-0.2609925
8178,0.744598258805373,-30.407475294095594,-0.2551275
8188,0.7394982707313636,-29.793293930318814,-0.2609925
8199,0.7343982826573542,-29.179112566541985,-0.2609925
8209,0.7292982945833448,-27.950749838988372,-0.2609925
8219,0.719098318435326,-26.722387111434763,-0.24339750000000002
8229,0.719098318435326,-26.722387111434763,-0.2551275
8239,0.719098318435326,-26.722387111434763,-0.2551275
8249,0.7139983303613165,-26.722387111434763,-0.2551275
8259,0.7037983542132978,-27.336568475211592,-0.2609925
8269,0.693598378065279,-26.722387111434763,-0.2551275
8280,0.693598378065279,-26.10820574765798,-0.2609925
8290,0.6884983899912696,-25.49402438388115,-0.2609925
8300,0.6833984019172602,-24.26566165632754,-0.2551275
8310,0.6782984138432508,-25.49402438388115,-0.27858750000000004
8320,0.6782984138432508,-22.42311756499715,-0.2609925
8330,0.6731984257692414,-22.42311756499715,-0.2668575
8340,0.668098437695232,-20.580573473666707,-0.2551275
8350,0.668098437695232,-19.966392109889924,-0.2551275
8360,0.6629984496212226,-19.966392109889924,-0.2551275
8371,0.6578984615472131,-19.352210746113098,-0.2551275
8380,0.6578984615472131,-19.352210746113098,-0.2551275
8390,0.6578984615472131,-19.966392109889924,-0.2551275
8400,0.6527984734732037,-19.966392109889924,0.1495575
8411,0.6527984734732037,-17.509666654782702,0.5542425000000001
8421,0.6476984853991944,-13.21039710834509,0.8709525
8431,0.6476984853991944,-12.59621574456826,1.0820925000000001
8441,0.6527984734732037,-9.525308925684255,1.2404475000000001
8452,0.6527984734732037,-4.611858015469812,1.3870725000000002
8461,0.6527984734732037,-1.540951196585761,1.4750475
8471,0.6578984615472131,0.9157742585214133,1.5219675000000001
8481,0.6578984615472131,3.372499713628635,1.5747525000000002
8492,0.6527984734732037,5.829225168735857,1.6099425
8502,0.6476984853991944,5.829225168735857,1.6216725
8512,0.6527984734732037,7.057587896289468,1.6451325
8522,0.6527984734732037,8.900131987619908,1.6627275000000001
8531,0.6476984853991944,10.128494715173519,1.6744575000000002
8542,0.6527984734732037,10.128494715173519,1.6744575000000002
8552,0.6527984734732037,10.128494715173519,1.6685925000000001
8562,0.6527984734732037,12.585220170280742,1.6627275000000001
8572,0.6578984615472131,15.041945625387964,1.6861875000000002
8583,0.6578984615472131,15.656126989164745,1.6803225000000002
8593,0.6629984496212226,16.884489716718356,1.6861875000000002
8603,0.668098437695232,18.112852444271965,1.6803225000000002
8613,0.6731984257692414,19.95539653560236,1.6803225000000002
8623,0.6731984257692414,23.026303354486412,1.7037825000000002
8633,0.6833984019172602,22.412121990709583,1.6979175000000002
8643,0.693598378065279,21.7979406269328,1.6861875000000002
8653,0.693598378065279,23.026303354486412,1.6979175000000002
8664,0.6986983661392885,23.640484718263192,1.6979175000000002
8674,0.6986983661392885,23.026303354486412,1.6979175000000002
8684,0.7088983422873072,23.640484718263192,1.6979175000000002
8694,0.7088983422873072,23.026303354486412,1.6979175000000002
8704,0.719098318435326,23.640484718263192,1.6920525000000002
8714,0.7241983065093355,24.25466608204002,1.6920525000000002
8724,0.7241983065093355,24.868847445816805,1.6861875000000002
8734,0.7343982826573542,26.711391537147243,1.6861875000000002
8744,0.7394982707313636,26.711391537147243,1.6861875000000002
8755,0.744598258805373,27.939754264700856,1.6920525000000002
8765,0.7496982468793825,27.939754264700856,1.6920525000000002
8774,0.7598982230274013,28.553935628477635,1.6920525000000002
8784,0.7649982111014106,28.553935628477635,1.6920525000000002
8795,0.77009819917542,28.553935628477635,1.6920525000000002
8805,0.7751981872494295,27.939754264700856,1.6861875000000002
8815,0.7802981753234389,28.553935628477635,1.6920525000000002
8825,0.7802981753234389,27.939754264700856,1.6920525000000002
8835,0.7853981633974483,27.939754264700856,1.6861875000000002
8845,0.8006981276194765,29.168116992254465,1.6861875000000002
8855,0.8057981156934859,28.553935628477635,1.6861875000000002
8865,0.8159980918415047,29.782298356031248,1.6920525000000002
8876,0.8210980799155141,29.168116992254465,1.6861875000000002
8886,0.8261980679895234,30.396479719808077,1.6920525000000002
8896,0.8261980679895234,29.782298356031248,1.6920525000000002
8905,0.8363980441375423,30.396479719808077,1.7155125000000002
8915,0.8414980322115516,30.396479719808077,1.7037825000000002
8926,0.8516980083595705,30.396479719808077,1.6979175000000002
8936,0.85679799643358,31.010661083584857,1.6979175000000002
8946,0.8618979845075894,31.624842447361686,1.6920525000000002
8956,0.8618979845075894,33.46738653869208,1.7096475000000002
8967,0.8720979606556082,32.85320517491525,1.7096475000000002
8976,0.8822979368036269,34.08156790246886,1.7155125000000002
8986,0.8924979129516457,31.624842447361686,1.6920525000000002
8996,0.8975979010256551,34.08156790246886,1.7213775000000002
9007,0.9026978890996646,31.624842447361686,1.7037825000000002
9017,0.907797877173674,31.010661083584857,1.6920525000000002
9027,0.9179978533216928,30.396479719808077,1.6920525000000002
9037,0.9179978533216928,31.010661083584857,1.7037825000000002
9048,0.9230978413957022,32.85320517491525,1.7155125000000002
9058,0.9383978056177303,31.010661083584857,1.6979175000000002
9067,0.9434977936917398,30.396479719808077,1.6920525000000002
9077,0.9485977817657492,32.85320517491525,1.7155125000000002
9088,0.9536977698397587,30.396479719808077,1.6979175000000002
9098,0.9587977579137681,30.396479719808077,1.6979175000000002
9108,0.9638977459877774,31.624842447361686,1.7155125000000002
9118,0.9791977102098056,29.782298356031248,1.7037825000000002
9128,0.9791977102098056,29.168116992254465,1.6920525000000002
9138,0.9842976982838151,29.168116992254465,1.6920525000000002
9148,0.9893976863578244,29.168116992254465,1.6979175000000002
9158,0.9944976744318338,29.168116992254465,1.6920525000000002
9168,0.9995976625058431,28.553935628477635,1.6979175000000002
9179,1.0046976505798526,31.010661083584857,1.7213775000000002
9189,1.0148976267278715,27.939754264700856,1.6979175000000002
9199,1.0250976028758902,27.939754264700856,1.6979175000000002
9208,1.0250976028758902,27.325572900924026,1.6979175000000002
9219,1.0352975790239092,28.553935628477635,1.7155125000000002
9229,1.0403975670979184,26.097210173370414,1.6920525000000002
9239,1.0403975670979184,26.097210173370414,1.6979175000000002
9249,1.0454975551719279,26.097210173370414,1.6979175000000002
9260,1.0505975432459373,27.325572900924026,1.7096475000000002
9270,1.0607975193939563,26.097210173370414,1.6979175000000002
9279,1.0607975193939563,25.483028809593634,1.7155125000000002
9289,1.070997495541975,26.097210173370414,1.6979175000000002
9299,1.0760974836159845,25.483028809593634,1.6979175000000002
9310,1.0811974716899937,26.097210173370414,1.7037825000000002
9320,1.0862974597640032,24.25466608204002,1.6979175000000002
9330,1.0913974478380126,23.640484718263192,1.6979175000000002
9339,1.0913974478380126,22.412121990709583,1.6979175000000002
9350,1.0964974359120219,24.25466608204002,1.7155125000000002
9360,1.1015974239860313,21.18375926315597,1.6920525000000002
9370,1.1066974120600408,21.18375926315597,1.6979175000000002
9380,1.11179740013405,20.569577899379187,1.6861875000000002
9391,1.11179740013405,21.7979406269328,1.6979175000000002
9401,1.121997376282069,21.18375926315597,1.6979175000000002
9410,1.121997376282069,21.18375926315597,1.2404475000000001
9420,1.121997376282069,19.341215171825578,0.8533575000000001
9431,1.121997376282069,15.656126989164745,0.5601075000000001
9441,1.121997376282069,11.971038806503913,0.34310250000000003
9451,1.1270973643560784,8.285950623843078,0.1847475
9461,1.1270973643560784,5.215043804959075,0.061582500000000005
9472,1.121997376282069,-0.9267698328089794,-0.026392500000000003
9482,1.121997376282069,-3.997676651692983,-0.08504250000000001
9491,1.1270973643560784,-6.454402106800205,-0.1319625
9501,1.121997376282069,-8.296946198130644,-0.1671525
9511,1.121997376282069,-9.525308925684255,-0.19061250000000002
9522,1.1270973643560784,-10.139490289461039,-0.20820750000000002
9532,1.121997376282069,-11.36785301701465,-0.22580250000000002
9542,1.1270973643560784,-11.36785301701465,-0.22580250000000002
9552,1.1270973643560784,-12.59621574456826,-0.2375325
9563,1.121997376282069,-12.59621574456826,-0.2375325
9572,1.1270973643560784,-13.824578472121871,-0.2375325
9582,1.121997376282069,-15.052941199675482,-0.24339750000000002
9592,1.1168973882080597,-16.281303927229093,-0.24926250000000003
9603,1.121997376282069,-17.509666654782702,-0.2551275
9613,1.1066974120600408,-18.738029382336315,-0.24926250000000003
9623,1.1066974120600408,-19.352210746113098,-0.24926250000000003
9633,1.1015974239860313,-19.352210746113098,-0.22580250000000002
9643,1.0964974359120219,-22.42311756499715,-0.2551275
9653,1.0964974359120219,-23.651480292550758,-0.2551275
9663,1.0913974478380126,-24.26566165632754,-0.24926250000000003
9673,1.0811974716899937,-24.26566165632754,-0.2551275
9683,1.070997495541975,-24.26566165632754,-0.2668575
9694,1.0760974836159845,-24.26566165632754,-0.2551275
9704,1.0760974836159845,-23.651480292550758,-0.2551275
9714,1.0658975074679655,-24.26566165632754,-0.2609925
9723,1.0607975193939563,-23.651480292550758,-0.2551275
9734,1.0556975313199466,-23.03729892877393,-0.2551275
9744,1.0505975432459373,-24.87984302010437,-0.2551275
9754,1.0454975551719279,-25.49402438388115,-0.24926250000000003
9764,1.0403975670979184,-25.49402438388115,-0.24926250000000003
9775,1.0250976028758902,-27.950749838988372,-0.2551275
9784,1.0250976028758902,-27.950749838988372,-0.24926250000000003
9794,1.0250976028758902,-29.179112566541985,-0.24926250000000003
9804,1.0148976267278715,-30.407475294095594,-0.2551275
9815,1.009797638653862,-29.793293930318814,-0.2551275
9825,0.9995976625058431,-30.407475294095594,-0.2609925
9835,0.9944976744318338,-29.793293930318814,-0.2609925
9845,0.9944976744318338,-29.179112566541985,-0.2609925
9854,0.9842976982838151,-28.5649312027652,-0.2551275
9865,0.9791977102098056,-29.179112566541985,-0.2551275
9875,0.9740977221357963,-29.179112566541985,-0.24926250000000003
9885,0.9689977340617869,-30.407475294095594,-0.2551275
9895,0.9587977579137681,-29.793293930318814,-0.24926250000000003
9906,0.9536977698397587,-31.635838021649207,-0.2609925
9916,0.9434977936917398,-31.021656657872423,-0.2609925
9926,0.9434977936917398,-31.635838021649207,-0.2551275
9936,0.933297817543721,-31.021656657872423,-0.2551275
9946,0.9281978294697116,-31.021656657872423,-0.2551275
9956,0.9230978413957022,-31.021656657872423,-0.2551275
9966,0.9179978533216928,-31.021656657872423,-0.2551275
9976,0.9128978652476835,-31.021656657872423,-0.24926250000000003
9987,0.9026978890996646,-31.635838021649207,-0.24926250000000003
9997,0.8975979010256551,-32.250019385425986,-0.2551275
10007,0.8924979129516457,-32.250019385425986,-0.2551275
10016,0.8822979368036269,-32.250019385425986,-0.2609925
10027,0.8822979368036269,-32.250019385425986,-0.2609925
10037,0.8720979606556082,-32.250019385425986,-0.2609925
10047,0.8669979725815987,-31.021656657872423,-0.2551275
10057,0.8618979845075894,-30.407475294095594,-0.2551275
10067,0.8516980083595705,-30.407475294095594,-0.2551275
10078,0.8465980202855612,-30.407475294095594,-0.2551275
10088,0.8414980322115516,-31.021656657872423,-0.2551275
10098,0.8312980560635329,-29.793293930318814,-0.24339750000000002
10107,0.8261980679895234,-31.021656657872423,-0.2609925
10118,0.8159980918415047,-31.021656657872423,-0.2609925
10128,0.8210980799155141,-31.021656657872423,-0.2551275
10138,0.8108981037674953,-31.021656657872423,-0.2551275
10148,0.8006981276194765,-29.793293930318814,-0.2551275
10159,0.7955981395454671,-29.179112566541985,-0.2668575
10169,0.7955981395454671,-28.5649312027652,-0.2609925
10178,0.7853981633974483,-27.950749838988372,-0.2551275
10188,0.7802981753234389,-28.5649312027652,-0.2551275
10199,0.7802981753234389,-28.5649312027652,-0.2609925
10209,0.77009819917542,-27.950749838988372,-0.2551275
10219,0.7649982111014106,-28.5649312027652,-0.2609925
10229,0.7547982349533918,-29.179112566541985,-0.2609925
10240,0.7547982349533918,-28.5649312027652,-0.2551275
10249,0.7496982468793825,-28.5649312027652,-0.2551275
10259,0.744598258805373,-27.336568475211592,-0.2609925
10269,0.7394982707313636,-26.722387111434763,-0.2551275
10279,0.7343982826573542,-25.49402438388115,-0.2609925
10290,0.7292982945833448,-25.49402438388115,-0.2609925
10300,0.7292982945833448,-24.26566165632754,-0.2609925
10309,0.719098318435326,-24.87984302010437,-0.2609925
10319,0.719098318435326,-24.26566165632754,-0.2551275
10330,0.7139983303613165,-24.26566165632754,-0.2551275
10340,0.6986983661392885,-22.42311756499715,-0.24339750000000002
10350,0.693598378065279,-23.651480292550758,-0.2551275
10360,0.6986983661392885,-23.651480292550758,-0.2609925
10371,0.693598378065279,-23.03729892877393,-0.2551275
10380,0.693598378065279,-22.42311756499715,-0.2609925
10390,0.6884983899912696,-21.80893620122032,-0.2609925
10400,0.6833984019172602,-20.580573473666707,-0.2609925
10411,0.6884983899912696,-20.580573473666707,-0.2609925
10421,0.6782984138432508,-18.738029382336315,0.1026375
10431,0.6833984019172602,-17.509666654782702,0.5249175
10441,0.6782984138432508,-13.21039710834509,0.8357625000000001
10450,0.6782984138432508,-10.753671653237866,1.0644975
10461,0.6833984019172602,-5.840220743023424,1.2345825000000001
10471,0.6782984138432508,-2.769313924139372,1.3577475
10481,0.6782984138432508,-0.3125884690321501,1.4457225
10491,0.6833984019172602,3.9866810774054646,1.5161025000000001
10502,0.6833984019172602,5.829225168735857,1.5688875000000002
10511,0.6782984138432508,8.900131987619908,1.6158075
10521,0.6833984019172602,8.285950623843078,1.6216725
10531,0.6782984138432508,9.514313351396689,1.6392675
10542,0.6782984138432508,10.742676078950302,1.6509975000000001
10552,0.6782984138432508,13.199401534057523,1.6627275000000001
10562,0.6782984138432508,15.041945625387964,1.6685925000000001
10572,0.6833984019172602,16.270308352941527,1.6744575000000002
10583,0.693598378065279,18.72703380804875,1.6803225000000002
10592,0.693598378065279,19.95539653560236,1.6744575000000002
10602,0.693598378065279,22.412121990709583,1.6920525000000002
10612,0.7037983542132978,24.25466608204002,1.6979175000000002
10622,0.7088983422873072,23.640484718263192,1.6861875000000002
10633,0.7088983422873072,23.026303354486412,1.6920525000000002
10643,0.7241983065093355,23.640484718263192,1.6920525000000002
10653,0.7343982826573542,24.25466608204002,1.6920525000000002
10663,0.7292982945833448,24.868847445816805,1.6920525000000002
10673,0.7343982826573542,24.868847445816805,1.6920525000000002
10683,0.744598258805373,25.483028809593634,1.6920525000000002
10693,0.7496982468793825,25.483028809593634,1.6861875000000002
10703,0.7496982468793825,27.939754264700856,1.7037825000000002
10714,0.7598982230274013,26.711391537147243,1.6979175000000002
10724,0.7598982230274013,28.553935628477635,1.7155125000000002
10733,0.77009819917542,26.711391537147243,1.6920525000000002
10743,0.7751981872494295,27.325572900924026,1.6979175000000002
10754,0.7802981753234389,26.711391537147243,1.6920525000000002
10764,0.7802981753234389,27.325572900924026,1.6979175000000002
10774,0.7904981514714576,28.553935628477635,1.6979175000000002
10784,0.8006981276194765,29.168116992254465,1.6920525000000002
10795,0.8057981156934859,31.010661083584857,1.7096475000000002
10804,0.8108981037674953,30.396479719808077,1.6979175000000002
10814,0.8210980799155141,30.396479719808077,1.6979175000000002
10824,0.8261980679895234,28.553935628477635,1.7037825000000002
10834,0.8312980560635329,29.782298356031248,1.6979175000000002
10845,0.8363980441375423,29.782298356031248,1.6979175000000002
10855,0.8414980322115516,29.782298356031248,1.6979175000000002
10865,0.8516980083595705,29.782298356031248,1.6920525000000002
10874,0.8516980083595705,31.624842447361686,1.7155125000000002
10885,0.8618979845075894,29.782298356031248,1.6861875000000002
10895,0.8720979606556082,30.396479719808077,1.6920525000000002
10905,0.8771979487296175,32.239023811138466,1.7155125000000002
10915,0.8771979487296175,29.168116992254465,1.6920525000000002
10926,0.8771979487296175,30.396479719808077,1.6979175000000002
10935,0.8924979129516457,30.396479719808077,1.6979175000000002
10945,0.8975979010256551,29.782298356031248,1.6979175000000002
10955,0.9026978890996646,32.239023811138466,1.7213775000000002
10966,0.9026978890996646,29.168116992254465,1.6920525000000002
10976,0.9179978533216928,30.396479719808077,1.7213775000000002
10986,0.9230978413957022,30.396479719808077,1.6979175000000002
10996,0.933297817543721,30.396479719808077,1.6920525000000002
11006,0.9383978056177303,31.010661083584857,1.6979175000000002
11016,0.9434977936917398,30.396479719808077,1.6979175000000002
11026,0.9434977936917398,31.624842447361686,1.7096475000000002
11036,0.9536977698397587,30.396479719808077,1.7037825000000002
11046,0.9587977579137681,29.782298356031248,1.6979175000000002
11057,0.9638977459877774,29.168116992254465,1.6979175000000002
11067,0.9740977221357963,28.553935628477635,1.6979175000000002
11077,0.9791977102098056,29.168116992254465,1.6979175000000002
11086,0.9791977102098056,30.396479719808077,1.7155125000000002
11097,0.9944976744318338,29.168116992254465,1.6979175000000002
11107,0.9944976744318338,28.553935628477635,1.6920525000000002
11117,1.0046976505798526,28.553935628477635,1.6920525000000002
11127,1.009797638653862,29.168116992254465,1.6979175000000002
11138,1.0148976267278715,27.939754264700856,1.6920525000000002
11148,1.0250976028758902,27.939754264700856,1.7037825000000002
11157,1.0250976028758902,26.711391537147243,1.6920525000000002
11167,1.0301975909498997,26.711391537147243,1.6979175000000002
11177,1.0352975790239092,27.325572900924026,1.7037825000000002
11188,1.0403975670979184,25.483028809593634,1.6920525000000002
11198,1.0454975551719279,27.325572900924026,1.7096475000000002
11208,1.0454975551719279,24.868847445816805,1.6861875000000002
11218,1.0607975193939563,25.483028809593634,1.6979175000000002
11228,1.0658975074679655,25.483028809593634,1.6979175000000002
11238,1.070997495541975,25.483028809593634,1.6920525000000002
11248,1.0760974836159845,25.483028809593634,1.6979175000000002
11258,1.0811974716899937,25.483028809593634,1.6979175000000002
11269,1.0862974597640032,24.25466608204002,1.6979175000000002
11279,1.0862974597640032,24.25466608204002,1.6979175000000002
11289,1.0862974597640032,22.412121990709583,1.6979175000000002
11298,1.0964974359120219,22.412121990709583,1.6979175000000002
11309,1.1066974120600408,21.7979406269328,1.6979175000000002
11319,1.1066974120600408,21.7979406269328,1.6979175000000002
11329,1.1066974120600408,21.18375926315597,1.6920525000000002
11339,1.11179740013405,22.412121990709583,1.7037825000000002
11350,1.121997376282069,21.18375926315597,1.6920525000000002
11360,1.1270973643560784,21.18375926315597,1.6979175000000002
11369,1.132197352430088,21.18375926315597,1.7037825000000002
11379,1.132197352430088,21.18375926315597,1.6979175000000002
11389,1.1423973285781066,19.95539653560236,1.6979175000000002
11400,1.147497316652116,19.95539653560236,1.6920525000000002
11410,1.147497316652116,18.72703380804875,1.7037825000000002
11420,1.147497316652116,18.72703380804875,1.7037825000000002
11429,1.1525973047261253,16.884489716718356,1.2580425000000002
11440,1.1525973047261253,15.041945625387964,0.8650875
11450,1.1525973047261253,11.971038806503913,0.5659725
11460,1.1525973047261253,8.285950623843078,0.34310250000000003
11470,1.1525973047261253,4.6008624411822465,0.1788825
11481,1.1525973047261253,-0.3125884690321501,0.061582500000000005
11491,1.1525973047261253,-3.997676651692983,-0.026392500000000003
11500,1.1525973047261253,-7.0685834705770345,-0.08504250000000001
11510,1.147497316652116,-8.911127561907426,-0.1319625
11521,1.1525973047261253,-10.139490289461039,-0.1612875
11531,1.1525973047261253,-11.982034380791479,-0.19061250000000002
11541,1.1525973047261253,-13.824578472121871,-0.19647750000000003
11551,1.1525973047261253,-15.667122563452264,-0.21407250000000003
11561,1.147497316652116,-17.509666654782702,-0.22580250000000002
11572,1.1423973285781066,-19.352210746113098,-0.23166750000000003
11581,1.147497316652116,-20.580573473666707,-0.2375325
11591,1.1423973285781066,-21.80893620122032,-0.2375325
11601,1.132197352430088,-23.03729892877393,-0.24926250000000003
11612,1.1270973643560784,-24.26566165632754,-0.24339750000000002
11622,1.121997376282069,-24.26566165632754,-0.24926250000000003
11632,1.1168973882080597,-25.49402438388115,-0.24339750000000002
11642,1.11179740013405,-25.49402438388115,-0.24926250000000003
11652,1.1066974120600408,-26.722387111434763,-0.2551275
11662,1.1015974239860313,-28.5649312027652,-0.2551275
11672,1.0964974359120219,-28.5649312027652,-0.24926250000000003
11682,1.0913974478380126,-29.179112566541985,-0.24926250000000003
11693,1.0760974836159845,-30.407475294095594,-0.2609925
11703,1.0811974716899937,-30.407475294095594,-0.2551275
11713,1.0760974836159845,-30.407475294095594,-0.2551275
11722,1.0607975193939563,-30.407475294095594,-0.2609925
11732,1.0556975313199466,-31.021656657872423,-0.2609925
11743,1.0505975432459373,-30.407475294095594,-0.2609925
11753,1.0454975551719279,-30.407475294095594,-0.2551275
11763,1.0403975670979184,-31.021656657872423,-0.24926250000000003
11773,1.0301975909498997,-32.250019385425986,-0.2551275
11784,1.0250976028758902,-33.478382112979595,-0.24926250000000003
11793,1.019997614801881,-34.092563476756425,-0.24926250000000003
11803,1.0148976267278715,-34.092563476756425,-0.24926250000000003
11813,1.0046976505798526,-34.092563476756425,-0.2551275
11824,0.9995976625058431,-34.70674484053321,-0.2551275
11834,0.9944976744318338,-34.092563476756425,-0.2551275
11844,0.9842976982838151,-34.092563476756425,-0.2609925
11854,0.9791977102098056,-34.092563476756425,-0.24926250000000003
11864,0.9689977340617869,-35.32092620431004,-0.2551275
11874,0.9638977459877774,-34.70674484053321,-0.2609925
11884,0.9587977579137681,-35.32092620431004,-0.24926250000000003
11894,0.9485977817657492,-34.70674484053321,-0.2551275
11905,0.9434977936917398,-35.32092620431004,-0.2609925
11915,0.933297817543721,-34.092563476756425,-0.2551275
11925,0.9230978413957022,-35.32092620431004,-0.2609925
11934,0.9179978533216928,-34.70674484053321,-0.2551275
11944,0.9128978652476835,-34.70674484053321,-0.2551275
11955,0.907797877173674,-34.70674484053321,-0.24926250000000003
11965,0.8975979010256551,-35.32092620431004,-0.24926250000000003
11975,0.8822979368036269,-37.16347029564043,-0.2668575
11985,0.8822979368036269,-35.32092620431004,-0.2551275
11996,0.8669979725815987,-34.092563476756425,-0.24339750000000002
12005,0.8720979606556082,-35.32092620431004,-0.2609925
12015,0.8720979606556082,-34.092563476756425,-0.2551275
12025,0.85679799643358,-34.092563476756425,-0.2551275
12036,0.8465980202855612,-33.478382112979595,-0.24339750000000002
12046,0.8414980322115516,-33.478382112979595,-0.2551275
12056,0.8363980441375423,-33.478382112979595,-0.2609925
12066,0.8261980679895234,-34.092563476756425,-0.2609925
12077,0.8261980679895234,-34.092563476756425,-0.2551275
12087,0.8159980918415047,-34.092563476756425,-0.2551275
12096,0.8108981037674953,-33.478382112979595,-0.2551275
12106,0.8057981156934859,-33.478382112979595,-0.2551275
12116,0.7955981395454671,-31.635838021649207,-0.24926250000000003
12127,0.7904981514714576,-32.250019385425986,-0.2609925
12137,0.7853981633974483,-32.864200749202816,-0.2609925
12147,0.7802981753234389,-31.021656657872423,-0.2609925
12157,0.7751981872494295,-31.635838021649207,-0.24926250000000003
12168,0.7649982111014106,-32.250019385425986,-0.2609925
12177,0.7598982230274013,-32.250019385425986,-0.2551275
12187,0.7547982349533918,-31.635838021649207,-0.2551275
12197,0.744598258805373,-31.021656657872423,-0.2551275
12208,0.7394982707313636,-30.407475294095594,-0.2609925
12218,0.7343982826573542,-27.950749838988372,-0.2551275
12228,0.7343982826573542,-28.5649312027652,-0.2551275
12237,0.7292982945833448,-27.950749838988372,-0.2609925
12248,0.7241983065093355,-27.336568475211592,-0.2609925
12258,0.719098318435326,-26.722387111434763,-0.2551275
12268,0.7139983303613165,-26.722387111434763,-0.2609925
12278,0.7037983542132978,-26.10820574765798,-0.24926250000000003
12289,0.7037983542132978,-26.10820574765798,-0.2551275
12299,0.6986983661392885,-26.10820574765798,-0.2551275
12308,0.6884983899912696,-26.10820574765798,-0.2609925
12318,0.6833984019172602,-25.49402438388115,-0.2668575
12328,0.6782984138432508,-23.651480292550758,-0.2609925
12339,0.6782984138432508,-24.26566165632754,-0.27272250000000003
12349,0.6731984257692414,-23.03729892877393,-0.2609925
12359,0.6731984257692414,-21.80893620122032,-0.2609925
12369,0.668098437695232,-21.194754837443536,-0.2609925
12379,0.668098437695232,-19.966392109889924,-0.2551275
12389,0.6629984496212226,-20.580573473666707,-0.2668575
12399,0.6578984615472131,-19.966392109889924,-0.2609925
12409,0.6527984734732037,-19.352210746113098,-0.2551275
12420,0.6476984853991944,-19.966392109889924,-0.2609925
12430,0.6476984853991944,-19.966392109889924,-0.2609925
12439,0.642598497325185,-18.738029382336315,0.1612875
12449,0.6476984853991944,-17.509666654782702,0.5601075000000001
12460,0.6476984853991944,-12.59621574456826,0.8709525
12470,0.6476984853991944,-9.525308925684255,1.0879575000000001
12480,0.6476984853991944,-7.0685834705770345,1.2404475000000001
12490,0.6476984853991944,-2.15513256036259,1.3753425000000001
12500,0.6527984734732037,0.9157742585214133,1.4574525
12510,0.6476984853991944,3.9866810774054646,1.5278325000000001
12520,0.6476984853991944,5.829225168735857,1.5747525000000002
12530,0.6476984853991944,7.057587896289468,1.6099425
12540,0.6476984853991944,7.671769260066298,1.6334025
12551,0.6476984853991944,8.285950623843078,1.6451325
12561,0.6476984853991944,8.900131987619908,1.6627275000000001
12571,0.6578984615472131,9.514313351396689,1.6685925000000001
12580,0.6476984853991944,9.514313351396689,1.6685925000000001
12591,0.6476984853991944,10.742676078950302,1.6744575000000002
12601,0.6527984734732037,11.971038806503913,1.6744575000000002
12611,0.6527984734732037,13.199401534057523,1.6803225000000002
12621,0.6527984734732037,13.199401534057523,1.6803225000000002
12632,0.6578984615472131,16.884489716718356,1.6979175000000002
12641,0.668098437695232,16.270308352941527,1.6861875000000002
12651,0.668098437695232,18.112852444271965,1.6920525000000002
12661,0.6629984496212226,18.112852444271965,1.6920525000000002
12672,0.6782984138432508,19.341215171825578,1.6920525000000002
12682,0.6782984138432508,19.95539653560236,1.6861875000000002
12692,0.6833984019172602,21.18375926315597,1.6920525000000002
12702,0.693598378065279,21.18375926315597,1.7037825000000002
12712,0.693598378065279,20.569577899379187,1.6803225000000002
12722,0.6986983661392885,22.412121990709583,1.6861875000000002
12732,0.7037983542132978,21.7979406269328,1.6979175000000002
12742,0.7037983542132978,21.7979406269328,1.6979175000000002
12752,0.7088983422873072,21.7979406269328,1.6920525000000002
12763,0.7139983303613165,24.25466608204002,1.7096475000000002
12773,0.719098318435326,22.412121990709583,1.6861875000000002
12782,0.7292982945833448,24.25466608204002,1.6920525000000002
12792,0.7292982945833448,25.483028809593634,1.6979175000000002
12803,0.7343982826573542,26.711391537147243,1.6979175000000002
12813,0.744598258805373,26.711391537147243,1.6920525000000002
12823,0.7496982468793825,27.325572900924026,1.6979175000000002
12833,0.7547982349533918,28.553935628477635,1.6979175000000002
12844,0.7598982230274013,27.325572900924026,1.6920525000000002
12854,0.77009819917542,27.939754264700856,1.7037825000000002
12863,0.7751981872494295,27.939754264700856,1.7037825000000002
12873,0.7853981633974483,27.939754264700856,1.6979175000000002
12883,0.7853981633974483,27.325572900924026,1.6861875000000002
12894,0.7853981633974483,29.168116992254465,1.7037825000000002
12904,0.7955981395454671,27.939754264700856,1.6920525000000002
12914,0.8057981156934859,28.553935628477635,1.6861875000000002
12924,0.8108981037674953,29.168116992254465,1.6920525000000002
12934,0.8108981037674953,28.553935628477635,1.6861875000000002
12944,0.8159980918415047,31.010661083584857,1.7096475000000002
12954,0.8261980679895234,29.782298356031248,1.6920525000000002
12964,0.8363980441375423,31.010661083584857,1.6979175000000002
12975,0.8414980322115516,30.396479719808077,1.7037825000000002
12985,0.8465980202855612,31.010661083584857,1.6979175000000002
12994,0.8516980083595705,30.396479719808077,1.6979175000000002
13004,0.8618979845075894,30.396479719808077,1.6861875000000002
13015,0.8720979606556082,32.239023811138466,1.7037825000000002
13025,0.8720979606556082,31.624842447361686,1.6979175000000002
13035,0.8771979487296175,31.624842447361686,1.6979175000000002
13045,0.8873979248776364,31.624842447361686,1.6979175000000002
13056,0.8975979010256551,31.624842447361686,1.7037825000000002
13066,0.8975979010256551,31.010661083584857,1.6979175000000002
13075,0.9026978890996646,32.239023811138466,1.7096475000000002
13085,0.9179978533216928,30.396479719808077,1.6979175000000002
13095,0.9179978533216928,30.396479719808077,1.6920525000000002
13106,0.9230978413957022,31.624842447361686,1.6979175000000002
13116,0.933297817543721,31.624842447361686,1.7037825000000002
13126,0.9383978056177303,31.010661083584857,1.6920525000000002
13136,0.9434977936917398,31.010661083584857,1.6979175000000002
13147,0.9536977698397587,31.010661083584857,1.6979175000000002
13156,0.9536977698397587,30.396479719808077,1.6979175000000002
13166,0.9536977698397587,29.782298356031248,1.6979175000000002
13176,0.9689977340617869,29.782298356031248,1.6979175000000002
13187,0.9740977221357963,28.553935628477635,1.6920525000000002
13197,0.9791977102098056,30.396479719808077,1.7037825000000002
13207,0.9893976863578244,29.168116992254465,1.6920525000000002
13217,0.9893976863578244,31.624842447361686,1.7096475000000002
13227,0.9995976625058431,29.168116992254465,1.6920525000000002
13237,1.0148976267278715,29.168116992254465,1.6920525000000002
13247,1.0148976267278715,29.168116992254465,1.7037825000000002
13257,1.0148976267278715,29.782298356031248,1.7096475000000002
13267,1.0250976028758902,28.553935628477635,1.6979175000000002
13278,1.0301975909498997,27.325572900924026,1.6920525000000002
13287,1.0352975790239092,26.097210173370414,1.6979175000000002
13297,1.0403975670979184,26.711391537147243,1.6979175000000002
13307,1.0454975551719279,26.711391537147243,1.6979175000000002
13318,1.0556975313199466,26.097210173370414,1.6920525000000002
13328,1.0556975313199466,26.711391537147243,1.6979175000000002
13338,1.0607975193939563,26.097210173370414,1.6979175000000002
13348,1.070997495541975,26.711391537147243,1.6979175000000002
13359,1.0760974836159845,26.097210173370414,1.6979175000000002
13368,1.0760974836159845,26.097210173370414,1.7155125000000002
13378,1.0862974597640032,26.711391537147243,1.6979175000000002
13388,1.0862974597640032,25.483028809593634,1.7096475000000002
13399,1.0913974478380126,23.026303354486412,1.7037825000000002
13409,1.0964974359120219,22.412121990709583,1.6979175000000002
13419,1.0964974359120219,24.25466608204002,1.7155125000000002
13429,1.1015974239860313,23.640484718263192,1.7155125000000002
13440,1.1066974120600408,21.7979406269328,1.7037825000000002
13449,1.11179740013405,20.569577899379187,1.2639075000000002
13459,1.1168973882080597,19.95539653560236,0.8650875
13469,1.11179740013405,16.884489716718356,0.5718375
13479,1.11179740013405,12.585220170280742,0.34310250000000003
13490,1.121997376282069,8.900131987619908,0.1847475
13500,1.121997376282069,4.6008624411822465,0.0557175
13510,1.1168973882080597,2.1441369860750243,-0.0205275
13519,1.1168973882080597,-3.3834952879162015,-0.09677250000000001
13530,1.1168973882080597,-4.611858015469812,-0.13782750000000002
13540,1.121997376282069,-6.454402106800205,-0.1671525
13550,1.1015974239860313,-9.525308925684255,-0.21407250000000003
13560,1.11179740013405,-5.840220743023424,-0.19061250000000002
13571,1.1168973882080597,-9.525308925684255,-0.23166750000000003
13581,1.1168973882080597,-8.296946198130644,-0.22580250000000002
13590,1.1168973882080597,-8.911127561907426,-0.2375325
13600,1.1168973882080597,-9.525308925684255,-0.2375325
13611,1.1168973882080597,-10.753671653237866,-0.2375325
13621,1.1168973882080597,-11.36785301701465,-0.24339750000000002
13631,1.1168973882080597,-12.59621574456826,-0.24339750000000002
13641,1.1168973882080597,-13.824578472121871,-0.24339750000000002
13651,1.11179740013405,-15.052941199675482,-0.24926250000000003
13661,1.11179740013405,-16.281303927229093,-0.24339750000000002
13671,1.1066974120600408,-17.509666654782702,-0.24926250000000003
13681,1.1015974239860313,-18.738029382336315,-0.24926250000000003
13691,1.0964974359120219,-19.966392109889924,-0.24339750000000002
13702,1.0913974478380126,-21.194754837443536,-0.2551275
13712,1.0760974836159845,-20.580573473666707,-0.2375325
13722,1.0811974716899937,-22.42311756499715,-0.2609925
13731,1.0811974716899937,-21.80893620122032,-0.2609925
13742,1.0760974836159845,-21.80893620122032,-0.24926250000000003
13752,1.070997495541975,-21.80893620122032,-0.2551275
13762,1.0658975074679655,-22.42311756499715,-0.2551275
13772,1.0607975193939563,-21.80893620122032,-0.2551275
13783,1.0505975432459373,-21.194754837443536,-0.24339750000000002
13793,1.0556975313199466,-22.42311756499715,-0.2551275
13802,1.0403975670979184,-23.03729892877393,-0.24926250000000003
13812,1.0403975670979184,-23.651480292550758,-0.24339750000000002
13822,1.0352975790239092,-25.49402438388115,-0.24926250000000003
13833,1.0352975790239092,-26.722387111434763,-0.24926250000000003
13843,1.0250976028758902,-27.950749838988372,-0.2551275
13853,1.009797638653862,-30.407475294095594,-0.27272250000000003
13863,1.009797638653862,-29.179112566541985,-0.2551275
13873,1.0046976505798526,-29.179112566541985,-0.2609925
13883,0.9995976625058431,-29.179112566541985,-0.2668575
13893,0.9944976744318338,-29.793293930318814,-0.2668575
13903,0.9893976863578244,-27.950749838988372,-0.2551275
13914,0.9842976982838151,-27.950749838988372,-0.2609925
13924,0.9791977102098056,-27.950749838988372,-0.2609925
13934,0.9689977340617869,-28.5649312027652,-0.2609925
13943,0.9689977340617869,-28.5649312027652,-0.2551275
13954,0.9587977579137681,-28.5649312027652,-0.24926250000000003
13964,0.9434977936917398,-30.407475294095594,-0.2551275
13974,0.9434977936917398,-30.407475294095594,-0.2551275
13984,0.9383978056177303,-31.021656657872423,-0.2668575
13995,0.9383978056177303,-30.407475294095594,-0.2551275
14004,0.9281978294697116,-30.407475294095594,-0.2551275
14014,0.9230978413957022,-29.793293930318814,-0.2551275
14024,0.9179978533216928,-29.793293930318814,-0.2551275
14034,0.9128978652476835,-29.793293930318814,-0.24926250000000003
14045,0.9026978890996646,-30.407475294095594,-0.24926250000000003
14055,0.8975979010256551,-30.407475294095594,-0.24926250000000003
14065,0.8924979129516457,-30.407475294095594,-0.2551275
14074,0.8873979248776364,-31.021656657872423,-0.2551275
14085,0.8771979487296175,-32.250019385425986,-0.2668575
14095,0.8669979725815987,-30.407475294095594,-0.24926250000000003
14105,0.8720979606556082,-30.407475294095594,-0.2609925
14115,0.8669979725815987,-29.793293930318814,-0.2609925
14126,0.8618979845075894,-29.179112566541985,-0.2551275
14136,0.8516980083595705,-29.179112566541985,-0.2551275
14145,0.8465980202855612,-29.179112566541985,-0.24926250000000003
14155,0.8414980322115516,-29.179112566541985,-0.2551275
14166,0.8312980560635329,-29.793293930318814,-0.2551275
14176,0.8210980799155141,-30.407475294095594,-0.2551275
14186,0.8261980679895234,-29.793293930318814,-0.2551275
14196,0.8159980918415047,-29.793293930318814,-0.2551275
14206,0.8108981037674953,-28.5649312027652,-0.2609925
14216,0.8057981156934859,-28.5649312027652,-0.2609925
14226,0.7955981395454671,-27.950749838988372,-0.2609925
14236,0.7904981514714576,-27.336568475211592,-0.2609925
14246,0.7904981514714576,-26.722387111434763,-0.2551275
14257,0.7802981753234389,-26.722387111434763,-0.2551275
14267,0.7802981753234389,-26.722387111434763,-0.2551275
14277,0.77009819917542,-27.336568475211592,-0.2551275
14286,0.77009819917542,-27.336568475211592,-0.2551275
14297,0.7649982111014106,-27.336568475211592,-0.2551275
14307,0.7547982349533918,-27.950749838988372,-0.2609925
14317,0.7547982349533918,-26.722387111434763,-0.2609925
14327,0.7496982468793825,-26.722387111434763,-0.2609925
14338,0.744598258805373,-25.49402438388115,-0.2668575
14347,0.744598258805373,-24.87984302010437,-0.2668575
14357,0.7343982826573542,-24.26566165632754,-0.2668575
14367,0.7343982826573542,-23.03729892877393,-0.2609925
14377,0.7292982945833448,-22.42311756499715,-0.2609925
14388,0.7241983065093355,-21.80893620122032,-0.2551275
14398,0.719098318435326,-21.80893620122032,-0.2609925
14408,0.7037983542132978,-21.80893620122032,-0.2609925
14417,0.7139983303613165,-21.80893620122032,-0.2609925
14428,0.7088983422873072,-21.194754837443536,-0.2551275
14438,0.7037983542132978,-21.194754837443536,-0.2551275
14448,0.7088983422873072,-21.194754837443536,-0.2551275
14458,0.7037983542132978,-20.580573473666707,0.1202325
14469,0.6986983661392885,-18.738029382336315,0.5307825
14479,0.6986983661392885,-15.667122563452264,0.8416275000000001
14489,0.6986983661392885,-11.982034380791479,1.0644975
14498,0.6986983661392885,-7.682764834353816,1.2404475000000001
14509,0.7037983542132978,-4.611858015469812,1.3636125000000001
14519,0.6986983661392885,-0.3125884690321501,1.4574525
14529,0.6986983661392885,2.7583183498518533,1.5219675000000001
14539,0.7037983542132978,4.6008624411822465,1.5688875000000002
14550,0.6986983661392885,6.443406532512686,1.6040775
14559,0.6986983661392885,7.057587896289468,1.6275375
14569,0.693598378065279,7.671769260066298,1.6451325
14579,0.7037983542132978,8.285950623843078,1.6568625000000001
14589,0.6986983661392885,9.514313351396689,1.6685925000000001
14600,0.7037983542132978,11.35685744272713,1.6744575000000002
14610,0.6986983661392885,11.971038806503913,1.6744575000000002
14620,0.6986983661392885,13.199401534057523,1.6803225000000002
14629,0.7037983542132978,14.427764261611134,1.6861875000000002
14640,0.7037983542132978,16.270308352941527,1.6979175000000002
14650,0.7139983303613165,15.656126989164745,1.6861875000000002
14660,0.7139983303613165,16.884489716718356,1.6920525000000002
14670,0.719098318435326,17.498671080495136,1.6920525000000002
14681,0.7241983065093355,17.498671080495136,1.6920525000000002
14690,0.7292982945833448,18.112852444271965,1.6979175000000002
14700,0.7292982945833448,18.72703380804875,1.6920525000000002
14710,0.7343982826573542,19.341215171825578,1.6979175000000002
14721,0.7394982707313636,19.341215171825578,1.6920525000000002
14731,0.744598258805373,19.95539653560236,1.6979175000000002
14741,0.7496982468793825,19.95539653560236,1.6979175000000002
14751,0.7496982468793825,21.7979406269328,1.7037825000000002
14761,0.7598982230274013,21.18375926315597,1.6979175000000002
14771,0.7598982230274013,21.18375926315597,1.6979175000000002
14781,0.7598982230274013,21.7979406269328,1.7037825000000002
14791,0.77009819917542,22.412121990709583,1.7096475000000002
14801,0.7751981872494295,21.18375926315597,1.6920525000000002
14812,0.7802981753234389,21.18375926315597,1.6979175000000002
14822,0.7853981633974483,21.7979406269328,1.6920525000000002
14832,0.7955981395454671,23.026303354486412,1.6920525000000002
14841,0.7904981514714576,24.25466608204002,1.6920525000000002
14852,0.8006981276194765,24.25466608204002,1.6861875000000002
14862,0.8057981156934859,24.868847445816805,1.6920525000000002
14872,0.8159980918415047,28.553935628477635,1.7272425
14882,0.8210980799155141,27.325572900924026,1.7096475000000002
14893,0.8261980679895234,26.711391537147243,1.7037825000000002
14903,0.8261980679895234,26.711391537147243,1.7096475000000002
14913,0.8312980560635329,27.325572900924026,1.7155125000000002
14922,0.8414980322115516,24.868847445816805,1.6979175000000002
14932,0.8414980322115516,24.25466608204002,1.6861875000000002
14943,0.8465980202855612,25.483028809593634,1.6979175000000002
14953,0.8516980083595705,23.640484718263192,1.6803225000000002
14963,0.85679799643358,25.483028809593634,1.6979175000000002
14973,0.8669979725815987,26.711391537147243,1.6920525000000002
14984,0.8720979606556082,27.325572900924026,1.6979175000000002
14993,0.8771979487296175,27.325572900924026,1.6979175000000002
15003,0.8822979368036269,27.939754264700856,1.6979175000000002
15013,0.8924979129516457,26.711391537147243,1.6920525000000002
15024,0.8924979129516457,27.325572900924026,1.6979175000000002
15034,0.8975979010256551,27.325572900924026,1.6979175000000002
15044,0.907797877173674,26.711391537147243,1.6920525000000002
15054,0.907797877173674,26.097210173370414,1.6920525000000002
15064,0.9179978533216928,26.711391537147243,1.6979175000000002
15074,0.9230978413957022,26.711391537147243,1.6920525000000002
15084,0.9281978294697116,27.939754264700856,1.7096475000000002
15094,0.933297817543721,27.939754264700856,1.6979175000000002
15105,0.9434977936917398,27.939754264700856,1.6920525000000002
15115,0.9485977817657492,27.939754264700856,1.6979175000000002
15125,0.9536977698397587,27.325572900924026,1.6979175000000002
15135,0.9587977579137681,26.711391537147243,1.6920525000000002
15144,0.9638977459877774,26.711391537147243,1.6979175000000002
15155,0.9689977340617869,26.711391537147243,1.6979175000000002
15165,0.9740977221357963,26.097210173370414,1.6979175000000002
15175,0.9740977221357963,27.325572900924026,1.7037825000000002
15185,0.9944976744318338,26.711391537147243,1.6979175000000002
15196,0.9893976863578244,26.097210173370414,1.6920525000000002
15206,0.9995976625058431,26.711391537147243,1.6920525000000002
15215,1.0046976505798526,27.325572900924026,1.6979175000000002
15225,1.009797638653862,26.097210173370414,1.6920525000000002
15236,1.0148976267278715,26.711391537147243,1.7037825000000002
15246,1.0148976267278715,25.483028809593634,1.6920525000000002
15256,1.019997614801881,24.25466608204002,1.6920525000000002
15266,1.0250976028758902,24.25466608204002,1.6920525000000002
15276,1.0301975909498997,24.868847445816805,1.7155125000000002
15286,1.0352975790239092,23.640484718263192,1.6979175000000002
15296,1.0403975670979184,23.640484718263192,1.7037825000000002
15306,1.0454975551719279,23.026303354486412,1.6920525000000002
15316,1.0454975551719279,24.25466608204002,1.7096475000000002
15327,1.0556975313199466,23.026303354486412,1.6861875000000002
15337,1.070997495541975,23.640484718263192,1.6979175000000002
15347,1.0658975074679655,25.483028809593634,1.7213775000000002
15356,1.0760974836159845,23.640484718263192,1.7037825000000002
15367,1.0760974836159845,23.026303354486412,1.6979175000000002
15377,1.0811974716899937,23.026303354486412,1.6979175000000002
15387,1.0811974716899937,22.412121990709583,1.7096475000000002
15397,1.0913974478380126,21.7979406269328,1.7096475000000002
15408,1.0913974478380126,19.95539653560236,1.7037825000000002
15418,1.0964974359120219,18.72703380804875,1.6979175000000002
