time,angle,velocity,current
302,6.568000000000012,-1.5354534094420114,-0.005865
316,6.864000000000004,-2.149634773218816,-0.005865
326,7.159999999999997,-2.149634773218816,-0.005865
336,7.456000000000017,-2.149634773218816,0.0
346,7.7520000000000095,-2.149634773218816,0.029325000000000004
356,7.456000000000017,-2.149634773218816,0.052785000000000006
366,6.864000000000004,0.3070906818884023,0.11730000000000002
376,7.456000000000017,-1.5354534094420114,0.13489500000000001
387,7.7520000000000095,-1.5354534094420114,0.17595000000000002
397,7.456000000000017,-2.149634773218816,0.217005
406,7.456000000000017,-2.149634773218816,0.25806
416,7.456000000000017,-2.7638161369956205,0.29325
427,7.456000000000017,-2.7638161369956205,0.334305
437,7.456000000000017,-2.149634773218816,0.38709000000000005
447,7.456000000000017,-3.377997500772425,0.41641500000000004
457,7.456000000000017,-2.149634773218816,0.46333500000000005
467,7.456000000000017,0.9212720456652067,0.52785
477,7.456000000000017,-1.5354534094420114,0.5395800000000001
487,7.7520000000000095,-1.5354534094420114,0.57477
497,8.048000000000002,1.5354534094420114,0.604095
507,8.048000000000002,3.9921788645492295,0.6216900000000001
518,8.640000000000015,10.133992502317275,0.65688
528,8.936000000000007,15.04744341253171,0.6862050000000001
538,8.936000000000007,21.189257050299755,0.721395
547,9.232,25.48852659673739,0.721395
558,10.120000000000005,32.24452159828224,0.7565850000000001
568,11.00800000000001,36.543791144719876,0.7565850000000001
578,11.600000000000023,44.52814887381833,0.79764
588,12.488,49.44159978403276,0.7683150000000001
599,13.376000000000005,53.12668796669359,0.7624500000000001
609,14.560000000000002,61.72522705956886,0.7800450000000001
618,15.448000000000008,69.0954034248905,0.791775
628,16.632000000000005,72.16631024377453,0.7624500000000001
638,17.52000000000001,78.30812388154258,0.7624500000000001
649,18.704000000000008,85.67830024686424,0.7624500000000001
659,20.480000000000018,86.90666297441784,0.721395
669,21.664000000000016,91.82011388463228,0.7096650000000001
679,22.848000000000013,95.50520206729311,0.6920700000000001
689,24.03200000000001,101.03283434128434,0.6920700000000001
699,25.512,101.64701570506115,0.64515
709,26.99200000000002,104.71792252394518,0.6275550000000001
719,28.176000000000016,105.9462852514988,0.59823
730,29.360000000000014,105.9462852514988,0.568905
740,30.840000000000003,105.9462852514988,0.533715
750,32.024,105.33210388772198,0.49852500000000005
760,33.50400000000002,104.10374116016837,0.475065
770,34.391999999999996,99.19029024995393,0.41641500000000004
780,35.28,95.50520206729311,0.37536
790,36.464,91.20593252085547,0.334305
800,37.05600000000001,85.06411888308743,0.287385
811,37.94400000000002,78.92230524531938,0.240465
821,38.24000000000001,72.16631024377453,0.19354500000000002
830,38.536,64.18195251467608,0.146625
840,39.128000000000014,54.969232058024005,0.099705
850,39.42400000000001,45.75651160137193,0.052785000000000006
861,39.42400000000001,36.543791144719876,0.01173
871,39.128000000000014,28.559433415621413,-0.041055
881,39.128000000000014,20.575075686522954,-0.08797500000000001
891,39.128000000000014,13.819080684978102,-0.13489500000000001
901,39.42400000000001,8.905629774763666,-0.181815
911,39.42400000000001,2.7638161369956205,-0.22873500000000002
921,39.128000000000014,-0.3070906818884023,-0.26979000000000003
931,39.128000000000014,-3.377997500772425,-0.31084500000000004
942,39.128000000000014,-4.606360228326034,-0.35190000000000005
952,38.83200000000002,-4.606360228326034,-0.38122500000000004
962,39.128000000000014,-7.677267047210057,-0.439875
971,39.128000000000014,-7.063085683433252,-0.46333500000000005
982,38.83200000000002,-10.133992502317275,-0.51612
992,38.536,-12.590717957424493,-0.52785
1002,38.24000000000001,-16.275806140085322,-0.5571750000000001
1012,37.94400000000002,-19.96089432274615,-0.5865
1022,37.352000000000004,-23.645982505406977,-0.604095
1033,37.05600000000001,-29.173614779398218,-0.639285
1042,36.464,-31.630340234505436,-0.639285
1052,36.168000000000006,-36.543791144719876,-0.65688
1062,35.28,-42.685604782487914,-0.6920700000000001
1073,34.98400000000001,-44.52814887381833,-0.7096650000000001
1083,33.80000000000001,-50.66996251158638,-0.6920700000000001
1093,33.208,-56.19759478557762,-0.6920700000000001
1103,32.024,-61.72522705956886,-0.6979350000000001
1113,31.135999999999996,-67.2528593335601,-0.71553
1123,29.951999999999998,-71.55212887999772,-0.6920700000000001
1133,29.06400000000002,-78.30812388154258,-0.7038000000000001
1143,27.879999999999995,-83.83575615553382,-0.6979350000000001
1154,26.695999999999998,-88.13502570197146,-0.6862050000000001
1164,25.512,-91.82011388463228,-0.674475
1174,24.328000000000003,-96.73356479484671,-0.662745
1183,22.848000000000013,-99.19029024995393,-0.6334200000000001
1193,21.367999999999995,-101.64701570506115,-0.6216900000000001
1204,20.480000000000018,-104.10374116016837,-0.59823
1215,19.0,-105.9462852514988,-0.57477
1224,17.52000000000001,-106.56046661527559,-0.5454450000000001
1234,16.336000000000013,-106.56046661527559,-0.51612
1245,14.560000000000002,-105.33210388772198,-0.48679500000000003
1255,13.968000000000018,-103.48955979639157,-0.45160500000000003
1265,12.78400000000002,-102.26119706883796,-0.41641500000000004
1275,11.600000000000023,-99.19029024995393,-0.38122500000000004
1286,10.415999999999997,-94.8910207035163,-0.34017000000000003
1295,9.52800000000002,-90.59175115707866,-0.30498000000000003
1305,8.640000000000015,-85.67830024686424,-0.263925
1315,8.048000000000002,-78.30812388154258,-0.217005
1326,7.7520000000000095,-72.16631024377453,-0.17595000000000002
1336,7.456000000000017,-63.56777115089927,-0.13489500000000001
1345,7.159999999999997,-56.19759478557762,-0.08797500000000001
1355,6.864000000000004,-47.59905569270235,-0.041055
1366,6.568000000000012,-39.00051659982709,0.0
1376,6.568000000000012,-30.401977506951823,0.04692
1386,6.864000000000004,-23.645982505406977,0.099705
1396,6.568000000000012,-17.504168867638928,0.15835500000000002
1406,6.864000000000004,-13.204899321201298,0.19941
1416,6.864000000000004,-6.448904319656448,0.252195
1426,6.568000000000012,-3.9921788645492295,0.287385
1436,6.568000000000012,-0.9212720456652067,0.34603500000000004
1446,6.864000000000004,1.5354534094420114,0.38122500000000004
1457,6.864000000000004,1.5354534094420114,0.43401
1467,6.864000000000004,3.377997500772425,0.46920000000000006
1476,7.159999999999997,5.220541592102839,0.50439
1486,7.159999999999997,5.834722955879643,0.5454450000000001
1497,7.456000000000017,7.063085683433252,0.580635
1507,7.7520000000000095,9.51981113854047,0.604095
1517,8.344000000000023,12.590717957424493,0.6334200000000001
1527,8.344000000000023,15.661624776308516,0.65688
1538,8.344000000000023,18.118350231415736,0.674475
1548,8.936000000000007,21.803438414076563,0.7038000000000001
1557,9.52800000000002,27.3310706880678,0.72726
1567,10.415999999999997,29.78779614317502,0.72726
1577,10.415999999999997,39.614697963603895,0.7741800000000001
1588,11.600000000000023,42.685604782487914,0.75072
1598,12.192000000000007,49.44159978403276,0.7800450000000001
1608,12.78400000000002,56.19759478557762,0.79764
1617,14.26400000000001,61.72522705956886,0.7859100000000001
1628,15.152000000000015,65.41031524222969,0.7741800000000001
1638,16.04000000000002,72.78049160755134,0.7800450000000001
1648,17.224000000000018,76.46557979021216,0.7683150000000001
1658,18.408000000000015,80.7648493366498,0.744855
1669,19.888000000000005,86.29248161064103,0.733125
1678,21.072000000000003,90.59175115707866,0.721395
1688,22.256,94.2768393397395,0.7038000000000001
1698,23.73600000000002,97.34774615862352,0.674475
1709,24.920000000000016,98.57610888617712,0.65688
1719,25.512,102.87537843261477,0.64515
1729,27.584000000000003,102.87537843261477,0.59823
1739,28.768,102.87537843261477,0.5571750000000001
1748,29.951999999999998,102.87537843261477,0.52785
1759,31.432000000000016,101.64701570506115,0.48679500000000003
1769,32.616000000000014,100.41865297750753,0.46333500000000005
1779,33.80000000000001,95.50520206729311,0.39882
1789,34.391999999999996,91.82011388463228,0.357765
1800,35.57600000000002,88.74920706574827,0.32844
1810,36.168000000000006,82.60739342798021,0.28152
1819,37.05600000000001,75.85139842643535,0.23460000000000003
1829,37.352000000000004,68.4812220611137,0.18768
1840,37.647999999999996,60.49686433201524,0.14076
1850,37.94400000000002,51.28414387536318,0.09384
1860,38.24000000000001,42.685604782487914,0.04692
1870,38.24000000000001,33.47288432583584,0.005865
1881,38.24000000000001,25.48852659673739,-0.04692
1891,37.94400000000002,18.732531595192537,-0.08797500000000001
1900,38.24000000000001,13.204899321201298,-0.13489500000000001
1910,38.24000000000001,8.291448410986861,-0.181815
1921,37.94400000000002,4.606360228326034,-0.217005
1931,37.94400000000002,-0.9212720456652067,-0.27565500000000004
1941,38.24000000000001,-2.7638161369956205,-0.322575
1951,37.94400000000002,-4.606360228326034,-0.357765
1961,37.647999999999996,-3.9921788645492295,-0.37536
1971,37.94400000000002,-5.834722955879643,-0.42814500000000005
1981,37.94400000000002,-7.677267047210057,-0.46333500000000005
1991,37.647999999999996,-9.51981113854047,-0.49852500000000005
2001,37.352000000000004,-12.590717957424493,-0.533715
2012,36.76000000000002,-16.275806140085322,-0.5571750000000001
2022,36.464,-19.96089432274615,-0.580635
2032,36.168000000000006,-23.645982505406977,-0.59823
2041,35.872000000000014,-28.559433415621413,-0.6275550000000001
2052,35.28,-31.630340234505436,-0.639285
2062,34.68800000000002,-37.15797250849668,-0.662745
2072,33.80000000000001,-41.457242054934305,-0.66861
2082,33.50400000000002,-48.82741842025597,-0.7038000000000001
2093,32.616000000000014,-51.28414387536318,-0.6862050000000001
2103,31.72800000000001,-59.26850160446163,-0.7096650000000001
2112,30.840000000000003,-61.11104569579205,-0.6862050000000001
2122,29.656000000000006,-68.4812220611137,-0.6979350000000001
2132,28.768,-75.23721706265856,-0.7096650000000001
2143,27.879999999999995,-80.7648493366498,-0.7096650000000001
2153,26.400000000000006,-84.44993751931062,-0.6920700000000001
2163,24.920000000000016,-90.59175115707866,-0.6920700000000001
2173,24.03200000000001,-94.2768393397395,-0.674475
2183,22.848000000000013,-97.96192752240033,-0.662745
2193,21.367999999999995,-101.03283434128434,-0.64515
2203,20.183999999999997,-102.87537843261477,-0.6158250000000001
2213,18.704000000000008,-104.71792252394518,-0.5865
2224,17.52000000000001,-107.7888293428292,-0.580635
2234,16.04000000000002,-107.7888293428292,-0.5395800000000001
2244,14.26400000000001,-108.40301070660601,-0.521985
2254,13.376000000000005,-106.56046661527559,-0.475065
2264,12.192000000000007,-105.33210388772198,-0.45160500000000003
2274,11.00800000000001,-102.87537843261477,-0.41055
2284,9.824000000000012,-100.41865297750753,-0.37536
2294,8.936000000000007,-95.50520206729311,-0.34017000000000003
2305,7.7520000000000095,-92.43429524840909,-0.31084500000000004
2315,6.864000000000004,-86.29248161064103,-0.25806
2325,6.27200000000002,-80.7648493366498,-0.217005
2334,5.975999999999999,-73.39467297132815,-0.17008500000000001
2344,5.975999999999999,-65.41031524222969,-0.12903
2355,5.3840000000000146,-56.19759478557762,-0.08211
2365,5.088000000000022,-48.21323705647916,-0.041055
2375,5.088000000000022,-39.00051659982709,0.005865
2385,5.088000000000022,-30.401977506951823,0.052785000000000006
2396,5.088000000000022,-23.03180114163017,0.10557000000000001
2405,5.088000000000022,-17.504168867638928,0.15249000000000001
2415,5.088000000000022,-12.590717957424493,0.205275
2425,5.088000000000022,-7.677267047210057,0.252195
2436,5.088000000000022,-3.9921788645492295,0.30498000000000003
2446,5.3840000000000146,-2.7638161369956205,0.334305
2456,5.3840000000000146,-0.9212720456652067,0.38122500000000004
2466,5.088000000000022,0.9212720456652067,0.42814500000000005
2477,5.3840000000000146,2.149634773218816,0.475065
2486,5.088000000000022,2.149634773218816,0.510255
2496,5.088000000000022,1.5354534094420114,0.5454450000000001
2506,5.3840000000000146,2.7638161369956205,0.57477
2516,5.680000000000007,6.448904319656448,0.6099600000000001
2527,5.975999999999999,10.133992502317275,0.639285
2537,6.27200000000002,15.04744341253171,0.66861
2547,6.568000000000012,20.575075686522954,0.6862050000000001
2556,7.159999999999997,23.03180114163017,0.6803400000000001
2567,8.048000000000002,32.24452159828224,0.72726
2577,8.640000000000015,39.00051659982709,0.744855
2587,9.232,45.75651160137193,0.7683150000000001
2597,10.415999999999997,52.512506602916794,0.7683150000000001
2608,11.00800000000001,56.81177614935442,0.7683150000000001
2617,11.896000000000015,64.18195251467608,0.7859100000000001
2627,12.78400000000002,69.70958478866731,0.7800450000000001
2637,13.968000000000018,75.23721706265856,0.7741800000000001
2648,15.152000000000015,78.30812388154258,0.75072
2658,16.336000000000013,85.67830024686424,0.7624500000000001
2668,17.816000000000003,90.59175115707866,0.7565850000000001
2678,19.0,94.8910207035163,0.73899
2688,20.480000000000018,97.96192752240033,0.7038000000000001
2698,21.960000000000008,102.87537843261477,0.6979350000000001
2708,23.439999999999998,104.10374116016837,0.662745
2718,24.920000000000016,107.7888293428292,0.651015
2728,26.400000000000006,110.2455547979364,0.6275550000000001
2739,27.879999999999995,111.47391752549001,0.59823
2748,29.06400000000002,111.47391752549001,0.56304
2758,30.24800000000002,110.85973616171322,0.52785
2768,31.72800000000001,109.63137343415963,0.49266000000000004
2779,32.912000000000006,107.7888293428292,0.45747000000000004
2789,34.096000000000004,104.10374116016837,0.42228000000000004
2799,35.28,101.03283434128434,0.369495
2809,35.872000000000014,94.2768393397395,0.322575
2819,36.76000000000002,89.36338842952506,0.287385
2829,37.647999999999996,81.37903070042661,0.22873500000000002
2839,37.94400000000002,74.00885433510496,0.18768
2849,38.24000000000001,66.0244966060065,0.14076
2860,38.83200000000002,56.81177614935442,0.099705
2870,38.83200000000002,46.98487432892555,0.052785000000000006
2879,39.128000000000014,37.15797250849668,0.005865
2889,39.128000000000014,28.559433415621413,-0.041055
2899,39.128000000000014,20.575075686522954,-0.08797500000000001
2910,39.128000000000014,13.204899321201298,-0.146625
2920,39.128000000000014,8.291448410986861,-0.18768
2930,39.128000000000014,2.7638161369956205,-0.22873500000000002
2939,39.128000000000014,-0.9212720456652067,-0.27565500000000004
2951,39.128000000000014,-3.377997500772425,-0.31671000000000005
2960,39.42400000000001,-5.220541592102839,-0.357765
2970,38.83200000000002,-7.063085683433252,-0.39882
2980,38.83200000000002,-7.063085683433252,-0.42814500000000005
2991,38.83200000000002,-9.51981113854047,-0.46333500000000005
3001,38.83200000000002,-10.74817386609408,-0.50439
3011,38.24000000000001,-11.976536593647689,-0.521985
3020,38.24000000000001,-15.661624776308516,-0.57477
3031,37.647999999999996,-16.275806140085322,-0.57477
3041,37.352000000000004,-19.96089432274615,-0.6158250000000001
3051,37.05600000000001,-23.03180114163017,-0.6334200000000001
3061,36.76000000000002,-26.716889324290996,-0.65688
3072,36.464,-31.016158870728628,-0.66861
3082,35.57600000000002,-35.31542841716626,-0.6862050000000001
3091,34.98400000000001,-39.00051659982709,-0.6979350000000001
3101,34.68800000000002,-43.29978614626472,-0.6979350000000001
3111,33.50400000000002,-48.21323705647916,-0.7096650000000001
3122,33.208,-53.740869330470396,-0.7096650000000001
3132,32.024,-59.26850160446163,-0.71553
3142,31.135999999999996,-64.18195251467608,-0.7096650000000001
3152,30.24800000000002,-70.32376615244412,-0.7038000000000001
3162,29.06400000000002,-74.62303569888176,-0.6979350000000001
3172,27.879999999999995,-78.30812388154258,-0.674475
3182,26.695999999999998,-81.99321206420342,-0.662745
3192,25.80800000000002,-88.13502570197146,-0.662745
3203,24.623999999999995,-90.59175115707866,-0.639285
3213,23.439999999999998,-93.66265797596269,-0.6216900000000001
3223,21.960000000000008,-96.73356479484671,-0.59823
3232,21.072000000000003,-97.96192752240033,-0.568905
3243,19.592000000000013,-99.19029024995393,-0.5454450000000001
3253,18.112000000000023,-99.80447161373074,-0.50439
3263,17.224000000000018,-99.19029024995393,-0.49266000000000004
3273,16.04000000000002,-96.73356479484671,-0.44574
3283,14.856000000000023,-94.8910207035163,-0.41641500000000004
3294,13.968000000000018,-91.82011388463228,-0.37536
3303,13.080000000000013,-88.13502570197146,-0.334305
3313,12.488,-83.83575615553382,-0.299115
3323,11.600000000000023,-78.92230524531938,-0.25806
3334,11.00800000000001,-72.78049160755134,-0.21114000000000002
3344,11.00800000000001,-64.79613387845288,-0.16422
3354,10.120000000000005,-58.65432024068484,-0.12316500000000001
3364,10.120000000000005,-51.28414387536318,-0.08797500000000001
3374,9.52800000000002,-39.614697963603895,-0.02346
3384,9.824000000000012,-34.08706568961265,0.01173
3394,9.824000000000012,-25.48852659673739,0.064515
3404,9.52800000000002,-19.34671295896934,0.10557000000000001
3415,9.824000000000012,-12.590717957424493,0.15835500000000002
3425,9.824000000000012,-7.677267047210057,0.205275
3435,9.824000000000012,-1.5354534094420114,0.28152
3444,9.824000000000012,-0.9212720456652067,0.30498000000000003
3454,9.824000000000012,0.3070906818884023,0.34603500000000004
3465,9.824000000000012,1.5354534094420114,0.39295500000000005
3475,10.120000000000005,2.7638161369956205,0.43401
3485,10.120000000000005,2.149634773218816,0.46920000000000006
3495,10.415999999999997,4.606360228326034,0.510255
3506,10.712000000000018,8.291448410986861,0.5513100000000001
3516,10.712000000000018,8.291448410986861,0.56304
3525,11.00800000000001,13.204899321201298,0.6099600000000001
3535,11.600000000000023,15.04744341253171,0.6275550000000001
3546,11.896000000000015,21.189257050299755,0.66861
3556,12.488,25.48852659673739,0.6920700000000001
3566,12.78400000000002,29.78779614317502,0.7096650000000001
3576,13.376000000000005,34.70124705338946,0.733125
3586,13.968000000000018,40.228879327380696,0.7565850000000001
3596,14.856000000000023,41.457242054934305,0.72726
3607,15.448000000000008,50.66996251158638,0.7683150000000001
3616,16.336000000000013,52.512506602916794,0.73899
3627,17.52000000000001,62.33940842334566,0.7800450000000001
3637,18.704000000000008,68.4812220611137,0.7800450000000001
3647,19.592000000000013,75.23721706265856,0.7859100000000001
3656,20.480000000000018,75.85139842643535,0.733125
3666,21.960000000000008,86.29248161064103,0.7741800000000001
3677,23.439999999999998,88.74920706574827,0.73899
3687,24.920000000000016,95.50520206729311,0.733125
3697,26.104000000000013,99.19029024995393,0.721395
3707,27.28800000000001,103.48955979639157,0.6979350000000001
3718,29.06400000000002,106.56046661527559,0.6803400000000001
3727,30.24800000000002,107.1746479790524,0.6334200000000001
3737,31.432000000000016,111.47391752549001,0.6334200000000001
3747,32.912000000000006,111.47391752549001,0.592365
3758,34.391999999999996,110.2455547979364,0.5395800000000001
3768,35.57600000000002,110.85973616171322,0.52785
3778,36.76000000000002,110.2455547979364,0.48679500000000003
3787,38.24000000000001,107.7888293428292,0.44574
3798,39.42400000000001,105.33210388772198,0.41055
3808,40.608000000000004,101.03283434128434,0.36363
3818,41.20000000000002,95.50520206729311,0.31671000000000005
3828,42.384000000000015,89.97756979330187,0.28152
3838,43.27200000000002,83.221574791757,0.23460000000000003
3849,43.56800000000001,75.85139842643535,0.181815
3858,44.16,67.2528593335601,0.12903
3868,44.16,58.65432024068484,0.09384
3878,44.75200000000001,49.44159978403276,0.04692
3889,44.75200000000001,40.228879327380696,0.0
3899,44.75200000000001,31.016158870728628,-0.04692
3909,44.75200000000001,22.417619777853368,-0.08797500000000001
3918,44.75200000000001,15.661624776308516,-0.146625
3929,45.048,8.905629774763666,-0.19354500000000002
3939,44.75200000000001,3.377997500772425,-0.23460000000000003
3949,44.75200000000001,-0.9212720456652067,-0.28152
3959,44.75200000000001,-3.9921788645492295,-0.322575
3970,44.45600000000002,-5.834722955879643,-0.36363
3980,44.45600000000002,-7.063085683433252,-0.404685
3989,44.45600000000002,-7.677267047210057,-0.42228000000000004
3999,44.16,-10.74817386609408,-0.46920000000000006
4009,43.864000000000004,-13.204899321201298,-0.50439
4020,43.56800000000001,-15.661624776308516,-0.533715
4030,43.56800000000001,-18.732531595192537,-0.56304
4040,42.976,-21.803438414076563,-0.592365
4050,42.384000000000015,-25.48852659673739,-0.6158250000000001
4060,42.384000000000015,-28.559433415621413,-0.6334200000000001
4070,41.49600000000001,-30.401977506951823,-0.639285
4080,40.903999999999996,-35.92960978094307,-0.662745
4090,40.31200000000001,-40.228879327380696,-0.6803400000000001
4101,40.01600000000002,-45.14233023759514,-0.6920700000000001
4111,38.83200000000002,-50.66996251158638,-0.7038000000000001
4120,38.24000000000001,-54.355050694247204,-0.6979350000000001
4130,37.647999999999996,-61.11104569579205,-0.7096650000000001
4141,36.464,-66.0244966060065,-0.6979350000000001
4151,35.57600000000002,-72.16631024377453,-0.7096650000000001
4161,34.391999999999996,-78.92230524531938,-0.7096650000000001
4171,33.208,-82.60739342798021,-0.6979350000000001
4182,32.32000000000002,-86.90666297441784,-0.6862050000000001
4192,30.840000000000003,-90.59175115707866,-0.674475
4201,29.656000000000006,-93.66265797596269,-0.651015
4211,28.47200000000001,-97.96192752240033,-0.639285
4221,26.99200000000002,-100.41865297750753,-0.6216900000000001
4232,25.80800000000002,-102.87537843261477,-0.59823
4242,24.623999999999995,-104.71792252394518,-0.568905
4252,23.73600000000002,-102.87537843261477,-0.521985
4261,21.664000000000016,-105.33210388772198,-0.510255
4272,21.072000000000003,-104.71792252394518,-0.48093
4282,19.592000000000013,-103.48955979639157,-0.45160500000000003
4292,18.408000000000015,-100.41865297750753,-0.404685
4302,17.52000000000001,-98.57610888617712,-0.37536
4313,16.336000000000013,-93.66265797596269,-0.334305
4323,15.152000000000015,-88.74920706574827,-0.287385
4332,14.560000000000002,-83.221574791757,-0.252195
4342,13.968000000000018,-77.69394251776578,-0.21114000000000002
4353,13.671999999999997,-70.93794751622093,-0.16422
4363,13.376000000000005,-63.56777115089927,-0.12903
4373,13.080000000000013,-54.355050694247204,-0.08211
4383,12.78400000000002,-45.75651160137193,-0.03519
4393,12.488,-37.77215387227348,0.005865
4403,12.78400000000002,-29.78779614317502,0.05865000000000001
4413,12.488,-21.803438414076563,0.111435
4423,12.78400000000002,-15.661624776308516,0.16422
4433,12.78400000000002,-10.133992502317275,0.21114000000000002
4444,12.78400000000002,-5.834722955879643,0.25806
4454,12.78400000000002,-2.7638161369956205,0.30498000000000003
4464,12.78400000000002,-2.149634773218816,0.34017000000000003
4474,12.488,0.9212720456652067,0.39295500000000005
4484,12.78400000000002,0.9212720456652067,0.43401
4494,12.488,3.377997500772425,0.49266000000000004
4504,12.78400000000002,1.5354534094420114,0.51612
4514,12.78400000000002,1.5354534094420114,0.5454450000000001
4525,12.78400000000002,2.149634773218816,0.580635
4535,12.78400000000002,5.834722955879643,0.6099600000000001
4545,12.78400000000002,7.677267047210057,0.6334200000000001
4554,13.671999999999997,13.819080684978102,0.66861
4564,14.26400000000001,19.34671295896934,0.6920700000000001
4575,13.968000000000018,27.3310706880678,0.733125
4585,15.448000000000008,27.3310706880678,0.6979350000000001
4595,16.04000000000002,37.15797250849668,0.744855
4605,16.632000000000005,43.91396751004152,0.7624500000000001
4616,17.52000000000001,50.66996251158638,0.7800450000000001
4626,18.408000000000015,56.19759478557762,0.7859100000000001
4636,19.592000000000013,61.11104569579205,0.744855
4645,20.183999999999997,67.2528593335601,0.7683150000000001
4656,21.664000000000016,75.85139842643535,0.7800450000000001
4666,22.848000000000013,80.150667972873,0.7683150000000001
4676,24.03200000000001,85.67830024686424,0.7624500000000001
4686,25.512,91.20593252085547,0.75072
4697,26.695999999999998,93.66265797596269,0.72726
4707,28.176000000000016,100.41865297750753,0.733125
4716,29.06400000000002,102.87537843261477,0.6979350000000001
4726,31.135999999999996,105.9462852514988,0.674475
4737,32.32000000000002,107.7888293428292,0.639285
4747,33.80000000000001,107.7888293428292,0.6099600000000001
4757,34.98400000000001,112.08809888926682,0.592365
4767,36.168000000000006,112.70228025304363,0.56304
4777,37.94400000000002,109.63137343415963,0.50439
4787,38.83200000000002,109.63137343415963,0.49266000000000004
4797,40.903999999999996,106.56046661527559,0.42814500000000005
4807,41.49600000000001,105.33210388772198,0.404685
4817,42.384000000000015,100.41865297750753,0.36363
4828,43.27200000000002,96.11938343106992,0.322575
4838,44.16,89.36338842952506,0.27565500000000004
4847,45.343999999999994,83.221574791757,0.22287
4857,45.640000000000015,75.85139842643535,0.17595000000000002
4868,45.93600000000001,67.8670406973369,0.13489500000000001
4878,46.232,58.65432024068484,0.08797500000000001
4888,46.52800000000002,48.21323705647916,0.04692
4898,46.82400000000001,39.00051659982709,0.0
4909,46.82400000000001,30.401977506951823,-0.041055
4918,46.82400000000001,22.417619777853368,-0.099705
4928,46.82400000000001,16.275806140085322,-0.146625
4938,47.120000000000005,10.74817386609408,-0.18768
4948,46.52800000000002,6.448904319656448,-0.23460000000000003
4959,46.82400000000001,2.149634773218816,-0.27565500000000004
4969,46.82400000000001,-1.5354534094420114,-0.322575
4978,46.82400000000001,-3.377997500772425,-0.357765
4988,46.52800000000002,-5.220541592102839,-0.39882
4999,46.52800000000002,-6.448904319656448,-0.43401
5009,46.232,-8.905629774763666,-0.46920000000000006
5019,46.232,-10.74817386609408,-0.50439
5029,45.93600000000001,-14.433262048754909,-0.5395800000000001
5040,45.640000000000015,-17.504168867638928,-0.5571750000000001
5049,45.343999999999994,-20.575075686522954,-0.592365
5059,44.45600000000002,-23.645982505406977,-0.6158250000000001
5069,44.45600000000002,-27.94525205184461,-0.6334200000000001
5080,43.864000000000004,-30.401977506951823,-0.639285
5090,43.56800000000001,-35.92960978094307,-0.66861
5100,42.68000000000001,-38.386335236050286,-0.65688
5110,42.087999999999994,-44.52814887381833,-0.6862050000000001
5120,41.49600000000001,-48.82741842025597,-0.6920700000000001
5130,40.31200000000001,-56.81177614935442,-0.72726
5140,39.72,-59.26850160446163,-0.6979350000000001
5150,38.83200000000002,-67.8670406973369,-0.71553
5160,37.94400000000002,-71.55212887999772,-0.71553
5171,36.464,-78.30812388154258,-0.721395
5181,35.57600000000002,-81.99321206420342,-0.6979350000000001
5190,34.391999999999996,-86.90666297441784,-0.674475
5200,32.912000000000006,-88.74920706574827,-0.65688
5211,32.024,-93.66265797596269,-0.65688
5221,29.951999999999998,-95.50520206729311,-0.6216900000000001
5231,29.656000000000006,-97.34774615862352,-0.6158250000000001
5241,28.176000000000016,-103.48955979639157,-0.604095
5252,26.695999999999998,-103.48955979639157,-0.568905
5262,24.920000000000016,-101.64701570506115,-0.51612
5271,24.328000000000003,-104.10374116016837,-0.50439
5281,22.55200000000002,-104.10374116016837,-0.475065
5292,21.664000000000016,-102.26119706883796,-0.439875
5302,20.480000000000018,-99.80447161373074,-0.39882
5312,19.888000000000005,-96.73356479484671,-0.36363
5322,18.704000000000008,-93.66265797596269,-0.32844
5331,17.52000000000001,-89.97756979330187,-0.299115
5342,16.927999999999997,-83.221574791757,-0.24633000000000002
5352,16.336000000000013,-77.07976115398897,-0.205275
5362,16.04000000000002,-69.70958478866731,-0.15835500000000002
5372,15.744,-61.72522705956886,-0.12316500000000001
5383,15.152000000000015,-54.355050694247204,-0.07624500000000001
5393,15.152000000000015,-45.14233023759514,-0.029325000000000004
5403,15.152000000000015,-36.543791144719876,0.017595
5412,15.152000000000015,-28.559433415621413,0.07038
5423,14.856000000000023,-21.803438414076563,0.111435
5433,14.856000000000023,-16.275806140085322,0.16422
5443,15.152000000000015,-10.74817386609408,0.217005
5453,14.856000000000023,-5.220541592102839,0.263925
5464,14.856000000000023,-2.149634773218816,0.31084500000000004
5474,15.152000000000015,0.3070906818884023,0.357765
5483,14.856000000000023,1.5354534094420114,0.39882
5493,15.152000000000015,2.7638161369956205,0.45160500000000003
5504,15.152000000000015,2.7638161369956205,0.48093
5514,15.744,3.9921788645492295,0.510255
5524,15.448000000000008,3.377997500772425,0.521985
5534,15.744,7.677267047210057,0.5865
5544,16.04000000000002,10.133992502317275,0.6099600000000001
5554,16.04000000000002,8.291448410986861,0.6158250000000001
5564,16.632000000000005,15.04744341253171,0.66861
5574,16.927999999999997,18.732531595192537,0.6979350000000001
5584,17.52000000000001,19.34671295896934,0.6803400000000001
5595,17.816000000000003,27.3310706880678,0.733125
5605,18.408000000000015,34.70124705338946,0.744855
5615,19.592000000000013,39.614697963603895,0.7800450000000001
5624,20.183999999999997,42.685604782487914,0.7683150000000001
5635,20.183999999999997,49.44159978403276,0.7683150000000001
5645,21.367999999999995,58.04013887690803,0.791775
5655,22.55200000000002,63.56777115089927,0.7859100000000001
5665,23.73600000000002,67.8670406973369,0.7624500000000001
5676,24.920000000000016,75.23721706265856,0.7859100000000001
5686,25.80800000000002,79.53648660909619,0.7683150000000001
5695,27.584000000000003,80.7648493366498,0.71553
5705,28.176000000000016,89.36338842952506,0.744855
5715,29.656000000000006,93.0484766121859,0.721395
5726,30.54400000000001,96.73356479484671,0.6979350000000001
5736,32.616000000000014,97.34774615862352,0.64515
5746,33.80000000000001,102.87537843261477,0.64515
5755,34.68800000000002,104.10374116016837,0.6275550000000001
5766,36.464,106.56046661527559,0.59823
5776,37.352000000000004,107.1746479790524,0.56304
5786,38.83200000000002,105.33210388772198,0.51612
5796,40.01600000000002,104.10374116016837,0.48679500000000003
5807,41.20000000000002,101.03283434128434,0.43401
5817,42.384000000000015,97.96192752240033,0.39882
5827,43.27200000000002,94.8910207035163,0.357765
5837,44.16,88.74920706574827,0.31084500000000004
5847,45.048,83.83575615553382,0.26979000000000003
5857,45.640000000000015,77.69394251776578,0.22873500000000002
5867,45.93600000000001,70.32376615244412,0.17595000000000002
5877,47.120000000000005,59.26850160446163,0.111435
5888,46.82400000000001,52.512506602916794,0.08211
5898,47.120000000000005,43.91396751004152,0.041055
5908,47.120000000000005,34.08706568961265,-0.005865
5917,46.82400000000001,26.102707960514195,-0.052785000000000006
5927,46.82400000000001,19.34671295896934,-0.10557000000000001
5938,47.120000000000005,13.204899321201298,-0.146625
5948,46.82400000000001,8.905629774763666,-0.19354500000000002
5958,47.120000000000005,3.377997500772425,-0.240465
5968,47.416,0.3070906818884023,-0.28152
5979,47.120000000000005,-2.7638161369956205,-0.32844
5988,46.82400000000001,-3.9921788645492295,-0.36363
5998,47.120000000000005,-5.220541592102839,-0.404685
6008,47.120000000000005,-5.220541592102839,-0.44574
6019,46.232,-6.448904319656448,-0.48679500000000003
6029,46.82400000000001,-5.834722955879643,-0.510255
6039,46.82400000000001,-7.677267047210057,-0.5395800000000001
6048,46.232,-11.362355229870884,-0.56304
6059,45.93600000000001,-15.04744341253171,-0.5865
6069,45.640000000000015,-19.34671295896934,-0.6158250000000001
6079,45.048,-23.645982505406977,-0.6275550000000001
6089,44.75200000000001,-29.78779614317502,-0.65688
6099,44.45600000000002,-35.31542841716626,-0.674475
6110,43.56800000000001,-41.457242054934305,-0.6862050000000001
6120,43.27200000000002,-45.75651160137193,-0.6920700000000001
6129,42.68000000000001,-52.512506602916794,-0.71553
6139,40.903999999999996,-56.19759478557762,-0.6979350000000001
6150,40.31200000000001,-63.56777115089927,-0.7096650000000001
6160,39.128000000000014,-69.70958478866731,-0.71553
6170,38.24000000000001,-73.39467297132815,-0.6979350000000001
6180,36.76000000000002,-79.53648660909619,-0.7096650000000001
6191,35.872000000000014,-83.83575615553382,-0.6862050000000001
6200,34.68800000000002,-88.13502570197146,-0.674475
6210,33.50400000000002,-92.43429524840909,-0.65688
6220,32.32000000000002,-97.96192752240033,-0.662745
6231,31.135999999999996,-101.03283434128434,-0.6334200000000001
6241,29.656000000000006,-104.10374116016837,-0.6158250000000001
6251,28.47200000000001,-105.33210388772198,-0.592365
6261,26.99200000000002,-107.7888293428292,-0.56304
6270,25.512,-109.01719207038282,-0.5454450000000001
6281,24.328000000000003,-107.7888293428292,-0.50439
6291,22.848000000000013,-107.7888293428292,-0.475065
6301,21.960000000000008,-105.9462852514988,-0.439875
6311,20.77600000000001,-103.48955979639157,-0.404685
6322,19.592000000000013,-99.80447161373074,-0.36363
6332,18.408000000000015,-96.11938343106992,-0.322575
6341,17.816000000000003,-91.82011388463228,-0.287385
6351,16.927999999999997,-86.29248161064103,-0.240465
6362,16.04000000000002,-78.92230524531938,-0.205275
6372,15.744,-72.16631024377453,-0.16422
6382,15.448000000000008,-64.18195251467608,-0.11730000000000002
6392,14.856000000000023,-56.19759478557762,-0.07624500000000001
6403,14.856000000000023,-46.98487432892555,-0.02346
6412,14.560000000000002,-38.386335236050286,0.017595
6422,14.856000000000023,-29.78779614317502,0.064515
6432,14.560000000000002,-22.417619777853368,0.11730000000000002
6443,14.856000000000023,-18.118350231415736,0.15835500000000002
6453,14.560000000000002,-11.362355229870884,0.217005
6463,14.560000000000002,-6.448904319656448,0.263925
6473,13.968000000000018,-2.149634773218816,0.322575
6482,14.856000000000023,0.3070906818884023,0.357765
6493,14.560000000000002,4.606360228326034,0.42814500000000005
6503,15.152000000000015,3.377997500772425,0.439875
6513,14.856000000000023,5.220541592102839,0.48093
6523,15.152000000000015,7.063085683433252,0.51612
6534,16.04000000000002,9.51981113854047,0.5513100000000001
6544,15.448000000000008,13.204899321201298,0.592365
6553,16.336000000000013,15.661624776308516,0.6158250000000001
6563,16.632000000000005,18.118350231415736,0.6334200000000001
6574,16.927999999999997,24.26016386918378,0.674475
6584,17.52000000000001,27.94525205184461,0.6920700000000001
6594,18.112000000000023,34.08706568961265,0.71553
6604,18.408000000000015,39.00051659982709,0.73899
6615,19.592000000000013,43.29978614626472,0.744855
6625,20.480000000000018,48.21323705647916,0.73899
6634,21.072000000000003,55.58341342180081,0.7624500000000001
6644,22.256,61.72522705956886,0.7800450000000001
6654,23.439999999999998,64.79613387845288,0.75072
6665,24.03200000000001,72.78049160755134,0.7741800000000001
6675,25.512,78.92230524531938,0.7800450000000001
6685,26.695999999999998,84.44993751931062,0.73899
6695,28.176000000000016,86.29248161064103,0.721395
6705,29.360000000000014,91.20593252085547,0.721395
6715,30.840000000000003,96.73356479484671,0.7096650000000001
6725,32.024,103.48955979639157,0.71553
6735,33.50400000000002,104.10374116016837,0.6920700000000001
6746,34.68800000000002,111.47391752549001,0.674475
6756,36.168000000000006,113.93064298059724,0.65688
6766,37.94400000000002,115.15900570815084,0.6158250000000001
6775,38.536,115.77318707192765,0.604095
6786,40.903999999999996,116.38736843570446,0.5513100000000001
6796,42.384000000000015,115.77318707192765,0.51612
6806,43.56800000000001,113.93064298059724,0.48093
6816,44.75200000000001,111.47391752549001,0.439875
6827,45.93600000000001,108.40301070660601,0.39882
6837,46.82400000000001,104.10374116016837,0.357765
6847,48.00800000000001,98.57610888617712,0.31084500000000004
6856,48.896000000000015,93.0484766121859,0.26979000000000003
6866,49.78400000000002,86.29248161064103,0.22287
6877,50.08000000000001,78.30812388154258,0.17595000000000002
6887,50.672,69.70958478866731,0.12903
6897,50.96800000000002,60.49686433201524,0.08211
6907,51.26400000000001,51.28414387536318,0.041055
6918,51.56,41.457242054934305,-0.005865
6927,51.56,31.630340234505436,-0.05865000000000001
6937,51.26400000000001,23.645982505406977,-0.10557000000000001
6947,51.56,16.889987503862123,-0.15249000000000001
6958,51.26400000000001,10.74817386609408,-0.19941
6968,51.56,3.9921788645492295,-0.240465
6978,51.56,0.3070906818884023,-0.287385
6987,51.26400000000001,-2.7638161369956205,-0.32844
6998,51.26400000000001,-4.606360228326034,-0.369495
7008,51.56,-7.677267047210057,-0.42228000000000004
7018,50.96800000000002,-7.063085683433252,-0.44574
7028,50.672,-8.905629774763666,-0.475065
7038,50.376000000000005,-10.133992502317275,-0.50439
7049,50.08000000000001,-13.204899321201298,-0.5395800000000001
7058,50.08000000000001,-15.661624776308516,-0.57477
7068,50.08000000000001,-19.34671295896934,-0.59823
7078,49.78400000000002,-22.417619777853368,-0.6216900000000001
7089,48.896000000000015,-27.94525205184461,-0.65688
7099,48.896000000000015,-29.78779614317502,-0.65688
7109,48.304,-34.70124705338946,-0.66861
7118,46.82400000000001,-37.77215387227348,-0.662745
7129,46.82400000000001,-45.14233023759514,-0.6920700000000001
7139,45.93600000000001,-48.82741842025597,-0.6920700000000001
7149,45.343999999999994,-55.58341342180081,-0.7096650000000001
7159,44.16,-59.88268296823844,-0.6979350000000001
7170,42.976,-67.2528593335601,-0.71553
7180,42.384000000000015,-72.16631024377453,-0.7096650000000001
7190,41.20000000000002,-77.07976115398897,-0.6979350000000001
7199,40.01600000000002,-81.99321206420342,-0.6862050000000001
7209,39.42400000000001,-87.52084433819465,-0.6862050000000001
7220,38.24000000000001,-90.59175115707866,-0.66861
7230,36.76000000000002,-95.50520206729311,-0.65688
7240,35.57600000000002,-97.96192752240033,-0.6334200000000001
7250,34.096000000000004,-99.80447161373074,-0.604095
7261,32.912000000000006,-101.64701570506115,-0.580635
7270,31.432000000000016,-104.71792252394518,-0.568905
7280,30.24800000000002,-104.71792252394518,-0.533715
7290,29.06400000000002,-103.48955979639157,-0.49852500000000005
7301,28.176000000000016,-103.48955979639157,-0.45747000000000004
7311,26.99200000000002,-102.87537843261477,-0.439875
7321,25.512,-100.41865297750753,-0.39882
7331,24.623999999999995,-97.96192752240033,-0.36363
7341,23.439999999999998,-93.66265797596269,-0.322575
7351,22.55200000000002,-88.74920706574827,-0.287385
7361,21.664000000000016,-83.83575615553382,-0.24633000000000002
7371,21.072000000000003,-77.07976115398897,-0.19941
7382,20.77600000000001,-69.70958478866731,-0.15835500000000002
7392,20.480000000000018,-61.72522705956886,-0.11730000000000002
7402,20.183999999999997,-53.740869330470396,-0.07624500000000001
7411,19.888000000000005,-43.29978614626472,-0.017595
7421,19.888000000000005,-36.543791144719876,0.02346
7432,19.592000000000013,-27.94525205184461,0.07038
7442,19.592000000000013,-21.803438414076563,0.111435
7452,19.29600000000002,-13.204899321201298,0.181815
7462,19.888000000000005,-8.905629774763666,0.22287
7473,19.888000000000005,-3.9921788645492295,0.26979000000000003
7482,19.888000000000005,-1.5354534094420114,0.31671000000000005
7492,19.888000000000005,0.9212720456652067,0.357765
7502,19.888000000000005,0.9212720456652067,0.404685
7513,19.888000000000005,1.5354534094420114,0.44574
7523,19.888000000000005,2.149634773218816,0.48679500000000003
7533,19.592000000000013,2.7638161369956205,0.533715
7543,19.888000000000005,1.5354534094420114,0.5571750000000001
7553,19.888000000000005,2.7638161369956205,0.59823
7563,20.183999999999997,0.9212720456652067,0.604095
7573,20.183999999999997,3.377997500772425,0.6334200000000001
7583,20.183999999999997,10.133992502317275,0.6803400000000001
7593,21.072000000000003,13.819080684978102,0.6979350000000001
7604,21.367999999999995,19.34671295896934,0.71553
7613,21.664000000000016,25.48852659673739,0.733125
7623,22.55200000000002,31.016158870728628,0.744855
7633,23.439999999999998,38.386335236050286,0.7565850000000001
7644,24.03200000000001,45.14233023759514,0.7800450000000001
7654,24.920000000000016,50.05578114780957,0.7741800000000001
7664,25.80800000000002,55.58341342180081,0.7683150000000001
7674,26.695999999999998,60.49686433201524,0.7565850000000001
7685,27.879999999999995,66.0244966060065,0.744855
7694,28.47200000000001,75.23721706265856,0.7741800000000001
7704,29.951999999999998,81.37903070042661,0.7741800000000001
7714,31.432000000000016,85.67830024686424,0.75072
7725,32.616000000000014,90.59175115707866,0.733125
7735,33.50400000000002,95.50520206729311,0.721395
7745,35.28,98.57610888617712,0.6920700000000001
7755,36.464,102.26119706883796,0.66861
7764,37.647999999999996,105.33210388772198,0.651015
7775,39.42400000000001,106.56046661527559,0.6099600000000001
7785,40.608000000000004,108.40301070660601,0.5865
7795,42.087999999999994,109.01719207038282,0.5513100000000001
7805,42.976,110.85973616171322,0.52785
7816,44.45600000000002,107.7888293428292,0.48679500000000003
7826,45.93600000000001,106.56046661527559,0.45160500000000003
7835,46.82400000000001,101.64701570506115,0.39295500000000005
7845,47.71200000000002,97.34774615862352,0.34603500000000004
7856,48.599999999999994,93.0484766121859,0.31084500000000004
7866,49.488,86.90666297441784,0.263925
7876,50.376000000000005,80.150667972873,0.217005
7886,50.672,72.16631024377453,0.17008500000000001
7897,51.26400000000001,64.79613387845288,0.13489500000000001
7906,51.26400000000001,54.969232058024005,0.08211
7916,51.56,45.75651160137193,0.03519
7926,51.56,36.543791144719876,-0.01173
7937,51.56,26.716889324290996,-0.07624500000000001
7947,51.855999999999995,19.96089432274615,-0.099705
7957,51.855999999999995,13.204899321201298,-0.15249000000000001
7967,51.855999999999995,6.448904319656448,-0.19941
7976,51.855999999999995,1.5354534094420114,-0.240465
7987,51.855999999999995,-2.149634773218816,-0.287385
7997,51.56,-3.9921788645492295,-0.334305
8007,51.56,-5.220541592102839,-0.37536
8017,51.26400000000001,-7.063085683433252,-0.41055
8028,51.26400000000001,-8.291448410986861,-0.44574
8037,51.26400000000001,-10.74817386609408,-0.48093
8047,51.26400000000001,-12.590717957424493,-0.51612
8057,50.672,-15.04744341253171,-0.5395800000000001
8068,50.376000000000005,-17.504168867638928,-0.568905
8078,50.08000000000001,-21.189257050299755,-0.59823
8088,49.488,-25.48852659673739,-0.6216900000000001
8098,49.19200000000001,-29.78779614317502,-0.64515
8108,48.599999999999994,-33.47288432583584,-0.65688
8118,48.00800000000001,-39.00051659982709,-0.662745
8128,47.416,-43.91396751004152,-0.6803400000000001
8138,46.52800000000002,-48.82741842025597,-0.6920700000000001
8148,45.93600000000001,-56.81177614935442,-0.7038000000000001
8159,44.75200000000001,-59.26850160446163,-0.7038000000000001
8168,43.864000000000004,-66.0244966060065,-0.7096650000000001
8178,42.976,-70.93794751622093,-0.6979350000000001
8188,42.087999999999994,-77.69394251776578,-0.721395
8199,40.903999999999996,-81.99321206420342,-0.6979350000000001
8209,39.42400000000001,-86.90666297441784,-0.6920700000000001
8219,38.536,-89.97756979330187,-0.674475
8229,37.05600000000001,-94.8910207035163,-0.66861
8240,35.57600000000002,-97.96192752240033,-0.639285
8249,34.391999999999996,-104.10374116016837,-0.651015
8259,33.208,-104.10374116016837,-0.59823
8269,32.024,-107.1746479790524,-0.5865
8280,30.24800000000002,-108.40301070660601,-0.5513100000000001
8290,29.06400000000002,-110.85973616171322,-0.533715
8300,27.879999999999995,-109.63137343415963,-0.50439
8310,26.695999999999998,-108.40301070660601,-0.48093
8320,25.216000000000008,-105.9462852514988,-0.43401
8330,23.73600000000002,-104.71792252394518,-0.404685
8340,22.848000000000013,-100.41865297750753,-0.36363
8350,21.960000000000008,-96.11938343106992,-0.322575
8360,21.072000000000003,-91.20593252085547,-0.28152
8371,20.480000000000018,-86.90666297441784,-0.240465
8381,19.592000000000013,-78.92230524531938,-0.19941
8390,19.29600000000002,-71.55212887999772,-0.15249000000000001
8400,19.0,-63.56777115089927,-0.11730000000000002
8411,18.704000000000008,-54.969232058024005,-0.07038
8421,18.408000000000015,-46.37069296514874,-0.02346
8431,18.408000000000015,-37.15797250849668,0.02346
8441,18.408000000000015,-29.173614779398218,0.07624500000000001
8451,18.408000000000015,-22.417619777853368,0.12316500000000001
8461,18.408000000000015,-16.275806140085322,0.17595000000000002
8471,18.408000000000015,-11.362355229870884,0.22287
8481,18.704000000000008,-5.834722955879643,0.27565500000000004
8492,18.408000000000015,-3.9921788645492295,0.30498000000000003
8502,17.816000000000003,-0.3070906818884023,0.36363
8512,18.408000000000015,1.5354534094420114,0.39295500000000005
8521,18.408000000000015,-0.9212720456652067,0.42814500000000005
8531,18.408000000000015,3.377997500772425,0.49852500000000005
8542,18.704000000000008,2.7638161369956205,0.52785
8552,18.704000000000008,0.3070906818884023,0.52785
8562,19.0,5.834722955879643,0.5865
8572,19.29600000000002,9.51981113854047,0.6275550000000001
8582,19.592000000000013,12.590717957424493,0.64515
8592,20.480000000000018,15.661624776308516,0.674475
8602,20.183999999999997,18.732531595192537,0.6920700000000001
8612,20.480000000000018,23.03180114163017,0.721395
8623,21.072000000000003,28.559433415621413,0.73899
8633,21.960000000000008,34.70124705338946,0.7565850000000001
8643,22.55200000000002,40.228879327380696,0.744855
8652,23.144000000000005,42.07142341871111,0.733125
8663,24.328000000000003,53.740869330470396,0.7800450000000001
8673,25.216000000000008,60.49686433201524,0.791775
8683,26.104000000000013,64.79613387845288,0.7741800000000001
8693,27.28800000000001,71.55212887999772,0.7741800000000001
8704,28.176000000000016,78.92230524531938,0.7741800000000001
8714,29.360000000000014,84.44993751931062,0.7683150000000001
8723,31.135999999999996,88.74920706574827,0.75072
8733,32.024,94.2768393397395,0.744855
8743,32.912000000000006,99.19029024995393,0.72726
8754,34.68800000000002,98.57610888617712,0.65688
8764,36.464,103.48955979639157,0.66861
8774,37.94400000000002,105.33210388772198,0.6216900000000001
8784,38.83200000000002,110.85973616171322,0.6216900000000001
8794,40.31200000000001,109.63137343415963,0.57477
8805,42.087999999999994,111.47391752549001,0.5454450000000001
8815,42.976,110.2455547979364,0.51612
8825,44.16,107.7888293428292,0.475065
8835,45.343999999999994,104.10374116016837,0.42228000000000004
8845,46.52800000000002,101.64701570506115,0.39295500000000005
8855,47.416,97.34774615862352,0.35190000000000005
8865,48.599999999999994,91.82011388463228,0.30498000000000003
8876,49.19200000000001,85.67830024686424,0.25806
8886,50.08000000000001,78.92230524531938,0.217005
8895,50.376000000000005,71.55212887999772,0.16422
8905,50.672,62.95358978712247,0.12316500000000001
8915,51.26400000000001,53.12668796669359,0.07624500000000001
8926,51.26400000000001,43.29978614626472,0.02346
8936,51.26400000000001,34.70124705338946,-0.01173
8946,51.26400000000001,26.102707960514195,-0.05865000000000001
8956,51.26400000000001,18.118350231415736,-0.111435
8966,51.56,11.362355229870884,-0.15249000000000001
8976,51.26400000000001,4.606360228326034,-0.19941
8986,51.26400000000001,0.3070906818884023,-0.24633000000000002
8996,50.96800000000002,-2.149634773218816,-0.287385
9007,51.26400000000001,-4.606360228326034,-0.334305
9017,51.26400000000001,-5.834722955879643,-0.37536
9027,50.96800000000002,-5.834722955879643,-0.41055
9036,51.26400000000001,-6.448904319656448,-0.44574
9047,50.96800000000002,-7.063085683433252,-0.48679500000000003
9057,50.96800000000002,-9.51981113854047,-0.51612
9067,50.672,-11.362355229870884,-0.533715
9077,50.376000000000005,-15.04744341253171,-0.568905
9088,49.78400000000002,-17.504168867638928,-0.59823
9098,49.78400000000002,-21.189257050299755,-0.6158250000000001
9107,49.19200000000001,-25.48852659673739,-0.639285
9117,49.488,-30.401977506951823,-0.66861
9127,48.304,-35.31542841716626,-0.662745
9138,47.71200000000002,-39.614697963603895,-0.6920700000000001
9148,47.120000000000005,-45.75651160137193,-0.6979350000000001
9158,45.93600000000001,-48.82741842025597,-0.6920700000000001
9167,45.343999999999994,-54.969232058024005,-0.6979350000000001
9178,44.45600000000002,-61.11104569579205,-0.7096650000000001
9188,43.27200000000002,-69.0954034248905,-0.721395
9198,42.68000000000001,-74.62303569888176,-0.721395
9208,40.608000000000004,-75.85139842643535,-0.674475
9219,40.31200000000001,-82.60739342798021,-0.6803400000000001
9229,38.83200000000002,-86.90666297441784,-0.674475
9238,37.352000000000004,-93.0484766121859,-0.66861
9248,36.464,-95.50520206729311,-0.639285
9259,35.28,-100.41865297750753,-0.6334200000000001
9269,33.80000000000001,-103.48955979639157,-0.6158250000000001
9279,32.32000000000002,-104.10374116016837,-0.57477
9289,31.432000000000016,-106.56046661527559,-0.56304
9299,29.951999999999998,-107.1746479790524,-0.52785
9309,28.768,-107.1746479790524,-0.49852500000000005
9319,28.176000000000016,-107.7888293428292,-0.48093
9329,26.400000000000006,-104.71792252394518,-0.42814500000000005
9339,25.216000000000008,-102.26119706883796,-0.39882
9350,24.328000000000003,-99.19029024995393,-0.369495
9360,23.144000000000005,-94.2768393397395,-0.322575
9370,22.55200000000002,-89.36338842952506,-0.27565500000000004
9379,21.367999999999995,-83.221574791757,-0.23460000000000003
9390,20.77600000000001,-77.07976115398897,-0.19354500000000002
9400,20.480000000000018,-69.70958478866731,-0.15249000000000001
9410,20.480000000000018,-61.11104569579205,-0.11730000000000002
9420,20.183999999999997,-52.512506602916794,-0.064515
9431,19.888000000000005,-43.29978614626472,-0.02346
9441,19.592000000000013,-35.31542841716626,0.03519
9450,19.888000000000005,-26.716889324290996,0.07624500000000001
9460,19.888000000000005,-19.96089432274615,0.12903
9470,19.592000000000013,-13.819080684978102,0.181815
9481,19.888000000000005,-7.677267047210057,0.22873500000000002
9491,19.888000000000005,-3.9921788645492295,0.27565500000000004
9501,19.888000000000005,-0.9212720456652067,0.322575
9511,19.592000000000013,-1.5354534094420114,0.34603500000000004
9521,19.888000000000005,3.9921788645492295,0.43401
9531,19.592000000000013,1.5354534094420114,0.45160500000000003
9541,19.888000000000005,1.5354534094420114,0.48679500000000003
9551,19.592000000000013,1.5354534094420114,0.52785
9562,19.592000000000013,1.5354534094420114,0.56304
9572,19.592000000000013,0.9212720456652067,0.592365
9581,20.183999999999997,1.5354534094420114,0.6275550000000001
9591,19.888000000000005,0.9212720456652067,0.651015
9602,20.183999999999997,3.377997500772425,0.6803400000000001
9612,20.480000000000018,7.677267047210057,0.6979350000000001
9622,20.77600000000001,7.677267047210057,0.6803400000000001
9632,21.072000000000003,18.118350231415736,0.73899
9643,21.367999999999995,23.03180114163017,0.75072
9652,22.256,29.78779614317502,0.7624500000000001
9662,23.144000000000005,35.31542841716626,0.7565850000000001
9672,23.73600000000002,39.614697963603895,0.7565850000000001
9682,24.328000000000003,51.28414387536318,0.803505
9693,25.512,54.969232058024005,0.7800450000000001
9703,26.104000000000013,61.11104569579205,0.7624500000000001
9713,27.584000000000003,67.2528593335601,0.7683150000000001
9723,28.176000000000016,74.00885433510496,0.7683150000000001
9733,29.360000000000014,78.92230524531938,0.75072
9743,30.54400000000001,80.7648493366498,0.7038000000000001
9753,32.024,83.83575615553382,0.6920700000000001
9763,33.208,89.97756979330187,0.6920700000000001
9774,34.68800000000002,95.50520206729311,0.66861
9784,35.57600000000002,96.73356479484671,0.651015
9794,37.05600000000001,96.73356479484671,0.604095
9805,38.24000000000001,99.80447161373074,0.5865
9816,39.42400000000001,97.96192752240033,0.521985
9825,40.608000000000004,99.80447161373074,0.510255
9835,41.792,99.80447161373074,0.49266000000000004
9845,42.976,96.11938343106992,0.43401
9856,43.864000000000004,93.66265797596269,0.39295500000000005
9866,44.75200000000001,89.36338842952506,0.35190000000000005
9876,45.93600000000001,84.44993751931062,0.30498000000000003
9885,46.52800000000002,78.92230524531938,0.25806
9895,47.120000000000005,72.16631024377453,0.205275
9906,47.416,64.79613387845288,0.16422
9916,47.71200000000002,56.19759478557762,0.11730000000000002
9926,48.00800000000001,47.59905569270235,0.07624500000000001
9936,48.00800000000001,39.00051659982709,0.02346
9947,48.304,29.78779614317502,-0.017595
9956,48.00800000000001,23.03180114163017,-0.064515
9966,48.00800000000001,15.661624776308516,-0.11730000000000002
9976,48.00800000000001,10.133992502317275,-0.15835500000000002
9987,48.304,5.220541592102839,-0.205275
9997,48.00800000000001,0.9212720456652067,-0.252195
10007,48.00800000000001,-2.149634773218816,-0.29325
10017,48.00800000000001,-3.377997500772425,-0.34017000000000003
10027,47.71200000000002,-5.220541592102839,-0.38709000000000005
10037,48.304,-5.220541592102839,-0.41641500000000004
10047,48.00800000000001,-5.220541592102839,-0.45160500000000003
10057,48.00800000000001,-5.220541592102839,-0.48679500000000003
10067,47.71200000000002,-4.606360228326034,-0.521985
10078,47.71200000000002,-3.9921788645492295,-0.533715
10088,47.71200000000002,-6.448904319656448,-0.56304
10097,47.71200000000002,-9.51981113854047,-0.592365
10107,47.120000000000005,-15.661624776308516,-0.639285
10118,47.120000000000005,-16.889987503862123,-0.6275550000000001
10128,46.232,-23.645982505406977,-0.651015
10138,45.93600000000001,-27.94525205184461,-0.674475
10148,45.343999999999994,-34.08706568961265,-0.6979350000000001
10159,45.048,-39.614697963603895,-0.7038000000000001
10168,43.864000000000004,-43.29978614626472,-0.6979350000000001
10178,43.27200000000002,-50.05578114780957,-0.71553
10188,42.68000000000001,-54.969232058024005,-0.7096650000000001
10199,41.792,-61.11104569579205,-0.7096650000000001
10209,40.903999999999996,-66.6386779697833,-0.7038000000000001
10219,39.42400000000001,-70.93794751622093,-0.6920700000000001
10229,38.83200000000002,-76.46557979021216,-0.6862050000000001
10238,37.05600000000001,-81.99321206420342,-0.6862050000000001
10249,36.168000000000006,-85.67830024686424,-0.65688
10259,35.28,-89.36338842952506,-0.651015
10269,33.80000000000001,-91.82011388463228,-0.6158250000000001
10279,32.616000000000014,-94.8910207035163,-0.604095
10290,31.432000000000016,-97.34774615862352,-0.57477
10300,30.24800000000002,-99.19029024995393,-0.5571750000000001
10309,29.360000000000014,-99.80447161373074,-0.52785
10319,27.879999999999995,-99.80447161373074,-0.49852500000000005
10330,26.99200000000002,-99.19029024995393,-0.46920000000000006
10340,25.80800000000002,-97.34774615862352,-0.42814500000000005
10350,24.623999999999995,-95.50520206729311,-0.404685
10360,23.73600000000002,-89.97756979330187,-0.34017000000000003
10371,22.848000000000013,-88.13502570197146,-0.31671000000000005
10381,21.664000000000016,-83.221574791757,-0.27565500000000004
10390,21.072000000000003,-77.69394251776578,-0.23460000000000003
10400,20.480000000000018,-71.55212887999772,-0.19354500000000002
10411,20.183999999999997,-64.79613387845288,-0.146625
10421,20.183999999999997,-55.58341342180081,-0.10557000000000001
10431,19.888000000000005,-47.59905569270235,-0.064515
10441,20.183999999999997,-40.843060691157504,-0.03519
10451,19.592000000000013,-31.630340234505436,0.029325000000000004
10461,19.29600000000002,-22.417619777853368,0.09384
10471,19.592000000000013,-16.889987503862123,0.13489500000000001
10481,19.592000000000013,-11.976536593647689,0.181815
10491,19.592000000000013,-7.063085683433252,0.23460000000000003
10502,19.592000000000013,-3.377997500772425,0.28152
10512,19.592000000000013,-1.5354534094420114,0.32844
10521,19.592000000000013,-0.3070906818884023,0.37536
10531,19.888000000000005,2.149634773218816,0.42228000000000004
10542,19.592000000000013,1.5354534094420114,0.45747000000000004
10552,19.592000000000013,1.5354534094420114,0.48679500000000003
10562,19.592000000000013,1.5354534094420114,0.533715
10572,19.592000000000013,-0.9212720456652067,0.5513100000000001
10583,19.592000000000013,0.3070906818884023,0.59823
10593,19.888000000000005,-0.9212720456652067,0.604095
10602,19.888000000000005,2.149634773218816,0.65688
10612,20.183999999999997,6.448904319656448,0.674475
10622,20.480000000000018,6.448904319656448,0.66861
10633,20.480000000000018,15.661624776308516,0.721395
10643,21.367999999999995,21.189257050299755,0.733125
10653,21.664000000000016,27.94525205184461,0.7624500000000001
10663,22.256,32.85870296205905,0.7624500000000001
10674,23.144000000000005,40.843060691157504,0.7800450000000001
10683,24.03200000000001,47.59905569270235,0.7741800000000001
10693,24.920000000000016,53.12668796669359,0.7800450000000001
10703,25.80800000000002,55.58341342180081,0.744855
10714,26.695999999999998,66.0244966060065,0.7741800000000001
10724,27.879999999999995,72.78049160755134,0.7683150000000001
10734,29.06400000000002,78.30812388154258,0.7565850000000001
10744,29.951999999999998,78.92230524531938,0.6979350000000001
10754,31.432000000000016,88.74920706574827,0.733125
10764,32.912000000000006,93.0484766121859,0.71553
10774,34.096000000000004,97.34774615862352,0.7096650000000001
10784,35.57600000000002,98.57610888617712,0.662745
10795,36.76000000000002,101.64701570506115,0.64515
10805,37.94400000000002,101.03283434128434,0.592365
10815,39.128000000000014,104.10374116016837,0.5571750000000001
10824,40.608000000000004,104.71792252394518,0.5513100000000001
10834,42.384000000000015,104.71792252394518,0.50439
10845,42.976,102.26119706883796,0.46920000000000006
10855,43.864000000000004,99.80447161373074,0.43401
10865,45.640000000000015,96.11938343106992,0.38709000000000005
10875,46.52800000000002,90.59175115707866,0.334305
10886,47.120000000000005,86.29248161064103,0.30498000000000003
10896,47.71200000000002,81.37903070042661,0.25806
10906,48.304,74.62303569888176,0.205275
10915,48.896000000000015,66.0244966060065,0.15249000000000001
10926,48.599999999999994,59.88268296823844,0.12316500000000001
10936,49.488,49.44159978403276,0.07038
10946,49.488,40.228879327380696,0.029325000000000004
10956,49.78400000000002,32.24452159828224,-0.02346
10967,49.488,23.03180114163017,-0.07038
10977,49.78400000000002,15.661624776308516,-0.111435
10986,49.488,8.905629774763666,-0.16422
10996,49.488,2.7638161369956205,-0.21114000000000002
11006,50.08000000000001,-2.149634773218816,-0.25806
11017,49.488,-3.9921788645492295,-0.299115
11027,49.78400000000002,-5.834722955879643,-0.34603500000000004
11037,49.19200000000001,-6.448904319656448,-0.38122500000000004
11047,49.19200000000001,-7.677267047210057,-0.41055
11057,49.19200000000001,-8.905629774763666,-0.45747000000000004
11067,48.896000000000015,-10.74817386609408,-0.48679500000000003
11077,48.599999999999994,-13.204899321201298,-0.51612
11087,48.304,-16.275806140085322,-0.5454450000000001
11098,47.71200000000002,-19.34671295896934,-0.568905
11108,47.71200000000002,-24.874345232960582,-0.59823
11117,47.120000000000005,-28.559433415621413,-0.6216900000000001
11127,46.52800000000002,-32.85870296205905,-0.64515
11138,46.232,-37.15797250849668,-0.662745
11148,45.048,-41.457242054934305,-0.662745
11158,44.45600000000002,-47.59905569270235,-0.6862050000000001
11168,43.864000000000004,-53.12668796669359,-0.6979350000000001
11179,42.976,-57.42595751313123,-0.6920700000000001
11188,42.087999999999994,-64.18195251467608,-0.7038000000000001
11198,41.20000000000002,-69.70958478866731,-0.72726
11208,40.31200000000001,-75.23721706265856,-0.7096650000000001
11218,38.83200000000002,-79.53648660909619,-0.6979350000000001
11229,37.94400000000002,-85.67830024686424,-0.6979350000000001
11239,36.464,-87.52084433819465,-0.66861
11249,35.28,-95.50520206729311,-0.6862050000000001
11258,34.096000000000004,-99.19029024995393,-0.66861
11269,32.616000000000014,-104.10374116016837,-0.651015
11279,31.135999999999996,-104.71792252394518,-0.6216900000000001
11289,30.24800000000002,-108.40301070660601,-0.59823
11299,28.768,-109.63137343415963,-0.568905
11310,27.584000000000003,-110.2455547979364,-0.5571750000000001
11320,25.80800000000002,-110.85973616171322,-0.52785
11329,24.623999999999995,-110.85973616171322,-0.49852500000000005
11339,23.439999999999998,-109.01719207038282,-0.46920000000000006
11350,22.256,-107.1746479790524,-0.42228000000000004
11360,20.77600000000001,-105.33210388772198,-0.39295500000000005
11370,19.592000000000013,-101.03283434128434,-0.357765
11380,19.0,-96.73356479484671,-0.31671000000000005
11390,17.816000000000003,-91.82011388463228,-0.26979000000000003
11400,17.224000000000018,-85.67830024686424,-0.23460000000000003
11410,16.632000000000005,-78.30812388154258,-0.19354500000000002
11420,16.04000000000002,-70.93794751622093,-0.15249000000000001
11430,15.744,-62.33940842334566,-0.111435
11441,15.448000000000008,-53.12668796669359,-0.064515
11451,15.152000000000015,-44.52814887381833,-0.017595
11461,14.856000000000023,-35.92960978094307,0.02346
11470,15.152000000000015,-27.3310706880678,0.08211
11481,14.856000000000023,-19.34671295896934,0.146625
11491,15.152000000000015,-15.661624776308516,0.18768
11501,15.448000000000008,-10.133992502317275,0.23460000000000003
11511,15.152000000000015,-5.220541592102839,0.28152
11522,15.448000000000008,-1.5354534094420114,0.32844
11532,15.152000000000015,2.149634773218816,0.39295500000000005
11541,15.448000000000008,1.5354534094420114,0.41641500000000004
11551,16.04000000000002,3.377997500772425,0.46920000000000006
11561,15.448000000000008,1.5354534094420114,0.49266000000000004
11572,15.152000000000015,-0.3070906818884023,0.51612
11582,15.744,1.5354534094420114,0.56304
11592,15.448000000000008,3.377997500772425,0.59823
11602,15.448000000000008,6.448904319656448,0.639285
11612,16.04000000000002,8.905629774763666,0.65688
11622,16.336000000000013,12.590717957424493,0.6803400000000001
11632,16.336000000000013,16.275806140085322,0.7096650000000001
11642,17.224000000000018,19.34671295896934,0.72726
11653,17.52000000000001,23.03180114163017,0.73899
11663,17.816000000000003,27.3310706880678,0.7565850000000001
11673,18.408000000000015,31.630340234505436,0.7565850000000001
11682,19.29600000000002,39.00051659982709,0.7741800000000001
11693,20.183999999999997,45.14233023759514,0.7800450000000001
11703,21.072000000000003,51.28414387536318,0.7800450000000001
11713,21.664000000000016,54.355050694247204,0.75072
11723,23.144000000000005,64.18195251467608,0.7800450000000001
11732,24.03200000000001,68.4812220611137,0.7624500000000001
11743,24.920000000000016,72.16631024377453,0.73899
11753,26.104000000000013,78.92230524531938,0.75072
11763,26.99200000000002,81.37903070042661,0.7038000000000001
11773,28.47200000000001,89.36338842952506,0.71553
11784,29.656000000000006,92.43429524840909,0.6920700000000001
11793,31.432000000000016,93.66265797596269,0.662745
11803,32.32000000000002,96.73356479484671,0.6334200000000001
11813,33.50400000000002,101.03283434128434,0.6099600000000001
11824,34.68800000000002,99.80447161373074,0.57477
11834,35.872000000000014,99.80447161373074,0.5395800000000001
11844,37.05600000000001,98.57610888617712,0.50439
11854,38.24000000000001,97.34774615862352,0.46333500000000005
11865,39.42400000000001,95.50520206729311,0.42228000000000004
11874,40.31200000000001,91.82011388463228,0.38122500000000004
11884,41.20000000000002,88.13502570197146,0.34603500000000004
11894,42.087999999999994,83.221574791757,0.299115
11905,42.976,77.07976115398897,0.252195
11915,43.56800000000001,70.93794751622093,0.205275
11925,43.56800000000001,62.95358978712247,0.15835500000000002
11934,43.864000000000004,53.740869330470396,0.111435
11945,44.16,45.75651160137193,0.07038
11955,44.16,37.77215387227348,0.02346
11965,44.45600000000002,29.173614779398218,-0.029325000000000004
11975,44.45600000000002,21.189257050299755,-0.07038
11985,44.45600000000002,14.433262048754909,-0.11730000000000002
11996,44.45600000000002,8.905629774763666,-0.17008500000000001
12006,44.75200000000001,2.7638161369956205,-0.22287
12015,44.45600000000002,-0.3070906818884023,-0.25806
12025,44.16,-2.7638161369956205,-0.299115
12036,44.16,-3.9921788645492295,-0.34603500000000004
12046,44.16,-5.220541592102839,-0.38122500000000004
12056,44.16,-5.220541592102839,-0.42228000000000004
12066,44.16,-5.220541592102839,-0.45747000000000004
12077,44.16,-5.220541592102839,-0.48679500000000003
12086,44.16,-5.220541592102839,-0.521985
12096,44.45600000000002,-5.220541592102839,-0.5513100000000001
12106,43.56800000000001,-8.905629774763666,-0.580635
12116,43.864000000000004,-11.362355229870884,-0.604095
12127,43.27200000000002,-15.661624776308516,-0.6275550000000001
12137,42.68000000000001,-18.118350231415736,-0.639285
12146,42.68000000000001,-23.03180114163017,-0.662745
12156,42.087999999999994,-27.3310706880678,-0.6803400000000001
12167,41.49600000000001,-32.24452159828224,-0.6862050000000001
12177,41.20000000000002,-37.77215387227348,-0.6979350000000001
12187,40.608000000000004,-41.457242054934305,-0.6920700000000001
12197,39.42400000000001,-48.82741842025597,-0.7096650000000001
12208,38.536,-54.355050694247204,-0.71553
12217,37.94400000000002,-59.26850160446163,-0.7038000000000001
12227,36.76000000000002,-65.41031524222969,-0.7038000000000001
12237,35.872000000000014,-70.32376615244412,-0.6979350000000001
12248,34.98400000000001,-74.62303569888176,-0.6920700000000001
12258,33.208,-77.69394251776578,-0.65688
12268,32.912000000000006,-83.83575615553382,-0.662745
12278,31.432000000000016,-86.29248161064103,-0.639285
12288,30.54400000000001,-90.59175115707866,-0.6275550000000001
12298,29.06400000000002,-93.0484766121859,-0.592365
12308,27.879999999999995,-95.50520206729311,-0.5865
12318,26.695999999999998,-96.73356479484671,-0.5571750000000001
12328,25.512,-97.34774615862352,-0.521985
12339,24.623999999999995,-97.96192752240033,-0.49852500000000005
12349,23.439999999999998,-96.11938343106992,-0.45747000000000004
12358,22.256,-95.50520206729311,-0.42814500000000005
12368,21.367999999999995,-92.43429524840909,-0.38709000000000005
12379,20.183999999999997,-89.36338842952506,-0.35190000000000005
12389,19.888000000000005,-85.67830024686424,-0.31084500000000004
12399,18.704000000000008,-80.7648493366498,-0.26979000000000003
12409,17.816000000000003,-75.23721706265856,-0.22873500000000002
12419,17.224000000000018,-68.4812220611137,-0.18768
12429,17.224000000000018,-61.72522705956886,-0.146625
12439,16.927999999999997,-53.12668796669359,-0.10557000000000001
12449,16.632000000000005,-45.14233023759514,-0.05865000000000001
12460,16.632000000000005,-37.15797250849668,-0.01173
12470,16.632000000000005,-29.173614779398218,0.041055
12480,16.336000000000013,-21.189257050299755,0.08797500000000001
12490,16.927999999999997,-16.889987503862123,0.12316500000000001
12499,16.632000000000005,-9.51981113854047,0.19354500000000002
12510,16.632000000000005,-5.834722955879643,0.240465
12520,16.632000000000005,-2.7638161369956205,0.287385
12530,16.632000000000005,-0.3070906818884023,0.334305
12540,16.336000000000013,0.9212720456652067,0.37536
12551,16.632000000000005,0.9212720456652067,0.41641500000000004
12561,16.04000000000002,4.606360228326034,0.48679500000000003
12570,16.632000000000005,1.5354534094420114,0.49852500000000005
12580,16.632000000000005,1.5354534094420114,0.533715
12591,16.632000000000005,2.7638161369956205,0.57477
12601,16.927999999999997,2.7638161369956205,0.604095
12611,17.224000000000018,5.220541592102839,0.6275550000000001
12621,17.224000000000018,8.291448410986861,0.65688
12632,17.816000000000003,12.590717957424493,0.6803400000000001
12641,17.816000000000003,17.504168867638928,0.7038000000000001
12651,18.408000000000015,21.803438414076563,0.71553
12661,19.0,27.3310706880678,0.73899
12672,19.592000000000013,33.47288432583584,0.75072
12682,20.183999999999997,37.77215387227348,0.7624500000000001
12692,21.072000000000003,43.91396751004152,0.7683150000000001
12702,21.960000000000008,48.82741842025597,0.7741800000000001
12711,22.848000000000013,53.12668796669359,0.7565850000000001
12722,23.73600000000002,61.11104569579205,0.7741800000000001
12732,24.623999999999995,66.6386779697833,0.7683150000000001
12742,25.512,70.93794751622093,0.744855
12752,26.695999999999998,78.92230524531938,0.7624500000000001
12763,28.176000000000016,84.44993751931062,0.744855
12773,29.656000000000006,88.13502570197146,0.721395
12782,30.24800000000002,90.59175115707866,0.6862050000000001
12792,32.024,96.11938343106992,0.6803400000000001
12803,33.50400000000002,97.34774615862352,0.651015
12813,34.68800000000002,101.03283434128434,0.6334200000000001
12823,35.872000000000014,102.87537843261477,0.604095
12833,37.05600000000001,102.87537843261477,0.56304
12844,38.536,104.10374116016837,0.533715
12853,39.72,103.48955979639157,0.49852500000000005
12863,40.608000000000004,99.19029024995393,0.45747000000000004
12873,41.792,97.96192752240033,0.41641500000000004
12883,42.976,94.8910207035163,0.38709000000000005
12894,43.864000000000004,89.97756979330187,0.34017000000000003
12904,44.75200000000001,85.06411888308743,0.29325
12914,45.640000000000015,78.92230524531938,0.252195
12924,46.232,71.55212887999772,0.205275
12934,46.232,64.18195251467608,0.15249000000000001
12944,46.82400000000001,56.81177614935442,0.12316500000000001
12954,46.82400000000001,46.98487432892555,0.07038
12964,46.82400000000001,37.15797250849668,0.01173
12975,47.120000000000005,29.78779614317502,-0.02346
12985,47.120000000000005,21.803438414076563,-0.07624500000000001
12995,46.82400000000001,14.433262048754909,-0.12316500000000001
13004,47.120000000000005,8.905629774763666,-0.17008500000000001
13015,46.82400000000001,3.9921788645492295,-0.217005
13025,47.120000000000005,0.3070906818884023,-0.263925
13035,47.120000000000005,-2.149634773218816,-0.31084500000000004
13045,47.120000000000005,-3.377997500772425,-0.34603500000000004
13056,46.82400000000001,-4.606360228326034,-0.38709000000000005
13065,47.120000000000005,-5.834722955879643,-0.42814500000000005
13075,46.82400000000001,-5.220541592102839,-0.45747000000000004
13085,46.82400000000001,-5.220541592102839,-0.49266000000000004
13095,46.82400000000001,-4.606360228326034,-0.521985
13106,46.82400000000001,-4.606360228326034,-0.5513100000000001
13116,47.416,-5.834722955879643,-0.5865
13126,46.52800000000002,-7.063085683433252,-0.604095
13135,46.232,-10.74817386609408,-0.6216900000000001
13146,45.93600000000001,-15.661624776308516,-0.64515
13156,45.640000000000015,-19.96089432274615,-0.662745
13166,45.048,-25.48852659673739,-0.674475
13176,44.45600000000002,-30.401977506951823,-0.6862050000000001
13187,43.864000000000004,-35.92960978094307,-0.7038000000000001
13197,43.56800000000001,-40.843060691157504,-0.7038000000000001
13207,42.68000000000001,-45.75651160137193,-0.71553
13216,42.087999999999994,-50.66996251158638,-0.71553
13227,41.20000000000002,-56.19759478557762,-0.7096650000000001
13237,40.01600000000002,-61.11104569579205,-0.6979350000000001
13247,38.83200000000002,-66.0244966060065,-0.6920700000000001
13257,38.24000000000001,-71.55212887999772,-0.6920700000000001
13267,37.352000000000004,-76.46557979021216,-0.6803400000000001
13278,36.168000000000006,-81.37903070042661,-0.651015
13287,34.68800000000002,-81.99321206420342,-0.6158250000000001
13297,34.096000000000004,-88.13502570197146,-0.6275550000000001
13307,32.616000000000014,-90.59175115707866,-0.59823
13318,31.72800000000001,-93.0484766121859,-0.580635
13328,30.24800000000002,-93.66265797596269,-0.5513100000000001
13338,29.06400000000002,-95.50520206729311,-0.521985
13347,28.176000000000016,-95.50520206729311,-0.49266000000000004
13358,26.695999999999998,-94.8910207035163,-0.45160500000000003
13368,26.104000000000013,-93.66265797596269,-0.42228000000000004
13378,24.920000000000016,-91.20593252085547,-0.38709000000000005
13388,24.328000000000003,-88.13502570197146,-0.35190000000000005
13399,22.848000000000013,-83.221574791757,-0.30498000000000003
13409,22.256,-78.92230524531938,-0.263925
13418,21.664000000000016,-74.00885433510496,-0.22873500000000002
13428,21.072000000000003,-67.2528593335601,-0.17595000000000002
13438,21.072000000000003,-60.49686433201524,-0.14076
13449,20.77600000000001,-52.512506602916794,-0.099705
13459,20.480000000000018,-43.91396751004152,-0.05865000000000001
13469,20.480000000000018,-35.92960978094307,-0.005865
13479,20.480000000000018,-28.559433415621413,0.04692
13489,20.480000000000018,-21.189257050299755,0.09384
13499,20.480000000000018,-15.661624776308516,0.146625
13509,20.480000000000018,-11.362355229870884,0.19354500000000002
13519,20.480000000000018,-7.063085683433252,0.240465
13530,20.480000000000018,-3.377997500772425,0.29325
13540,20.480000000000018,-0.9212720456652067,0.334305
13550,20.480000000000018,-0.9212720456652067,0.369495
13559,20.480000000000018,-0.3070906818884023,0.41055
13570,20.480000000000018,0.3070906818884023,0.45160500000000003
13580,20.183999999999997,2.7638161369956205,0.510255
13590,20.183999999999997,3.9921788645492295,0.5513100000000001
13600,21.072000000000003,4.606360228326034,0.568905
13611,21.367999999999995,7.677267047210057,0.59823
13620,21.367999999999995,10.133992502317275,0.6275550000000001
13630,21.664000000000016,14.433262048754909,0.651015
13640,21.960000000000008,19.96089432274615,0.6979350000000001
13650,22.55200000000002,26.102707960514195,0.7096650000000001
13661,23.439999999999998,29.173614779398218,0.71553
13671,24.03200000000001,36.543791144719876,0.7624500000000001
13681,24.920000000000016,40.228879327380696,0.73899
13691,24.920000000000016,46.37069296514874,0.744855
13701,26.104000000000013,55.58341342180081,0.7800450000000001
13711,27.28800000000001,58.04013887690803,0.7624500000000001
13721,28.176000000000016,67.8670406973369,0.791775
13731,29.06400000000002,72.16631024377453,0.7800450000000001
13742,30.24800000000002,78.92230524531938,0.7859100000000001
13752,31.72800000000001,86.90666297441784,0.7624500000000001
13762,32.912000000000006,88.13502570197146,0.75072
13771,34.391999999999996,92.43429524840909,0.721395
13782,35.57600000000002,98.57610888617712,0.733125
13792,37.05600000000001,102.26119706883796,0.7096650000000001
13802,38.24000000000001,104.71792252394518,0.66861
13812,39.42400000000001,108.40301070660601,0.65688
13822,41.49600000000001,110.85973616171322,0.6334200000000001
13833,42.384000000000015,112.70228025304363,0.604095
13842,44.16,113.93064298059724,0.57477
13852,45.048,114.54482434437405,0.5454450000000001
13862,46.52800000000002,112.08809888926682,0.49852500000000005
13873,48.00800000000001,109.63137343415963,0.45160500000000003
13883,49.488,105.9462852514988,0.41055
13893,50.376000000000005,104.10374116016837,0.37536
13903,51.26400000000001,99.19029024995393,0.334305
13914,52.152000000000015,93.66265797596269,0.29325
13923,53.04000000000002,87.52084433819465,0.24633000000000002
13933,53.33600000000001,80.150667972873,0.205275
13943,53.928,71.55212887999772,0.15249000000000001
13954,54.52000000000001,62.95358978712247,0.111435
13964,54.816,53.12668796669359,0.05865000000000001
13974,55.111999999999995,43.29978614626472,0.017595
13984,54.816,34.70124705338946,-0.029325000000000004
13993,54.816,27.3310706880678,-0.064515
14004,54.816,18.118350231415736,-0.12316500000000001
14014,54.816,10.74817386609408,-0.17008500000000001
14024,54.816,4.606360228326034,-0.22287
14034,54.816,0.3070906818884023,-0.26979000000000003
14045,54.816,-2.7638161369956205,-0.31084500000000004
14055,54.816,-3.9921788645492295,-0.34603500000000004
14064,55.111999999999995,-5.220541592102839,-0.38709000000000005
14074,54.816,-5.834722955879643,-0.41641500000000004
14085,54.52000000000001,-6.448904319656448,-0.45747000000000004
14095,54.22400000000002,-7.677267047210057,-0.49266000000000004
14105,54.22400000000002,-10.74817386609408,-0.52785
14115,53.928,-12.590717957424493,-0.5571750000000001
14126,54.22400000000002,-16.275806140085322,-0.568905
14135,53.33600000000001,-19.96089432274615,-0.604095
14145,53.04000000000002,-24.874345232960582,-0.6275550000000001
14155,52.744,-30.401977506951823,-0.65688
14166,51.855999999999995,-34.08706568961265,-0.64515
14176,51.26400000000001,-39.614697963603895,-0.6803400000000001
14186,50.672,-45.75651160137193,-0.7096650000000001
14196,49.488,-48.82741842025597,-0.6979350000000001
14205,48.896000000000015,-53.12668796669359,-0.6920700000000001
14216,48.304,-59.88268296823844,-0.7096650000000001
14226,47.416,-64.79613387845288,-0.71553
14236,46.52800000000002,-70.93794751622093,-0.71553
14246,45.343999999999994,-76.46557979021216,-0.7096650000000001
14257,44.16,-81.37903070042661,-0.6979350000000001
14267,42.976,-86.29248161064103,-0.6862050000000001
14276,41.792,-89.97756979330187,-0.66861
14286,40.31200000000001,-92.43429524840909,-0.651015
14297,39.42400000000001,-97.96192752240033,-0.6334200000000001
14307,37.94400000000002,-101.03283434128434,-0.6158250000000001
14317,36.464,-104.10374116016837,-0.592365
14327,35.57600000000002,-105.9462852514988,-0.580635
14337,34.096000000000004,-105.9462852514988,-0.5454450000000001
14347,32.912000000000006,-107.7888293428292,-0.51612
14357,31.135999999999996,-108.40301070660601,-0.49266000000000004
14367,30.24800000000002,-104.10374116016837,-0.44574
14377,29.06400000000002,-104.10374116016837,-0.42228000000000004
14388,27.879999999999995,-102.26119706883796,-0.38709000000000005
14398,26.695999999999998,-97.34774615862352,-0.34017000000000003
14407,25.80800000000002,-93.66265797596269,-0.299115
14417,24.920000000000016,-88.74920706574827,-0.26979000000000003
14428,24.328000000000003,-82.60739342798021,-0.22287
14438,23.73600000000002,-75.85139842643535,-0.17595000000000002
14448,23.73600000000002,-69.70958478866731,-0.146625
14458,23.144000000000005,-60.49686433201524,-0.099705
14469,21.960000000000008,-49.44159978403276,-0.029325000000000004
14478,22.55200000000002,-42.685604782487914,-0.005865
14488,22.256,-34.70124705338946,0.04692
14498,22.848000000000013,-27.3310706880678,0.09384
14509,22.55200000000002,-19.96089432274615,0.14076
14519,22.55200000000002,-13.819080684978102,0.19354500000000002
14529,22.848000000000013,-7.677267047210057,0.240465
14539,22.848000000000013,-3.377997500772425,0.29325
14548,22.848000000000013,-0.9212720456652067,0.34017000000000003
14559,22.848000000000013,0.9212720456652067,0.38122500000000004
14569,22.848000000000013,2.7638161369956205,0.42228000000000004
14579,22.55200000000002,4.606360228326034,0.46333500000000005
14589,23.439999999999998,7.063085683433252,0.51612
14600,23.439999999999998,7.677267047210057,0.533715
14610,23.73600000000002,9.51981113854047,0.568905
14619,23.73600000000002,13.204899321201298,0.59823
14629,24.328000000000003,13.819080684978102,0.604095
14640,24.623999999999995,22.417619777853368,0.66861
14650,25.216000000000008,26.102707960514195,0.6803400000000001
14660,25.512,31.016158870728628,0.6979350000000001
14670,26.400000000000006,37.77215387227348,0.733125
14681,26.695999999999998,42.07142341871111,0.73899
14690,27.879999999999995,48.21323705647916,0.75072
14700,28.768,55.58341342180081,0.7800450000000001
14710,29.951999999999998,61.72522705956886,0.7800450000000001
14721,30.54400000000001,67.8670406973369,0.7859100000000001
14731,31.432000000000016,73.39467297132815,0.791775
14741,33.208,73.39467297132815,0.733125
14751,34.391999999999996,83.221574791757,0.7624500000000001
14760,35.57600000000002,90.59175115707866,0.7800450000000001
14771,36.464,94.8910207035163,0.7565850000000001
14781,38.24000000000001,96.73356479484671,0.71553
14791,39.42400000000001,104.71792252394518,0.733125
14801,40.903999999999996,108.40301070660601,0.7096650000000001
14812,42.384000000000015,110.85973616171322,0.6803400000000001
14822,43.864000000000004,113.31646161682043,0.65688
14831,44.75200000000001,114.54482434437405,0.6216900000000001
14841,46.52800000000002,118.22991252703487,0.604095
14852,48.00800000000001,117.61573116325808,0.56304
14862,49.488,116.38736843570446,0.52785
14872,50.96800000000002,115.77318707192765,0.49852500000000005
14882,51.855999999999995,113.93064298059724,0.45747000000000004
14893,53.33600000000001,110.85973616171322,0.41641500000000004
14902,55.111999999999995,107.1746479790524,0.38122500000000004
14912,55.70400000000001,101.03283434128434,0.32844
14922,56.29600000000002,96.73356479484671,0.287385
14932,57.48000000000002,89.97756979330187,0.24633000000000002
14943,58.072,82.60739342798021,0.19941
14953,58.367999999999995,74.62303569888176,0.146625
14963,58.96000000000001,65.41031524222969,0.10557000000000001
14973,59.256,56.19759478557762,0.064515
14983,59.55200000000002,46.37069296514874,0.017595
14993,59.55200000000002,37.15797250849668,-0.029325000000000004
15003,59.55200000000002,27.94525205184461,-0.07624500000000001
15013,59.55200000000002,20.575075686522954,-0.12316500000000001
15024,59.55200000000002,13.204899321201298,-0.17008500000000001
15034,59.55200000000002,3.9921788645492295,-0.23460000000000003
15044,58.96000000000001,-0.3070906818884023,-0.26979000000000003
15053,59.256,-2.7638161369956205,-0.31084500000000004
15064,59.256,-5.220541592102839,-0.34603500000000004
15074,59.256,-6.448904319656448,-0.39295500000000005
15084,59.256,-8.291448410986861,-0.42814500000000005
15094,58.664000000000016,-9.51981113854047,-0.46333500000000005
15105,58.367999999999995,-10.74817386609408,-0.48679500000000003
15115,58.367999999999995,-14.433262048754909,-0.52785
15124,58.367999999999995,-16.889987503862123,-0.5513100000000001
15134,57.77600000000001,-19.96089432274615,-0.57477
15144,57.48000000000002,-25.48852659673739,-0.6216900000000001
15155,56.888000000000005,-27.3310706880678,-0.6216900000000001
15165,56.59200000000001,-32.85870296205905,-0.651015
15175,56.0,-36.543791144719876,-0.662745
15185,55.408000000000015,-42.07142341871111,-0.6803400000000001
15195,54.816,-46.37069296514874,-0.6862050000000001
15205,54.22400000000002,-51.898325239139986,-0.7038000000000001
15215,53.632000000000005,-58.65432024068484,-0.7096650000000001
15225,52.44800000000001,-62.95358978712247,-0.7096650000000001
15236,51.26400000000001,-68.4812220611137,-0.7096650000000001
15246,50.08000000000001,-74.00885433510496,-0.7096650000000001
15255,48.896000000000015,-78.92230524531938,-0.6979350000000001
15265,48.00800000000001,-84.44993751931062,-0.7038000000000001
15276,46.82400000000001,-88.74920706574827,-0.6862050000000001
15286,45.640000000000015,-92.43429524840909,-0.6803400000000001
15296,44.16,-96.73356479484671,-0.674475
15306,42.68000000000001,-99.80447161373074,-0.639285
15315,41.792,-102.87537843261477,-0.6275550000000001
15326,40.01600000000002,-105.9462852514988,-0.59823
15336,39.128000000000014,-107.1746479790524,-0.56304
15346,37.647999999999996,-109.01719207038282,-0.5513100000000001
15356,36.464,-109.01719207038282,-0.51612
15367,35.28,-109.01719207038282,-0.48679500000000003
15377,33.50400000000002,-107.1746479790524,-0.44574
15386,32.616000000000014,-105.9462852514988,-0.41641500000000004
15396,31.72800000000001,-104.10374116016837,-0.39295500000000005
15407,30.54400000000001,-99.19029024995393,-0.34603500000000004
15417,29.360000000000014,-94.8910207035163,-0.30498000000000003
15427,28.47200000000001,-89.36338842952506,-0.263925
