time,angle,velocity,current
301,73.464,-1.5409511965857612,-0.014662500000000002
317,73.76000000000002,-1.5409511965857612,-0.014662500000000002
327,74.05600000000001,-3.3834952879162015,-0.014662500000000002
337,74.05600000000001,-5.226039379246594,0.0087975
348,74.05600000000001,-5.840220743023424,0.0733125
357,74.352,-5.840220743023424,0.1612875
367,74.05600000000001,-5.840220743023424,0.27272250000000003
377,74.352,-5.226039379246594,0.3958875
388,74.352,-5.840220743023424,0.5190525
398,74.05600000000001,-3.9976766516929834,0.6598125
408,74.05600000000001,-5.226039379246594,0.7888425
417,74.05600000000001,-3.9976766516929834,0.9237375000000001
428,74.05600000000001,-3.3834952879162015,1.0586325
438,74.05600000000001,-3.3834952879162015,1.1817975
448,74.05600000000001,-2.769313924139372,1.3166925
458,74.05600000000001,-2.1551325603625906,1.4281275
468,74.05600000000001,-1.5409511965857612,1.5454275000000002
479,74.352,1.5299556222982427,1.6568625000000001
488,74.05600000000001,3.9866810774054646,1.7682975
498,74.05600000000001,5.829225168735857,1.8621375000000002
508,74.05600000000001,8.90013198761991,1.9559775000000001
519,74.352,11.356857442727131,2.0498175
529,74.05600000000001,13.199401534057523,2.1143325
539,74.05600000000001,15.656126989164745,2.1847125000000003
549,74.648,18.11285244427197,2.2492275000000004
559,74.94400000000002,21.7979406269328,2.2961475
569,75.24000000000001,24.25466608204002,2.3372025
579,75.536,26.711391537147247,2.3665275
589,75.832,31.62484244736169,2.4134475
600,76.424,34.69574926624569,2.4193125
610,77.31200000000001,35.30993063002248,2.4017175
620,77.90400000000001,41.45174426779053,2.4193125
629,78.2,40.83756290401375,2.3782575
640,78.792,43.29428835912097,2.3547975
650,79.68,46.365195178004974,2.3254725
660,80.272,49.43610199688898,2.2785525
670,80.864,51.27864608821942,2.2257675000000003
680,81.456,56.19209699843386,2.2023075000000003
690,82.048,53.73537154332664,2.1026025
700,83.232,54.96373427088025,2.0322225
710,83.82400000000001,55.57791563465703,1.9442475000000001
720,84.41600000000001,56.19209699843386,1.8562725000000002
731,85.00800000000001,56.19209699843386,1.7624325
741,85.896,56.19209699843386,1.6568625000000001
751,86.19200000000001,53.73537154332664,1.5336975000000002
760,86.784,50.05028336066581,1.4046675000000002
771,87.376,48.20773926933537,1.2815025
781,87.968,45.751013814228195,1.1466075
791,88.26400000000001,41.45174426779053,1.0117125
801,88.26400000000001,38.380837448906526,0.8768175
812,88.85600000000001,32.85320517491525,0.7301925
822,88.56,27.939754264700856,0.5835675
832,88.56,23.640484718263195,0.4428075
841,88.56,18.72703380804875,0.3196425
851,88.56,13.813582897834353,0.2375325
862,88.56,8.90013198761991,0.1671525
872,88.56,6.443406532512687,0.1319625
882,88.56,0.3015928947446316,0.08504250000000001
892,88.56,-3.3834952879162015,0.0557175
902,88.56,-6.454402106800205,0.0205275
912,88.56,-8.296946198130646,-0.014662500000000002
922,88.56,-9.525308925684257,-0.043987500000000006
932,88.56,-11.36785301701465,-0.08504250000000001
943,88.56,-12.59621574456826,-0.1202325
953,88.56,-13.824578472121871,-0.15542250000000002
963,88.56,-14.4387598358987,-0.19061250000000002
973,88.56,-15.052941199675482,-0.2199375
983,88.85600000000001,-16.281303927229093,-0.2609925
993,88.56,-17.509666654782706,-0.2961825
1003,88.26400000000001,-17.509666654782706,-0.31377750000000004
1013,87.968,-18.738029382336315,-0.34896750000000004
1024,87.67200000000001,-18.738029382336315,-0.3665625
1034,87.67200000000001,-19.352210746113098,-0.39002250000000005
1044,87.376,-21.194754837443536,-0.41348250000000003
1053,87.08000000000001,-20.580573473666707,-0.41934750000000004
1063,87.08000000000001,-22.42311756499715,-0.44867250000000003
1074,86.488,-24.87984302010437,-0.46626750000000006
1084,86.19200000000001,-25.494024383881154,-0.46626750000000006
1094,86.19200000000001,-26.722387111434763,-0.4721325
1104,85.304,-29.179112566541985,-0.48386250000000003
1115,85.00800000000001,-31.635838021649207,-0.49559250000000005
1124,84.712,-31.021656657872427,-0.4779975
1134,84.12,-32.864200749202816,-0.4779975
1144,83.82400000000001,-34.09256347675643,-0.46626750000000006
1155,83.528,-34.09256347675643,-0.44867250000000003
1165,82.936,-35.32092620431004,-0.4428075
1175,82.64,-34.70674484053321,-0.41348250000000003
1184,81.75200000000001,-36.54928893186365,-0.4076175
1195,81.75200000000001,-37.16347029564044,-0.38415750000000004
1205,81.456,-38.391833023194046,-0.3665625
1215,80.56800000000001,-37.777651659417266,-0.3372375
1225,80.272,-39.006014386970875,-0.31377750000000004
1235,79.976,-39.006014386970875,-0.27858750000000004
1246,79.384,-38.391833023194046,-0.24339750000000002
1255,79.08800000000001,-37.777651659417266,-0.20820750000000002
1265,78.49600000000001,-37.777651659417266,-0.1788825
1275,78.49600000000001,-37.16347029564044,-0.13782750000000002
1286,77.90400000000001,-37.16347029564044,-0.1026375
1296,77.31200000000001,-35.93510756808682,-0.08504250000000001
1306,77.016,-34.09256347675643,-0.0733125
1316,76.72000000000001,-34.09256347675643,-0.0557175
1326,76.72000000000001,-31.635838021649207,-0.0322575
1336,76.424,-31.021656657872427,-0.043987500000000006
1346,76.128,-29.793293930318814,-0.0087975
1356,75.832,-27.950749838988376,0.0733125
1367,75.832,-27.336568475211592,0.1671525
1377,75.536,-24.87984302010437,0.27272250000000003
1386,75.24000000000001,-23.037298928773932,0.39002250000000005
1396,75.24000000000001,-20.580573473666707,0.5131875
1406,75.24000000000001,-18.738029382336315,0.6480825
1417,75.24000000000001,-16.281303927229093,0.7712475000000001
1427,74.94400000000002,-13.21039710834509,0.9120075000000001
1437,74.94400000000002,-10.753671653237868,1.0527675
1447,74.94400000000002,-8.296946198130646,1.1759325
1458,74.94400000000002,-5.226039379246594,1.3108275
1467,75.24000000000001,-4.611858015469813,1.4281275
1477,75.24000000000001,-0.9267698328089795,1.5512925000000002
1487,75.24000000000001,3.9866810774054646,1.6920525000000002
1498,75.24000000000001,3.372499713628635,1.7682975
1508,74.94400000000002,6.443406532512687,1.8738675000000002
1518,74.94400000000002,7.671769260066298,1.9677075000000002
1527,74.94400000000002,8.90013198761991,2.0498175
1538,74.94400000000002,11.356857442727131,2.1260625
1548,75.24000000000001,13.813582897834353,2.1964425000000003
1558,75.24000000000001,16.884489716718356,2.2492275000000004
1568,75.24000000000001,21.18375926315597,2.3078775
1579,75.832,21.7979406269328,2.3372025
1588,76.128,26.097210173370417,2.3665275
1598,76.72000000000001,28.55393562847764,2.3841225
1608,77.31200000000001,32.23902381113847,2.4017175
1618,77.90400000000001,34.69574926624569,2.4017175
1629,78.2,38.380837448906526,2.4017175
1639,78.792,42.06592563156736,2.3958525
1649,79.384,43.90846972289775,2.3606625
1659,80.272,49.43610199688898,2.3547975
1669,80.864,48.8219206331122,2.2785525
1679,81.75200000000001,50.66446472444259,2.2316325000000004
1689,82.34400000000001,52.50700881577303,2.1671175000000003
1699,82.64,54.34955290710342,2.0967375
1710,83.528,58.64882245354109,2.0556825
1720,84.41600000000001,56.19209699843386,1.9383825000000001
1730,85.00800000000001,55.57791563465703,1.8386775000000002
1739,85.60000000000001,54.96373427088025,1.7389725
1750,86.488,54.96373427088025,1.6334025
1760,87.08000000000001,52.50700881577303,1.5219675000000001
1770,87.376,50.05028336066581,1.3988025000000002
1780,88.26400000000001,47.59355790555858,1.2756375000000002
1790,88.26400000000001,44.52265108667458,1.1466075
1801,89.152,41.45174426779053,1.0234425
1810,89.152,36.53829335757609,0.8709525
1820,89.152,32.23902381113847,0.7301925
1830,89.152,27.325572900924026,0.5835675
1841,89.152,22.412121990709583,0.4369425
1851,89.152,18.11285244427197,0.31377750000000004
1861,89.44800000000001,12.585220170280742,0.23166750000000003
1871,89.152,8.90013198761991,0.1612875
1882,89.152,3.9866810774054646,0.1026375
1891,89.152,1.5299556222982427,0.07917750000000001
1901,89.152,-2.1551325603625906,0.0498525
1911,89.152,-5.226039379246594,0.0205275
1922,89.152,-7.0685834705770345,-0.0087975
1932,89.44800000000001,-8.296946198130646,-0.0557175
1942,89.152,-9.525308925684257,-0.08504250000000001
1951,89.152,-10.139490289461039,-0.1202325
1961,89.152,-11.36785301701465,-0.15542250000000002
1972,89.152,-11.982034380791479,-0.1847475
1982,89.152,-13.824578472121871,-0.2199375
1992,89.44800000000001,-15.667122563452264,-0.24926250000000003
2004,89.152,-16.895485291005876,-0.2903175
2016,88.85600000000001,-18.738029382336315,-0.3255075
2026,88.85600000000001,-19.966392109889927,-0.34896750000000004
2036,88.26400000000001,-21.194754837443536,-0.3724275
2046,87.67200000000001,-23.037298928773932,-0.4076175
2057,87.67200000000001,-24.87984302010437,-0.41934750000000004
2067,87.376,-24.87984302010437,-0.43107750000000006
2077,87.376,-26.108205747657983,-0.45453750000000004
2086,86.488,-26.722387111434763,-0.45453750000000004
2097,86.19200000000001,-27.950749838988376,-0.45453750000000004
2107,86.19200000000001,-31.021656657872427,-0.4779975
2117,85.60000000000001,-31.635838021649207,-0.4779975
2127,85.00800000000001,-33.4783821129796,-0.4779975
2138,84.712,-34.70674484053321,-0.4779975
2147,84.12,-36.54928893186365,-0.4779975
2157,83.82400000000001,-37.16347029564044,-0.46626750000000006
2167,83.528,-37.777651659417266,-0.4428075
2178,82.936,-39.006014386970875,-0.4428075
2188,82.34400000000001,-39.620195750747655,-0.43107750000000006
2198,82.048,-40.234377114524484,-0.4017525
2208,81.456,-41.46273984207809,-0.37829250000000003
2217,81.16000000000001,-41.46273984207809,-0.3665625
2228,80.272,-41.46273984207809,-0.3372375
2238,79.976,-42.07692120585488,-0.30791250000000003
2248,79.68,-42.07692120585488,-0.27858750000000004
2258,79.08800000000001,-42.69110256963171,-0.24339750000000002
2269,78.2,-41.46273984207809,-0.20820750000000002
2279,77.90400000000001,-42.69110256963171,-0.1788825
2288,77.608,-40.234377114524484,-0.1260975
2298,77.31200000000001,-40.234377114524484,-0.1026375
2309,77.016,-39.006014386970875,-0.08504250000000001
2319,76.128,-38.391833023194046,-0.06744750000000001
2329,76.128,-36.54928893186365,-0.0498525
2339,76.128,-35.32092620431004,-0.043987500000000006
2349,75.832,-35.32092620431004,-0.043987500000000006
2359,75.536,-32.864200749202816,0.0029325
2369,75.24000000000001,-31.635838021649207,0.06744750000000001
2379,74.648,-30.407475294095597,0.1612875
2390,74.352,-28.564931202765205,0.2609925
2400,74.352,-26.722387111434763,0.38415750000000004
2410,74.05600000000001,-24.26566165632754,0.5131875
2419,74.352,-20.580573473666707,0.6539475
2429,74.05600000000001,-18.123848018559485,0.7829775000000001
2440,74.05600000000001,-14.4387598358987,0.9237375000000001
2450,74.05600000000001,-11.36785301701465,1.0644975
2460,74.05600000000001,-8.296946198130646,1.1993925
2470,74.05600000000001,-5.840220743023424,1.3225575
2480,74.352,-2.1551325603625906,1.4457225
2490,74.05600000000001,0.9157742585214133,1.5630225000000002
2500,74.05600000000001,3.9866810774054646,1.6685925000000001
2510,73.464,7.671769260066298,1.7917575000000001
2521,74.05600000000001,8.90013198761991,1.8738675000000002
2531,74.05600000000001,11.356857442727131,1.9677075000000002
2540,74.05600000000001,13.199401534057523,2.0556825
2550,74.05600000000001,16.884489716718356,2.1319275
2561,74.352,18.72703380804875,2.1964425000000003
2571,74.352,21.18375926315597,2.2492275000000004
2581,74.94400000000002,25.483028809593634,2.3254725
2591,75.24000000000001,25.483028809593634,2.3489325
2600,75.832,28.55393562847764,2.3958525
2612,76.424,34.08156790246886,2.4134475
2622,77.016,34.69574926624569,2.4017175
2632,77.31200000000001,37.766656085129696,2.4075825
2642,77.90400000000001,38.995018812683305,2.3899875
2653,78.49600000000001,43.29428835912097,2.3841225
2662,79.384,48.8219206331122,2.3723925
2672,79.976,48.8219206331122,2.3254725
2682,80.864,50.66446472444259,2.2785525
2693,81.456,53.73537154332664,2.2257675000000003
2703,82.048,54.34955290710342,2.1671175000000003
2713,82.64,58.03464108976426,2.1143325
2722,83.528,56.80627836221064,2.0146275
2733,84.12,59.263003817317866,1.9501125000000001
2743,85.00800000000001,57.42045972598747,1.8386775000000002
2753,85.60000000000001,58.03464108976426,1.7507025
2763,86.19200000000001,56.80627836221064,1.6275375
2774,87.08000000000001,54.34955290710342,1.5161025000000001
2784,87.67200000000001,52.50700881577303,1.3929375000000002
2794,87.968,50.66446472444259,1.2756375000000002
2803,88.26400000000001,46.365195178004974,1.1466075
2813,88.85600000000001,42.68010699534414,1.0058475
2824,89.44800000000001,38.380837448906526,0.8650875
2834,89.44800000000001,33.46738653869208,0.7243275
2844,89.44800000000001,28.55393562847764,0.5718375
2854,89.44800000000001,24.25466608204002,0.41934750000000004
2864,89.44800000000001,19.341215171825578,0.31377750000000004
2874,89.152,14.427764261611134,0.2199375
2884,89.152,10.12849471517352,0.1671525
2894,89.44800000000001,5.829225168735857,0.11436750000000001
2905,89.152,2.1441369860750243,0.0733125
2916,89.152,-1.5409511965857612,0.0498525
2926,89.152,-3.9976766516929834,0.0205275
2935,89.44800000000001,-5.840220743023424,-0.0087975
2946,89.44800000000001,-7.0685834705770345,-0.0498525
2956,89.152,-7.0685834705770345,-0.0733125
2966,89.44800000000001,-8.911127561907428,-0.1260975
2976,89.44800000000001,-10.139490289461039,-0.15542250000000002
2987,89.44800000000001,-11.36785301701465,-0.19647750000000003
2997,89.152,-11.982034380791479,-0.22580250000000002
3006,89.152,-15.052941199675482,-0.27272250000000003
3016,89.44800000000001,-14.4387598358987,-0.2844525
3026,89.152,-16.895485291005876,-0.31377750000000004
3037,89.152,-18.738029382336315,-0.34310250000000003
3047,89.152,-20.580573473666707,-0.37829250000000003
3057,88.56,-21.80893620122032,-0.3958875
3066,88.26400000000001,-23.65148029255076,-0.41934750000000004
3077,87.968,-23.65148029255076,-0.43107750000000006
3087,87.67200000000001,-25.494024383881154,-0.44867250000000003
3097,87.08000000000001,-27.950749838988376,-0.46626750000000006
3107,86.784,-27.336568475211592,-0.46626750000000006
3118,86.784,-29.793293930318814,-0.4721325
3128,86.19200000000001,-31.021656657872427,-0.4779975
3137,85.896,-32.864200749202816,-0.4779975
3147,85.304,-34.09256347675643,-0.4721325
3158,84.712,-35.93510756808682,-0.46626750000000006
3168,84.41600000000001,-37.16347029564044,-0.46040250000000005
3178,84.12,-38.391833023194046,-0.45453750000000004
3188,83.528,-39.006014386970875,-0.4428075
3197,82.936,-39.006014386970875,-0.41934750000000004
3208,82.34400000000001,-40.234377114524484,-0.4076175
3218,82.048,-40.848558478301264,-0.38415750000000004
3228,81.75200000000001,-40.848558478301264,-0.35483250000000005
3238,81.16000000000001,-42.07692120585488,-0.3372375
3249,80.56800000000001,-41.46273984207809,-0.30791250000000003
3259,80.272,-40.848558478301264,-0.27272250000000003
3268,79.976,-40.848558478301264,-0.24339750000000002
3278,79.384,-41.46273984207809,-0.20820750000000002
3289,78.49600000000001,-42.07692120585488,-0.1847475
3299,78.2,-40.234377114524484,-0.1319625
3309,77.90400000000001,-39.006014386970875,-0.1026375
3319,77.608,-39.006014386970875,-0.07917750000000001
3329,77.016,-37.16347029564044,-0.06744750000000001
3339,76.72000000000001,-37.777651659417266,-0.0733125
3349,76.72000000000001,-36.54928893186365,-0.0557175
3359,76.424,-33.4783821129796,-0.0322575
3369,76.128,-32.250019385425986,0.0029325
3380,75.832,-30.407475294095597,0.07917750000000001
3390,75.536,-29.179112566541985,0.17301750000000002
3399,75.24000000000001,-27.950749838988376,0.2844525
3409,75.24000000000001,-25.494024383881154,0.4017525
3420,74.94400000000002,-23.037298928773932,0.5190525
3430,74.94400000000002,-19.966392109889927,0.6539475
3440,74.648,-17.509666654782706,0.7829775000000001
3450,74.94400000000002,-13.21039710834509,0.9354675000000001
3461,74.94400000000002,-11.36785301701465,1.0586325
3470,74.94400000000002,-8.296946198130646,1.2052575
3480,74.94400000000002,-7.0685834705770345,1.3284225
3490,74.94400000000002,-4.611858015469813,1.4574525
3501,75.24000000000001,-1.5409511965857612,1.5806175
3511,74.94400000000002,0.3015928947446316,1.6861875000000002
3521,74.94400000000002,3.372499713628635,1.7800275
3530,74.648,5.829225168735857,1.8855975
3540,74.648,7.671769260066298,1.9794375000000002
3551,74.94400000000002,10.742676078950302,2.0556825
3561,74.94400000000002,11.971038806503913,2.1201975
3571,74.94400000000002,15.041945625387964,2.2023075000000003
3581,74.94400000000002,18.72703380804875,2.2668225
3592,75.24000000000001,19.95539653560236,2.3020125
3602,75.832,26.097210173370417,2.3665275
3612,76.128,27.325572900924026,2.3723925
3621,76.72000000000001,30.396479719808077,2.3958525
3632,77.016,35.92411199379931,2.4310425
3642,77.608,36.53829335757609,2.4075825
3652,78.2,38.995018812683305,2.4017175
3662,79.08800000000001,42.06592563156736,2.3841225
3673,79.384,44.52265108667458,2.3606625
3683,80.272,46.365195178004974,2.3196075
3692,80.864,48.8219206331122,2.2609575
3702,81.456,51.27864608821942,2.2199025000000003
3713,82.048,54.96373427088025,2.1612525000000002
3723,83.232,54.34955290710342,2.0850075
3733,83.82400000000001,55.57791563465703,2.0204925
3743,84.712,55.57791563465703,1.9207875
3753,85.304,56.19209699843386,1.8210825000000002
3763,85.896,56.19209699843386,1.7272425
3773,86.19200000000001,56.19209699843386,1.6392675
3783,87.08000000000001,52.50700881577303,1.4985075
3793,87.67200000000001,50.66446472444259,1.3870725000000002
3804,87.968,46.365195178004974,1.2463125000000002
3814,88.56,44.52265108667458,1.1290125
3824,88.56,40.22338154023692,0.9941175000000001
3833,89.152,36.53829335757609,0.8533575000000001
3844,89.152,32.23902381113847,0.7067325000000001
3854,89.152,27.325572900924026,0.5659725
3864,89.44800000000001,21.7979406269328,0.42521250000000005
3874,89.152,17.49867108049514,0.30791250000000003
3885,89.152,13.199401534057523,0.22580250000000002
3895,89.152,8.90013198761991,0.1671525
3905,89.152,5.215043804959076,0.1085025
3914,89.152,2.1441369860750243,0.0733125
3924,89.152,-0.9267698328089795,0.0498525
3935,89.152,-3.9976766516929834,0.0205275
3945,89.152,-6.454402106800205,-0.0205275
3955,89.152,-7.682764834353816,-0.0557175
3965,89.152,-8.296946198130646,-0.0909075
3975,89.44800000000001,-9.525308925684257,-0.1260975
3985,89.44800000000001,-11.36785301701465,-0.1612875
3995,89.152,-11.36785301701465,-0.19061250000000002
4005,89.44800000000001,-13.824578472121871,-0.22580250000000002
4016,89.44800000000001,-15.052941199675482,-0.2609925
4026,89.152,-16.281303927229093,-0.2903175
4036,89.152,-18.738029382336315,-0.3255075
4045,89.152,-19.352210746113098,-0.35483250000000005
4056,88.56,-20.580573473666707,-0.3724275
4066,88.26400000000001,-21.80893620122032,-0.3958875
4076,87.968,-23.037298928773932,-0.41348250000000003
4086,87.67200000000001,-24.87984302010437,-0.4369425
4097,87.376,-26.722387111434763,-0.45453750000000004
4107,87.08000000000001,-26.722387111434763,-0.46040250000000005
4116,86.784,-28.564931202765205,-0.4721325
4126,86.488,-29.793293930318814,-0.4721325
4137,85.896,-31.021656657872427,-0.46626750000000006
4148,85.60000000000001,-33.4783821129796,-0.48386250000000003
4158,85.00800000000001,-34.70674484053321,-0.4721325
4168,84.41600000000001,-34.70674484053321,-0.4779975
4178,84.12,-37.16347029564044,-0.46626750000000006
4189,83.528,-38.391833023194046,-0.46040250000000005
4199,83.232,-38.391833023194046,-0.44867250000000003
4208,82.936,-40.234377114524484,-0.42521250000000005
4218,82.34400000000001,-39.620195750747655,-0.3958875
4229,81.75200000000001,-41.46273984207809,-0.38415750000000004
4239,81.456,-41.46273984207809,-0.3665625
4249,80.864,-40.848558478301264,-0.3255075
4259,80.272,-42.07692120585488,-0.3020475
4270,79.976,-41.46273984207809,-0.2668575
4279,79.384,-41.46273984207809,-0.2375325
4289,78.792,-41.46273984207809,-0.2023425
4299,78.49600000000001,-40.234377114524484,-0.1671525
4310,78.2,-39.620195750747655,-0.1260975
4320,77.608,-39.620195750747655,-0.09677250000000001
4330,77.31200000000001,-38.391833023194046,-0.08504250000000001
4339,76.72000000000001,-37.777651659417266,-0.06744750000000001
4349,76.424,-35.93510756808682,-0.0557175
4360,76.424,-35.32092620431004,-0.0498525
4370,76.128,-33.4783821129796,-0.038122500000000004
4380,76.128,-32.250019385425986,0.0087975
4390,75.24000000000001,-30.407475294095597,0.09677250000000001
4400,75.536,-29.179112566541985,0.1847475
4410,74.94400000000002,-27.336568475211592,0.3020475
4420,74.94400000000002,-24.87984302010437,0.42521250000000005
4430,74.648,-22.42311756499715,0.5425125000000001
4441,74.648,-19.966392109889927,0.6715425
4451,74.648,-17.509666654782706,0.8005725
4461,74.648,-13.824578472121871,0.9413325
4471,74.648,-11.36785301701465,1.0820925000000001
4481,74.648,-7.682764834353816,1.2111225
4491,74.352,-5.840220743023424,1.3342875
4501,74.648,-2.1551325603625906,1.4691825
4511,74.648,0.3015928947446316,1.5806175
4521,74.94400000000002,2.7583183498518538,1.6861875000000002
4532,74.648,5.215043804959076,1.7917575000000001
4542,74.648,7.671769260066298,1.8973275
4551,74.352,8.90013198761991,1.9853025000000002
4561,74.648,11.971038806503913,2.0674125
4572,74.648,13.813582897834353,2.1377925
4582,74.648,16.884489716718356,2.2257675000000003
4592,74.94400000000002,18.72703380804875,2.2668225
4602,75.24000000000001,21.7979406269328,2.3137425
4613,75.536,26.711391537147247,2.3665275
4623,76.128,26.711391537147247,2.3723925
4632,76.424,32.85320517491525,2.4193125
4642,77.31200000000001,34.08156790246886,2.4075825
4653,77.608,37.15247472135292,2.4075825
4663,77.90400000000001,42.68010699534414,2.4251775
4673,78.792,44.52265108667458,2.3841225
4683,79.384,45.136832450451365,2.3489325
4694,80.272,48.20773926933537,2.3137425
4704,81.16000000000001,51.27864608821942,2.2785525
4713,81.75200000000001,52.50700881577303,2.2199025000000003
4723,82.048,54.34955290710342,2.1612525000000002
4733,83.232,55.57791563465703,2.0850075
4744,83.82400000000001,56.19209699843386,2.0087625
4754,84.41600000000001,56.80627836221064,1.9207875
4764,85.304,56.80627836221064,1.8269475000000002
4774,85.896,56.80627836221064,1.7389725
4784,86.488,55.57791563465703,1.6216725
4794,87.08000000000001,53.73537154332664,1.4985075
4804,87.376,51.27864608821942,1.3812075000000001
4814,87.968,48.20773926933537,1.2463125000000002
4825,88.56,45.751013814228195,1.1172825000000002
4835,88.85600000000001,42.06592563156736,0.9765225000000001
4845,89.152,37.766656085129696,0.8357625000000001
4854,89.44800000000001,32.23902381113847,0.6891375000000001
4865,89.44800000000001,27.325572900924026,0.5483775000000001
4875,89.152,23.640484718263195,0.41348250000000003
4885,89.44800000000001,18.72703380804875,0.2961825
4895,89.44800000000001,13.199401534057523,0.2199375
4905,89.44800000000001,8.90013198761991,0.15542250000000002
4916,89.152,5.215043804959076,0.1026375
4925,89.152,0.9157742585214133,0.0733125
4935,89.152,-2.1551325603625906,0.043987500000000006
4945,89.152,-5.226039379246594,0.0087975
4956,89.152,-6.454402106800205,-0.0205275
4966,89.44800000000001,-7.682764834353816,-0.0557175
4976,89.152,-8.911127561907428,-0.09677250000000001
4986,89.44800000000001,-9.525308925684257,-0.1260975
4996,89.44800000000001,-10.139490289461039,-0.1671525
5006,89.44800000000001,-11.36785301701465,-0.2023425
5016,89.44800000000001,-11.982034380791479,-0.23166750000000003
5026,89.152,-13.824578472121871,-0.2551275
5037,89.152,-16.281303927229093,-0.2961825
5047,89.152,-16.895485291005876,-0.3196425
5057,88.85600000000001,-19.352210746113098,-0.35483250000000005
5066,88.56,-20.580573473666707,-0.3724275
5076,88.56,-22.42311756499715,-0.4017525
5087,88.26400000000001,-24.26566165632754,-0.43107750000000006
5097,87.968,-23.65148029255076,-0.43107750000000006
5107,87.67200000000001,-25.494024383881154,-0.45453750000000004
5117,87.08000000000001,-26.722387111434763,-0.46040250000000005
5128,87.08000000000001,-28.564931202765205,-0.4721325
5138,86.488,-29.793293930318814,-0.4721325
5147,86.488,-31.021656657872427,-0.4721325
5157,85.60000000000001,-32.864200749202816,-0.4779975
5168,85.304,-33.4783821129796,-0.46626750000000006
5178,84.41600000000001,-35.32092620431004,-0.46626750000000006
5188,84.12,-37.777651659417266,-0.46626750000000006
5198,83.82400000000001,-37.777651659417266,-0.45453750000000004
5209,83.232,-39.006014386970875,-0.4369425
5218,82.936,-39.620195750747655,-0.41348250000000003
5228,82.64,-40.234377114524484,-0.4076175
5238,82.048,-40.848558478301264,-0.38415750000000004
5249,81.16000000000001,-42.07692120585488,-0.3606975
5259,80.864,-42.69110256963171,-0.34310250000000003
5269,80.56800000000001,-41.46273984207809,-0.2961825
5279,79.976,-41.46273984207809,-0.2609925
5288,79.68,-41.46273984207809,-0.2375325
5299,79.08800000000001,-40.848558478301264,-0.19647750000000003
5309,78.792,-40.848558478301264,-0.1671525
5319,78.2,-39.620195750747655,-0.1202325
5329,77.90400000000001,-39.006014386970875,-0.1026375
5340,77.31200000000001,-38.391833023194046,-0.07917750000000001
5350,77.016,-37.16347029564044,-0.06744750000000001
5359,76.72000000000001,-35.93510756808682,-0.0498525
5369,76.424,-35.32092620431004,-0.043987500000000006
5380,76.128,-33.4783821129796,-0.0322575
5390,75.832,-31.021656657872427,0.0322575
5400,75.536,-31.021656657872427,0.0909075
5410,75.24000000000001,-29.179112566541985,0.19061250000000002
5421,75.24000000000001,-27.336568475211592,0.3020475
5430,74.94400000000002,-25.494024383881154,0.42521250000000005
5440,74.94400000000002,-21.80893620122032,0.5483775000000001
5450,74.94400000000002,-19.966392109889927,0.6774075
5460,74.94400000000002,-16.895485291005876,0.8123025
5471,74.94400000000002,-13.824578472121871,0.9530625
5481,74.94400000000002,-10.753671653237868,1.0879575000000001
5491,74.94400000000002,-8.296946198130646,1.2169875
5500,74.648,-5.840220743023424,1.3460175
5511,74.94400000000002,-2.769313924139372,1.4691825
5521,74.94400000000002,-0.31258846903215015,1.5864825
5531,74.648,2.7583183498518538,1.6920525000000002
5541,74.648,3.9866810774054646,1.7858925
5552,74.94400000000002,5.829225168735857,1.8855975
5561,74.648,10.742676078950302,1.9970325000000002
5571,74.648,11.356857442727131,2.0791425
5581,74.648,12.585220170280742,2.1495225000000002
5592,74.648,16.270308352941527,2.2081725000000003
5602,74.94400000000002,21.18375926315597,2.2902825
5612,75.24000000000001,21.7979406269328,2.3137425
5622,75.832,24.25466608204002,2.3489325
5632,76.128,29.782298356031248,2.3958525
5642,76.72000000000001,30.396479719808077,2.3958525
5652,77.016,34.69574926624569,2.4075825
5662,77.608,36.53829335757609,2.4134475
5672,78.2,40.83756290401375,2.4134475
5683,78.792,44.52265108667458,2.4075825
5693,79.68,45.751013814228195,2.3489325
5702,80.272,48.20773926933537,2.3196075
5712,81.16000000000001,50.66446472444259,2.2726875
5723,81.75200000000001,53.121190179549814,2.2199025000000003
5733,82.64,53.73537154332664,2.1553875000000002
5743,83.232,55.57791563465703,2.0850075
5753,83.82400000000001,56.19209699843386,2.0028975
5763,84.712,56.19209699843386,1.9207875
5773,85.304,56.19209699843386,1.8152175000000002
5783,85.60000000000001,56.19209699843386,1.7155125000000002
5793,86.784,56.19209699843386,1.6040775
5804,87.08000000000001,53.121190179549814,1.4926425
5814,87.67200000000001,51.27864608821942,1.3636125000000001
5824,87.968,48.8219206331122,1.2463125000000002
5833,88.56,43.90846972289775,1.0879575000000001
5843,88.85600000000001,40.22338154023692,0.9647925
5854,89.152,36.53829335757609,0.8298975000000001
5864,89.44800000000001,31.62484244736169,0.6891375000000001
5874,89.44800000000001,26.097210173370417,0.5366475
5884,89.152,20.56957789937919,0.4017525
5895,89.152,16.270308352941527,0.2961825
5904,89.152,12.585220170280742,0.21407250000000003
5914,89.44800000000001,8.28595062384308,0.1495575
5924,89.152,5.215043804959076,0.1026375
5935,89.152,2.7583183498518538,0.0733125
5945,89.152,-0.9267698328089795,0.038122500000000004
5955,89.152,-3.9976766516929834,0.0087975
5965,89.152,-6.454402106800205,-0.026392500000000003
5976,89.152,-7.682764834353816,-0.061582500000000005
5985,89.152,-8.911127561907428,-0.1026375
5995,89.152,-9.525308925684257,-0.1319625
6005,89.152,-10.753671653237868,-0.17301750000000002
6016,88.85600000000001,-11.36785301701465,-0.19647750000000003
6026,89.152,-13.21039710834509,-0.2375325
6036,89.152,-15.052941199675482,-0.2668575
6046,89.152,-15.667122563452264,-0.2961825
6055,89.152,-17.509666654782706,-0.3255075
6066,88.85600000000001,-18.738029382336315,-0.34310250000000003
6076,88.56,-21.194754837443536,-0.37829250000000003
6086,88.26400000000001,-22.42311756499715,-0.41348250000000003
6096,87.968,-23.037298928773932,-0.41934750000000004
6107,87.67200000000001,-25.494024383881154,-0.4369425
6117,87.376,-26.108205747657983,-0.45453750000000004
6127,87.08000000000001,-27.336568475211592,-0.46626750000000006
6136,86.784,-29.179112566541985,-0.4779975
6147,86.19200000000001,-30.407475294095597,-0.4721325
6157,85.896,-32.250019385425986,-0.4721325
6167,85.60000000000001,-32.864200749202816,-0.4779975
6177,85.00800000000001,-35.32092620431004,-0.4779975
6188,84.712,-35.93510756808682,-0.4721325
6197,84.12,-36.54928893186365,-0.45453750000000004
6207,83.528,-37.16347029564044,-0.44867250000000003
6217,83.232,-39.006014386970875,-0.4369425
6227,82.936,-39.620195750747655,-0.42521250000000005
6238,82.34400000000001,-40.234377114524484,-0.4017525
6248,81.75200000000001,-40.848558478301264,-0.38415750000000004
6258,81.16000000000001,-40.848558478301264,-0.34310250000000003
6267,80.864,-41.46273984207809,-0.3255075
6278,80.272,-42.07692120585488,-0.3020475
6288,79.68,-42.07692120585488,-0.27272250000000003
6298,79.384,-41.46273984207809,-0.23166750000000003
6308,78.792,-42.07692120585488,-0.19647750000000003
6319,78.49600000000001,-41.46273984207809,-0.1671525
6329,77.90400000000001,-41.46273984207809,-0.1319625
6338,77.608,-40.234377114524484,-0.1026375
6348,77.016,-39.006014386970875,-0.08504250000000001
6359,76.72000000000001,-38.391833023194046,-0.06744750000000001
6369,76.128,-36.54928893186365,-0.0557175
6379,76.424,-35.32092620431004,-0.0498525
6389,76.128,-33.4783821129796,-0.0322575
6398,75.536,-32.864200749202816,0.014662500000000002
6409,75.536,-31.635838021649207,0.09677250000000001
6419,74.94400000000002,-30.407475294095597,0.19061250000000002
6429,74.648,-28.564931202765205,0.30791250000000003
6439,74.648,-26.108205747657983,0.42521250000000005
6450,74.648,-23.037298928773932,0.5483775000000001
6460,74.352,-20.580573473666707,0.6774075
6469,74.352,-16.895485291005876,0.8181675
6479,74.648,-14.4387598358987,0.9471975
6490,74.352,-10.753671653237868,1.0820925000000001
6500,74.648,-8.911127561907428,1.2169875
6510,74.352,-5.840220743023424,1.3460175
6520,74.352,-1.5409511965857612,1.4867775
6531,74.352,0.9157742585214133,1.5923475
6540,74.352,3.9866810774054646,1.7037825000000002
6550,74.352,8.28595062384308,1.8328125000000002
6560,74.352,8.28595062384308,1.9031925
6571,74.352,11.356857442727131,1.9970325000000002
6581,74.05600000000001,16.270308352941527,2.1084675
6591,74.352,16.884489716718356,2.1553875000000002
6601,74.648,18.72703380804875,2.2081725000000003
6610,74.94400000000002,20.56957789937919,2.2609575
6621,75.24000000000001,24.25466608204002,2.3137425
6631,75.536,24.868847445816805,2.3489325
6641,76.128,29.16811699225447,2.3841225
6651,76.72000000000001,32.23902381113847,2.3958525
6662,77.016,35.30993063002248,2.4134475
6672,77.90400000000001,38.380837448906526,2.4017175
6681,78.792,40.83756290401375,2.4017175
6691,79.08800000000001,44.52265108667458,2.3841225
6702,79.976,46.979376541781804,2.3606625
6712,80.272,49.43610199688898,2.3196075
6722,80.864,50.05028336066581,2.2668225
6732,81.75200000000001,53.73537154332664,2.2199025000000003
6743,82.34400000000001,56.80627836221064,2.1729825000000003
6753,82.936,55.57791563465703,2.0732775
6762,83.82400000000001,58.03464108976426,2.0028975
6772,84.41600000000001,56.80627836221064,1.9090575
6782,85.304,57.42045972598747,1.8152175000000002
6793,85.896,56.19209699843386,1.6979175000000002
6803,86.488,55.57791563465703,1.5982125
6813,87.08000000000001,53.73537154332664,1.4867775
6823,87.968,51.27864608821942,1.3694775000000001
6833,88.26400000000001,48.20773926933537,1.2287175000000001
6843,88.56,45.136832450451365,1.1055525000000002
6853,88.85600000000001,40.22338154023692,0.9647925
6863,89.44800000000001,37.15247472135292,0.8181675
6874,89.152,31.01066108358486,0.6774075
6884,89.152,26.097210173370417,0.5307825
6894,89.152,22.412121990709583,0.4017525
6904,89.44800000000001,16.884489716718356,0.2903175
6915,89.44800000000001,11.971038806503913,0.20820750000000002
6924,89.44800000000001,8.28595062384308,0.1495575
6934,89.152,3.9866810774054646,0.1026375
6944,89.152,0.3015928947446316,0.0733125
6955,89.44800000000001,-2.769313924139372,0.043987500000000006
6965,89.44800000000001,-5.226039379246594,0.0029325
6975,89.44800000000001,-7.0685834705770345,-0.026392500000000003
6984,89.152,-8.296946198130646,-0.061582500000000005
6994,89.152,-8.911127561907428,-0.1026375
7005,89.152,-9.525308925684257,-0.13782750000000002
7015,89.152,-10.753671653237868,-0.17301750000000002
7025,89.152,-11.982034380791479,-0.2023425
7035,89.44800000000001,-13.21039710834509,-0.23166750000000003
7046,89.44800000000001,-14.4387598358987,-0.2668575
7056,89.152,-18.123848018559485,-0.31377750000000004
7065,89.152,-18.123848018559485,-0.3196425
7075,88.56,-20.580573473666707,-0.3724275
7086,88.26400000000001,-21.194754837443536,-0.39002250000000005
7096,88.26400000000001,-22.42311756499715,-0.3958875
7106,87.968,-23.037298928773932,-0.41934750000000004
7116,87.67200000000001,-24.87984302010437,-0.43107750000000006
7127,87.376,-26.108205747657983,-0.45453750000000004
7137,87.08000000000001,-28.564931202765205,-0.46626750000000006
7146,86.784,-29.179112566541985,-0.4721325
7156,86.488,-32.250019385425986,-0.48972750000000004
7166,85.896,-32.864200749202816,-0.48386250000000003
7177,85.304,-34.09256347675643,-0.48972750000000004
7187,85.00800000000001,-35.32092620431004,-0.4721325
7197,84.712,-36.54928893186365,-0.4721325
7207,84.12,-37.16347029564044,-0.46626750000000006
7218,83.528,-38.391833023194046,-0.44867250000000003
7227,83.232,-39.620195750747655,-0.44867250000000003
7237,82.64,-39.620195750747655,-0.4017525
7247,82.048,-40.234377114524484,-0.3958875
7258,81.75200000000001,-40.848558478301264,-0.3724275
7268,81.456,-41.46273984207809,-0.34896750000000004
7278,80.56800000000001,-43.30528393340849,-0.3313725
7288,80.56800000000001,-42.07692120585488,-0.2961825
7298,80.272,-42.07692120585488,-0.2609925
7308,79.384,-42.69110256963171,-0.23166750000000003
7318,78.792,-41.46273984207809,-0.19647750000000003
7328,78.49600000000001,-40.848558478301264,-0.15542250000000002
7339,77.608,-39.006014386970875,-0.11436750000000001
7349,77.608,-39.006014386970875,-0.09677250000000001
7359,77.31200000000001,-39.006014386970875,-0.07917750000000001
7368,76.72000000000001,-37.777651659417266,-0.06744750000000001
7378,76.72000000000001,-35.93510756808682,-0.0557175
7389,76.128,-34.70674484053321,-0.043987500000000006
7399,76.128,-33.4783821129796,-0.0322575
7409,75.832,-32.250019385425986,0.0205275
7419,75.24000000000001,-30.407475294095597,0.1026375
7430,75.536,-28.564931202765205,0.21407250000000003
7439,74.94400000000002,-27.336568475211592,0.31377750000000004
7449,74.648,-25.494024383881154,0.4369425
7459,74.648,-23.037298928773932,0.5601075000000001
7470,74.648,-20.580573473666707,0.6950025000000001
7480,74.648,-16.895485291005876,0.8298975000000001
7490,74.648,-13.824578472121871,0.9647925
7499,74.648,-10.753671653237868,1.0996875000000002
7510,74.352,-8.296946198130646,1.2287175000000001
7520,74.648,-5.840220743023424,1.3577475
7530,74.648,-2.769313924139372,1.4867775
7540,74.352,3.372499713628635,1.6158075
7550,74.648,2.7583183498518538,1.7037825000000002
7561,74.648,5.829225168735857,1.8152175000000002
7571,74.648,7.671769260066298,1.9149225
7580,74.352,10.12849471517352,1.9970325000000002
7590,74.352,11.971038806503913,2.0732775
7601,74.648,18.72703380804875,2.1847125000000003
7611,74.648,17.49867108049514,2.2140375000000003
7621,74.94400000000002,20.56957789937919,2.2726875
7631,75.24000000000001,22.412121990709583,2.3196075
7642,75.832,27.939754264700856,2.3723925
7651,76.424,29.782298356031248,2.3782575
7661,77.016,33.46738653869208,2.4193125
7671,77.31200000000001,34.69574926624569,2.4017175
7682,77.90400000000001,38.380837448906526,2.4075825
7692,78.49600000000001,40.83756290401375,2.3899875
7702,79.08800000000001,44.52265108667458,2.3899875
7712,79.68,50.05028336066581,2.3723925
7721,80.56800000000001,48.8219206331122,2.3020125
7732,81.16000000000001,52.50700881577303,2.2668225
7742,81.75200000000001,56.80627836221064,2.2316325000000004
7752,82.64,55.57791563465703,2.1377925
7762,83.528,55.57791563465703,2.0615475
7773,84.12,56.80627836221064,1.9911675000000002
7783,84.712,57.42045972598747,1.8855975
7792,85.304,56.80627836221064,1.7976225000000001
7802,86.19200000000001,58.64882245354109,1.7096475000000002
7813,86.784,58.03464108976426,1.5982125
7823,87.376,54.34955290710342,1.4691825
7833,87.968,51.8928274519962,1.3460175
7843,88.56,48.8219206331122,1.2228525000000001
7854,88.85600000000001,45.751013814228195,1.0938225000000001
7863,89.152,41.45174426779053,0.9530625
7873,89.44800000000001,36.53829335757609,0.8123025
7883,89.744,32.23902381113847,0.6715425
7894,89.44800000000001,26.711391537147247,0.5249175
7904,89.44800000000001,21.18375926315597,0.39002250000000005
7914,89.744,16.270308352941527,0.2844525
7924,89.44800000000001,12.585220170280742,0.20820750000000002
7934,89.744,8.90013198761991,0.1436925
7944,89.44800000000001,5.829225168735857,0.1026375
7954,89.44800000000001,3.372499713628635,0.0733125
7964,89.44800000000001,0.3015928947446316,0.043987500000000006
7974,89.744,-2.769313924139372,0.0087975
7985,89.744,-5.226039379246594,-0.0322575
7995,89.44800000000001,-7.0685834705770345,-0.06744750000000001
8005,89.744,-7.682764834353816,-0.1026375
8015,89.44800000000001,-7.682764834353816,-0.13782750000000002
8026,89.44800000000001,-8.911127561907428,-0.17301750000000002
8035,89.44800000000001,-9.525308925684257,-0.20820750000000002
8045,89.44800000000001,-10.139490289461039,-0.2375325
8055,89.44800000000001,-11.36785301701465,-0.2609925
8066,89.744,-13.824578472121871,-0.31377750000000004
8076,89.44800000000001,-14.4387598358987,-0.3313725
8086,89.744,-16.895485291005876,-0.3665625
8096,89.44800000000001,-17.509666654782706,-0.3724275
8105,89.152,-19.966392109889927,-0.41348250000000003
8116,88.85600000000001,-21.194754837443536,-0.41348250000000003
8126,88.56,-23.037298928773932,-0.4369425
8136,87.968,-24.26566165632754,-0.44867250000000003
8146,87.968,-26.108205747657983,-0.46040250000000005
8157,87.376,-26.108205747657983,-0.46626750000000006
8167,87.376,-28.564931202765205,-0.4721325
8177,86.784,-30.407475294095597,-0.4779975
8187,86.488,-31.635838021649207,-0.4779975
8197,85.896,-34.09256347675643,-0.4779975
8207,85.60000000000001,-35.32092620431004,-0.4721325
8217,85.00800000000001,-36.54928893186365,-0.4721325
8227,84.712,-37.777651659417266,-0.44867250000000003
8238,83.82400000000001,-38.391833023194046,-0.43107750000000006
8248,84.12,-39.620195750747655,-0.41348250000000003
8258,83.232,-40.234377114524484,-0.3958875
8267,82.64,-40.234377114524484,-0.3665625
8278,81.75200000000001,-42.07692120585488,-0.3606975
8288,81.75200000000001,-42.69110256963171,-0.3313725
8298,81.16000000000001,-41.46273984207809,-0.2903175
8308,80.864,-42.07692120585488,-0.2551275
8318,80.272,-42.07692120585488,-0.23166750000000003
8329,79.68,-40.848558478301264,-0.1788825
8338,79.384,-40.848558478301264,-0.15542250000000002
8348,79.08800000000001,-40.234377114524484,-0.1202325
8358,78.49600000000001,-39.006014386970875,-0.09677250000000001
8369,78.2,-38.391833023194046,-0.07917750000000001
8379,77.90400000000001,-37.777651659417266,-0.061582500000000005
8389,77.31200000000001,-36.54928893186365,-0.0557175
8399,77.31200000000001,-35.32092620431004,-0.043987500000000006
8409,77.016,-34.09256347675643,-0.026392500000000003
8419,76.72000000000001,-33.4783821129796,0.0205275
8429,76.424,-31.021656657872427,0.1085025
8439,76.128,-29.179112566541985,0.20820750000000002
8450,75.832,-27.336568475211592,0.3255075
8460,75.536,-24.26566165632754,0.44867250000000003
8469,75.832,-21.80893620122032,0.5718375
8479,75.536,-18.738029382336315,0.7008675000000001
8489,75.536,-16.281303927229093,0.8357625000000001
8500,75.832,-12.59621574456826,0.9765225000000001
8510,75.536,-10.139490289461039,1.1114175000000002
8520,75.832,-7.682764834353816,1.2404475000000001
8530,75.536,-5.840220743023424,1.3636125000000001
8540,75.832,-3.3834952879162015,1.4926425
8550,75.536,-0.9267698328089795,1.6040775
8560,75.536,1.5299556222982427,1.7096475000000002
8570,75.536,3.372499713628635,1.8152175000000002
8581,75.536,5.829225168735857,1.9090575
8591,75.536,8.90013198761991,2.0087625
8601,75.832,9.51431335139669,2.0791425
8610,75.536,13.813582897834353,2.1729825000000003
8621,75.536,15.041945625387964,2.2257675000000003
8631,75.536,19.341215171825578,2.2961475
8641,76.128,21.7979406269328,2.3196075
8651,76.128,24.25466608204002,2.3430675
8662,76.424,29.782298356031248,2.4134475
8672,77.31200000000001,31.01066108358486,2.4017175
8681,77.608,35.92411199379931,2.4251775
8691,78.2,40.83756290401375,2.4427725000000002
8701,78.792,40.22338154023692,2.3899875
8712,79.68,42.68010699534414,2.3723925
8722,80.272,48.20773926933537,2.3547975
8732,80.864,48.20773926933537,2.3078775
8742,81.75200000000001,50.66446472444259,2.2609575
8752,82.64,51.27864608821942,2.2023075000000003
8762,82.936,54.34955290710342,2.1377925
8772,83.82400000000001,55.57791563465703,2.0732775
8782,84.12,57.42045972598747,2.0028975
8793,85.00800000000001,56.19209699843386,1.8855975
8803,85.896,56.19209699843386,1.7917575000000001
8813,86.19200000000001,56.80627836221064,1.7096475000000002
8822,86.784,55.57791563465703,1.5923475
8833,87.376,52.50700881577303,1.4691825
8843,88.26400000000001,50.05028336066581,1.3401525
8853,88.26400000000001,46.979376541781804,1.2052575
8863,89.152,43.90846972289775,1.0820925000000001
8873,89.44800000000001,38.995018812683305,0.9413325
8883,89.44800000000001,35.30993063002248,0.7947075
8893,89.44800000000001,29.782298356031248,0.6539475
8903,89.744,24.868847445816805,0.5073225
8913,89.44800000000001,19.95539653560236,0.37829250000000003
8924,89.744,15.041945625387964,0.2668575
8934,89.44800000000001,11.356857442727131,0.19647750000000003
8944,89.744,7.671769260066298,0.1436925
8953,89.44800000000001,5.215043804959076,0.09677250000000001
8964,89.744,2.7583183498518538,0.06744750000000001
8974,89.44800000000001,-0.9267698328089795,0.043987500000000006
8984,89.744,-4.611858015469813,-0.0029325
8994,89.744,-5.840220743023424,-0.026392500000000003
9005,89.744,-7.682764834353816,-0.06744750000000001
9015,89.744,-7.682764834353816,-0.1026375
9025,89.744,-8.911127561907428,-0.13782750000000002
9035,89.744,-8.911127561907428,-0.17301750000000002
9044,89.744,-10.139490289461039,-0.20820750000000002
9055,89.744,-9.525308925684257,-0.23166750000000003
9065,89.44800000000001,-13.21039710834509,-0.27858750000000004
9075,89.744,-12.59621574456826,-0.2961825
9085,89.744,-14.4387598358987,-0.3313725
9096,89.44800000000001,-16.281303927229093,-0.34896750000000004
9106,89.44800000000001,-17.509666654782706,-0.38415750000000004
9115,89.152,-19.352210746113098,-0.4017525
9125,88.56,-21.80893620122032,-0.41934750000000004
9136,88.56,-23.65148029255076,-0.43107750000000006
9146,88.26400000000001,-24.26566165632754,-0.44867250000000003
9156,87.67200000000001,-26.722387111434763,-0.46040250000000005
9166,87.67200000000001,-27.950749838988376,-0.4779975
9176,87.08000000000001,-29.179112566541985,-0.48386250000000003
9186,86.488,-29.793293930318814,-0.4721325
9196,86.488,-31.635838021649207,-0.4779975
9206,85.896,-34.09256347675643,-0.4721325
9217,85.304,-34.70674484053321,-0.4721325
9227,85.00800000000001,-36.54928893186365,-0.46626750000000006
9237,84.712,-36.54928893186365,-0.44867250000000003
9247,84.12,-38.391833023194046,-0.4369425
9256,83.528,-37.16347029564044,-0.4017525
9267,83.232,-39.620195750747655,-0.4017525
9277,82.64,-39.620195750747655,-0.3665625
9287,82.34400000000001,-40.848558478301264,-0.34896750000000004
9297,81.75200000000001,-40.848558478301264,-0.3255075
9308,81.16000000000001,-40.848558478301264,-0.2903175
9318,80.864,-41.46273984207809,-0.2609925
9328,80.56800000000001,-41.46273984207809,-0.22580250000000002
9337,79.68,-40.848558478301264,-0.19061250000000002
9348,79.68,-39.620195750747655,-0.15542250000000002
9358,79.08800000000001,-39.620195750747655,-0.1260975
9368,79.08800000000001,-38.391833023194046,-0.0909075
9378,78.2,-38.391833023194046,-0.07917750000000001
9389,77.90400000000001,-37.777651659417266,-0.0733125
9398,77.31200000000001,-36.54928893186365,-0.0498525
9408,77.31200000000001,-34.70674484053321,-0.043987500000000006
9418,77.016,-34.09256347675643,-0.0322575
9428,76.72000000000001,-32.864200749202816,0.0322575
9439,76.424,-30.407475294095597,0.11436750000000001
9449,76.128,-27.950749838988376,0.21407250000000003
9459,75.832,-26.722387111434763,0.3313725
9468,75.832,-23.65148029255076,0.45453750000000004
9479,75.832,-20.580573473666707,0.5835675
9489,75.832,-19.352210746113098,0.7184625
9499,75.832,-16.281303927229093,0.8474925000000001
9509,75.832,-13.21039710834509,0.9823875000000001
9520,75.536,-10.139490289461039,1.1172825000000002
9530,75.832,-8.296946198130646,1.2521775000000002
9539,75.536,-6.454402106800205,1.3753425000000001
9549,75.536,-3.9976766516929834,1.4926425
9560,75.832,-1.5409511965857612,1.6099425
9570,75.832,0.9157742585214133,1.7331075
9580,75.536,2.7583183498518538,1.8269475000000002
9590,75.536,6.443406532512687,1.9383825000000001
9601,75.832,7.671769260066298,2.0087625
9610,75.536,8.90013198761991,2.0850075
9620,75.536,13.199401534057523,2.1729825000000003
9630,75.832,15.041945625387964,2.2257675000000003
9640,75.832,18.11285244427197,2.2844175
9651,76.128,21.7979406269328,2.3547975
9661,76.424,27.325572900924026,2.3841225
9671,76.72000000000001,27.325572900924026,2.3841225
9681,77.31200000000001,29.782298356031248,2.4017175
9691,78.2,33.46738653869208,2.4134475
9701,78.49600000000001,36.53829335757609,2.3958525
9711,79.08800000000001,40.83756290401375,2.3958525
9721,79.68,45.136832450451365,2.3899875
9732,80.56800000000001,45.136832450451365,2.3430675
9742,81.16000000000001,49.43610199688898,2.3137425
9752,81.75200000000001,50.05028336066581,2.2492275000000004
9761,82.34400000000001,54.96373427088025,2.2257675000000003
9772,82.936,56.19209699843386,2.1495225000000002
9782,83.82400000000001,56.19209699843386,2.0674125
9792,84.41600000000001,58.03464108976426,1.9911675000000002
9802,85.304,57.42045972598747,1.8973275
9812,85.896,56.80627836221064,1.7917575000000001
9823,86.784,55.57791563465703,1.6861875000000002
9832,87.08000000000001,55.57791563465703,1.5747525000000002
9842,87.968,53.73537154332664,1.4515875
9852,88.56,51.27864608821942,1.3401525
9863,88.85600000000001,47.59355790555858,1.2052575
9873,89.44800000000001,44.52265108667458,1.0762275000000001
9883,89.44800000000001,40.83756290401375,0.9354675000000001
9893,90.04,35.92411199379931,0.7947075
9904,90.04,31.01066108358486,0.6480825
9913,90.04,25.483028809593634,0.49559250000000005
9923,90.04,21.18375926315597,0.3724275
9933,90.04,15.041945625387964,0.2668575
9944,90.04,10.12849471517352,0.19647750000000003
9954,90.04,6.443406532512687,0.1436925
9964,90.04,3.372499713628635,0.0909075
9974,90.04,-0.31258846903215015,0.06744750000000001
9984,90.04,-3.9976766516929834,0.0322575
9994,90.04,-5.840220743023424,-0.0029325
10004,90.04,-7.0685834705770345,-0.038122500000000004
10014,90.04,-8.296946198130646,-0.08504250000000001
10024,89.744,-7.682764834353816,-0.11436750000000001
10035,90.04,-8.296946198130646,-0.1436925
10045,90.04,-8.296946198130646,-0.1847475
10054,90.04,-8.911127561907428,-0.2199375
10064,90.04,-9.525308925684257,-0.24926250000000003
10075,90.04,-9.525308925684257,-0.2844525
10085,90.04,-10.139490289461039,-0.30791250000000003
10095,90.04,-10.753671653237868,-0.3313725
10105,90.04,-11.982034380791479,-0.3665625
10116,89.744,-12.59621574456826,-0.3724275
10126,90.04,-13.824578472121871,-0.4017525
10135,89.744,-16.281303927229093,-0.42521250000000005
10145,89.44800000000001,-18.738029382336315,-0.4369425
10156,89.44800000000001,-20.580573473666707,-0.44867250000000003
10166,88.85600000000001,-23.037298928773932,-0.46040250000000005
10176,88.56,-24.26566165632754,-0.46626750000000006
10186,88.26400000000001,-26.108205747657983,-0.4779975
10196,87.968,-27.336568475211592,-0.48386250000000003
10207,87.376,-29.179112566541985,-0.48386250000000003
10216,87.08000000000001,-31.021656657872427,-0.4779975
10226,86.488,-32.250019385425986,-0.4721325
10236,86.19200000000001,-33.4783821129796,-0.45453750000000004
10247,85.896,-35.32092620431004,-0.44867250000000003
10257,85.60000000000001,-35.93510756808682,-0.43107750000000006
10267,84.712,-37.16347029564044,-0.41348250000000003
10276,84.712,-38.391833023194046,-0.4017525
10287,84.12,-38.391833023194046,-0.3724275
10297,83.528,-38.391833023194046,-0.34896750000000004
10307,83.232,-39.620195750747655,-0.3255075
10317,82.64,-39.620195750747655,-0.2903175
10328,82.048,-39.620195750747655,-0.2551275
10338,81.75200000000001,-39.006014386970875,-0.22580250000000002
10347,81.16000000000001,-39.006014386970875,-0.19061250000000002
10357,81.16000000000001,-39.006014386970875,-0.1612875
10368,80.56800000000001,-38.391833023194046,-0.1260975
10378,79.976,-36.54928893186365,-0.0909075
10388,79.976,-35.93510756808682,-0.0733125
10398,79.384,-34.70674484053321,-0.0557175
10408,79.08800000000001,-33.4783821129796,-0.0498525
10418,79.08800000000001,-32.864200749202816,-0.043987500000000006
10428,78.792,-32.250019385425986,-0.0205275
10438,78.49600000000001,-31.021656657872427,0.038122500000000004
10448,78.2,-29.793293930318814,0.1260975
10459,77.90400000000001,-27.950749838988376,0.2199375
10469,77.90400000000001,-26.108205747657983,0.3313725
10478,77.608,-23.037298928773932,0.46040250000000005
10488,77.608,-19.966392109889927,0.5835675
10499,77.608,-16.895485291005876,0.7184625
10509,77.31200000000001,-15.052941199675482,0.8474925000000001
10519,77.31200000000001,-12.59621574456826,0.9823875000000001
10529,77.016,-8.296946198130646,1.1348775
10540,77.31200000000001,-7.0685834705770345,1.2521775000000002
10549,77.31200000000001,-5.226039379246594,1.3812075000000001
10559,77.31200000000001,-0.31258846903215015,1.5161025000000001
10569,77.608,1.5299556222982427,1.6216725
10579,77.31200000000001,4.6008624411822465,1.7331075
10590,77.608,7.057587896289468,1.8445425000000002
10600,77.31200000000001,9.51431335139669,1.9266525
10610,77.31200000000001,11.971038806503913,2.0204925
10619,77.31200000000001,13.813582897834353,2.0850075
10630,77.608,18.11285244427197,2.1671175000000003
10640,77.90400000000001,23.026303354486412,2.2550925
10650,78.2,24.868847445816805,2.3078775
10660,78.49600000000001,26.711391537147247,2.3313375
10671,79.08800000000001,29.782298356031248,2.3665275
10681,79.976,31.62484244736169,2.3723925
10691,80.272,38.380837448906526,2.4251775
10701,80.56800000000001,37.766656085129696,2.4017175
10711,81.456,42.06592563156736,2.4075825
10721,81.75200000000001,43.29428835912097,2.3899875
10731,82.64,46.979376541781804,2.3782575
10741,83.232,48.8219206331122,2.3372025
10752,83.82400000000001,51.27864608821942,2.2961475
10762,84.712,53.121190179549814,2.2492275000000004
10771,85.60000000000001,57.42045972598747,2.1964425000000003
10781,86.19200000000001,56.80627836221064,2.1377925
10791,87.08000000000001,58.64882245354109,2.0674125
10802,87.376,60.491366544871475,1.9853025000000002
10812,88.26400000000001,58.03464108976426,1.8797325
10822,89.152,57.42045972598747,1.7741625
10832,89.44800000000001,58.64882245354109,1.6861875000000002
10842,90.33600000000001,56.80627836221064,1.5806175
10853,90.92800000000001,54.34955290710342,1.4457225
10862,91.52000000000001,51.27864608821942,1.3225575
10872,91.816,47.59355790555858,1.1935275
10883,92.11200000000001,45.136832450451365,1.0762275000000001
10893,92.70400000000001,39.609200176460135,0.9296025000000001
10903,93.0,35.30993063002248,0.7829775000000001
10912,93.0,30.396479719808077,0.6363525000000001
10923,93.0,24.868847445816805,0.48972750000000004
10933,93.0,19.341215171825578,0.3665625
10943,93.0,15.041945625387964,0.2609925
10953,93.0,11.356857442727131,0.19061250000000002
10963,93.0,8.28595062384308,0.1319625
10974,93.0,4.6008624411822465,0.09677250000000001
10983,93.0,0.9157742585214133,0.06744750000000001
10993,93.0,-2.1551325603625906,0.0322575
11003,93.0,-5.840220743023424,-0.0029325
11014,92.70400000000001,-7.682764834353816,-0.0322575
11024,93.0,-8.911127561907428,-0.07917750000000001
11034,92.70400000000001,-10.139490289461039,-0.1085025
11044,93.0,-11.982034380791479,-0.13782750000000002
11054,93.0,-13.21039710834509,-0.1788825
11064,93.0,-15.052941199675482,-0.21407250000000003
11074,93.0,-15.667122563452264,-0.24926250000000003
11084,92.70400000000001,-17.509666654782706,-0.27858750000000004
11095,92.70400000000001,-19.352210746113098,-0.30791250000000003
11105,92.408,-21.194754837443536,-0.34310250000000003
11115,92.11200000000001,-21.194754837443536,-0.3606975
11124,91.816,-23.037298928773932,-0.38415750000000004
11134,91.224,-23.65148029255076,-0.4017525
11145,91.224,-25.494024383881154,-0.42521250000000005
11155,90.92800000000001,-26.108205747657983,-0.4428075
11165,90.632,-27.336568475211592,-0.45453750000000004
11175,90.33600000000001,-29.179112566541985,-0.46626750000000006
11186,89.744,-29.793293930318814,-0.4721325
11196,89.152,-32.250019385425986,-0.4721325
11205,89.152,-34.70674484053321,-0.48386250000000003
11215,88.26400000000001,-35.32092620431004,-0.4721325
11226,88.26400000000001,-36.54928893186365,-0.4721325
11236,87.67200000000001,-39.006014386970875,-0.4721325
11246,87.08000000000001,-40.234377114524484,-0.4721325
11256,86.488,-40.848558478301264,-0.44867250000000003
11266,86.19200000000001,-41.46273984207809,-0.43107750000000006
11276,85.60000000000001,-42.69110256963171,-0.41348250000000003
11286,85.304,-43.91946529718532,-0.4017525
11296,84.41600000000001,-45.76200938851571,-0.39002250000000005
11307,84.41600000000001,-45.14782802473893,-0.35483250000000005
11317,83.528,-45.14782802473893,-0.3255075
11327,82.936,-45.14782802473893,-0.2961825
11336,82.34400000000001,-44.5336466609621,-0.24926250000000003
11346,82.048,-44.5336466609621,-0.2199375
11357,81.456,-44.5336466609621,-0.1847475
11367,81.16000000000001,-43.91946529718532,-0.1495575
11377,80.272,-42.69110256963171,-0.11436750000000001
11387,80.272,-41.46273984207809,-0.08504250000000001
11398,79.68,-41.46273984207809,-0.0733125
11407,79.384,-40.848558478301264,-0.061582500000000005
11417,78.792,-39.006014386970875,-0.0498525
11427,78.792,-39.006014386970875,-0.043987500000000006
11438,78.2,-35.93510756808682,-0.014662500000000002
11448,77.90400000000001,-35.93510756808682,0.043987500000000006
11458,77.608,-34.70674484053321,0.1260975
11468,77.31200000000001,-32.250019385425986,0.22580250000000002
11478,77.016,-30.407475294095597,0.3372375
11488,76.72000000000001,-26.722387111434763,0.46626750000000006
11498,76.72000000000001,-24.26566165632754,0.5835675
11508,76.72000000000001,-21.194754837443536,0.7184625
11518,76.424,-17.509666654782706,0.8533575000000001
11529,76.72000000000001,-14.4387598358987,0.9882525000000001
11539,76.72000000000001,-10.753671653237868,1.1348775
11548,76.424,-8.911127561907428,1.2639075000000002
11558,76.424,-5.840220743023424,1.3988025000000002
11569,76.424,-2.1551325603625906,1.5278325000000001
11579,76.424,-0.31258846903215015,1.6275375
11589,76.72000000000001,2.7583183498518538,1.7389725
11599,76.424,6.443406532512687,1.8562725000000002
11609,76.424,10.742676078950302,1.9618425000000002
11619,76.72000000000001,10.12849471517352,2.0204925
11629,76.424,16.270308352941527,2.1201975
11639,76.424,16.884489716718356,2.1671175000000003
11650,77.016,18.72703380804875,2.2199025000000003
11660,77.31200000000001,21.7979406269328,2.2726875
11670,77.608,26.097210173370417,2.3196075
11679,78.2,28.55393562847764,2.3606625
11689,78.49600000000001,31.62484244736169,2.3841225
11700,79.384,34.69574926624569,2.4017175
11710,79.68,38.380837448906526,2.4134475
11720,80.272,43.29428835912097,2.4251775
11730,81.16000000000001,41.45174426779053,2.3782575
11740,81.75200000000001,46.979376541781804,2.3723925
11750,82.048,48.20773926933537,2.3313375
11760,82.936,50.05028336066581,2.2902825
11770,83.528,53.121190179549814,2.2433625000000004
11781,84.41600000000001,53.73537154332664,2.1847125000000003
11791,85.00800000000001,56.19209699843386,2.1260625
11801,85.60000000000001,57.42045972598747,2.0498175
11810,86.488,56.80627836221064,1.9677075000000002
11821,87.376,58.03464108976426,1.8738675000000002
11831,87.968,58.03464108976426,1.7741625
11841,88.85600000000001,56.80627836221064,1.6744575000000002
11851,89.152,54.34955290710342,1.5512925000000002
11862,90.04,53.73537154332664,1.4515875
11872,90.33600000000001,50.05028336066581,1.3225575
11881,90.92800000000001,48.8219206331122,1.2052575
11891,91.224,43.90846972289775,1.0644975
11901,91.52000000000001,40.83756290401375,0.9120075000000001
11912,91.816,35.30993063002248,0.7712475000000001
11922,92.11200000000001,31.62484244736169,0.6246225000000001
11932,91.816,25.483028809593634,0.4721325
11942,91.816,20.56957789937919,0.34896750000000004
11952,91.816,15.041945625387964,0.2551275
11962,91.816,10.742676078950302,0.19061250000000002
11972,92.11200000000001,6.443406532512687,0.1319625
11982,91.816,1.5299556222982427,0.0909075
11993,91.816,-2.769313924139372,0.061582500000000005
12003,92.11200000000001,-5.840220743023424,0.0322575
12013,91.816,-8.296946198130646,-0.0029325
12022,92.11200000000001,-10.139490289461039,-0.038122500000000004
12033,91.816,-11.982034380791479,-0.07917750000000001
12043,91.816,-12.59621574456826,-0.1085025
12057,92.11200000000001,-13.824578472121871,-0.1612875
12066,91.816,-15.052941199675482,-0.2023425
12077,91.816,-14.4387598358987,-0.2199375
12087,91.816,-15.052941199675482,-0.2609925
12097,92.11200000000001,-15.052941199675482,-0.2844525
12107,91.816,-15.667122563452264,-0.3196425
12118,91.52000000000001,-16.281303927229093,-0.34896750000000004
12128,91.224,-15.667122563452264,-0.3606975
12138,91.224,-18.123848018559485,-0.3958875
12147,90.92800000000001,-18.123848018559485,-0.4076175
12157,90.632,-19.352210746113098,-0.42521250000000005
12168,90.632,-19.966392109889927,-0.4428075
12178,90.33600000000001,-21.80893620122032,-0.46040250000000005
12188,89.744,-23.037298928773932,-0.46626750000000006
12198,89.744,-24.87984302010437,-0.4779975
12209,88.85600000000001,-27.950749838988376,-0.48386250000000003
12218,88.85600000000001,-29.179112566541985,-0.48972750000000004
12228,88.56,-30.407475294095597,-0.46626750000000006
12238,87.968,-31.021656657872427,-0.4779975
12249,87.67200000000001,-33.4783821129796,-0.4721325
12259,87.08000000000001,-36.54928893186365,-0.46626750000000006
12269,86.784,-35.93510756808682,-0.4428075
12279,86.488,-37.16347029564044,-0.42521250000000005
12290,85.896,-38.391833023194046,-0.4076175
12299,85.304,-40.234377114524484,-0.3958875
12309,85.00800000000001,-40.234377114524484,-0.3724275
12319,84.41600000000001,-40.848558478301264,-0.3372375
12329,83.82400000000001,-40.848558478301264,-0.3196425
12340,83.232,-41.46273984207809,-0.2903175
12350,82.936,-40.848558478301264,-0.24926250000000003
12360,82.34400000000001,-41.46273984207809,-0.2199375
12369,82.048,-40.848558478301264,-0.1847475
12380,81.456,-40.848558478301264,-0.1436925
12390,81.16000000000001,-39.620195750747655,-0.1085025
12400,80.864,-39.006014386970875,-0.0909075
12410,80.272,-37.777651659417266,-0.0733125
12421,80.272,-36.54928893186365,-0.061582500000000005
12430,79.384,-34.09256347675643,-0.038122500000000004
12440,79.384,-34.70674484053321,-0.043987500000000006
12450,79.08800000000001,-33.4783821129796,-0.014662500000000002
12461,78.792,-32.864200749202816,0.0498525
12471,78.49600000000001,-31.635838021649207,0.13782750000000002
12481,78.2,-29.793293930318814,0.24339750000000002
12490,78.2,-27.336568475211592,0.3606975
12500,77.90400000000001,-24.87984302010437,0.48972750000000004
12511,77.608,-22.42311756499715,0.6128925000000001
12521,77.608,-18.738029382336315,0.7419225
12531,77.90400000000001,-15.052941199675482,0.8826825
12541,77.90400000000001,-12.59621574456826,1.0234425
12552,77.608,-8.911127561907428,1.1642025
12561,77.608,-7.682764834353816,1.2756375000000002
12571,77.608,-3.9976766516929834,1.4163975000000002
12581,77.608,-2.1551325603625906,1.5219675000000001
12592,77.31200000000001,2.1441369860750243,1.6392675
12602,77.90400000000001,4.6008624411822465,1.7448375
12612,77.608,7.057587896289468,1.8386775000000002
12622,77.608,10.742676078950302,1.9442475000000001
12633,77.608,13.199401534057523,2.0380875
12642,77.608,16.884489716718356,2.1143325
12652,77.90400000000001,17.49867108049514,2.1729825000000003
12662,78.2,19.95539653560236,2.2316325000000004
12673,78.49600000000001,23.026303354486412,2.2785525
12683,78.792,26.097210173370417,2.3313375
12693,79.08800000000001,28.55393562847764,2.3606625
12702,79.68,31.62484244736169,2.3782575
12712,80.56800000000001,34.69574926624569,2.3958525
12723,81.16000000000001,38.380837448906526,2.4017175
12733,81.75200000000001,40.83756290401375,2.4017175
12743,82.048,43.90846972289775,2.3899875
12753,82.64,46.979376541781804,2.3665275
12763,83.528,49.43610199688898,2.3372025
12773,84.12,51.27864608821942,2.3020125
12783,85.00800000000001,53.73537154332664,2.2433625000000004
12793,85.60000000000001,53.73537154332664,2.1847125000000003
12804,86.19200000000001,56.19209699843386,2.1260625
12814,86.784,58.64882245354109,2.0615475
12824,87.67200000000001,58.64882245354109,1.9794375000000002
12833,88.56,59.877185181094696,1.8914625
12844,88.85600000000001,58.64882245354109,1.7800275
12854,89.744,57.42045972598747,1.6627275000000001
12864,90.33600000000001,55.57791563465703,1.5512925000000002
12874,90.92800000000001,53.121190179549814,1.4281275
12884,91.816,50.66446472444259,1.3108275
12895,92.11200000000001,48.20773926933537,1.1876625
12904,92.70400000000001,43.90846972289775,1.0469025
12914,93.0,38.995018812683305,0.9061425000000001
12924,93.0,34.69574926624569,0.7653825000000001
12935,93.0,29.16811699225447,0.6187575000000001
12945,93.0,24.25466608204002,0.45453750000000004
12955,93.0,19.341215171825578,0.34310250000000003
12965,93.296,15.656126989164745,0.24926250000000003
12976,93.0,10.742676078950302,0.1788825
12986,93.0,7.057587896289468,0.1260975
12995,93.0,3.9866810774054646,0.0909075
13005,93.0,-0.9267698328089795,0.061582500000000005
13016,93.0,-3.9976766516929834,0.0322575
13026,93.296,-7.0685834705770345,-0.0087975
13036,93.0,-7.682764834353816,-0.038122500000000004
13046,93.0,-8.911127561907428,-0.0733125
13057,93.296,-9.525308925684257,-0.1085025
13067,93.0,-11.982034380791479,-0.1495575
13076,93.0,-12.59621574456826,-0.1847475
13086,93.0,-13.824578472121871,-0.21407250000000003
13096,93.0,-15.667122563452264,-0.24926250000000003
13107,93.0,-16.895485291005876,-0.27858750000000004
13117,92.70400000000001,-18.738029382336315,-0.31377750000000004
13127,92.70400000000001,-19.966392109889927,-0.3372375
13137,92.408,-21.80893620122032,-0.3606975
13147,92.11200000000001,-23.037298928773932,-0.37829250000000003
13157,91.52000000000001,-24.87984302010437,-0.41348250000000003
13167,91.52000000000001,-24.87984302010437,-0.42521250000000005
13177,90.92800000000001,-26.722387111434763,-0.44867250000000003
13188,90.632,-27.950749838988376,-0.46040250000000005
13198,90.33600000000001,-27.336568475211592,-0.44867250000000003
13208,90.04,-31.021656657872427,-0.4721325
13217,89.44800000000001,-32.250019385425986,-0.4721325
13228,89.152,-34.09256347675643,-0.4779975
13238,88.26400000000001,-34.70674484053321,-0.4721325
13248,88.26400000000001,-37.16347029564044,-0.4721325
13258,87.968,-39.006014386970875,-0.4721325
13268,87.376,-39.006014386970875,-0.45453750000000004
13279,86.784,-41.46273984207809,-0.44867250000000003
13288,86.488,-41.46273984207809,-0.42521250000000005
13298,85.60000000000001,-42.69110256963171,-0.41348250000000003
13308,85.304,-43.30528393340849,-0.39002250000000005
13319,84.712,-45.14782802473893,-0.3724275
13329,83.82400000000001,-44.5336466609621,-0.3372375
13339,83.528,-44.5336466609621,-0.31377750000000004
13349,83.232,-45.14782802473893,-0.2844525
13359,82.34400000000001,-45.14782802473893,-0.2609925
13369,82.048,-44.5336466609621,-0.21407250000000003
13379,81.75200000000001,-44.5336466609621,-0.19061250000000002
13389,81.456,-43.91946529718532,-0.15542250000000002
13400,80.864,-42.69110256963171,-0.1085025
13410,79.976,-42.07692120585488,-0.0909075
13420,79.68,-40.234377114524484,-0.0733125
13429,79.68,-39.620195750747655,-0.0557175
13440,79.384,-37.777651659417266,-0.0498525
13450,79.08800000000001,-37.777651659417266,-0.043987500000000006
13460,78.49600000000001,-36.54928893186365,-0.0087975
13470,78.2,-35.32092620431004,0.0557175
13480,77.90400000000001,-33.4783821129796,0.1436925
13491,77.608,-31.635838021649207,0.24339750000000002
13500,77.608,-29.179112566541985,0.3665625
13510,77.31200000000001,-26.722387111434763,0.48972750000000004
13520,77.31200000000001,-23.65148029255076,0.6187575000000001
13531,77.016,-20.580573473666707,0.7477875
13541,77.016,-16.895485291005876,0.8826825
13551,77.016,-13.824578472121871,1.0234425
13560,77.016,-10.139490289461039,1.1524725
13571,77.016,-7.682764834353816,1.2815025
13581,77.016,-4.611858015469813,1.4105325000000002
13591,77.016,-1.5409511965857612,1.5278325000000001
13601,77.016,2.1441369860750243,1.6451325
13612,77.016,4.6008624411822465,1.7507025
13622,77.016,8.28595062384308,1.8504075000000002
13631,77.016,9.51431335139669,1.9501125000000001
13641,77.016,12.585220170280742,2.0322225
13651,77.31200000000001,16.270308352941527,2.1143325
13662,77.016,18.72703380804875,2.1847125000000003
13672,77.608,21.18375926315597,2.2433625000000004
13682,77.608,24.25466608204002,2.2961475
13692,78.49600000000001,27.325572900924026,2.3313375
13702,78.792,32.23902381113847,2.3782575
13712,79.384,33.46738653869208,2.3899875
13722,79.976,36.53829335757609,2.3958525
13732,80.272,39.609200176460135,2.4075825
13743,80.864,42.68010699534414,2.4017175
13753,81.75200000000001,45.751013814228195,2.3899875
13762,82.34400000000001,47.59355790555858,2.3606625
13772,83.232,52.50700881577303,2.3547975
13783,83.82400000000001,53.121190179549814,2.3020125
13793,84.41600000000001,57.42045972598747,2.2609575
13803,85.304,56.19209699843386,2.1788475000000003
13813,85.896,58.03464108976426,2.1201975
13822,86.784,58.64882245354109,2.0380875
13833,87.376,59.877185181094696,1.9559775000000001
13844,88.26400000000001,59.263003817317866,1.8562725000000002
13854,89.152,58.64882245354109,1.7624325
13864,89.44800000000001,57.42045972598747,1.6509975000000001
13874,90.33600000000001,56.19209699843386,1.5395625000000002
13884,90.632,54.34955290710342,1.4222625000000002
13894,91.224,51.27864608821942,1.2932325
13904,91.816,48.20773926933537,1.1583375
13915,92.408,44.52265108667458,1.0293075
13925,92.70400000000001,39.609200176460135,0.8885475
13935,92.70400000000001,35.30993063002248,0.7536525000000001
13945,93.0,29.16811699225447,0.5894325
13955,92.70400000000001,26.097210173370417,0.46040250000000005
13965,93.0,19.95539653560236,0.3313725
13975,92.70400000000001,15.041945625387964,0.24339750000000002
13985,93.0,10.12849471517352,0.1788825
13996,93.0,6.443406532512687,0.1202325
14006,93.0,2.7583183498518538,0.08504250000000001
14016,92.70400000000001,-2.1551325603625906,0.0498525
14025,93.0,-5.226039379246594,0.0205275
14035,92.70400000000001,-7.0685834705770345,0.0029325
14046,93.0,-8.911127561907428,-0.038122500000000004
14056,93.0,-10.139490289461039,-0.0733125
14066,92.70400000000001,-11.36785301701465,-0.1085025
14076,92.70400000000001,-12.59621574456826,-0.1495575
14087,93.0,-13.824578472121871,-0.1788825
14097,93.0,-15.667122563452264,-0.21407250000000003
14106,93.0,-16.895485291005876,-0.2551275
14116,92.70400000000001,-18.738029382336315,-0.2844525
14127,92.70400000000001,-19.966392109889927,-0.3196425
14137,92.408,-21.194754837443536,-0.34310250000000003
14147,92.11200000000001,-21.80893620122032,-0.3724275
14157,91.816,-23.037298928773932,-0.39002250000000005
14168,91.52000000000001,-24.26566165632754,-0.4076175
14177,91.224,-25.494024383881154,-0.42521250000000005
14187,90.92800000000001,-26.722387111434763,-0.4428075
14197,90.33600000000001,-27.336568475211592,-0.45453750000000004
14208,90.04,-29.179112566541985,-0.46626750000000006
14218,89.44800000000001,-31.021656657872427,-0.4721325
14228,89.152,-32.864200749202816,-0.4779975
14238,88.85600000000001,-34.09256347675643,-0.4779975
14247,88.26400000000001,-35.93510756808682,-0.4779975
14258,87.968,-36.54928893186365,-0.46040250000000005
14268,87.376,-38.391833023194046,-0.46040250000000005
14278,86.784,-40.234377114524484,-0.46040250000000005
14288,86.488,-41.46273984207809,-0.44867250000000003
14299,85.896,-42.69110256963171,-0.43107750000000006
14309,85.304,-43.91946529718532,-0.4076175
14318,85.00800000000001,-43.91946529718532,-0.38415750000000004
14328,84.12,-45.14782802473893,-0.3665625
14339,83.82400000000001,-45.14782802473893,-0.3313725
14349,83.232,-45.14782802473893,-0.3020475
14359,82.64,-45.76200938851571,-0.27858750000000004
14369,82.34400000000001,-45.14782802473893,-0.24339750000000002
14380,81.456,-46.37619075229254,-0.22580250000000002
14389,81.16000000000001,-43.91946529718532,-0.1788825
14399,80.272,-45.76200938851571,-0.15542250000000002
14409,79.976,-43.30528393340849,-0.1085025
14419,79.976,-42.69110256963171,-0.08504250000000001
14430,79.384,-41.46273984207809,-0.06744750000000001
14440,79.08800000000001,-40.234377114524484,-0.0557175
14450,78.49600000000001,-39.620195750747655,-0.0498525
14459,78.49600000000001,-37.777651659417266,-0.043987500000000006
14470,77.90400000000001,-37.777651659417266,-0.0205275
14480,77.608,-35.93510756808682,0.0498525
14490,77.31200000000001,-34.09256347675643,0.1495575
14500,77.016,-32.864200749202816,0.24926250000000003
14511,76.72000000000001,-29.793293930318814,0.3606975
14521,76.72000000000001,-26.722387111434763,0.48972750000000004
14530,76.424,-23.65148029255076,0.6246225000000001
14540,76.424,-20.580573473666707,0.7536525000000001
14551,76.424,-16.281303927229093,0.8885475
14561,76.424,-13.21039710834509,1.0410375
14571,76.424,-10.753671653237868,1.1583375
14581,76.424,-8.296946198130646,1.2932325
14592,76.424,-5.840220743023424,1.4163975000000002
14601,76.424,-2.1551325603625906,1.5336975000000002
14611,76.424,0.9157742585214133,1.6509975000000001
14621,76.424,3.372499713628635,1.7565675
14631,76.424,5.829225168735857,1.8562725000000002
14642,76.424,8.90013198761991,1.9501125000000001
14652,76.424,11.356857442727131,2.0439525
14661,76.424,13.199401534057523,2.1084675
14671,76.424,16.270308352941527,2.1729825000000003
14682,76.72000000000001,19.341215171825578,2.2374975000000004
14692,77.016,25.483028809593634,2.3196075
14702,77.31200000000001,24.868847445816805,2.3254725
14712,77.90400000000001,27.939754264700856,2.3665275
14723,78.49600000000001,32.85320517491525,2.3841225
14732,79.08800000000001,34.69574926624569,2.4017175
14742,79.68,40.22338154023692,2.4310425
14752,80.272,43.29428835912097,2.4310425
14763,81.16000000000001,44.52265108667458,2.3958525
14773,81.456,47.59355790555858,2.3782575
14783,82.048,49.43610199688898,2.3313375
14792,82.936,54.34955290710342,2.3196075
14802,83.232,53.121190179549814,2.2492275000000004
14813,83.82400000000001,55.57791563465703,2.1847125000000003
14823,85.00800000000001,56.19209699843386,2.1084675
14833,85.60000000000001,56.80627836221064,2.0322225
14843,86.19200000000001,59.263003817317866,1.9618425000000002
14854,87.376,57.42045972598747,1.8445425000000002
14863,87.968,56.80627836221064,1.7507025
14873,88.56,57.42045972598747,1.6509975000000001
14883,88.85600000000001,54.34955290710342,1.5278325000000001
14894,89.744,53.121190179549814,1.4163975000000002
14904,90.33600000000001,50.66446472444259,1.2873675
14914,90.92800000000001,46.365195178004974,1.1524725
14924,90.92800000000001,43.29428835912097,1.0175775
14935,91.52000000000001,39.609200176460135,0.8826825
14944,91.816,34.08156790246886,0.7301925
14954,91.816,29.782298356031248,0.5952975
14964,91.52000000000001,24.25466608204002,0.4428075
14974,91.52000000000001,19.95539653560236,0.3313725
14985,91.816,14.427764261611134,0.2375325
14995,91.816,10.12849471517352,0.1788825
15005,91.52000000000001,7.057587896289468,0.1260975
15014,91.52000000000001,3.9866810774054646,0.08504250000000001
15025,91.52000000000001,-0.9267698328089795,0.061582500000000005
15035,91.52000000000001,-4.611858015469813,0.0205275
15045,91.52000000000001,-7.0685834705770345,-0.0087975
15055,91.52000000000001,-8.911127561907428,-0.038122500000000004
15066,91.52000000000001,-10.753671653237868,-0.08504250000000001
15076,91.52000000000001,-11.982034380791479,-0.11436750000000001
15086,91.52000000000001,-12.59621574456826,-0.1495575
15095,91.52000000000001,-14.4387598358987,-0.19647750000000003
15106,91.52000000000001,-13.21039710834509,-0.2199375
15116,91.52000000000001,-15.052941199675482,-0.2609925
15126,91.52000000000001,-16.281303927229093,-0.2844525
15136,91.52000000000001,-16.281303927229093,-0.31377750000000004
15147,91.52000000000001,-16.895485291005876,-0.3372375
15157,90.92800000000001,-18.123848018559485,-0.3724275
15166,90.92800000000001,-18.123848018559485,-0.39002250000000005
15176,90.632,-19.352210746113098,-0.4017525
15186,90.33600000000001,-19.966392109889927,-0.42521250000000005
15197,90.04,-21.80893620122032,-0.44867250000000003
15207,89.44800000000001,-23.037298928773932,-0.45453750000000004
15217,89.152,-26.108205747657983,-0.46626750000000006
15226,89.152,-26.722387111434763,-0.4721325
15237,88.56,-29.793293930318814,-0.48972750000000004
15247,88.26400000000001,-30.407475294095597,-0.4779975
15257,87.968,-33.4783821129796,-0.4779975
15267,87.376,-34.70674484053321,-0.4721325
15278,86.784,-35.32092620431004,-0.46040250000000005
15288,86.488,-35.93510756808682,-0.44867250000000003
15297,86.19200000000001,-37.777651659417266,-0.4369425
15307,85.60000000000001,-39.006014386970875,-0.43107750000000006
15318,85.00800000000001,-39.620195750747655,-0.3958875
15328,84.41600000000001,-41.46273984207809,-0.38415750000000004
15338,84.12,-41.46273984207809,-0.3724275
15348,83.528,-42.07692120585488,-0.3313725
15358,83.232,-42.07692120585488,-0.31377750000000004
15368,82.64,-42.69110256963171,-0.27858750000000004
15378,82.048,-42.07692120585488,-0.2375325
15388,81.75200000000001,-42.07692120585488,-0.20820750000000002
15398,81.16000000000001,-42.69110256963171,-0.19061250000000002
15409,80.56800000000001,-42.07692120585488,-0.13782750000000002
15419,80.272,-41.46273984207809,-0.1202325
15429,79.68,-40.234377114524484,-0.08504250000000001
