time,angle,velocity,current
301,25.216000000000008,-1.5354534094420114,0.0
317,25.512,-2.149634773218816,-0.005865
327,26.104000000000013,-2.149634773218816,-0.005865
337,26.104000000000013,-3.377997500772425,-0.01173
348,25.80800000000002,-2.149634773218816,0.029325000000000004
357,25.80800000000002,-2.149634773218816,0.05865000000000001
367,26.104000000000013,-2.149634773218816,0.09384
377,26.104000000000013,-2.149634773218816,0.12903
388,26.104000000000013,-2.149634773218816,0.17008500000000001
398,26.104000000000013,-2.149634773218816,0.217005
408,26.104000000000013,-1.5354534094420114,0.25806
417,26.104000000000013,-0.9212720456652067,0.299115
428,26.104000000000013,0.9212720456652067,0.34603500000000004
438,26.104000000000013,2.149634773218816,0.38709000000000005
448,26.400000000000006,3.9921788645492295,0.42814500000000005
458,26.695999999999998,5.220541592102839,0.46333500000000005
468,26.695999999999998,7.677267047210057,0.50439
479,26.99200000000002,11.362355229870884,0.5454450000000001
488,27.28800000000001,11.362355229870884,0.57477
498,27.28800000000001,14.433262048754909,0.6099600000000001
508,27.879999999999995,17.504168867638928,0.639285
519,27.879999999999995,20.575075686522954,0.66861
529,28.47200000000001,23.645982505406977,0.6920700000000001
539,28.768,27.3310706880678,0.6920700000000001
549,29.656000000000006,29.173614779398218,0.7096650000000001
559,29.951999999999998,36.543791144719876,0.73899
569,30.840000000000003,41.457242054934305,0.7565850000000001
579,31.432000000000016,48.21323705647916,0.7683150000000001
589,32.32000000000002,53.12668796669359,0.7683150000000001
600,33.208,59.88268296823844,0.7859100000000001
610,34.391999999999996,61.11104569579205,0.744855
620,34.98400000000001,70.32376615244412,0.7741800000000001
629,36.464,72.78049160755134,0.73899
640,37.352000000000004,83.83575615553382,0.7683150000000001
650,38.536,86.90666297441784,0.744855
660,40.01600000000002,93.0484766121859,0.7565850000000001
670,41.792,97.96192752240033,0.721395
680,42.68000000000001,102.26119706883796,0.7096650000000001
690,43.864000000000004,105.33210388772198,0.6862050000000001
700,45.640000000000015,109.01719207038282,0.662745
710,46.82400000000001,110.85973616171322,0.6334200000000001
720,48.00800000000001,112.70228025304363,0.6275550000000001
731,49.488,110.2455547979364,0.5513100000000001
741,50.96800000000002,112.08809888926682,0.5454450000000001
751,52.152000000000015,110.2455547979364,0.50439
760,53.33600000000001,109.01719207038282,0.46333500000000005
771,54.816,105.33210388772198,0.41641500000000004
781,55.408000000000015,101.64701570506115,0.37536
791,56.59200000000001,94.8910207035163,0.322575
801,57.77600000000001,90.59175115707866,0.287385
812,58.367999999999995,83.83575615553382,0.240465
822,58.664000000000016,76.46557979021216,0.19354500000000002
832,59.256,68.4812220611137,0.146625
841,60.144000000000005,59.26850160446163,0.09384
851,60.144000000000005,50.66996251158638,0.052785000000000006
862,60.144000000000005,40.843060691157504,0.01173
872,60.144000000000005,32.24452159828224,-0.041055
882,60.144000000000005,23.645982505406977,-0.08211
892,60.144000000000005,16.275806140085322,-0.13489500000000001
902,60.144000000000005,9.51981113854047,-0.17595000000000002
912,60.144000000000005,4.606360228326034,-0.22287
922,59.84800000000001,-0.3070906818884023,-0.26979000000000003
932,60.144000000000005,-3.377997500772425,-0.31084500000000004
943,59.84800000000001,-5.220541592102839,-0.35190000000000005
953,59.84800000000001,-6.448904319656448,-0.38709000000000005
963,59.55200000000002,-7.677267047210057,-0.42814500000000005
973,59.55200000000002,-9.51981113854047,-0.46333500000000005
983,59.256,-11.976536593647689,-0.49852500000000005
993,58.96000000000001,-14.433262048754909,-0.52785
1003,58.664000000000016,-18.118350231415736,-0.5571750000000001
1013,58.367999999999995,-20.575075686522954,-0.57477
1024,58.072,-24.874345232960582,-0.6099600000000001
1034,57.77600000000001,-28.559433415621413,-0.6334200000000001
1044,57.184,-32.24452159828224,-0.651015
1053,56.59200000000001,-35.92960978094307,-0.662745
1063,56.0,-39.614697963603895,-0.674475
1074,55.111999999999995,-45.14233023759514,-0.6979350000000001
1084,54.816,-50.05578114780957,-0.7038000000000001
1094,53.928,-56.19759478557762,-0.7096650000000001
1104,53.04000000000002,-61.72522705956886,-0.71553
1115,52.152000000000015,-66.6386779697833,-0.7096650000000001
1124,50.96800000000002,-72.16631024377453,-0.7038000000000001
1134,49.78400000000002,-77.69394251776578,-0.6979350000000001
1144,48.304,-81.99321206420342,-0.6862050000000001
1155,47.71200000000002,-88.74920706574827,-0.6920700000000001
1165,46.232,-89.36338842952506,-0.651015
1175,45.048,-96.73356479484671,-0.66861
1184,43.864000000000004,-99.80447161373074,-0.64515
1195,42.68000000000001,-102.87537843261477,-0.6158250000000001
1205,40.903999999999996,-104.71792252394518,-0.604095
1215,40.01600000000002,-105.9462852514988,-0.57477
1225,38.83200000000002,-107.1746479790524,-0.5454450000000001
1235,37.352000000000004,-107.7888293428292,-0.51612
1246,35.872000000000014,-107.1746479790524,-0.48679500000000003
1255,34.68800000000002,-106.56046661527559,-0.45160500000000003
1265,33.50400000000002,-104.10374116016837,-0.41641500000000004
1275,32.616000000000014,-99.80447161373074,-0.37536
1286,31.72800000000001,-97.34774615862352,-0.34603500000000004
1296,30.840000000000003,-92.43429524840909,-0.299115
1306,29.951999999999998,-87.52084433819465,-0.25806
1316,29.06400000000002,-81.37903070042661,-0.217005
1326,28.768,-74.62303569888176,-0.17008500000000001
1336,28.47200000000001,-67.8670406973369,-0.13489500000000001
1346,27.879999999999995,-59.26850160446163,-0.09384
1356,27.879999999999995,-50.05578114780957,-0.04692
1367,27.584000000000003,-41.457242054934305,0.0
1377,27.584000000000003,-32.85870296205905,0.04692
1386,27.584000000000003,-25.48852659673739,0.10557000000000001
1396,27.584000000000003,-18.732531595192537,0.15835500000000002
1406,27.879999999999995,-14.433262048754909,0.19354500000000002
1417,27.584000000000003,-7.063085683433252,0.25806
1427,27.584000000000003,-3.9921788645492295,0.299115
1437,27.879999999999995,-2.149634773218816,0.34017000000000003
1447,27.584000000000003,-0.9212720456652067,0.37536
1458,27.584000000000003,0.9212720456652067,0.42814500000000005
1467,26.99200000000002,3.9921788645492295,0.49852500000000005
1477,26.99200000000002,2.149634773218816,0.510255
1487,27.584000000000003,1.5354534094420114,0.5395800000000001
1498,27.584000000000003,-0.9212720456652067,0.5571750000000001
1508,27.584000000000003,0.9212720456652067,0.6099600000000001
1518,27.879999999999995,1.5354534094420114,0.639285
1527,27.584000000000003,5.834722955879643,0.674475
1538,28.176000000000016,8.905629774763666,0.6862050000000001
1548,28.47200000000001,13.819080684978102,0.7096650000000001
1558,28.768,19.96089432274615,0.73899
1568,29.360000000000014,24.26016386918378,0.744855
1579,30.24800000000002,30.401977506951823,0.7565850000000001
1588,30.840000000000003,37.15797250849668,0.7624500000000001
1598,31.135999999999996,43.91396751004152,0.7800450000000001
1608,32.024,49.44159978403276,0.7800450000000001
1618,33.208,55.58341342180081,0.7800450000000001
1629,33.80000000000001,63.56777115089927,0.7859100000000001
1639,35.28,64.18195251467608,0.733125
1649,35.872000000000014,73.39467297132815,0.7565850000000001
1659,37.647999999999996,79.53648660909619,0.7565850000000001
1669,38.536,86.29248161064103,0.75072
1679,40.01600000000002,90.59175115707866,0.733125
1689,41.20000000000002,91.20593252085547,0.6803400000000001
1699,42.68000000000001,97.96192752240033,0.6862050000000001
1710,43.864000000000004,99.19029024995393,0.64515
1720,44.45600000000002,101.03283434128434,0.6158250000000001
1730,46.52800000000002,104.10374116016837,0.59823
1739,47.120000000000005,101.03283434128434,0.533715
1750,48.599999999999994,104.71792252394518,0.533715
1760,50.08000000000001,104.10374116016837,0.49266000000000004
1770,51.26400000000001,101.64701570506115,0.45747000000000004
1780,52.152000000000015,97.96192752240033,0.39882
1790,53.33600000000001,96.11938343106992,0.37536
1801,53.928,91.20593252085547,0.32844
1810,55.111999999999995,85.06411888308743,0.28152
1820,55.70400000000001,78.30812388154258,0.240465
1830,56.29600000000002,71.55212887999772,0.18768
1841,56.59200000000001,63.56777115089927,0.14076
1851,56.888000000000005,54.355050694247204,0.099705
1861,57.184,45.14233023759514,0.04692
1871,57.184,35.92960978094307,0.005865
1882,57.184,26.716889324290996,-0.041055
1891,57.184,19.34671295896934,-0.09384
1901,57.48000000000002,11.976536593647689,-0.12903
1911,57.184,5.834722955879643,-0.181815
1922,57.184,0.9212720456652067,-0.22873500000000002
1932,57.184,-2.149634773218816,-0.26979000000000003
1942,57.184,-4.606360228326034,-0.31084500000000004
1951,56.888000000000005,-6.448904319656448,-0.35190000000000005
1961,56.888000000000005,-7.063085683433252,-0.39882
1972,56.888000000000005,-7.063085683433252,-0.41641500000000004
1982,56.59200000000001,-9.51981113854047,-0.46333500000000005
1992,56.0,-9.51981113854047,-0.46920000000000006
2004,56.888000000000005,-16.889987503862123,-0.5454450000000001
2016,55.70400000000001,-18.732531595192537,-0.56304
2026,55.408000000000015,-22.417619777853368,-0.5865
2036,55.111999999999995,-25.48852659673739,-0.604095
2046,54.52000000000001,-31.016158870728628,-0.639285
2057,53.928,-33.47288432583584,-0.639285
2067,53.33600000000001,-39.614697963603895,-0.66861
2077,52.744,-45.75651160137193,-0.6862050000000001
2086,52.152000000000015,-50.66996251158638,-0.6920700000000001
2097,51.26400000000001,-55.58341342180081,-0.7038000000000001
2107,50.08000000000001,-60.49686433201524,-0.6920700000000001
2117,49.19200000000001,-66.6386779697833,-0.7096650000000001
2127,48.304,-72.78049160755134,-0.7096650000000001
2138,47.416,-77.69394251776578,-0.7096650000000001
2147,45.93600000000001,-84.44993751931062,-0.721395
2157,44.75200000000001,-86.90666297441784,-0.6803400000000001
2167,43.864000000000004,-92.43429524840909,-0.6862050000000001
2178,42.384000000000015,-96.11938343106992,-0.66861
2188,41.20000000000002,-101.03283434128434,-0.65688
2198,39.72,-105.33210388772198,-0.64515
2208,38.24000000000001,-107.1746479790524,-0.6216900000000001
2217,37.05600000000001,-109.63137343415963,-0.592365
2228,35.57600000000002,-111.47391752549001,-0.57477
2238,34.096000000000004,-112.08809888926682,-0.5454450000000001
2248,32.912000000000006,-113.31646161682043,-0.51612
2258,31.72800000000001,-110.85973616171322,-0.48093
2269,30.24800000000002,-109.63137343415963,-0.45160500000000003
2279,29.06400000000002,-107.7888293428292,-0.42228000000000004
2288,28.176000000000016,-104.71792252394518,-0.38122500000000004
2298,26.695999999999998,-100.41865297750753,-0.34017000000000003
2309,26.104000000000013,-95.50520206729311,-0.299115
2319,25.216000000000008,-89.36338842952506,-0.25806
2329,24.328000000000003,-83.83575615553382,-0.217005
2339,24.03200000000001,-75.85139842643535,-0.17008500000000001
2349,23.73600000000002,-68.4812220611137,-0.12903
2359,23.144000000000005,-59.88268296823844,-0.08797500000000001
2369,22.848000000000013,-51.28414387536318,-0.04692
2379,22.848000000000013,-42.07142341871111,0.005865
2390,22.848000000000013,-33.47288432583584,0.052785000000000006
2400,22.848000000000013,-26.102707960514195,0.10557000000000001
2410,22.848000000000013,-19.96089432274615,0.15249000000000001
2419,22.848000000000013,-14.433262048754909,0.205275
2429,23.144000000000005,-8.291448410986861,0.252195
2440,22.848000000000013,-3.377997500772425,0.299115
2450,22.848000000000013,-0.9212720456652067,0.34017000000000003
2460,23.144000000000005,0.9212720456652067,0.39295500000000005
2470,23.144000000000005,2.7638161369956205,0.42814500000000005
2480,23.144000000000005,5.220541592102839,0.48679500000000003
2490,23.144000000000005,5.220541592102839,0.510255
2500,23.439999999999998,7.677267047210057,0.5395800000000001
2510,23.73600000000002,10.133992502317275,0.580635
2521,24.328000000000003,13.204899321201298,0.6099600000000001
2531,24.328000000000003,16.889987503862123,0.64515
2540,24.920000000000016,20.575075686522954,0.66861
2550,25.216000000000008,25.48852659673739,0.6862050000000001
2561,25.80800000000002,28.559433415621413,0.6862050000000001
2571,26.695999999999998,36.543791144719876,0.72726
2581,27.28800000000001,42.685604782487914,0.744855
2591,27.879999999999995,45.14233023759514,0.733125
2600,28.768,54.969232058024005,0.7624500000000001
2612,29.951999999999998,61.72522705956886,0.7741800000000001
2622,31.135999999999996,67.8670406973369,0.7800450000000001
2632,32.024,71.55212887999772,0.75072
2642,33.208,81.37903070042661,0.7859100000000001
2653,34.391999999999996,85.67830024686424,0.744855
2662,35.28,89.36338842952506,0.7565850000000001
2672,37.05600000000001,96.11938343106992,0.7565850000000001
2682,38.536,99.19029024995393,0.71553
2693,40.01600000000002,104.71792252394518,0.721395
2703,41.49600000000001,108.40301070660601,0.7038000000000001
2713,42.68000000000001,112.08809888926682,0.6862050000000001
2722,44.16,114.54482434437405,0.65688
2733,45.640000000000015,116.38736843570446,0.6275550000000001
2743,47.120000000000005,117.00154979948127,0.59823
2753,48.00800000000001,120.0724566183653,0.5865
2763,49.78400000000002,117.00154979948127,0.52785
2774,51.26400000000001,113.93064298059724,0.48093
2784,52.44800000000001,111.47391752549001,0.43401
2794,54.22400000000002,108.40301070660601,0.39295500000000005
2803,54.816,106.56046661527559,0.369495
2813,56.0,101.03283434128434,0.322575
2824,56.888000000000005,94.2768393397395,0.27565500000000004
2834,57.48000000000002,88.74920706574827,0.240465
2844,58.072,80.7648493366498,0.18768
2854,58.664000000000016,72.78049160755134,0.14076
2864,59.256,63.56777115089927,0.09384
2874,59.256,53.740869330470396,0.04692
2884,59.55200000000002,44.52814887381833,0.005865
2894,59.55200000000002,36.543791144719876,-0.029325000000000004
2905,59.55200000000002,26.716889324290996,-0.09384
2916,59.55200000000002,18.118350231415736,-0.146625
2926,59.84800000000001,11.362355229870884,-0.19354500000000002
2935,59.55200000000002,4.606360228326034,-0.23460000000000003
2946,59.55200000000002,-0.3070906818884023,-0.27565500000000004
2956,59.256,-3.377997500772425,-0.31671000000000005
2966,59.256,-5.220541592102839,-0.357765
2976,58.96000000000001,-7.063085683433252,-0.39295500000000005
2987,58.96000000000001,-8.291448410986861,-0.43401
2997,58.072,-9.51981113854047,-0.46333500000000005
3006,58.367999999999995,-12.590717957424493,-0.50439
3016,58.072,-16.275806140085322,-0.5454450000000001
3026,58.072,-18.732531595192537,-0.5571750000000001
3037,57.77600000000001,-21.803438414076563,-0.5865
3047,57.184,-24.874345232960582,-0.604095
3057,56.59200000000001,-29.173614779398218,-0.6216900000000001
3066,56.29600000000002,-34.08706568961265,-0.651015
3077,55.70400000000001,-38.386335236050286,-0.66861
3087,55.111999999999995,-43.29978614626472,-0.6862050000000001
3097,54.52000000000001,-48.21323705647916,-0.6920700000000001
3107,53.928,-53.12668796669359,-0.7038000000000001
3118,52.744,-58.65432024068484,-0.7038000000000001
3128,51.26400000000001,-64.18195251467608,-0.7038000000000001
3137,50.96800000000002,-69.70958478866731,-0.71553
3147,50.08000000000001,-75.23721706265856,-0.7096650000000001
3158,48.896000000000015,-78.92230524531938,-0.7038000000000001
3168,47.71200000000002,-84.44993751931062,-0.6920700000000001
3178,46.232,-88.74920706574827,-0.6803400000000001
3188,45.343999999999994,-93.0484766121859,-0.674475
3197,44.16,-96.73356479484671,-0.662745
3208,42.976,-99.19029024995393,-0.6334200000000001
3218,40.903999999999996,-101.03283434128434,-0.604095
3228,40.608000000000004,-105.33210388772198,-0.592365
3238,38.83200000000002,-105.9462852514988,-0.56304
3249,37.647999999999996,-108.40301070660601,-0.5454450000000001
3259,36.168000000000006,-107.7888293428292,-0.510255
3268,34.98400000000001,-107.7888293428292,-0.48093
3278,33.50400000000002,-105.9462852514988,-0.45160500000000003
3289,32.616000000000014,-104.10374116016837,-0.41055
3299,31.72800000000001,-101.03283434128434,-0.37536
3309,30.54400000000001,-97.34774615862352,-0.334305
3319,29.656000000000006,-93.0484766121859,-0.29325
3329,28.176000000000016,-85.06411888308743,-0.22873500000000002
3339,27.584000000000003,-80.150667972873,-0.19941
3349,27.584000000000003,-74.62303569888176,-0.17008500000000001
3359,27.28800000000001,-67.2528593335601,-0.12316500000000001
3369,26.400000000000006,-58.65432024068484,-0.08211
3380,26.695999999999998,-50.05578114780957,-0.03519
3390,26.400000000000006,-41.457242054934305,0.01173
3399,26.104000000000013,-34.08706568961265,0.052785000000000006
3409,26.104000000000013,-25.48852659673739,0.10557000000000001
3420,26.400000000000006,-18.118350231415736,0.15835500000000002
3430,26.400000000000006,-11.362355229870884,0.205275
3440,26.400000000000006,-7.677267047210057,0.240465
3450,26.400000000000006,-2.149634773218816,0.30498000000000003
3461,26.400000000000006,-0.3070906818884023,0.34603500000000004
3470,26.695999999999998,2.149634773218816,0.39295500000000005
3480,26.99200000000002,3.377997500772425,0.43401
3490,26.99200000000002,3.9921788645492295,0.475065
3501,26.99200000000002,5.834722955879643,0.510255
3511,27.28800000000001,7.677267047210057,0.5454450000000001
3521,27.584000000000003,10.74817386609408,0.5865
3530,27.584000000000003,13.204899321201298,0.6099600000000001
3540,27.879999999999995,15.04744341253171,0.6334200000000001
3551,28.47200000000001,20.575075686522954,0.674475
3561,28.47200000000001,26.716889324290996,0.6979350000000001
3571,29.656000000000006,30.401977506951823,0.71553
3581,30.24800000000002,33.47288432583584,0.6979350000000001
3592,30.840000000000003,41.457242054934305,0.733125
3602,31.432000000000016,49.44159978403276,0.7624500000000001
3612,32.616000000000014,53.740869330470396,0.7565850000000001
3621,33.50400000000002,60.49686433201524,0.7624500000000001
3632,34.68800000000002,67.8670406973369,0.7800450000000001
3642,35.57600000000002,75.85139842643535,0.791775
3652,36.76000000000002,79.53648660909619,0.7683150000000001
3662,38.24000000000001,87.52084433819465,0.7859100000000001
3673,39.42400000000001,91.20593252085547,0.7565850000000001
3683,40.903999999999996,94.8910207035163,0.733125
3692,42.087999999999994,102.87537843261477,0.744855
3702,43.56800000000001,106.56046661527559,0.72726
3713,45.048,107.7888293428292,0.674475
3723,46.52800000000002,113.93064298059724,0.6803400000000001
3733,48.00800000000001,113.93064298059724,0.6275550000000001
3743,49.19200000000001,119.45827525458849,0.6334200000000001
3753,50.96800000000002,118.84409389081168,0.580635
3763,52.744,117.61573116325808,0.533715
3773,53.928,119.45827525458849,0.521985
3783,55.408000000000015,118.22991252703487,0.48679500000000003
3793,56.59200000000001,114.54482434437405,0.42814500000000005
3804,57.77600000000001,112.70228025304363,0.404685
3814,58.664000000000016,108.40301070660601,0.36363
3824,59.84800000000001,102.87537843261477,0.322575
3833,61.03200000000001,97.34774615862352,0.27565500000000004
3844,61.328,90.59175115707866,0.23460000000000003
3854,62.21600000000001,80.7648493366498,0.17008500000000001
3864,62.512,74.00885433510496,0.13489500000000001
3874,63.10400000000001,64.79613387845288,0.09384
3885,63.400000000000006,55.58341342180081,0.052785000000000006
3895,63.696,45.14233023759514,0.0
3905,63.99200000000002,35.92960978094307,-0.04692
3914,63.696,27.3310706880678,-0.09384
3924,63.696,19.34671295896934,-0.14076
3935,63.696,12.590717957424493,-0.18768
3945,63.99200000000002,5.220541592102839,-0.23460000000000003
3955,63.696,0.9212720456652067,-0.27565500000000004
3965,63.400000000000006,-3.377997500772425,-0.322575
3975,63.400000000000006,-5.834722955879643,-0.369495
3985,63.10400000000001,-7.063085683433252,-0.39882
3995,63.10400000000001,-9.51981113854047,-0.43401
4005,62.80800000000002,-11.362355229870884,-0.46920000000000006
4016,62.80800000000002,-13.819080684978102,-0.49852500000000005
4026,62.21600000000001,-15.661624776308516,-0.533715
4036,61.920000000000016,-19.34671295896934,-0.56304
4045,61.328,-22.417619777853368,-0.580635
4056,61.03200000000001,-26.716889324290996,-0.6158250000000001
4066,60.73600000000002,-31.016158870728628,-0.639285
4076,60.144000000000005,-34.70124705338946,-0.651015
4086,59.256,-40.228879327380696,-0.66861
4097,58.96000000000001,-43.91396751004152,-0.66861
4107,58.367999999999995,-50.66996251158638,-0.6979350000000001
4116,57.48000000000002,-54.355050694247204,-0.7038000000000001
4126,56.888000000000005,-61.11104569579205,-0.7096650000000001
4137,55.70400000000001,-66.6386779697833,-0.6979350000000001
4148,54.52000000000001,-72.16631024377453,-0.6979350000000001
4158,53.632000000000005,-76.46557979021216,-0.6979350000000001
4168,52.44800000000001,-81.99321206420342,-0.7038000000000001
4178,51.26400000000001,-88.13502570197146,-0.6979350000000001
4189,50.08000000000001,-91.20593252085547,-0.6803400000000001
4199,48.896000000000015,-96.73356479484671,-0.66861
4208,47.120000000000005,-99.19029024995393,-0.64515
4218,45.93600000000001,-102.87537843261477,-0.6158250000000001
4229,44.75200000000001,-105.33210388772198,-0.6158250000000001
4239,43.27200000000002,-107.7888293428292,-0.592365
4249,41.792,-109.63137343415963,-0.57477
4259,41.20000000000002,-110.85973616171322,-0.533715
4270,39.42400000000001,-110.85973616171322,-0.510255
4279,37.94400000000002,-110.2455547979364,-0.475065
4289,36.76000000000002,-109.01719207038282,-0.44574
4299,35.57600000000002,-106.56046661527559,-0.41055
4310,34.68800000000002,-103.48955979639157,-0.369495
4320,33.50400000000002,-99.80447161373074,-0.334305
4330,32.616000000000014,-93.66265797596269,-0.27565500000000004
4339,31.72800000000001,-89.97756979330187,-0.252195
4349,31.135999999999996,-83.221574791757,-0.21114000000000002
4360,30.54400000000001,-76.46557979021216,-0.16422
4370,30.24800000000002,-68.4812220611137,-0.12903
4380,29.951999999999998,-60.49686433201524,-0.08211
4390,29.656000000000006,-51.28414387536318,-0.03519
4400,29.360000000000014,-42.685604782487914,0.01173
4410,29.360000000000014,-34.08706568961265,0.064515
4420,29.360000000000014,-26.102707960514195,0.111435
4430,29.360000000000014,-18.732531595192537,0.15835500000000002
4441,29.360000000000014,-13.204899321201298,0.21114000000000002
4451,29.360000000000014,-7.063085683433252,0.25806
4461,29.360000000000014,-2.7638161369956205,0.30498000000000003
4471,29.656000000000006,0.3070906818884023,0.357765
4481,29.360000000000014,1.5354534094420114,0.39295500000000005
4491,29.656000000000006,2.149634773218816,0.43401
4501,29.656000000000006,3.377997500772425,0.475065
4511,29.951999999999998,5.834722955879643,0.51612
4521,29.951999999999998,9.51981113854047,0.5513100000000001
4532,30.54400000000001,13.204899321201298,0.59823
4542,30.54400000000001,15.04744341253171,0.6158250000000001
4551,31.135999999999996,18.118350231415736,0.639285
4561,31.72800000000001,22.417619777853368,0.66861
4572,31.72800000000001,26.102707960514195,0.6920700000000001
4582,32.32000000000002,31.016158870728628,0.7096650000000001
4592,33.208,35.92960978094307,0.733125
4602,33.80000000000001,40.843060691157504,0.744855
4613,34.98400000000001,48.21323705647916,0.7565850000000001
4623,35.28,53.12668796669359,0.7741800000000001
4632,36.168000000000006,57.42595751313123,0.7624500000000001
4642,37.05600000000001,64.79613387845288,0.7741800000000001
4653,38.536,70.93794751622093,0.7800450000000001
4663,39.72,74.00885433510496,0.75072
4673,40.608000000000004,82.60739342798021,0.7683150000000001
4683,42.087999999999994,88.74920706574827,0.7683150000000001
4694,43.27200000000002,94.2768393397395,0.7565850000000001
4704,44.75200000000001,99.80447161373074,0.744855
4713,46.232,103.48955979639157,0.721395
4723,47.71200000000002,104.10374116016837,0.674475
4733,49.19200000000001,110.2455547979364,0.674475
4744,50.376000000000005,113.93064298059724,0.651015
4754,51.855999999999995,115.77318707192765,0.6275550000000001
4764,53.04000000000002,114.54482434437405,0.580635
4774,54.816,116.38736843570446,0.5571750000000001
4784,55.408000000000015,117.00154979948127,0.533715
4794,57.184,115.77318707192765,0.48679500000000003
4804,58.367999999999995,112.70228025304363,0.44574
4814,59.84800000000001,110.2455547979364,0.41055
4825,60.73600000000002,104.71792252394518,0.357765
4835,61.920000000000016,101.03283434128434,0.322575
4845,62.80800000000002,94.8910207035163,0.26979000000000003
4854,63.696,88.13502570197146,0.22873500000000002
4865,63.99200000000002,81.37903070042661,0.18768
4875,64.584,71.55212887999772,0.12903
4885,64.88,62.95358978712247,0.08797500000000001
4895,65.47200000000001,53.12668796669359,0.04692
4905,65.47200000000001,43.91396751004152,-0.005865
4916,65.47200000000001,33.47288432583584,-0.04692
4925,65.47200000000001,24.874345232960582,-0.09384
4935,65.768,18.118350231415736,-0.14076
4945,65.47200000000001,14.433262048754909,-0.17595000000000002
4956,65.47200000000001,7.677267047210057,-0.23460000000000003
4966,65.47200000000001,2.149634773218816,-0.27565500000000004
4976,65.47200000000001,-0.9212720456652067,-0.322575
4986,65.768,-0.9212720456652067,-0.34603500000000004
4996,65.17600000000002,-3.9921788645492295,-0.39295500000000005
5006,64.88,-4.606360228326034,-0.43401
5016,65.17600000000002,-7.063085683433252,-0.475065
5026,65.17600000000002,-8.905629774763666,-0.50439
5037,64.584,-11.976536593647689,-0.533715
5047,64.28800000000001,-14.433262048754909,-0.5513100000000001
5057,63.99200000000002,-18.732531595192537,-0.5865
5066,63.696,-23.03180114163017,-0.6158250000000001
5076,63.10400000000001,-27.3310706880678,-0.6334200000000001
5087,62.512,-32.24452159828224,-0.65688
5097,62.21600000000001,-37.15797250849668,-0.66861
5107,61.623999999999995,-42.07142341871111,-0.6862050000000001
5117,61.03200000000001,-46.98487432892555,-0.6920700000000001
5128,59.84800000000001,-50.66996251158638,-0.6862050000000001
5138,59.256,-56.81177614935442,-0.7038000000000001
5147,58.367999999999995,-62.33940842334566,-0.7038000000000001
5157,57.48000000000002,-69.0954034248905,-0.71553
5168,56.59200000000001,-72.16631024377453,-0.6920700000000001
5178,55.70400000000001,-77.07976115398897,-0.6920700000000001
5188,54.22400000000002,-84.44993751931062,-0.7038000000000001
5198,53.04000000000002,-90.59175115707866,-0.7096650000000001
5209,52.152000000000015,-93.0484766121859,-0.6803400000000001
5218,50.672,-95.50520206729311,-0.64515
5228,49.488,-100.41865297750753,-0.64515
5238,48.00800000000001,-101.64701570506115,-0.6099600000000001
5249,46.82400000000001,-104.71792252394518,-0.59823
5259,45.343999999999994,-105.9462852514988,-0.568905
5269,44.16,-107.1746479790524,-0.5395800000000001
5279,42.976,-106.56046661527559,-0.50439
5288,41.49600000000001,-105.9462852514988,-0.46920000000000006
5299,40.31200000000001,-105.33210388772198,-0.44574
5309,39.42400000000001,-102.87537843261477,-0.404685
5319,38.24000000000001,-99.80447161373074,-0.369495
5329,37.352000000000004,-95.50520206729311,-0.32844
5340,36.464,-90.59175115707866,-0.28152
5350,35.57600000000002,-85.67830024686424,-0.24633000000000002
5359,34.98400000000001,-79.53648660909619,-0.205275
5369,34.68800000000002,-72.16631024377453,-0.16422
5380,34.096000000000004,-64.18195251467608,-0.12316500000000001
5390,34.096000000000004,-55.58341342180081,-0.07624500000000001
5400,33.80000000000001,-46.98487432892555,-0.029325000000000004
5410,33.50400000000002,-36.543791144719876,0.029325000000000004
5421,33.50400000000002,-30.401977506951823,0.064515
5430,33.50400000000002,-23.03180114163017,0.111435
5440,33.50400000000002,-16.889987503862123,0.17008500000000001
5450,33.50400000000002,-11.976536593647689,0.217005
5460,33.50400000000002,-6.448904319656448,0.263925
5471,33.50400000000002,-2.7638161369956205,0.31084500000000004
5481,34.391999999999996,-1.5354534094420114,0.334305
5491,33.50400000000002,1.5354534094420114,0.39882
5500,33.80000000000001,2.7638161369956205,0.43401
5511,34.096000000000004,4.606360228326034,0.48093
5521,34.096000000000004,5.834722955879643,0.51612
5531,34.391999999999996,7.677267047210057,0.5454450000000001
5541,34.391999999999996,9.51981113854047,0.580635
5552,34.98400000000001,11.976536593647689,0.6099600000000001
5561,34.98400000000001,15.04744341253171,0.64515
5571,35.57600000000002,18.118350231415736,0.66861
5581,35.28,24.26016386918378,0.71553
5592,36.168000000000006,26.102707960514195,0.7096650000000001
5602,36.76000000000002,32.24452159828224,0.73899
5612,37.352000000000004,37.77215387227348,0.744855
5622,38.24000000000001,42.07142341871111,0.7565850000000001
5632,39.128000000000014,50.05578114780957,0.7800450000000001
5642,39.72,53.740869330470396,0.7741800000000001
5652,40.608000000000004,62.33940842334566,0.791775
5662,41.792,67.2528593335601,0.7741800000000001
5672,42.384000000000015,74.62303569888176,0.791775
5683,44.16,77.69394251776578,0.75072
5693,45.048,84.44993751931062,0.7624500000000001
5702,46.52800000000002,89.97756979330187,0.75072
5712,48.00800000000001,94.2768393397395,0.721395
5723,49.488,99.19029024995393,0.721395
5733,50.672,103.48955979639157,0.6979350000000001
5743,51.855999999999995,106.56046661527559,0.651015
5753,53.04000000000002,110.2455547979364,0.65688
5763,54.52000000000001,110.85973616171322,0.6158250000000001
5773,56.29600000000002,112.08809888926682,0.580635
5783,57.184,113.31646161682043,0.5513100000000001
5793,58.664000000000016,113.31646161682043,0.521985
5804,60.144000000000005,112.08809888926682,0.475065
5814,61.328,109.01719207038282,0.44574
5824,62.512,107.1746479790524,0.39882
5833,63.696,102.26119706883796,0.35190000000000005
5843,64.28800000000001,97.34774615862352,0.31671000000000005
5854,65.47200000000001,91.82011388463228,0.26979000000000003
5864,66.064,85.06411888308743,0.22873500000000002
5874,66.656,77.07976115398897,0.17595000000000002
5884,66.656,69.70958478866731,0.14076
5895,67.54400000000001,59.88268296823844,0.08797500000000001
5904,67.84,50.66996251158638,0.041055
5914,67.84,40.843060691157504,-0.005865
5924,67.84,32.24452159828224,-0.052785000000000006
5935,67.84,23.645982505406977,-0.099705
5945,67.84,16.275806140085322,-0.146625
5955,68.136,8.291448410986861,-0.19354500000000002
5965,67.84,2.7638161369956205,-0.23460000000000003
5976,67.84,-1.5354534094420114,-0.28152
5985,67.84,-3.9921788645492295,-0.32844
5995,67.24800000000002,-5.834722955879643,-0.369495
6005,67.54400000000001,-7.063085683433252,-0.39882
6016,67.24800000000002,-8.905629774763666,-0.439875
6026,66.952,-10.133992502317275,-0.475065
6036,66.952,-11.976536593647689,-0.49852500000000005
6046,66.36000000000001,-15.661624776308516,-0.5454450000000001
6055,66.36000000000001,-16.889987503862123,-0.5513100000000001
6066,65.768,-19.96089432274615,-0.580635
6076,65.47200000000001,-25.48852659673739,-0.6099600000000001
6086,65.47200000000001,-29.173614779398218,-0.6334200000000001
6096,64.88,-33.47288432583584,-0.651015
6107,63.99200000000002,-35.92960978094307,-0.65688
6117,63.400000000000006,-42.685604782487914,-0.6803400000000001
6127,62.80800000000002,-47.59905569270235,-0.6920700000000001
6136,61.920000000000016,-53.12668796669359,-0.7096650000000001
6147,61.328,-58.04013887690803,-0.7038000000000001
6157,60.44,-64.18195251467608,-0.7096650000000001
6167,59.256,-69.70958478866731,-0.71553
6177,58.072,-75.85139842643535,-0.721395
6188,57.184,-81.37903070042661,-0.7038000000000001
6197,56.0,-85.67830024686424,-0.6920700000000001
6207,55.111999999999995,-89.97756979330187,-0.6862050000000001
6217,53.632000000000005,-94.2768393397395,-0.662745
6227,52.152000000000015,-98.57610888617712,-0.64515
6238,51.56,-103.48955979639157,-0.64515
6248,50.08000000000001,-102.26119706883796,-0.6216900000000001
6258,48.599999999999994,-105.9462852514988,-0.5865
6267,47.416,-107.7888293428292,-0.56304
6278,45.343999999999994,-107.1746479790524,-0.51612
6288,44.75200000000001,-110.2455547979364,-0.521985
6298,43.27200000000002,-109.63137343415963,-0.475065
6308,41.792,-109.01719207038282,-0.45160500000000003
6319,40.608000000000004,-105.9462852514988,-0.404685
6329,39.72,-102.87537843261477,-0.36363
6338,38.536,-97.96192752240033,-0.322575
6348,37.647999999999996,-93.0484766121859,-0.287385
6359,37.05600000000001,-86.90666297441784,-0.23460000000000003
6369,36.464,-81.99321206420342,-0.205275
6379,36.168000000000006,-74.62303569888176,-0.16422
6389,35.57600000000002,-67.2528593335601,-0.11730000000000002
6398,34.98400000000001,-59.26850160446163,-0.08211
6409,34.98400000000001,-49.44159978403276,-0.02346
6419,34.68800000000002,-40.228879327380696,0.017595
6429,34.68800000000002,-31.630340234505436,0.064515
6439,34.98400000000001,-23.645982505406977,0.111435
6450,34.98400000000001,-18.118350231415736,0.16422
6460,34.68800000000002,-11.976536593647689,0.217005
6469,34.68800000000002,-8.291448410986861,0.26979000000000003
6479,34.98400000000001,-3.9921788645492295,0.31084500000000004
6490,34.68800000000002,-1.5354534094420114,0.35190000000000005
6500,34.68800000000002,-0.9212720456652067,0.39882
6510,34.98400000000001,-0.9212720456652067,0.42814500000000005
6520,34.98400000000001,0.9212720456652067,0.48093
6531,34.98400000000001,1.5354534094420114,0.521985
6540,34.096000000000004,3.9921788645492295,0.580635
6550,34.68800000000002,1.5354534094420114,0.5865
6560,34.68800000000002,0.9212720456652067,0.6216900000000001
6571,34.98400000000001,-0.3070906818884023,0.64515
6581,35.28,2.149634773218816,0.674475
6591,35.28,2.7638161369956205,0.662745
6601,35.57600000000002,10.74817386609408,0.71553
6610,35.872000000000014,18.118350231415736,0.744855
6621,36.464,22.417619777853368,0.744855
6631,37.05600000000001,28.559433415621413,0.7565850000000001
6641,37.94400000000002,33.47288432583584,0.75072
6651,38.536,41.457242054934305,0.7741800000000001
6662,39.128000000000014,48.82741842025597,0.7741800000000001
6672,40.31200000000001,53.740869330470396,0.791775
6681,41.20000000000002,62.95358978712247,0.7859100000000001
6691,42.384000000000015,67.2528593335601,0.7565850000000001
6702,43.27200000000002,72.16631024377453,0.72726
6712,44.16,79.53648660909619,0.75072
6722,45.640000000000015,84.44993751931062,0.733125
6732,46.82400000000001,88.74920706574827,0.7096650000000001
6743,48.304,93.0484766121859,0.6920700000000001
6753,49.488,93.66265797596269,0.651015
6762,50.672,98.57610888617712,0.639285
6772,51.855999999999995,99.19029024995393,0.59823
6782,53.33600000000001,102.26119706883796,0.5865
6793,53.632000000000005,105.9462852514988,0.580635
6803,55.70400000000001,102.26119706883796,0.51612
6813,56.888000000000005,101.64701570506115,0.475065
6823,58.072,99.80447161373074,0.439875
6833,58.664000000000016,96.11938343106992,0.39882
6843,59.84800000000001,93.0484766121859,0.36363
6853,60.73600000000002,86.29248161064103,0.30498000000000003
6863,61.328,81.99321206420342,0.27565500000000004
6874,62.21600000000001,74.62303569888176,0.22287
6884,62.512,67.8670406973369,0.17008500000000001
6894,62.80800000000002,59.88268296823844,0.12903
6904,63.400000000000006,51.28414387536318,0.08797500000000001
6915,63.10400000000001,41.457242054934305,0.03519
6924,63.400000000000006,33.47288432583584,-0.01173
6934,63.696,24.874345232960582,-0.05865000000000001
6944,63.400000000000006,17.504168867638928,-0.10557000000000001
6955,63.400000000000006,10.74817386609408,-0.15249000000000001
6965,63.400000000000006,3.9921788645492295,-0.19354500000000002
6975,63.400000000000006,-0.3070906818884023,-0.240465
6984,63.400000000000006,-3.377997500772425,-0.287385
6994,63.10400000000001,-4.606360228326034,-0.32844
7005,63.10400000000001,-5.220541592102839,-0.36363
7015,63.10400000000001,-6.448904319656448,-0.41055
7025,62.80800000000002,-8.291448410986861,-0.45160500000000003
7035,62.80800000000002,-8.905629774763666,-0.475065
7046,62.512,-10.74817386609408,-0.510255
7056,62.21600000000001,-13.819080684978102,-0.5395800000000001
7065,61.920000000000016,-15.04744341253171,-0.5454450000000001
7075,61.623999999999995,-21.189257050299755,-0.592365
7086,61.328,-24.874345232960582,-0.6158250000000001
7096,60.73600000000002,-29.173614779398218,-0.639285
7106,60.44,-33.47288432583584,-0.651015
7116,59.84800000000001,-39.00051659982709,-0.66861
7127,59.256,-43.91396751004152,-0.6862050000000001
7137,58.367999999999995,-49.44159978403276,-0.6979350000000001
7146,57.77600000000001,-53.12668796669359,-0.6979350000000001
7156,56.888000000000005,-59.26850160446163,-0.7038000000000001
7166,55.70400000000001,-66.0244966060065,-0.71553
7177,54.52000000000001,-70.93794751622093,-0.71553
7187,53.928,-76.46557979021216,-0.7096650000000001
7197,52.744,-80.150667972873,-0.6920700000000001
7207,51.56,-85.67830024686424,-0.6803400000000001
7218,50.376000000000005,-89.97756979330187,-0.674475
7227,49.19200000000001,-94.8910207035163,-0.662745
7237,47.71200000000002,-99.19029024995393,-0.65688
7247,46.52800000000002,-102.87537843261477,-0.6334200000000001
7258,45.343999999999994,-104.71792252394518,-0.6158250000000001
7268,43.864000000000004,-105.9462852514988,-0.580635
7278,42.68000000000001,-109.01719207038282,-0.56304
7288,41.49600000000001,-109.01719207038282,-0.5513100000000001
7298,40.01600000000002,-109.01719207038282,-0.49852500000000005
7308,38.536,-108.40301070660601,-0.475065
7318,37.352000000000004,-107.1746479790524,-0.439875
7328,36.168000000000006,-104.71792252394518,-0.39882
7339,35.28,-101.64701570506115,-0.369495
7349,33.80000000000001,-99.19029024995393,-0.34017000000000003
7359,33.50400000000002,-93.0484766121859,-0.28152
7368,32.616000000000014,-87.52084433819465,-0.24633000000000002
7378,31.72800000000001,-80.7648493366498,-0.19941
7389,31.432000000000016,-73.39467297132815,-0.15835500000000002
7399,31.135999999999996,-65.41031524222969,-0.11730000000000002
7409,30.54400000000001,-57.42595751313123,-0.07624500000000001
7419,30.24800000000002,-48.21323705647916,-0.02346
7430,30.24800000000002,-39.00051659982709,0.02346
7439,30.24800000000002,-28.559433415621413,0.09384
7449,30.24800000000002,-23.645982505406977,0.12316500000000001
7459,30.24800000000002,-17.504168867638928,0.17595000000000002
7470,30.24800000000002,-11.976536593647689,0.217005
7480,30.24800000000002,-6.448904319656448,0.26979000000000003
7490,30.24800000000002,-2.7638161369956205,0.31671000000000005
7499,30.24800000000002,-0.3070906818884023,0.36363
7510,30.24800000000002,2.7638161369956205,0.41641500000000004
7520,30.54400000000001,0.3070906818884023,0.42814500000000005
7530,30.840000000000003,2.7638161369956205,0.48679500000000003
7540,30.840000000000003,3.9921788645492295,0.521985
7550,30.840000000000003,5.834722955879643,0.5571750000000001
7561,31.135999999999996,6.448904319656448,0.568905
7571,31.135999999999996,8.905629774763666,0.6099600000000001
7580,31.72800000000001,10.74817386609408,0.6158250000000001
7590,31.72800000000001,20.575075686522954,0.6979350000000001
7601,32.616000000000014,21.803438414076563,0.6979350000000001
7611,33.208,26.716889324290996,0.71553
7621,33.50400000000002,32.85870296205905,0.73899
7631,33.80000000000001,39.00051659982709,0.7565850000000001
7642,34.98400000000001,46.37069296514874,0.7741800000000001
7651,35.57600000000002,51.898325239139986,0.7683150000000001
7661,37.05600000000001,57.42595751313123,0.7741800000000001
7671,37.647999999999996,64.79613387845288,0.791775
7682,38.83200000000002,68.4812220611137,0.7624500000000001
7692,39.72,77.07976115398897,0.7859100000000001
7702,41.20000000000002,77.69394251776578,0.73899
7712,42.087999999999994,87.52084433819465,0.7624500000000001
7721,43.56800000000001,93.66265797596269,0.7624500000000001
7732,45.048,93.66265797596269,0.7038000000000001
7742,46.52800000000002,99.80447161373074,0.6979350000000001
7752,47.416,104.71792252394518,0.6920700000000001
7762,49.19200000000001,109.63137343415963,0.674475
7773,50.376000000000005,112.08809888926682,0.64515
7783,52.152000000000015,110.85973616171322,0.592365
7792,52.44800000000001,115.77318707192765,0.592365
7802,54.816,115.15900570815084,0.5513100000000001
7813,56.29600000000002,114.54482434437405,0.51612
7823,57.184,112.08809888926682,0.46920000000000006
7833,58.367999999999995,109.63137343415963,0.42814500000000005
7843,59.84800000000001,107.1746479790524,0.39882
7854,61.03200000000001,103.48955979639157,0.357765
7863,61.623999999999995,98.57610888617712,0.31084500000000004
7873,62.80800000000002,91.82011388463228,0.25806
7883,63.400000000000006,85.67830024686424,0.217005
7894,63.99200000000002,78.30812388154258,0.17595000000000002
7904,64.584,69.70958478866731,0.12316500000000001
7914,64.88,59.88268296823844,0.08797500000000001
7924,65.17600000000002,50.66996251158638,0.041055
7934,64.88,40.843060691157504,-0.01173
7944,65.17600000000002,31.630340234505436,-0.05865000000000001
7954,65.17600000000002,23.03180114163017,-0.10557000000000001
7964,65.17600000000002,15.661624776308516,-0.15835500000000002
7974,65.47200000000001,10.133992502317275,-0.19941
7985,65.17600000000002,4.606360228326034,-0.24633000000000002
7995,65.17600000000002,0.3070906818884023,-0.287385
8005,65.17600000000002,-2.7638161369956205,-0.32844
8015,65.17600000000002,-3.9921788645492295,-0.37536
8026,65.17600000000002,-5.220541592102839,-0.41055
8035,64.88,-6.448904319656448,-0.44574
8045,64.88,-7.677267047210057,-0.475065
8055,64.28800000000001,-10.74817386609408,-0.510255
8066,63.99200000000002,-13.204899321201298,-0.5395800000000001
8076,63.99200000000002,-16.889987503862123,-0.568905
8086,63.99200000000002,-21.189257050299755,-0.604095
8096,62.80800000000002,-24.26016386918378,-0.6158250000000001
8105,62.512,-28.559433415621413,-0.6275550000000001
8116,61.920000000000016,-34.08706568961265,-0.65688
8126,61.623999999999995,-39.00051659982709,-0.66861
8136,60.73600000000002,-42.685604782487914,-0.66861
8146,60.44,-49.44159978403276,-0.7038000000000001
8157,59.256,-53.12668796669359,-0.6920700000000001
8167,58.367999999999995,-59.26850160446163,-0.6979350000000001
8177,57.48000000000002,-66.0244966060065,-0.7096650000000001
8187,56.59200000000001,-71.55212887999772,-0.71553
8197,55.408000000000015,-75.23721706265856,-0.7038000000000001
8207,54.52000000000001,-81.37903070042661,-0.6920700000000001
8217,53.04000000000002,-86.90666297441784,-0.6862050000000001
8227,52.152000000000015,-91.20593252085547,-0.6862050000000001
8238,50.672,-96.11938343106992,-0.66861
8248,49.488,-99.80447161373074,-0.651015
8258,48.304,-103.48955979639157,-0.6216900000000001
8267,46.82400000000001,-105.9462852514988,-0.6158250000000001
8278,45.640000000000015,-108.40301070660601,-0.5865
8288,44.16,-110.2455547979364,-0.56304
8298,42.976,-110.85973616171322,-0.52785
8308,41.49600000000001,-110.2455547979364,-0.50439
8318,40.31200000000001,-109.63137343415963,-0.46920000000000006
8329,38.83200000000002,-107.7888293428292,-0.42814500000000005
8338,37.94400000000002,-105.9462852514988,-0.404685
8348,37.05600000000001,-102.87537843261477,-0.357765
8358,35.872000000000014,-98.57610888617712,-0.322575
8369,34.98400000000001,-93.0484766121859,-0.27565500000000004
8379,34.391999999999996,-90.59175115707866,-0.25806
8389,33.208,-81.37903070042661,-0.19941
8399,32.912000000000006,-74.00885433510496,-0.146625
8409,32.32000000000002,-66.6386779697833,-0.111435
8419,32.616000000000014,-58.65432024068484,-0.07624500000000001
8429,32.024,-48.82741842025597,-0.02346
8439,32.024,-39.614697963603895,0.02346
8450,32.024,-31.630340234505436,0.07624500000000001
8460,32.024,-23.645982505406977,0.12316500000000001
8469,32.024,-17.504168867638928,0.17595000000000002
8479,32.024,-12.590717957424493,0.22287
8489,32.024,-8.905629774763666,0.263925
8500,32.024,-6.448904319656448,0.29325
8510,32.024,-1.5354534094420114,0.36363
8520,32.024,0.9212720456652067,0.39882
8530,31.72800000000001,1.5354534094420114,0.44574
8540,32.32000000000002,2.7638161369956205,0.48679500000000003
8550,32.024,4.606360228326034,0.51612
8560,32.32000000000002,7.063085683433252,0.56304
8570,32.616000000000014,10.133992502317275,0.5865
8581,33.208,13.819080684978102,0.6158250000000001
8591,33.50400000000002,18.732531595192537,0.64515
8601,34.096000000000004,23.03180114163017,0.674475
8610,34.391999999999996,29.173614779398218,0.6979350000000001
8621,34.98400000000001,35.31542841716626,0.71553
8631,35.872000000000014,40.228879327380696,0.733125
8641,36.464,47.59905569270235,0.7624500000000001
8651,37.647999999999996,52.512506602916794,0.7565850000000001
8662,37.94400000000002,56.81177614935442,0.75072
8672,39.42400000000001,62.33940842334566,0.75072
8681,39.72,72.78049160755134,0.791775
8691,41.20000000000002,76.46557979021216,0.7683150000000001
8701,42.68000000000001,80.7648493366498,0.73899
8712,44.16,86.90666297441784,0.73899
8722,45.048,93.66265797596269,0.744855
8732,46.82400000000001,100.41865297750753,0.744855
8742,48.00800000000001,105.33210388772198,0.733125
8752,49.488,110.2455547979364,0.721395
8762,50.96800000000002,113.31646161682043,0.6920700000000001
8772,52.44800000000001,116.38736843570446,0.66861
8782,54.22400000000002,117.61573116325808,0.6334200000000001
8793,55.408000000000015,117.61573116325808,0.580635
8803,56.888000000000005,121.9150007096957,0.592365
8813,58.367999999999995,122.52918207347251,0.5571750000000001
8822,59.84800000000001,121.30081934591891,0.510255
8833,61.03200000000001,120.0724566183653,0.475065
8843,62.21600000000001,118.22991252703487,0.439875
8853,63.696,113.93064298059724,0.39295500000000005
8863,64.88,110.2455547979364,0.35190000000000005
8873,65.768,105.33210388772198,0.31084500000000004
8883,66.952,97.96192752240033,0.25806
8893,67.84,91.20593252085547,0.217005
8903,68.43200000000002,83.221574791757,0.17008500000000001
8913,68.72800000000001,74.00885433510496,0.12316500000000001
8924,69.32,64.18195251467608,0.08211
8934,69.61600000000001,54.969232058024005,0.029325000000000004
8944,69.61600000000001,45.14233023759514,-0.01173
8953,69.912,35.31542841716626,-0.05865000000000001
8964,69.912,27.3310706880678,-0.099705
8974,69.912,18.732531595192537,-0.15835500000000002
8984,69.912,11.362355229870884,-0.19941
8994,69.912,4.606360228326034,-0.24633000000000002
9005,69.61600000000001,-0.9212720456652067,-0.29325
9015,69.61600000000001,-2.7638161369956205,-0.32844
9025,69.61600000000001,-5.834722955879643,-0.369495
9035,69.32,-7.063085683433252,-0.41055
9044,69.024,-8.905629774763666,-0.44574
9055,69.024,-10.74817386609408,-0.48093
9065,67.84,-11.362355229870884,-0.48679500000000003
9075,68.43200000000002,-16.889987503862123,-0.5513100000000001
9085,68.136,-19.96089432274615,-0.57477
9096,67.54400000000001,-24.26016386918378,-0.592365
9106,67.24800000000002,-28.559433415621413,-0.6216900000000001
9115,66.36000000000001,-34.08706568961265,-0.64515
9125,66.064,-39.614697963603895,-0.6803400000000001
9136,65.47200000000001,-42.685604782487914,-0.674475
9146,64.88,-46.98487432892555,-0.6862050000000001
9156,63.99200000000002,-50.05578114780957,-0.6920700000000001
9166,63.400000000000006,-57.42595751313123,-0.7096650000000001
9176,62.21600000000001,-61.72522705956886,-0.7096650000000001
9186,61.623999999999995,-67.2528593335601,-0.71553
9196,60.44,-73.39467297132815,-0.71553
9206,59.256,-77.69394251776578,-0.6920700000000001
9217,58.072,-82.60739342798021,-0.6920700000000001
9227,57.184,-88.13502570197146,-0.6803400000000001
9237,56.0,-93.0484766121859,-0.6920700000000001
9247,54.52000000000001,-96.11938343106992,-0.65688
9256,53.33600000000001,-101.03283434128434,-0.651015
9267,52.152000000000015,-102.87537843261477,-0.6099600000000001
9277,50.672,-107.7888293428292,-0.6099600000000001
9287,48.896000000000015,-106.56046661527559,-0.5571750000000001
9297,47.71200000000002,-111.47391752549001,-0.568905
9308,46.52800000000002,-112.08809888926682,-0.533715
9318,45.343999999999994,-111.47391752549001,-0.50439
9328,44.16,-110.2455547979364,-0.46333500000000005
9337,42.68000000000001,-107.7888293428292,-0.42228000000000004
9348,41.792,-106.56046661527559,-0.404685
9358,40.31200000000001,-103.48955979639157,-0.357765
9368,39.72,-98.57610888617712,-0.31671000000000005
9378,38.83200000000002,-93.66265797596269,-0.27565500000000004
9389,37.647999999999996,-86.90666297441784,-0.22287
9398,37.05600000000001,-81.99321206420342,-0.19354500000000002
9408,36.76000000000002,-74.62303569888176,-0.146625
9418,36.76000000000002,-69.0954034248905,-0.12903
9428,35.872000000000014,-58.65432024068484,-0.07038
9439,35.872000000000014,-48.82741842025597,-0.02346
9449,35.872000000000014,-41.457242054934305,0.017595
9459,35.57600000000002,-31.630340234505436,0.07624500000000001
9468,35.57600000000002,-23.645982505406977,0.12903
9479,35.57600000000002,-17.504168867638928,0.17595000000000002
9489,35.57600000000002,-11.362355229870884,0.22287
9499,35.57600000000002,-7.063085683433252,0.26979000000000003
9509,35.28,-0.9212720456652067,0.334305
9520,35.57600000000002,0.3070906818884023,0.369495
9530,35.57600000000002,1.5354534094420114,0.404685
9539,35.872000000000014,2.149634773218816,0.44574
9549,36.168000000000006,3.377997500772425,0.48679500000000003
9560,36.464,5.220541592102839,0.533715
9570,36.76000000000002,6.448904319656448,0.5571750000000001
9580,36.76000000000002,10.133992502317275,0.592365
9590,37.05600000000001,14.433262048754909,0.6275550000000001
9601,37.352000000000004,18.118350231415736,0.651015
9610,37.647999999999996,24.26016386918378,0.6862050000000001
9620,38.24000000000001,27.3310706880678,0.6920700000000001
9630,38.83200000000002,32.24452159828224,0.721395
9640,39.42400000000001,34.08706568961265,0.6862050000000001
9651,40.608000000000004,43.29978614626472,0.7683150000000001
9661,40.903999999999996,51.28414387536318,0.7859100000000001
9671,41.792,55.58341342180081,0.7800450000000001
9681,42.68000000000001,62.33940842334566,0.7859100000000001
9691,43.56800000000001,67.2528593335601,0.7741800000000001
9701,44.75200000000001,74.00885433510496,0.7859100000000001
9711,46.232,76.46557979021216,0.73899
9721,47.120000000000005,86.90666297441784,0.7800450000000001
9732,48.304,91.20593252085547,0.7565850000000001
9742,49.78400000000002,94.2768393397395,0.72726
9752,51.26400000000001,100.41865297750753,0.72726
9761,52.744,106.56046661527559,0.721395
9772,53.632000000000005,108.40301070660601,0.6862050000000001
9782,55.111999999999995,112.70228025304363,0.674475
9792,56.888000000000005,115.77318707192765,0.64515
9802,58.367999999999995,117.00154979948127,0.6158250000000001
9812,59.84800000000001,117.61573116325808,0.580635
9823,61.03200000000001,117.61573116325808,0.5571750000000001
9832,62.512,117.61573116325808,0.52785
9842,63.696,115.15900570815084,0.45747000000000004
9852,65.17600000000002,112.70228025304363,0.42814500000000005
9863,66.36000000000001,109.63137343415963,0.38709000000000005
9873,66.952,105.9462852514988,0.35190000000000005
9883,68.136,101.03283434128434,0.30498000000000003
9893,69.024,94.2768393397395,0.25806
9904,70.208,87.52084433819465,0.21114000000000002
9913,70.50400000000002,79.53648660909619,0.16422
9923,71.096,70.93794751622093,0.12316500000000001
9933,71.392,62.33940842334566,0.07624500000000001
9944,71.68800000000002,51.898325239139986,0.029325000000000004
9954,71.98400000000001,42.07142341871111,-0.017595
9964,71.68800000000002,32.85870296205905,-0.064515
9974,71.68800000000002,23.645982505406977,-0.111435
9984,71.98400000000001,16.275806140085322,-0.15835500000000002
9994,71.98400000000001,9.51981113854047,-0.205275
10004,71.68800000000002,3.377997500772425,-0.24633000000000002
10014,71.68800000000002,-0.9212720456652067,-0.29325
10024,71.68800000000002,-3.9921788645492295,-0.334305
10035,71.392,-5.220541592102839,-0.36363
10045,71.392,-8.291448410986861,-0.41055
10054,71.096,-10.74817386609408,-0.45160500000000003
10064,71.096,-13.819080684978102,-0.48679500000000003
10075,70.80000000000001,-15.661624776308516,-0.51612
10085,70.50400000000002,-18.118350231415736,-0.5454450000000001
10095,70.208,-20.575075686522954,-0.5571750000000001
10105,69.61600000000001,-24.26016386918378,-0.592365
10116,69.32,-27.94525205184461,-0.6216900000000001
10126,68.72800000000001,-31.630340234505436,-0.639285
10135,68.43200000000002,-35.31542841716626,-0.65688
10145,67.84,-39.614697963603895,-0.6803400000000001
10156,67.24800000000002,-43.91396751004152,-0.6862050000000001
10166,66.064,-49.44159978403276,-0.6979350000000001
10176,65.17600000000002,-52.512506602916794,-0.6803400000000001
10186,64.584,-60.49686433201524,-0.7038000000000001
10196,63.696,-66.0244966060065,-0.7096650000000001
10207,62.512,-71.55212887999772,-0.7096650000000001
10216,61.920000000000016,-77.07976115398897,-0.7038000000000001
10226,61.03200000000001,-81.99321206420342,-0.6979350000000001
10236,59.256,-86.29248161064103,-0.6862050000000001
10247,58.367999999999995,-91.82011388463228,-0.674475
10257,57.184,-96.11938343106992,-0.66861
10267,55.70400000000001,-99.80447161373074,-0.651015
10276,54.52000000000001,-103.48955979639157,-0.6334200000000001
10287,53.04000000000002,-105.33210388772198,-0.604095
10297,51.56,-107.1746479790524,-0.57477
10307,50.672,-109.01719207038282,-0.5454450000000001
10317,49.19200000000001,-110.2455547979364,-0.533715
10328,48.00800000000001,-109.63137343415963,-0.49266000000000004
10338,47.120000000000005,-108.40301070660601,-0.46333500000000005
10347,45.640000000000015,-107.7888293428292,-0.43401
10357,44.16,-105.33210388772198,-0.39295500000000005
10368,43.56800000000001,-102.87537843261477,-0.36363
10378,42.384000000000015,-97.96192752240033,-0.31671000000000005
10388,41.49600000000001,-93.0484766121859,-0.27565500000000004
10398,40.01600000000002,-86.29248161064103,-0.22873500000000002
10408,40.01600000000002,-80.7648493366498,-0.19354500000000002
10418,39.72,-73.39467297132815,-0.15249000000000001
10428,38.83200000000002,-65.41031524222969,-0.111435
10438,38.83200000000002,-56.81177614935442,-0.064515
10448,38.24000000000001,-47.59905569270235,-0.017595
10459,38.24000000000001,-39.00051659982709,0.029325000000000004
10469,38.24000000000001,-31.016158870728628,0.08211
10478,38.536,-23.03180114163017,0.13489500000000001
10488,38.24000000000001,-16.275806140085322,0.181815
10499,38.24000000000001,-11.976536593647689,0.217005
10509,38.536,-5.220541592102839,0.27565500000000004
10519,38.24000000000001,-3.377997500772425,0.31671000000000005
10529,38.536,0.3070906818884023,0.369495
10540,38.536,0.9212720456652067,0.41055
10549,38.536,1.5354534094420114,0.45747000000000004
10559,38.536,0.9212720456652067,0.49266000000000004
10569,38.536,0.9212720456652067,0.52785
10579,38.536,0.9212720456652067,0.568905
10590,38.536,0.3070906818884023,0.59823
10600,38.536,0.9212720456652067,0.6275550000000001
10610,38.83200000000002,-2.7638161369956205,0.6216900000000001
10619,38.536,-0.9212720456652067,0.64515
10630,38.83200000000002,5.834722955879643,0.7038000000000001
10640,39.42400000000001,10.133992502317275,0.71553
10650,39.42400000000001,14.433262048754909,0.744855
10660,40.01600000000002,19.34671295896934,0.7565850000000001
10671,40.01600000000002,26.716889324290996,0.7800450000000001
10681,41.20000000000002,31.016158870728628,0.7683150000000001
10691,41.792,37.15797250849668,0.7800450000000001
10701,42.68000000000001,43.91396751004152,0.7741800000000001
10711,43.27200000000002,51.28414387536318,0.7859100000000001
10721,44.45600000000002,56.19759478557762,0.7683150000000001
10731,45.343999999999994,59.88268296823844,0.733125
10741,46.52800000000002,66.0244966060065,0.733125
10752,47.416,71.55212887999772,0.71553
10762,48.896000000000015,79.53648660909619,0.7038000000000001
10771,49.78400000000002,85.67830024686424,0.721395
10781,50.96800000000002,89.36338842952506,0.6979350000000001
10791,52.152000000000015,91.20593252085547,0.662745
10802,53.33600000000001,94.2768393397395,0.6334200000000001
10812,54.22400000000002,96.73356479484671,0.6216900000000001
10822,55.70400000000001,96.73356479484671,0.5865
10832,56.888000000000005,99.19029024995393,0.5454450000000001
10842,58.072,97.96192752240033,0.50439
10853,59.256,96.11938343106992,0.46333500000000005
10862,60.144000000000005,94.2768393397395,0.42814500000000005
10872,61.03200000000001,90.59175115707866,0.38122500000000004
10883,62.21600000000001,86.90666297441784,0.34603500000000004
10893,62.80800000000002,82.60739342798021,0.299115
10903,63.696,77.07976115398897,0.252195
10912,64.28800000000001,70.93794751622093,0.205275
10923,64.28800000000001,64.18195251467608,0.15835500000000002
10933,64.584,54.969232058024005,0.11730000000000002
10943,64.88,46.37069296514874,0.07038
10953,65.17600000000002,36.543791144719876,0.029325000000000004
10963,65.17600000000002,29.173614779398218,-0.02346
10974,64.88,20.575075686522954,-0.07038
10983,65.17600000000002,13.819080684978102,-0.11730000000000002
10993,65.17600000000002,8.291448410986861,-0.16422
11003,64.88,3.377997500772425,-0.21114000000000002
11014,65.17600000000002,-0.3070906818884023,-0.252195
11024,64.88,-2.7638161369956205,-0.299115
11034,65.17600000000002,-4.606360228326034,-0.34017000000000003
11044,65.17600000000002,-5.834722955879643,-0.38122500000000004
11054,64.88,-5.834722955879643,-0.41641500000000004
11064,64.584,-6.448904319656448,-0.45747000000000004
11074,64.88,-8.291448410986861,-0.48679500000000003
11084,64.28800000000001,-10.133992502317275,-0.510255
11095,64.28800000000001,-13.204899321201298,-0.5454450000000001
11105,63.696,-15.661624776308516,-0.5865
11115,63.696,-19.96089432274615,-0.59823
11124,63.10400000000001,-24.26016386918378,-0.6216900000000001
11134,62.512,-28.559433415621413,-0.64515
11145,62.21600000000001,-32.85870296205905,-0.662745
11155,61.623999999999995,-36.543791144719876,-0.662745
11165,61.03200000000001,-43.29978614626472,-0.6862050000000001
11175,60.44,-48.21323705647916,-0.6979350000000001
11186,59.256,-53.12668796669359,-0.6979350000000001
11196,58.664000000000016,-59.26850160446163,-0.7096650000000001
11205,57.77600000000001,-66.0244966060065,-0.721395
11215,56.59200000000001,-70.93794751622093,-0.7096650000000001
11226,55.70400000000001,-75.85139842643535,-0.7038000000000001
11236,54.52000000000001,-81.99321206420342,-0.7038000000000001
11246,53.632000000000005,-85.06411888308743,-0.6920700000000001
11256,52.152000000000015,-86.90666297441784,-0.65688
11266,51.26400000000001,-93.0484766121859,-0.65688
11276,49.78400000000002,-96.73356479484671,-0.639285
11286,48.599999999999994,-100.41865297750753,-0.6275550000000001
11296,47.120000000000005,-102.26119706883796,-0.59823
11307,46.232,-105.9462852514988,-0.5865
11317,44.75200000000001,-107.1746479790524,-0.5571750000000001
11327,43.56800000000001,-108.40301070660601,-0.533715
11336,42.087999999999994,-107.7888293428292,-0.49266000000000004
11346,40.903999999999996,-107.1746479790524,-0.46920000000000006
11357,39.42400000000001,-105.9462852514988,-0.42814500000000005
11367,38.536,-102.87537843261477,-0.38709000000000005
11377,37.352000000000004,-99.19029024995393,-0.35190000000000005
11387,36.76000000000002,-95.50520206729311,-0.31671000000000005
11398,35.57600000000002,-90.59175115707866,-0.26979000000000003
11407,34.68800000000002,-85.06411888308743,-0.22873500000000002
11417,34.096000000000004,-78.30812388154258,-0.19354500000000002
11427,33.80000000000001,-70.93794751622093,-0.14076
11438,33.50400000000002,-62.95358978712247,-0.099705
11448,33.208,-54.355050694247204,-0.05865000000000001
11458,33.208,-45.75651160137193,-0.017595
11468,32.912000000000006,-37.15797250849668,0.03519
11478,32.912000000000006,-29.173614779398218,0.08211
11488,32.912000000000006,-21.189257050299755,0.146625
11498,32.912000000000006,-16.275806140085322,0.18768
11508,33.208,-10.133992502317275,0.23460000000000003
11518,32.912000000000006,-5.220541592102839,0.28152
11529,33.208,-1.5354534094420114,0.32844
11539,32.912000000000006,0.9212720456652067,0.37536
11548,33.208,2.149634773218816,0.41055
11558,33.208,1.5354534094420114,0.439875
11569,33.208,5.220541592102839,0.49266000000000004
11579,33.50400000000002,7.063085683433252,0.52785
11589,33.80000000000001,6.448904319656448,0.5395800000000001
11599,34.096000000000004,15.661624776308516,0.6216900000000001
11609,34.391999999999996,16.275806140085322,0.6275550000000001
11619,34.98400000000001,21.189257050299755,0.65688
11629,35.28,24.874345232960582,0.6803400000000001
11639,35.872000000000014,31.016158870728628,0.71553
11650,36.76000000000002,34.70124705338946,0.721395
11660,37.352000000000004,40.228879327380696,0.744855
11670,38.24000000000001,43.91396751004152,0.71553
11679,38.83200000000002,53.12668796669359,0.7741800000000001
11689,39.72,59.26850160446163,0.7683150000000001
11700,40.608000000000004,66.0244966060065,0.7859100000000001
11710,41.49600000000001,71.55212887999772,0.791775
11720,42.384000000000015,79.53648660909619,0.803505
11730,44.16,79.53648660909619,0.73899
11740,45.048,90.59175115707866,0.7741800000000001
11750,47.416,94.8910207035163,0.75072
11760,48.599999999999994,100.41865297750753,0.733125
11770,49.488,105.33210388772198,0.73899
11781,50.96800000000002,105.9462852514988,0.6862050000000001
11791,52.152000000000015,113.31646161682043,0.6920700000000001
11801,53.928,115.77318707192765,0.674475
11810,55.111999999999995,115.15900570815084,0.6158250000000001
11821,56.888000000000005,118.22991252703487,0.604095
11831,58.072,119.45827525458849,0.568905
11841,59.55200000000002,119.45827525458849,0.5454450000000001
11851,61.03200000000001,119.45827525458849,0.510255
11862,62.21600000000001,114.54482434437405,0.44574
11872,63.400000000000006,114.54482434437405,0.42814500000000005
11881,64.584,110.2455547979364,0.37536
11891,65.768,106.56046661527559,0.34603500000000004
11901,66.952,100.41865297750753,0.299115
11912,67.84,94.2768393397395,0.25806
11922,68.72800000000001,87.52084433819465,0.205275
11932,68.72800000000001,79.53648660909619,0.15835500000000002
11942,69.32,70.32376615244412,0.11730000000000002
11952,69.61600000000001,61.11104569579205,0.07038
11962,70.208,51.28414387536318,0.02346
11972,70.208,41.457242054934305,-0.02346
11982,69.912,32.24452159828224,-0.07038
11993,70.208,23.645982505406977,-0.111435
12003,70.50400000000002,16.889987503862123,-0.16422
12013,70.208,10.74817386609408,-0.21114000000000002
12022,70.50400000000002,3.9921788645492295,-0.25806
12033,70.208,-0.3070906818884023,-0.299115
12043,70.208,-3.377997500772425,-0.34017000000000003
12057,69.912,-6.448904319656448,-0.39295500000000005
12066,69.61600000000001,-8.905629774763666,-0.42228000000000004
12077,69.61600000000001,-10.74817386609408,-0.46333500000000005
12087,69.32,-13.819080684978102,-0.49266000000000004
12097,69.024,-15.661624776308516,-0.521985
12107,68.72800000000001,-18.118350231415736,-0.5454450000000001
12118,68.43200000000002,-22.417619777853368,-0.580635
12128,67.84,-27.94525205184461,-0.6216900000000001
12138,67.24800000000002,-30.401977506951823,-0.6275550000000001
12147,66.656,-36.543791144719876,-0.65688
12157,66.36000000000001,-40.228879327380696,-0.65688
12168,65.768,-46.37069296514874,-0.6803400000000001
12178,64.88,-50.05578114780957,-0.6920700000000001
12188,63.99200000000002,-54.355050694247204,-0.6920700000000001
12198,63.400000000000006,-61.11104569579205,-0.7038000000000001
12209,62.21600000000001,-67.2528593335601,-0.71553
12218,61.03200000000001,-70.93794751622093,-0.7038000000000001
12228,60.144000000000005,-76.46557979021216,-0.7038000000000001
12238,58.96000000000001,-81.37903070042661,-0.6920700000000001
12249,57.77600000000001,-86.90666297441784,-0.6920700000000001
12259,56.888000000000005,-93.0484766121859,-0.6920700000000001
12269,55.408000000000015,-96.11938343106992,-0.66861
12279,54.22400000000002,-101.03283434128434,-0.662745
12290,52.744,-105.33210388772198,-0.651015
12299,51.26400000000001,-107.7888293428292,-0.6216900000000001
12309,50.08000000000001,-109.01719207038282,-0.59823
12319,48.896000000000015,-112.08809888926682,-0.580635
12329,47.416,-113.31646161682043,-0.5571750000000001
12340,46.232,-112.08809888926682,-0.521985
12350,45.048,-112.70228025304363,-0.49266000000000004
12360,43.56800000000001,-112.70228025304363,-0.46333500000000005
12369,42.384000000000015,-109.63137343415963,-0.42814500000000005
12380,40.903999999999996,-108.40301070660601,-0.39295500000000005
12390,40.01600000000002,-104.10374116016837,-0.35190000000000005
12400,39.128000000000014,-99.80447161373074,-0.30498000000000003
12410,38.24000000000001,-94.8910207035163,-0.27565500000000004
12421,37.05600000000001,-88.13502570197146,-0.22873500000000002
12430,36.464,-81.99321206420342,-0.18768
12440,35.872000000000014,-74.00885433510496,-0.14076
12450,35.872000000000014,-66.0244966060065,-0.10557000000000001
12461,35.28,-56.19759478557762,-0.064515
12471,35.28,-46.98487432892555,-0.01173
12481,35.57600000000002,-39.614697963603895,0.017595
12490,35.28,-27.3310706880678,0.099705
12500,35.28,-21.189257050299755,0.13489500000000001
12511,35.28,-14.433262048754909,0.18768
12521,35.28,-8.905629774763666,0.240465
12531,35.28,-3.9921788645492295,0.29325
12541,35.57600000000002,-2.149634773218816,0.334305
12552,35.28,0.3070906818884023,0.37536
12561,34.68800000000002,1.5354534094420114,0.42228000000000004
12571,35.28,2.149634773218816,0.45747000000000004
12581,35.28,0.3070906818884023,0.48093
12592,34.98400000000001,2.7638161369956205,0.5395800000000001
12602,35.57600000000002,3.377997500772425,0.5571750000000001
12612,35.872000000000014,5.834722955879643,0.59823
12622,36.168000000000006,10.133992502317275,0.6275550000000001
12633,36.464,13.819080684978102,0.662745
12642,37.05600000000001,18.732531595192537,0.674475
12652,37.352000000000004,24.26016386918378,0.7096650000000001
12662,37.94400000000002,28.559433415621413,0.7038000000000001
12673,38.536,37.15797250849668,0.733125
12683,39.128000000000014,39.614697963603895,0.72726
12693,40.01600000000002,50.66996251158638,0.7741800000000001
12702,41.20000000000002,56.19759478557762,0.803505
12712,42.087999999999994,62.95358978712247,0.7741800000000001
12723,42.976,69.0954034248905,0.7741800000000001
12733,44.45600000000002,72.16631024377453,0.744855
12743,45.343999999999994,78.30812388154258,0.733125
12753,46.82400000000001,88.13502570197146,0.7683150000000001
12763,47.71200000000002,93.0484766121859,0.7565850000000001
12773,49.19200000000001,99.19029024995393,0.75072
12783,50.672,100.41865297750753,0.6979350000000001
12793,52.44800000000001,108.40301070660601,0.7096650000000001
12804,53.33600000000001,111.47391752549001,0.674475
12814,54.52000000000001,115.15900570815084,0.66861
12824,56.29600000000002,116.38736843570446,0.639285
12833,57.77600000000001,118.22991252703487,0.6099600000000001
12844,59.256,120.0724566183653,0.580635
12854,60.44,120.0724566183653,0.5395800000000001
12864,61.920000000000016,116.38736843570446,0.48093
12874,63.400000000000006,116.38736843570446,0.46920000000000006
12884,64.584,112.08809888926682,0.41055
12895,65.768,110.2455547979364,0.38122500000000004
12904,66.656,105.9462852514988,0.34017000000000003
12914,68.136,99.80447161373074,0.29325
12924,68.72800000000001,93.66265797596269,0.252195
12935,69.32,85.67830024686424,0.19941
12945,70.208,77.69394251776578,0.15249000000000001
12955,70.50400000000002,68.4812220611137,0.111435
12965,70.80000000000001,59.26850160446163,0.064515
12976,71.096,50.05578114780957,0.017595
12986,71.392,39.614697963603895,-0.02346
12995,71.096,30.401977506951823,-0.07624500000000001
13005,71.096,21.803438414076563,-0.12316500000000001
13016,71.096,13.819080684978102,-0.17008500000000001
13026,71.392,6.448904319656448,-0.21114000000000002
13036,71.392,0.9212720456652067,-0.25806
13046,71.096,-2.7638161369956205,-0.299115
13057,71.392,-4.606360228326034,-0.334305
13067,70.80000000000001,-7.063085683433252,-0.38122500000000004
13076,70.50400000000002,-8.905629774763666,-0.42228000000000004
13086,70.80000000000001,-10.133992502317275,-0.44574
13096,70.208,-12.590717957424493,-0.48679500000000003
13107,69.912,-15.661624776308516,-0.521985
13117,69.912,-18.732531595192537,-0.5513100000000001
13127,69.024,-21.803438414076563,-0.57477
13137,69.024,-24.874345232960582,-0.604095
13147,68.43200000000002,-27.3310706880678,-0.6158250000000001
13157,67.84,-32.24452159828224,-0.64515
13167,67.54400000000001,-37.15797250849668,-0.662745
13177,66.952,-42.07142341871111,-0.674475
13188,66.064,-47.59905569270235,-0.6920700000000001
13198,65.47200000000001,-50.66996251158638,-0.6803400000000001
13208,64.88,-58.04013887690803,-0.7096650000000001
13217,63.400000000000006,-62.33940842334566,-0.7038000000000001
13228,62.80800000000002,-68.4812220611137,-0.7038000000000001
13238,61.623999999999995,-73.39467297132815,-0.6979350000000001
13248,60.44,-78.92230524531938,-0.6920700000000001
13258,59.55200000000002,-85.06411888308743,-0.6979350000000001
13268,58.072,-90.59175115707866,-0.6979350000000001
13279,56.59200000000001,-94.8910207035163,-0.6803400000000001
13288,55.70400000000001,-97.96192752240033,-0.651015
13298,54.52000000000001,-102.26119706883796,-0.639285
13308,53.04000000000002,-106.56046661527559,-0.6275550000000001
13319,51.56,-108.40301070660601,-0.604095
13329,50.376000000000005,-109.63137343415963,-0.57477
13339,49.19200000000001,-114.54482434437405,-0.5865
13349,47.71200000000002,-110.85973616171322,-0.510255
13359,46.52800000000002,-111.47391752549001,-0.48679500000000003
13369,45.048,-111.47391752549001,-0.46333500000000005
13379,44.16,-108.40301070660601,-0.42228000000000004
13389,42.976,-106.56046661527559,-0.38709000000000005
13400,41.792,-102.87537843261477,-0.34603500000000004
13410,40.903999999999996,-97.96192752240033,-0.31084500000000004
13420,40.01600000000002,-93.66265797596269,-0.263925
13429,39.42400000000001,-88.13502570197146,-0.22873500000000002
13440,38.24000000000001,-80.7648493366498,-0.18768
13450,37.94400000000002,-73.39467297132815,-0.14076
13460,37.647999999999996,-65.41031524222969,-0.099705
13470,37.352000000000004,-56.81177614935442,-0.05865000000000001
13480,37.05600000000001,-47.59905569270235,-0.01173
13491,37.05600000000001,-39.00051659982709,0.041055
13500,36.76000000000002,-30.401977506951823,0.08211
13510,37.05600000000001,-22.417619777853368,0.14076
13520,36.76000000000002,-16.889987503862123,0.18768
13531,37.05600000000001,-11.362355229870884,0.23460000000000003
13541,37.05600000000001,-5.220541592102839,0.287385
13551,37.05600000000001,-1.5354534094420114,0.334305
13560,37.05600000000001,0.9212720456652067,0.37536
13571,37.352000000000004,3.377997500772425,0.41641500000000004
13581,37.352000000000004,5.834722955879643,0.46333500000000005
13591,37.647999999999996,8.291448410986861,0.49852500000000005
13601,37.352000000000004,13.204899321201298,0.5571750000000001
13612,37.94400000000002,13.819080684978102,0.568905
13622,38.83200000000002,17.504168867638928,0.59823
13631,38.83200000000002,21.189257050299755,0.6334200000000001
13641,39.42400000000001,26.716889324290996,0.66861
13651,40.01600000000002,29.78779614317502,0.6803400000000001
13662,40.31200000000001,34.08706568961265,0.7038000000000001
13672,41.20000000000002,40.228879327380696,0.721395
13682,42.087999999999994,44.52814887381833,0.72726
13692,42.68000000000001,51.28414387536318,0.75072
13702,43.56800000000001,56.81177614935442,0.7624500000000001
13712,44.75200000000001,62.95358978712247,0.7683150000000001
13722,45.640000000000015,69.0954034248905,0.7741800000000001
13732,46.82400000000001,73.39467297132815,0.7741800000000001
13743,47.71200000000002,83.221574791757,0.79764
13753,49.19200000000001,87.52084433819465,0.7683150000000001
13762,50.376000000000005,93.66265797596269,0.7683150000000001
13772,51.855999999999995,99.80447161373074,0.7683150000000001
13783,53.04000000000002,104.10374116016837,0.73899
13793,54.52000000000001,108.40301070660601,0.72726
13803,56.29600000000002,112.70228025304363,0.7096650000000001
13813,57.48000000000002,117.00154979948127,0.6920700000000001
13822,59.256,119.45827525458849,0.662745
13833,60.44,121.30081934591891,0.6275550000000001
13844,62.21600000000001,122.52918207347251,0.592365
13854,63.696,123.75754480102613,0.568905
13864,65.17600000000002,123.75754480102613,0.533715
13874,66.656,123.14336343724932,0.49852500000000005
13884,68.136,121.30081934591891,0.46333500000000005
13894,69.024,118.84409389081168,0.42814500000000005
13904,70.80000000000001,114.54482434437405,0.38122500000000004
13915,71.68800000000002,109.63137343415963,0.334305
13925,72.576,103.48955979639157,0.29325
13935,73.76000000000002,97.34774615862352,0.24633000000000002
13945,74.648,89.97756979330187,0.19941
13955,74.94400000000002,81.99321206420342,0.15249000000000001
13965,75.536,72.78049160755134,0.111435
13975,75.536,64.79613387845288,0.08211
13985,76.128,52.512506602916794,0.017595
13996,76.128,42.07142341871111,-0.017595
14006,76.128,32.85870296205905,-0.07038
14016,76.128,23.645982505406977,-0.12316500000000001
14025,76.128,15.661624776308516,-0.17008500000000001
14035,76.128,8.905629774763666,-0.217005
14046,76.424,3.377997500772425,-0.263925
14056,76.128,-0.9212720456652067,-0.30498000000000003
14066,76.128,-3.9921788645492295,-0.34603500000000004
14076,75.832,-5.834722955879643,-0.38709000000000005
14087,76.128,-7.063085683433252,-0.42228000000000004
14097,75.536,-8.905629774763666,-0.45747000000000004
14106,75.24000000000001,-9.51981113854047,-0.475065
14116,75.24000000000001,-14.433262048754909,-0.521985
14127,74.94400000000002,-17.504168867638928,-0.5513100000000001
14137,74.648,-20.575075686522954,-0.57477
14147,74.352,-24.26016386918378,-0.6099600000000001
14157,73.76000000000002,-27.94525205184461,-0.6275550000000001
14168,73.168,-32.24452159828224,-0.64515
14177,72.576,-35.92960978094307,-0.65688
14187,72.28,-40.843060691157504,-0.6803400000000001
14197,71.68800000000002,-45.75651160137193,-0.6920700000000001
14208,70.80000000000001,-50.05578114780957,-0.7038000000000001
14218,70.208,-54.969232058024005,-0.6979350000000001
14228,69.32,-60.49686433201524,-0.7096650000000001
14238,68.136,-65.41031524222969,-0.7038000000000001
14247,66.952,-72.16631024377453,-0.721395
14258,66.36000000000001,-77.07976115398897,-0.6862050000000001
14268,64.88,-81.37903070042661,-0.6979350000000001
14278,63.696,-88.13502570197146,-0.7038000000000001
14288,62.80800000000002,-89.97756979330187,-0.674475
14299,61.623999999999995,-94.2768393397395,-0.65688
14309,60.144000000000005,-97.96192752240033,-0.64515
14318,58.96000000000001,-101.03283434128434,-0.6216900000000001
14328,58.072,-104.10374116016837,-0.59823
14339,56.888000000000005,-104.10374116016837,-0.568905
14349,55.408000000000015,-107.1746479790524,-0.5513100000000001
14359,53.928,-106.56046661527559,-0.51612
14369,52.152000000000015,-104.10374116016837,-0.46920000000000006
14380,51.56,-105.33210388772198,-0.45747000000000004
14389,50.376000000000005,-103.48955979639157,-0.41055
14399,50.08000000000001,-101.64701570506115,-0.39882
14409,47.71200000000002,-95.50520206729311,-0.322575
14419,47.416,-93.66265797596269,-0.299115
14430,46.52800000000002,-88.13502570197146,-0.263925
14440,45.640000000000015,-81.37903070042661,-0.21114000000000002
14450,45.343999999999994,-75.85139842643535,-0.17595000000000002
14459,44.75200000000001,-70.32376615244412,-0.146625
14470,44.75200000000001,-61.11104569579205,-0.09384
14480,44.16,-52.512506602916794,-0.052785000000000006
14490,43.864000000000004,-43.29978614626472,-0.005865
14500,44.16,-35.31542841716626,0.04692
14511,44.16,-26.102707960514195,0.09384
14521,44.16,-19.34671295896934,0.146625
14530,44.16,-13.204899321201298,0.19941
14540,44.16,-7.063085683433252,0.24633000000000002
14551,43.864000000000004,-2.7638161369956205,0.29325
14561,44.16,0.3070906818884023,0.334305
14571,44.16,2.149634773218816,0.37536
14581,44.45600000000002,3.377997500772425,0.42228000000000004
14592,44.45600000000002,5.834722955879643,0.475065
14601,44.75200000000001,6.448904319656448,0.50439
14611,44.75200000000001,7.063085683433252,0.52785
14621,45.048,10.133992502317275,0.57477
14631,45.343999999999994,10.133992502317275,0.580635
14642,45.640000000000015,15.661624776308516,0.6334200000000001
14652,46.232,19.34671295896934,0.6803400000000001
14661,46.52800000000002,22.417619777853368,0.6862050000000001
14671,46.82400000000001,23.03180114163017,0.674475
14682,47.120000000000005,27.94525205184461,0.6920700000000001
14692,47.71200000000002,37.77215387227348,0.75072
14702,48.896000000000015,42.685604782487914,0.7565850000000001
14712,49.78400000000002,49.44159978403276,0.7683150000000001
14723,50.376000000000005,55.58341342180081,0.7859100000000001
14732,51.26400000000001,61.11104569579205,0.7741800000000001
14742,52.44800000000001,69.0954034248905,0.7859100000000001
14752,53.33600000000001,75.23721706265856,0.7859100000000001
14763,54.52000000000001,81.37903070042661,0.7859100000000001
14773,56.0,86.90666297441784,0.7800450000000001
14783,56.888000000000005,88.74920706574827,0.72726
14792,58.367999999999995,97.34774615862352,0.744855
14802,59.55200000000002,102.26119706883796,0.733125
14813,61.03200000000001,106.56046661527559,0.71553
14823,62.21600000000001,105.33210388772198,0.64515
14833,63.99200000000002,108.40301070660601,0.6275550000000001
14843,65.17600000000002,114.54482434437405,0.6334200000000001
14854,66.656,115.77318707192765,0.604095
14863,68.136,113.93064298059724,0.5454450000000001
14873,69.32,117.00154979948127,0.5454450000000001
14883,70.80000000000001,115.15900570815084,0.50439
14894,71.98400000000001,112.08809888926682,0.44574
14904,73.168,110.85973616171322,0.41641500000000004
14914,74.352,106.56046661527559,0.36363
14924,75.536,103.48955979639157,0.334305
14935,76.72000000000001,97.34774615862352,0.287385
14944,77.31200000000001,91.20593252085547,0.24633000000000002
14954,77.90400000000001,84.44993751931062,0.19354500000000002
14964,78.792,75.85139842643535,0.15249000000000001
14974,78.792,67.8670406973369,0.10557000000000001
14985,79.384,57.42595751313123,0.05865000000000001
14995,79.384,47.59905569270235,0.017595
15005,79.384,37.77215387227348,-0.03519
15014,79.68,28.559433415621413,-0.08211
15025,79.976,18.732531595192537,-0.14076
15035,79.976,12.590717957424493,-0.18768
15045,79.976,8.291448410986861,-0.22873500000000002
15055,79.68,3.377997500772425,-0.263925
15066,79.68,-0.3070906818884023,-0.31084500000000004
15076,79.68,-3.377997500772425,-0.34603500000000004
15086,79.384,-5.220541592102839,-0.38709000000000005
15095,79.08800000000001,-6.448904319656448,-0.42228000000000004
15106,79.08800000000001,-8.905629774763666,-0.46333500000000005
15116,78.792,-11.362355229870884,-0.49266000000000004
15126,78.49600000000001,-13.204899321201298,-0.521985
15136,78.49600000000001,-16.275806140085322,-0.5454450000000001
15147,77.90400000000001,-21.803438414076563,-0.580635
15157,77.608,-24.874345232960582,-0.604095
15166,77.31200000000001,-29.173614779398218,-0.6275550000000001
15176,77.016,-33.47288432583584,-0.651015
15186,76.128,-39.00051659982709,-0.66861
15197,75.536,-43.91396751004152,-0.674475
15207,74.352,-48.21323705647916,-0.674475
15217,73.76000000000002,-55.58341342180081,-0.7038000000000001
15226,72.87200000000001,-61.72522705956886,-0.7038000000000001
15237,72.28,-67.2528593335601,-0.7096650000000001
15247,70.80000000000001,-70.93794751622093,-0.7038000000000001
15257,69.912,-77.69394251776578,-0.71553
15267,68.72800000000001,-83.221574791757,-0.7038000000000001
15278,67.84,-87.52084433819465,-0.6979350000000001
15288,66.36000000000001,-93.0484766121859,-0.6920700000000001
15297,64.88,-96.11938343106992,-0.66861
15307,64.28800000000001,-100.41865297750753,-0.66861
15318,62.21600000000001,-103.48955979639157,-0.6334200000000001
15328,61.328,-105.33210388772198,-0.604095
15338,59.84800000000001,-110.2455547979364,-0.59823
15348,58.072,-112.08809888926682,-0.580635
15358,56.29600000000002,-112.70228025304363,-0.5395800000000001
15368,55.70400000000001,-113.31646161682043,-0.521985
15378,53.928,-110.2455547979364,-0.46333500000000005
15388,53.04000000000002,-109.01719207038282,-0.43401
15398,52.152000000000015,-109.63137343415963,-0.42228000000000004
15409,50.672,-106.56046661527559,-0.38122500000000004
15419,50.08000000000001,-102.87537843261477,-0.34017000000000003
15429,48.896000000000015,-98.57610888617712,-0.30498000000000003
15439,48.00800000000001,-93.0484766121859,-0.25806
