time,angle,velocity,current
302,0.41819902206877113,-1.540951196585761,-0.014662500000000002
314,0.41819902206877113,-1.540951196585761,-0.014662500000000002
324,0.4232990101427806,-1.540951196585761,-0.014662500000000002
334,0.42839899821679,-2.769313924139372,-0.014662500000000002
344,0.42839899821679,-3.3834952879162015,-0.0029325
354,0.4232990101427806,-4.611858015469812,0.0087975
364,0.42839899821679,-3.997676651692983,0.038122500000000004
374,0.42839899821679,-3.997676651692983,0.061582500000000005
385,0.42839899821679,-3.997676651692983,0.0909075
395,0.4232990101427806,-3.3834952879162015,0.11436750000000001
405,0.42839899821679,-3.997676651692983,0.1436925
415,0.4232990101427806,-3.3834952879162015,0.17301750000000002
424,0.42839899821679,-3.3834952879162015,0.2023425
435,0.42839899821679,-2.769313924139372,0.23166750000000003
445,0.42839899821679,-2.769313924139372,0.2668575
455,0.42839899821679,-2.769313924139372,0.2903175
465,0.4232990101427806,-2.769313924139372,0.3255075
476,0.42839899821679,-3.3834952879162015,0.34896750000000004
486,0.42839899821679,-2.15513256036259,0.38415750000000004
495,0.42839899821679,-2.15513256036259,0.41348250000000003
505,0.42839899821679,-1.540951196585761,0.4428075
516,0.42839899821679,-1.540951196585761,0.4779975
526,0.42839899821679,-2.15513256036259,0.5014575
536,0.4232990101427806,-2.15513256036259,0.5307825
546,0.42839899821679,-0.9267698328089794,0.5659725
556,0.42839899821679,-1.540951196585761,0.6011625
566,0.42839899821679,-0.9267698328089794,0.6304875000000001
576,0.4232990101427806,-0.9267698328089794,0.6598125
586,0.42839899821679,-0.9267698328089794,0.6950025000000001
596,0.42839899821679,-0.9267698328089794,0.7184625
607,0.42839899821679,-0.9267698328089794,0.7477875
617,0.4232990101427806,-0.9267698328089794,0.7771125000000001
626,0.4232990101427806,-1.540951196585761,0.8005725
636,0.42839899821679,-1.540951196585761,0.8298975000000001
647,0.42839899821679,-0.9267698328089794,0.8592225000000001
657,0.42839899821679,-1.540951196585761,0.8885475
667,0.42839899821679,-1.540951196585761,0.9120075000000001
677,0.42839899821679,-1.540951196585761,0.9354675000000001
688,0.43349898629079936,0.3015928947446316,0.9706575000000001
697,0.4232990101427806,0.9157742585214133,0.9999825000000001
707,0.42839899821679,0.3015928947446316,1.0234425
717,0.42839899821679,1.5299556222982424,1.0586325
728,0.4232990101427806,1.5299556222982424,1.0762275000000001
738,0.42839899821679,1.5299556222982424,1.1114175000000002
748,0.42839899821679,1.5299556222982424,1.1290125
758,0.42839899821679,2.1441369860750243,1.1583375
768,0.42839899821679,2.1441369860750243,1.1817975
778,0.42839899821679,1.5299556222982424,1.2111225
788,0.43349898629079936,1.5299556222982424,1.2287175000000001
798,0.42839899821679,0.9157742585214133,1.2463125000000002
808,0.41819902206877113,0.3015928947446316,1.2697725000000002
819,0.4232990101427806,0.3015928947446316,1.3049625
829,0.4232990101427806,0.9157742585214133,1.3284225
838,0.4232990101427806,0.9157742585214133,1.3518825
848,0.4232990101427806,0.9157742585214133,1.3753425000000001
859,0.42839899821679,0.3015928947446316,1.3988025000000002
869,0.4232990101427806,0.3015928947446316,1.4222625000000002
879,0.41819902206877113,0.9157742585214133,1.4515875
889,0.4232990101427806,-0.3125884690321501,1.4633175
900,0.4232990101427806,-0.3125884690321501,1.4809125
910,0.4232990101427806,-0.9267698328089794,1.4985075
919,0.4232990101427806,0.3015928947446316,1.5219675000000001
929,0.4232990101427806,-0.3125884690321501,1.5395625000000002
940,0.4232990101427806,-0.3125884690321501,1.5630225000000002
950,0.4232990101427806,-0.3125884690321501,1.5864825
960,0.41819902206877113,-0.9267698328089794,1.5923475
970,0.4232990101427806,0.3015928947446316,1.6158075
980,0.42839899821679,-0.3125884690321501,1.6334025
991,0.4232990101427806,0.3015928947446316,1.6509975000000001
1001,0.4232990101427806,0.3015928947446316,1.6627275000000001
1010,0.4232990101427806,0.3015928947446316,1.6803225000000002
1020,0.4232990101427806,2.7583183498518533,1.6920525000000002
1031,0.4232990101427806,4.6008624411822465,1.7096475000000002
1041,0.4232990101427806,7.057587896289468,1.7213775000000002
1051,0.4232990101427806,8.900131987619908,1.7448375
1061,0.4232990101427806,11.35685744272713,1.7507025
1072,0.4232990101427806,14.427764261611134,1.7741625
1081,0.42839899821679,15.041945625387964,1.7858925
1091,0.42839899821679,18.112852444271965,1.7976225000000001
1101,0.43349898629079936,18.72703380804875,1.8034875000000001
1112,0.4436989624388182,21.18375926315597,1.8210825000000002
1122,0.44879895051282753,23.026303354486412,1.8269475000000002
1132,0.44879895051282753,26.711391537147243,1.8562725000000002
1142,0.453898938586837,28.553935628477635,1.8621375000000002
1153,0.4640989147348558,29.782298356031248,1.8562725000000002
1162,0.4742988908828746,33.46738653869208,1.8738675000000002
1172,0.48449886703089345,34.69574926624569,1.8855975
1182,0.4895988551049028,38.380837448906526,1.8973275
1192,0.49979883125292157,40.223381540236915,1.8973275
1203,0.5099988074009405,42.68010699534414,1.9031925
1213,0.5252987716229687,43.90846972289775,1.9090575
1223,0.5303987596969781,46.365195178004974,1.9207875
1232,0.5456987239190063,47.59355790555858,1.9266525
1243,0.555898700067025,50.0502833606658,1.9559775000000001
1253,0.566098676215044,52.50700881577303,1.9442475000000001
1263,0.5762986523630627,54.349552907103416,1.9559775000000001
1273,0.5915986165850909,55.57791563465703,1.9559775000000001
1284,0.6068985808071191,56.80627836221064,1.9677075000000002
1294,0.6119985688811285,59.26300381731786,1.9677075000000002
1303,0.6272985331031568,59.87718518109469,1.9559775000000001
1313,0.642598497325185,64.79063609130908,1.9911675000000002
1324,0.6578984615472131,63.56227336375548,1.9677075000000002
1334,0.6731984257692414,66.0189988188627,1.9677075000000002
1344,0.6884983899912696,69.08990563774675,1.9911675000000002
1354,0.7037983542132978,69.08990563774675,1.9735725000000002
1364,0.719098318435326,70.31826836530036,1.9735725000000002
1375,0.7394982707313636,71.54663109285397,1.9677075000000002
1384,0.7496982468793825,72.77499382040759,1.9735725000000002
1394,0.7649982111014106,76.46008200306842,2.0087625
1404,0.7802981753234389,77.0742633668452,1.9970325000000002
1415,0.8006981276194765,76.46008200306842,1.9735725000000002
1425,0.8108981037674953,78.91680745817564,1.9970325000000002
1435,0.8261980679895234,78.3026260943988,1.9794375000000002
1444,0.8465980202855612,77.68844473062202,1.9559775000000001
1455,0.85679799643358,78.91680745817564,1.9677075000000002
1465,0.8771979487296175,79.53098882195242,1.9559775000000001
1475,0.8975979010256551,80.1451701857292,1.9501125000000001
1485,0.9128978652476835,80.75935154950604,1.9501125000000001
1496,0.933297817543721,81.37353291328282,1.9501125000000001
1506,0.9485977817657492,80.75935154950604,1.9325175
1515,0.9638977459877774,81.37353291328282,1.9266525
1525,0.9791977102098056,83.83025836839003,1.9383825000000001
1536,0.9995976625058431,85.05862109594365,1.9325175
1546,1.019997614801881,81.98771427705964,1.9031925
1556,1.0301975909498997,81.98771427705964,1.8855975
1566,1.0454975551719279,80.75935154950604,1.8797325
1576,1.0607975193939563,80.75935154950604,1.8738675000000002
1586,1.0760974836159845,80.1451701857292,1.8621375000000002
1596,1.1015974239860313,80.1451701857292,1.8680025000000002
1606,1.11179740013405,77.0742633668452,1.8269475000000002
1616,1.1270973643560784,78.3026260943988,1.8269475000000002
1627,1.147497316652116,78.3026260943988,1.8269475000000002
1637,1.1576972928001348,78.3026260943988,1.8269475000000002
1647,1.1729972570221632,75.84590063929159,1.7976225000000001
1656,1.1882972212441913,74.61753791173797,1.7858925
1667,1.2035971854662195,74.00335654796119,1.7741625
1677,1.2188971496882475,72.16081245663075,1.7565675
1687,1.2290971258362666,72.77499382040759,1.7389725
1697,1.249497078132304,70.31826836530036,1.7272425
1708,1.259697054280323,68.47572427396992,1.7096475000000002
1717,1.2698970304283417,67.24736154641631,1.6920525000000002
1727,1.28519699465037,66.63318018263953,1.6861875000000002
1737,1.2953969707983888,64.1764547275323,1.6509975000000001
1747,1.310696935020417,62.94809199997869,1.6451325
1758,1.3208969111684357,60.491366544871475,1.6158075
1768,1.336196875390464,59.87718518109469,1.6158075
1778,1.3412968634644735,56.19209699843386,1.5864825
1788,1.3514968396124922,54.349552907103416,1.5688875000000002
1798,1.3565968276865017,51.27864608821942,1.5395625000000002
1808,1.3718967919085296,50.66446472444259,1.5278325000000001
1818,1.3820967680565486,48.20773926933536,1.5043725000000001
1828,1.387196756130558,46.979376541781804,1.4926425
1839,1.397396732278577,43.90846972289775,1.4750475
1849,1.4024967203525862,41.45174426779053,1.4515875
1859,1.412696696500605,38.380837448906526,1.4281275
1869,1.4177966845746144,37.15247472135291,1.4105325000000002
1879,1.4228966726486239,34.69574926624569,1.3929375000000002
1889,1.427996660722633,31.624842447361686,1.3636125000000001
1899,1.4330966487966426,29.782298356031248,1.3401525
1909,1.438196636870652,26.711391537147243,1.3108275
1920,1.438196636870652,24.25466608204002,1.2932325
1930,1.4432966249446615,21.18375926315597,1.2639075000000002
1940,1.4432966249446615,18.72703380804875,1.2404475000000001
1949,1.448396613018671,16.270308352941527,1.2169875
1959,1.448396613018671,13.199401534057523,1.1993925
1970,1.448396613018671,10.128494715173519,1.1700675
1980,1.448396613018671,8.285950623843078,1.1290125
1990,1.4432966249446615,4.6008624411822465,1.0879575000000001
2000,1.448396613018671,4.6008624411822465,1.0762275000000001
2011,1.448396613018671,3.9866810774054646,1.0469025
2020,1.448396613018671,3.372499713628635,1.0234425
2030,1.4432966249446615,2.1441369860750243,0.9941175000000001
2040,1.448396613018671,2.1441369860750243,0.9706575000000001
2051,1.448396613018671,0.9157742585214133,0.9413325
2061,1.4432966249446615,0.3015928947446316,0.9002775000000001
2071,1.448396613018671,0.9157742585214133,0.8826825
2081,1.4534966010926804,0.3015928947446316,0.8474925000000001
2092,1.448396613018671,0.3015928947446316,0.8240325000000001
2101,1.448396613018671,0.3015928947446316,0.7947075
2111,1.448396613018671,0.3015928947446316,0.7595175000000001
2121,1.448396613018671,0.3015928947446316,0.7301925
2131,1.448396613018671,-0.3125884690321501,0.7008675000000001
2142,1.448396613018671,-1.540951196585761,0.6598125
2152,1.448396613018671,-0.3125884690321501,0.6363525000000001
2162,1.4534966010926804,-0.3125884690321501,0.6128925000000001
2171,1.448396613018671,-0.9267698328089794,0.5777025
2182,1.4432966249446615,-0.3125884690321501,0.5542425000000001
2192,1.448396613018671,-0.9267698328089794,0.5249175
2202,1.448396613018671,-0.9267698328089794,0.49559250000000005
2212,1.448396613018671,-1.540951196585761,0.46040250000000005
2223,1.448396613018671,-0.9267698328089794,0.4369425
2233,1.448396613018671,-0.9267698328089794,0.4017525
2243,1.448396613018671,-0.9267698328089794,0.3724275
2252,1.448396613018671,-0.3125884690321501,0.34310250000000003
2263,1.448396613018671,-0.9267698328089794,0.3196425
2273,1.4534966010926804,-0.9267698328089794,0.2903175
2283,1.448396613018671,-0.9267698328089794,0.24926250000000003
2293,1.448396613018671,-0.9267698328089794,0.22580250000000002
2304,1.448396613018671,-0.9267698328089794,0.19061250000000002
2313,1.448396613018671,-2.769313924139372,0.15542250000000002
2323,1.448396613018671,-3.997676651692983,0.1260975
2333,1.448396613018671,-5.226039379246594,0.0909075
2343,1.448396613018671,-6.454402106800205,0.061582500000000005
2354,1.448396613018671,-7.0685834705770345,0.043987500000000006
2364,1.4534966010926804,-8.296946198130644,0.026392500000000003
2374,1.448396613018671,-8.911127561907426,0.014662500000000002
2383,1.448396613018671,-8.911127561907426,0.0029325
2394,1.448396613018671,-8.911127561907426,0.0029325
2404,1.448396613018671,-8.911127561907426,-0.0087975
2414,1.448396613018671,-8.296946198130644,-0.0087975
2424,1.448396613018671,-8.911127561907426,-0.0087975
2435,1.448396613018671,-7.682764834353816,-0.014662500000000002
2445,1.448396613018671,-7.682764834353816,-0.014662500000000002
2454,1.448396613018671,-7.0685834705770345,-0.0087975
2464,1.448396613018671,-6.454402106800205,-0.014662500000000002
2475,1.448396613018671,-6.454402106800205,-0.0087975
2485,1.4534966010926804,-5.840220743023424,-0.014662500000000002
2495,1.448396613018671,-5.226039379246594,-0.0087975
2505,1.448396613018671,-4.611858015469812,-0.014662500000000002
2515,1.448396613018671,-3.997676651692983,-0.014662500000000002
2525,1.448396613018671,-3.997676651692983,-0.014662500000000002
2535,1.448396613018671,-3.997676651692983,-0.0205275
2545,1.448396613018671,-2.769313924139372,-0.014662500000000002
2555,1.448396613018671,-2.769313924139372,-0.0205275
2566,1.448396613018671,-2.15513256036259,-0.0205275
2576,1.448396613018671,-2.769313924139372,-0.038122500000000004
2586,1.448396613018671,-2.769313924139372,-0.0498525
2595,1.448396613018671,-2.769313924139372,-0.0557175
2606,1.448396613018671,-2.15513256036259,-0.061582500000000005
2616,1.4534966010926804,-2.15513256036259,-0.07917750000000001
2626,1.4432966249446615,-2.769313924139372,-0.09677250000000001
2636,1.448396613018671,-2.15513256036259,-0.1026375
2647,1.448396613018671,-2.15513256036259,-0.11436750000000001
2656,1.4534966010926804,-2.15513256036259,-0.1260975
2666,1.448396613018671,-3.3834952879162015,-0.1495575
2676,1.4432966249446615,-1.540951196585761,-0.1495575
2686,1.448396613018671,-2.15513256036259,-0.15542250000000002
2697,1.448396613018671,-2.15513256036259,-0.17301750000000002
2707,1.448396613018671,-1.540951196585761,-0.1847475
2717,1.448396613018671,-2.15513256036259,-0.19061250000000002
2727,1.448396613018671,-1.540951196585761,-0.2023425
2737,1.448396613018671,-1.540951196585761,-0.20820750000000002
2747,1.448396613018671,-1.540951196585761,-0.2199375
2757,1.4432966249446615,-2.15513256036259,-0.23166750000000003
2767,1.448396613018671,-1.540951196585761,-0.2375325
2778,1.448396613018671,-1.540951196585761,-0.24926250000000003
2788,1.448396613018671,-1.540951196585761,-0.2609925
2798,1.448396613018671,-1.540951196585761,-0.2668575
2807,1.448396613018671,-1.540951196585761,-0.2844525
2818,1.448396613018671,-1.540951196585761,-0.2903175
2828,1.4534966010926804,-1.540951196585761,-0.3020475
2838,1.448396613018671,-2.15513256036259,-0.31377750000000004
2848,1.448396613018671,-1.540951196585761,-0.3196425
2857,1.448396613018671,-1.540951196585761,-0.3255075
2868,1.448396613018671,-1.540951196585761,-0.3372375
2878,1.448396613018671,-1.540951196585761,-0.34310250000000003
2888,1.448396613018671,-1.540951196585761,-0.35483250000000005
2898,1.4432966249446615,-1.540951196585761,-0.3606975
2909,1.448396613018671,-1.540951196585761,-0.37829250000000003
2919,1.448396613018671,-2.769313924139372,-0.39002250000000005
2928,1.448396613018671,-0.9267698328089794,-0.38415750000000004
2938,1.448396613018671,-1.540951196585761,-0.3958875
2949,1.448396613018671,-1.540951196585761,-0.4076175
2959,1.448396613018671,-1.540951196585761,-0.41348250000000003
2969,1.448396613018671,-2.15513256036259,-0.41934750000000004
2979,1.448396613018671,-2.15513256036259,-0.42521250000000005
2990,1.4432966249446615,-1.540951196585761,-0.4369425
3000,1.4432966249446615,-2.769313924139372,-0.45453750000000004
3009,1.448396613018671,-1.540951196585761,-0.44867250000000003
3019,1.448396613018671,-1.540951196585761,-0.45453750000000004
3030,1.448396613018671,-1.540951196585761,-0.46626750000000006
3040,1.448396613018671,-1.540951196585761,-0.46626750000000006
3050,1.4432966249446615,-1.540951196585761,-0.4779975
3060,1.448396613018671,-1.540951196585761,-0.4779975
3070,1.448396613018671,-1.540951196585761,-0.48386250000000003
3081,1.4432966249446615,-2.15513256036259,-0.5014575
3090,1.4432966249446615,-2.15513256036259,-0.5014575
3100,1.448396613018671,-2.15513256036259,-0.5014575
3110,1.4432966249446615,-2.769313924139372,-0.5131875
3121,1.448396613018671,-2.15513256036259,-0.5073225
3131,1.4534966010926804,-3.3834952879162015,-0.5190525
3141,1.448396613018671,-4.611858015469812,-0.5190525
3151,1.448396613018671,-5.226039379246594,-0.5190525
3161,1.448396613018671,-7.682764834353816,-0.5307825
3171,1.4432966249446615,-8.296946198130644,-0.5307825
3181,1.438196636870652,-11.36785301701465,-0.5366475
3191,1.4330966487966426,-13.21039710834509,-0.5366475
3202,1.4330966487966426,-15.052941199675482,-0.5307825
3212,1.427996660722633,-17.509666654782702,-0.5366475
3222,1.4228966726486239,-19.966392109889924,-0.5425125000000001
3231,1.412696696500605,-21.80893620122032,-0.5483775000000001
3241,1.4024967203525862,-24.26566165632754,-0.5542425000000001
3252,1.4024967203525862,-26.722387111434763,-0.5601075000000001
3262,1.397396732278577,-28.5649312027652,-0.5483775000000001
3272,1.3922967442045675,-30.407475294095594,-0.5483775000000001
3282,1.376996779982539,-32.250019385425986,-0.5542425000000001
3293,1.3718967919085296,-34.70674484053321,-0.5601075000000001
3302,1.3667968038345204,-35.93510756808682,-0.5483775000000001
3312,1.3565968276865017,-39.00601438697087,-0.5601075000000001
3322,1.3463968515384828,-41.46273984207809,-0.5659725
3333,1.336196875390464,-44.5336466609621,-0.5601075000000001
3343,1.3259968992424451,-46.99037211606932,-0.5659725
3353,1.3157969230944262,-48.83291620739971,-0.5659725
3363,1.3004969588723982,-50.67546029873015,-0.5659725
3373,1.2902969827243793,-54.360548481390985,-0.5777025
3383,1.2800970065763606,-53.132185753837376,-0.5483775000000001
3393,1.2647970423543322,-56.817273936498204,-0.5659725
3403,1.2545970662063135,-58.6598180278286,-0.5718375
3414,1.2443970900582948,-60.50236211915904,-0.5718375
3424,1.2341971139102759,-61.73072484671265,-0.5777025
3434,1.2188971496882475,-62.95908757426621,-0.5659725
3443,1.2035971854662195,-64.18745030181982,-0.5659725
3453,1.1882972212441913,-65.41581302937344,-0.5601075000000001
3464,1.1678972689481535,-67.25835712070388,-0.5659725
3474,1.1525973047261253,-67.25835712070388,-0.5542425000000001
3484,1.1423973285781066,-69.7150825758111,-0.5601075000000001
3494,1.1270973643560784,-70.32926393958788,-0.5542425000000001
3505,1.1168973882080597,-72.17180803091831,-0.5601075000000001
3515,1.0964974359120219,-74.01435212224871,-0.5542425000000001
3524,1.0811974716899937,-75.24271484980233,-0.5425125000000001
3534,1.0607975193939563,-75.24271484980233,-0.5425125000000001
3545,1.0505975432459373,-77.69944030490954,-0.5483775000000001
3555,1.0301975909498997,-78.31362166868638,-0.5366475
3565,1.0148976267278715,-78.31362166868638,-0.5307825
3575,0.9995976625058431,-79.54198439623994,-0.5425125000000001
3586,0.9842976982838151,-80.15616576001676,-0.5366475
3596,0.9638977459877774,-78.31362166868638,-0.5190525
3605,0.9536977698397587,-81.38452848757038,-0.5249175
3615,0.9383978056177303,-81.38452848757038,-0.5190525
3625,0.9179978533216928,-81.99870985134716,-0.5131875
3636,0.8924979129516457,-81.99870985134716,-0.5014575
3646,0.8873979248776364,-83.22707257890077,-0.5073225
3656,0.8618979845075894,-83.22707257890077,-0.5131875
3665,0.8465980202855612,-82.612891215124,-0.48386250000000003
3676,0.8312980560635329,-83.8412539426776,-0.48972750000000004
3686,0.8108981037674953,-83.8412539426776,-0.48386250000000003
3696,0.7955981395454671,-85.06961667023121,-0.48972750000000004
3706,0.7751981872494295,-83.8412539426776,-0.4779975
3717,0.7598982230274013,-83.8412539426776,-0.46626750000000006
3727,0.7394982707313636,-83.22707257890077,-0.45453750000000004
3736,0.7292982945833448,-83.22707257890077,-0.46040250000000005
3746,0.7088983422873072,-82.612891215124,-0.44867250000000003
3757,0.693598378065279,-82.612891215124,-0.44867250000000003
3767,0.6833984019172602,-81.38452848757038,-0.43107750000000006
3777,0.6629984496212226,-80.77034712379356,-0.4369425
3787,0.6476984853991944,-79.54198439623994,-0.43107750000000006
3796,0.6323985211771661,-79.54198439623994,-0.41934750000000004
3807,0.6119985688811285,-78.92780303246316,-0.41348250000000003
3817,0.6017985927331098,-77.69944030490954,-0.4076175
3827,0.5864986285110816,-76.47107757735593,-0.39002250000000005
3837,0.5711986642890533,-75.24271484980233,-0.37829250000000003
3848,0.555898700067025,-74.01435212224871,-0.37829250000000003
3858,0.5405987358449968,-72.78598939469511,-0.37829250000000003
3867,0.5252987716229687,-70.94344530336471,-0.3665625
3877,0.5150987954749499,-69.7150825758111,-0.35483250000000005
3888,0.4946988431789122,-67.25835712070388,-0.3372375
3898,0.4895988551049028,-66.64417575692704,-0.3372375
3908,0.4742988908828746,-64.80163166559666,-0.3313725
3918,0.46919890280886517,-62.95908757426621,-0.3255075
3929,0.453898938586837,-61.11654348293582,-0.31377750000000004
3938,0.4436989624388182,-59.27399939160543,-0.3020475
3948,0.43349898629079936,-56.817273936498204,-0.2961825
3958,0.4232990101427806,-55.588911208944594,-0.2844525
3969,0.41819902206877113,-53.132185753837376,-0.27272250000000003
3979,0.40289905784674296,-50.67546029873015,-0.2609925
3989,0.39779906977273355,-48.83291620739971,-0.2551275
3999,0.38759909362471473,-46.37619075229254,-0.24339750000000002
4009,0.3824991055507053,-44.5336466609621,-0.2375325
4020,0.3722991294026865,-42.07692120585487,-0.2199375
4029,0.3671991413286771,-39.620195750747655,-0.20820750000000002
4039,0.36209915325466774,-37.77765165941726,-0.2023425
4049,0.3518991771066489,-35.93510756808682,-0.2023425
4060,0.3518991771066489,-31.635838021649207,-0.1847475
4070,0.3467991890326395,-29.179112566541985,-0.17301750000000002
4080,0.3416992009586301,-26.722387111434763,-0.15542250000000002
4090,0.3416992009586301,-24.87984302010437,-0.1495575
4100,0.3365992128846207,-22.42311756499715,-0.1436925
4110,0.3365992128846207,-20.580573473666707,-0.1260975
4120,0.32639923673660187,-19.352210746113098,-0.1202325
4130,0.32639923673660187,-16.895485291005873,-0.1085025
4141,0.3314992248106113,-14.4387598358987,-0.09677250000000001
4151,0.32639923673660187,-13.21039710834509,-0.0909075
4161,0.32639923673660187,-10.753671653237866,-0.0733125
4170,0.3314992248106113,-9.525308925684255,-0.0557175
4180,0.3314992248106113,-7.682764834353816,-0.043987500000000006
4191,0.3314992248106113,-7.0685834705770345,-0.038122500000000004
4201,0.32639923673660187,-5.840220743023424,-0.0322575
4211,0.32639923673660187,-5.226039379246594,-0.026392500000000003
4221,0.32639923673660187,-4.611858015469812,-0.0205275
4232,0.32639923673660187,-4.611858015469812,-0.0205275
4241,0.32639923673660187,-3.3834952879162015,-0.014662500000000002
4251,0.32639923673660187,-2.769313924139372,-0.014662500000000002
4261,0.32639923673660187,-3.3834952879162015,-0.0205275
4272,0.32639923673660187,-2.769313924139372,-0.014662500000000002
4282,0.32639923673660187,-2.769313924139372,-0.014662500000000002
4292,0.32639923673660187,-2.769313924139372,-0.014662500000000002
4302,0.32639923673660187,-2.15513256036259,-0.014662500000000002
4313,0.32639923673660187,-2.15513256036259,-0.014662500000000002
4322,0.32639923673660187,-2.15513256036259,-0.0087975
4332,0.32639923673660187,-2.15513256036259,-0.014662500000000002
4342,0.3212992486625925,-2.15513256036259,-0.014662500000000002
4353,0.3314992248106113,-1.540951196585761,-0.014662500000000002
4363,0.3314992248106113,-1.540951196585761,-0.0087975
4373,0.3314992248106113,-1.540951196585761,-0.014662500000000002
4383,0.3314992248106113,-0.9267698328089794,0.0029325
4392,0.3314992248106113,-1.540951196585761,0.0205275
4403,0.3314992248106113,-1.540951196585761,0.043987500000000006
4413,0.3314992248106113,-1.540951196585761,0.06744750000000001
4423,0.3314992248106113,-1.540951196585761,0.09677250000000001
4433,0.3314992248106113,-1.540951196585761,0.1260975
4444,0.3314992248106113,-1.540951196585761,0.1495575
4453,0.3314992248106113,-1.540951196585761,0.1788825
4463,0.3314992248106113,-1.540951196585761,0.20820750000000002
4473,0.3314992248106113,-1.540951196585761,0.2375325
4484,0.3314992248106113,-1.540951196585761,0.27272250000000003
4494,0.3314992248106113,-1.540951196585761,0.3020475
4504,0.32639923673660187,-2.15513256036259,0.3313725
4514,0.3314992248106113,-1.540951196585761,0.3665625
4525,0.3314992248106113,-1.540951196585761,0.3958875
4534,0.32639923673660187,-2.15513256036259,0.41934750000000004
4544,0.3314992248106113,-2.15513256036259,0.44867250000000003
4554,0.3314992248106113,-1.540951196585761,0.48386250000000003
4564,0.3314992248106113,-1.540951196585761,0.5190525
4575,0.3314992248106113,-1.540951196585761,0.5483775000000001
4585,0.3314992248106113,-2.15513256036259,0.5718375
4595,0.3314992248106113,-0.9267698328089794,0.6128925000000001
4604,0.3314992248106113,-2.769313924139372,0.6304875000000001
4615,0.3314992248106113,-1.540951196585761,0.6656775
4625,0.32639923673660187,-1.540951196585761,0.6891375000000001
4635,0.3314992248106113,-0.3125884690321501,0.7243275
4645,0.3314992248106113,-0.9267698328089794,0.7477875
4656,0.3314992248106113,-0.9267698328089794,0.7829775000000001
4666,0.3314992248106113,-0.9267698328089794,0.8123025
4675,0.3314992248106113,-0.9267698328089794,0.8416275000000001
4685,0.3314992248106113,-1.540951196585761,0.8768175
4696,0.3314992248106113,-0.3125884690321501,0.8944125
4706,0.3314992248106113,-0.3125884690321501,0.9237375000000001
4716,0.3314992248106113,-0.9267698328089794,0.9589275
4726,0.3314992248106113,0.3015928947446316,0.9765225000000001
4736,0.3314992248106113,0.9157742585214133,1.0058475
4746,0.32639923673660187,1.5299556222982424,1.0293075
4756,0.3314992248106113,1.5299556222982424,1.0586325
4766,0.3314992248106113,1.5299556222982424,1.0879575000000001
4776,0.3314992248106113,1.5299556222982424,1.1114175000000002
4787,0.3314992248106113,1.5299556222982424,1.1407425
4797,0.3314992248106113,1.5299556222982424,1.1700675
4806,0.3314992248106113,1.5299556222982424,1.1876625
4816,0.3314992248106113,1.5299556222982424,1.2169875
4827,0.3314992248106113,0.9157742585214133,1.2404475000000001
4837,0.3314992248106113,0.9157742585214133,1.2697725000000002
4847,0.3314992248106113,1.5299556222982424,1.2873675
4857,0.32639923673660187,1.5299556222982424,1.3108275
4867,0.32639923673660187,0.9157742585214133,1.3342875
4877,0.3314992248106113,0.9157742585214133,1.3636125000000001
4887,0.32639923673660187,0.9157742585214133,1.3870725000000002
4897,0.32639923673660187,0.9157742585214133,1.4046675000000002
4908,0.3314992248106113,0.9157742585214133,1.4281275
4918,0.32639923673660187,0.3015928947446316,1.4515875
4928,0.3314992248106113,0.3015928947446316,1.4691825
4937,0.32639923673660187,0.3015928947446316,1.4926425
4947,0.3314992248106113,0.9157742585214133,1.5043725000000001
4958,0.3314992248106113,0.3015928947446316,1.5219675000000001
4968,0.32639923673660187,0.9157742585214133,1.5571575000000002
4978,0.3314992248106113,-0.3125884690321501,1.5630225000000002
4988,0.32639923673660187,-0.3125884690321501,1.5747525000000002
4999,0.32639923673660187,-0.3125884690321501,1.5982125
5009,0.32639923673660187,-0.3125884690321501,1.6158075
5018,0.3314992248106113,2.1441369860750243,1.6334025
5028,0.3314992248106113,3.372499713628635,1.6451325
5039,0.3314992248106113,5.215043804959075,1.6627275000000001
5049,0.3314992248106113,7.057587896289468,1.6861875000000002
5059,0.32639923673660187,8.900131987619908,1.6979175000000002
5069,0.3212992486625925,10.742676078950302,1.7155125000000002
5080,0.3314992248106113,13.199401534057523,1.7272425
5090,0.3314992248106113,15.656126989164745,1.7448375
5099,0.3314992248106113,18.112852444271965,1.7624325
5109,0.3416992009586301,19.341215171825578,1.7741625
5120,0.3518991771066489,21.7979406269328,1.7741625
5130,0.3518991771066489,23.640484718263192,1.7858925
5140,0.3569991651806583,29.168116992254465,1.8210825000000002
5150,0.3671991413286771,30.396479719808077,1.8269475000000002
5160,0.3722991294026865,32.239023811138466,1.8386775000000002
5170,0.3824991055507053,34.69574926624569,1.8445425000000002
5180,0.39779906977273355,37.766656085129696,1.8621375000000002
5190,0.39779906977273355,39.609200176460135,1.8680025000000002
5200,0.4130990339947617,43.29428835912097,1.8797325
5211,0.42839899821679,43.90846972289775,1.8797325
5221,0.43349898629079936,46.365195178004974,1.8855975
5231,0.43859897436480877,48.82192063311219,1.8914625
5241,0.453898938586837,50.66446472444259,1.9031925
5251,0.4640989147348558,55.57791563465703,1.9383825000000001
5261,0.48449886703089345,55.57791563465703,1.9325175
5271,0.4946988431789122,59.87718518109469,1.9559775000000001
5281,0.504898819326931,59.26300381731786,1.9442475000000001
5292,0.5201987835489592,61.719729272425084,1.9442475000000001
5302,0.5354987477709875,63.56227336375548,1.9559775000000001
5312,0.5456987239190063,64.79063609130908,1.9559775000000001
5321,0.566098676215044,67.24736154641631,1.9618425000000002
5331,0.5813986404370721,69.70408700152353,1.9677075000000002
5342,0.5915986165850909,70.31826836530036,1.9677075000000002
5352,0.6119985688811285,71.54663109285397,1.9735725000000002
5362,0.6323985211771661,74.61753791173797,1.9735725000000002
5372,0.642598497325185,75.84590063929159,1.9735725000000002
5383,0.6578984615472131,75.84590063929159,1.9677075000000002
5392,0.6782984138432508,77.68844473062202,1.9735725000000002
5402,0.693598378065279,78.91680745817564,1.9735725000000002
5412,0.7088983422873072,82.60189564083642,1.9970325000000002
5423,0.7292982945833448,81.37353291328282,1.9677075000000002
5433,0.7394982707313636,82.60189564083642,1.9735725000000002
5443,0.7598982230274013,83.21607700461325,1.9677075000000002
5453,0.7802981753234389,84.44443973216687,1.9735725000000002
5463,0.8006981276194765,85.05862109594365,1.9618425000000002
5473,0.8159980918415047,86.28698382349725,1.9735725000000002
5483,0.8312980560635329,87.51534655105087,1.9735725000000002
5493,0.8516980083595705,88.74370927860448,1.9735725000000002
5504,0.8669979725815987,89.3578906423813,1.9735725000000002
5514,0.8924979129516457,88.74370927860448,1.9559775000000001
5524,0.907797877173674,88.74370927860448,1.9442475000000001
5534,0.933297817543721,91.81461609748852,1.9559775000000001
5543,0.9485977817657492,89.97207200615809,1.9383825000000001
5554,0.9638977459877774,89.3578906423813,1.9266525
5564,0.9791977102098056,91.2004347337117,1.9383825000000001
5574,0.9995976625058431,89.3578906423813,1.9090575
5584,1.019997614801881,88.74370927860448,1.8973275
5595,1.0352975790239092,90.58625336993492,1.9149225
5605,1.0505975432459373,89.97207200615809,1.9031925
5614,1.070997495541975,88.12952791482769,1.8797325
5624,1.0862974597640032,86.28698382349725,1.8621375000000002
5635,1.1015974239860313,86.90116518727409,1.8562725000000002
5645,1.1270973643560784,87.51534655105087,1.8621375000000002
5655,1.1372973405040971,87.51534655105087,1.8504075000000002
5665,1.1576972928001348,83.83025836839003,1.8210825000000002
5676,1.1678972689481535,81.98771427705964,1.7976225000000001
5685,1.1933972093182006,81.37353291328282,1.7917575000000001
5695,1.2035971854662195,80.1451701857292,1.7741625
5705,1.223997137762257,78.3026260943988,1.7624325
5715,1.2290971258362666,79.53098882195242,1.7682975
5726,1.249497078132304,75.84590063929159,1.7331075
5736,1.2647970423543322,74.61753791173797,1.7213775000000002
5746,1.2800970065763606,74.61753791173797,1.7213775000000002
5755,1.2953969707983888,70.93244972907715,1.6803225000000002
5766,1.3055969469464075,71.54663109285397,1.6803225000000002
5776,1.3157969230944262,67.86154291019314,1.6509975000000001
5786,1.3310968873164544,66.0189988188627,1.6334025
5796,1.3463968515384828,66.63318018263953,1.6392675
5807,1.3565968276865017,62.94809199997869,1.6040775
5817,1.3667968038345204,60.491366544871475,1.5864825
5826,1.3820967680565486,58.03464108976425,1.5688875000000002
5836,1.3922967442045675,56.80627836221064,1.5454275000000002
5847,1.397396732278577,53.735371543326636,1.5219675000000001
5857,1.4075967084265957,51.8928274519962,1.5043725000000001
5867,1.412696696500605,48.82192063311219,1.4867775
5877,1.427996660722633,46.365195178004974,1.4633175
5886,1.4330966487966426,43.90846972289775,1.4457225
5897,1.438196636870652,41.45174426779053,1.4222625000000002
5907,1.448396613018671,38.995018812683305,1.3988025000000002
5917,1.4534966010926804,37.766656085129696,1.3870725000000002
5927,1.4585965891666897,34.08156790246886,1.3518825
5938,1.4636965772406991,31.010661083584857,1.3342875
5948,1.4687965653147084,27.939754264700856,1.3108275
5957,1.4687965653147084,24.868847445816805,1.2873675
5967,1.4687965653147084,21.18375926315597,1.2521775000000002
5978,1.4738965533887178,19.341215171825578,1.2345825000000001
5988,1.4738965533887178,16.270308352941527,1.2169875
5998,1.4789965414627273,13.199401534057523,1.1876625
6008,1.4789965414627273,10.742676078950302,1.1524725
6019,1.4789965414627273,7.671769260066298,1.1290125
6029,1.4789965414627273,5.215043804959075,1.1055525000000002
6038,1.4789965414627273,3.372499713628635,1.0703625
6048,1.4738965533887178,0.9157742585214133,1.0293075
6059,1.4789965414627273,1.5299556222982424,1.0117125
6069,1.4789965414627273,0.3015928947446316,0.9765225000000001
6079,1.4789965414627273,0.3015928947446316,0.9589275
6089,1.4789965414627273,-0.3125884690321501,0.9354675000000001
6099,1.4789965414627273,-0.3125884690321501,0.9061425000000001
6109,1.4738965533887178,-1.540951196585761,0.8650875
6119,1.4738965533887178,-1.540951196585761,0.8416275000000001
6129,1.4789965414627273,-0.9267698328089794,0.8240325000000001
6139,1.4789965414627273,-0.9267698328089794,0.7888425
6150,1.4789965414627273,-1.540951196585761,0.7536525000000001
6160,1.4789965414627273,-0.9267698328089794,0.7301925
6170,1.4789965414627273,-0.9267698328089794,0.7008675000000001
6180,1.4789965414627273,-0.9267698328089794,0.6715425
6191,1.4789965414627273,-0.9267698328089794,0.6422175
6200,1.4789965414627273,-1.540951196585761,0.6128925000000001
6210,1.4789965414627273,-1.540951196585761,0.5835675
6220,1.4789965414627273,-0.9267698328089794,0.5542425000000001
6231,1.4789965414627273,0.9157742585214133,0.5483775000000001
6241,1.4738965533887178,-1.540951196585761,0.48386250000000003
6251,1.4789965414627273,-0.9267698328089794,0.46040250000000005
6261,1.4789965414627273,-1.540951196585761,0.42521250000000005
6270,1.4789965414627273,-1.540951196585761,0.3958875
6281,1.4738965533887178,-1.540951196585761,0.3606975
6291,1.4789965414627273,-1.540951196585761,0.3313725
6301,1.4789965414627273,-0.9267698328089794,0.30791250000000003
6311,1.4789965414627273,-1.540951196585761,0.27858750000000004
6322,1.4789965414627273,-0.9267698328089794,0.24339750000000002
6332,1.4789965414627273,-1.540951196585761,0.20820750000000002
6342,1.4789965414627273,-3.3834952879162015,0.1788825
6351,1.4789965414627273,-3.997676651692983,0.1436925
6362,1.4789965414627273,-4.611858015469812,0.11436750000000001
6372,1.4789965414627273,-5.226039379246594,0.07917750000000001
6382,1.4789965414627273,-5.840220743023424,0.0557175
6392,1.4789965414627273,-6.454402106800205,0.038122500000000004
6403,1.4789965414627273,-7.0685834705770345,0.0205275
6413,1.4789965414627273,-7.0685834705770345,0.0205275
6422,1.4789965414627273,-7.0685834705770345,0.0029325
6432,1.4789965414627273,-7.0685834705770345,0.0029325
6443,1.4789965414627273,-7.0685834705770345,-0.0029325
6453,1.4789965414627273,-6.454402106800205,-0.0087975
6463,1.4789965414627273,-7.0685834705770345,-0.0087975
6473,1.4789965414627273,-7.0685834705770345,-0.0087975
6482,1.4789965414627273,-7.682764834353816,-0.0087975
6493,1.4738965533887178,-8.296946198130644,-0.0087975
6503,1.4789965414627273,-7.682764834353816,-0.014662500000000002
6513,1.4789965414627273,-7.682764834353816,-0.0087975
6523,1.4789965414627273,-7.682764834353816,-0.0087975
6534,1.4789965414627273,-8.296946198130644,-0.0087975
6544,1.4789965414627273,-8.911127561907426,-0.0087975
6554,1.4789965414627273,-8.296946198130644,-0.014662500000000002
6563,1.4789965414627273,-9.525308925684255,-0.0087975
6574,1.4789965414627273,-10.139490289461039,-0.0087975
6584,1.4789965414627273,-10.753671653237866,-0.014662500000000002
6594,1.4738965533887178,-11.36785301701465,-0.026392500000000003
6604,1.4789965414627273,-11.36785301701465,-0.026392500000000003
6615,1.4687965653147084,-11.982034380791479,-0.043987500000000006
6625,1.4738965533887178,-11.982034380791479,-0.0498525
6635,1.4738965533887178,-11.982034380791479,-0.061582500000000005
6644,1.4636965772406991,-11.982034380791479,-0.06744750000000001
6654,1.4687965653147084,-13.21039710834509,-0.0909075
6665,1.4636965772406991,-11.36785301701465,-0.0909075
6675,1.4585965891666897,-11.982034380791479,-0.1085025
6685,1.4585965891666897,-11.982034380791479,-0.11436750000000001
6695,1.4534966010926804,-12.59621574456826,-0.1319625
6706,1.4534966010926804,-11.982034380791479,-0.1436925
6716,1.448396613018671,-13.21039710834509,-0.15542250000000002
6725,1.448396613018671,-13.21039710834509,-0.1671525
6735,1.4432966249446615,-12.59621574456826,-0.1671525
6746,1.4432966249446615,-13.21039710834509,-0.1788825
6756,1.438196636870652,-13.824578472121871,-0.19061250000000002
6766,1.438196636870652,-13.824578472121871,-0.19647750000000003
6776,1.4330966487966426,-14.4387598358987,-0.20820750000000002
6787,1.427996660722633,-15.667122563452264,-0.2199375
6796,1.4228966726486239,-15.667122563452264,-0.23166750000000003
6806,1.4228966726486239,-16.281303927229093,-0.2375325
6816,1.4177966845746144,-17.509666654782702,-0.24339750000000002
6827,1.412696696500605,-18.123848018559485,-0.2609925
6837,1.412696696500605,-18.738029382336315,-0.2609925
6847,1.4024967203525862,-21.194754837443536,-0.27858750000000004
6857,1.397396732278577,-21.194754837443536,-0.2903175
6866,1.3922967442045675,-22.42311756499715,-0.3020475
6877,1.3922967442045675,-23.651480292550758,-0.30791250000000003
6887,1.3820967680565486,-24.26566165632754,-0.3196425
6897,1.376996779982539,-24.87984302010437,-0.3313725
6907,1.3718967919085296,-26.10820574765798,-0.3313725
6918,1.3667968038345204,-26.722387111434763,-0.3372375
6928,1.361696815760511,-29.179112566541985,-0.35483250000000005
6937,1.3463968515384828,-29.179112566541985,-0.34310250000000003
6947,1.3463968515384828,-31.635838021649207,-0.3606975
6958,1.3412968634644735,-33.478382112979595,-0.3724275
6968,1.3310968873164544,-34.70674484053321,-0.38415750000000004
6978,1.3208969111684357,-35.93510756808682,-0.39002250000000005
6988,1.310696935020417,-36.54928893186365,-0.4017525
6998,1.310696935020417,-38.39183302319404,-0.4076175
7008,1.3004969588723982,-39.620195750747655,-0.41348250000000003
7018,1.28519699465037,-40.848558478301264,-0.42521250000000005
7028,1.2800970065763606,-40.848558478301264,-0.43107750000000006
7038,1.2698970304283417,-42.6911025696317,-0.4369425
7049,1.259697054280323,-43.91946529718532,-0.44867250000000003
7058,1.2545970662063135,-45.14782802473893,-0.44867250000000003
7068,1.2443970900582948,-45.76200938851571,-0.45453750000000004
7078,1.2290971258362666,-48.21873484362293,-0.4721325
7089,1.223997137762257,-48.83291620739971,-0.46626750000000006
7099,1.2035971854662195,-50.06127893495332,-0.4779975
7109,1.19849719739221,-51.90382302628376,-0.48386250000000003
7119,1.1882972212441913,-53.746367117614156,-0.49559250000000005
7129,1.1780972450961724,-53.132185753837376,-0.48386250000000003
7139,1.1627972808741442,-55.588911208944594,-0.49559250000000005
7149,1.1576972928001348,-57.43145530027499,-0.5073225
7159,1.1372973405040971,-58.04563666405182,-0.5131875
7170,1.121997376282069,-61.11654348293582,-0.5307825
7180,1.1168973882080597,-59.88818075538221,-0.5190525
7190,1.1015974239860313,-60.50236211915904,-0.5249175
7200,1.0913974478380126,-61.73072484671265,-0.5249175
7209,1.0760974836159845,-62.95908757426621,-0.5249175
7220,1.0658975074679655,-64.18745030181982,-0.5366475
7230,1.0505975432459373,-64.80163166559666,-0.5366475
7240,1.0352975790239092,-66.64417575692704,-0.5425125000000001
7250,1.019997614801881,-66.64417575692704,-0.5425125000000001
7261,1.0046976505798526,-67.25835712070388,-0.5366475
7271,0.9944976744318338,-69.7150825758111,-0.5542425000000001
7281,0.9791977102098056,-69.7150825758111,-0.5542425000000001
7290,0.9587977579137681,-70.94344530336471,-0.5542425000000001
7301,0.9536977698397587,-72.17180803091831,-0.5659725
7311,0.933297817543721,-72.78598939469511,-0.5601075000000001
7321,0.9179978533216928,-72.78598939469511,-0.5718375
7331,0.8975979010256551,-74.62853348602555,-0.5718375
7342,0.8822979368036269,-75.24271484980233,-0.5777025
7352,0.8669979725815987,-76.47107757735593,-0.5835675
7361,0.8465980202855612,-75.85689621357915,-0.5777025
7371,0.8414980322115516,-76.47107757735593,-0.5718375
7382,0.8312980560635329,-75.85689621357915,-0.5718375
7392,0.8108981037674953,-77.08525894113276,-0.5718375
7402,0.7904981514714576,-77.08525894113276,-0.5777025
7412,0.7751981872494295,-78.31362166868638,-0.5777025
7421,0.7598982230274013,-78.92780303246316,-0.5718375
7432,0.7394982707313636,-78.92780303246316,-0.5777025
7442,0.7292982945833448,-78.92780303246316,-0.5777025
7452,0.7139983303613165,-78.92780303246316,-0.5777025
7462,0.6884983899912696,-78.92780303246316,-0.5718375
7473,0.6782984138432508,-79.54198439623994,-0.5777025
7483,0.6578984615472131,-79.54198439623994,-0.5718375
7492,0.6476984853991944,-78.92780303246316,-0.5659725
7502,0.6323985211771661,-79.54198439623994,-0.5659725
7513,0.6170985569551379,-78.92780303246316,-0.5659725
7523,0.5966986046591003,-80.77034712379356,-0.5835675
7533,0.5813986404370721,-78.92780303246316,-0.5601075000000001
7543,0.566098676215044,-78.92780303246316,-0.5601075000000001
7554,0.5507987119930157,-77.69944030490954,-0.5601075000000001
7563,0.5303987596969781,-76.47107757735593,-0.5542425000000001
7573,0.5201987835489592,-77.08525894113276,-0.5601075000000001
7583,0.49979883125292157,-75.24271484980233,-0.5425125000000001
7593,0.4895988551049028,-75.85689621357915,-0.5483775000000001
7604,0.47939887895688404,-74.62853348602555,-0.5425125000000001
7614,0.4640989147348558,-74.01435212224871,-0.5483775000000001
7624,0.44879895051282753,-73.40017075847193,-0.5425125000000001
7633,0.43859897436480877,-72.17180803091831,-0.5366475
7644,0.41819902206877113,-71.55762666714149,-0.5307825
7654,0.40799904592075237,-70.94344530336471,-0.5366475
7664,0.39269908169872414,-69.7150825758111,-0.5249175
7674,0.3773991174766959,-68.4867198482575,-0.5190525
7685,0.3671991413286771,-67.25835712070388,-0.5131875
7695,0.3518991771066489,-65.41581302937344,-0.5073225
7704,0.3467991890326395,-64.80163166559666,-0.5073225
7714,0.3314992248106113,-63.57326893804304,-0.49559250000000005
7725,0.3212992486625925,-61.73072484671265,-0.49559250000000005
7735,0.3008992963665549,-61.11654348293582,-0.49559250000000005
7745,0.29069932021853606,-58.04563666405182,-0.4779975
7755,0.28559933214452665,-57.43145530027499,-0.48386250000000003
7766,0.27539935599650783,-56.203092572721374,-0.48386250000000003
7776,0.26519937984848907,-53.746367117614156,-0.4721325
7785,0.24989941562646079,-51.28964166250693,-0.46040250000000005
7795,0.2447994275524514,-49.44709757117654,-0.4428075
7805,0.23969943947844202,-48.21873484362293,-0.45453750000000004
7816,0.23459945140443259,-45.76200938851571,-0.4369425
7826,0.21929948718240438,-43.91946529718532,-0.4369425
7836,0.214199499108395,-42.07692120585487,-0.42521250000000005
7846,0.20909951103438557,-40.234377114524484,-0.41348250000000003
7856,0.20399952296037618,-39.00601438697087,-0.4076175
7866,0.19889953488636677,-36.54928893186365,-0.4017525
7876,0.18359957066433855,-34.70674484053321,-0.39002250000000005
7886,0.18359957066433855,-32.250019385425986,-0.38415750000000004
7897,0.17849958259032914,-30.407475294095594,-0.38415750000000004
7907,0.17339959451631975,-27.950749838988372,-0.3724275
7917,0.16829960644231035,-25.49402438388115,-0.3665625
7926,0.16829960644231035,-23.03729892877393,-0.3606975
7937,0.16319961836830094,-20.580573473666707,-0.34896750000000004
7947,0.16319961836830094,-17.509666654782702,-0.3372375
7957,0.16319961836830094,-15.667122563452264,-0.3255075
7967,0.16319961836830094,-13.824578472121871,-0.31377750000000004
7977,0.16319961836830094,-11.982034380791479,-0.3020475
7988,0.16319961836830094,-8.296946198130644,-0.27272250000000003
7997,0.15809963029429153,-8.911127561907426,-0.27858750000000004
8007,0.16319961836830094,-7.0685834705770345,-0.2668575
8017,0.15809963029429153,-7.0685834705770345,-0.2609925
8028,0.16319961836830094,-5.226039379246594,-0.24339750000000002
8038,0.16319961836830094,-3.997676651692983,-0.23166750000000003
8048,0.16319961836830094,-3.997676651692983,-0.2199375
8057,0.16319961836830094,-3.3834952879162015,-0.21407250000000003
8068,0.16319961836830094,-2.769313924139372,-0.19647750000000003
8078,0.16319961836830094,-3.997676651692983,-0.19061250000000002
8088,0.16319961836830094,-2.769313924139372,-0.1788825
8098,0.15809963029429153,-3.3834952879162015,-0.1788825
8109,0.15809963029429153,-3.3834952879162015,-0.1671525
8119,0.16319961836830094,-2.15513256036259,-0.1436925
8128,0.16319961836830094,-1.540951196585761,-0.1319625
8138,0.16319961836830094,-1.540951196585761,-0.1202325
8148,0.16319961836830094,-2.769313924139372,-0.1085025
8159,0.16319961836830094,-2.15513256036259,-0.09677250000000001
8169,0.15809963029429153,-2.769313924139372,-0.0909075
8179,0.16319961836830094,-1.540951196585761,-0.07917750000000001
8189,0.16319961836830094,-1.540951196585761,-0.06744750000000001
8199,0.15809963029429153,-2.15513256036259,-0.061582500000000005
8209,0.16319961836830094,-2.15513256036259,-0.0557175
8219,0.16319961836830094,-1.540951196585761,-0.038122500000000004
8229,0.15299964222028212,-1.540951196585761,-0.0322575
8240,0.16319961836830094,-1.540951196585761,-0.026392500000000003
8250,0.16319961836830094,-1.540951196585761,-0.026392500000000003
8260,0.15809963029429153,-1.540951196585761,-0.0205275
8269,0.15809963029429153,-1.540951196585761,-0.0205275
8280,0.15809963029429153,-2.15513256036259,-0.0205275
8290,0.15809963029429153,-1.540951196585761,-0.014662500000000002
8300,0.15809963029429153,-1.540951196585761,-0.014662500000000002
8310,0.16319961836830094,-2.15513256036259,-0.0205275
8321,0.16319961836830094,-2.15513256036259,-0.0205275
8331,0.16319961836830094,-2.15513256036259,-0.0087975
8341,0.16319961836830094,-1.540951196585761,-0.0087975
8350,0.15809963029429153,-1.540951196585761,-0.014662500000000002
8360,0.15809963029429153,-1.540951196585761,-0.014662500000000002
8371,0.15809963029429153,-1.540951196585761,-0.0087975
8381,0.16319961836830094,-1.540951196585761,-0.0087975
8391,0.16829960644231035,-1.540951196585761,-0.014662500000000002
8401,0.16319961836830094,-1.540951196585761,-0.014662500000000002
8412,0.16829960644231035,-2.15513256036259,-0.0087975
8422,0.16319961836830094,-1.540951196585761,0.0087975
8431,0.16319961836830094,-1.540951196585761,0.026392500000000003
8441,0.16829960644231035,-1.540951196585761,0.0498525
8452,0.16319961836830094,-0.9267698328089794,0.08504250000000001
8462,0.16319961836830094,-1.540951196585761,0.1026375
8472,0.16319961836830094,-1.540951196585761,0.13782750000000002
8482,0.16829960644231035,-1.540951196585761,0.1612875
8493,0.16829960644231035,-0.9267698328089794,0.19061250000000002
8502,0.16829960644231035,-0.9267698328089794,0.2199375
8512,0.16319961836830094,-0.9267698328089794,0.24926250000000003
8522,0.16829960644231035,-0.9267698328089794,0.2844525
8532,0.16829960644231035,-1.540951196585761,0.30791250000000003
8543,0.16829960644231035,-0.9267698328089794,0.3372375
8553,0.16829960644231035,-0.9267698328089794,0.3724275
8563,0.16829960644231035,-1.540951196585761,0.3958875
8573,0.16829960644231035,-1.540951196585761,0.43107750000000006
8583,0.16319961836830094,-1.540951196585761,0.46626750000000006
8593,0.16829960644231035,-1.540951196585761,0.49559250000000005
8603,0.16829960644231035,-1.540951196585761,0.5190525
8613,0.16829960644231035,-0.9267698328089794,0.5601075000000001
8624,0.16319961836830094,-0.9267698328089794,0.5894325
8634,0.16829960644231035,-0.9267698328089794,0.6187575000000001
8644,0.15809963029429153,-1.540951196585761,0.6363525000000001
8653,0.16829960644231035,-1.540951196585761,0.6774075
8664,0.16829960644231035,-0.9267698328089794,0.7067325000000001
8674,0.16319961836830094,-1.540951196585761,0.7419225
8684,0.16829960644231035,-1.540951196585761,0.7595175000000001
8694,0.16829960644231035,-2.15513256036259,0.7829775000000001
8705,0.16829960644231035,-1.540951196585761,0.8181675
8715,0.16829960644231035,-0.9267698328089794,0.8474925000000001
8724,0.16829960644231035,-1.540951196585761,0.8709525
8734,0.16829960644231035,0.9157742585214133,0.9061425000000001
8744,0.16319961836830094,1.5299556222982424,0.9354675000000001
8755,0.16829960644231035,2.1441369860750243,0.9589275
8765,0.16829960644231035,2.7583183498518533,0.9882525000000001
8775,0.16319961836830094,2.7583183498518533,1.0117125
8785,0.16829960644231035,3.9866810774054646,1.0410375
8796,0.16829960644231035,3.9866810774054646,1.0644975
8805,0.16829960644231035,3.372499713628635,1.0879575000000001
8815,0.16319961836830094,2.7583183498518533,1.1114175000000002
8825,0.16829960644231035,3.372499713628635,1.1407425
8836,0.16829960644231035,3.9866810774054646,1.1642025
8846,0.16829960644231035,4.6008624411822465,1.1876625
8856,0.16829960644231035,5.829225168735857,1.2111225
8866,0.16829960644231035,6.443406532512686,1.2404475000000001
8877,0.16829960644231035,7.057587896289468,1.2639075000000002
8886,0.16829960644231035,8.900131987619908,1.2873675
8896,0.15809963029429153,9.514313351396689,1.3166925
8906,0.16319961836830094,10.742676078950302,1.3401525
8916,0.16319961836830094,11.35685744272713,1.3636125000000001
8927,0.16829960644231035,12.585220170280742,1.3870725000000002
8937,0.16319961836830094,14.427764261611134,1.4222625000000002
8946,0.17339959451631975,14.427764261611134,1.4281275
8956,0.17339959451631975,17.498671080495136,1.4633175
8967,0.17849958259032914,16.884489716718356,1.4691825
8977,0.18869955873834796,18.112852444271965,1.4867775
8987,0.19379954681235737,19.341215171825578,1.5043725000000001
8997,0.19379954681235737,21.7979406269328,1.5219675000000001
9008,0.19889953488636677,23.640484718263192,1.5395625000000002
9017,0.20909951103438557,25.483028809593634,1.5571575000000002
9027,0.214199499108395,27.325572900924026,1.5806175
9037,0.21929948718240438,29.168116992254465,1.5982125
9048,0.2294994633304232,31.010661083584857,1.6158075
9058,0.23969943947844202,33.46738653869208,1.6392675
9068,0.2447994275524514,34.69574926624569,1.6568625000000001
9078,0.25499940370047025,37.766656085129696,1.6744575000000002
9088,0.2600993917744796,38.380837448906526,1.6861875000000002
9098,0.2702993679224984,40.223381540236915,1.7037825000000002
9108,0.28559933214452665,42.06592563156735,1.7155125000000002
9118,0.29069932021853606,45.13683245045136,1.7507025
9128,0.3008992963665549,48.20773926933536,1.7682975
9139,0.3110992725145737,48.20773926933536,1.7624325
9148,0.32639923673660187,50.66446472444259,1.7800275
9158,0.3314992248106113,54.349552907103416,1.8093525000000001
9168,0.3467991890326395,57.42045972598747,1.8269475000000002
9179,0.3671991413286771,60.491366544871475,1.8328125000000002
9189,0.3722991294026865,58.64882245354108,1.8269475000000002
9199,0.38759909362471473,61.105547908648305,1.8445425000000002
9209,0.40289905784674296,62.94809199997869,1.8504075000000002
9220,0.4130990339947617,66.0189988188627,1.8738675000000002
9229,0.43349898629079936,66.0189988188627,1.8680025000000002
9239,0.4436989624388182,67.86154291019314,1.8797325
9249,0.4589989266608464,72.77499382040759,1.9149225
9260,0.47939887895688404,71.54663109285397,1.9031925
9270,0.4946988431789122,74.00335654796119,1.9149225
9280,0.504898819326931,74.61753791173797,1.9090575
9290,0.5252987716229687,79.53098882195242,1.9501125000000001
9299,0.5456987239190063,77.68844473062202,1.9383825000000001
9310,0.555898700067025,79.53098882195242,1.9383825000000001
9320,0.5762986523630627,80.1451701857292,1.9383825000000001
9330,0.6017985927331098,83.21607700461325,1.9559775000000001
9340,0.6068985808071191,85.67280245972047,1.9677075000000002
9351,0.6323985211771661,85.67280245972047,1.9618425000000002
9361,0.6527984734732037,89.97207200615809,1.9911675000000002
9370,0.668098437695232,88.12952791482769,1.9677075000000002
9380,0.6884983899912696,88.74370927860448,1.9677075000000002
9391,0.7088983422873072,91.2004347337117,1.9501125000000001
9401,0.7241983065093355,94.27134155259576,1.9970325000000002
9411,0.744598258805373,94.88552291637254,1.9911675000000002
9421,0.7649982111014106,92.4287974612653,1.9677075000000002
9432,0.7853981633974483,93.65716018881892,1.9735725000000002
9441,0.8006981276194765,94.27134155259576,1.9794375000000002
9451,0.8261980679895234,95.49970428014932,1.9794375000000002
9461,0.8465980202855612,95.49970428014932,1.9735725000000002
9472,0.8669979725815987,96.72806700770292,1.9794375000000002
9482,0.8873979248776364,98.57061109903337,2.0146275
9492,0.9026978890996646,96.72806700770292,1.9735725000000002
9502,0.933297817543721,97.95642973525653,1.9794375000000002
9512,0.9485977817657492,97.34224837147976,1.9735725000000002
9522,0.9689977340617869,97.95642973525653,1.9677075000000002
9532,0.9842976982838151,98.57061109903337,1.9735725000000002
9542,1.0046976505798526,97.95642973525653,1.9501125000000001
9552,1.0301975909498997,98.57061109903337,1.9618425000000002
9563,1.0505975432459373,98.57061109903337,1.9442475000000001
9573,1.070997495541975,98.57061109903337,1.9442475000000001
9582,1.0811974716899937,99.18479246281015,1.9501125000000001
9592,1.1066974120600408,96.11388564392614,1.9207875
9603,1.1270973643560784,97.95642973525653,1.9383825000000001
9613,1.1372973405040971,96.11388564392614,1.9266525
9623,1.1627972808741442,95.49970428014932,1.9031925
9633,1.1933972093182006,96.11388564392614,1.9090575
9644,1.1933972093182006,95.49970428014932,1.9090575
9654,1.223997137762257,92.4287974612653,1.8738675000000002
9663,1.2392971019842853,91.2004347337117,1.8562725000000002
9673,1.259697054280323,90.58625336993492,1.8504075000000002
9683,1.2698970304283417,88.74370927860448,1.8386775000000002
9694,1.2953969707983888,87.51534655105087,1.8445425000000002
9704,1.3055969469464075,88.12952791482769,1.8328125000000002
9714,1.3259968992424451,85.67280245972047,1.8152175000000002
9724,1.3463968515384828,84.44443973216687,1.7976225000000001
9734,1.3565968276865017,83.21607700461325,1.7800275
9744,1.376996779982539,79.53098882195242,1.7682975
9754,1.3922967442045675,79.53098882195242,1.7448375
9764,1.4024967203525862,78.91680745817564,1.7389725
9775,1.4228966726486239,76.46008200306842,1.7213775000000002
9785,1.438196636870652,74.61753791173797,1.6979175000000002
9795,1.4534966010926804,73.38917518418437,1.6803225000000002
9804,1.4636965772406991,73.38917518418437,1.6920525000000002
9815,1.4789965414627273,69.70408700152353,1.6509975000000001
9825,1.489196517610746,66.0189988188627,1.6334025
9835,1.5044964818327744,64.79063609130908,1.6158075
9845,1.514696457980793,63.56227336375548,1.5982125
9856,1.5197964460548026,62.333910636201914,1.5923475
9866,1.5350964102768307,59.87718518109469,1.5747525000000002
9875,1.5452963864248495,56.19209699843386,1.5336975000000002
9885,1.5605963506468779,54.349552907103416,1.5219675000000001
9895,1.565696338720887,51.27864608821942,1.5043725000000001
9906,1.575896314868906,48.82192063311219,1.4809125
9916,1.5809963029429153,46.979376541781804,1.4574525
9926,1.5911962790909342,43.90846972289775,1.4398575
9936,1.5962962671649434,41.45174426779053,1.4222625000000002
9946,1.601396255238953,38.995018812683305,1.3988025000000002
9956,1.6064962433129624,37.15247472135291,1.3870725000000002
9966,1.6166962194609813,33.46738653869208,1.3518825
9976,1.6166962194609813,29.782298356031248,1.3225575
9987,1.626896195609,27.939754264700856,1.2990975
9997,1.626896195609,25.483028809593634,1.2815025
10007,1.6319961836830095,22.412121990709583,1.2521775000000002
10016,1.6319961836830095,19.341215171825578,1.2287175000000001
10027,1.6370961717570187,16.884489716718356,1.2052575
10037,1.6370961717570187,13.813582897834353,1.1817975
10047,1.6370961717570187,11.35685744272713,1.1583375
10057,1.6370961717570187,9.514313351396689,1.1231475000000002
10067,1.6370961717570187,7.057587896289468,1.0879575000000001
10078,1.6370961717570187,5.215043804959075,1.0586325
10087,1.6370961717570187,4.6008624411822465,1.0293075
10097,1.6370961717570187,3.372499713628635,0.9999825000000001
10107,1.6319961836830095,2.1441369860750243,0.9765225000000001
10118,1.6370961717570187,2.1441369860750243,0.9471975
10128,1.6370961717570187,1.5299556222982424,0.9237375000000001
10138,1.6421961598310282,0.3015928947446316,0.8944125
10148,1.6370961717570187,0.9157742585214133,0.8650875
10159,1.6421961598310282,0.3015928947446316,0.8357625000000001
10168,1.6370961717570187,0.9157742585214133,0.8064375
10178,1.6370961717570187,-0.9267698328089794,0.7653825000000001
10188,1.6370961717570187,0.3015928947446316,0.7477875
10199,1.6370961717570187,0.3015928947446316,0.7184625
10209,1.6370961717570187,-0.9267698328089794,0.6832725000000001
10219,1.6370961717570187,-2.15513256036259,0.6480825
10229,1.6370961717570187,-0.9267698328089794,0.6246225000000001
10238,1.6370961717570187,-0.9267698328089794,0.6011625
10249,1.6370961717570187,-0.9267698328089794,0.5601075000000001
10259,1.6370961717570187,-0.9267698328089794,0.5307825
10269,1.6370961717570187,-0.9267698328089794,0.5131875
10279,1.6370961717570187,-0.9267698328089794,0.4779975
10290,1.6370961717570187,-0.9267698328089794,0.44867250000000003
10300,1.6370961717570187,-0.9267698328089794,0.41934750000000004
10309,1.6370961717570187,-1.540951196585761,0.38415750000000004
10319,1.6421961598310282,-0.9267698328089794,0.34896750000000004
10330,1.6370961717570187,-1.540951196585761,0.3255075
10340,1.6370961717570187,-2.15513256036259,0.2844525
10350,1.6370961717570187,-0.9267698328089794,0.2668575
10360,1.6370961717570187,-0.9267698328089794,0.23166750000000003
10371,1.6319961836830095,-0.9267698328089794,0.20820750000000002
10380,1.6370961717570187,-0.9267698328089794,0.17301750000000002
10390,1.6370961717570187,-2.769313924139372,0.1436925
10400,1.6370961717570187,-3.997676651692983,0.1026375
10411,1.6370961717570187,-5.226039379246594,0.07917750000000001
10421,1.6370961717570187,-6.454402106800205,0.0498525
10431,1.6370961717570187,-7.0685834705770345,0.038122500000000004
10441,1.6319961836830095,-7.0685834705770345,0.014662500000000002
10450,1.6370961717570187,-7.682764834353816,0.014662500000000002
10461,1.6421961598310282,-7.682764834353816,0.0029325
10471,1.6370961717570187,-8.296946198130644,0.0029325
10481,1.6370961717570187,-8.296946198130644,-0.0087975
10491,1.6370961717570187,-7.682764834353816,-0.0087975
10502,1.6370961717570187,-7.682764834353816,-0.0087975
10512,1.6370961717570187,-7.682764834353816,-0.014662500000000002
10521,1.6421961598310282,-7.0685834705770345,-0.0087975
10531,1.6370961717570187,-7.0685834705770345,-0.014662500000000002
10542,1.6370961717570187,-6.454402106800205,-0.0087975
10552,1.6370961717570187,-6.454402106800205,-0.0087975
10562,1.6370961717570187,-5.840220743023424,-0.014662500000000002
10572,1.6370961717570187,-5.840220743023424,-0.014662500000000002
10583,1.6370961717570187,-5.840220743023424,-0.0205275
10593,1.6370961717570187,-5.226039379246594,-0.014662500000000002
10602,1.6370961717570187,-5.226039379246594,-0.014662500000000002
10612,1.6370961717570187,-5.226039379246594,-0.014662500000000002
10622,1.6370961717570187,-4.611858015469812,-0.014662500000000002
10633,1.6370961717570187,-4.611858015469812,-0.026392500000000003
10643,1.6421961598310282,-3.997676651692983,-0.0322575
10653,1.6370961717570187,-3.997676651692983,-0.043987500000000006
10663,1.6370961717570187,-4.611858015469812,-0.061582500000000005
10673,1.6370961717570187,-3.997676651692983,-0.06744750000000001
10683,1.6370961717570187,-3.3834952879162015,-0.07917750000000001
10693,1.6421961598310282,-3.3834952879162015,-0.08504250000000001
10703,1.6370961717570187,-3.3834952879162015,-0.1026375
10714,1.6370961717570187,-2.769313924139372,-0.1026375
10724,1.6370961717570187,-3.3834952879162015,-0.1260975
10734,1.6370961717570187,-2.769313924139372,-0.1319625
10744,1.6370961717570187,-2.769313924139372,-0.13782750000000002
10754,1.6370961717570187,-2.769313924139372,-0.15542250000000002
10764,1.6370961717570187,-2.769313924139372,-0.1671525
10774,1.6370961717570187,-2.15513256036259,-0.1671525
10784,1.6370961717570187,-2.15513256036259,-0.1847475
10795,1.6370961717570187,-1.540951196585761,-0.19061250000000002
10805,1.6370961717570187,-2.15513256036259,-0.20820750000000002
10815,1.6421961598310282,-2.15513256036259,-0.21407250000000003
10824,1.6370961717570187,-1.540951196585761,-0.22580250000000002
10834,1.6370961717570187,-1.540951196585761,-0.23166750000000003
10845,1.6370961717570187,-1.540951196585761,-0.24339750000000002
10855,1.6370961717570187,-1.540951196585761,-0.2551275
10865,1.6319961836830095,-2.769313924139372,-0.27272250000000003
10875,1.6370961717570187,-1.540951196585761,-0.27858750000000004
10886,1.6421961598310282,-2.15513256036259,-0.2903175
10895,1.6319961836830095,-2.769313924139372,-0.30791250000000003
10905,1.6370961717570187,-1.540951196585761,-0.30791250000000003
10915,1.6421961598310282,-0.9267698328089794,-0.31377750000000004
10926,1.6370961717570187,-2.15513256036259,-0.3255075
10936,1.6370961717570187,-1.540951196585761,-0.3313725
10946,1.6370961717570187,-1.540951196585761,-0.34310250000000003
10956,1.6319961836830095,-2.769313924139372,-0.3665625
10967,1.6370961717570187,-1.540951196585761,-0.3606975
10976,1.6370961717570187,-2.15513256036259,-0.3665625
10986,1.6370961717570187,-1.540951196585761,-0.3724275
10996,1.6370961717570187,-2.15513256036259,-0.38415750000000004
11006,1.6370961717570187,-1.540951196585761,-0.3958875
11017,1.6370961717570187,-0.9267698328089794,-0.39002250000000005
11027,1.6370961717570187,-2.15513256036259,-0.4076175
11037,1.6370961717570187,-1.540951196585761,-0.41348250000000003
11046,1.6370961717570187,-1.540951196585761,-0.42521250000000005
11057,1.6370961717570187,-2.15513256036259,-0.43107750000000006
11067,1.6370961717570187,-2.15513256036259,-0.4369425
11077,1.6370961717570187,-1.540951196585761,-0.44867250000000003
11087,1.6370961717570187,-1.540951196585761,-0.45453750000000004
11098,1.6370961717570187,0.9157742585214133,-0.4369425
11107,1.6370961717570187,-1.540951196585761,-0.46626750000000006
11117,1.6370961717570187,-0.9267698328089794,-0.4721325
11127,1.6370961717570187,-0.9267698328089794,-0.4779975
11138,1.6370961717570187,-1.540951196585761,-0.48386250000000003
11148,1.6370961717570187,-0.9267698328089794,-0.48972750000000004
11158,1.6370961717570187,-1.540951196585761,-0.49559250000000005
11168,1.6370961717570187,-1.540951196585761,-0.5073225
11177,1.6370961717570187,-0.9267698328089794,-0.5073225
11188,1.6370961717570187,-0.9267698328089794,-0.5131875
11198,1.6370961717570187,-1.540951196585761,-0.5249175
11208,1.6370961717570187,-1.540951196585761,-0.5190525
11218,1.6370961717570187,-0.9267698328089794,-0.5307825
11229,1.6421961598310282,-1.540951196585761,-0.5307825
11239,1.6370961717570187,-2.15513256036259,-0.5425125000000001
11248,1.6370961717570187,-1.540951196585761,-0.5425125000000001
11258,1.6370961717570187,-1.540951196585761,-0.5425125000000001
11269,1.6370961717570187,-0.9267698328089794,-0.5425125000000001
11279,1.6370961717570187,-1.540951196585761,-0.5483775000000001
11289,1.6370961717570187,-1.540951196585761,-0.5601075000000001
11299,1.6370961717570187,-0.9267698328089794,-0.5542425000000001
11310,1.6370961717570187,-0.9267698328089794,-0.5601075000000001
11319,1.6370961717570187,-1.540951196585761,-0.5601075000000001
11329,1.6370961717570187,-2.15513256036259,-0.5659725
11339,1.6319961836830095,-1.540951196585761,-0.5542425000000001
11350,1.6319961836830095,-2.15513256036259,-0.5601075000000001
11360,1.6370961717570187,-3.3834952879162015,-0.5601075000000001
11370,1.6370961717570187,-5.226039379246594,-0.5659725
11379,1.6319961836830095,-7.682764834353816,-0.5659725
11389,1.6319961836830095,-9.525308925684255,-0.5659725
11400,1.6319961836830095,-11.982034380791479,-0.5659725
11410,1.626896195609,-13.824578472121871,-0.5659725
11420,1.6217962075349905,-16.281303927229093,-0.5659725
11430,1.6166962194609813,-18.738029382336315,-0.5659725
11441,1.6064962433129624,-21.194754837443536,-0.5718375
11450,1.6064962433129624,-24.26566165632754,-0.5659725
11460,1.601396255238953,-26.10820574765798,-0.5659725
11470,1.5860962910169247,-27.950749838988372,-0.5659725
11481,1.5809963029429153,-31.021656657872423,-0.5718375
11491,1.575896314868906,-32.250019385425986,-0.5718375
11501,1.565696338720887,-35.93510756808682,-0.5718375
11511,1.5554963625728684,-36.54928893186365,-0.5601075000000001
11522,1.54019639835084,-39.00601438697087,-0.5542425000000001
11531,1.5452963864248495,-41.46273984207809,-0.5542425000000001
11541,1.5299964222028213,-43.91946529718532,-0.5542425000000001
11551,1.514696457980793,-46.37619075229254,-0.5542425000000001
11561,1.5095964699067836,-48.83291620739971,-0.5542425000000001
11572,1.4942965056847555,-50.67546029873015,-0.5425125000000001
11582,1.4840965295367365,-53.132185753837376,-0.5483775000000001
11592,1.4687965653147084,-53.746367117614156,-0.5307825
11601,1.4585965891666897,-57.43145530027499,-0.5425125000000001
11612,1.448396613018671,-58.6598180278286,-0.5483775000000001
11622,1.438196636870652,-60.50236211915904,-0.5425125000000001
11632,1.4228966726486239,-61.73072484671265,-0.5366475
11642,1.4075967084265957,-63.57326893804304,-0.5307825
11653,1.397396732278577,-64.80163166559666,-0.5249175
11662,1.3820967680565486,-66.02999439315026,-0.5249175
11672,1.3667968038345204,-67.25835712070388,-0.5249175
11682,1.3463968515384828,-68.4867198482575,-0.5073225
11693,1.336196875390464,-70.94344530336471,-0.5249175
11703,1.3208969111684357,-71.55762666714149,-0.5073225
11713,1.3055969469464075,-73.40017075847193,-0.5131875
11723,1.28519699465037,-74.01435212224871,-0.5014575
11734,1.2698970304283417,-75.85689621357915,-0.48972750000000004
11743,1.2545970662063135,-77.08525894113276,-0.48972750000000004
11753,1.2392971019842853,-77.69944030490954,-0.48386250000000003
11763,1.2188971496882475,-78.92780303246316,-0.4779975
11773,1.2035971854662195,-80.15616576001676,-0.4779975
11784,1.1882972212441913,-80.77034712379356,-0.46626750000000006
11794,1.1678972689481535,-81.38452848757038,-0.46040250000000005
11804,1.1525973047261253,-82.612891215124,-0.46040250000000005
11814,1.1372973405040971,-83.22707257890077,-0.44867250000000003
11824,1.1168973882080597,-83.22707257890077,-0.44867250000000003
11834,1.1015974239860313,-83.22707257890077,-0.4369425
11844,1.0862974597640032,-84.45543530645438,-0.43107750000000006
11854,1.0658975074679655,-83.8412539426776,-0.41934750000000004
11865,1.0505975432459373,-84.45543530645438,-0.41934750000000004
11875,1.0301975909498997,-83.8412539426776,-0.4076175
11885,1.0148976267278715,-83.8412539426776,-0.3958875
11894,0.9995976625058431,-84.45543530645438,-0.3958875
11905,0.9791977102098056,-84.45543530645438,-0.38415750000000004
11915,0.9638977459877774,-84.45543530645438,-0.3724275
11925,0.9434977936917398,-84.45543530645438,-0.3665625
11935,0.9281978294697116,-83.8412539426776,-0.3606975
11945,0.9128978652476835,-84.45543530645438,-0.3606975
11956,0.8924979129516457,-82.612891215124,-0.3372375
11965,0.8771979487296175,-82.612891215124,-0.3372375
11975,0.8669979725815987,-81.99870985134716,-0.3313725
11985,0.8465980202855612,-81.99870985134716,-0.3196425
11996,0.8261980679895234,-80.77034712379356,-0.30791250000000003
12006,0.8159980918415047,-80.15616576001676,-0.3020475
12016,0.7955981395454671,-78.31362166868638,-0.2903175
12026,0.7802981753234389,-77.69944030490954,-0.2844525
12037,0.77009819917542,-76.47107757735593,-0.27272250000000003
12046,0.7496982468793825,-75.24271484980233,-0.2609925
12056,0.7394982707313636,-74.01435212224871,-0.2551275
12066,0.719098318435326,-72.17180803091831,-0.24926250000000003
12077,0.7088983422873072,-70.94344530336471,-0.23166750000000003
12087,0.6986983661392885,-69.7150825758111,-0.22580250000000002
12097,0.6833984019172602,-68.4867198482575,-0.2199375
12106,0.6731984257692414,-66.64417575692704,-0.20820750000000002
12116,0.6629984496212226,-65.41581302937344,-0.20820750000000002
12127,0.6476984853991944,-62.95908757426621,-0.19061250000000002
12137,0.6374985092511755,-61.73072484671265,-0.1788825
12147,0.6272985331031568,-58.04563666405182,-0.1612875
12157,0.6170985569551379,-58.04563666405182,-0.15542250000000002
12168,0.6068985808071191,-54.974729845167765,-0.1436925
12177,0.5966986046591003,-52.51800439006055,-0.1260975
12187,0.5915986165850909,-50.06127893495332,-0.11436750000000001
12197,0.5813986404370721,-48.21873484362293,-0.1085025
12208,0.5762986523630627,-46.37619075229254,-0.09677250000000001
12218,0.566098676215044,-43.91946529718532,-0.08504250000000001
12228,0.5609986881410345,-42.07692120585487,-0.07917750000000001
12238,0.555898700067025,-39.00601438697087,-0.061582500000000005
12248,0.5507987119930157,-35.93510756808682,-0.0557175
12258,0.5456987239190063,-34.092563476756425,-0.0498525
12268,0.5405987358449968,-30.407475294095594,-0.043987500000000006
12278,0.5354987477709875,-27.336568475211592,-0.038122500000000004
12289,0.5303987596969781,-26.722387111434763,-0.0322575
12299,0.5252987716229687,-24.26566165632754,-0.026392500000000003
12309,0.5303987596969781,-22.42311756499715,-0.026392500000000003
12319,0.5252987716229687,-19.966392109889924,-0.026392500000000003
12328,0.5201987835489592,-18.123848018559485,-0.0322575
12339,0.5150987954749499,-16.895485291005873,-0.0322575
12349,0.5201987835489592,-14.4387598358987,-0.0322575
12359,0.5150987954749499,-12.59621574456826,-0.026392500000000003
12369,0.5150987954749499,-11.36785301701465,-0.0322575
12380,0.5150987954749499,-10.139490289461039,-0.026392500000000003
12390,0.5150987954749499,-8.296946198130644,-0.0205275
12399,0.5150987954749499,-7.682764834353816,-0.0205275
12409,0.5099988074009405,-7.0685834705770345,-0.0205275
12420,0.5150987954749499,-5.840220743023424,-0.014662500000000002
12430,0.5201987835489592,-5.226039379246594,-0.014662500000000002
12440,0.5201987835489592,-4.611858015469812,-0.014662500000000002
12450,0.5201987835489592,-3.997676651692983,-0.0029325
12460,0.5201987835489592,-3.997676651692983,0.0087975
12470,0.5150987954749499,-3.3834952879162015,0.038122500000000004
12480,0.5150987954749499,-2.769313924139372,0.061582500000000005
12490,0.5201987835489592,-2.769313924139372,0.08504250000000001
12500,0.5201987835489592,-2.769313924139372,0.11436750000000001
12511,0.5150987954749499,-2.769313924139372,0.13782750000000002
12521,0.5201987835489592,-2.15513256036259,0.1671525
12531,0.5201987835489592,-2.15513256036259,0.19647750000000003
12540,0.5201987835489592,-2.15513256036259,0.22580250000000002
12551,0.5201987835489592,-2.15513256036259,0.2551275
12561,0.5201987835489592,-2.15513256036259,0.2844525
12571,0.5150987954749499,-1.540951196585761,0.3196425
12581,0.5201987835489592,-1.540951196585761,0.34896750000000004
12592,0.5201987835489592,-1.540951196585761,0.37829250000000003
12602,0.5201987835489592,-1.540951196585761,0.4076175
12611,0.5201987835489592,-1.540951196585761,0.4369425
12621,0.5201987835489592,-2.15513256036259,0.4721325
12632,0.5201987835489592,-1.540951196585761,0.5014575
12642,0.5201987835489592,-1.540951196585761,0.5366475
12652,0.5201987835489592,-1.540951196585761,0.5601075000000001
12662,0.5201987835489592,-2.15513256036259,0.5894325
12673,0.5201987835489592,-1.540951196585761,0.6187575000000001
12682,0.5201987835489592,-0.9267698328089794,0.6539475
12692,0.5201987835489592,-0.3125884690321501,0.6832725000000001
12702,0.5150987954749499,-1.540951196585761,0.7008675000000001
12712,0.5150987954749499,-2.15513256036259,0.7301925
12723,0.5150987954749499,-0.9267698328089794,0.7712475000000001
12733,0.5201987835489592,-0.9267698328089794,0.8005725
12743,0.5150987954749499,-1.540951196585761,0.8298975000000001
12752,0.5150987954749499,-2.15513256036259,0.8533575000000001
12763,0.5201987835489592,-1.540951196585761,0.8826825
12773,0.5201987835489592,-1.540951196585761,0.9178725000000001
12783,0.5201987835489592,-0.9267698328089794,0.9354675000000001
12793,0.5201987835489592,-0.3125884690321501,0.9647925
12804,0.5201987835489592,-0.9267698328089794,0.9941175000000001
12814,0.5201987835489592,-0.9267698328089794,1.0175775
12824,0.5201987835489592,-0.3125884690321501,1.0469025
12833,0.5201987835489592,-0.9267698328089794,1.0703625
12844,0.5150987954749499,-1.540951196585761,1.0879575000000001
12854,0.5201987835489592,-0.9267698328089794,1.1290125
12864,0.5150987954749499,-0.3125884690321501,1.1466075
12874,0.5201987835489592,-0.3125884690321501,1.1817975
12884,0.5150987954749499,0.3015928947446316,1.2052575
12895,0.5099988074009405,-0.3125884690321501,1.2228525000000001
12904,0.5201987835489592,0.9157742585214133,1.2580425000000002
12914,0.5201987835489592,1.5299556222982424,1.2815025
12924,0.5201987835489592,2.1441369860750243,1.2990975
12935,0.5150987954749499,2.1441369860750243,1.3225575
12945,0.5150987954749499,2.1441369860750243,1.3518825
12955,0.5150987954749499,2.1441369860750243,1.3694775000000001
12965,0.5201987835489592,2.1441369860750243,1.3929375000000002
12976,0.5150987954749499,1.5299556222982424,1.4163975000000002
12985,0.5150987954749499,2.1441369860750243,1.4398575
12995,0.5150987954749499,2.1441369860750243,1.4574525
13005,0.5150987954749499,1.5299556222982424,1.4750475
13016,0.5150987954749499,1.5299556222982424,1.4985075
13026,0.5150987954749499,-0.3125884690321501,1.5043725000000001
13036,0.5099988074009405,2.7583183498518533,1.5512925000000002
13046,0.5099988074009405,1.5299556222982424,1.5630225000000002
13056,0.5150987954749499,0.9157742585214133,1.5806175
13066,0.5099988074009405,-0.3125884690321501,1.5923475
13076,0.5150987954749499,0.9157742585214133,1.6216725
13086,0.5150987954749499,0.3015928947446316,1.6334025
13096,0.5150987954749499,0.3015928947446316,1.6451325
13107,0.5150987954749499,0.3015928947446316,1.6627275000000001
13117,0.5150987954749499,-0.9267698328089794,1.6803225000000002
13127,0.5150987954749499,0.9157742585214133,1.7096475000000002
13136,0.5150987954749499,-0.3125884690321501,1.7213775000000002
13147,0.5150987954749499,-0.3125884690321501,1.7331075
13157,0.5150987954749499,0.3015928947446316,1.7448375
13167,0.5150987954749499,-0.3125884690321501,1.7565675
13177,0.5150987954749499,-0.3125884690321501,1.7741625
13188,0.5201987835489592,-1.540951196585761,1.7741625
13198,0.5201987835489592,-0.9267698328089794,1.7976225000000001
13207,0.5150987954749499,-0.3125884690321501,1.8210825000000002
13217,0.5150987954749499,-1.540951196585761,1.8210825000000002
13228,0.5099988074009405,0.9157742585214133,1.8504075000000002
13238,0.5150987954749499,-1.540951196585761,1.8445425000000002
13248,0.5201987835489592,-0.9267698328089794,1.8562725000000002
13258,0.5201987835489592,-0.3125884690321501,1.8738675000000002
13267,0.5150987954749499,-1.540951196585761,1.8680025000000002
13278,0.5150987954749499,-0.3125884690321501,1.8914625
13288,0.5150987954749499,-0.9267698328089794,1.8973275
13298,0.5201987835489592,-0.9267698328089794,1.9031925
13308,0.5099988074009405,-0.3125884690321501,1.9149225
13319,0.5150987954749499,-0.3125884690321501,1.9266525
13329,0.5150987954749499,-0.9267698328089794,1.9266525
13338,0.5099988074009405,0.9157742585214133,1.9559775000000001
13348,0.5150987954749499,-0.9267698328089794,1.9442475000000001
13359,0.5201987835489592,-0.3125884690321501,1.9501125000000001
13369,0.5201987835489592,-0.9267698328089794,1.9559775000000001
13379,0.5201987835489592,-0.9267698328089794,1.9618425000000002
13389,0.5150987954749499,-0.9267698328089794,1.9677075000000002
13400,0.5201987835489592,-0.3125884690321501,1.9677075000000002
13409,0.5150987954749499,-0.3125884690321501,1.9677075000000002
13419,0.5150987954749499,-0.3125884690321501,1.9735725000000002
13429,0.5150987954749499,-0.3125884690321501,1.9735725000000002
13440,0.5201987835489592,-0.9267698328089794,1.9735725000000002
13450,0.5201987835489592,-0.9267698328089794,1.9735725000000002
13460,0.5201987835489592,-0.9267698328089794,1.9735725000000002
13469,0.5201987835489592,0.3015928947446316,1.9735725000000002
13479,0.5201987835489592,-0.3125884690321501,1.9735725000000002
13490,0.5201987835489592,-1.540951196585761,1.9735725000000002
13500,0.5201987835489592,-0.9267698328089794,1.9735725000000002
13510,0.5201987835489592,-0.3125884690321501,1.9735725000000002
13520,0.5201987835489592,-0.9267698328089794,1.9735725000000002
13531,0.5201987835489592,-0.3125884690321501,1.9677075000000002
13541,0.5201987835489592,-0.9267698328089794,1.9618425000000002
13550,0.5150987954749499,-1.540951196585761,1.9618425000000002
13560,0.5201987835489592,-0.3125884690321501,1.9618425000000002
13571,0.5150987954749499,-0.3125884690321501,1.9559775000000001
13581,0.5201987835489592,-0.3125884690321501,1.9501125000000001
13591,0.5201987835489592,-0.3125884690321501,1.9501125000000001
13601,0.5252987716229687,-0.9267698328089794,1.9325175
13612,0.5201987835489592,-0.9267698328089794,1.9325175
13622,0.5201987835489592,-0.9267698328089794,1.9266525
13631,0.5150987954749499,-1.540951196585761,1.9090575
13641,0.5201987835489592,-0.3125884690321501,1.9149225
13651,0.5150987954749499,-0.3125884690321501,1.8973275
13662,0.5201987835489592,-0.3125884690321501,1.8914625
13672,0.5201987835489592,-0.3125884690321501,1.8797325
13682,0.5201987835489592,-0.3125884690321501,1.8738675000000002
13691,0.5201987835489592,-0.3125884690321501,1.8562725000000002
13702,0.5201987835489592,-0.3125884690321501,1.8504075000000002
13712,0.5201987835489592,-0.9267698328089794,1.8328125000000002
13722,0.5201987835489592,-0.9267698328089794,1.8269475000000002
13732,0.5201987835489592,-0.9267698328089794,1.8152175000000002
13743,0.5150987954749499,-1.540951196585761,1.7917575000000001
13752,0.5201987835489592,-0.3125884690321501,1.7917575000000001
13762,0.5201987835489592,-0.9267698328089794,1.7858925
13772,0.5201987835489592,-0.3125884690321501,1.7624325
13783,0.5150987954749499,-1.540951196585761,1.7448375
13793,0.5150987954749499,-1.540951196585761,1.7331075
13803,0.5201987835489592,-1.540951196585761,1.7155125000000002
13813,0.5150987954749499,-1.540951196585761,1.6979175000000002
13824,0.5201987835489592,-1.540951196585761,1.6803225000000002
13833,0.5201987835489592,-0.9267698328089794,1.6627275000000001
13843,0.5201987835489592,-0.9267698328089794,1.6509975000000001
13853,0.5201987835489592,-0.9267698328089794,1.6275375
13863,0.5201987835489592,-0.9267698328089794,1.6158075
13874,0.5201987835489592,-0.9267698328089794,1.5923475
13884,0.5201987835489592,-0.9267698328089794,1.5747525000000002
13894,0.5201987835489592,-0.9267698328089794,1.5571575000000002
13903,0.5201987835489592,-0.3125884690321501,1.5395625000000002
13914,0.5201987835489592,-0.3125884690321501,1.5219675000000001
13924,0.5201987835489592,-0.9267698328089794,1.4985075
13934,0.5201987835489592,-0.3125884690321501,1.4809125
13944,0.5150987954749499,-0.9267698328089794,1.4515875
13955,0.5150987954749499,-0.9267698328089794,1.4398575
13965,0.5150987954749499,-0.3125884690321501,1.4163975000000002
13974,0.5150987954749499,-0.3125884690321501,1.3988025000000002
13984,0.5150987954749499,-0.3125884690321501,1.3753425000000001
13995,0.5150987954749499,-0.9267698328089794,1.3460175
14005,0.5150987954749499,-0.9267698328089794,1.3284225
14015,0.5150987954749499,-0.9267698328089794,1.2990975
14025,0.5150987954749499,-1.540951196585761,1.2697725000000002
14035,0.5150987954749499,-0.3125884690321501,1.2521775000000002
14046,0.5150987954749499,-0.3125884690321501,1.2287175000000001
14055,0.5150987954749499,-0.3125884690321501,1.2052575
14065,0.5150987954749499,-0.3125884690321501,1.1817975
14075,0.5150987954749499,-0.9267698328089794,1.1466075
14086,0.5150987954749499,-0.9267698328089794,1.1290125
14096,0.5150987954749499,-0.9267698328089794,1.1055525000000002
14106,0.5150987954749499,-0.9267698328089794,1.0762275000000001
14116,0.5150987954749499,-0.3125884690321501,1.0586325
14127,0.5150987954749499,-0.9267698328089794,1.0234425
14137,0.5150987954749499,-0.9267698328089794,0.9941175000000001
14146,0.5150987954749499,0.3015928947446316,0.9706575000000001
14156,0.5150987954749499,-0.9267698328089794,0.9413325
14167,0.5201987835489592,-0.9267698328089794,0.9120075000000001
14177,0.5150987954749499,-0.3125884690321501,0.8885475
14187,0.5201987835489592,-0.9267698328089794,0.8592225000000001
14197,0.5150987954749499,-0.9267698328089794,0.8298975000000001
14208,0.5150987954749499,-0.9267698328089794,0.8005725
14217,0.5150987954749499,-0.9267698328089794,0.7712475000000001
14227,0.5150987954749499,-0.9267698328089794,0.7477875
14237,0.5150987954749499,-0.9267698328089794,0.7125975000000001
14247,0.5150987954749499,-0.9267698328089794,0.6832725000000001
14258,0.5150987954749499,-1.540951196585761,0.6539475
14268,0.5150987954749499,-0.9267698328089794,0.6246225000000001
14277,0.5150987954749499,-1.540951196585761,0.5894325
14287,0.5150987954749499,-1.540951196585761,0.5601075000000001
14298,0.5150987954749499,-2.15513256036259,0.5190525
14308,0.5150987954749499,-1.540951196585761,0.49559250000000005
14318,0.5099988074009405,-1.540951196585761,0.46040250000000005
14328,0.5150987954749499,-0.9267698328089794,0.4369425
14340,0.5201987835489592,-0.3125884690321501,0.4017525
14348,0.5201987835489592,-0.3125884690321501,0.38415750000000004
14358,0.5150987954749499,-0.9267698328089794,0.34896750000000004
14368,0.5150987954749499,-0.9267698328089794,0.3196425
14379,0.5150987954749499,-0.9267698328089794,0.2844525
14389,0.5099988074009405,-2.769313924139372,0.24339750000000002
14399,0.5150987954749499,-1.540951196585761,0.2199375
14409,0.5150987954749499,-1.540951196585761,0.19647750000000003
14418,0.5150987954749499,-1.540951196585761,0.1612875
14429,0.5150987954749499,-1.540951196585761,0.1319625
14439,0.5150987954749499,-0.9267698328089794,0.09677250000000001
14449,0.5099988074009405,-1.540951196585761,0.06744750000000001
14459,0.5150987954749499,-1.540951196585761,0.0498525
14470,0.5150987954749499,-0.9267698328089794,0.026392500000000003
14479,0.5150987954749499,-0.9267698328089794,0.0205275
14489,0.5150987954749499,-1.540951196585761,0.0087975
14499,0.5150987954749499,-1.540951196585761,-0.0029325
14510,0.5150987954749499,-0.9267698328089794,-0.0029325
14520,0.5150987954749499,-1.540951196585761,-0.0029325
14530,0.5099988074009405,-1.540951196585761,-0.014662500000000002
14540,0.5150987954749499,-1.540951196585761,-0.0087975
14550,0.5150987954749499,-2.15513256036259,-0.0205275
14560,0.5150987954749499,-1.540951196585761,-0.014662500000000002
14570,0.5150987954749499,-1.540951196585761,-0.0087975
14580,0.5150987954749499,-1.540951196585761,-0.0087975
14590,0.5150987954749499,-1.540951196585761,-0.014662500000000002
14601,0.5150987954749499,-1.540951196585761,-0.0087975
14611,0.5201987835489592,-1.540951196585761,-0.014662500000000002
14621,0.5150987954749499,-1.540951196585761,-0.014662500000000002
14630,0.5150987954749499,-1.540951196585761,-0.0087975
14641,0.5150987954749499,-1.540951196585761,-0.014662500000000002
14651,0.5150987954749499,-0.9267698328089794,-0.014662500000000002
14661,0.5150987954749499,-1.540951196585761,-0.0205275
14671,0.5150987954749499,-2.15513256036259,-0.0322575
14682,0.5201987835489592,-1.540951196585761,-0.038122500000000004
14692,0.5150987954749499,-2.15513256036259,-0.0557175
14701,0.5201987835489592,-1.540951196585761,-0.0557175
14711,0.5150987954749499,-2.15513256036259,-0.0733125
14722,0.5201987835489592,-1.540951196585761,-0.0733125
14732,0.5201987835489592,-1.540951196585761,-0.0909075
14742,0.5150987954749499,-1.540951196585761,-0.09677250000000001
14752,0.5201987835489592,-0.9267698328089794,-0.1085025
14763,0.5150987954749499,-1.540951196585761,-0.1202325
14772,0.5150987954749499,-0.3125884690321501,-0.1202325
14782,0.5150987954749499,-1.540951196585761,-0.1495575
14792,0.5150987954749499,-0.9267698328089794,-0.1495575
14802,0.5150987954749499,-1.540951196585761,-0.1671525
14813,0.5201987835489592,-1.540951196585761,-0.1788825
14823,0.5150987954749499,-0.9267698328089794,-0.1847475
14833,0.5150987954749499,-0.9267698328089794,-0.19647750000000003
14842,0.5150987954749499,-1.540951196585761,-0.21407250000000003
14853,0.5150987954749499,-0.9267698328089794,-0.21407250000000003
14863,0.5201987835489592,-0.3125884690321501,-0.2199375
14873,0.5150987954749499,-1.540951196585761,-0.24339750000000002
14883,0.5150987954749499,-1.540951196585761,-0.24339750000000002
14894,0.5150987954749499,-1.540951196585761,-0.2551275
14903,0.5150987954749499,-0.9267698328089794,-0.2668575
14913,0.5150987954749499,-0.9267698328089794,-0.27272250000000003
14923,0.5150987954749499,-0.9267698328089794,-0.2844525
14934,0.5150987954749499,-1.540951196585761,-0.2961825
14944,0.5099988074009405,-1.540951196585761,-0.3020475
14954,0.5150987954749499,-1.540951196585761,-0.31377750000000004
14964,0.5150987954749499,-2.15513256036259,-0.3255075
14973,0.5099988074009405,-3.3834952879162015,-0.3372375
14984,0.5150987954749499,-2.769313924139372,-0.34310250000000003
14994,0.5150987954749499,-3.997676651692983,-0.35483250000000005
15004,0.5150987954749499,-3.997676651692983,-0.3606975
15014,0.5150987954749499,-4.611858015469812,-0.3665625
15025,0.5150987954749499,-5.226039379246594,-0.37829250000000003
15035,0.5150987954749499,-5.226039379246594,-0.39002250000000005
15045,0.5150987954749499,-3.997676651692983,-0.3958875
15054,0.5150987954749499,-3.997676651692983,-0.4076175
15065,0.5150987954749499,-3.997676651692983,-0.4076175
15075,0.5099988074009405,-3.997676651692983,-0.41934750000000004
15085,0.5099988074009405,-3.3834952879162015,-0.42521250000000005
15095,0.5099988074009405,-2.769313924139372,-0.42521250000000005
15106,0.5150987954749499,-3.3834952879162015,-0.4428075
15116,0.5150987954749499,-2.769313924139372,-0.44867250000000003
15126,0.5150987954749499,-2.769313924139372,-0.45453750000000004
15135,0.5099988074009405,-3.3834952879162015,-0.46626750000000006
15145,0.5150987954749499,-2.15513256036259,-0.46626750000000006
15156,0.5150987954749499,-2.15513256036259,-0.4721325
15166,0.5150987954749499,-2.15513256036259,-0.4779975
15176,0.5150987954749499,-2.15513256036259,-0.48972750000000004
15186,0.5150987954749499,-2.15513256036259,-0.48972750000000004
15197,0.5150987954749499,-2.769313924139372,-0.5014575
15206,0.5099988074009405,-2.769313924139372,-0.5131875
15216,0.5099988074009405,-2.769313924139372,-0.5190525
15226,0.5099988074009405,-1.540951196585761,-0.5131875
15237,0.5099988074009405,-1.540951196585761,-0.5131875
15247,0.5099988074009405,-1.540951196585761,-0.5249175
15257,0.5150987954749499,-1.540951196585761,-0.5307825
15266,0.5099988074009405,-2.15513256036259,-0.5307825
15277,0.5150987954749499,-1.540951196585761,-0.5307825
15287,0.5099988074009405,-1.540951196585761,-0.5366475
15297,0.5150987954749499,-2.15513256036259,-0.5425125000000001
15307,0.5099988074009405,0.9157742585214133,-0.5249175
15318,0.5150987954749499,-1.540951196585761,-0.5425125000000001
15328,0.5150987954749499,-1.540951196585761,-0.5542425000000001
15337,0.5150987954749499,-1.540951196585761,-0.5601075000000001
15347,0.5201987835489592,-1.540951196585761,-0.5601075000000001
15357,0.5150987954749499,-2.15513256036259,-0.5601075000000001
15368,0.5150987954749499,-2.15513256036259,-0.5718375
15378,0.5150987954749499,-1.540951196585761,-0.5659725
15388,0.5150987954749499,-1.540951196585761,-0.5659725
15397,0.5150987954749499,-1.540951196585761,-0.5659725
15408,0.5150987954749499,-1.540951196585761,-0.5718375
15418,0.5099988074009405,-2.15513256036259,-0.5777025
