time,angle,velocity,current
301,0.7394982707313636,-1.540951196585761,-0.014662500000000002
313,0.744598258805373,-0.9267698328089794,-0.014662500000000002
323,0.7496982468793825,-2.15513256036259,-0.0087975
333,0.7394982707313636,-5.226039379246594,0.2961825
344,0.744598258805373,-5.226039379246594,0.6715425
354,0.7496982468793825,-2.15513256036259,0.9471975
363,0.7496982468793825,-2.769313924139372,1.1466075
373,0.744598258805373,1.5299556222982424,1.2990975
384,0.7496982468793825,5.215043804959075,1.4046675000000002
394,0.7496982468793825,8.285950623843078,1.4867775
404,0.7496982468793825,10.128494715173519,1.5395625000000002
414,0.7496982468793825,12.585220170280742,1.5806175
424,0.7496982468793825,14.427764261611134,1.6158075
434,0.744598258805373,15.656126989164745,1.6334025
444,0.7496982468793825,16.270308352941527,1.6509975000000001
454,0.7547982349533918,16.884489716718356,1.6627275000000001
464,0.7598982230274013,18.72703380804875,1.6803225000000002
475,0.7649982111014106,17.498671080495136,1.6744575000000002
485,0.7598982230274013,19.341215171825578,1.6920525000000002
495,0.77009819917542,18.112852444271965,1.6861875000000002
504,0.7751981872494295,19.341215171825578,1.6861875000000002
515,0.7751981872494295,19.95539653560236,1.6861875000000002
525,0.7802981753234389,22.412121990709583,1.7037825000000002
535,0.7904981514714576,23.640484718263192,1.7037825000000002
545,0.7853981633974483,22.412121990709583,1.6861875000000002
556,0.7955981395454671,23.640484718263192,1.6861875000000002
566,0.7955981395454671,26.097210173370414,1.6979175000000002
575,0.8006981276194765,26.097210173370414,1.7037825000000002
585,0.8159980918415047,25.483028809593634,1.6920525000000002
595,0.8210980799155141,25.483028809593634,1.6920525000000002
606,0.8261980679895234,27.939754264700856,1.7213775000000002
616,0.8312980560635329,25.483028809593634,1.6979175000000002
626,0.8414980322115516,24.868847445816805,1.6979175000000002
636,0.8414980322115516,24.868847445816805,1.6920525000000002
647,0.8465980202855612,25.483028809593634,1.7037825000000002
656,0.8516980083595705,24.868847445816805,1.6920525000000002
666,0.8618979845075894,24.868847445816805,1.6920525000000002
676,0.8669979725815987,24.868847445816805,1.6861875000000002
687,0.8669979725815987,26.711391537147243,1.6979175000000002
697,0.8720979606556082,26.097210173370414,1.6861875000000002
707,0.8822979368036269,27.325572900924026,1.6920525000000002
717,0.8873979248776364,27.325572900924026,1.6920525000000002
727,0.8873979248776364,28.553935628477635,1.6979175000000002
737,0.9026978890996646,27.939754264700856,1.6920525000000002
747,0.9026978890996646,27.325572900924026,1.6920525000000002
757,0.9128978652476835,27.939754264700856,1.6979175000000002
768,0.9179978533216928,27.325572900924026,1.6979175000000002
778,0.9230978413957022,27.939754264700856,1.6979175000000002
788,0.9281978294697116,29.168116992254465,1.7096475000000002
797,0.933297817543721,27.939754264700856,1.7037825000000002
807,0.9434977936917398,27.939754264700856,1.6979175000000002
818,0.9434977936917398,27.939754264700856,1.6979175000000002
828,0.9485977817657492,27.325572900924026,1.6979175000000002
838,0.9485977817657492,29.168116992254465,1.7155125000000002
848,0.9587977579137681,26.097210173370414,1.6979175000000002
859,0.9587977579137681,24.868847445816805,1.6979175000000002
868,0.9740977221357963,26.711391537147243,1.6920525000000002
878,0.9740977221357963,25.483028809593634,1.6979175000000002
888,0.9740977221357963,26.097210173370414,1.6920525000000002
899,0.9893976863578244,25.483028809593634,1.6920525000000002
909,0.9893976863578244,26.097210173370414,1.6920525000000002
919,0.9995976625058431,26.711391537147243,1.6979175000000002
929,1.0046976505798526,26.711391537147243,1.6920525000000002
939,1.009797638653862,25.483028809593634,1.6861875000000002
949,1.0148976267278715,26.097210173370414,1.6920525000000002
959,1.019997614801881,26.097210173370414,1.6979175000000002
969,1.0250976028758902,25.483028809593634,1.6979175000000002
979,1.0250976028758902,27.325572900924026,1.7155125000000002
990,1.0352975790239092,23.640484718263192,1.6861875000000002
1000,1.0403975670979184,25.483028809593634,1.7096475000000002
1009,1.0454975551719279,24.868847445816805,1.7096475000000002
1019,1.0505975432459373,23.640484718263192,1.6920525000000002
1030,1.0556975313199466,24.25466608204002,1.7037825000000002
1040,1.0607975193939563,23.640484718263192,1.7037825000000002
1050,1.0658975074679655,23.640484718263192,1.6979175000000002
1060,1.070997495541975,23.640484718263192,1.7037825000000002
1070,1.0760974836159845,23.640484718263192,1.6979175000000002
1080,1.0811974716899937,23.026303354486412,1.6979175000000002
1090,1.0811974716899937,23.026303354486412,1.7096475000000002
1100,1.0862974597640032,21.7979406269328,1.6920525000000002
1111,1.0913974478380126,21.18375926315597,1.6979175000000002
1121,1.0964974359120219,19.95539653560236,1.6979175000000002
1131,1.0964974359120219,19.95539653560236,1.6979175000000002
1140,1.1015974239860313,19.341215171825578,1.6979175000000002
1150,1.11179740013405,20.569577899379187,1.7096475000000002
1161,1.11179740013405,18.112852444271965,1.6861875000000002
1171,1.1066974120600408,18.72703380804875,1.6861875000000002
1181,1.1168973882080597,18.72703380804875,1.6979175000000002
1191,1.121997376282069,18.72703380804875,1.6920525000000002
1202,1.1270973643560784,19.341215171825578,1.6979175000000002
1212,1.132197352430088,18.72703380804875,1.6979175000000002
1221,1.1372973405040971,18.72703380804875,1.7037825000000002
1231,1.1423973285781066,17.498671080495136,1.6979175000000002
1242,1.1423973285781066,17.498671080495136,1.6979175000000002
1252,1.147497316652116,16.270308352941527,1.6979175000000002
1262,1.147497316652116,15.656126989164745,1.7037825000000002
1272,1.1525973047261253,15.041945625387964,1.6979175000000002
1283,1.1525973047261253,13.813582897834353,1.6979175000000002
1292,1.1525973047261253,12.585220170280742,1.6979175000000002
1302,1.1576972928001348,11.35685744272713,1.6920525000000002
1312,1.1525973047261253,12.585220170280742,1.7037825000000002
1323,1.1576972928001348,11.35685744272713,1.6979175000000002
1333,1.1627972808741442,10.742676078950302,1.3049625
1343,1.1627972808741442,8.900131987619908,0.8944125
1353,1.1627972808741442,7.671769260066298,0.5835675
1363,1.1627972808741442,5.215043804959075,0.35483250000000005
1373,1.1627972808741442,2.7583183498518533,0.19061250000000002
1383,1.1627972808741442,-1.540951196585761,0.06744750000000001
1393,1.1627972808741442,-5.840220743023424,-0.0205275
1403,1.1627972808741442,-8.296946198130644,-0.07917750000000001
1414,1.1678972689481535,-10.753671653237866,-0.1319625
1424,1.1627972808741442,-11.982034380791479,-0.1612875
1434,1.1627972808741442,-11.36785301701465,-0.1671525
1443,1.1678972689481535,-15.052941199675482,-0.19647750000000003
1454,1.1627972808741442,-16.895485291005873,-0.21407250000000003
1464,1.1627972808741442,-18.738029382336315,-0.22580250000000002
1474,1.1525973047261253,-20.580573473666707,-0.23166750000000003
1484,1.1525973047261253,-22.42311756499715,-0.2375325
1495,1.147497316652116,-23.03729892877393,-0.24339750000000002
1505,1.1423973285781066,-24.26566165632754,-0.24339750000000002
1514,1.1372973405040971,-24.87984302010437,-0.24926250000000003
1524,1.132197352430088,-25.49402438388115,-0.24926250000000003
1534,1.121997376282069,-26.10820574765798,-0.24926250000000003
1545,1.121997376282069,-26.10820574765798,-0.24926250000000003
1555,1.11179740013405,-27.336568475211592,-0.2609925
1565,1.11179740013405,-27.336568475211592,-0.24926250000000003
1574,1.1015974239860313,-27.950749838988372,-0.24339750000000002
1585,1.0862974597640032,-28.5649312027652,-0.24339750000000002
1595,1.0913974478380126,-29.793293930318814,-0.24926250000000003
1605,1.0862974597640032,-30.407475294095594,-0.24926250000000003
1615,1.0760974836159845,-31.021656657872423,-0.2609925
1626,1.070997495541975,-31.021656657872423,-0.2551275
1636,1.0658975074679655,-31.021656657872423,-0.2551275
1646,1.0556975313199466,-31.021656657872423,-0.2551275
1655,1.0556975313199466,-31.021656657872423,-0.2551275
1666,1.0454975551719279,-31.635838021649207,-0.2551275
1676,1.0352975790239092,-31.635838021649207,-0.24926250000000003
1686,1.0352975790239092,-32.864200749202816,-0.24926250000000003
1696,1.0250976028758902,-34.092563476756425,-0.2668575
1707,1.019997614801881,-33.478382112979595,-0.2551275
1717,1.009797638653862,-34.092563476756425,-0.24926250000000003
1727,0.9995976625058431,-35.32092620431004,-0.2609925
1736,0.9944976744318338,-34.092563476756425,-0.2551275
1746,0.9893976863578244,-34.70674484053321,-0.2668575
1757,0.9842976982838151,-34.092563476756425,-0.2609925
1767,0.9791977102098056,-35.32092620431004,-0.2551275
1777,0.9740977221357963,-34.092563476756425,-0.2551275
1787,0.9638977459877774,-35.32092620431004,-0.2551275
1798,0.9536977698397587,-35.93510756808682,-0.2551275
1807,0.9434977936917398,-35.93510756808682,-0.2609925
1817,0.9383978056177303,-35.32092620431004,-0.2609925
1827,0.933297817543721,-34.70674484053321,-0.2551275
1838,0.9281978294697116,-34.70674484053321,-0.2609925
1848,0.9179978533216928,-34.70674484053321,-0.2551275
1858,0.9128978652476835,-34.70674484053321,-0.2551275
1868,0.907797877173674,-34.70674484053321,-0.24926250000000003
1879,0.8975979010256551,-34.70674484053321,-0.2551275
1888,0.8924979129516457,-35.32092620431004,-0.2551275
1898,0.8873979248776364,-35.32092620431004,-0.2551275
1908,0.8771979487296175,-35.32092620431004,-0.2551275
1918,0.8669979725815987,-34.70674484053321,-0.2609925
1929,0.8669979725815987,-34.092563476756425,-0.2609925
1939,0.85679799643358,-33.478382112979595,-0.2609925
1949,0.8516980083595705,-34.092563476756425,-0.2609925
1958,0.8363980441375423,-32.250019385425986,-0.24926250000000003
1969,0.8363980441375423,-32.864200749202816,-0.2551275
1979,0.8312980560635329,-33.478382112979595,-0.24926250000000003
1989,0.8261980679895234,-34.092563476756425,-0.2609925
1999,0.8159980918415047,-33.478382112979595,-0.2609925
2010,0.8108981037674953,-32.250019385425986,-0.2551275
2020,0.8057981156934859,-32.250019385425986,-0.2609925
2029,0.8006981276194765,-31.635838021649207,-0.2609925
2039,0.7955981395454671,-31.635838021649207,-0.2551275
2050,0.7904981514714576,-31.021656657872423,-0.2551275
2060,0.7802981753234389,-31.021656657872423,-0.2609925
2070,0.77009819917542,-29.793293930318814,-0.24339750000000002
2080,0.7751981872494295,-31.021656657872423,-0.2551275
2089,0.7649982111014106,-31.021656657872423,-0.2551275
2100,0.7547982349533918,-31.635838021649207,-0.2609925
2110,0.7496982468793825,-29.793293930318814,-0.24926250000000003
2120,0.744598258805373,-29.793293930318814,-0.2551275
2130,0.7394982707313636,-29.179112566541985,-0.2609925
2141,0.7343982826573542,-27.950749838988372,-0.2609925
2151,0.7343982826573542,-27.950749838988372,-0.2609925
2161,0.7241983065093355,-26.722387111434763,-0.2668575
2170,0.7241983065093355,-26.722387111434763,-0.2551275
2181,0.7139983303613165,-26.10820574765798,-0.2609925
2191,0.7088983422873072,-26.10820574765798,-0.2609925
2201,0.7037983542132978,-25.49402438388115,-0.2551275
2211,0.6986983661392885,-25.49402438388115,-0.2668575
2222,0.693598378065279,-24.87984302010437,-0.2551275
2231,0.6884983899912696,-24.26566165632754,-0.2609925
2241,0.6884983899912696,-24.26566165632754,-0.2668575
2251,0.6833984019172602,-22.42311756499715,-0.2609925
2262,0.6782984138432508,-22.42311756499715,-0.2609925
2272,0.6782984138432508,-20.580573473666707,-0.2609925
2282,0.6782984138432508,-19.966392109889924,-0.2668575
2292,0.668098437695232,-18.738029382336315,-0.2668575
2302,0.668098437695232,-17.509666654782702,-0.2609925
2312,0.6629984496212226,-18.123848018559485,-0.2609925
2322,0.6629984496212226,-17.509666654782702,-0.2609925
2332,0.6629984496212226,-16.281303927229093,-0.2551275
2342,0.6629984496212226,-16.281303927229093,0.1085025
2353,0.6629984496212226,-15.667122563452264,0.5249175
2363,0.6629984496212226,-13.21039710834509,0.8416275000000001
2373,0.6578984615472131,-8.911127561907426,1.0938225000000001
2382,0.6629984496212226,-7.682764834353816,1.2404475000000001
2393,0.6629984496212226,-5.226039379246594,1.3694775000000001
2403,0.6629984496212226,-1.540951196585761,1.4633175
2413,0.6527984734732037,-0.3125884690321501,1.5102375000000001
2423,0.6578984615472131,3.9866810774054646,1.5688875000000002
2434,0.6527984734732037,7.057587896289468,1.6216725
2444,0.6578984615472131,5.829225168735857,1.6275375
2454,0.6629984496212226,6.443406532512686,1.6451325
2463,0.6629984496212226,7.057587896289468,1.6568625000000001
2473,0.6578984615472131,7.057587896289468,1.6627275000000001
2484,0.6578984615472131,8.285950623843078,1.6744575000000002
2494,0.6629984496212226,8.900131987619908,1.6803225000000002
2504,0.6629984496212226,10.128494715173519,1.6744575000000002
2514,0.6629984496212226,11.35685744272713,1.6861875000000002
2524,0.6629984496212226,14.427764261611134,1.7037825000000002
2534,0.668098437695232,12.585220170280742,1.6803225000000002
2544,0.6731984257692414,15.041945625387964,1.6861875000000002
2554,0.6782984138432508,16.884489716718356,1.6920525000000002
2565,0.6731984257692414,18.112852444271965,1.6979175000000002
2575,0.6884983899912696,18.112852444271965,1.6920525000000002
2585,0.6884983899912696,19.341215171825578,1.6920525000000002
2594,0.6884983899912696,19.95539653560236,1.7096475000000002
2605,0.693598378065279,19.95539653560236,1.6920525000000002
2615,0.7037983542132978,19.95539653560236,1.6979175000000002
2625,0.7037983542132978,20.569577899379187,1.6920525000000002
2635,0.7088983422873072,19.95539653560236,1.6920525000000002
2646,0.7139983303613165,19.95539653560236,1.6920525000000002
2656,0.7139983303613165,19.95539653560236,1.6803225000000002
2665,0.7241983065093355,21.7979406269328,1.6920525000000002
2675,0.7241983065093355,21.7979406269328,1.6803225000000002
2685,0.7394982707313636,24.25466608204002,1.6920525000000002
2696,0.7394982707313636,25.483028809593634,1.6920525000000002
2706,0.7394982707313636,25.483028809593634,1.6920525000000002
2716,0.7496982468793825,25.483028809593634,1.6861875000000002
2725,0.7547982349533918,26.097210173370414,1.6920525000000002
2736,0.7547982349533918,25.483028809593634,1.6920525000000002
2746,0.7649982111014106,26.097210173370414,1.6979175000000002
2756,0.7751981872494295,26.097210173370414,1.6979175000000002
2766,0.7751981872494295,25.483028809593634,1.6920525000000002
2777,0.7802981753234389,26.097210173370414,1.6920525000000002
2787,0.7904981514714576,26.097210173370414,1.6861875000000002
2797,0.7955981395454671,26.711391537147243,1.6861875000000002
2806,0.8006981276194765,26.711391537147243,1.6861875000000002
2817,0.8057981156934859,30.396479719808077,1.7096475000000002
2827,0.8159980918415047,27.939754264700856,1.6861875000000002
2837,0.8159980918415047,28.553935628477635,1.6920525000000002
2847,0.8261980679895234,29.168116992254465,1.6920525000000002
2857,0.8312980560635329,28.553935628477635,1.6920525000000002
2868,0.8363980441375423,28.553935628477635,1.6920525000000002
2877,0.8465980202855612,29.168116992254465,1.6979175000000002
2887,0.8465980202855612,29.168116992254465,1.6920525000000002
2897,0.85679799643358,29.168116992254465,1.6920525000000002
2908,0.8618979845075894,29.782298356031248,1.6920525000000002
2918,0.8669979725815987,30.396479719808077,1.6920525000000002
2928,0.8771979487296175,30.396479719808077,1.6920525000000002
2938,0.8822979368036269,30.396479719808077,1.6979175000000002
2948,0.8873979248776364,30.396479719808077,1.6979175000000002
2958,0.8873979248776364,31.624842447361686,1.7037825000000002
2968,0.8975979010256551,29.168116992254465,1.6979175000000002
2978,0.907797877173674,29.168116992254465,1.6920525000000002
2989,0.9179978533216928,29.782298356031248,1.6979175000000002
2999,0.907797877173674,29.168116992254465,1.6920525000000002
3009,0.9230978413957022,29.782298356031248,1.6920525000000002
3018,0.9281978294697116,31.624842447361686,1.7155125000000002
3028,0.9383978056177303,29.782298356031248,1.6920525000000002
3039,0.9434977936917398,29.782298356031248,1.6920525000000002
3049,0.9485977817657492,29.782298356031248,1.6979175000000002
3059,0.9536977698397587,29.782298356031248,1.6979175000000002
3069,0.9536977698397587,28.553935628477635,1.6920525000000002
3079,0.9689977340617869,28.553935628477635,1.6979175000000002
3089,0.9740977221357963,29.168116992254465,1.6979175000000002
3099,0.9791977102098056,28.553935628477635,1.6979175000000002
3109,0.9791977102098056,29.782298356031248,1.7155125000000002
3120,0.9893976863578244,26.711391537147243,1.6861875000000002
3130,0.9995976625058431,27.939754264700856,1.6920525000000002
3140,1.0046976505798526,28.553935628477635,1.6979175000000002
3149,1.009797638653862,27.939754264700856,1.6920525000000002
3160,1.0148976267278715,28.553935628477635,1.7037825000000002
3170,1.019997614801881,29.782298356031248,1.7155125000000002
3180,1.0301975909498997,28.553935628477635,1.7155125000000002
3190,1.0301975909498997,25.483028809593634,1.6920525000000002
3201,1.0352975790239092,26.097210173370414,1.7037825000000002
3211,1.0403975670979184,25.483028809593634,1.6920525000000002
3220,1.0454975551719279,24.25466608204002,1.6920525000000002
3230,1.0505975432459373,24.868847445816805,1.6920525000000002
3240,1.0556975313199466,26.711391537147243,1.7096475000000002
3251,1.0607975193939563,25.483028809593634,1.6920525000000002
3261,1.070997495541975,25.483028809593634,1.6979175000000002
3271,1.070997495541975,24.868847445816805,1.6979175000000002
3281,1.0760974836159845,24.25466608204002,1.6979175000000002
3291,1.0811974716899937,25.483028809593634,1.7155125000000002
3301,1.0811974716899937,24.868847445816805,1.7213775000000002
3311,1.0913974478380126,22.412121990709583,1.6979175000000002
3321,1.0862974597640032,21.18375926315597,1.6979175000000002
3332,1.0964974359120219,21.18375926315597,1.7037825000000002
3342,1.1015974239860313,19.95539653560236,1.6920525000000002
3352,1.1066974120600408,19.95539653560236,1.2404475000000001
3362,1.1066974120600408,18.112852444271965,0.8474925000000001
3372,1.1066974120600408,15.041945625387964,0.5601075000000001
3382,1.1066974120600408,11.35685744272713,0.3372375
3392,1.1066974120600408,8.285950623843078,0.1788825
3402,1.1066974120600408,5.215043804959075,0.0557175
3412,1.11179740013405,2.7583183498518533,-0.0322575
3423,1.1066974120600408,-0.3125884690321501,-0.0909075
3433,1.1066974120600408,-2.769313924139372,-0.1436925
3442,1.1066974120600408,-4.611858015469812,-0.17301750000000002
3452,1.11179740013405,-5.226039379246594,-0.19061250000000002
3463,1.1066974120600408,-6.454402106800205,-0.21407250000000003
3473,1.1066974120600408,-6.454402106800205,-0.2199375
3483,1.1066974120600408,-7.0685834705770345,-0.23166750000000003
3493,1.1066974120600408,-8.296946198130644,-0.24339750000000002
3504,1.0964974359120219,-8.911127561907426,-0.2375325
3513,1.1066974120600408,-9.525308925684255,-0.2375325
3523,1.1066974120600408,-10.753671653237866,-0.24339750000000002
3533,1.1066974120600408,-11.36785301701465,-0.24339750000000002
3544,1.1066974120600408,-13.824578472121871,-0.24926250000000003
3554,1.1066974120600408,-14.4387598358987,-0.24339750000000002
3564,1.1066974120600408,-16.281303927229093,-0.24926250000000003
3574,1.0964974359120219,-18.123848018559485,-0.24926250000000003
3584,1.0913974478380126,-18.738029382336315,-0.2551275
3594,1.0913974478380126,-19.966392109889924,-0.24926250000000003
3604,1.0862974597640032,-21.194754837443536,-0.2551275
3614,1.0811974716899937,-21.194754837443536,-0.2551275
3624,1.0760974836159845,-21.80893620122032,-0.2551275
3635,1.070997495541975,-22.42311756499715,-0.2609925
3645,1.070997495541975,-21.80893620122032,-0.2551275
3655,1.0658975074679655,-22.42311756499715,-0.2668575
3665,1.0607975193939563,-21.80893620122032,-0.2551275
3675,1.0556975313199466,-21.80893620122032,-0.24926250000000003
3685,1.0505975432459373,-21.80893620122032,-0.24926250000000003
3695,1.0454975551719279,-23.651480292550758,-0.2609925
3705,1.0403975670979184,-24.26566165632754,-0.24926250000000003
3716,1.0250976028758902,-26.722387111434763,-0.2551275
3726,1.0301975909498997,-26.722387111434763,-0.24926250000000003
3735,1.0250976028758902,-27.950749838988372,-0.24926250000000003
3745,1.0148976267278715,-28.5649312027652,-0.2551275
3756,1.009797638653862,-28.5649312027652,-0.2551275
3766,1.0046976505798526,-29.179112566541985,-0.2609925
3776,0.9995976625058431,-29.179112566541985,-0.2609925
3786,0.9995976625058431,-27.950749838988372,-0.2551275
3796,0.9842976982838151,-27.950749838988372,-0.2609925
3806,0.9842976982838151,-27.336568475211592,-0.2551275
3816,0.9791977102098056,-27.950749838988372,-0.2609925
3826,0.9740977221357963,-27.950749838988372,-0.2551275
3836,0.9638977459877774,-28.5649312027652,-0.24926250000000003
3847,0.9587977579137681,-29.179112566541985,-0.24926250000000003
3857,0.9434977936917398,-29.793293930318814,-0.2551275
3867,0.9485977817657492,-29.793293930318814,-0.2551275
3877,0.9383978056177303,-30.407475294095594,-0.2551275
3887,0.933297817543721,-30.407475294095594,-0.2551275
3897,0.9281978294697116,-30.407475294095594,-0.2551275
3907,0.9230978413957022,-29.793293930318814,-0.2551275
3917,0.9179978533216928,-29.793293930318814,-0.2609925
3928,0.9128978652476835,-29.793293930318814,-0.2551275
3938,0.9026978890996646,-30.407475294095594,-0.2551275
3948,0.8975979010256551,-30.407475294095594,-0.2551275
3958,0.8873979248776364,-32.250019385425986,-0.2609925
3968,0.8822979368036269,-31.021656657872423,-0.2609925
3978,0.8771979487296175,-31.635838021649207,-0.2609925
3988,0.8669979725815987,-28.5649312027652,-0.24339750000000002
3998,0.8720979606556082,-30.407475294095594,-0.2609925
4008,0.8618979845075894,-30.407475294095594,-0.2609925
4019,0.85679799643358,-29.793293930318814,-0.2609925
4029,0.8516980083595705,-29.179112566541985,-0.2551275
4038,0.8465980202855612,-29.179112566541985,-0.2551275
4048,0.8414980322115516,-29.793293930318814,-0.2551275
4059,0.8312980560635329,-30.407475294095594,-0.2609925
4069,0.8261980679895234,-29.793293930318814,-0.2551275
4079,0.8210980799155141,-29.793293930318814,-0.2609925
4089,0.8108981037674953,-29.179112566541985,-0.24926250000000003
4099,0.8108981037674953,-29.179112566541985,-0.2609925
4109,0.8057981156934859,-29.179112566541985,-0.2668575
4119,0.8006981276194765,-27.950749838988372,-0.2668575
4129,0.7955981395454671,-27.336568475211592,-0.2551275
4140,0.7904981514714576,-26.722387111434763,-0.2609925
4150,0.7853981633974483,-27.950749838988372,-0.2609925
4160,0.7751981872494295,-27.336568475211592,-0.2609925
4169,0.7751981872494295,-27.336568475211592,-0.2551275
4179,0.77009819917542,-27.950749838988372,-0.2551275
4190,0.7598982230274013,-28.5649312027652,-0.2609925
4200,0.7547982349533918,-27.950749838988372,-0.2609925
4210,0.744598258805373,-27.336568475211592,-0.2609925
4220,0.744598258805373,-26.10820574765798,-0.2609925
4231,0.744598258805373,-26.10820574765798,-0.2609925
4240,0.7394982707313636,-24.26566165632754,-0.2609925
4250,0.7343982826573542,-24.26566165632754,-0.2609925
4260,0.7292982945833448,-23.03729892877393,-0.2551275
4271,0.7241983065093355,-23.03729892877393,-0.2551275
4281,0.719098318435326,-22.42311756499715,-0.2551275
4291,0.7139983303613165,-22.42311756499715,-0.2551275
4301,0.7139983303613165,-22.42311756499715,-0.2551275
4312,0.7037983542132978,-23.03729892877393,-0.2609925
4321,0.7037983542132978,-22.42311756499715,-0.2551275
4331,0.6986983661392885,-21.80893620122032,-0.2551275
4341,0.6986983661392885,-21.194754837443536,-0.2551275
4352,0.693598378065279,-20.580573473666707,-0.2609925
4362,0.693598378065279,-19.966392109889924,0.09677250000000001
4372,0.693598378065279,-17.509666654782702,0.5190525
4382,0.693598378065279,-15.052941199675482,0.8298975000000001
4391,0.693598378065279,-11.36785301701465,1.0586325
4402,0.693598378065279,-8.911127561907426,1.2345825000000001
4412,0.693598378065279,-5.840220743023424,1.3577475
4422,0.693598378065279,-0.9267698328089794,1.4515875
4432,0.693598378065279,2.1441369860750243,1.5161025000000001
4443,0.693598378065279,5.215043804959075,1.5688875000000002
4453,0.693598378065279,7.057587896289468,1.5982125
4462,0.693598378065279,7.671769260066298,1.6216725
4472,0.693598378065279,8.900131987619908,1.6392675
4483,0.6884983899912696,9.514313351396689,1.6568625000000001
4493,0.693598378065279,11.35685744272713,1.6568625000000001
4503,0.693598378065279,12.585220170280742,1.6744575000000002
4513,0.693598378065279,12.585220170280742,1.6744575000000002
4523,0.7037983542132978,14.427764261611134,1.6744575000000002
4533,0.693598378065279,14.427764261611134,1.6803225000000002
4543,0.7088983422873072,16.270308352941527,1.6861875000000002
4553,0.7088983422873072,16.270308352941527,1.6803225000000002
4563,0.7037983542132978,17.498671080495136,1.6979175000000002
4574,0.7139983303613165,18.112852444271965,1.6920525000000002
4584,0.7241983065093355,18.72703380804875,1.6861875000000002
4593,0.7241983065093355,21.18375926315597,1.7155125000000002
4603,0.7292982945833448,19.341215171825578,1.6861875000000002
4614,0.7343982826573542,19.95539653560236,1.6861875000000002
4624,0.7394982707313636,21.18375926315597,1.6979175000000002
4634,0.744598258805373,23.026303354486412,1.7096475000000002
4644,0.7496982468793825,21.18375926315597,1.6920525000000002
4655,0.7547982349533918,23.640484718263192,1.7155125000000002
4664,0.7598982230274013,23.026303354486412,1.7037825000000002
4674,0.7649982111014106,21.7979406269328,1.6920525000000002
4684,0.77009819917542,22.412121990709583,1.6979175000000002
4695,0.7751981872494295,22.412121990709583,1.6979175000000002
4705,0.7751981872494295,21.7979406269328,1.6803225000000002
4715,0.7802981753234389,22.412121990709583,1.6861875000000002
4724,0.7853981633974483,23.640484718263192,1.6861875000000002
4734,0.7955981395454671,24.25466608204002,1.6920525000000002
4745,0.8006981276194765,24.868847445816805,1.6920525000000002
4755,0.8057981156934859,26.097210173370414,1.6920525000000002
4765,0.8108981037674953,25.483028809593634,1.6920525000000002
4775,0.8108981037674953,28.553935628477635,1.7155125000000002
4786,0.8261980679895234,26.711391537147243,1.6979175000000002
4795,0.8261980679895234,26.097210173370414,1.6979175000000002
4805,0.8312980560635329,26.097210173370414,1.6979175000000002
4815,0.8414980322115516,26.711391537147243,1.6979175000000002
4826,0.8465980202855612,26.097210173370414,1.6979175000000002
4836,0.8465980202855612,26.097210173370414,1.6979175000000002
4846,0.85679799643358,26.097210173370414,1.6920525000000002
4856,0.8669979725815987,26.711391537147243,1.6920525000000002
4867,0.8618979845075894,28.553935628477635,1.6979175000000002
4876,0.8720979606556082,27.939754264700856,1.6920525000000002
4886,0.8771979487296175,29.168116992254465,1.6979175000000002
4896,0.8822979368036269,29.168116992254465,1.6979175000000002
4907,0.8924979129516457,28.553935628477635,1.6979175000000002
4917,0.8975979010256551,27.939754264700856,1.6979175000000002
4927,0.9026978890996646,27.939754264700856,1.6979175000000002
4937,0.907797877173674,28.553935628477635,1.6979175000000002
4946,0.9128978652476835,27.939754264700856,1.7037825000000002
4957,0.9179978533216928,27.325572900924026,1.6920525000000002
4967,0.9230978413957022,29.782298356031248,1.7096475000000002
4977,0.9230978413957022,30.396479719808077,1.7155125000000002
4987,0.9383978056177303,28.553935628477635,1.6920525000000002
4998,0.9434977936917398,28.553935628477635,1.6979175000000002
5008,0.9485977817657492,27.939754264700856,1.6979175000000002
5018,0.9485977817657492,28.553935628477635,1.7037825000000002
5027,0.9587977579137681,27.939754264700856,1.6979175000000002
5038,0.9689977340617869,26.711391537147243,1.6979175000000002
5048,0.9740977221357963,27.325572900924026,1.7037825000000002
5058,0.9689977340617869,26.097210173370414,1.6920525000000002
5068,0.9842976982838151,26.097210173370414,1.7037825000000002
5079,0.9944976744318338,27.325572900924026,1.6979175000000002
5088,0.9995976625058431,27.325572900924026,1.6920525000000002
5098,0.9995976625058431,26.711391537147243,1.6920525000000002
5108,1.0046976505798526,26.711391537147243,1.6979175000000002
5118,1.009797638653862,26.097210173370414,1.6979175000000002
5129,1.019997614801881,26.711391537147243,1.6979175000000002
5139,1.019997614801881,26.097210173370414,1.6979175000000002
5149,1.0250976028758902,25.483028809593634,1.6979175000000002
5159,1.0250976028758902,26.097210173370414,1.7155125000000002
5169,1.0352975790239092,24.25466608204002,1.6979175000000002
5179,1.0403975670979184,23.640484718263192,1.6979175000000002
5189,1.0454975551719279,26.711391537147243,1.7331075
5199,1.0505975432459373,24.868847445816805,1.7096475000000002
5210,1.0505975432459373,23.026303354486412,1.6861875000000002
5220,1.0607975193939563,23.640484718263192,1.6979175000000002
5230,1.0607975193939563,23.640484718263192,1.6979175000000002
5239,1.070997495541975,23.026303354486412,1.6979175000000002
5250,1.0760974836159845,23.026303354486412,1.6979175000000002
5260,1.0811974716899937,23.026303354486412,1.6979175000000002
5270,1.0811974716899937,21.18375926315597,1.6861875000000002
5280,1.0862974597640032,21.18375926315597,1.6979175000000002
5291,1.0913974478380126,19.95539653560236,1.6979175000000002
5301,1.0964974359120219,19.95539653560236,1.7037825000000002
5310,1.0964974359120219,19.341215171825578,1.6920525000000002
5320,1.1015974239860313,18.112852444271965,1.6979175000000002
5330,1.1066974120600408,17.498671080495136,1.6920525000000002
5341,1.1066974120600408,17.498671080495136,1.6803225000000002
5351,1.1168973882080597,17.498671080495136,1.6920525000000002
5361,1.1168973882080597,19.95539653560236,1.7096475000000002
5371,1.121997376282069,18.112852444271965,1.2580425000000002
5381,1.121997376282069,16.884489716718356,0.8592225000000001
5391,1.121997376282069,14.427764261611134,0.5659725
5401,1.121997376282069,10.742676078950302,0.34896750000000004
5411,1.121997376282069,7.057587896289468,0.1847475
5422,1.121997376282069,3.372499713628635,0.06744750000000001
5432,1.132197352430088,-0.9267698328089794,-0.026392500000000003
5441,1.121997376282069,-5.226039379246594,-0.0909075
5451,1.121997376282069,-6.454402106800205,-0.13782750000000002
5462,1.121997376282069,-8.296946198130644,-0.1671525
5472,1.121997376282069,-8.911127561907426,-0.19061250000000002
5482,1.121997376282069,-9.525308925684255,-0.20820750000000002
5492,1.121997376282069,-10.139490289461039,-0.2199375
5502,1.1270973643560784,-10.753671653237866,-0.23166750000000003
5512,1.121997376282069,-10.753671653237866,-0.23166750000000003
5522,1.121997376282069,-11.36785301701465,-0.2375325
5532,1.1168973882080597,-12.59621574456826,-0.24339750000000002
5542,1.121997376282069,-13.21039710834509,-0.24339750000000002
5553,1.1168973882080597,-14.4387598358987,-0.24339750000000002
5563,1.1168973882080597,-15.667122563452264,-0.24926250000000003
5573,1.11179740013405,-16.895485291005873,-0.2551275
5582,1.11179740013405,-18.123848018559485,-0.24926250000000003
5594,1.1015974239860313,-18.738029382336315,-0.2551275
5603,1.0964974359120219,-19.966392109889924,-0.24926250000000003
5613,1.0964974359120219,-19.966392109889924,-0.24926250000000003
5623,1.0913974478380126,-21.194754837443536,-0.2551275
5634,1.0862974597640032,-21.80893620122032,-0.24926250000000003
5644,1.0811974716899937,-22.42311756499715,-0.2551275
5653,1.0811974716899937,-22.42311756499715,-0.2551275
5663,1.070997495541975,-22.42311756499715,-0.2551275
5673,1.070997495541975,-22.42311756499715,-0.2551275
5684,1.0607975193939563,-21.80893620122032,-0.2551275
5694,1.0607975193939563,-22.42311756499715,-0.24926250000000003
5704,1.0556975313199466,-22.42311756499715,-0.2551275
5714,1.0505975432459373,-23.03729892877393,-0.24926250000000003
5725,1.0454975551719279,-24.26566165632754,-0.24926250000000003
5735,1.0403975670979184,-24.87984302010437,-0.2551275
5744,1.0352975790239092,-25.49402438388115,-0.24926250000000003
5754,1.0301975909498997,-26.722387111434763,-0.24926250000000003
5765,1.019997614801881,-27.950749838988372,-0.2551275
5775,1.019997614801881,-27.950749838988372,-0.2551275
5785,1.009797638653862,-27.950749838988372,-0.2551275
5795,1.0046976505798526,-27.950749838988372,-0.2551275
5806,0.9995976625058431,-28.5649312027652,-0.2609925
5816,0.9944976744318338,-27.336568475211592,-0.2609925
5825,0.9893976863578244,-27.336568475211592,-0.2551275
5835,0.9842976982838151,-27.336568475211592,-0.2551275
5846,0.9791977102098056,-27.336568475211592,-0.2551275
5856,0.9740977221357963,-27.950749838988372,-0.2551275
5866,0.9587977579137681,-28.5649312027652,-0.2609925
5876,0.9536977698397587,-27.336568475211592,-0.2375325
5886,0.9536977698397587,-29.179112566541985,-0.2551275
5896,0.9434977936917398,-29.179112566541985,-0.2551275
5906,0.9434977936917398,-29.179112566541985,-0.2551275
5916,0.933297817543721,-29.793293930318814,-0.2551275
5926,0.933297817543721,-29.179112566541985,-0.2551275
5937,0.9281978294697116,-29.179112566541985,-0.2551275
5947,0.9179978533216928,-29.179112566541985,-0.2551275
5957,0.9128978652476835,-29.179112566541985,-0.2551275
5967,0.907797877173674,-29.793293930318814,-0.2551275
5977,0.8975979010256551,-29.793293930318814,-0.24926250000000003
5987,0.8924979129516457,-29.793293930318814,-0.2551275
5997,0.8873979248776364,-30.407475294095594,-0.2551275
6007,0.8771979487296175,-30.407475294095594,-0.2609925
6018,0.8720979606556082,-30.407475294095594,-0.2668575
6028,0.8720979606556082,-29.793293930318814,-0.2609925
6038,0.8669979725815987,-29.179112566541985,-0.2551275
6048,0.8516980083595705,-29.179112566541985,-0.2609925
6057,0.85679799643358,-28.5649312027652,-0.2609925
6068,0.8465980202855612,-28.5649312027652,-0.2551275
6078,0.8465980202855612,-29.179112566541985,-0.2609925
6088,0.8363980441375423,-29.179112566541985,-0.2609925
6098,0.8312980560635329,-29.179112566541985,-0.2551275
6109,0.8210980799155141,-29.793293930318814,-0.2551275
6119,0.8159980918415047,-29.179112566541985,-0.2609925
6128,0.8108981037674953,-28.5649312027652,-0.2551275
6138,0.8108981037674953,-28.5649312027652,-0.2551275
6149,0.7955981395454671,-27.336568475211592,-0.2551275
6159,0.8006981276194765,-27.336568475211592,-0.24926250000000003
6169,0.7904981514714576,-25.49402438388115,-0.24339750000000002
6179,0.7904981514714576,-26.722387111434763,-0.2609925
6190,0.7802981753234389,-26.10820574765798,-0.2609925
6199,0.7751981872494295,-26.722387111434763,-0.2551275
6209,0.77009819917542,-26.722387111434763,-0.24926250000000003
6219,0.7598982230274013,-28.5649312027652,-0.2609925
6230,0.7598982230274013,-27.950749838988372,-0.2551275
6240,0.7496982468793825,-27.336568475211592,-0.2551275
6250,0.744598258805373,-26.722387111434763,-0.2609925
6259,0.744598258805373,-26.10820574765798,-0.2609925
6269,0.7394982707313636,-25.49402438388115,-0.2609925
6280,0.7394982707313636,-24.26566165632754,-0.2551275
6290,0.7292982945833448,-24.26566165632754,-0.2668575
6300,0.7292982945833448,-23.03729892877393,-0.2551275
6310,0.7241983065093355,-23.03729892877393,-0.2551275
6321,0.719098318435326,-22.42311756499715,-0.2551275
6330,0.7139983303613165,-21.80893620122032,-0.2551275
6340,0.7088983422873072,-23.03729892877393,-0.2609925
6350,0.6986983661392885,-23.03729892877393,-0.2668575
6361,0.6986983661392885,-21.80893620122032,-0.2551275
6371,0.7037983542132978,-21.80893620122032,-0.2609925
6381,0.6986983661392885,-21.194754837443536,0.07917750000000001
6390,0.6986983661392885,-19.966392109889924,0.5014575
6401,0.693598378065279,-16.895485291005873,0.8240325000000001
6411,0.6986983661392885,-12.59621574456826,1.0586325
6421,0.6884983899912696,-7.682764834353816,1.2463125000000002
6431,0.693598378065279,-2.15513256036259,1.3870725000000002
6441,0.6986983661392885,-0.9267698328089794,1.4457225
6452,0.693598378065279,2.7583183498518533,1.5161025000000001
6462,0.693598378065279,5.215043804959075,1.5630225000000002
6471,0.6986983661392885,6.443406532512686,1.6040775
6481,0.693598378065279,7.671769260066298,1.6216725
6492,0.6986983661392885,8.900131987619908,1.6451325
6502,0.7037983542132978,10.128494715173519,1.6568625000000001
6512,0.693598378065279,9.514313351396689,1.6568625000000001
6522,0.6986983661392885,10.742676078950302,1.6685925000000001
6533,0.6884983899912696,11.971038806503913,1.6744575000000002
6543,0.6986983661392885,13.813582897834353,1.6861875000000002
6552,0.7037983542132978,14.427764261611134,1.6861875000000002
6562,0.7088983422873072,15.041945625387964,1.6861875000000002
6573,0.7088983422873072,15.656126989164745,1.6920525000000002
6584,0.7139983303613165,16.884489716718356,1.6920525000000002
6593,0.7139983303613165,18.72703380804875,1.7096475000000002
6603,0.719098318435326,18.112852444271965,1.6920525000000002
6614,0.7292982945833448,19.341215171825578,1.6920525000000002
6624,0.7343982826573542,19.341215171825578,1.6920525000000002
6634,0.7343982826573542,19.95539653560236,1.6920525000000002
6643,0.744598258805373,23.026303354486412,1.7037825000000002
6653,0.744598258805373,21.18375926315597,1.6920525000000002
6664,0.7547982349533918,21.18375926315597,1.6979175000000002
6674,0.7496982468793825,20.569577899379187,1.6920525000000002
6684,0.7598982230274013,20.569577899379187,1.6861875000000002
6694,0.77009819917542,21.7979406269328,1.7037825000000002
6704,0.77009819917542,21.18375926315597,1.6920525000000002
6714,0.77009819917542,19.95539653560236,1.6861875000000002
6724,0.7751981872494295,21.18375926315597,1.6920525000000002
6734,0.7802981753234389,21.18375926315597,1.6920525000000002
6745,0.7853981633974483,22.412121990709583,1.6920525000000002
6755,0.7955981395454671,23.026303354486412,1.6920525000000002
6765,0.7955981395454671,23.026303354486412,1.6920525000000002
6775,0.7955981395454671,26.097210173370414,1.7096475000000002
6785,0.8057981156934859,26.097210173370414,1.7096475000000002
6795,0.8159980918415047,24.868847445816805,1.6979175000000002
6805,0.8210980799155141,25.483028809593634,1.6920525000000002
6815,0.8261980679895234,24.868847445816805,1.6920525000000002
6825,0.8312980560635329,24.868847445816805,1.6920525000000002
6836,0.8363980441375423,25.483028809593634,1.6979175000000002
6846,0.8414980322115516,24.25466608204002,1.6920525000000002
6855,0.8465980202855612,24.868847445816805,1.7037825000000002
6865,0.8516980083595705,24.25466608204002,1.6920525000000002
6876,0.8516980083595705,24.868847445816805,1.6861875000000002
6886,0.8618979845075894,26.097210173370414,1.6920525000000002
6896,0.8618979845075894,28.553935628477635,1.7037825000000002
6906,0.8720979606556082,27.325572900924026,1.6920525000000002
6917,0.8771979487296175,27.325572900924026,1.6920525000000002
6927,0.8720979606556082,29.168116992254465,1.7096475000000002
6936,0.8873979248776364,29.168116992254465,1.7331075
6946,0.8975979010256551,27.325572900924026,1.6979175000000002
6957,0.9026978890996646,27.325572900924026,1.6979175000000002
6967,0.8975979010256551,26.711391537147243,1.6979175000000002
6977,0.9128978652476835,26.711391537147243,1.6920525000000002
6987,0.9230978413957022,26.711391537147243,1.6979175000000002
6998,0.9281978294697116,26.711391537147243,1.6920525000000002
7007,0.933297817543721,27.325572900924026,1.7037825000000002
7017,0.933297817543721,28.553935628477635,1.7096475000000002
7027,0.9383978056177303,27.325572900924026,1.6979175000000002
7037,0.9434977936917398,29.168116992254465,1.7096475000000002
7048,0.9536977698397587,27.325572900924026,1.6979175000000002
7058,0.9587977579137681,26.711391537147243,1.6979175000000002
7068,0.9689977340617869,28.553935628477635,1.7213775000000002
7078,0.9689977340617869,26.711391537147243,1.6979175000000002
7088,0.9740977221357963,26.097210173370414,1.6920525000000002
7098,0.9791977102098056,26.097210173370414,1.6920525000000002
7108,0.9842976982838151,26.097210173370414,1.6920525000000002
7118,0.9893976863578244,26.097210173370414,1.6920525000000002
7129,0.9995976625058431,26.711391537147243,1.7037825000000002
7139,1.0046976505798526,26.097210173370414,1.6861875000000002
7149,1.0046976505798526,25.483028809593634,1.6979175000000002
7158,1.009797638653862,27.939754264700856,1.7096475000000002
7169,1.019997614801881,26.097210173370414,1.7037825000000002
7179,1.0250976028758902,24.868847445816805,1.6979175000000002
7189,1.0301975909498997,24.25466608204002,1.7037825000000002
7199,1.0352975790239092,23.640484718263192,1.7037825000000002
7209,1.0403975670979184,23.026303354486412,1.6979175000000002
7220,1.0352975790239092,24.25466608204002,1.7096475000000002
7229,1.0505975432459373,23.026303354486412,1.6979175000000002
7239,1.0505975432459373,23.026303354486412,1.6920525000000002
7249,1.0556975313199466,23.640484718263192,1.6920525000000002
7260,1.0607975193939563,21.7979406269328,1.6803225000000002
7270,1.0658975074679655,23.640484718263192,1.6979175000000002
7280,1.070997495541975,23.026303354486412,1.6979175000000002
7289,1.0760974836159845,22.412121990709583,1.6920525000000002
7300,1.0862974597640032,22.412121990709583,1.6979175000000002
7310,1.0862974597640032,21.18375926315597,1.6979175000000002
7320,1.0862974597640032,20.569577899379187,1.7037825000000002
7330,1.0913974478380126,20.569577899379187,1.6979175000000002
7341,1.0913974478380126,19.341215171825578,1.6979175000000002
7350,1.1015974239860313,18.72703380804875,1.6979175000000002
7360,1.1015974239860313,18.112852444271965,1.6979175000000002
7370,1.1066974120600408,18.72703380804875,1.7037825000000002
7380,1.11179740013405,18.112852444271965,1.6920525000000002
7391,1.1066974120600408,16.884489716718356,1.2521775000000002
7401,1.1168973882080597,16.884489716718356,0.8592225000000001
7411,1.1168973882080597,14.427764261611134,0.5601075000000001
7420,1.1168973882080597,10.742676078950302,0.34310250000000003
7431,1.121997376282069,7.057587896289468,0.1847475
7441,1.1168973882080597,3.9866810774054646,0.061582500000000005
7451,1.1168973882080597,-0.3125884690321501,-0.026392500000000003
7461,1.1168973882080597,-3.3834952879162015,-0.08504250000000001
7472,1.1168973882080597,-5.840220743023424,-0.13782750000000002
7482,1.1168973882080597,-7.0685834705770345,-0.17301750000000002
7491,1.1168973882080597,-8.296946198130644,-0.19647750000000003
7501,1.1168973882080597,-8.911127561907426,-0.21407250000000003
7512,1.1168973882080597,-8.911127561907426,-0.2199375
7522,1.1168973882080597,-8.296946198130644,-0.23166750000000003
7532,1.1168973882080597,-9.525308925684255,-0.2375325
7542,1.1168973882080597,-9.525308925684255,-0.2375325
7553,1.121997376282069,-10.753671653237866,-0.24339750000000002
7563,1.11179740013405,-11.982034380791479,-0.24926250000000003
7572,1.1066974120600408,-12.59621574456826,-0.2375325
7582,1.1066974120600408,-13.21039710834509,-0.24339750000000002
7592,1.11179740013405,-15.052941199675482,-0.24339750000000002
7603,1.1066974120600408,-15.667122563452264,-0.24339750000000002
7613,1.1015974239860313,-18.123848018559485,-0.24926250000000003
7623,1.0964974359120219,-18.738029382336315,-0.24926250000000003
7633,1.0964974359120219,-19.966392109889924,-0.24926250000000003
7644,1.0862974597640032,-20.580573473666707,-0.24926250000000003
7653,1.0862974597640032,-20.580573473666707,-0.24339750000000002
7663,1.0811974716899937,-22.42311756499715,-0.2609925
7673,1.0760974836159845,-22.42311756499715,-0.2609925
7684,1.0760974836159845,-21.80893620122032,-0.2551275
7694,1.0607975193939563,-23.03729892877393,-0.2668575
7704,1.0658975074679655,-21.80893620122032,-0.2551275
7714,1.0607975193939563,-21.80893620122032,-0.24926250000000003
7724,1.0505975432459373,-23.03729892877393,-0.2551275
7734,1.0505975432459373,-24.26566165632754,-0.2609925
7744,1.0454975551719279,-23.651480292550758,-0.24926250000000003
7754,1.0403975670979184,-24.26566165632754,-0.2551275
7764,1.0352975790239092,-26.10820574765798,-0.2551275
7775,1.0250976028758902,-26.10820574765798,-0.24926250000000003
7785,1.0250976028758902,-27.950749838988372,-0.2551275
7794,1.019997614801881,-28.5649312027652,-0.2551275
7804,1.0148976267278715,-28.5649312027652,-0.2551275
7815,1.0046976505798526,-29.179112566541985,-0.27272250000000003
7825,1.0046976505798526,-29.179112566541985,-0.2609925
7835,0.9944976744318338,-27.336568475211592,-0.2609925
7845,0.9893976863578244,-26.10820574765798,-0.24339750000000002
7856,0.9842976982838151,-27.336568475211592,-0.2551275
7866,0.9791977102098056,-27.336568475211592,-0.2551275
7875,0.9740977221357963,-27.336568475211592,-0.2551275
7885,0.9689977340617869,-28.5649312027652,-0.2609925
7896,0.9485977817657492,-27.950749838988372,-0.24339750000000002
7906,0.9536977698397587,-29.179112566541985,-0.2551275
7916,0.9434977936917398,-29.793293930318814,-0.2609925
7926,0.9383978056177303,-29.793293930318814,-0.2551275
7937,0.933297817543721,-30.407475294095594,-0.2668575
7947,0.9281978294697116,-29.793293930318814,-0.2609925
7956,0.9281978294697116,-29.179112566541985,-0.2551275
7966,0.9179978533216928,-29.179112566541985,-0.2551275
7976,0.9128978652476835,-29.179112566541985,-0.24926250000000003
7987,0.9026978890996646,-29.793293930318814,-0.24926250000000003
7997,0.8975979010256551,-29.793293930318814,-0.24926250000000003
8007,0.8924979129516457,-30.407475294095594,-0.2551275
8017,0.8873979248776364,-30.407475294095594,-0.2551275
8027,0.8771979487296175,-30.407475294095594,-0.2551275
8037,0.8720979606556082,-30.407475294095594,-0.2609925
8047,0.8720979606556082,-30.407475294095594,-0.2609925
8057,0.8669979725815987,-29.179112566541985,-0.2609925
8068,0.8618979845075894,-28.5649312027652,-0.2551275
8078,0.8516980083595705,-29.179112566541985,-0.2609925
8087,0.8465980202855612,-28.5649312027652,-0.24926250000000003
8097,0.8363980441375423,-29.793293930318814,-0.2551275
8108,0.8363980441375423,-29.793293930318814,-0.2551275
8118,0.8261980679895234,-29.179112566541985,-0.2551275
8128,0.8210980799155141,-30.407475294095594,-0.2609925
8142,0.8159980918415047,-29.793293930318814,-0.2609925
8153,0.8108981037674953,-29.179112566541985,-0.2551275
8163,0.8006981276194765,-28.5649312027652,-0.2551275
8173,0.8006981276194765,-27.950749838988372,-0.2609925
8182,0.7955981395454671,-27.336568475211592,-0.2551275
8193,0.7853981633974483,-26.722387111434763,-0.2551275
8203,0.7853981633974483,-26.722387111434763,-0.2551275
8213,0.7802981753234389,-26.722387111434763,-0.2551275
8223,0.77009819917542,-26.10820574765798,-0.24339750000000002
8233,0.77009819917542,-27.950749838988372,-0.2551275
8244,0.7598982230274013,-27.950749838988372,-0.2551275
8253,0.7547982349533918,-28.5649312027652,-0.2609925
8263,0.7496982468793825,-26.722387111434763,-0.2609925
8273,0.744598258805373,-26.722387111434763,-0.2609925
8284,0.7394982707313636,-26.10820574765798,-0.2668575
8294,0.7394982707313636,-24.26566165632754,-0.2551275
8304,0.7292982945833448,-23.03729892877393,-0.2551275
8313,0.7292982945833448,-23.03729892877393,-0.2551275
8324,0.7241983065093355,-22.42311756499715,-0.2551275
8334,0.7241983065093355,-22.42311756499715,-0.2609925
8344,0.7139983303613165,-23.03729892877393,-0.2609925
8354,0.7088983422873072,-22.42311756499715,-0.2551275
8365,0.7088983422873072,-23.03729892877393,-0.2668575
8374,0.7037983542132978,-22.42311756499715,-0.2551275
8384,0.6986983661392885,-22.42311756499715,-0.2551275
8394,0.6986983661392885,-21.80893620122032,-0.2609925
8404,0.6986983661392885,-21.194754837443536,0.07917750000000001
8415,0.693598378065279,-19.966392109889924,0.5073225
8425,0.693598378065279,-16.895485291005873,0.8240325000000001
8434,0.6986983661392885,-12.59621574456826,1.0527675
8444,0.693598378065279,-8.296946198130644,1.2228525000000001
8455,0.693598378065279,-4.611858015469812,1.3518825
8465,0.693598378065279,0.3015928947446316,1.4515875
8475,0.693598378065279,3.372499713628635,1.5161025000000001
8485,0.693598378065279,6.443406532512686,1.5688875000000002
8496,0.693598378065279,6.443406532512686,1.5982125
8505,0.693598378065279,7.671769260066298,1.6275375
8515,0.693598378065279,10.742676078950302,1.6568625000000001
8525,0.693598378065279,9.514313351396689,1.6568625000000001
8536,0.693598378065279,12.585220170280742,1.6920525000000002
8546,0.693598378065279,11.35685744272713,1.6685925000000001
8556,0.693598378065279,12.585220170280742,1.6803225000000002
8566,0.6986983661392885,13.813582897834353,1.6803225000000002
8577,0.7037983542132978,15.041945625387964,1.6861875000000002
8586,0.7037983542132978,15.656126989164745,1.6861875000000002
8596,0.7088983422873072,16.884489716718356,1.6861875000000002
8606,0.7139983303613165,16.884489716718356,1.6861875000000002
8616,0.7139983303613165,17.498671080495136,1.6803225000000002
8627,0.719098318435326,18.72703380804875,1.6861875000000002
8637,0.7292982945833448,19.341215171825578,1.6861875000000002
8647,0.7292982945833448,19.95539653560236,1.6920525000000002
8656,0.7343982826573542,23.026303354486412,1.7096475000000002
8667,0.7394982707313636,21.18375926315597,1.6920525000000002
8677,0.744598258805373,21.7979406269328,1.6979175000000002
8687,0.744598258805373,21.18375926315597,1.6920525000000002
8697,0.7547982349533918,22.412121990709583,1.6979175000000002
8708,0.7649982111014106,22.412121990709583,1.6979175000000002
8718,0.7649982111014106,21.7979406269328,1.6920525000000002
8728,0.77009819917542,22.412121990709583,1.6979175000000002
8737,0.77009819917542,22.412121990709583,1.6920525000000002
8748,0.7802981753234389,22.412121990709583,1.6920525000000002
8758,0.7853981633974483,23.640484718263192,1.6920525000000002
8768,0.7853981633974483,25.483028809593634,1.7096475000000002
8778,0.7955981395454671,24.25466608204002,1.6920525000000002
8788,0.8006981276194765,26.711391537147243,1.7037825000000002
8798,0.8057981156934859,26.711391537147243,1.7037825000000002
8808,0.8108981037674953,28.553935628477635,1.7096475000000002
8818,0.8159980918415047,26.711391537147243,1.6861875000000002
8828,0.8261980679895234,27.325572900924026,1.7037825000000002
8839,0.8312980560635329,26.711391537147243,1.6979175000000002
8849,0.8261980679895234,27.939754264700856,1.7096475000000002
8859,0.8414980322115516,26.711391537147243,1.6920525000000002
8868,0.8414980322115516,26.097210173370414,1.6920525000000002
8879,0.8516980083595705,26.711391537147243,1.6920525000000002
8889,0.85679799643358,26.711391537147243,1.6920525000000002
8899,0.8618979845075894,27.325572900924026,1.6861875000000002
8909,0.8720979606556082,28.553935628477635,1.6920525000000002
8920,0.8771979487296175,27.939754264700856,1.6861875000000002
8930,0.8822979368036269,29.168116992254465,1.6920525000000002
8940,0.8873979248776364,28.553935628477635,1.6979175000000002
8949,0.8924979129516457,28.553935628477635,1.6920525000000002
8960,0.8924979129516457,27.939754264700856,1.6920525000000002
8970,0.9026978890996646,28.553935628477635,1.6979175000000002
8980,0.9128978652476835,26.711391537147243,1.6861875000000002
8990,0.9128978652476835,27.939754264700856,1.6979175000000002
9000,0.9179978533216928,27.325572900924026,1.6920525000000002
9011,0.9230978413957022,28.553935628477635,1.6979175000000002
9020,0.933297817543721,28.553935628477635,1.6979175000000002
9030,0.9383978056177303,28.553935628477635,1.6979175000000002
9040,0.9434977936917398,29.168116992254465,1.6979175000000002
9051,0.9434977936917398,28.553935628477635,1.6920525000000002
9061,0.9587977579137681,27.939754264700856,1.6979175000000002
9071,0.9587977579137681,27.939754264700856,1.6979175000000002
9081,0.9587977579137681,29.782298356031248,1.7213775000000002
9091,0.9740977221357963,26.711391537147243,1.6979175000000002
9101,0.9791977102098056,26.711391537147243,1.6979175000000002
9111,0.9842976982838151,27.325572900924026,1.7037825000000002
9121,0.9893976863578244,26.711391537147243,1.6920525000000002
9132,0.9944976744318338,27.939754264700856,1.6979175000000002
9142,1.0046976505798526,27.939754264700856,1.7037825000000002
9152,1.0046976505798526,28.553935628477635,1.7155125000000002
9162,1.0148976267278715,27.325572900924026,1.6979175000000002
9171,1.0148976267278715,26.097210173370414,1.6920525000000002
9182,1.0250976028758902,26.711391537147243,1.7037825000000002
9192,1.0301975909498997,25.483028809593634,1.6979175000000002
9202,1.0301975909498997,24.868847445816805,1.6979175000000002
9212,1.0403975670979184,24.868847445816805,1.6979175000000002
9223,1.0403975670979184,21.7979406269328,1.6979175000000002
9233,1.0505975432459373,23.640484718263192,1.6920525000000002
9242,1.0505975432459373,24.25466608204002,1.6979175000000002
9252,1.0556975313199466,23.640484718263192,1.6979175000000002
9263,1.0658975074679655,23.640484718263192,1.6920525000000002
9273,1.0658975074679655,26.097210173370414,1.7155125000000002
9283,1.0760974836159845,23.640484718263192,1.6920525000000002
9293,1.0811974716899937,23.640484718263192,1.6979175000000002
9304,1.0862974597640032,24.25466608204002,1.7096475000000002
9314,1.0862974597640032,24.25466608204002,1.7155125000000002
9323,1.0913974478380126,21.7979406269328,1.6979175000000002
9333,1.0964974359120219,21.18375926315597,1.6979175000000002
9344,1.1015974239860313,21.18375926315597,1.7037825000000002
9354,1.1015974239860313,19.95539653560236,1.6920525000000002
9364,1.11179740013405,19.95539653560236,1.6979175000000002
9374,1.1066974120600408,19.95539653560236,1.6920525000000002
9384,1.1168973882080597,20.569577899379187,1.6920525000000002
9394,1.11179740013405,21.18375926315597,1.7037825000000002
9404,1.1168973882080597,22.412121990709583,1.7155125000000002
9414,1.1270973643560784,19.341215171825578,1.2580425000000002
9424,1.132197352430088,17.498671080495136,0.8709525
9435,1.1270973643560784,14.427764261611134,0.5659725
9445,1.132197352430088,10.742676078950302,0.34310250000000003
9455,1.132197352430088,8.285950623843078,0.1847475
9464,1.1270973643560784,5.215043804959075,0.06744750000000001
9475,1.1270973643560784,0.3015928947446316,-0.0205275
9485,1.1270973643560784,-3.997676651692983,-0.08504250000000001
9495,1.1270973643560784,-7.0685834705770345,-0.1319625
9505,1.1270973643560784,-8.911127561907426,-0.17301750000000002
9516,1.1270973643560784,-10.139490289461039,-0.19061250000000002
9526,1.132197352430088,-10.753671653237866,-0.20820750000000002
9535,1.132197352430088,-11.36785301701465,-0.2199375
9545,1.132197352430088,-11.982034380791479,-0.22580250000000002
9555,1.1270973643560784,-12.59621574456826,-0.2375325
9566,1.132197352430088,-13.21039710834509,-0.2375325
9576,1.132197352430088,-14.4387598358987,-0.24339750000000002
9586,1.1270973643560784,-15.052941199675482,-0.24339750000000002
9596,1.121997376282069,-15.667122563452264,-0.24339750000000002
9606,1.1168973882080597,-16.895485291005873,-0.24926250000000003
9616,1.11179740013405,-17.509666654782702,-0.24339750000000002
9626,1.11179740013405,-19.352210746113098,-0.24926250000000003
9636,1.1015974239860313,-21.194754837443536,-0.24926250000000003
9647,1.1015974239860313,-21.194754837443536,-0.2551275
9657,1.0964974359120219,-23.03729892877393,-0.2551275
9667,1.0913974478380126,-23.03729892877393,-0.24926250000000003
9676,1.0862974597640032,-24.26566165632754,-0.2551275
9687,1.070997495541975,-24.26566165632754,-0.2609925
9697,1.0760974836159845,-24.26566165632754,-0.2551275
9707,1.070997495541975,-23.651480292550758,-0.2551275
9717,1.0658975074679655,-23.651480292550758,-0.2551275
9728,1.0505975432459373,-23.03729892877393,-0.24926250000000003
9738,1.0556975313199466,-23.651480292550758,-0.2609925
9748,1.0556975313199466,-23.651480292550758,-0.24926250000000003
9758,1.0505975432459373,-24.26566165632754,-0.24926250000000003
9768,1.0403975670979184,-25.49402438388115,-0.24926250000000003
9778,1.0403975670979184,-26.10820574765798,-0.24926250000000003
9788,1.0301975909498997,-27.336568475211592,-0.24926250000000003
9798,1.0250976028758902,-29.179112566541985,-0.2551275
9808,1.0148976267278715,-27.336568475211592,-0.23166750000000003
9819,1.009797638653862,-30.407475294095594,-0.2609925
9829,1.0046976505798526,-31.021656657872423,-0.2609925
9839,1.0046976505798526,-29.179112566541985,-0.2609925
9848,0.9995976625058431,-29.179112566541985,-0.2551275
9859,0.9893976863578244,-29.179112566541985,-0.2609925
9869,0.9842976982838151,-28.5649312027652,-0.2551275
9879,0.9791977102098056,-29.179112566541985,-0.2609925
9889,0.9689977340617869,-28.5649312027652,-0.2551275
9900,0.9638977459877774,-29.179112566541985,-0.2609925
9910,0.9587977579137681,-29.179112566541985,-0.2551275
9919,0.9536977698397587,-29.793293930318814,-0.2551275
9929,0.9485977817657492,-31.021656657872423,-0.2551275
9939,0.9383978056177303,-30.407475294095594,-0.2551275
9950,0.9383978056177303,-30.407475294095594,-0.2551275
9960,0.9230978413957022,-30.407475294095594,-0.2551275
9970,0.9179978533216928,-30.407475294095594,-0.2551275
9980,0.9128978652476835,-29.793293930318814,-0.2551275
9991,0.907797877173674,-31.021656657872423,-0.2551275
10000,0.907797877173674,-31.021656657872423,-0.2551275
10010,0.8975979010256551,-31.635838021649207,-0.2609925
10020,0.8924979129516457,-31.635838021649207,-0.2551275
10031,0.8873979248776364,-31.635838021649207,-0.2609925
10041,0.8771979487296175,-31.021656657872423,-0.2551275
10051,0.8771979487296175,-30.407475294095594,-0.2609925
10061,0.8669979725815987,-29.793293930318814,-0.2609925
10072,0.8618979845075894,-29.793293930318814,-0.2609925
10082,0.85679799643358,-28.5649312027652,-0.2551275
10091,0.8465980202855612,-29.179112566541985,-0.2551275
10101,0.8516980083595705,-29.179112566541985,-0.24926250000000003
10112,0.8414980322115516,-29.179112566541985,-0.24926250000000003
10122,0.8312980560635329,-29.179112566541985,-0.2551275
10132,0.8210980799155141,-29.179112566541985,-0.24926250000000003
10142,0.8159980918415047,-29.793293930318814,-0.2668575
10151,0.8108981037674953,-29.793293930318814,-0.2668575
10162,0.8108981037674953,-28.5649312027652,-0.2551275
10172,0.8057981156934859,-27.950749838988372,-0.2551275
10182,0.8006981276194765,-27.336568475211592,-0.2609925
10192,0.7955981395454671,-26.722387111434763,-0.2551275
10203,0.7853981633974483,-26.722387111434763,-0.2551275
10213,0.7802981753234389,-26.10820574765798,-0.24926250000000003
10223,0.7802981753234389,-26.10820574765798,-0.2551275
10232,0.77009819917542,-27.336568475211592,-0.2551275
10243,0.77009819917542,-27.336568475211592,-0.2551275
10253,0.7598982230274013,-27.336568475211592,-0.2609925
10263,0.7547982349533918,-27.336568475211592,-0.2609925
10273,0.7496982468793825,-26.10820574765798,-0.2551275
10284,0.744598258805373,-26.722387111434763,-0.2609925
10294,0.744598258805373,-25.49402438388115,-0.2609925
10304,0.7343982826573542,-25.49402438388115,-0.27272250000000003
10313,0.7292982945833448,-22.42311756499715,-0.24926250000000003
10323,0.7292982945833448,-23.03729892877393,-0.2551275
10334,0.7241983065093355,-21.80893620122032,-0.2551275
10344,0.7139983303613165,-21.80893620122032,-0.2609925
10354,0.719098318435326,-21.80893620122032,-0.2551275
10364,0.7139983303613165,-21.80893620122032,-0.2551275
10374,0.7088983422873072,-22.42311756499715,-0.2668575
10384,0.693598378065279,-21.80893620122032,-0.2551275
10394,0.6986983661392885,-21.194754837443536,-0.2609925
10404,0.6986983661392885,-21.194754837443536,-0.2551275
10415,0.6986983661392885,-20.580573473666707,-0.2551275
10425,0.693598378065279,-20.580573473666707,0.08504250000000001
10435,0.6884983899912696,-18.123848018559485,0.5073225
10445,0.693598378065279,-16.281303927229093,0.8240325000000001
10455,0.6884983899912696,-11.982034380791479,1.0586325
10465,0.693598378065279,-7.682764834353816,1.2404475000000001
10475,0.693598378065279,-5.226039379246594,1.3577475
10485,0.693598378065279,-0.3125884690321501,1.4457225
10496,0.6884983899912696,4.6008624411822465,1.5336975000000002
10506,0.693598378065279,4.6008624411822465,1.5630225000000002
10515,0.693598378065279,6.443406532512686,1.5923475
10525,0.6884983899912696,7.671769260066298,1.6216725
10535,0.693598378065279,9.514313351396689,1.6451325
10546,0.693598378065279,10.128494715173519,1.6568625000000001
10556,0.693598378065279,10.742676078950302,1.6685925000000001
10566,0.693598378065279,11.971038806503913,1.6685925000000001
10576,0.693598378065279,13.199401534057523,1.6744575000000002
10586,0.6986983661392885,15.656126989164745,1.6920525000000002
10596,0.7037983542132978,15.656126989164745,1.6861875000000002
10606,0.7088983422873072,16.270308352941527,1.6861875000000002
10616,0.7088983422873072,16.884489716718356,1.6803225000000002
10627,0.7139983303613165,18.112852444271965,1.6861875000000002
10637,0.719098318435326,18.72703380804875,1.6920525000000002
10647,0.719098318435326,21.18375926315597,1.7096475000000002
10656,0.7241983065093355,21.7979406269328,1.6979175000000002
10667,0.7343982826573542,21.18375926315597,1.6920525000000002
10677,0.7394982707313636,21.7979406269328,1.6920525000000002
10687,0.7394982707313636,21.7979406269328,1.6920525000000002
10697,0.744598258805373,22.412121990709583,1.6920525000000002
10707,0.7496982468793825,22.412121990709583,1.6920525000000002
10718,0.7598982230274013,23.026303354486412,1.6979175000000002
10728,0.7649982111014106,22.412121990709583,1.6979175000000002
10738,0.77009819917542,21.18375926315597,1.6861875000000002
10747,0.7751981872494295,21.7979406269328,1.6920525000000002
10758,0.7751981872494295,23.640484718263192,1.7096475000000002
10768,0.7802981753234389,23.026303354486412,1.6979175000000002
10778,0.7853981633974483,22.412121990709583,1.6861875000000002
10788,0.7955981395454671,24.25466608204002,1.6920525000000002
10799,0.8006981276194765,25.483028809593634,1.6920525000000002
10809,0.8057981156934859,24.868847445816805,1.6803225000000002
10818,0.8159980918415047,26.711391537147243,1.6979175000000002
10828,0.8108981037674953,27.939754264700856,1.7096475000000002
10839,0.8210980799155141,26.711391537147243,1.6979175000000002
10849,0.8312980560635329,27.325572900924026,1.6979175000000002
10859,0.8363980441375423,26.711391537147243,1.6979175000000002
10869,0.8414980322115516,26.711391537147243,1.6979175000000002
10880,0.8465980202855612,26.711391537147243,1.6920525000000002
10889,0.8465980202855612,26.097210173370414,1.6920525000000002
10899,0.8516980083595705,26.097210173370414,1.6920525000000002
10909,0.8618979845075894,27.325572900924026,1.6920525000000002
10919,0.8618979845075894,27.939754264700856,1.6920525000000002
10930,0.8720979606556082,28.553935628477635,1.6920525000000002
10940,0.8720979606556082,28.553935628477635,1.6920525000000002
10950,0.8873979248776364,29.168116992254465,1.6920525000000002
10959,0.8924979129516457,29.168116992254465,1.6979175000000002
10970,0.8924979129516457,27.939754264700856,1.6920525000000002
10980,0.8924979129516457,27.325572900924026,1.6861875000000002
10990,0.907797877173674,29.168116992254465,1.6979175000000002
11000,0.907797877173674,27.325572900924026,1.6861875000000002
11011,0.9230978413957022,28.553935628477635,1.6979175000000002
11021,0.9179978533216928,26.097210173370414,1.6685925000000001
11030,0.933297817543721,28.553935628477635,1.6920525000000002
11040,0.9383978056177303,29.168116992254465,1.6920525000000002
11051,0.9434977936917398,31.010661083584857,1.7155125000000002
11061,0.9434977936917398,28.553935628477635,1.7037825000000002
11071,0.9536977698397587,27.939754264700856,1.6979175000000002
11081,0.9587977579137681,29.168116992254465,1.7155125000000002
11091,0.9689977340617869,27.939754264700856,1.6979175000000002
11102,0.9740977221357963,27.325572900924026,1.7037825000000002
11111,0.9740977221357963,29.782298356031248,1.7155125000000002
11121,0.9842976982838151,27.325572900924026,1.6920525000000002
11131,0.9995976625058431,26.711391537147243,1.6861875000000002
11142,0.9944976744318338,27.325572900924026,1.6920525000000002
11152,1.0046976505798526,27.939754264700856,1.6920525000000002
11162,1.009797638653862,27.939754264700856,1.6979175000000002
11172,1.0148976267278715,27.325572900924026,1.6979175000000002
11182,1.019997614801881,27.325572900924026,1.6979175000000002
11192,1.0250976028758902,26.097210173370414,1.6979175000000002
11202,1.0301975909498997,25.483028809593634,1.6979175000000002
11212,1.0301975909498997,24.868847445816805,1.6979175000000002
11223,1.0403975670979184,24.868847445816805,1.6979175000000002
11233,1.0454975551719279,25.483028809593634,1.7037825000000002
11243,1.0454975551719279,24.25466608204002,1.6920525000000002
11252,1.0556975313199466,24.868847445816805,1.6920525000000002
11262,1.0607975193939563,24.868847445816805,1.6979175000000002
11273,1.0658975074679655,26.711391537147243,1.7155125000000002
11283,1.070997495541975,27.939754264700856,1.7272425
11293,1.0760974836159845,24.868847445816805,1.6979175000000002
11303,1.0811974716899937,26.097210173370414,1.7213775000000002
11314,1.0862974597640032,23.026303354486412,1.6920525000000002
11323,1.0913974478380126,22.412121990709583,1.7037825000000002
11333,1.0913974478380126,24.868847445816805,1.7272425
11343,1.0964974359120219,22.412121990709583,1.7096475000000002
11354,1.1015974239860313,20.569577899379187,1.6920525000000002
11364,1.1066974120600408,20.569577899379187,1.6979175000000002
11374,1.1066974120600408,19.95539653560236,1.6920525000000002
11384,1.11179740013405,22.412121990709583,1.7213775000000002
11395,1.1168973882080597,19.95539653560236,1.6979175000000002
11404,1.121997376282069,21.18375926315597,1.6979175000000002
11414,1.121997376282069,20.569577899379187,1.6979175000000002
11424,1.1270973643560784,21.7979406269328,1.7155125000000002
11435,1.1372973405040971,20.569577899379187,1.3166925
11445,1.1372973405040971,17.498671080495136,0.9120075000000001
11455,1.1372973405040971,13.813582897834353,0.6011625
11465,1.1372973405040971,10.128494715173519,0.3665625
11474,1.1372973405040971,5.829225168735857,0.2023425
11485,1.1372973405040971,0.9157742585214133,0.07917750000000001
11495,1.1372973405040971,-3.3834952879162015,-0.0087975
11505,1.132197352430088,-7.0685834705770345,-0.0909075
11515,1.1372973405040971,-8.911127561907426,-0.1319625
11526,1.1372973405040971,-9.525308925684255,-0.1612875
11536,1.1372973405040971,-11.36785301701465,-0.19647750000000003
11545,1.1372973405040971,-12.59621574456826,-0.20820750000000002
11555,1.1372973405040971,-12.59621574456826,-0.2199375
11566,1.1372973405040971,-13.21039710834509,-0.22580250000000002
11576,1.132197352430088,-12.59621574456826,-0.22580250000000002
11586,1.1372973405040971,-13.824578472121871,-0.2375325
11596,1.1372973405040971,-15.667122563452264,-0.24339750000000002
11606,1.1270973643560784,-15.667122563452264,-0.24926250000000003
11616,1.1270973643560784,-16.895485291005873,-0.2551275
11626,1.121997376282069,-18.123848018559485,-0.24339750000000002
11636,1.11179740013405,-19.352210746113098,-0.24926250000000003
11646,1.1168973882080597,-18.738029382336315,-0.2551275
11657,1.11179740013405,-20.580573473666707,-0.24926250000000003
11667,1.1066974120600408,-21.194754837443536,-0.24926250000000003
11677,1.0964974359120219,-23.03729892877393,-0.2609925
11686,1.0913974478380126,-21.80893620122032,-0.2375325
11697,1.0862974597640032,-23.03729892877393,-0.24926250000000003
11707,1.0811974716899937,-24.87984302010437,-0.2609925
11717,1.0811974716899937,-24.87984302010437,-0.2551275
11727,1.070997495541975,-24.26566165632754,-0.2609925
11738,1.070997495541975,-23.651480292550758,-0.24926250000000003
11748,1.0658975074679655,-24.26566165632754,-0.2609925
11758,1.0658975074679655,-24.26566165632754,-0.2668575
11767,1.0607975193939563,-24.26566165632754,-0.2551275
11778,1.0505975432459373,-23.03729892877393,-0.24926250000000003
11788,1.0454975551719279,-24.87984302010437,-0.2551275
11798,1.0403975670979184,-24.26566165632754,-0.2375325
11808,1.0352975790239092,-26.10820574765798,-0.2551275
11819,1.0301975909498997,-27.336568475211592,-0.2609925
11828,1.0250976028758902,-28.5649312027652,-0.2551275
11838,1.019997614801881,-29.179112566541985,-0.2551275
11848,1.009797638653862,-29.793293930318814,-0.2609925
11858,1.0046976505798526,-29.179112566541985,-0.2551275
11869,1.0046976505798526,-28.5649312027652,-0.2551275
11879,0.9944976744318338,-29.179112566541985,-0.2668575
11889,0.9893976863578244,-27.950749838988372,-0.2551275
11899,0.9893976863578244,-27.336568475211592,-0.2551275
11909,0.9791977102098056,-27.950749838988372,-0.2609925
11919,0.9740977221357963,-27.950749838988372,-0.2609925
11929,0.9689977340617869,-28.5649312027652,-0.2609925
11939,0.9638977459877774,-27.336568475211592,-0.2551275
11950,0.9536977698397587,-28.5649312027652,-0.24926250000000003
11960,0.9485977817657492,-28.5649312027652,-0.2551275
11970,0.9434977936917398,-28.5649312027652,-0.2551275
11980,0.9383978056177303,-29.179112566541985,-0.2609925
11990,0.933297817543721,-29.179112566541985,-0.2551275
12000,0.9281978294697116,-28.5649312027652,-0.2551275
12010,0.9230978413957022,-28.5649312027652,-0.2609925
12020,0.9179978533216928,-28.5649312027652,-0.2609925
12030,0.9128978652476835,-28.5649312027652,-0.24926250000000003
12041,0.907797877173674,-29.179112566541985,-0.2551275
12051,0.8975979010256551,-29.179112566541985,-0.24926250000000003
12061,0.8924979129516457,-30.407475294095594,-0.2609925
12070,0.8822979368036269,-30.407475294095594,-0.2609925
12081,0.8822979368036269,-30.407475294095594,-0.2609925
12091,0.8720979606556082,-29.793293930318814,-0.2609925
12101,0.8669979725815987,-29.179112566541985,-0.2609925
12111,0.8669979725815987,-28.5649312027652,-0.2551275
12122,0.8516980083595705,-27.950749838988372,-0.2609925
12132,0.85679799643358,-27.336568475211592,-0.2551275
12141,0.8465980202855612,-27.336568475211592,-0.2551275
12151,0.8414980322115516,-27.336568475211592,-0.24926250000000003
12162,0.8363980441375423,-27.950749838988372,-0.24926250000000003
12172,0.8312980560635329,-28.5649312027652,-0.24926250000000003
12182,0.8261980679895234,-28.5649312027652,-0.2551275
12192,0.8159980918415047,-27.950749838988372,-0.2609925
12203,0.8108981037674953,-27.336568475211592,-0.2551275
12212,0.8108981037674953,-27.950749838988372,-0.2551275
12222,0.8057981156934859,-26.722387111434763,-0.2609925
12232,0.8006981276194765,-26.722387111434763,-0.2609925
12242,0.7853981633974483,-26.10820574765798,-0.2668575
12253,0.7904981514714576,-26.10820574765798,-0.2609925
12263,0.7853981633974483,-23.651480292550758,-0.24339750000000002
12273,0.7802981753234389,-26.10820574765798,-0.2609925
12282,0.7802981753234389,-25.49402438388115,-0.2551275
12293,0.77009819917542,-25.49402438388115,-0.2609925
12303,0.7649982111014106,-26.10820574765798,-0.2551275
12313,0.7598982230274013,-26.10820574765798,-0.2609925
12323,0.7547982349533918,-26.10820574765798,-0.2609925
12334,0.7496982468793825,-25.49402438388115,-0.2609925
12344,0.744598258805373,-24.26566165632754,-0.2609925
12353,0.744598258805373,-23.651480292550758,-0.2609925
12363,0.7394982707313636,-23.03729892877393,-0.2609925
12374,0.7343982826573542,-21.80893620122032,-0.2668575
12384,0.7292982945833448,-21.80893620122032,-0.2668575
12394,0.7292982945833448,-21.194754837443536,-0.2609925
12404,0.7292982945833448,-20.580573473666707,-0.2609925
12414,0.7139983303613165,-20.580573473666707,-0.2609925
12425,0.7139983303613165,-20.580573473666707,-0.2551275
12434,0.7139983303613165,-20.580573473666707,-0.2609925
12444,0.7088983422873072,-20.580573473666707,0.1026375
12454,0.7088983422873072,-19.352210746113098,0.5249175
12465,0.7088983422873072,-16.281303927229093,0.8416275000000001
12475,0.7088983422873072,-13.21039710834509,1.0644975
12485,0.7088983422873072,-8.911127561907426,1.2345825000000001
12494,0.7088983422873072,-5.226039379246594,1.3518825
12505,0.7139983303613165,-0.9267698328089794,1.4515875
12515,0.7088983422873072,2.1441369860750243,1.5161025000000001
12525,0.7088983422873072,4.6008624411822465,1.5630225000000002
12535,0.7088983422873072,5.829225168735857,1.6040775
12546,0.7088983422873072,6.443406532512686,1.6275375
12556,0.7037983542132978,6.443406532512686,1.6392675
12565,0.7088983422873072,7.057587896289468,1.6451325
12575,0.7088983422873072,8.285950623843078,1.6627275000000001
12585,0.7139983303613165,8.285950623843078,1.6803225000000002
12596,0.7139983303613165,10.128494715173519,1.6803225000000002
12606,0.7088983422873072,10.128494715173519,1.6803225000000002
12616,0.7088983422873072,10.742676078950302,1.6861875000000002
12626,0.7139983303613165,11.971038806503913,1.6861875000000002
12636,0.719098318435326,13.199401534057523,1.6803225000000002
12646,0.7241983065093355,13.199401534057523,1.6920525000000002
12656,0.7241983065093355,16.884489716718356,1.7037825000000002
12666,0.7292982945833448,15.656126989164745,1.6920525000000002
12677,0.7241983065093355,16.884489716718356,1.6979175000000002
12687,0.7343982826573542,16.884489716718356,1.6920525000000002
12697,0.7394982707313636,16.884489716718356,1.6861875000000002
12707,0.744598258805373,18.112852444271965,1.6979175000000002
12717,0.744598258805373,17.498671080495136,1.6803225000000002
12727,0.744598258805373,18.112852444271965,1.6920525000000002
12737,0.7547982349533918,18.72703380804875,1.6979175000000002
12747,0.7598982230274013,19.341215171825578,1.6920525000000002
12758,0.7649982111014106,19.341215171825578,1.6920525000000002
12768,0.77009819917542,19.95539653560236,1.6920525000000002
12777,0.7751981872494295,19.95539653560236,1.6920525000000002
12787,0.7802981753234389,20.569577899379187,1.6920525000000002
12797,0.7853981633974483,21.18375926315597,1.6861875000000002
12808,0.7853981633974483,21.7979406269328,1.6979175000000002
12818,0.7955981395454671,22.412121990709583,1.6920525000000002
12828,0.8057981156934859,23.640484718263192,1.6920525000000002
12838,0.8057981156934859,23.640484718263192,1.6861875000000002
12848,0.8057981156934859,26.711391537147243,1.7155125000000002
12858,0.8159980918415047,24.868847445816805,1.6920525000000002
12868,0.8210980799155141,24.25466608204002,1.6920525000000002
12878,0.8261980679895234,26.097210173370414,1.6979175000000002
12889,0.8363980441375423,26.711391537147243,1.7155125000000002
12899,0.8363980441375423,24.868847445816805,1.6920525000000002
12909,0.8414980322115516,24.25466608204002,1.6920525000000002
12918,0.85679799643358,24.868847445816805,1.6979175000000002
12929,0.85679799643358,25.483028809593634,1.6920525000000002
12939,0.85679799643358,25.483028809593634,1.6920525000000002
12949,0.8618979845075894,26.097210173370414,1.6920525000000002
12959,0.8669979725815987,27.325572900924026,1.6861875000000002
12969,0.8720979606556082,27.325572900924026,1.6861875000000002
12980,0.8822979368036269,29.168116992254465,1.6979175000000002
12990,0.8822979368036269,29.782298356031248,1.7096475000000002
12999,0.8924979129516457,28.553935628477635,1.6979175000000002
13009,0.8975979010256551,29.782298356031248,1.7213775000000002
13020,0.8975979010256551,27.325572900924026,1.6920525000000002
13030,0.907797877173674,27.325572900924026,1.6979175000000002
13040,0.9128978652476835,26.711391537147243,1.6979175000000002
13050,0.9230978413957022,26.711391537147243,1.6920525000000002
13061,0.9230978413957022,26.711391537147243,1.6920525000000002
13071,0.9281978294697116,26.711391537147243,1.6920525000000002
13080,0.933297817543721,26.711391537147243,1.6979175000000002
13090,0.9485977817657492,27.939754264700856,1.7037825000000002
13101,0.9485977817657492,27.325572900924026,1.6979175000000002
13111,0.9485977817657492,29.168116992254465,1.7155125000000002
13121,0.9587977579137681,27.325572900924026,1.6920525000000002
13131,0.9638977459877774,26.711391537147243,1.6920525000000002
13142,0.9689977340617869,26.097210173370414,1.6920525000000002
13152,0.9740977221357963,26.711391537147243,1.7037825000000002
13161,0.9791977102098056,25.483028809593634,1.6920525000000002
13171,0.9893976863578244,26.711391537147243,1.6979175000000002
13181,0.9944976744318338,26.711391537147243,1.6979175000000002
13192,0.9944976744318338,26.711391537147243,1.6920525000000002
13202,1.0046976505798526,26.711391537147243,1.6979175000000002
13212,1.009797638653862,25.483028809593634,1.6979175000000002
13222,1.0148976267278715,26.097210173370414,1.6920525000000002
13233,1.019997614801881,25.483028809593634,1.6979175000000002
13242,1.0250976028758902,24.25466608204002,1.6920525000000002
13252,1.0301975909498997,24.868847445816805,1.6979175000000002
13262,1.0352975790239092,23.640484718263192,1.6861875000000002
13273,1.0352975790239092,23.640484718263192,1.6979175000000002
13283,1.0352975790239092,23.026303354486412,1.6920525000000002
13292,1.0403975670979184,24.868847445816805,1.7096475000000002
13302,1.0556975313199466,24.25466608204002,1.6979175000000002
13313,1.0607975193939563,24.25466608204002,1.6920525000000002
13323,1.0607975193939563,23.640484718263192,1.6979175000000002
13333,1.070997495541975,23.640484718263192,1.6979175000000002
13343,1.070997495541975,24.25466608204002,1.6979175000000002
13353,1.0811974716899937,23.026303354486412,1.6979175000000002
13364,1.0811974716899937,23.026303354486412,1.6979175000000002
13373,1.0862974597640032,24.25466608204002,1.7213775000000002
13383,1.1015974239860313,21.7979406269328,1.6920525000000002
13393,1.0964974359120219,21.18375926315597,1.7037825000000002
13404,1.1015974239860313,19.95539653560236,1.6920525000000002
13414,1.1015974239860313,20.569577899379187,1.6979175000000002
13424,1.1066974120600408,19.341215171825578,1.6920525000000002
13434,1.1066974120600408,19.95539653560236,1.6920525000000002
13444,1.121997376282069,20.569577899379187,1.6803225000000002
13454,1.121997376282069,20.569577899379187,1.2990975
13464,1.121997376282069,18.72703380804875,0.8826825
13474,1.121997376282069,15.656126989164745,0.5952975
13485,1.121997376282069,11.971038806503913,0.3665625
13495,1.121997376282069,8.900131987619908,0.2023425
13505,1.1168973882080597,4.6008624411822465,0.06744750000000001
13514,1.121997376282069,2.1441369860750243,-0.0205275
13524,1.121997376282069,-0.9267698328089794,-0.07917750000000001
13535,1.1270973643560784,-3.997676651692983,-0.1260975
13545,1.121997376282069,-5.840220743023424,-0.1671525
13555,1.121997376282069,-7.682764834353816,-0.19061250000000002
13565,1.121997376282069,-8.296946198130644,-0.2023425
13576,1.121997376282069,-8.911127561907426,-0.22580250000000002
13586,1.1270973643560784,-9.525308925684255,-0.23166750000000003
13595,1.121997376282069,-10.139490289461039,-0.23166750000000003
13605,1.1270973643560784,-10.753671653237866,-0.2375325
13616,1.1168973882080597,-11.36785301701465,-0.2375325
13626,1.121997376282069,-13.21039710834509,-0.24339750000000002
13636,1.1270973643560784,-13.824578472121871,-0.24339750000000002
13646,1.121997376282069,-14.4387598358987,-0.2375325
13657,1.1168973882080597,-15.052941199675482,-0.24926250000000003
13666,1.11179740013405,-16.281303927229093,-0.2551275
13676,1.11179740013405,-17.509666654782702,-0.24926250000000003
13686,1.1066974120600408,-17.509666654782702,-0.24339750000000002
13697,1.0964974359120219,-19.352210746113098,-0.2551275
13707,1.0964974359120219,-19.352210746113098,-0.24926250000000003
13717,1.0964974359120219,-20.580573473666707,-0.2551275
13727,1.0862974597640032,-20.580573473666707,-0.2609925
13736,1.0862974597640032,-20.580573473666707,-0.2551275
13747,1.0760974836159845,-21.194754837443536,-0.2609925
13757,1.0760974836159845,-21.194754837443536,-0.2609925
13767,1.070997495541975,-22.42311756499715,-0.2668575
13777,1.0658975074679655,-21.80893620122032,-0.2551275
13788,1.0607975193939563,-21.194754837443536,-0.2551275
13798,1.0607975193939563,-21.80893620122032,-0.2551275
13807,1.0556975313199466,-22.42311756499715,-0.2551275
13817,1.0505975432459373,-22.42311756499715,-0.24926250000000003
13828,1.0403975670979184,-23.651480292550758,-0.24926250000000003
13838,1.0403975670979184,-24.87984302010437,-0.2551275
13848,1.0352975790239092,-25.49402438388115,-0.2551275
13858,1.0250976028758902,-25.49402438388115,-0.24926250000000003
13869,1.019997614801881,-26.722387111434763,-0.2551275
13878,1.019997614801881,-27.950749838988372,-0.2551275
13888,1.0148976267278715,-27.336568475211592,-0.2609925
13898,1.0046976505798526,-27.950749838988372,-0.2668575
13908,0.9944976744318338,-26.722387111434763,-0.2609925
13919,0.9995976625058431,-26.10820574765798,-0.2609925
13929,0.9893976863578244,-25.49402438388115,-0.2551275
13939,0.9893976863578244,-25.49402438388115,-0.2551275
13949,0.9791977102098056,-26.10820574765798,-0.2609925
13960,0.9791977102098056,-26.10820574765798,-0.2551275
13969,0.9689977340617869,-26.10820574765798,-0.24926250000000003
13979,0.9638977459877774,-27.336568475211592,-0.24926250000000003
13989,0.9536977698397587,-28.5649312027652,-0.24926250000000003
14000,0.9485977817657492,-28.5649312027652,-0.24926250000000003
14010,0.9434977936917398,-29.179112566541985,-0.2551275
14020,0.9434977936917398,-29.179112566541985,-0.2609925
14030,0.9383978056177303,-28.5649312027652,-0.2551275
14041,0.9281978294697116,-28.5649312027652,-0.2551275
14050,0.9230978413957022,-27.950749838988372,-0.2551275
14060,0.9179978533216928,-27.336568475211592,-0.2551275
14070,0.9128978652476835,-27.950749838988372,-0.2551275
14081,0.907797877173674,-27.950749838988372,-0.2551275
14091,0.8975979010256551,-28.5649312027652,-0.2551275
14101,0.8975979010256551,-29.179112566541985,-0.2551275
14111,0.8873979248776364,-29.179112566541985,-0.2551275
14121,0.8822979368036269,-29.793293930318814,-0.2609925
14131,0.8771979487296175,-29.179112566541985,-0.2551275
14141,0.8720979606556082,-29.179112566541985,-0.2609925
14151,0.8669979725815987,-28.5649312027652,-0.2609925
14161,0.8618979845075894,-27.950749838988372,-0.2551275
14172,0.85679799643358,-26.722387111434763,-0.2551275
14182,0.8465980202855612,-27.950749838988372,-0.2609925
14192,0.8465980202855612,-27.336568475211592,-0.2551275
14201,0.8414980322115516,-27.336568475211592,-0.2551275
14212,0.8363980441375423,-27.336568475211592,-0.2551275
14222,0.8312980560635329,-27.336568475211592,-0.2551275
14232,0.8210980799155141,-27.950749838988372,-0.2609925
14242,0.8210980799155141,-28.5649312027652,-0.2668575
14253,0.8108981037674953,-27.336568475211592,-0.2609925
14263,0.8108981037674953,-26.10820574765798,-0.2609925
14273,0.8006981276194765,-26.10820574765798,-0.2668575
14282,0.7904981514714576,-25.49402438388115,-0.2609925
14292,0.7955981395454671,-24.26566165632754,-0.2609925
14303,0.7802981753234389,-25.49402438388115,-0.2668575
14313,0.7853981633974483,-23.651480292550758,-0.2551275
14323,0.7802981753234389,-23.651480292550758,-0.2551275
14333,0.77009819917542,-23.651480292550758,-0.24339750000000002
14343,0.7751981872494295,-24.87984302010437,-0.2551275
14353,0.77009819917542,-24.87984302010437,-0.2551275
14363,0.7649982111014106,-24.87984302010437,-0.2551275
14373,0.7547982349533918,-24.87984302010437,-0.2551275
14384,0.7547982349533918,-24.26566165632754,-0.2609925
14394,0.7496982468793825,-23.651480292550758,-0.2551275
14404,0.744598258805373,-22.42311756499715,-0.2609925
14414,0.744598258805373,-22.42311756499715,-0.2668575
14424,0.7343982826573542,-19.966392109889924,-0.2551275
14434,0.7343982826573542,-19.352210746113098,-0.2609925
14444,0.7343982826573542,-19.352210746113098,-0.2551275
14454,0.7343982826573542,-18.738029382336315,-0.2551275
14465,0.7292982945833448,-18.123848018559485,0.1319625
14475,0.7292982945833448,-17.509666654782702,0.5425125000000001
14485,0.7292982945833448,-15.667122563452264,0.8474925000000001
14494,0.7292982945833448,-11.36785301701465,1.0820925000000001
14504,0.7241983065093355,-8.911127561907426,1.2404475000000001
14515,0.7241983065093355,-5.840220743023424,1.3636125000000001
14525,0.7241983065093355,-2.15513256036259,1.4574525
14535,0.7343982826573542,0.9157742585214133,1.5219675000000001
14545,0.7241983065093355,3.372499713628635,1.5630225000000002
14556,0.7292982945833448,4.6008624411822465,1.5982125
14565,0.7292982945833448,5.829225168735857,1.6216725
14575,0.7292982945833448,6.443406532512686,1.6451325
14585,0.7292982945833448,7.057587896289468,1.6568625000000001
14596,0.7292982945833448,8.900131987619908,1.6627275000000001
14606,0.719098318435326,8.900131987619908,1.6627275000000001
14616,0.7292982945833448,10.742676078950302,1.6744575000000002
14626,0.7292982945833448,12.585220170280742,1.6744575000000002
14636,0.7292982945833448,14.427764261611134,1.6803225000000002
14646,0.7343982826573542,15.656126989164745,1.6861875000000002
14656,0.7394982707313636,16.884489716718356,1.6861875000000002
14666,0.744598258805373,18.72703380804875,1.6861875000000002
14676,0.744598258805373,18.72703380804875,1.6861875000000002
14687,0.7496982468793825,19.341215171825578,1.6920525000000002
14696,0.7547982349533918,23.026303354486412,1.7272425
14706,0.7598982230274013,19.95539653560236,1.6920525000000002
14716,0.7649982111014106,19.95539653560236,1.6744575000000002
14727,0.77009819917542,20.569577899379187,1.7037825000000002
14737,0.77009819917542,19.95539653560236,1.6861875000000002
14747,0.7751981872494295,21.18375926315597,1.6979175000000002
14757,0.7751981872494295,20.569577899379187,1.6861875000000002
14767,0.7853981633974483,20.569577899379187,1.6861875000000002
14777,0.7955981395454671,23.026303354486412,1.6920525000000002
14787,0.8006981276194765,23.640484718263192,1.6920525000000002
14797,0.8006981276194765,25.483028809593634,1.7037825000000002
14808,0.8108981037674953,26.097210173370414,1.6920525000000002
14818,0.8159980918415047,26.097210173370414,1.6979175000000002
14828,0.8261980679895234,26.097210173370414,1.6979175000000002
14837,0.8210980799155141,28.553935628477635,1.7155125000000002
14848,0.8312980560635329,27.325572900924026,1.7096475000000002
14858,0.8363980441375423,26.097210173370414,1.6920525000000002
14868,0.8363980441375423,26.711391537147243,1.6979175000000002
14878,0.8465980202855612,26.097210173370414,1.6920525000000002
14888,0.8516980083595705,29.168116992254465,1.7155125000000002
14898,0.8618979845075894,26.711391537147243,1.6861875000000002
14908,0.8669979725815987,28.553935628477635,1.6979175000000002
14918,0.8720979606556082,27.939754264700856,1.6920525000000002
14928,0.8822979368036269,29.782298356031248,1.7096475000000002
14939,0.8873979248776364,29.168116992254465,1.6979175000000002
14949,0.8924979129516457,29.168116992254465,1.7037825000000002
14959,0.8975979010256551,28.553935628477635,1.7037825000000002
14968,0.8975979010256551,27.939754264700856,1.6979175000000002
14979,0.907797877173674,27.939754264700856,1.6979175000000002
14989,0.9128978652476835,27.939754264700856,1.6920525000000002
14999,0.9128978652476835,27.939754264700856,1.6979175000000002
15009,0.9230978413957022,29.782298356031248,1.7096475000000002
15020,0.933297817543721,29.782298356031248,1.7096475000000002
15030,0.9383978056177303,27.939754264700856,1.6920525000000002
15039,0.9434977936917398,29.782298356031248,1.7096475000000002
15049,0.9485977817657492,28.553935628477635,1.7037825000000002
15059,0.9485977817657492,29.168116992254465,1.7096475000000002
15070,0.9587977579137681,27.939754264700856,1.6979175000000002
15080,0.9689977340617869,27.939754264700856,1.6979175000000002
15090,0.9689977340617869,29.782298356031248,1.7213775000000002
15100,0.9791977102098056,27.939754264700856,1.6920525000000002
15111,0.9842976982838151,27.939754264700856,1.6979175000000002
15120,0.9842976982838151,27.939754264700856,1.6861875000000002
15130,0.9944976744318338,27.939754264700856,1.6861875000000002
15140,1.0046976505798526,28.553935628477635,1.6979175000000002
15151,1.009797638653862,27.939754264700856,1.6979175000000002
15161,1.019997614801881,28.553935628477635,1.6979175000000002
15171,1.019997614801881,27.939754264700856,1.7037825000000002
15180,1.0250976028758902,26.711391537147243,1.7037825000000002
15191,1.0301975909498997,26.711391537147243,1.6979175000000002
15201,1.0352975790239092,26.711391537147243,1.6979175000000002
15211,1.0403975670979184,26.097210173370414,1.6920525000000002
15221,1.0454975551719279,25.483028809593634,1.6979175000000002
15232,1.0505975432459373,25.483028809593634,1.6920525000000002
15242,1.0556975313199466,26.097210173370414,1.6920525000000002
15252,1.0607975193939563,26.097210173370414,1.6979175000000002
15261,1.0658975074679655,25.483028809593634,1.6920525000000002
15271,1.070997495541975,26.097210173370414,1.6979175000000002
15282,1.0760974836159845,26.097210173370414,1.6979175000000002
15292,1.0811974716899937,24.25466608204002,1.6920525000000002
15302,1.0862974597640032,23.640484718263192,1.6920525000000002
15312,1.0964974359120219,24.25466608204002,1.7037825000000002
15323,1.1066974120600408,23.640484718263192,1.6979175000000002
15332,1.1015974239860313,21.7979406269328,1.6920525000000002
15342,1.1066974120600408,23.026303354486412,1.6979175000000002
15352,1.1168973882080597,22.412121990709583,1.6920525000000002
15363,1.1168973882080597,22.412121990709583,1.6920525000000002
15373,1.121997376282069,21.7979406269328,1.6920525000000002
15383,1.1270973643560784,21.7979406269328,1.6979175000000002
15393,1.132197352430088,21.7979406269328,1.6979175000000002
15404,1.132197352430088,21.18375926315597,1.6979175000000002
15413,1.132197352430088,21.18375926315597,1.6979175000000002
15423,1.1423973285781066,20.569577899379187,1.6979175000000002
