time,angle,velocity,current
302,0.17826689392350642,-1.5354534094420114,0.0
314,0.18790294224369594,-1.5354534094420114,0.0
324,0.18790294224369594,-2.7638161369956205,0.0
334,0.19272096640379072,-4.606360228326034,0.005865
344,0.19272096640379072,-5.220541592102839,0.02346
354,0.19272096640379072,-5.834722955879643,0.052785000000000006
364,0.19272096640379072,-5.220541592102839,0.08211
374,0.19272096640379072,-4.606360228326034,0.11730000000000002
385,0.18790294224369594,-2.7638161369956205,0.17008500000000001
395,0.19272096640379072,-3.9921788645492295,0.19354500000000002
405,0.19272096640379072,-3.377997500772425,0.22873500000000002
415,0.19272096640379072,-2.149634773218816,0.26979000000000003
424,0.19272096640379072,-0.3070906818884023,0.30498000000000003
435,0.19272096640379072,0.9212720456652067,0.34017000000000003
445,0.19272096640379072,1.5354534094420114,0.37536
455,0.19272096640379072,2.149634773218816,0.41055
465,0.19753899056388546,3.377997500772425,0.439875
476,0.20235701472398027,5.220541592102839,0.475065
486,0.207175038884075,7.063085683433252,0.50439
495,0.21199306304416976,10.133992502317275,0.533715
505,0.21681108720426456,13.204899321201298,0.5571750000000001
516,0.2216291113643593,16.889987503862123,0.580635
526,0.2264471355244541,22.417619777853368,0.6099600000000001
536,0.23126515968454886,26.102707960514195,0.6216900000000001
546,0.2409012080047384,31.016158870728628,0.6334200000000001
556,0.2553552804850227,38.386335236050286,0.662745
566,0.269809352965307,42.07142341871111,0.65688
576,0.27944540128549655,47.59905569270235,0.66861
586,0.29389947376578085,52.512506602916794,0.662745
596,0.30835354624606515,59.26850160446163,0.674475
607,0.32762564288644425,66.0244966060065,0.6862050000000001
617,0.3468977395268233,69.70958478866731,0.6803400000000001
626,0.3613518120071076,75.85139842643535,0.674475
636,0.3806239086474867,81.37903070042661,0.674475
647,0.3998960052878658,86.29248161064103,0.662745
657,0.4191681019282448,89.97756979330187,0.651015
667,0.4432582227287186,93.66265797596269,0.6275550000000001
677,0.4625303193690977,97.96192752240033,0.6216900000000001
688,0.4818024160094768,100.41865297750753,0.604095
697,0.5107105609700454,103.48955979639157,0.580635
707,0.5299826576104245,103.48955979639157,0.5454450000000001
717,0.5540727784108983,104.71792252394518,0.521985
728,0.5637088267310878,104.71792252394518,0.49266000000000004
738,0.5877989475315617,104.71792252394518,0.46920000000000006
748,0.6118890683320355,103.48955979639157,0.43401
758,0.6311611649724146,101.03283434128434,0.404685
768,0.6456152374526989,97.96192752240033,0.36363
778,0.664887334093078,93.66265797596269,0.32844
788,0.6793414065733622,89.36338842952506,0.29325
798,0.6889774548935518,83.221574791757,0.252195
808,0.7034315273738361,76.46557979021216,0.217005
819,0.7082495515339309,69.0954034248905,0.17595000000000002
829,0.7178855998541204,61.72522705956886,0.12903
838,0.7227036240142152,52.512506602916794,0.09384
848,0.7275216481743099,43.91396751004152,0.052785000000000006
859,0.7275216481743099,35.31542841716626,0.005865
869,0.7323396723344047,27.94525205184461,-0.02346
879,0.7323396723344047,20.575075686522954,-0.07624500000000001
889,0.7323396723344047,14.433262048754909,-0.11730000000000002
900,0.7275216481743099,7.063085683433252,-0.181815
910,0.7275216481743099,5.834722955879643,-0.19941
919,0.7275216481743099,2.7638161369956205,-0.240465
929,0.7323396723344047,-0.9212720456652067,-0.28152
940,0.7323396723344047,-2.7638161369956205,-0.31671000000000005
950,0.7275216481743099,-3.9921788645492295,-0.35190000000000005
960,0.7275216481743099,-3.9921788645492295,-0.38709000000000005
970,0.7275216481743099,-4.606360228326034,-0.41641500000000004
980,0.7275216481743099,-3.9921788645492295,-0.44574
991,0.7275216481743099,-4.606360228326034,-0.475065
1001,0.7323396723344047,-4.606360228326034,-0.50439
1010,0.7275216481743099,-4.606360228326034,-0.52785
1020,0.7178855998541204,-4.606360228326034,-0.5395800000000001
1031,0.7178855998541204,-8.905629774763666,-0.568905
1041,0.7130675756940257,-15.661624776308516,-0.6099600000000001
1051,0.7082495515339309,-16.889987503862123,-0.592365
1061,0.7034315273738361,-24.874345232960582,-0.639285
1072,0.6841594307334571,-26.102707960514195,-0.604095
1081,0.6841594307334571,-34.08706568961265,-0.64515
1091,0.6745233824132675,-40.228879327380696,-0.65688
1101,0.664887334093078,-43.29978614626472,-0.64515
1112,0.6552512857728885,-49.44159978403276,-0.651015
1122,0.6407972132926041,-52.512506602916794,-0.64515
1132,0.6263431408123198,-56.81177614935442,-0.6275550000000001
1142,0.6118890683320355,-62.33940842334566,-0.6275550000000001
1153,0.5974349958517512,-68.4812220611137,-0.6275550000000001
1162,0.5829809233714669,-72.16631024377453,-0.6216900000000001
1172,0.5685268508911826,-75.23721706265856,-0.59823
1182,0.5492547542508035,-80.7648493366498,-0.6099600000000001
1192,0.5348006817705192,-81.37903070042661,-0.56304
1203,0.5155285851301401,-83.221574791757,-0.5395800000000001
1213,0.49625648848976106,-84.44993751931062,-0.51612
1223,0.4818024160094768,-85.67830024686424,-0.49852500000000005
1232,0.4625303193690977,-85.06411888308743,-0.46333500000000005
1243,0.44807624688881337,-84.44993751931062,-0.439875
1253,0.4336221744085291,-84.44993751931062,-0.41641500000000004
1263,0.4191681019282448,-82.60739342798021,-0.38122500000000004
1273,0.4095320536080553,-80.150667972873,-0.35190000000000005
1284,0.3950779811277709,-80.150667972873,-0.34017000000000003
1294,0.38544193280758143,-72.78049160755134,-0.27565500000000004
1303,0.37098786032729714,-67.2528593335601,-0.240465
1313,0.3613518120071076,-64.18195251467608,-0.22287
1324,0.35653378784701284,-54.969232058024005,-0.16422
1334,0.35653378784701284,-48.82741842025597,-0.12316500000000001
1344,0.35171576368691804,-40.843060691157504,-0.08211
1354,0.3468977395268233,-34.08706568961265,-0.041055
1364,0.3468977395268233,-29.78779614317502,0.0
1375,0.3468977395268233,-23.645982505406977,0.029325000000000004
1384,0.35171576368691804,-17.504168867638928,0.08211
1394,0.3468977395268233,-15.04744341253171,0.10557000000000001
1404,0.3468977395268233,-8.291448410986861,0.181815
1415,0.35171576368691804,-7.063085683433252,0.19941
1425,0.3468977395268233,-3.9921788645492295,0.24633000000000002
1435,0.35171576368691804,-2.7638161369956205,0.29325
1444,0.3468977395268233,0.3070906818884023,0.34603500000000004
1455,0.35171576368691804,-0.3070906818884023,0.369495
1465,0.3468977395268233,-0.3070906818884023,0.404685
1475,0.3468977395268233,-0.3070906818884023,0.43401
1485,0.35171576368691804,-2.149634773218816,0.45747000000000004
1496,0.35171576368691804,-2.7638161369956205,0.48093
1506,0.3468977395268233,-2.7638161369956205,0.50439
1515,0.35653378784701284,2.149634773218816,0.5571750000000001
1525,0.35653378784701284,5.220541592102839,0.580635
1536,0.36616983616720233,9.51981113854047,0.59823
1546,0.37098786032729714,15.04744341253171,0.6158250000000001
1556,0.3758058844873919,19.96089432274615,0.6334200000000001
1566,0.38544193280758143,24.874345232960582,0.6334200000000001
1576,0.3950779811277709,30.401977506951823,0.651015
1586,0.40471402944796053,35.31542841716626,0.662745
1596,0.4191681019282448,38.386335236050286,0.64515
1606,0.4288041502484344,48.21323705647916,0.6862050000000001
1616,0.4432582227287186,52.512506602916794,0.674475
1627,0.4625303193690977,57.42595751313123,0.66861
1637,0.4769843918493821,62.95358978712247,0.66861
1647,0.4914384643296663,66.6386779697833,0.64515
1656,0.5107105609700454,73.39467297132815,0.651015
1667,0.5203466092902349,75.85139842643535,0.6216900000000001
1677,0.5444367300907087,81.99321206420342,0.6334200000000001
1687,0.5637088267310878,85.06411888308743,0.6275550000000001
1697,0.5781628992113721,87.52084433819465,0.592365
1708,0.6022530200118459,89.97756979330187,0.568905
1717,0.621525116652225,89.97756979330187,0.52785
1727,0.6407972132926041,91.20593252085547,0.510255
1737,0.6552512857728885,92.43429524840909,0.49266000000000004
1747,0.6745233824132675,91.20593252085547,0.45747000000000004
1758,0.6841594307334571,91.20593252085547,0.439875
1768,0.7082495515339309,86.29248161064103,0.37536
1778,0.7275216481743099,84.44993751931062,0.35190000000000005
1788,0.7419757206545943,81.37903070042661,0.322575
1798,0.7516117689747838,77.07976115398897,0.287385
1808,0.7612478172949734,70.93794751622093,0.24633000000000002
1818,0.7708838656151629,64.79613387845288,0.205275
1828,0.7805199139353524,57.42595751313123,0.16422
1839,0.785337938095447,50.05578114780957,0.12316500000000001
1849,0.7901559622555419,42.685604782487914,0.08797500000000001
1859,0.7901559622555419,34.70124705338946,0.04692
1869,0.7901559622555419,28.559433415621413,0.005865
1879,0.7901559622555419,19.96089432274615,-0.041055
1889,0.7901559622555419,13.819080684978102,-0.08211
1899,0.7901559622555419,6.448904319656448,-0.146625
1909,0.7901559622555419,3.377997500772425,-0.17008500000000001
1920,0.7901559622555419,-0.9212720456652067,-0.22873500000000002
1930,0.7901559622555419,-1.5354534094420114,-0.24633000000000002
1940,0.7901559622555419,-3.377997500772425,-0.28152
1949,0.7901559622555419,-3.377997500772425,-0.322575
1959,0.7901559622555419,-3.9921788645492295,-0.357765
1970,0.7901559622555419,-4.606360228326034,-0.39295500000000005
1980,0.7901559622555419,-3.9921788645492295,-0.41641500000000004
1990,0.7901559622555419,-3.9921788645492295,-0.44574
2000,0.7901559622555419,-3.377997500772425,-0.48093
2011,0.7901559622555419,-3.377997500772425,-0.510255
2020,0.785337938095447,-3.377997500772425,-0.52785
2030,0.7901559622555419,-3.9921788645492295,-0.5513100000000001
2040,0.7901559622555419,-2.7638161369956205,-0.568905
2051,0.785337938095447,-3.9921788645492295,-0.580635
2061,0.785337938095447,-7.677267047210057,-0.604095
2071,0.7757018897752576,-11.976536593647689,-0.6099600000000001
2081,0.7708838656151629,-18.118350231415736,-0.6334200000000001
2092,0.7612478172949734,-21.803438414076563,-0.6216900000000001
2101,0.7564297931348785,-27.94525205184461,-0.6334200000000001
2111,0.746793744814689,-33.47288432583584,-0.639285
2121,0.7371576964944995,-38.386335236050286,-0.639285
2131,0.7275216481743099,-43.29978614626472,-0.639285
2142,0.7130675756940257,-47.59905569270235,-0.6334200000000001
2152,0.7034315273738361,-52.512506602916794,-0.6216900000000001
2162,0.6937954790536466,-57.42595751313123,-0.6158250000000001
2171,0.6745233824132675,-61.72522705956886,-0.604095
2182,0.6600693099329832,-65.41031524222969,-0.5865
2192,0.6504332616127936,-68.4812220611137,-0.57477
2202,0.6311611649724146,-70.93794751622093,-0.5571750000000001
2212,0.6167070924921303,-72.16631024377453,-0.52785
2223,0.6022530200118459,-72.78049160755134,-0.48679500000000003
2233,0.5877989475315617,-76.46557979021216,-0.48679500000000003
2243,0.5733448750512773,-77.07976115398897,-0.45747000000000004
2252,0.5588908025709931,-77.07976115398897,-0.43401
2263,0.5444367300907087,-75.23721706265856,-0.404685
2273,0.5299826576104245,-73.39467297132815,-0.36363
2283,0.5155285851301401,-70.93794751622093,-0.334305
2293,0.5107105609700454,-67.8670406973369,-0.30498000000000003
2304,0.49625648848976106,-64.18195251467608,-0.25806
2313,0.48662044016957157,-59.26850160446163,-0.22873500000000002
2323,0.4818024160094768,-53.740869330470396,-0.18768
2333,0.4721663676892872,-48.21323705647916,-0.15835500000000002
2343,0.4721663676892872,-41.457242054934305,-0.111435
2354,0.4721663676892872,-34.70124705338946,-0.07624500000000001
2364,0.46734834352919247,-29.173614779398218,-0.029325000000000004
2374,0.4625303193690977,-20.575075686522954,0.03519
2383,0.46734834352919247,-16.889987503862123,0.05865000000000001
2394,0.46734834352919247,-12.590717957424493,0.099705
2404,0.46734834352919247,-8.905629774763666,0.146625
2414,0.4721663676892872,-5.834722955879643,0.18768
2424,0.4721663676892872,-3.377997500772425,0.22873500000000002
2435,0.4721663676892872,-0.9212720456652067,0.263925
2445,0.4721663676892872,0.3070906818884023,0.30498000000000003
2454,0.46734834352919247,0.9212720456652067,0.34603500000000004
2464,0.4721663676892872,1.5354534094420114,0.38709000000000005
2475,0.4721663676892872,0.9212720456652067,0.41641500000000004
2485,0.4721663676892872,0.3070906818884023,0.45160500000000003
2495,0.4721663676892872,0.9212720456652067,0.48093
2505,0.4721663676892872,2.149634773218816,0.51612
2515,0.4769843918493821,2.7638161369956205,0.533715
2525,0.4769843918493821,5.834722955879643,0.56304
2535,0.48662044016957157,9.51981113854047,0.580635
2545,0.4914384643296663,14.433262048754909,0.604095
2555,0.49625648848976106,19.34671295896934,0.6275550000000001
2566,0.5058925368099506,23.645982505406977,0.639285
2576,0.5107105609700454,27.94525205184461,0.639285
2586,0.5203466092902349,33.47288432583584,0.674475
2595,0.5299826576104245,37.77215387227348,0.66861
2606,0.5444367300907087,42.685604782487914,0.6803400000000001
2616,0.5540727784108983,49.44159978403276,0.6920700000000001
2626,0.5685268508911826,53.12668796669359,0.6803400000000001
2636,0.5829809233714669,58.65432024068484,0.6803400000000001
2647,0.5974349958517512,62.95358978712247,0.674475
2656,0.6167070924921303,68.4812220611137,0.66861
2666,0.6311611649724146,73.39467297132815,0.66861
2676,0.6504332616127936,76.46557979021216,0.64515
2686,0.6697053582531727,80.150667972873,0.6334200000000001
2697,0.6841594307334571,83.221574791757,0.6158250000000001
2707,0.7034315273738361,86.90666297441784,0.59823
2717,0.7178855998541204,88.13502570197146,0.57477
2727,0.7419757206545943,89.36338842952506,0.5454450000000001
2737,0.7612478172949734,89.97756979330187,0.521985
2747,0.7805199139353524,89.97756979330187,0.49266000000000004
2757,0.7949739864156367,89.97756979330187,0.46920000000000006
2767,0.8094280588959211,88.13502570197146,0.42814500000000005
2778,0.8238821313762053,85.67830024686424,0.39882
2788,0.8431542280165842,82.60739342798021,0.36363
2798,0.852790276336774,78.92230524531938,0.32844
2807,0.8624263246569635,74.00885433510496,0.29325
2818,0.8768803971372477,68.4812220611137,0.252195
2828,0.8865164454574372,62.95358978712247,0.21114000000000002
2838,0.8913344696175319,55.58341342180081,0.17008500000000001
2848,0.8961524937776267,48.21323705647916,0.12316500000000001
2857,0.9009705179377216,40.843060691157504,0.08797500000000001
2868,0.9009705179377216,32.85870296205905,0.04692
2878,0.9009705179377216,25.48852659673739,0.0
2888,0.9009705179377216,19.34671295896934,-0.041055
2898,0.9057885420978165,14.433262048754909,-0.08211
2909,0.9009705179377216,10.133992502317275,-0.12316500000000001
2919,0.9009705179377216,5.834722955879643,-0.17008500000000001
2928,0.9009705179377216,3.377997500772425,-0.205275
2938,0.9009705179377216,0.9212720456652067,-0.24633000000000002
2949,0.9009705179377216,-1.5354534094420114,-0.287385
2959,0.9009705179377216,-2.149634773218816,-0.322575
2969,0.9009705179377216,-3.9921788645492295,-0.357765
2979,0.9009705179377216,-3.9921788645492295,-0.38709000000000005
2990,0.9009705179377216,-3.9921788645492295,-0.41055
3000,0.8961524937776267,-3.9921788645492295,-0.45160500000000003
3009,0.8961524937776267,-2.7638161369956205,-0.46333500000000005
3019,0.8961524937776267,-3.9921788645492295,-0.50439
3030,0.8961524937776267,-3.9921788645492295,-0.521985
3040,0.8913344696175319,-7.063085683433252,-0.5513100000000001
3050,0.8913344696175319,-10.74817386609408,-0.568905
3060,0.8865164454574372,-14.433262048754909,-0.5865
3070,0.8768803971372477,-18.732531595192537,-0.604095
3081,0.8720623729771529,-21.803438414076563,-0.6158250000000001
3090,0.8672443488170583,-26.102707960514195,-0.6216900000000001
3100,0.8624263246569635,-29.78779614317502,-0.6334200000000001
3110,0.852790276336774,-34.08706568961265,-0.639285
3121,0.8431542280165842,-38.386335236050286,-0.64515
3131,0.8287001555363,-42.685604782487914,-0.6275550000000001
3141,0.8190641072161106,-47.59905569270235,-0.6334200000000001
3151,0.8046100347358263,-53.12668796669359,-0.6334200000000001
3161,0.7901559622555419,-58.04013887690803,-0.6216900000000001
3171,0.7805199139353524,-62.95358978712247,-0.6158250000000001
3181,0.7660658414550681,-66.0244966060065,-0.59823
3191,0.746793744814689,-70.93794751622093,-0.592365
3202,0.7323396723344047,-73.39467297132815,-0.5571750000000001
3212,0.7178855998541204,-75.85139842643535,-0.5513100000000001
3222,0.7034315273738361,-78.92230524531938,-0.533715
3231,0.6841594307334571,-81.37903070042661,-0.510255
3241,0.6697053582531727,-81.37903070042661,-0.48679500000000003
3252,0.6552512857728885,-81.99321206420342,-0.46333500000000005
3262,0.6311611649724146,-81.99321206420342,-0.43401
3272,0.6167070924921303,-81.99321206420342,-0.41055
3282,0.6118890683320355,-78.92230524531938,-0.369495
3293,0.5926169716916564,-76.46557979021216,-0.34017000000000003
3302,0.5877989475315617,-73.39467297132815,-0.299115
3312,0.5733448750512773,-68.4812220611137,-0.263925
3322,0.5637088267310878,-64.79613387845288,-0.22873500000000002
3333,0.5540727784108983,-58.65432024068484,-0.18768
3343,0.5492547542508035,-53.12668796669359,-0.15835500000000002
3353,0.539618705930614,-46.37069296514874,-0.12903
3363,0.5444367300907087,-38.386335236050286,-0.07624500000000001
3373,0.5444367300907087,-30.401977506951823,-0.03519
3383,0.539618705930614,-25.48852659673739,0.0
3393,0.5444367300907087,-19.34671295896934,0.052785000000000006
3403,0.5444367300907087,-14.433262048754909,0.099705
3414,0.5444367300907087,-11.976536593647689,0.14076
3424,0.5444367300907087,-9.51981113854047,0.17595000000000002
3434,0.5444367300907087,-5.834722955879643,0.22873500000000002
3443,0.5444367300907087,-5.834722955879643,0.25806
3453,0.5444367300907087,-3.9921788645492295,0.299115
3464,0.5444367300907087,-2.149634773218816,0.34603500000000004
3474,0.5444367300907087,-1.5354534094420114,0.38122500000000004
3484,0.5444367300907087,-0.9212720456652067,0.41641500000000004
3494,0.5444367300907087,2.149634773218816,0.48093
3505,0.539618705930614,0.3070906818884023,0.49266000000000004
3515,0.539618705930614,-2.149634773218816,0.48679500000000003
3524,0.5444367300907087,-0.3070906818884023,0.5395800000000001
3534,0.5444367300907087,0.3070906818884023,0.56304
3545,0.5492547542508035,-0.3070906818884023,0.580635
3555,0.5492547542508035,0.9212720456652067,0.604095
3565,0.5492547542508035,3.9921788645492295,0.6334200000000001
3575,0.5540727784108983,8.291448410986861,0.6334200000000001
3586,0.5588908025709931,11.362355229870884,0.64515
3596,0.5685268508911826,16.889987503862123,0.65688
3605,0.5733448750512773,21.189257050299755,0.662745
3615,0.5829809233714669,26.102707960514195,0.66861
3625,0.5926169716916564,30.401977506951823,0.674475
3636,0.6022530200118459,37.77215387227348,0.6862050000000001
3646,0.6167070924921303,42.07142341871111,0.674475
3656,0.621525116652225,49.44159978403276,0.6862050000000001
3665,0.6407972132926041,52.512506602916794,0.662745
3676,0.6552512857728885,56.81177614935442,0.65688
3686,0.6745233824132675,61.72522705956886,0.639285
3696,0.6841594307334571,66.6386779697833,0.6334200000000001
3706,0.7034315273738361,69.0954034248905,0.6158250000000001
3717,0.7178855998541204,71.55212887999772,0.592365
3727,0.7371576964944995,75.23721706265856,0.57477
3736,0.7564297931348785,77.69394251776578,0.5513100000000001
3746,0.7660658414550681,77.07976115398897,0.51612
3757,0.7805199139353524,77.69394251776578,0.48679500000000003
3767,0.7949739864156367,76.46557979021216,0.45160500000000003
3777,0.8142460830560158,77.07976115398897,0.43401
3787,0.8238821313762053,74.00885433510496,0.39295500000000005
3796,0.8335181796963947,70.93794751622093,0.357765
3807,0.847972252176679,67.2528593335601,0.322575
3817,0.8576083004968688,62.95358978712247,0.287385
3827,0.8624263246569635,58.04013887690803,0.252195
3837,0.8672443488170583,53.12668796669359,0.22873500000000002
3848,0.8720623729771529,41.457242054934305,0.181815
3858,0.8624263246569635,39.614697963603895,0.146625
3867,0.8768803971372477,29.173614779398218,0.08211
3877,0.8768803971372477,23.645982505406977,0.041055
3888,0.8768803971372477,16.889987503862123,0.0
3898,0.8720623729771529,11.976536593647689,-0.041055
3908,0.8768803971372477,7.063085683433252,-0.08797500000000001
3918,0.8768803971372477,3.9921788645492295,-0.13489500000000001
3929,0.8768803971372477,0.9212720456652067,-0.17008500000000001
3938,0.8768803971372477,-1.5354534094420114,-0.21114000000000002
3948,0.8768803971372477,-2.7638161369956205,-0.252195
3958,0.8768803971372477,-3.377997500772425,-0.287385
3969,0.8720623729771529,-4.606360228326034,-0.322575
3979,0.8768803971372477,-3.9921788645492295,-0.36363
3989,0.8768803971372477,-4.606360228326034,-0.39882
3999,0.8768803971372477,-4.606360228326034,-0.42228000000000004
4009,0.8768803971372477,-3.9921788645492295,-0.45160500000000003
4020,0.8720623729771529,-4.606360228326034,-0.48679500000000003
4029,0.8720623729771529,-3.9921788645492295,-0.49266000000000004
4039,0.8720623729771529,-7.063085683433252,-0.52785
4049,0.8624263246569635,-8.905629774763666,-0.533715
4060,0.8624263246569635,-13.819080684978102,-0.56304
4070,0.8576083004968688,-17.504168867638928,-0.5865
4080,0.847972252176679,-19.96089432274615,-0.59823
4090,0.8431542280165842,-26.716889324290996,-0.6158250000000001
4100,0.8383362038564895,-29.78779614317502,-0.6158250000000001
4110,0.8287001555363,-35.31542841716626,-0.6275550000000001
4120,0.8190641072161106,-40.843060691157504,-0.639285
4130,0.8046100347358263,-45.14233023759514,-0.639285
4141,0.7949739864156367,-50.05578114780957,-0.64515
4151,0.7805199139353524,-54.969232058024005,-0.6334200000000001
4161,0.7708838656151629,-59.88268296823844,-0.6334200000000001
4170,0.7516117689747838,-64.79613387845288,-0.6216900000000001
4180,0.7419757206545943,-70.32376615244412,-0.6158250000000001
4191,0.7227036240142152,-72.78049160755134,-0.592365
4201,0.7034315273738361,-77.07976115398897,-0.5865
4211,0.6889774548935518,-80.7648493366498,-0.568905
4221,0.6745233824132675,-83.221574791757,-0.5571750000000001
4232,0.6504332616127936,-85.06411888308743,-0.5395800000000001
4241,0.6359791891325094,-86.90666297441784,-0.510255
4251,0.621525116652225,-87.52084433819465,-0.48679500000000003
4261,0.6022530200118459,-87.52084433819465,-0.45747000000000004
4272,0.5829809233714669,-86.90666297441784,-0.43401
4282,0.5733448750512773,-83.83575615553382,-0.38122500000000004
4292,0.5588908025709931,-83.221574791757,-0.369495
4302,0.5444367300907087,-80.7648493366498,-0.32844
4313,0.5299826576104245,-77.07976115398897,-0.29325
4322,0.5155285851301401,-73.39467297132815,-0.25806
4332,0.5107105609700454,-67.8670406973369,-0.22287
4342,0.49625648848976106,-61.72522705956886,-0.18768
4353,0.49625648848976106,-55.58341342180081,-0.146625
4363,0.4914384643296663,-48.21323705647916,-0.111435
4373,0.48662044016957157,-40.843060691157504,-0.07038
4383,0.48662044016957157,-33.47288432583584,-0.02346
4392,0.4914384643296663,-27.3310706880678,0.017595
4403,0.4914384643296663,-19.96089432274615,0.064515
4413,0.4914384643296663,-15.04744341253171,0.10557000000000001
4423,0.4914384643296663,-10.74817386609408,0.15249000000000001
4433,0.4914384643296663,-7.677267047210057,0.18768
4444,0.4914384643296663,-3.9921788645492295,0.240465
4453,0.4914384643296663,-1.5354534094420114,0.27565500000000004
4463,0.48662044016957157,0.9212720456652067,0.322575
4473,0.48662044016957157,0.3070906818884023,0.35190000000000005
4484,0.4914384643296663,0.3070906818884023,0.38122500000000004
4494,0.4914384643296663,0.3070906818884023,0.41641500000000004
4504,0.4914384643296663,-0.3070906818884023,0.45160500000000003
4514,0.49625648848976106,0.3070906818884023,0.48679500000000003
4525,0.49625648848976106,0.3070906818884023,0.510255
4534,0.49625648848976106,1.5354534094420114,0.5454450000000001
4544,0.49625648848976106,2.7638161369956205,0.568905
4554,0.5010745126498559,6.448904319656448,0.5865
4564,0.5010745126498559,10.74817386609408,0.604095
4575,0.5107105609700454,15.04744341253171,0.6275550000000001
4585,0.5155285851301401,20.575075686522954,0.639285
4595,0.5251646334503296,24.874345232960582,0.651015
4604,0.5299826576104245,31.016158870728628,0.674475
4615,0.5492547542508035,36.543791144719876,0.66861
4625,0.5588908025709931,42.07142341871111,0.674475
4635,0.5733448750512773,48.21323705647916,0.6803400000000001
4645,0.5829809233714669,53.740869330470396,0.6803400000000001
4656,0.6022530200118459,59.26850160446163,0.674475
4666,0.6167070924921303,64.79613387845288,0.66861
4675,0.6311611649724146,69.70958478866731,0.662745
4685,0.6456152374526989,75.23721706265856,0.66861
4696,0.664887334093078,78.30812388154258,0.639285
4706,0.6841594307334571,82.60739342798021,0.6275550000000001
4716,0.7034315273738361,85.67830024686424,0.6158250000000001
4726,0.7227036240142152,88.74920706574827,0.592365
4736,0.7419757206545943,91.82011388463228,0.57477
4746,0.7612478172949734,93.0484766121859,0.5395800000000001
4756,0.7805199139353524,93.66265797596269,0.51612
4766,0.7997920105757316,94.2768393397395,0.48679500000000003
4776,0.8142460830560158,94.2768393397395,0.46333500000000005
4787,0.8287001555363,91.82011388463228,0.43401
4797,0.847972252176679,89.36338842952506,0.39295500000000005
4806,0.8720623729771529,88.74920706574827,0.38122500000000004
4816,0.8768803971372477,81.99321206420342,0.31671000000000005
4827,0.8865164454574372,77.07976115398897,0.28152
4837,0.9057885420978165,71.55212887999772,0.24633000000000002
4847,0.9106065662579111,64.79613387845288,0.19941
4857,0.9202426145781006,58.65432024068484,0.16422
4867,0.9202426145781006,50.05578114780957,0.11730000000000002
4877,0.9202426145781006,40.843060691157504,0.08211
4887,0.9250606387381954,33.47288432583584,0.03519
4897,0.9250606387381954,26.102707960514195,-0.005865
4908,0.9250606387381954,18.732531595192537,-0.04692
4918,0.9298786628982901,13.204899321201298,-0.08797500000000001
4928,0.9250606387381954,8.905629774763666,-0.13489500000000001
4937,0.9346966870583849,3.9921788645492295,-0.181815
4947,0.9250606387381954,2.7638161369956205,-0.21114000000000002
4958,0.9298786628982901,-1.5354534094420114,-0.263925
4968,0.9298786628982901,-2.149634773218816,-0.29325
4978,0.9250606387381954,-3.9921788645492295,-0.32844
4988,0.9250606387381954,-3.9921788645492295,-0.36363
4999,0.9250606387381954,-4.606360228326034,-0.39295500000000005
5009,0.9250606387381954,-5.220541592102839,-0.42228000000000004
5018,0.9202426145781006,-7.063085683433252,-0.46920000000000006
5028,0.9202426145781006,-7.063085683433252,-0.48093
5039,0.915424590418006,-13.819080684978102,-0.5454450000000001
5049,0.9106065662579111,-13.819080684978102,-0.52785
5059,0.9057885420978165,-18.118350231415736,-0.5513100000000001
5069,0.8961524937776267,-22.417619777853368,-0.568905
5080,0.8913344696175319,-25.48852659673739,-0.580635
5090,0.8816984212973424,-29.173614779398218,-0.59823
5099,0.8768803971372477,-36.543791144719876,-0.64515
5109,0.8624263246569635,-37.15797250849668,-0.6158250000000001
5120,0.8576083004968688,-41.457242054934305,-0.6275550000000001
5130,0.847972252176679,-46.37069296514874,-0.6334200000000001
5140,0.8335181796963947,-50.66996251158638,-0.6334200000000001
5150,0.8238821313762053,-60.49686433201524,-0.66861
5160,0.8094280588959211,-61.72522705956886,-0.639285
5170,0.7901559622555419,-67.2528593335601,-0.639285
5180,0.7757018897752576,-74.62303569888176,-0.651015
5190,0.7612478172949734,-79.53648660909619,-0.64515
5200,0.7371576964944995,-83.221574791757,-0.6275550000000001
5211,0.7227036240142152,-83.83575615553382,-0.592365
5221,0.7034315273738361,-86.90666297441784,-0.57477
5231,0.6841594307334571,-89.97756979330187,-0.5571750000000001
5241,0.6697053582531727,-91.20593252085547,-0.533715
5251,0.6456152374526989,-94.2768393397395,-0.52785
5261,0.6311611649724146,-97.96192752240033,-0.52785
5271,0.6167070924921303,-94.2768393397395,-0.46333500000000005
5281,0.5974349958517512,-94.2768393397395,-0.439875
5292,0.5781628992113721,-92.43429524840909,-0.404685
5302,0.5685268508911826,-91.20593252085547,-0.38122500000000004
5312,0.5492547542508035,-90.59175115707866,-0.36363
5321,0.5348006817705192,-83.221574791757,-0.30498000000000003
5331,0.5203466092902349,-82.60739342798021,-0.299115
5342,0.5107105609700454,-74.00885433510496,-0.22873500000000002
5352,0.5010745126498559,-69.0954034248905,-0.19354500000000002
5362,0.49625648848976106,-63.56777115089927,-0.17595000000000002
5372,0.4914384643296663,-54.969232058024005,-0.12316500000000001
5383,0.48662044016957157,-49.44159978403276,-0.099705
5392,0.48662044016957157,-39.614697963603895,-0.041055
5402,0.48662044016957157,-31.016158870728628,0.01173
5412,0.48662044016957157,-24.26016386918378,0.052785000000000006
5423,0.48662044016957157,-19.34671295896934,0.09384
5433,0.4914384643296663,-15.04744341253171,0.12903
5443,0.48662044016957157,-13.204899321201298,0.15249000000000001
5453,0.48662044016957157,-7.677267047210057,0.22287
5463,0.4914384643296663,-3.377997500772425,0.27565500000000004
5473,0.4914384643296663,-5.220541592102839,0.322575
5483,0.48662044016957157,2.7638161369956205,0.35190000000000005
5493,0.48662044016957157,0.9212720456652067,0.39295500000000005
5504,0.4818024160094768,0.9212720456652067,0.42814500000000005
5514,0.48662044016957157,-2.149634773218816,0.404685
5524,0.48662044016957157,-0.3070906818884023,0.510255
5534,0.48662044016957157,-0.9212720456652067,0.510255
5543,0.4818024160094768,-2.149634773218816,0.521985
5554,0.4914384643296663,-0.3070906818884023,0.5571750000000001
5564,0.4914384643296663,1.5354534094420114,0.5865
5574,0.5010745126498559,4.606360228326034,0.59823
5584,0.5010745126498559,8.905629774763666,0.6216900000000001
5595,0.5010745126498559,12.590717957424493,0.6275550000000001
5605,0.5107105609700454,15.661624776308516,0.639285
5614,0.5203466092902349,20.575075686522954,0.651015
5624,0.5251646334503296,27.3310706880678,0.66861
5635,0.539618705930614,31.630340234505436,0.662745
5645,0.5444367300907087,34.70124705338946,0.64515
5655,0.5540727784108983,42.685604782487914,0.6803400000000001
5665,0.5685268508911826,47.59905569270235,0.674475
5676,0.5829809233714669,54.969232058024005,0.65688
5685,0.6022530200118459,57.42595751313123,0.651015
5695,0.6118890683320355,61.72522705956886,0.64515
5705,0.6311611649724146,66.6386779697833,0.639285
5715,0.6456152374526989,69.70958478866731,0.6099600000000001
5726,0.664887334093078,74.62303569888176,0.6099600000000001
5736,0.6793414065733622,74.62303569888176,0.568905
5746,0.6937954790536466,80.150667972873,0.56304
5755,0.7082495515339309,81.37903070042661,0.5395800000000001
5766,0.7371576964944995,81.99321206420342,0.50439
5776,0.746793744814689,83.83575615553382,0.49266000000000004
5786,0.7660658414550681,81.99321206420342,0.45160500000000003
5796,0.785337938095447,81.37903070042661,0.42228000000000004
5807,0.785337938095447,81.37903070042661,0.404685
5817,0.8046100347358263,77.07976115398897,0.357765
5826,0.8190641072161106,69.0954034248905,0.29325
5836,0.8335181796963947,66.0244966060065,0.25806
5847,0.8383362038564895,61.72522705956886,0.23460000000000003
5857,0.8576083004968688,51.898325239139986,0.15835500000000002
5867,0.852790276336774,50.05578114780957,0.15249000000000001
5877,0.8576083004968688,42.685604782487914,0.111435
5886,0.8624263246569635,35.92960978094307,0.07624500000000001
5897,0.8576083004968688,27.94525205184461,0.03519
5907,0.8576083004968688,19.96089432274615,-0.005865
5917,0.8624263246569635,14.433262048754909,-0.052785000000000006
5927,0.8576083004968688,8.905629774763666,-0.09384
5938,0.8576083004968688,3.9921788645492295,-0.13489500000000001
5948,0.8624263246569635,0.3070906818884023,-0.17595000000000002
5957,0.8624263246569635,-0.9212720456652067,-0.205275
5967,0.8576083004968688,-3.9921788645492295,-0.25806
5978,0.8576083004968688,-4.606360228326034,-0.29325
5988,0.8576083004968688,-3.9921788645492295,-0.322575
5998,0.8576083004968688,-5.834722955879643,-0.36363
6008,0.8576083004968688,-5.220541592102839,-0.39882
6019,0.8624263246569635,-5.220541592102839,-0.42814500000000005
6029,0.8576083004968688,-4.606360228326034,-0.45747000000000004
6038,0.8576083004968688,-4.606360228326034,-0.48093
6048,0.8576083004968688,-4.606360228326034,-0.510255
6059,0.852790276336774,-6.448904319656448,-0.5513100000000001
6069,0.852790276336774,-5.220541592102839,-0.5513100000000001
6079,0.847972252176679,-8.905629774763666,-0.568905
6089,0.8431542280165842,-12.590717957424493,-0.5865
6099,0.8383362038564895,-16.889987503862123,-0.604095
6109,0.8335181796963947,-21.189257050299755,-0.6099600000000001
6119,0.8238821313762053,-26.102707960514195,-0.6275550000000001
6129,0.8142460830560158,-30.401977506951823,-0.6334200000000001
6139,0.8094280588959211,-34.70124705338946,-0.639285
6150,0.7997920105757316,-40.228879327380696,-0.639285
6160,0.7901559622555419,-45.75651160137193,-0.639285
6170,0.7757018897752576,-50.66996251158638,-0.639285
6180,0.7612478172949734,-54.355050694247204,-0.6334200000000001
6191,0.7516117689747838,-60.49686433201524,-0.6275550000000001
6200,0.7419757206545943,-64.18195251467608,-0.6099600000000001
6210,0.7082495515339309,-67.8670406973369,-0.592365
6220,0.7034315273738361,-72.78049160755134,-0.5865
6231,0.6841594307334571,-75.85139842643535,-0.568905
6241,0.6697053582531727,-78.30812388154258,-0.5513100000000001
6251,0.6552512857728885,-80.7648493366498,-0.5454450000000001
6261,0.6359791891325094,-81.99321206420342,-0.50439
6270,0.621525116652225,-82.60739342798021,-0.475065
6281,0.6070710441719408,-82.60739342798021,-0.45160500000000003
6291,0.5926169716916564,-81.99321206420342,-0.42814500000000005
6301,0.5733448750512773,-80.7648493366498,-0.39882
6311,0.5637088267310878,-78.92230524531938,-0.357765
6322,0.5492547542508035,-76.46557979021216,-0.32844
6332,0.5348006817705192,-72.16631024377453,-0.29325
6342,0.5299826576104245,-68.4812220611137,-0.252195
6351,0.5155285851301401,-63.56777115089927,-0.217005
6362,0.5058925368099506,-57.42595751313123,-0.181815
6372,0.5058925368099506,-50.66996251158638,-0.14076
6382,0.5010745126498559,-43.91396751004152,-0.099705
6392,0.49625648848976106,-36.543791144719876,-0.064515
6403,0.49625648848976106,-29.78779614317502,-0.02346
6413,0.49625648848976106,-23.645982505406977,0.02346
6422,0.49625648848976106,-18.118350231415736,0.07038
6432,0.49625648848976106,-13.819080684978102,0.111435
6443,0.5010745126498559,-11.976536593647689,0.15249000000000001
6453,0.49625648848976106,-7.677267047210057,0.19941
6463,0.49625648848976106,-5.220541592102839,0.240465
6473,0.49625648848976106,-2.7638161369956205,0.299115
6482,0.49625648848976106,-0.9212720456652067,0.334305
6493,0.49625648848976106,-1.5354534094420114,0.357765
6503,0.49625648848976106,-0.9212720456652067,0.39295500000000005
6513,0.5010745126498559,-2.149634773218816,0.41055
6523,0.49625648848976106,0.3070906818884023,0.45160500000000003
6534,0.5010745126498559,0.9212720456652067,0.48093
6544,0.5010745126498559,0.3070906818884023,0.50439
6554,0.5010745126498559,1.5354534094420114,0.5454450000000001
6563,0.5058925368099506,3.9921788645492295,0.568905
6574,0.5058925368099506,6.448904319656448,0.592365
6584,0.5107105609700454,10.133992502317275,0.6099600000000001
6594,0.5155285851301401,13.819080684978102,0.6275550000000001
6604,0.5251646334503296,18.732531595192537,0.64515
6615,0.5348006817705192,23.03180114163017,0.65688
6625,0.5444367300907087,29.173614779398218,0.66861
6635,0.5540727784108983,34.70124705338946,0.66861
6644,0.5637088267310878,39.614697963603895,0.6803400000000001
6654,0.5733448750512773,46.37069296514874,0.6862050000000001
6665,0.5877989475315617,51.28414387536318,0.6862050000000001
6675,0.6022530200118459,56.19759478557762,0.674475
6685,0.621525116652225,62.33940842334566,0.674475
6695,0.6311611649724146,66.6386779697833,0.674475
6706,0.6456152374526989,69.0954034248905,0.64515
6716,0.664887334093078,74.00885433510496,0.639285
6725,0.6841594307334571,78.30812388154258,0.6216900000000001
6735,0.7034315273738361,81.37903070042661,0.604095
6746,0.7178855998541204,83.83575615553382,0.5865
6756,0.7371576964944995,87.52084433819465,0.580635
6766,0.7612478172949734,89.36338842952506,0.5571750000000001
6776,0.7757018897752576,88.74920706574827,0.51612
6787,0.7901559622555419,88.74920706574827,0.48679500000000003
6796,0.8094280588959211,88.13502570197146,0.45160500000000003
6806,0.8238821313762053,86.29248161064103,0.41641500000000004
6816,0.8383362038564895,83.221574791757,0.38122500000000004
6827,0.852790276336774,80.150667972873,0.357765
6837,0.8624263246569635,77.07976115398897,0.322575
6847,0.8768803971372477,71.55212887999772,0.28152
6857,0.8865164454574372,66.0244966060065,0.23460000000000003
6866,0.8961524937776267,59.26850160446163,0.19941
6877,0.9009705179377216,52.512506602916794,0.15835500000000002
6887,0.9057885420978165,46.37069296514874,0.12316500000000001
6897,0.9057885420978165,37.77215387227348,0.07624500000000001
6907,0.9106065662579111,30.401977506951823,0.041055
6918,0.9106065662579111,23.03180114163017,-0.01173
6928,0.9106065662579111,17.504168867638928,-0.052785000000000006
6937,0.9106065662579111,11.976536593647689,-0.099705
6947,0.9106065662579111,8.291448410986861,-0.14076
6958,0.9106065662579111,4.606360228326034,-0.17595000000000002
6968,0.9106065662579111,1.5354534094420114,-0.22873500000000002
6978,0.9106065662579111,0.3070906818884023,-0.25806
6988,0.9106065662579111,-0.3070906818884023,-0.29325
6998,0.9106065662579111,-2.149634773218816,-0.334305
7008,0.9106065662579111,-2.149634773218816,-0.36363
7018,0.9106065662579111,-2.7638161369956205,-0.39882
7028,0.9106065662579111,-3.377997500772425,-0.42228000000000004
7038,0.9106065662579111,-3.377997500772425,-0.45747000000000004
7049,0.9106065662579111,-1.5354534094420114,-0.48093
7058,0.9057885420978165,-3.377997500772425,-0.510255
7068,0.9057885420978165,-4.606360228326034,-0.533715
7078,0.9057885420978165,-7.063085683433252,-0.5571750000000001
7089,0.8961524937776267,-10.133992502317275,-0.57477
7099,0.8961524937776267,-13.819080684978102,-0.592365
7109,0.8913344696175319,-16.889987503862123,-0.6099600000000001
7119,0.8816984212973424,-20.575075686522954,-0.6334200000000001
7129,0.8768803971372477,-25.48852659673739,-0.6334200000000001
7139,0.8720623729771529,-29.173614779398218,-0.6334200000000001
7149,0.8576083004968688,-32.24452159828224,-0.6275550000000001
7159,0.852790276336774,-38.386335236050286,-0.64515
7170,0.8383362038564895,-40.843060691157504,-0.6334200000000001
7180,0.8335181796963947,-46.98487432892555,-0.6334200000000001
7190,0.8238821313762053,-50.05578114780957,-0.6275550000000001
7200,0.8094280588959211,-56.19759478557762,-0.6216900000000001
7209,0.7901559622555419,-61.11104569579205,-0.6099600000000001
7220,0.7757018897752576,-65.41031524222969,-0.604095
7230,0.7612478172949734,-67.8670406973369,-0.57477
7240,0.746793744814689,-74.00885433510496,-0.580635
7250,0.7323396723344047,-75.85139842643535,-0.5513100000000001
7261,0.7178855998541204,-77.69394251776578,-0.52785
7271,0.6986135032137413,-80.7648493366498,-0.521985
7281,0.6793414065733622,-80.150667972873,-0.475065
7290,0.664887334093078,-81.37903070042661,-0.45160500000000003
7301,0.6504332616127936,-79.53648660909619,-0.42228000000000004
7311,0.6407972132926041,-78.92230524531938,-0.39295500000000005
7321,0.621525116652225,-77.07976115398897,-0.36363
7331,0.6118890683320355,-73.39467297132815,-0.32844
7342,0.6022530200118459,-70.32376615244412,-0.29325
7352,0.5974349958517512,-66.0244966060065,-0.25806
7361,0.5829809233714669,-60.49686433201524,-0.217005
7371,0.5829809233714669,-54.969232058024005,-0.17595000000000002
7382,0.5733448750512773,-51.28414387536318,-0.16422
7392,0.5685268508911826,-41.457242054934305,-0.099705
7402,0.5685268508911826,-35.31542841716626,-0.05865000000000001
7412,0.5685268508911826,-28.559433415621413,-0.017595
7421,0.5685268508911826,-23.03180114163017,0.02346
7432,0.5685268508911826,-17.504168867638928,0.07038
7442,0.5733448750512773,-13.819080684978102,0.111435
7452,0.5685268508911826,-9.51981113854047,0.15835500000000002
7462,0.5685268508911826,-7.063085683433252,0.205275
7473,0.5685268508911826,-4.606360228326034,0.240465
7483,0.5733448750512773,-3.9921788645492295,0.27565500000000004
7492,0.5685268508911826,-2.149634773218816,0.31671000000000005
7502,0.5733448750512773,-1.5354534094420114,0.35190000000000005
7513,0.5733448750512773,-0.9212720456652067,0.38709000000000005
7523,0.5685268508911826,-0.3070906818884023,0.42228000000000004
7533,0.5733448750512773,0.3070906818884023,0.45747000000000004
7543,0.5733448750512773,1.5354534094420114,0.48679500000000003
7554,0.5733448750512773,3.9921788645492295,0.52785
7563,0.5781628992113721,5.220541592102839,0.5395800000000001
7573,0.5829809233714669,8.905629774763666,0.568905
7583,0.5877989475315617,12.590717957424493,0.5865
7593,0.5926169716916564,15.04744341253171,0.6099600000000001
7604,0.6022530200118459,21.803438414076563,0.6275550000000001
7614,0.6118890683320355,27.94525205184461,0.64515
7624,0.621525116652225,32.85870296205905,0.651015
7633,0.6311611649724146,37.15797250849668,0.65688
7644,0.6407972132926041,42.07142341871111,0.65688
7654,0.6504332616127936,50.05578114780957,0.6862050000000001
7664,0.6697053582531727,54.355050694247204,0.674475
7674,0.6841594307334571,60.49686433201524,0.6803400000000001
7685,0.7034315273738361,66.0244966060065,0.6803400000000001
7695,0.7130675756940257,72.16631024377453,0.6862050000000001
7704,0.7371576964944995,77.07976115398897,0.66861
7714,0.7564297931348785,80.150667972873,0.651015
7725,0.7708838656151629,85.06411888308743,0.64515
7735,0.7901559622555419,87.52084433819465,0.6158250000000001
7745,0.8142460830560158,91.82011388463228,0.6099600000000001
7755,0.8287001555363,94.2768393397395,0.59823
7766,0.847972252176679,96.73356479484671,0.57477
7776,0.8672443488170583,97.34774615862352,0.5454450000000001
7785,0.8913344696175319,96.73356479484671,0.510255
7795,0.9106065662579111,96.73356479484671,0.48679500000000003
7805,0.9250606387381954,96.11938343106992,0.45747000000000004
7816,0.9443327353785744,93.0484766121859,0.41641500000000004
7826,0.9587868078588588,89.97756979330187,0.38122500000000004
7836,0.9780589044992378,85.06411888308743,0.34017000000000003
7846,0.9828769286593326,81.99321206420342,0.31671000000000005
7856,0.9973310011396168,76.46557979021216,0.27565500000000004
7866,1.0117850736199012,72.16631024377453,0.25806
7876,1.016603097779996,63.56777115089927,0.19354500000000002
7886,1.0214211219400908,56.19759478557762,0.15249000000000001
7897,1.0262391461001856,48.82741842025597,0.11730000000000002
7907,1.0310571702602802,42.685604782487914,0.09384
7917,1.0310571702602802,32.85870296205905,0.03519
7926,1.0310571702602802,25.48852659673739,-0.01173
7937,1.0310571702602802,18.118350231415736,-0.052785000000000006
7947,1.0310571702602802,11.362355229870884,-0.09384
7957,1.0310571702602802,6.448904319656448,-0.14076
7967,1.0310571702602802,2.149634773218816,-0.17595000000000002
7977,1.0310571702602802,-0.9212720456652067,-0.217005
7988,1.0310571702602802,-2.7638161369956205,-0.25806
7997,1.0310571702602802,-3.9921788645492295,-0.299115
8007,1.0310571702602802,-4.606360228326034,-0.32844
8017,1.0310571702602802,-5.220541592102839,-0.36363
8028,1.0310571702602802,-4.606360228326034,-0.39882
8038,1.0310571702602802,-5.220541592102839,-0.43401
8048,1.0310571702602802,-5.220541592102839,-0.46333500000000005
8057,1.0310571702602802,-4.606360228326034,-0.48679500000000003
8068,1.0310571702602802,-3.9921788645492295,-0.510255
8078,1.0262391461001856,-6.448904319656448,-0.533715
8088,1.0214211219400908,-9.51981113854047,-0.5571750000000001
8098,1.016603097779996,-13.819080684978102,-0.568905
8109,1.0117850736199012,-16.889987503862123,-0.592365
8119,1.0021490252997118,-21.189257050299755,-0.604095
8128,0.9973310011396168,-25.48852659673739,-0.6158250000000001
8138,0.9925129769795221,-30.401977506951823,-0.6275550000000001
8148,0.9828769286593326,-34.08706568961265,-0.6334200000000001
8159,0.9732408803391431,-39.00051659982709,-0.639285
8169,0.9587868078588588,-42.685604782487914,-0.6334200000000001
8179,0.9539687836987641,-46.98487432892555,-0.639285
8189,0.9395147112184796,-52.512506602916794,-0.6334200000000001
8199,0.9250606387381954,-56.81177614935442,-0.6275550000000001
8209,0.915424590418006,-60.49686433201524,-0.6099600000000001
8219,0.9009705179377216,-66.0244966060065,-0.6099600000000001
8229,0.8816984212973424,-69.70958478866731,-0.604095
8240,0.8720623729771529,-73.39467297132815,-0.580635
8250,0.852790276336774,-77.07976115398897,-0.568905
8260,0.8383362038564895,-78.30812388154258,-0.5454450000000001
8269,0.8190641072161106,-81.37903070042661,-0.521985
8280,0.7997920105757316,-81.37903070042661,-0.49266000000000004
8290,0.7901559622555419,-83.221574791757,-0.475065
8300,0.7708838656151629,-83.221574791757,-0.45160500000000003
8310,0.7564297931348785,-82.60739342798021,-0.41641500000000004
8321,0.7371576964944995,-81.37903070042661,-0.38709000000000005
8331,0.7275216481743099,-79.53648660909619,-0.35190000000000005
8341,0.7082495515339309,-75.85139842643535,-0.31084500000000004
8350,0.6937954790536466,-70.32376615244412,-0.263925
8360,0.6937954790536466,-67.8670406973369,-0.252195
8371,0.6841594307334571,-62.33940842334566,-0.21114000000000002
8381,0.6793414065733622,-56.81177614935442,-0.17595000000000002
8391,0.664887334093078,-47.59905569270235,-0.111435
8401,0.6745233824132675,-42.685604782487914,-0.099705
8412,0.6697053582531727,-35.92960978094307,-0.05865000000000001
8422,0.6697053582531727,-27.94525205184461,0.0
8431,0.6697053582531727,-23.03180114163017,0.029325000000000004
8441,0.6697053582531727,-17.504168867638928,0.07624500000000001
8452,0.6697053582531727,-13.204899321201298,0.11730000000000002
8462,0.6745233824132675,-10.74817386609408,0.146625
8472,0.6697053582531727,-7.063085683433252,0.205275
8482,0.6697053582531727,-4.606360228326034,0.24633000000000002
8493,0.6697053582531727,-3.9921788645492295,0.28152
8502,0.6697053582531727,-1.5354534094420114,0.32844
8512,0.6697053582531727,-1.5354534094420114,0.357765
8522,0.6697053582531727,-1.5354534094420114,0.39295500000000005
8532,0.6697053582531727,-0.9212720456652067,0.42814500000000005
8543,0.6697053582531727,-0.3070906818884023,0.46333500000000005
8553,0.6697053582531727,-0.3070906818884023,0.49266000000000004
8563,0.6697053582531727,0.3070906818884023,0.521985
8573,0.6697053582531727,-0.3070906818884023,0.5454450000000001
8583,0.6697053582531727,0.3070906818884023,0.568905
8593,0.6745233824132675,0.3070906818884023,0.592365
8603,0.6697053582531727,4.606360228326034,0.6334200000000001
8613,0.6745233824132675,5.220541592102839,0.6216900000000001
8624,0.6841594307334571,10.133992502317275,0.64515
8634,0.6937954790536466,14.433262048754909,0.65688
8644,0.6986135032137413,19.34671295896934,0.66861
8653,0.7034315273738361,24.26016386918378,0.674475
8664,0.7130675756940257,33.47288432583584,0.71553
8674,0.7227036240142152,35.31542841716626,0.6803400000000001
8684,0.7371576964944995,40.228879327380696,0.6803400000000001
8694,0.746793744814689,46.98487432892555,0.6862050000000001
8705,0.7612478172949734,51.28414387536318,0.66861
8715,0.7757018897752576,56.19759478557762,0.662745
8724,0.785337938095447,62.33940842334566,0.66861
8734,0.8046100347358263,66.0244966060065,0.639285
8744,0.8190641072161106,69.70958478866731,0.6216900000000001
8755,0.8335181796963947,74.00885433510496,0.6099600000000001
8765,0.852790276336774,75.23721706265856,0.5865
8775,0.8672443488170583,78.92230524531938,0.568905
8785,0.8865164454574372,78.92230524531938,0.533715
8796,0.9009705179377216,80.150667972873,0.510255
8805,0.9202426145781006,80.150667972873,0.475065
8815,0.9346966870583849,80.150667972873,0.44574
8825,0.9491507595386691,78.30812388154258,0.41641500000000004
8836,0.9636048320189536,75.85139842643535,0.38122500000000004
8846,0.9732408803391431,72.78049160755134,0.34603500000000004
8856,0.9828769286593326,69.70958478866731,0.31084500000000004
8866,0.9925129769795221,64.79613387845288,0.26979000000000003
8877,1.0021490252997118,59.26850160446163,0.23460000000000003
8886,1.0069670494598066,51.28414387536318,0.181815
8896,1.0117850736199012,43.29978614626472,0.12903
8906,1.016603097779996,37.77215387227348,0.10557000000000001
8916,1.016603097779996,31.016158870728628,0.07038
8927,1.016603097779996,24.26016386918378,0.029325000000000004
8937,1.016603097779996,18.118350231415736,-0.017595
8946,1.016603097779996,13.819080684978102,-0.05865000000000001
8956,1.016603097779996,8.905629774763666,-0.10557000000000001
8967,1.0214211219400908,5.220541592102839,-0.15249000000000001
8977,1.0262391461001856,1.5354534094420114,-0.205275
8987,1.0214211219400908,0.3070906818884023,-0.22873500000000002
8997,1.016603097779996,-0.9212720456652067,-0.26979000000000003
9008,1.0214211219400908,-2.149634773218816,-0.30498000000000003
9017,1.016603097779996,-2.7638161369956205,-0.334305
9027,1.016603097779996,-3.377997500772425,-0.37536
9037,1.016603097779996,-2.7638161369956205,-0.404685
9048,1.016603097779996,-3.9921788645492295,-0.439875
9058,1.016603097779996,-3.377997500772425,-0.46333500000000005
9068,1.016603097779996,-3.9921788645492295,-0.49852500000000005
9078,1.016603097779996,-3.377997500772425,-0.51612
9088,1.016603097779996,-3.377997500772425,-0.5395800000000001
9098,1.016603097779996,-3.9921788645492295,-0.56304
9108,1.016603097779996,-5.220541592102839,-0.59823
9118,1.0117850736199012,-8.905629774763666,-0.592365
9128,1.0069670494598066,-12.590717957424493,-0.6099600000000001
9139,1.0021490252997118,-18.732531595192537,-0.6275550000000001
9148,0.9925129769795221,-23.645982505406977,-0.639285
9158,0.9828769286593326,-30.401977506951823,-0.651015
9168,0.9780589044992378,-35.31542841716626,-0.65688
9179,0.9636048320189536,-41.457242054934305,-0.65688
9189,0.9587868078588588,-45.75651160137193,-0.64515
9199,0.9443327353785744,-50.66996251158638,-0.639285
9209,0.9298786628982901,-56.81177614935442,-0.64515
9220,0.9202426145781006,-61.11104569579205,-0.6275550000000001
9229,0.9009705179377216,-66.0244966060065,-0.6158250000000001
9239,0.8865164454574372,-73.39467297132815,-0.64515
9249,0.8720623729771529,-73.39467297132815,-0.5865
9260,0.8576083004968688,-76.46557979021216,-0.57477
9270,0.8431542280165842,-81.37903070042661,-0.57477
9280,0.8238821313762053,-81.37903070042661,-0.5395800000000001
9290,0.8094280588959211,-82.60739342798021,-0.510255
9299,0.7901559622555419,-85.67830024686424,-0.51612
9310,0.7757018897752576,-82.60739342798021,-0.45160500000000003
9320,0.7612478172949734,-81.99321206420342,-0.42814500000000005
9330,0.7419757206545943,-83.221574791757,-0.42228000000000004
9340,0.7323396723344047,-78.92230524531938,-0.36363
9351,0.7227036240142152,-77.07976115398897,-0.334305
9361,0.7082495515339309,-75.23721706265856,-0.31671000000000005
9370,0.7034315273738361,-69.70958478866731,-0.25806
9380,0.6889774548935518,-62.95358978712247,-0.217005
9391,0.6841594307334571,-59.88268296823844,-0.21114000000000002
9401,0.6793414065733622,-53.740869330470396,-0.16422
9411,0.6745233824132675,-43.91396751004152,-0.099705
9421,0.6745233824132675,-37.15797250849668,-0.064515
9432,0.6697053582531727,-31.630340234505436,-0.029325000000000004
9441,0.6745233824132675,-24.874345232960582,0.017595
9451,0.6745233824132675,-19.34671295896934,0.052785000000000006
9461,0.6697053582531727,-13.819080684978102,0.111435
9472,0.6745233824132675,-14.433262048754909,0.111435
9482,0.6697053582531727,-10.133992502317275,0.17008500000000001
9492,0.6697053582531727,-4.606360228326034,0.23460000000000003
9502,0.6697053582531727,-3.9921788645492295,0.27565500000000004
9512,0.6697053582531727,-5.220541592102839,0.29325
9522,0.6793414065733622,-2.149634773218816,0.34603500000000004
9532,0.6745233824132675,-0.3070906818884023,0.39295500000000005
9542,0.6745233824132675,0.3070906818884023,0.41641500000000004
9552,0.6745233824132675,-3.377997500772425,0.42228000000000004
9563,0.6745233824132675,-1.5354534094420114,0.48093
9573,0.6697053582531727,0.3070906818884023,0.521985
9582,0.6793414065733622,0.9212720456652067,0.5571750000000001
9592,0.6745233824132675,0.3070906818884023,0.56304
9603,0.6793414065733622,4.606360228326034,0.592365
9613,0.6745233824132675,10.133992502317275,0.6334200000000001
9623,0.6937954790536466,10.74817386609408,0.6158250000000001
9633,0.6937954790536466,15.661624776308516,0.6334200000000001
9644,0.6986135032137413,21.803438414076563,0.639285
9654,0.7130675756940257,24.26016386918378,0.639285
9663,0.7227036240142152,32.24452159828224,0.66861
9673,0.7323396723344047,39.00051659982709,0.674475
9683,0.746793744814689,43.91396751004152,0.674475
9694,0.7612478172949734,46.98487432892555,0.651015
9704,0.7757018897752576,53.740869330470396,0.674475
9714,0.7901559622555419,61.72522705956886,0.674475
9724,0.8046100347358263,64.79613387845288,0.65688
9734,0.8190641072161106,69.70958478866731,0.64515
9744,0.8335181796963947,72.16631024377453,0.6158250000000001
9754,0.852790276336774,78.30812388154258,0.6158250000000001
9764,0.8720623729771529,81.37903070042661,0.604095
9775,0.8913344696175319,83.83575615553382,0.580635
9785,0.9106065662579111,86.29248161064103,0.56304
9795,0.9250606387381954,88.13502570197146,0.52785
9804,0.9395147112184796,87.52084433819465,0.48679500000000003
9815,0.9587868078588588,86.90666297441784,0.45160500000000003
9825,0.9732408803391431,88.74920706574827,0.44574
9835,0.9925129769795221,86.90666297441784,0.41641500000000004
9845,1.0117850736199012,83.83575615553382,0.37536
9856,1.0262391461001856,79.53648660909619,0.35190000000000005
9866,1.0406932185804698,77.07976115398897,0.31084500000000004
9875,1.0455112427405646,72.16631024377453,0.263925
9885,1.0551472910607542,64.79613387845288,0.205275
9895,1.0647833393809438,59.88268296823844,0.181815
9906,1.0696013635410384,52.512506602916794,0.146625
9916,1.0696013635410384,45.75651160137193,0.10557000000000001
9926,1.0744193877011332,38.386335236050286,0.064515
9936,1.079237411861228,31.016158870728628,0.02346
9946,1.079237411861228,23.645982505406977,-0.017595
9956,1.079237411861228,17.504168867638928,-0.05865000000000001
9966,1.079237411861228,11.976536593647689,-0.10557000000000001
9976,1.079237411861228,7.063085683433252,-0.146625
9987,1.079237411861228,2.149634773218816,-0.19354500000000002
9997,1.079237411861228,0.3070906818884023,-0.22287
10007,1.0744193877011332,-2.7638161369956205,-0.26979000000000003
10016,1.0744193877011332,-5.220541592102839,-0.31671000000000005
10027,1.079237411861228,-4.606360228326034,-0.34017000000000003
10037,1.079237411861228,-3.9921788645492295,-0.369495
10047,1.0744193877011332,-4.606360228326034,-0.404685
10057,1.079237411861228,-3.377997500772425,-0.42814500000000005
10067,1.0744193877011332,-3.377997500772425,-0.45747000000000004
10078,1.079237411861228,-3.9921788645492295,-0.49266000000000004
10087,1.0744193877011332,-3.377997500772425,-0.521985
10097,1.0744193877011332,-3.377997500772425,-0.5454450000000001
10107,1.079237411861228,-3.9921788645492295,-0.5571750000000001
10118,1.079237411861228,-2.7638161369956205,-0.580635
10128,1.0744193877011332,-3.9921788645492295,-0.592365
10138,1.0744193877011332,-5.220541592102839,-0.604095
10148,1.0696013635410384,-8.905629774763666,-0.6216900000000001
10159,1.0647833393809438,-13.204899321201298,-0.6334200000000001
10168,1.059965315220849,-18.732531595192537,-0.6334200000000001
10178,1.0503292669006592,-23.645982505406977,-0.639285
10188,1.0503292669006592,-27.3310706880678,-0.6275550000000001
10199,1.035875194420375,-34.70124705338946,-0.6334200000000001
10209,1.0214211219400908,-40.228879327380696,-0.6334200000000001
10219,1.0117850736199012,-45.14233023759514,-0.6334200000000001
10229,1.0021490252997118,-49.44159978403276,-0.6275550000000001
10238,0.9828769286593326,-53.740869330470396,-0.6158250000000001
10249,0.9780589044992378,-57.42595751313123,-0.59823
10259,0.9636048320189536,-61.11104569579205,-0.5865
10269,0.9443327353785744,-62.33940842334566,-0.5571750000000001
10279,0.9346966870583849,-65.41031524222969,-0.533715
10290,0.9250606387381954,-67.8670406973369,-0.51612
10300,0.9106065662579111,-69.70958478866731,-0.49852500000000005
10309,0.8865164454574372,-68.4812220611137,-0.45747000000000004
10319,0.8865164454574372,-69.70958478866731,-0.44574
10330,0.8720623729771529,-69.0954034248905,-0.41055
10340,0.8576083004968688,-67.8670406973369,-0.38709000000000005
10350,0.847972252176679,-66.0244966060065,-0.35190000000000005
10360,0.8383362038564895,-62.95358978712247,-0.31671000000000005
10371,0.8287001555363,-58.65432024068484,-0.26979000000000003
10380,0.8238821313762053,-54.969232058024005,-0.24633000000000002
10390,0.8142460830560158,-50.05578114780957,-0.205275
10400,0.8094280588959211,-44.52814887381833,-0.16422
10411,0.8046100347358263,-38.386335236050286,-0.12903
10421,0.8046100347358263,-32.24452159828224,-0.09384
10431,0.8046100347358263,-26.716889324290996,-0.052785000000000006
10441,0.8046100347358263,-21.803438414076563,-0.005865
10450,0.8046100347358263,-16.889987503862123,0.03519
10461,0.8046100347358263,-12.590717957424493,0.08211
10471,0.8046100347358263,-9.51981113854047,0.12316500000000001
10481,0.8046100347358263,-6.448904319656448,0.16422
10491,0.8046100347358263,-4.606360228326034,0.205275
10502,0.8046100347358263,-3.377997500772425,0.252195
10512,0.8046100347358263,-2.149634773218816,0.29325
10521,0.8046100347358263,-1.5354534094420114,0.334305
10531,0.8046100347358263,-0.9212720456652067,0.36363
10542,0.7997920105757316,-2.149634773218816,0.38122500000000004
10552,0.8094280588959211,-1.5354534094420114,0.41641500000000004
10562,0.8046100347358263,0.3070906818884023,0.46333500000000005
10572,0.8046100347358263,0.3070906818884023,0.49852500000000005
10583,0.8046100347358263,0.9212720456652067,0.521985
10593,0.8094280588959211,2.149634773218816,0.5454450000000001
10602,0.8142460830560158,4.606360228326034,0.57477
10612,0.8142460830560158,7.677267047210057,0.59823
10622,0.8190641072161106,11.976536593647689,0.6216900000000001
10633,0.8238821313762053,14.433262048754909,0.6334200000000001
10643,0.8287001555363,18.732531595192537,0.64515
10653,0.8383362038564895,24.874345232960582,0.66861
10663,0.847972252176679,28.559433415621413,0.66861
10673,0.8576083004968688,34.08706568961265,0.674475
10683,0.8672443488170583,38.386335236050286,0.6803400000000001
10693,0.8816984212973424,43.29978614626472,0.6803400000000001
10703,0.8913344696175319,48.21323705647916,0.6803400000000001
10714,0.9057885420978165,54.355050694247204,0.6862050000000001
10724,0.9202426145781006,58.65432024068484,0.662745
10734,0.9250606387381954,65.41031524222969,0.6862050000000001
10744,0.9491507595386691,67.2528593335601,0.64515
10754,0.9636048320189536,71.55212887999772,0.639285
10764,0.9828769286593326,75.23721706265856,0.6275550000000001
10774,0.9973310011396168,79.53648660909619,0.6099600000000001
10784,1.0117850736199012,81.99321206420342,0.592365
10795,1.0310571702602802,83.221574791757,0.56304
10805,1.0455112427405646,84.44993751931062,0.533715
10815,1.0647833393809438,85.67830024686424,0.51612
10824,1.0840554360213228,85.06411888308743,0.48093
10834,1.0888734601814174,83.83575615553382,0.44574
10845,1.1129635809818914,82.60739342798021,0.41641500000000004
10855,1.1274176534621756,79.53648660909619,0.37536
10865,1.14187172594246,76.46557979021216,0.34017000000000003
10875,1.1563257984227442,72.16631024377453,0.31084500000000004
10886,1.1611438225828392,67.2528593335601,0.26979000000000003
10895,1.1707798709030286,61.72522705956886,0.22873500000000002
10905,1.1804159192232182,54.969232058024005,0.18768
10915,1.1804159192232182,48.21323705647916,0.146625
10926,1.1852339433833128,40.843060691157504,0.10557000000000001
10936,1.1900519675434076,33.47288432583584,0.064515
10946,1.1900519675434076,26.716889324290996,0.029325000000000004
10956,1.1900519675434076,20.575075686522954,-0.02346
10967,1.1900519675434076,13.819080684978102,-0.07038
10976,1.1900519675434076,8.905629774763666,-0.111435
10986,1.1900519675434076,4.606360228326034,-0.146625
10996,1.1900519675434076,0.9212720456652067,-0.18768
11006,1.1900519675434076,-1.5354534094420114,-0.22873500000000002
11017,1.1900519675434076,-2.7638161369956205,-0.263925
11027,1.1900519675434076,-3.9921788645492295,-0.30498000000000003
11037,1.1900519675434076,-3.9921788645492295,-0.34017000000000003
11046,1.1900519675434076,-3.9921788645492295,-0.37536
11057,1.1900519675434076,-3.9921788645492295,-0.404685
11067,1.1900519675434076,-3.9921788645492295,-0.439875
11077,1.1900519675434076,-3.9921788645492295,-0.46920000000000006
11087,1.1900519675434076,-3.377997500772425,-0.49266000000000004
11098,1.1852339433833128,-3.377997500772425,-0.52785
11107,1.1900519675434076,-3.377997500772425,-0.5395800000000001
11117,1.1852339433833128,-2.7638161369956205,-0.5513100000000001
11127,1.1900519675434076,-3.377997500772425,-0.580635
11138,1.1852339433833128,-3.9921788645492295,-0.592365
11148,1.1804159192232182,-4.606360228326034,-0.604095
11158,1.1707798709030286,-7.063085683433252,-0.604095
11168,1.1755978950631234,-12.590717957424493,-0.6158250000000001
11177,1.1659618467429338,-16.889987503862123,-0.6216900000000001
11188,1.1659618467429338,-21.803438414076563,-0.639285
11198,1.1563257984227442,-26.102707960514195,-0.639285
11208,1.1466897501025546,-27.3310706880678,-0.6099600000000001
11218,1.14187172594246,-34.70124705338946,-0.639285
11229,1.1322356776222704,-38.386335236050286,-0.6275550000000001
11239,1.122599629302081,-41.457242054934305,-0.6158250000000001
11248,1.1129635809818914,-46.37069296514874,-0.6099600000000001
11258,1.0936914843415122,-50.05578114780957,-0.592365
11269,1.0888734601814174,-52.512506602916794,-0.57477
11279,1.079237411861228,-56.81177614935442,-0.56304
11289,1.0647833393809438,-59.26850160446163,-0.5454450000000001
11299,1.0503292669006592,-60.49686433201524,-0.51612
11310,1.0406932185804698,-62.95358978712247,-0.49852500000000005
11319,1.0310571702602802,-63.56777115089927,-0.475065
11329,1.016603097779996,-64.18195251467608,-0.44574
11339,1.0021490252997118,-63.56777115089927,-0.41641500000000004
11350,0.9925129769795221,-64.18195251467608,-0.39295500000000005
11360,0.9828769286593326,-62.33940842334566,-0.36363
11370,0.9732408803391431,-58.65432024068484,-0.31671000000000005
11379,0.9636048320189536,-54.969232058024005,-0.27565500000000004
11389,0.9636048320189536,-51.28414387536318,-0.240465
11400,0.9539687836987641,-46.37069296514874,-0.205275
11410,0.9491507595386691,-40.843060691157504,-0.17008500000000001
11420,0.9491507595386691,-34.70124705338946,-0.12903
11430,0.9443327353785744,-29.173614779398218,-0.08211
11441,0.9491507595386691,-24.26016386918378,-0.052785000000000006
11450,0.9443327353785744,-19.34671295896934,-0.005865
11460,0.9491507595386691,-14.433262048754909,0.041055
11470,0.9443327353785744,-11.362355229870884,0.08211
11481,0.9443327353785744,-7.677267047210057,0.13489500000000001
11491,0.9443327353785744,-5.834722955879643,0.17008500000000001
11501,0.9491507595386691,-3.9921788645492295,0.21114000000000002
11511,0.9491507595386691,-2.7638161369956205,0.24633000000000002
11522,0.9491507595386691,-1.5354534094420114,0.287385
11531,0.9443327353785744,-0.3070906818884023,0.32844
11541,0.9443327353785744,-0.9212720456652067,0.36363
11551,0.9491507595386691,0.3070906818884023,0.39882
11561,0.9491507595386691,0.9212720456652067,0.43401
11572,0.9539687836987641,1.5354534094420114,0.46333500000000005
11582,0.9587868078588588,2.7638161369956205,0.48679500000000003
11592,0.9587868078588588,6.448904319656448,0.521985
11601,0.9636048320189536,10.133992502317275,0.5513100000000001
11612,0.9684228561790483,14.433262048754909,0.57477
11622,0.9732408803391431,16.889987503862123,0.5865
11632,0.9828769286593326,21.189257050299755,0.6158250000000001
11642,0.9828769286593326,24.874345232960582,0.639285
11653,0.9925129769795221,27.94525205184461,0.65688
11662,1.0021490252997118,32.85870296205905,0.662745
11672,1.0117850736199012,37.77215387227348,0.674475
11682,1.0262391461001856,42.07142341871111,0.66861
11693,1.0406932185804698,46.37069296514874,0.66861
11703,1.0503292669006592,51.898325239139986,0.6803400000000001
11713,1.0647833393809438,56.81177614935442,0.674475
11723,1.079237411861228,61.72522705956886,0.674475
11734,1.0936914843415122,67.2528593335601,0.66861
11743,1.1081455568217966,71.55212887999772,0.662745
11753,1.1274176534621756,75.85139842643535,0.651015
11763,1.1466897501025546,80.7648493366498,0.639285
11773,1.1611438225828392,83.221574791757,0.6158250000000001
11784,1.1755978950631234,85.06411888308743,0.592365
11794,1.1996880158635972,89.36338842952506,0.580635
11804,1.2141420883438816,89.97756979330187,0.5513100000000001
11814,1.2334141849842606,91.82011388463228,0.533715
11824,1.2575043057847344,91.20593252085547,0.49852500000000005
11834,1.267140354104924,91.82011388463228,0.48093
11844,1.286412450745303,91.20593252085547,0.45160500000000003
11854,1.305684547385682,87.52084433819465,0.404685
11865,1.3201386198659664,85.67830024686424,0.37536
11875,1.329774668186156,81.99321206420342,0.34017000000000003
11885,1.3394107165063454,77.07976115398897,0.30498000000000003
11894,1.3538647889866298,71.55212887999772,0.263925
11905,1.3635008373068194,64.79613387845288,0.22287
11915,1.3683188614669142,58.04013887690803,0.17595000000000002
11925,1.3779549097871036,50.66996251158638,0.14076
11935,1.3827729339471984,43.29978614626472,0.10557000000000001
11945,1.3827729339471984,35.92960978094307,0.064515
11956,1.3875909581072932,27.3310706880678,0.017595
11965,1.3827729339471984,21.189257050299755,-0.02346
11975,1.3827729339471984,15.04744341253171,-0.07038
11985,1.3827729339471984,10.133992502317275,-0.111435
11996,1.3827729339471984,5.834722955879643,-0.15249000000000001
12006,1.3827729339471984,2.7638161369956205,-0.19354500000000002
12016,1.3827729339471984,-0.3070906818884023,-0.23460000000000003
12026,1.3827729339471984,-3.377997500772425,-0.27565500000000004
12037,1.3875909581072932,-5.220541592102839,-0.322575
12046,1.3827729339471984,-3.9921788645492295,-0.34603500000000004
12056,1.3827729339471984,-3.9921788645492295,-0.37536
12066,1.3827729339471984,-4.606360228326034,-0.41055
12077,1.3779549097871036,-3.377997500772425,-0.42814500000000005
12087,1.3779549097871036,-6.448904319656448,-0.49266000000000004
12097,1.3827729339471984,-3.9921788645492295,-0.49266000000000004
12106,1.3779549097871036,-3.377997500772425,-0.51612
12116,1.3779549097871036,-3.377997500772425,-0.5395800000000001
12127,1.3779549097871036,-3.9921788645492295,-0.5513100000000001
12137,1.3779549097871036,-8.291448410986861,-0.580635
12147,1.3683188614669142,-8.905629774763666,-0.568905
12157,1.3683188614669142,-15.04744341253171,-0.6099600000000001
12168,1.3538647889866298,-19.34671295896934,-0.6216900000000001
12177,1.3586828131467243,-22.417619777853368,-0.6275550000000001
12187,1.349046764826535,-25.48852659673739,-0.6216900000000001
12197,1.3442287406664402,-30.401977506951823,-0.639285
12208,1.3345926923462508,-34.70124705338946,-0.64515
12218,1.3249566440260612,-39.00051659982709,-0.6334200000000001
12228,1.3153205957058718,-44.52814887381833,-0.6334200000000001
12238,1.3008665232255872,-46.98487432892555,-0.6158250000000001
12248,1.2815944265852082,-51.28414387536318,-0.59823
12258,1.2767764024251136,-57.42595751313123,-0.6099600000000001
12268,1.2623223299448292,-60.49686433201524,-0.592365
12278,1.2526862816246396,-64.79613387845288,-0.580635
12289,1.2334141849842606,-67.2528593335601,-0.5513100000000001
12299,1.223778136664071,-70.32376615244412,-0.5454450000000001
12309,1.2045060400236918,-72.78049160755134,-0.51612
12319,1.1948699917035024,-74.00885433510496,-0.49852500000000005
12328,1.1804159192232182,-74.62303569888176,-0.46333500000000005
12339,1.1659618467429338,-74.62303569888176,-0.439875
12349,1.1515077742626494,-74.62303569888176,-0.41641500000000004
12359,1.1370537017823652,-73.39467297132815,-0.38122500000000004
12369,1.1274176534621756,-70.93794751622093,-0.35190000000000005
12380,1.1129635809818914,-68.4812220611137,-0.31084500000000004
12390,1.1081455568217966,-65.41031524222969,-0.27565500000000004
12399,1.0936914843415122,-60.49686433201524,-0.240465
12409,1.0888734601814174,-56.19759478557762,-0.19941
12420,1.0840554360213228,-50.66996251158638,-0.16422
12430,1.079237411861228,-43.91396751004152,-0.12316500000000001
12440,1.079237411861228,-37.77215387227348,-0.08797500000000001
12450,1.0744193877011332,-32.85870296205905,-0.07038
12460,1.079237411861228,-23.645982505406977,-0.005865
12470,1.079237411861228,-19.34671295896934,0.041055
12480,1.079237411861228,-15.04744341253171,0.08797500000000001
12490,1.0744193877011332,-11.362355229870884,0.12903
12500,1.079237411861228,-7.677267047210057,0.17008500000000001
12511,1.079237411861228,-5.834722955879643,0.21114000000000002
12521,1.079237411861228,-3.9921788645492295,0.25806
12531,1.079237411861228,-2.149634773218816,0.29325
12540,1.079237411861228,-0.9212720456652067,0.334305
12551,1.0696013635410384,1.5354534094420114,0.38122500000000004
12561,1.079237411861228,0.9212720456652067,0.404685
12571,1.079237411861228,0.3070906818884023,0.43401
12581,1.079237411861228,0.3070906818884023,0.46920000000000006
12592,1.079237411861228,0.3070906818884023,0.49852500000000005
12602,1.079237411861228,0.3070906818884023,0.521985
12611,1.079237411861228,1.5354534094420114,0.5513100000000001
12621,1.0840554360213228,3.9921788645492295,0.57477
12632,1.0888734601814174,7.677267047210057,0.59823
12642,1.0936914843415122,11.362355229870884,0.6158250000000001
12652,1.1033275326617018,16.275806140085322,0.639285
12662,1.1081455568217966,21.189257050299755,0.651015
12673,1.1129635809818914,24.26016386918378,0.64515
12682,1.122599629302081,31.016158870728628,0.674475
12692,1.1322356776222704,36.543791144719876,0.674475
12702,1.1466897501025546,41.457242054934305,0.6803400000000001
12712,1.1659618467429338,48.21323705647916,0.674475
12723,1.1659618467429338,53.12668796669359,0.6920700000000001
12733,1.1852339433833128,58.65432024068484,0.6862050000000001
12743,1.1948699917035024,62.33940842334566,0.662745
12752,1.2189601125039764,67.2528593335601,0.65688
12763,1.2334141849842606,72.16631024377453,0.651015
12773,1.2478682574645448,75.85139842643535,0.639285
12783,1.267140354104924,80.150667972873,0.6158250000000001
12793,1.2815944265852082,82.60739342798021,0.59823
12804,1.3008665232255872,84.44993751931062,0.580635
12814,1.3153205957058718,86.90666297441784,0.5571750000000001
12824,1.3345926923462508,87.52084433819465,0.52785
12833,1.3538647889866298,87.52084433819465,0.50439
12844,1.3683188614669142,87.52084433819465,0.475065
12854,1.3827729339471984,84.44993751931062,0.42814500000000005
12864,1.3972270064274825,83.83575615553382,0.404685
12874,1.4164991030678618,81.99321206420342,0.38709000000000005
12884,1.4213171272279566,77.07976115398897,0.34017000000000003
12895,1.4405892238683355,72.16631024377453,0.299115
12904,1.4502252721885251,67.2528593335601,0.263925
12914,1.4550432963486197,61.11104569579205,0.22287
12924,1.4646793446688093,53.740869330470396,0.181815
12935,1.4646793446688093,45.75651160137193,0.13489500000000001
12945,1.4646793446688093,36.543791144719876,0.08797500000000001
12955,1.4694973688289041,30.401977506951823,0.05865000000000001
12965,1.4694973688289041,24.26016386918378,0.017595
12976,1.4694973688289041,17.504168867638928,-0.029325000000000004
12985,1.4694973688289041,11.362355229870884,-0.07038
12995,1.4694973688289041,6.448904319656448,-0.11730000000000002
13005,1.4694973688289041,3.377997500772425,-0.15249000000000001
13016,1.4694973688289041,0.3070906818884023,-0.19354500000000002
13026,1.4646793446688093,-0.9212720456652067,-0.22287
13036,1.4646793446688093,-3.377997500772425,-0.27565500000000004
13046,1.4694973688289041,-3.377997500772425,-0.31084500000000004
13056,1.4694973688289041,-4.606360228326034,-0.34603500000000004
13066,1.4694973688289041,-4.606360228326034,-0.37536
13076,1.474315392988999,-4.606360228326034,-0.41641500000000004
13086,1.4694973688289041,-5.834722955879643,-0.45160500000000003
13096,1.4694973688289041,-5.220541592102839,-0.475065
13107,1.4694973688289041,-5.220541592102839,-0.49852500000000005
13117,1.4646793446688093,-5.834722955879643,-0.521985
13127,1.4598613205087145,-8.905629774763666,-0.5454450000000001
13136,1.4598613205087145,-10.74817386609408,-0.5513100000000001
13147,1.4550432963486197,-16.275806140085322,-0.5865
13157,1.4550432963486197,-21.803438414076563,-0.604095
13167,1.4405892238683355,-25.48852659673739,-0.6099600000000001
13177,1.4309531755481462,-32.24452159828224,-0.6334200000000001
13188,1.4261351513880514,-34.70124705338946,-0.6275550000000001
13198,1.4213171272279566,-39.00051659982709,-0.639285
13207,1.4020450305875773,-43.29978614626472,-0.6275550000000001
13217,1.392408982267388,-48.21323705647916,-0.639285
13228,1.3827729339471984,-53.12668796669359,-0.64515
13238,1.3683188614669142,-57.42595751313123,-0.639285
13248,1.3538647889866298,-62.95358978712247,-0.6334200000000001
13258,1.3394107165063454,-66.6386779697833,-0.6099600000000001
13267,1.3249566440260612,-71.55212887999772,-0.6158250000000001
13278,1.305684547385682,-75.23721706265856,-0.59823
13288,1.2912304749053978,-78.30812388154258,-0.57477
13298,1.2767764024251136,-81.37903070042661,-0.56304
13308,1.2575043057847344,-82.60739342798021,-0.533715
13319,1.2382322091443554,-85.06411888308743,-0.51612
13329,1.2285961608241658,-86.90666297441784,-0.49266000000000004
13338,1.2093240641837868,-85.06411888308743,-0.44574
13348,1.1900519675434076,-87.52084433819465,-0.439875
13359,1.1755978950631234,-86.29248161064103,-0.41641500000000004
13369,1.1611438225828392,-85.67830024686424,-0.38122500000000004
13379,1.1466897501025546,-83.221574791757,-0.34603500000000004
13389,1.1322356776222704,-80.7648493366498,-0.31671000000000005
13400,1.122599629302081,-76.46557979021216,-0.26979000000000003
13409,1.1081455568217966,-72.16631024377453,-0.240465
13419,1.1033275326617018,-66.0244966060065,-0.19941
13429,1.0936914843415122,-61.72522705956886,-0.181815
13440,1.0888734601814174,-53.12668796669359,-0.12903
13450,1.0840554360213228,-46.37069296514874,-0.08797500000000001
13460,1.0840554360213228,-39.00051659982709,-0.064515
13469,1.0840554360213228,-32.24452159828224,-0.005865
13479,1.0840554360213228,-24.26016386918378,0.03519
13490,1.0840554360213228,-18.118350231415736,0.08211
13500,1.0840554360213228,-12.590717957424493,0.12903
13510,1.0840554360213228,-7.677267047210057,0.17008500000000001
13520,1.0840554360213228,-3.9921788645492295,0.21114000000000002
13531,1.0840554360213228,-1.5354534094420114,0.25806
13541,1.0840554360213228,-0.9212720456652067,0.29325
13550,1.0840554360213228,0.3070906818884023,0.32844
13560,1.0840554360213228,-0.3070906818884023,0.369495
13571,1.0840554360213228,-0.3070906818884023,0.404685
13581,1.0840554360213228,0.3070906818884023,0.439875
13591,1.0840554360213228,0.3070906818884023,0.475065
13601,1.0840554360213228,-0.3070906818884023,0.50439
13612,1.0840554360213228,-0.3070906818884023,0.52785
13622,1.0840554360213228,-0.3070906818884023,0.5513100000000001
13631,1.0888734601814174,-2.149634773218816,0.56304
13641,1.0888734601814174,0.9212720456652067,0.59823
13651,1.0888734601814174,5.834722955879643,0.6216900000000001
13662,1.0936914843415122,8.905629774763666,0.6334200000000001
13672,1.098509508501607,13.204899321201298,0.64515
13682,1.1129635809818914,19.34671295896934,0.674475
13691,1.1033275326617018,23.645982505406977,0.6862050000000001
13702,1.122599629302081,27.3310706880678,0.6803400000000001
13712,1.1322356776222704,31.630340234505436,0.6803400000000001
13722,1.14187172594246,36.543791144719876,0.6803400000000001
13732,1.1563257984227442,42.685604782487914,0.6803400000000001
13743,1.1659618467429338,46.98487432892555,0.674475
13752,1.1755978950631234,53.12668796669359,0.6803400000000001
13762,1.1852339433833128,59.88268296823844,0.6862050000000001
13772,1.2045060400236918,62.33940842334566,0.65688
13783,1.223778136664071,65.41031524222969,0.6334200000000001
13793,1.2382322091443554,69.0954034248905,0.6158250000000001
13803,1.2526862816246396,70.93794751622093,0.5865
13813,1.2719583782650188,74.00885433510496,0.568905
13824,1.2767764024251136,75.85139842643535,0.5513100000000001
13833,1.2960484990654926,77.07976115398897,0.5395800000000001
13843,1.310502571545777,77.69394251776578,0.50439
13853,1.329774668186156,76.46557979021216,0.46920000000000006
13863,1.3394107165063454,75.23721706265856,0.439875
13874,1.3538647889866298,72.78049160755134,0.41055
13884,1.3635008373068194,68.4812220611137,0.369495
13894,1.3779549097871036,64.79613387845288,0.334305
13903,1.3875909581072932,60.49686433201524,0.29325
13914,1.392408982267388,55.58341342180081,0.25806
13924,1.3972270064274825,49.44159978403276,0.217005
13934,1.4068630547476721,42.07142341871111,0.181815
13944,1.3972270064274825,33.47288432583584,0.11730000000000002
13955,1.4068630547476721,28.559433415621413,0.099705
13965,1.4068630547476721,23.645982505406977,0.064515
13974,1.3972270064274825,18.732531595192537,0.03519
13984,1.4068630547476721,10.74817386609408,-0.03519
13995,1.4020450305875773,7.677267047210057,-0.07624500000000001
14005,1.4020450305875773,4.606360228326034,-0.111435
14015,1.4068630547476721,2.149634773218816,-0.15249000000000001
14025,1.4068630547476721,0.3070906818884023,-0.19941
14035,1.4020450305875773,-0.9212720456652067,-0.23460000000000003
14046,1.4068630547476721,-1.5354534094420114,-0.26979000000000003
14055,1.4068630547476721,-2.7638161369956205,-0.31084500000000004
14065,1.4068630547476721,-3.377997500772425,-0.34603500000000004
14075,1.4068630547476721,-3.377997500772425,-0.38122500000000004
14086,1.4020450305875773,-3.9921788645492295,-0.41055
14096,1.4020450305875773,-3.9921788645492295,-0.439875
14106,1.4020450305875773,-4.606360228326034,-0.46920000000000006
14116,1.4020450305875773,-5.834722955879643,-0.49266000000000004
14127,1.3972270064274825,-8.905629774763666,-0.521985
14137,1.3972270064274825,-11.976536593647689,-0.5454450000000001
14146,1.3875909581072932,-15.661624776308516,-0.5571750000000001
14156,1.3827729339471984,-19.34671295896934,-0.568905
14167,1.3779549097871036,-24.874345232960582,-0.592365
14177,1.3635008373068194,-29.173614779398218,-0.6099600000000001
14187,1.3586828131467243,-34.08706568961265,-0.6216900000000001
14197,1.349046764826535,-38.386335236050286,-0.6275550000000001
14208,1.3442287406664402,-42.685604782487914,-0.6275550000000001
14217,1.329774668186156,-48.21323705647916,-0.639285
14227,1.3153205957058718,-53.12668796669359,-0.639285
14237,1.3008665232255872,-56.81177614935442,-0.6334200000000001
14247,1.2912304749053978,-62.95358978712247,-0.639285
14258,1.2767764024251136,-67.2528593335601,-0.6275550000000001
14268,1.2575043057847344,-70.93794751622093,-0.6099600000000001
14277,1.24305023330445,-75.23721706265856,-0.6099600000000001
14287,1.2285961608241658,-78.92230524531938,-0.592365
14298,1.2093240641837868,-81.99321206420342,-0.580635
14308,1.1948699917035024,-87.52084433819465,-0.580635
14318,1.1755978950631234,-86.29248161064103,-0.533715
14328,1.1515077742626494,-88.13502570197146,-0.510255
14340,1.1370537017823652,-89.97756979330187,-0.49852500000000005
14348,1.122599629302081,-90.59175115707866,-0.46920000000000006
14358,1.1033275326617018,-89.97756979330187,-0.43401
14368,1.0888734601814174,-89.36338842952506,-0.404685
14379,1.0744193877011332,-87.52084433819465,-0.37536
14389,1.059965315220849,-85.06411888308743,-0.35190000000000005
14399,1.0455112427405646,-81.37903070042661,-0.31084500000000004
14409,1.0310571702602802,-77.69394251776578,-0.26979000000000003
14418,1.0262391461001856,-74.62303569888176,-0.252195
14429,1.0117850736199012,-67.8670406973369,-0.19941
14439,1.0069670494598066,-61.11104569579205,-0.16422
14449,1.0021490252997118,-54.355050694247204,-0.12316500000000001
14459,0.9925129769795221,-46.37069296514874,-0.08211
14470,0.9925129769795221,-39.00051659982709,-0.04692
14479,0.9925129769795221,-31.630340234505436,0.0
14489,0.9876949528194273,-23.645982505406977,0.052785000000000006
14499,0.9925129769795221,-19.34671295896934,0.08797500000000001
14510,0.9925129769795221,-14.433262048754909,0.12903
14520,0.9925129769795221,-10.133992502317275,0.17595000000000002
14530,0.9925129769795221,-7.677267047210057,0.22287
14540,0.9925129769795221,-5.220541592102839,0.263925
14550,0.9925129769795221,-2.7638161369956205,0.30498000000000003
14560,0.9925129769795221,-0.9212720456652067,0.34017000000000003
14570,0.9925129769795221,0.3070906818884023,0.369495
14580,0.9925129769795221,0.9212720456652067,0.404685
14590,0.9925129769795221,2.149634773218816,0.45747000000000004
14601,0.9925129769795221,0.9212720456652067,0.475065
14611,0.9973310011396168,1.5354534094420114,0.50439
14621,0.9973310011396168,3.9921788645492295,0.5395800000000001
14630,1.0021490252997118,6.448904319656448,0.5571750000000001
14641,1.0069670494598066,10.133992502317275,0.5865
14651,1.0117850736199012,13.204899321201298,0.604095
14661,1.016603097779996,16.889987503862123,0.6158250000000001
14671,1.0262391461001856,21.803438414076563,0.639285
14682,1.0310571702602802,24.874345232960582,0.651015
14692,1.0406932185804698,29.173614779398218,0.662745
14701,1.0455112427405646,32.85870296205905,0.66861
14711,1.0551472910607542,37.15797250849668,0.6803400000000001
14722,1.0696013635410384,40.843060691157504,0.6803400000000001
14732,1.079237411861228,45.75651160137193,0.6803400000000001
14742,1.0936914843415122,50.66996251158638,0.6803400000000001
14752,1.1033275326617018,56.19759478557762,0.6862050000000001
14763,1.1177816051419862,59.88268296823844,0.66861
14772,1.1322356776222704,65.41031524222969,0.66861
14782,1.1563257984227442,69.0954034248905,0.651015
14792,1.1611438225828392,72.78049160755134,0.639285
14802,1.1804159192232182,76.46557979021216,0.6216900000000001
14813,1.1996880158635972,78.92230524531938,0.592365
14823,1.2189601125039764,81.37903070042661,0.568905
14833,1.2334141849842606,83.83575615553382,0.5513100000000001
14842,1.2478682574645448,84.44993751931062,0.52785
14853,1.267140354104924,85.67830024686424,0.49852500000000005
14863,1.286412450745303,85.06411888308743,0.46920000000000006
14873,1.2960484990654926,83.221574791757,0.439875
14883,1.3153205957058718,81.99321206420342,0.404685
14894,1.329774668186156,79.53648660909619,0.369495
14903,1.3394107165063454,75.85139842643535,0.34017000000000003
14913,1.3538647889866298,70.32376615244412,0.29325
14923,1.3635008373068194,65.41031524222969,0.25806
14934,1.3635008373068194,58.65432024068484,0.21114000000000002
14944,1.3779549097871036,52.512506602916794,0.17595000000000002
14954,1.3827729339471984,45.75651160137193,0.13489500000000001
14964,1.3827729339471984,38.386335236050286,0.099705
14973,1.3827729339471984,30.401977506951823,0.05865000000000001
14984,1.3827729339471984,23.645982505406977,0.01173
14994,1.3827729339471984,16.889987503862123,-0.029325000000000004
15004,1.3827729339471984,11.976536593647689,-0.07624500000000001
15014,1.3827729339471984,7.677267047210057,-0.11730000000000002
15025,1.3827729339471984,3.9921788645492295,-0.15835500000000002
15035,1.3827729339471984,1.5354534094420114,-0.19941
15045,1.3779549097871036,0.9212720456652067,-0.22287
15054,1.3827729339471984,-2.7638161369956205,-0.27565500000000004
15065,1.392408982267388,-5.220541592102839,-0.32844
15075,1.3875909581072932,-3.9921788645492295,-0.35190000000000005
15085,1.3827729339471984,-4.606360228326034,-0.39295500000000005
15095,1.3875909581072932,-5.220541592102839,-0.42814500000000005
15106,1.3827729339471984,-3.9921788645492295,-0.44574
15116,1.3827729339471984,-3.9921788645492295,-0.46920000000000006
15126,1.3779549097871036,-4.606360228326034,-0.49266000000000004
15135,1.3779549097871036,-5.834722955879643,-0.521985
15145,1.373136885627009,-9.51981113854047,-0.5454450000000001
15156,1.3683188614669142,-13.819080684978102,-0.56304
15166,1.3635008373068194,-18.118350231415736,-0.580635
15176,1.3586828131467243,-21.803438414076563,-0.59823
15186,1.3442287406664402,-28.559433415621413,-0.6275550000000001
15197,1.3442287406664402,-30.401977506951823,-0.6275550000000001
15206,1.3345926923462508,-34.08706568961265,-0.6158250000000001
15216,1.3249566440260612,-42.07142341871111,-0.651015
15226,1.3153205957058718,-44.52814887381833,-0.639285
15237,1.3008665232255872,-48.82741842025597,-0.6334200000000001
15247,1.2960484990654926,-53.12668796669359,-0.6275550000000001
15257,1.2767764024251136,-58.65432024068484,-0.6334200000000001
15266,1.267140354104924,-62.95358978712247,-0.6275550000000001
15277,1.2478682574645448,-67.8670406973369,-0.6216900000000001
15287,1.2334141849842606,-71.55212887999772,-0.604095
15297,1.2189601125039764,-75.23721706265856,-0.592365
15307,1.1996880158635972,-77.69394251776578,-0.57477
15318,1.1852339433833128,-80.150667972873,-0.5571750000000001
15328,1.1707798709030286,-83.221574791757,-0.5395800000000001
15337,1.1515077742626494,-84.44993751931062,-0.51612
15347,1.1370537017823652,-85.67830024686424,-0.49266000000000004
15357,1.1177816051419862,-86.29248161064103,-0.46333500000000005
15368,1.1033275326617018,-85.67830024686424,-0.43401
15378,1.0888734601814174,-84.44993751931062,-0.404685
15388,1.0744193877011332,-82.60739342798021,-0.369495
15397,1.059965315220849,-80.7648493366498,-0.34017000000000003
15408,1.0455112427405646,-77.07976115398897,-0.30498000000000003
15418,1.035875194420375,-72.78049160755134,-0.26979000000000003
15428,1.0262391461001856,-67.8670406973369,-0.23460000000000003
