time,angle,velocity,current
302,0.20235701472398027,-2.149634773218816,0.0
314,0.207175038884075,-1.5354534094420114,0.0
323,0.21681108720426456,-1.5354534094420114,0.0
333,0.21681108720426456,-1.5354534094420114,0.08211
344,0.21681108720426456,-1.5354534094420114,0.205275
354,0.2216291113643593,-0.9212720456652067,0.299115
364,0.2216291113643593,3.9921788645492295,0.357765
374,0.23126515968454886,9.51981113854047,0.42228000000000004
385,0.23126515968454886,13.204899321201298,0.45747000000000004
394,0.2409012080047384,13.819080684978102,0.475065
404,0.2409012080047384,15.04744341253171,0.48679500000000003
414,0.24571923216483316,16.275806140085322,0.49852500000000005
424,0.25053725632492796,18.118350231415736,0.521985
435,0.2553552804850227,19.34671295896934,0.52785
445,0.26499132880521226,19.96089432274615,0.533715
455,0.26499132880521226,21.189257050299755,0.533715
465,0.269809352965307,23.645982505406977,0.5454450000000001
475,0.27944540128549655,24.874345232960582,0.5395800000000001
485,0.28908144960568605,25.48852659673739,0.52785
495,0.29389947376578085,30.401977506951823,0.5513100000000001
505,0.2987174979258756,31.016158870728628,0.533715
516,0.30835354624606515,34.70124705338946,0.5454450000000001
526,0.3179895945662547,37.77215387227348,0.56304
535,0.32762564288644425,38.386335236050286,0.5454450000000001
545,0.33726169120663374,41.457242054934305,0.5513100000000001
556,0.3468977395268233,45.14233023759514,0.5513100000000001
566,0.3613518120071076,47.59905569270235,0.5454450000000001
576,0.37098786032729714,48.82741842025597,0.5571750000000001
586,0.3806239086474867,49.44159978403276,0.5454450000000001
596,0.3950779811277709,51.28414387536318,0.5454450000000001
607,0.3998960052878658,53.740869330470396,0.56304
616,0.41435007776815,53.740869330470396,0.5395800000000001
626,0.4288041502484344,56.19759478557762,0.5454450000000001
636,0.44807624688881337,58.65432024068484,0.5395800000000001
647,0.457712295209003,59.26850160446163,0.5454450000000001
657,0.46734834352919247,60.49686433201524,0.5454450000000001
667,0.4818024160094768,62.33940842334566,0.5454450000000001
676,0.4914384643296663,63.56777115089927,0.5454450000000001
687,0.5107105609700454,64.79613387845288,0.5454450000000001
697,0.5251646334503296,66.0244966060065,0.5454450000000001
707,0.5444367300907087,68.4812220611137,0.5454450000000001
717,0.5540727784108983,69.0954034248905,0.5454450000000001
728,0.5685268508911826,70.93794751622093,0.5454450000000001
738,0.5829809233714669,72.16631024377453,0.5513100000000001
748,0.5974349958517512,72.78049160755134,0.5454450000000001
757,0.6167070924921303,74.00885433510496,0.5454450000000001
768,0.6263431408123198,75.23721706265856,0.5513100000000001
778,0.6456152374526989,75.23721706265856,0.5395800000000001
788,0.6552512857728885,77.07976115398897,0.5395800000000001
798,0.6745233824132675,78.92230524531938,0.5513100000000001
808,0.6937954790536466,80.150667972873,0.5571750000000001
819,0.7082495515339309,81.37903070042661,0.5571750000000001
828,0.7227036240142152,77.69394251776578,0.32844
838,0.7371576964944995,74.62303569888176,0.11730000000000002
848,0.7419757206545943,65.41031524222969,-0.041055
859,0.7419757206545943,52.512506602916794,-0.16422
869,0.7419757206545943,40.228879327380696,-0.25806
879,0.7419757206545943,27.94525205184461,-0.322575
889,0.7419757206545943,14.433262048754909,-0.37536
899,0.7371576964944995,4.606360228326034,-0.41641500000000004
909,0.7323396723344047,-3.9921788645492295,-0.439875
919,0.7275216481743099,-8.291448410986861,-0.44574
929,0.7227036240142152,-16.275806140085322,-0.48093
940,0.7178855998541204,-19.96089432274615,-0.48679500000000003
950,0.7082495515339309,-23.645982505406977,-0.49266000000000004
960,0.7034315273738361,-26.102707960514195,-0.50439
969,0.6986135032137413,-29.173614779398218,-0.510255
979,0.6937954790536466,-29.173614779398218,-0.49852500000000005
990,0.6841594307334571,-32.24452159828224,-0.50439
1000,0.6745233824132675,-34.70124705338946,-0.510255
1010,0.6697053582531727,-36.543791144719876,-0.51612
1020,0.6600693099329832,-37.77215387227348,-0.510255
1030,0.6456152374526989,-43.29978614626472,-0.5454450000000001
1040,0.6456152374526989,-42.07142341871111,-0.51612
1050,0.6359791891325094,-44.52814887381833,-0.51612
1060,0.621525116652225,-46.37069296514874,-0.51612
1071,0.6118890683320355,-48.82741842025597,-0.521985
1081,0.6070710441719408,-50.66996251158638,-0.51612
1091,0.5926169716916564,-51.898325239139986,-0.51612
1101,0.5829809233714669,-53.12668796669359,-0.521985
1111,0.5733448750512773,-55.58341342180081,-0.521985
1121,0.5588908025709931,-58.04013887690803,-0.521985
1131,0.5492547542508035,-59.88268296823844,-0.521985
1141,0.5348006817705192,-60.49686433201524,-0.510255
1152,0.5203466092902349,-61.72522705956886,-0.50439
1162,0.5107105609700454,-64.79613387845288,-0.51612
1172,0.49625648848976106,-69.0954034248905,-0.5454450000000001
1182,0.4818024160094768,-68.4812220611137,-0.521985
1191,0.4625303193690977,-68.4812220611137,-0.51612
1202,0.4528942710489082,-70.32376615244412,-0.51612
1212,0.4432582227287186,-71.55212887999772,-0.51612
1222,0.4239861260883395,-72.78049160755134,-0.510255
1232,0.4095320536080553,-74.00885433510496,-0.521985
1243,0.3950779811277709,-75.23721706265856,-0.51612
1253,0.3806239086474867,-77.07976115398897,-0.52785
1262,0.36616983616720233,-76.46557979021216,-0.510255
1272,0.3468977395268233,-77.07976115398897,-0.510255
1283,0.332443667046539,-78.92230524531938,-0.521985
1293,0.3179895945662547,-82.60739342798021,-0.52785
1303,0.3035355220859704,-81.37903070042661,-0.51612
1313,0.27944540128549655,-82.60739342798021,-0.521985
1324,0.26499132880521226,-83.83575615553382,-0.533715
1333,0.2553552804850227,-82.60739342798021,-0.32844
1343,0.2409012080047384,-77.69394251776578,-0.099705
1353,0.23126515968454886,-68.4812220611137,0.07624500000000001
1363,0.23126515968454886,-55.58341342180081,0.19941
1374,0.2264471355244541,-43.29978614626472,0.28152
1384,0.23126515968454886,-30.401977506951823,0.357765
1393,0.23126515968454886,-18.732531595192537,0.404685
1403,0.2360831838446436,-8.905629774763666,0.44574
1414,0.2409012080047384,-1.5354534094420114,0.45747000000000004
1424,0.24571923216483316,4.606360228326034,0.49266000000000004
1434,0.25053725632492796,8.905629774763666,0.510255
1444,0.2553552804850227,13.204899321201298,0.521985
1455,0.26017330464511745,18.118350231415736,0.5395800000000001
1465,0.269809352965307,20.575075686522954,0.533715
1474,0.27462737712540175,23.645982505406977,0.5395800000000001
1484,0.27944540128549655,25.48852659673739,0.533715
1495,0.28908144960568605,29.78779614317502,0.5395800000000001
1505,0.2987174979258756,32.85870296205905,0.5513100000000001
1515,0.30835354624606515,34.70124705338946,0.5513100000000001
1525,0.3179895945662547,36.543791144719876,0.5513100000000001
1536,0.32280761872634944,39.00051659982709,0.5513100000000001
1545,0.33726169120663374,41.457242054934305,0.5395800000000001
1555,0.3468977395268233,43.91396751004152,0.5454450000000001
1565,0.35171576368691804,45.75651160137193,0.5454450000000001
1575,0.36616983616720233,47.59905569270235,0.5454450000000001
1586,0.3758058844873919,48.21323705647916,0.533715
1596,0.3902599569676762,51.28414387536318,0.5454450000000001
1605,0.3998960052878658,53.740869330470396,0.5513100000000001
1615,0.41435007776815,55.58341342180081,0.5454450000000001
1626,0.4239861260883395,56.81177614935442,0.5454450000000001
1636,0.4384401985686239,59.26850160446163,0.5454450000000001
1646,0.4528942710489082,59.88268296823844,0.5454450000000001
1656,0.46734834352919247,62.33940842334566,0.5513100000000001
1667,0.4818024160094768,62.95358978712247,0.5513100000000001
1676,0.4914384643296663,64.79613387845288,0.5513100000000001
1686,0.5010745126498559,68.4812220611137,0.57477
1696,0.5251646334503296,67.2528593335601,0.5454450000000001
1707,0.539618705930614,68.4812220611137,0.5454450000000001
1717,0.5492547542508035,69.0954034248905,0.5395800000000001
1727,0.5637088267310878,72.16631024377453,0.5571750000000001
1737,0.5781628992113721,72.78049160755134,0.5513100000000001
1747,0.5974349958517512,74.00885433510496,0.5454450000000001
1758,0.6118890683320355,75.85139842643535,0.5454450000000001
1767,0.6263431408123198,77.69394251776578,0.5571750000000001
1777,0.6456152374526989,78.30812388154258,0.5454450000000001
1787,0.6600693099329832,79.53648660909619,0.5454450000000001
1798,0.6793414065733622,80.7648493366498,0.5513100000000001
1808,0.6986135032137413,81.99321206420342,0.5454450000000001
1818,0.7130675756940257,83.83575615553382,0.5513100000000001
1827,0.7275216481743099,84.44993751931062,0.5454450000000001
1838,0.7419757206545943,84.44993751931062,0.357765
1848,0.7564297931348785,79.53648660909619,0.13489500000000001
1858,0.7612478172949734,69.70958478866731,-0.041055
1868,0.7660658414550681,56.81177614935442,-0.16422
1879,0.7660658414550681,43.91396751004152,-0.252195
1889,0.7708838656151629,31.630340234505436,-0.322575
1898,0.7660658414550681,19.34671295896934,-0.37536
1908,0.7612478172949734,7.677267047210057,-0.41641500000000004
1918,0.7564297931348785,-1.5354534094420114,-0.439875
1929,0.7516117689747838,-8.905629774763666,-0.45747000000000004
1939,0.7419757206545943,-15.04744341253171,-0.475065
1949,0.7419757206545943,-19.96089432274615,-0.48093
1959,0.7371576964944995,-22.417619777853368,-0.48093
1970,0.7275216481743099,-26.716889324290996,-0.49852500000000005
1979,0.7227036240142152,-30.401977506951823,-0.50439
1989,0.7130675756940257,-32.85870296205905,-0.510255
1999,0.7034315273738361,-34.08706568961265,-0.510255
2010,0.6937954790536466,-37.15797250849668,-0.521985
2020,0.6889774548935518,-35.92960978094307,-0.48679500000000003
2030,0.6841594307334571,-40.228879327380696,-0.510255
2039,0.6697053582531727,-42.07142341871111,-0.51612
2050,0.6600693099329832,-43.91396751004152,-0.510255
2060,0.6552512857728885,-46.37069296514874,-0.51612
2070,0.6456152374526989,-48.21323705647916,-0.510255
2080,0.6311611649724146,-50.05578114780957,-0.51612
2091,0.621525116652225,-51.898325239139986,-0.51612
2101,0.6118890683320355,-54.355050694247204,-0.51612
2110,0.5974349958517512,-56.19759478557762,-0.51612
2120,0.5877989475315617,-58.04013887690803,-0.51612
2130,0.5733448750512773,-59.26850160446163,-0.510255
2141,0.5588908025709931,-61.11104569579205,-0.510255
2151,0.5492547542508035,-63.56777115089927,-0.521985
2161,0.5348006817705192,-65.41031524222969,-0.51612
2171,0.5203466092902349,-66.6386779697833,-0.533715
2181,0.5058925368099506,-68.4812220611137,-0.51612
2191,0.49625648848976106,-69.70958478866731,-0.510255
2201,0.4818024160094768,-72.16631024377453,-0.51612
2211,0.4625303193690977,-73.39467297132815,-0.51612
2222,0.44807624688881337,-74.62303569888176,-0.51612
2232,0.4336221744085291,-75.85139842643535,-0.51612
2242,0.4191681019282448,-76.46557979021216,-0.510255
2251,0.40471402944796053,-78.92230524531938,-0.510255
2262,0.3902599569676762,-78.92230524531938,-0.510255
2272,0.37098786032729714,-80.7648493366498,-0.51612
2282,0.35653378784701284,-81.99321206420342,-0.51612
2292,0.33726169120663374,-82.60739342798021,-0.51612
2302,0.32280761872634944,-83.221574791757,-0.51612
2313,0.3035355220859704,-83.221574791757,-0.50439
2323,0.28908144960568605,-85.67830024686424,-0.51612
2332,0.269809352965307,-85.67830024686424,-0.51612
2342,0.26017330464511745,-84.44993751931062,-0.30498000000000003
2353,0.24571923216483316,-81.37903070042661,-0.08797500000000001
2363,0.2409012080047384,-70.93794751622093,0.07624500000000001
2373,0.2360831838446436,-58.04013887690803,0.19941
2383,0.2409012080047384,-45.14233023759514,0.287385
2394,0.2360831838446436,-32.85870296205905,0.36363
2404,0.2360831838446436,-19.96089432274615,0.41055
2413,0.2409012080047384,-9.51981113854047,0.45160500000000003
2423,0.24571923216483316,-0.3070906818884023,0.475065
2434,0.25053725632492796,5.834722955879643,0.49266000000000004
2444,0.2553552804850227,10.74817386609408,0.51612
2454,0.26499132880521226,14.433262048754909,0.50439
2464,0.269809352965307,19.34671295896934,0.52785
2473,0.27462737712540175,21.803438414076563,0.521985
2484,0.27944540128549655,29.78779614317502,0.568905
2494,0.29389947376578085,30.401977506951823,0.533715
2504,0.3035355220859704,32.85870296205905,0.5395800000000001
2514,0.3131715704061599,35.31542841716626,0.5395800000000001
2525,0.3179895945662547,37.77215387227348,0.5454450000000001
2535,0.32762564288644425,40.843060691157504,0.5454450000000001
2544,0.34207971536672854,42.07142341871111,0.5454450000000001
2554,0.35171576368691804,44.52814887381833,0.5395800000000001
2565,0.3613518120071076,43.91396751004152,0.51612
2575,0.36616983616720233,48.82741842025597,0.5513100000000001
2585,0.3806239086474867,51.28414387536318,0.5513100000000001
2595,0.3950779811277709,52.512506602916794,0.5513100000000001
2605,0.4095320536080553,53.12668796669359,0.5395800000000001
2615,0.4191681019282448,52.512506602916794,0.51612
2625,0.4288041502484344,56.81177614935442,0.5395800000000001
2635,0.4432582227287186,57.42595751313123,0.533715
2646,0.457712295209003,59.88268296823844,0.5454450000000001
2656,0.4721663676892872,61.72522705956886,0.5454450000000001
2666,0.48662044016957157,62.95358978712247,0.5395800000000001
2675,0.49625648848976106,64.18195251467608,0.5513100000000001
2685,0.5155285851301401,65.41031524222969,0.5454450000000001
2696,0.5299826576104245,67.2528593335601,0.5454450000000001
2706,0.539618705930614,69.0954034248905,0.5454450000000001
2716,0.5540727784108983,70.32376615244412,0.5454450000000001
2726,0.5685268508911826,68.4812220611137,0.51612
2737,0.5877989475315617,72.16631024377453,0.5395800000000001
2747,0.6022530200118459,74.62303569888176,0.5454450000000001
2756,0.621525116652225,75.23721706265856,0.5454450000000001
2766,0.6359791891325094,77.69394251776578,0.5571750000000001
2777,0.6504332616127936,78.92230524531938,0.5513100000000001
2787,0.664887334093078,79.53648660909619,0.5454450000000001
2797,0.6889774548935518,78.30812388154258,0.521985
2807,0.7034315273738361,81.99321206420342,0.5454450000000001
2818,0.7227036240142152,83.221574791757,0.5454450000000001
2828,0.7323396723344047,85.67830024686424,0.5454450000000001
2837,0.7516117689747838,85.67830024686424,0.5454450000000001
2847,0.7708838656151629,85.67830024686424,0.369495
2857,0.7805199139353524,81.37903070042661,0.14076
2868,0.7901559622555419,71.55212887999772,-0.03519
2878,0.7949739864156367,58.65432024068484,-0.15835500000000002
2888,0.7949739864156367,45.14233023759514,-0.25806
2898,0.7949739864156367,31.630340234505436,-0.334305
2908,0.7949739864156367,19.96089432274615,-0.369495
2918,0.7901559622555419,7.677267047210057,-0.41055
2928,0.785337938095447,-1.5354534094420114,-0.439875
2938,0.7805199139353524,-8.905629774763666,-0.45747000000000004
2949,0.7757018897752576,-13.204899321201298,-0.46333500000000005
2959,0.7660658414550681,-19.34671295896934,-0.48679500000000003
2968,0.7564297931348785,-21.189257050299755,-0.48679500000000003
2978,0.7564297931348785,-27.3310706880678,-0.521985
2989,0.7516117689747838,-28.559433415621413,-0.510255
2999,0.7419757206545943,-28.559433415621413,-0.510255
3009,0.7371576964944995,-30.401977506951823,-0.510255
3019,0.7227036240142152,-31.630340234505436,-0.510255
3030,0.7227036240142152,-32.85870296205905,-0.510255
3039,0.7178855998541204,-34.08706568961265,-0.510255
3049,0.7082495515339309,-35.92960978094307,-0.51612
3059,0.6986135032137413,-37.15797250849668,-0.510255
3069,0.6937954790536466,-40.228879327380696,-0.521985
3080,0.6841594307334571,-42.07142341871111,-0.51612
3090,0.6745233824132675,-45.14233023759514,-0.51612
3100,0.664887334093078,-46.37069296514874,-0.50439
3109,0.6552512857728885,-49.44159978403276,-0.52785
3120,0.6456152374526989,-50.66996251158638,-0.51612
3130,0.6311611649724146,-52.512506602916794,-0.51612
3140,0.6167070924921303,-56.19759478557762,-0.533715
3150,0.6118890683320355,-56.81177614935442,-0.51612
3161,0.5974349958517512,-58.65432024068484,-0.51612
3171,0.5829809233714669,-59.26850160446163,-0.510255
3180,0.5733448750512773,-61.11104569579205,-0.51612
3190,0.5588908025709931,-62.33940842334566,-0.510255
3201,0.5492547542508035,-64.18195251467608,-0.51612
3211,0.5348006817705192,-67.2528593335601,-0.533715
3221,0.5203466092902349,-66.6386779697833,-0.51612
3231,0.5058925368099506,-69.0954034248905,-0.521985
3241,0.4914384643296663,-70.32376615244412,-0.51612
3252,0.4769843918493821,-70.93794751622093,-0.51612
3261,0.4625303193690977,-72.16631024377453,-0.51612
3271,0.44807624688881337,-73.39467297132815,-0.51612
3281,0.4336221744085291,-74.62303569888176,-0.51612
3292,0.4191681019282448,-75.23721706265856,-0.510255
3302,0.40471402944796053,-77.07976115398897,-0.51612
3312,0.38544193280758143,-77.07976115398897,-0.510255
3322,0.37098786032729714,-79.53648660909619,-0.51612
3333,0.35653378784701284,-80.150667972873,-0.510255
3342,0.33726169120663374,-80.7648493366498,-0.51612
3352,0.32762564288644425,-81.37903070042661,-0.34017000000000003
3362,0.3131715704061599,-76.46557979021216,-0.099705
3373,0.3035355220859704,-67.8670406973369,0.07038
3383,0.2987174979258756,-54.969232058024005,0.205275
3393,0.3035355220859704,-45.14233023759514,0.27565500000000004
3403,0.3035355220859704,-31.630340234505436,0.357765
3412,0.3035355220859704,-19.34671295896934,0.41055
3423,0.30835354624606515,-9.51981113854047,0.44574
3433,0.3131715704061599,-0.3070906818884023,0.46920000000000006
3443,0.3179895945662547,6.448904319656448,0.49266000000000004
3453,0.32280761872634944,11.362355229870884,0.50439
3464,0.332443667046539,16.889987503862123,0.521985
3474,0.33726169120663374,21.803438414076563,0.533715
3484,0.3468977395268233,25.48852659673739,0.5395800000000001
3493,0.35171576368691804,27.94525205184461,0.5395800000000001
3504,0.3613518120071076,32.24452159828224,0.5454450000000001
3514,0.36616983616720233,33.47288432583584,0.5395800000000001
3524,0.3758058844873919,35.31542841716626,0.5454450000000001
3534,0.38544193280758143,36.543791144719876,0.5513100000000001
3545,0.3998960052878658,36.543791144719876,0.533715
3555,0.40471402944796053,40.228879327380696,0.5454450000000001
3565,0.41435007776815,42.07142341871111,0.5513100000000001
3574,0.4239861260883395,44.52814887381833,0.5454450000000001
3585,0.4336221744085291,45.75651160137193,0.5454450000000001
3595,0.44807624688881337,46.98487432892555,0.5454450000000001
3605,0.457712295209003,49.44159978403276,0.5513100000000001
3615,0.46734834352919247,50.66996251158638,0.5571750000000001
3624,0.4818024160094768,52.512506602916794,0.5513100000000001
3635,0.4914384643296663,54.969232058024005,0.5513100000000001
3645,0.5058925368099506,55.58341342180081,0.5454450000000001
3655,0.5155285851301401,57.42595751313123,0.5454450000000001
3665,0.5299826576104245,58.04013887690803,0.533715
3676,0.539618705930614,60.49686433201524,0.5454450000000001
3686,0.5540727784108983,62.33940842334566,0.5454450000000001
3696,0.5733448750512773,64.18195251467608,0.5513100000000001
3705,0.5829809233714669,65.41031524222969,0.5454450000000001
3716,0.5974349958517512,67.2528593335601,0.5454450000000001
3726,0.6167070924921303,68.4812220611137,0.5454450000000001
3736,0.6263431408123198,70.32376615244412,0.5513100000000001
3746,0.6456152374526989,70.93794751622093,0.5454450000000001
3757,0.6552512857728885,72.78049160755134,0.5454450000000001
3767,0.6697053582531727,74.62303569888176,0.5454450000000001
3777,0.6889774548935518,75.23721706265856,0.5454450000000001
3786,0.7034315273738361,76.46557979021216,0.5454450000000001
3796,0.7178855998541204,78.30812388154258,0.5571750000000001
3807,0.7323396723344047,78.92230524531938,0.5454450000000001
3817,0.7516117689747838,80.7648493366498,0.5571750000000001
3827,0.7660658414550681,80.7648493366498,0.5395800000000001
3837,0.7901559622555419,82.60739342798021,0.5571750000000001
3848,0.7997920105757316,84.44993751931062,0.5454450000000001
3858,0.8190641072161106,84.44993751931062,0.357765
3868,0.8335181796963947,79.53648660909619,0.12903
3877,0.8383362038564895,70.32376615244412,-0.041055
3888,0.8431542280165842,58.04013887690803,-0.16422
3898,0.8431542280165842,44.52814887381833,-0.24633000000000002
3908,0.8431542280165842,32.24452159828224,-0.322575
3918,0.8431542280165842,21.189257050299755,-0.37536
3929,0.8383362038564895,8.905629774763666,-0.41055
3938,0.8335181796963947,-0.9212720456652067,-0.439875
3948,0.8287001555363,-8.905629774763666,-0.45747000000000004
3958,0.8190641072161106,-15.04744341253171,-0.475065
3969,0.8142460830560158,-19.34671295896934,-0.49266000000000004
3979,0.8142460830560158,-21.803438414076563,-0.48093
3989,0.7997920105757316,-23.03180114163017,-0.475065
3998,0.7997920105757316,-27.94525205184461,-0.50439
4008,0.7901559622555419,-29.78779614317502,-0.49852500000000005
4019,0.785337938095447,-32.24452159828224,-0.510255
4029,0.7805199139353524,-34.08706568961265,-0.510255
4039,0.7757018897752576,-35.31542841716626,-0.51612
4049,0.7564297931348785,-37.15797250849668,-0.51612
4060,0.7516117689747838,-38.386335236050286,-0.51612
4069,0.746793744814689,-40.228879327380696,-0.51612
4079,0.7371576964944995,-42.685604782487914,-0.51612
4089,0.7275216481743099,-45.14233023759514,-0.51612
4100,0.7178855998541204,-46.37069296514874,-0.510255
4110,0.7082495515339309,-48.21323705647916,-0.510255
4120,0.6986135032137413,-49.44159978403276,-0.51612
4130,0.6841594307334571,-50.66996251158638,-0.50439
4140,0.6745233824132675,-51.898325239139986,-0.510255
4150,0.664887334093078,-54.355050694247204,-0.50439
4160,0.6504332616127936,-58.04013887690803,-0.52785
4170,0.6407972132926041,-58.04013887690803,-0.51612
4180,0.6311611649724146,-59.88268296823844,-0.51612
4191,0.6167070924921303,-61.72522705956886,-0.510255
4201,0.6070710441719408,-62.95358978712247,-0.51612
4210,0.5926169716916564,-64.79613387845288,-0.510255
4220,0.5781628992113721,-65.41031524222969,-0.50439
4231,0.5637088267310878,-68.4812220611137,-0.521985
4241,0.5540727784108983,-69.70958478866731,-0.51612
4251,0.5348006817705192,-70.93794751622093,-0.51612
4261,0.5251646334503296,-72.16631024377453,-0.51612
4271,0.5010745126498559,-70.32376615244412,-0.48679500000000003
4281,0.49625648848976106,-74.62303569888176,-0.51612
4291,0.4769843918493821,-75.23721706265856,-0.50439
4301,0.4625303193690977,-77.07976115398897,-0.51612
4312,0.4432582227287186,-77.07976115398897,-0.510255
4322,0.4336221744085291,-79.53648660909619,-0.51612
4332,0.4191681019282448,-81.99321206420342,-0.52785
4341,0.3998960052878658,-81.37903070042661,-0.51612
4352,0.38544193280758143,-81.99321206420342,-0.51612
4362,0.37098786032729714,-82.60739342798021,-0.322575
4372,0.3613518120071076,-77.69394251776578,-0.099705
4382,0.35171576368691804,-70.32376615244412,0.052785000000000006
4392,0.35171576368691804,-55.58341342180081,0.19354500000000002
4403,0.35171576368691804,-42.07142341871111,0.287385
4413,0.35171576368691804,-32.24452159828224,0.34603500000000004
4422,0.35171576368691804,-18.118350231415736,0.39882
4432,0.35653378784701284,-7.677267047210057,0.44574
4443,0.3613518120071076,0.3070906818884023,0.475065
4453,0.36616983616720233,6.448904319656448,0.49266000000000004
4463,0.37098786032729714,11.976536593647689,0.510255
4473,0.3758058844873919,17.504168867638928,0.52785
4484,0.38544193280758143,19.34671295896934,0.52785
4493,0.3950779811277709,23.03180114163017,0.52785
4503,0.3998960052878658,26.102707960514195,0.533715
4513,0.4095320536080553,29.78779614317502,0.5395800000000001
4524,0.41435007776815,32.85870296205905,0.533715
4534,0.4239861260883395,35.31542841716626,0.5395800000000001
4544,0.4384401985686239,37.15797250849668,0.533715
4554,0.4432582227287186,40.228879327380696,0.5454450000000001
4563,0.4528942710489082,41.457242054934305,0.5395800000000001
4574,0.46734834352919247,43.91396751004152,0.5454450000000001
4584,0.4721663676892872,45.75651160137193,0.5395800000000001
4594,0.48662044016957157,47.59905569270235,0.5395800000000001
4604,0.49625648848976106,50.66996251158638,0.5454450000000001
4615,0.5107105609700454,51.898325239139986,0.5454450000000001
4625,0.5203466092902349,53.12668796669359,0.5454450000000001
4635,0.5299826576104245,54.969232058024005,0.5454450000000001
4644,0.5492547542508035,54.969232058024005,0.52785
4655,0.5540727784108983,58.65432024068484,0.5454450000000001
4665,0.5685268508911826,60.49686433201524,0.5454450000000001
4675,0.5877989475315617,61.11104569579205,0.533715
4685,0.5974349958517512,64.79613387845288,0.5513100000000001
4695,0.6118890683320355,66.0244966060065,0.5454450000000001
4705,0.6263431408123198,67.8670406973369,0.5454450000000001
4715,0.6407972132926041,69.0954034248905,0.5454450000000001
4725,0.6552512857728885,70.32376615244412,0.5513100000000001
4736,0.6697053582531727,72.16631024377453,0.5454450000000001
4746,0.6841594307334571,72.78049160755134,0.5454450000000001
4756,0.6986135032137413,73.39467297132815,0.5395800000000001
4766,0.7178855998541204,76.46557979021216,0.5513100000000001
4775,0.7323396723344047,76.46557979021216,0.5395800000000001
4786,0.746793744814689,79.53648660909619,0.5513100000000001
4796,0.7660658414550681,80.150667972873,0.5513100000000001
4806,0.785337938095447,81.99321206420342,0.5513100000000001
4816,0.7997920105757316,81.99321206420342,0.5454450000000001
4827,0.8142460830560158,83.221574791757,0.5454450000000001
4837,0.8335181796963947,85.06411888308743,0.5513100000000001
4846,0.847972252176679,85.67830024686424,0.5395800000000001
4856,0.8672443488170583,86.90666297441784,0.5395800000000001
4867,0.8865164454574372,86.90666297441784,0.357765
4877,0.8961524937776267,78.92230524531938,0.099705
4887,0.9057885420978165,72.78049160755134,-0.041055
4897,0.9057885420978165,59.26850160446163,-0.16422
4908,0.9106065662579111,45.75651160137193,-0.252195
4918,0.9057885420978165,33.47288432583584,-0.32844
4927,0.9057885420978165,21.803438414076563,-0.36363
4937,0.9009705179377216,8.291448410986861,-0.41641500000000004
4947,0.8961524937776267,-1.5354534094420114,-0.44574
4958,0.8961524937776267,-8.905629774763666,-0.46333500000000005
4968,0.8865164454574372,-14.433262048754909,-0.475065
4978,0.8816984212973424,-17.504168867638928,-0.48679500000000003
4988,0.8768803971372477,-20.575075686522954,-0.48679500000000003
4998,0.8720623729771529,-21.189257050299755,-0.50439
5008,0.8672443488170583,-26.102707960514195,-0.510255
5018,0.8624263246569635,-27.94525205184461,-0.50439
5028,0.852790276336774,-28.559433415621413,-0.50439
5039,0.847972252176679,-30.401977506951823,-0.510255
5049,0.8431542280165842,-32.85870296205905,-0.521985
5058,0.8335181796963947,-33.47288432583584,-0.521985
5068,0.8287001555363,-37.15797250849668,-0.5395800000000001
5079,0.8190641072161106,-35.92960978094307,-0.521985
5089,0.8142460830560158,-39.00051659982709,-0.5395800000000001
5100,0.7997920105757316,-40.228879327380696,-0.521985
5109,0.7949739864156367,-41.457242054934305,-0.51612
5120,0.785337938095447,-43.91396751004152,-0.51612
5130,0.7757018897752576,-48.82741842025597,-0.5395800000000001
5139,0.7660658414550681,-45.75651160137193,-0.49266000000000004
5149,0.7564297931348785,-49.44159978403276,-0.521985
5159,0.746793744814689,-52.512506602916794,-0.51612
5170,0.7323396723344047,-53.740869330470396,-0.51612
5180,0.7227036240142152,-56.81177614935442,-0.51612
5190,0.7130675756940257,-61.11104569579205,-0.5454450000000001
5199,0.6937954790536466,-58.04013887690803,-0.510255
5210,0.6841594307334571,-61.11104569579205,-0.510255
5220,0.6745233824132675,-62.95358978712247,-0.510255
5230,0.6552512857728885,-66.0244966060065,-0.51612
5240,0.6456152374526989,-67.2528593335601,-0.521985
5251,0.6359791891325094,-69.70958478866731,-0.51612
5261,0.6167070924921303,-69.70958478866731,-0.50439
5271,0.6118890683320355,-71.55212887999772,-0.533715
5280,0.5877989475315617,-73.39467297132815,-0.521985
5291,0.5733448750512773,-74.62303569888176,-0.51612
5301,0.5588908025709931,-75.23721706265856,-0.51612
5311,0.5444367300907087,-76.46557979021216,-0.510255
5321,0.5299826576104245,-79.53648660909619,-0.533715
5331,0.5107105609700454,-78.92230524531938,-0.510255
5342,0.49625648848976106,-82.60739342798021,-0.533715
5351,0.4818024160094768,-80.7648493366498,-0.510255
5361,0.4625303193690977,-81.37903070042661,-0.510255
5371,0.4432582227287186,-81.99321206420342,-0.31671000000000005
5382,0.4384401985686239,-77.69394251776578,-0.08797500000000001
5392,0.4288041502484344,-67.8670406973369,0.07624500000000001
5402,0.4288041502484344,-55.58341342180081,0.19941
5412,0.4288041502484344,-43.29978614626472,0.287385
5423,0.4288041502484344,-29.173614779398218,0.38122500000000004
5432,0.4288041502484344,-18.118350231415736,0.41055
5442,0.4336221744085291,-8.291448410986861,0.45160500000000003
5452,0.4288041502484344,2.7638161369956205,0.50439
5463,0.4432582227287186,5.834722955879643,0.49266000000000004
5473,0.44807624688881337,11.362355229870884,0.51612
5483,0.4528942710489082,15.04744341253171,0.521985
5493,0.4625303193690977,19.34671295896934,0.52785
5504,0.46734834352919247,23.03180114163017,0.533715
5513,0.4769843918493821,26.716889324290996,0.5395800000000001
5523,0.4818024160094768,29.78779614317502,0.5395800000000001
5533,0.4914384643296663,32.24452159828224,0.5395800000000001
5543,0.5010745126498559,34.08706568961265,0.5395800000000001
5554,0.5010745126498559,37.77215387227348,0.5571750000000001
5564,0.5107105609700454,39.00051659982709,0.5571750000000001
5574,0.5299826576104245,41.457242054934305,0.5513100000000001
5583,0.5348006817705192,43.29978614626472,0.5454450000000001
5594,0.5492547542508035,43.91396751004152,0.533715
5604,0.5588908025709931,46.98487432892555,0.5454450000000001
5614,0.5685268508911826,48.82741842025597,0.5513100000000001
5624,0.5733448750512773,50.66996251158638,0.5571750000000001
5635,0.5926169716916564,51.898325239139986,0.5454450000000001
5645,0.6022530200118459,53.740869330470396,0.5454450000000001
5654,0.6118890683320355,56.19759478557762,0.5571750000000001
5665,0.6263431408123198,58.04013887690803,0.5571750000000001
5675,0.6407972132926041,58.65432024068484,0.5454450000000001
5685,0.6552512857728885,59.88268296823844,0.5513100000000001
5695,0.664887334093078,62.33940842334566,0.5513100000000001
5705,0.6793414065733622,62.95358978712247,0.5454450000000001
5715,0.6889774548935518,64.18195251467608,0.5454450000000001
5725,0.7082495515339309,65.41031524222969,0.5513100000000001
5735,0.7227036240142152,67.2528593335601,0.5454450000000001
5745,0.7275216481743099,70.93794751622093,0.57477
5755,0.7516117689747838,69.70958478866731,0.5513100000000001
5766,0.7660658414550681,70.93794751622093,0.5454450000000001
5776,0.7805199139353524,74.00885433510496,0.5571750000000001
5786,0.7949739864156367,72.16631024377453,0.52785
5795,0.8094280588959211,74.62303569888176,0.5513100000000001
5806,0.8238821313762053,77.69394251776578,0.5571750000000001
5816,0.8431542280165842,77.69394251776578,0.5513100000000001
5826,0.8576083004968688,78.92230524531938,0.5513100000000001
5836,0.8720623729771529,80.150667972873,0.5454450000000001
5847,0.8913344696175319,81.37903070042661,0.5513100000000001
5856,0.9057885420978165,83.83575615553382,0.5571750000000001
5866,0.9202426145781006,84.44993751931062,0.56304
5876,0.9395147112184796,83.83575615553382,0.38122500000000004
5886,0.9491507595386691,78.92230524531938,0.146625
5897,0.9587868078588588,70.32376615244412,-0.029325000000000004
5907,0.9587868078588588,58.04013887690803,-0.15249000000000001
5916,0.9636048320189536,45.14233023759514,-0.24633000000000002
5926,0.9636048320189536,31.630340234505436,-0.32844
5937,0.9587868078588588,19.96089432274615,-0.36363
5947,0.9539687836987641,7.063085683433252,-0.41055
5957,0.9491507595386691,-1.5354534094420114,-0.43401
5967,0.9443327353785744,-8.905629774763666,-0.45747000000000004
5977,0.9395147112184796,-15.04744341253171,-0.475065
5987,0.9346966870583849,-19.96089432274615,-0.48093
5997,0.9202426145781006,-22.417619777853368,-0.48093
6007,0.9202426145781006,-26.102707960514195,-0.50439
6018,0.915424590418006,-28.559433415621413,-0.49266000000000004
6028,0.9057885420978165,-31.016158870728628,-0.49266000000000004
6037,0.9009705179377216,-34.70124705338946,-0.50439
6047,0.8913344696175319,-37.15797250849668,-0.510255
6057,0.8816984212973424,-39.614697963603895,-0.510255
6068,0.8768803971372477,-41.457242054934305,-0.50439
6078,0.8672443488170583,-43.91396751004152,-0.51612
6088,0.8576083004968688,-45.75651160137193,-0.51612
6098,0.8431542280165842,-48.82741842025597,-0.521985
6108,0.8335181796963947,-50.05578114780957,-0.51612
6118,0.8287001555363,-51.898325239139986,-0.51612
6128,0.8142460830560158,-53.740869330470396,-0.51612
6138,0.8046100347358263,-55.58341342180081,-0.51612
6149,0.7949739864156367,-57.42595751313123,-0.51612
6159,0.7805199139353524,-59.88268296823844,-0.51612
6168,0.7660658414550681,-60.49686433201524,-0.510255
6178,0.7564297931348785,-62.95358978712247,-0.51612
6189,0.7419757206545943,-64.18195251467608,-0.51612
6199,0.7323396723344047,-65.41031524222969,-0.510255
6209,0.7178855998541204,-67.2528593335601,-0.510255
6219,0.6986135032137413,-68.4812220611137,-0.51612
6230,0.6841594307334571,-69.0954034248905,-0.510255
6239,0.6697053582531727,-72.16631024377453,-0.51612
6249,0.6552512857728885,-74.62303569888176,-0.533715
6259,0.6407972132926041,-74.00885433510496,-0.510255
6269,0.6263431408123198,-75.85139842643535,-0.51612
6280,0.6167070924921303,-77.69394251776578,-0.51612
6290,0.6022530200118459,-78.30812388154258,-0.51612
6300,0.5781628992113721,-79.53648660909619,-0.51612
6309,0.5685268508911826,-80.7648493366498,-0.51612
6320,0.5540727784108983,-81.99321206420342,-0.51612
6330,0.5348006817705192,-81.99321206420342,-0.51612
6340,0.5155285851301401,-82.60739342798021,-0.51612
6350,0.5010745126498559,-84.44993751931062,-0.51612
6361,0.48662044016957157,-84.44993751931062,-0.510255
6371,0.4721663676892872,-86.29248161064103,-0.51612
6380,0.457712295209003,-86.90666297441784,-0.32844
6390,0.4432582227287186,-80.7648493366498,-0.10557000000000001
6401,0.4384401985686239,-72.16631024377453,0.07038
6411,0.4336221744085291,-58.65432024068484,0.19354500000000002
6421,0.4336221744085291,-46.98487432892555,0.28152
6431,0.4336221744085291,-34.08706568961265,0.35190000000000005
6441,0.4336221744085291,-21.803438414076563,0.404685
6451,0.4384401985686239,-11.362355229870884,0.44574
6461,0.4432582227287186,-2.7638161369956205,0.46920000000000006
6471,0.4432582227287186,3.377997500772425,0.48679500000000003
6481,0.44807624688881337,8.905629774763666,0.50439
6492,0.457712295209003,13.204899321201298,0.521985
6502,0.4625303193690977,18.118350231415736,0.533715
6512,0.4721663676892872,20.575075686522954,0.533715
6521,0.4721663676892872,24.874345232960582,0.5454450000000001
6532,0.48662044016957157,27.94525205184461,0.5395800000000001
6542,0.4914384643296663,29.78779614317502,0.5395800000000001
6552,0.49625648848976106,32.24452159828224,0.5395800000000001
6562,0.5058925368099506,33.47288432583584,0.5454450000000001
6573,0.5155285851301401,33.47288432583584,0.521985
6583,0.5251646334503296,38.386335236050286,0.5454450000000001
6592,0.5348006817705192,40.843060691157504,0.5395800000000001
6602,0.5444367300907087,42.685604782487914,0.5454450000000001
6612,0.5540727784108983,45.14233023759514,0.568905
6623,0.5637088267310878,46.98487432892555,0.5454450000000001
6633,0.5733448750512773,48.21323705647916,0.5513100000000001
6643,0.5877989475315617,50.05578114780957,0.5454450000000001
6653,0.6022530200118459,51.898325239139986,0.5454450000000001
6664,0.6070710441719408,51.28414387536318,0.521985
6673,0.6263431408123198,53.740869330470396,0.533715
6683,0.6359791891325094,57.42595751313123,0.5571750000000001
6693,0.6456152374526989,57.42595751313123,0.5395800000000001
6704,0.664887334093078,59.26850160446163,0.5454450000000001
6714,0.6697053582531727,60.49686433201524,0.5395800000000001
6724,0.6841594307334571,62.33940842334566,0.5454450000000001
6733,0.7034315273738361,64.18195251467608,0.5454450000000001
6744,0.7130675756940257,66.0244966060065,0.5571750000000001
6754,0.7275216481743099,68.4812220611137,0.5571750000000001
6764,0.7419757206545943,68.4812220611137,0.5454450000000001
6774,0.7564297931348785,69.70958478866731,0.5513100000000001
6785,0.7708838656151629,70.32376615244412,0.5454450000000001
6795,0.7901559622555419,72.78049160755134,0.5454450000000001
6805,0.7949739864156367,75.23721706265856,0.56304
6814,0.8142460830560158,77.07976115398897,0.568905
6824,0.8335181796963947,75.85139842643535,0.5454450000000001
6835,0.847972252176679,77.07976115398897,0.5395800000000001
6845,0.8720623729771529,79.53648660909619,0.5454450000000001
6855,0.8768803971372477,78.92230524531938,0.5395800000000001
6865,0.9009705179377216,81.99321206420342,0.5513100000000001
6876,0.9106065662579111,83.221574791757,0.5513100000000001
6886,0.9250606387381954,82.60739342798021,0.36363
6895,0.9443327353785744,77.69394251776578,0.12903
6905,0.9491507595386691,67.2528593335601,-0.04692
6916,0.9491507595386691,54.969232058024005,-0.16422
6926,0.9539687836987641,42.07142341871111,-0.25806
6936,0.9491507595386691,29.78779614317502,-0.32844
6946,0.9491507595386691,16.889987503862123,-0.38122500000000004
6957,0.9443327353785744,5.220541592102839,-0.41641500000000004
6966,0.9443327353785744,-3.377997500772425,-0.44574
6976,0.9395147112184796,-7.063085683433252,-0.439875
6986,0.9298786628982901,-13.819080684978102,-0.48093
6996,0.9250606387381954,-17.504168867638928,-0.49266000000000004
7007,0.9250606387381954,-19.34671295896934,-0.49852500000000005
7017,0.9202426145781006,-21.803438414076563,-0.50439
7027,0.915424590418006,-23.645982505406977,-0.50439
7037,0.9057885420978165,-25.48852659673739,-0.50439
7047,0.8961524937776267,-27.94525205184461,-0.50439
7057,0.8913344696175319,-30.401977506951823,-0.510255
7067,0.8865164454574372,-32.85870296205905,-0.510255
7077,0.8768803971372477,-35.31542841716626,-0.51612
7088,0.8720623729771529,-37.77215387227348,-0.51612
7098,0.8624263246569635,-39.00051659982709,-0.510255
7108,0.852790276336774,-42.07142341871111,-0.51612
7117,0.847972252176679,-44.52814887381833,-0.51612
7128,0.8335181796963947,-46.37069296514874,-0.51612
7138,0.8238821313762053,-49.44159978403276,-0.533715
7148,0.8190641072161106,-49.44159978403276,-0.51612
7158,0.7997920105757316,-51.898325239139986,-0.521985
7169,0.7997920105757316,-53.740869330470396,-0.521985
7179,0.785337938095447,-55.58341342180081,-0.51612
7188,0.7708838656151629,-56.19759478557762,-0.51612
7198,0.7612478172949734,-58.04013887690803,-0.51612
7208,0.746793744814689,-59.88268296823844,-0.51612
7219,0.7323396723344047,-61.11104569579205,-0.510255
7229,0.7275216481743099,-64.18195251467608,-0.51612
7239,0.7082495515339309,-64.79613387845288,-0.51612
7249,0.6937954790536466,-66.0244966060065,-0.51612
7260,0.6841594307334571,-67.8670406973369,-0.51612
7269,0.6697053582531727,-69.70958478866731,-0.51612
7279,0.6552512857728885,-70.93794751622093,-0.51612
7289,0.6407972132926041,-72.16631024377453,-0.51612
7300,0.6263431408123198,-74.00885433510496,-0.521985
7310,0.6070710441719408,-75.85139842643535,-0.521985
7320,0.5926169716916564,-77.69394251776578,-0.521985
7329,0.5781628992113721,-77.69394251776578,-0.51612
7340,0.5637088267310878,-78.92230524531938,-0.51612
7350,0.5492547542508035,-80.7648493366498,-0.521985
7360,0.5348006817705192,-81.37903070042661,-0.521985
7370,0.5203466092902349,-81.99321206420342,-0.51612
7380,0.5010745126498559,-83.221574791757,-0.51612
7391,0.4818024160094768,-82.60739342798021,-0.31671000000000005
7401,0.46734834352919247,-77.69394251776578,-0.07624500000000001
7410,0.46734834352919247,-68.4812220611137,0.08211
7420,0.4625303193690977,-54.969232058024005,0.205275
7431,0.4625303193690977,-42.07142341871111,0.29325
7441,0.4625303193690977,-29.78779614317502,0.36363
7451,0.46734834352919247,-16.889987503862123,0.41055
7461,0.4769843918493821,-5.834722955879643,0.46333500000000005
7472,0.4769843918493821,0.9212720456652067,0.475065
7482,0.4769843918493821,7.677267047210057,0.49266000000000004
7491,0.48662044016957157,13.204899321201298,0.51612
7501,0.4914384643296663,16.889987503862123,0.521985
7512,0.49625648848976106,20.575075686522954,0.533715
7522,0.5010745126498559,24.874345232960582,0.5454450000000001
7532,0.5107105609700454,26.102707960514195,0.5395800000000001
7542,0.5203466092902349,28.559433415621413,0.533715
7553,0.5299826576104245,31.630340234505436,0.5395800000000001
7562,0.5348006817705192,34.70124705338946,0.5454450000000001
7572,0.5492547542508035,37.15797250849668,0.5454450000000001
7582,0.5540727784108983,39.00051659982709,0.5513100000000001
7592,0.5637088267310878,40.843060691157504,0.5513100000000001
7603,0.5733448750512773,43.91396751004152,0.5571750000000001
7613,0.5829809233714669,45.14233023759514,0.5513100000000001
7623,0.5926169716916564,46.98487432892555,0.5454450000000001
7633,0.6022530200118459,49.44159978403276,0.5513100000000001
7644,0.6118890683320355,51.898325239139986,0.5571750000000001
7653,0.6311611649724146,52.512506602916794,0.5454450000000001
7663,0.6407972132926041,54.969232058024005,0.5571750000000001
7673,0.6504332616127936,55.58341342180081,0.5513100000000001
7684,0.664887334093078,57.42595751313123,0.5454450000000001
7694,0.6697053582531727,58.65432024068484,0.5395800000000001
7704,0.6889774548935518,60.49686433201524,0.5454450000000001
7713,0.7034315273738361,61.72522705956886,0.5454450000000001
7724,0.7178855998541204,63.56777115089927,0.5454450000000001
7734,0.7275216481743099,64.79613387845288,0.5513100000000001
7744,0.7419757206545943,66.6386779697833,0.5513100000000001
7754,0.7564297931348785,67.2528593335601,0.5513100000000001
7764,0.7757018897752576,68.4812220611137,0.5454450000000001
7775,0.785337938095447,70.32376615244412,0.5454450000000001
7784,0.7997920105757316,72.16631024377453,0.5571750000000001
7794,0.8190641072161106,72.78049160755134,0.5513100000000001
7804,0.8335181796963947,73.39467297132815,0.5513100000000001
7815,0.847972252176679,75.85139842643535,0.5571750000000001
7825,0.8624263246569635,76.46557979021216,0.5454450000000001
7835,0.8816984212973424,75.23721706265856,0.533715
7845,0.8961524937776267,78.30812388154258,0.5454450000000001
7855,0.9106065662579111,79.53648660909619,0.5513100000000001
7865,0.9298786628982901,81.37903070042661,0.5454450000000001
7875,0.9443327353785744,81.37903070042661,0.5454450000000001
7885,0.9587868078588588,83.221574791757,0.5395800000000001
7896,0.9732408803391431,83.221574791757,0.369495
7906,0.9876949528194273,77.69394251776578,0.14076
7916,0.9925129769795221,68.4812220611137,-0.03519
7926,0.9973310011396168,56.81177614935442,-0.15835500000000002
7936,0.9973310011396168,43.91396751004152,-0.252195
7946,0.9973310011396168,31.630340234505436,-0.322575
7956,0.9973310011396168,21.189257050299755,-0.37536
7966,0.9925129769795221,9.51981113854047,-0.41641500000000004
7976,0.9876949528194273,0.3070906818884023,-0.439875
7987,0.9876949528194273,-5.834722955879643,-0.44574
7997,0.9780589044992378,-11.362355229870884,-0.46333500000000005
8007,0.9732408803391431,-16.889987503862123,-0.48679500000000003
8016,0.9636048320189536,-19.96089432274615,-0.48093
8027,0.9636048320189536,-21.189257050299755,-0.475065
8037,0.9539687836987641,-26.102707960514195,-0.49852500000000005
8047,0.9491507595386691,-27.94525205184461,-0.510255
8057,0.9443327353785744,-29.78779614317502,-0.510255
8068,0.9298786628982901,-30.401977506951823,-0.49266000000000004
8078,0.9298786628982901,-33.47288432583584,-0.510255
8088,0.9202426145781006,-35.31542841716626,-0.510255
8098,0.915424590418006,-37.15797250849668,-0.510255
8108,0.9106065662579111,-40.228879327380696,-0.52785
8118,0.8961524937776267,-42.685604782487914,-0.51612
8128,0.8865164454574372,-44.52814887381833,-0.51612
8138,0.8768803971372477,-46.98487432892555,-0.51612
8148,0.8720623729771529,-48.21323705647916,-0.510255
8159,0.8624263246569635,-51.28414387536318,-0.510255
8169,0.847972252176679,-52.512506602916794,-0.50439
8178,0.8335181796963947,-54.969232058024005,-0.51612
8188,0.8238821313762053,-56.19759478557762,-0.510255
8199,0.8094280588959211,-57.42595751313123,-0.50439
8209,0.7949739864156367,-59.26850160446163,-0.50439
8219,0.7901559622555419,-61.11104569579205,-0.51612
8229,0.7757018897752576,-62.33940842334566,-0.510255
8239,0.7612478172949734,-64.18195251467608,-0.50439
8249,0.746793744814689,-65.41031524222969,-0.50439
8259,0.7371576964944995,-67.8670406973369,-0.51612
8269,0.7227036240142152,-69.70958478866731,-0.51612
8280,0.7082495515339309,-70.32376615244412,-0.521985
8290,0.6937954790536466,-72.16631024377453,-0.51612
8300,0.6793414065733622,-73.39467297132815,-0.510255
8310,0.664887334093078,-74.62303569888176,-0.51612
8320,0.6504332616127936,-75.85139842643535,-0.51612
8330,0.6311611649724146,-76.46557979021216,-0.510255
8340,0.621525116652225,-77.69394251776578,-0.51612
8350,0.6022530200118459,-79.53648660909619,-0.51612
8360,0.5829809233714669,-80.150667972873,-0.51612
8371,0.5685268508911826,-81.99321206420342,-0.521985
8380,0.5540727784108983,-81.99321206420342,-0.51612
8390,0.5444367300907087,-81.99321206420342,-0.49852500000000005
8400,0.5299826576104245,-82.60739342798021,-0.31671000000000005
8411,0.5155285851301401,-78.92230524531938,-0.08797500000000001
8421,0.5107105609700454,-68.4812220611137,0.07038
8431,0.5058925368099506,-55.58341342180081,0.19941
8441,0.5058925368099506,-43.91396751004152,0.287385
8452,0.5107105609700454,-31.016158870728628,0.357765
8461,0.5058925368099506,-18.118350231415736,0.41055
8471,0.5107105609700454,-6.448904319656448,0.45747000000000004
8481,0.5203466092902349,0.3070906818884023,0.46333500000000005
8492,0.5251646334503296,6.448904319656448,0.49266000000000004
8502,0.5251646334503296,11.976536593647689,0.50439
8512,0.5348006817705192,16.889987503862123,0.51612
8522,0.539618705930614,19.96089432274615,0.52785
8531,0.5444367300907087,23.03180114163017,0.533715
8542,0.5540727784108983,25.48852659673739,0.5395800000000001
8552,0.5588908025709931,26.102707960514195,0.52785
8562,0.5685268508911826,29.173614779398218,0.5395800000000001
8572,0.5781628992113721,31.630340234505436,0.5513100000000001
8583,0.5877989475315617,34.08706568961265,0.5395800000000001
8593,0.5926169716916564,37.15797250849668,0.5513100000000001
8603,0.6022530200118459,37.15797250849668,0.52785
8613,0.6118890683320355,40.228879327380696,0.533715
8623,0.621525116652225,43.29978614626472,0.5513100000000001
8633,0.6311611649724146,44.52814887381833,0.5454450000000001
8643,0.6407972132926041,47.59905569270235,0.5571750000000001
8653,0.6552512857728885,48.82741842025597,0.5395800000000001
8664,0.664887334093078,50.05578114780957,0.533715
8674,0.6745233824132675,53.12668796669359,0.5454450000000001
8684,0.6889774548935518,53.740869330470396,0.5513100000000001
8694,0.7034315273738361,56.19759478557762,0.5571750000000001
8704,0.7130675756940257,57.42595751313123,0.5454450000000001
8714,0.7275216481743099,58.65432024068484,0.5395800000000001
8724,0.7371576964944995,60.49686433201524,0.5454450000000001
8734,0.7564297931348785,61.72522705956886,0.5454450000000001
8744,0.7660658414550681,61.72522705956886,0.52785
8755,0.7805199139353524,65.41031524222969,0.5454450000000001
8765,0.7949739864156367,67.8670406973369,0.5513100000000001
8774,0.8094280588959211,67.2528593335601,0.5454450000000001
8784,0.8238821313762053,67.8670406973369,0.5395800000000001
8795,0.8383362038564895,69.0954034248905,0.5454450000000001
8805,0.847972252176679,71.55212887999772,0.5513100000000001
8815,0.8672443488170583,71.55212887999772,0.5395800000000001
8825,0.8816984212973424,73.39467297132815,0.5513100000000001
8835,0.8961524937776267,75.23721706265856,0.5454450000000001
8845,0.9106065662579111,77.69394251776578,0.5571750000000001
8855,0.9250606387381954,77.07976115398897,0.5454450000000001
8865,0.9443327353785744,78.30812388154258,0.5395800000000001
8876,0.9539687836987641,81.37903070042661,0.56304
8886,0.9732408803391431,80.7648493366498,0.5454450000000001
8896,0.9925129769795221,81.37903070042661,0.5395800000000001
8905,1.0021490252997118,80.7648493366498,0.357765
8915,1.016603097779996,76.46557979021216,0.13489500000000001
8926,1.0262391461001856,67.2528593335601,-0.03519
8936,1.0262391461001856,53.740869330470396,-0.15249000000000001
8946,1.0262391461001856,40.843060691157504,-0.252195
8956,1.0310571702602802,29.78779614317502,-0.322575
8967,1.0262391461001856,18.118350231415736,-0.369495
8976,1.0214211219400908,5.834722955879643,-0.41055
8986,1.016603097779996,-3.9921788645492295,-0.439875
8996,1.0117850736199012,-11.362355229870884,-0.45747000000000004
9007,1.0021490252997118,-19.96089432274615,-0.50439
9017,1.0021490252997118,-22.417619777853368,-0.48679500000000003
9027,0.9876949528194273,-26.102707960514195,-0.49852500000000005
9037,0.9828769286593326,-30.401977506951823,-0.50439
9048,0.9732408803391431,-33.47288432583584,-0.510255
9058,0.9732408803391431,-36.543791144719876,-0.51612
9067,0.9539687836987641,-38.386335236050286,-0.510255
9077,0.9539687836987641,-39.614697963603895,-0.49852500000000005
9088,0.9395147112184796,-43.29978614626472,-0.51612
9098,0.9346966870583849,-45.14233023759514,-0.51612
9108,0.9202426145781006,-46.98487432892555,-0.51612
9118,0.915424590418006,-50.66996251158638,-0.521985
9128,0.9009705179377216,-51.28414387536318,-0.51612
9138,0.8913344696175319,-52.512506602916794,-0.510255
9148,0.8816984212973424,-54.355050694247204,-0.51612
9158,0.8672443488170583,-58.04013887690803,-0.51612
9168,0.8576083004968688,-58.65432024068484,-0.521985
9179,0.847972252176679,-59.88268296823844,-0.51612
9189,0.8335181796963947,-61.72522705956886,-0.51612
9199,0.8190641072161106,-63.56777115089927,-0.51612
9208,0.8094280588959211,-63.56777115089927,-0.510255
9219,0.7997920105757316,-66.0244966060065,-0.51612
9229,0.7757018897752576,-65.41031524222969,-0.49852500000000005
9239,0.7660658414550681,-69.0954034248905,-0.521985
9249,0.7564297931348785,-70.32376615244412,-0.51612
9260,0.7419757206545943,-71.55212887999772,-0.521985
9270,0.7275216481743099,-72.78049160755134,-0.51612
9279,0.7130675756940257,-72.78049160755134,-0.510255
9289,0.6986135032137413,-75.85139842643535,-0.521985
9299,0.6793414065733622,-76.46557979021216,-0.51612
9310,0.6600693099329832,-75.23721706265856,-0.49266000000000004
9320,0.6504332616127936,-78.92230524531938,-0.51612
9330,0.6311611649724146,-78.92230524531938,-0.510255
9339,0.6263431408123198,-79.53648660909619,-0.50439
9350,0.6022530200118459,-81.37903070042661,-0.51612
9360,0.5829809233714669,-81.99321206420342,-0.510255
9370,0.5685268508911826,-83.83575615553382,-0.521985
9380,0.5540727784108983,-83.83575615553382,-0.510255
9391,0.539618705930614,-85.67830024686424,-0.521985
9401,0.5203466092902349,-85.06411888308743,-0.51612
9410,0.5058925368099506,-85.67830024686424,-0.32844
9420,0.4914384643296663,-81.37903070042661,-0.099705
9431,0.4818024160094768,-71.55212887999772,0.07624500000000001
9441,0.4818024160094768,-57.42595751313123,0.21114000000000002
9451,0.4769843918493821,-45.75651160137193,0.299115
9461,0.4818024160094768,-32.85870296205905,0.36363
9472,0.48662044016957157,-19.96089432274615,0.42814500000000005
9482,0.48662044016957157,-9.51981113854047,0.45747000000000004
9491,0.48662044016957157,-0.3070906818884023,0.48093
9501,0.49625648848976106,5.220541592102839,0.49852500000000005
9511,0.5010745126498559,10.133992502317275,0.510255
9522,0.5058925368099506,15.04744341253171,0.521985
9532,0.5107105609700454,18.732531595192537,0.533715
9542,0.5155285851301401,23.645982505406977,0.5454450000000001
9552,0.5299826576104245,25.48852659673739,0.5395800000000001
9563,0.5348006817705192,29.173614779398218,0.5395800000000001
9572,0.5444367300907087,31.630340234505436,0.5454450000000001
9582,0.5492547542508035,35.31542841716626,0.5513100000000001
9592,0.5588908025709931,35.92960978094307,0.5454450000000001
9603,0.5637088267310878,37.77215387227348,0.5571750000000001
9613,0.5733448750512773,39.00051659982709,0.5454450000000001
9623,0.5877989475315617,41.457242054934305,0.5513100000000001
9633,0.5974349958517512,43.29978614626472,0.5454450000000001
9643,0.6070710441719408,45.75651160137193,0.5454450000000001
9653,0.6167070924921303,46.98487432892555,0.5513100000000001
9663,0.6263431408123198,48.82741842025597,0.5454450000000001
9673,0.6359791891325094,49.44159978403276,0.5513100000000001
9683,0.6504332616127936,51.28414387536318,0.5513100000000001
9694,0.664887334093078,53.740869330470396,0.5454450000000001
9704,0.6745233824132675,54.969232058024005,0.5454450000000001
9714,0.6841594307334571,56.81177614935442,0.5454450000000001
9723,0.6986135032137413,58.04013887690803,0.5513100000000001
9734,0.7130675756940257,59.88268296823844,0.5454450000000001
9744,0.7275216481743099,60.49686433201524,0.533715
9754,0.7371576964944995,63.56777115089927,0.5513100000000001
9764,0.7516117689747838,64.18195251467608,0.5513100000000001
9775,0.7660658414550681,65.41031524222969,0.5513100000000001
9784,0.7805199139353524,67.2528593335601,0.5454450000000001
9794,0.7901559622555419,68.4812220611137,0.5513100000000001
9804,0.8046100347358263,70.32376615244412,0.5571750000000001
9815,0.8238821313762053,70.32376615244412,0.5513100000000001
9825,0.8383362038564895,71.55212887999772,0.5454450000000001
9835,0.847972252176679,72.78049160755134,0.5454450000000001
9845,0.8624263246569635,74.00885433510496,0.56304
9854,0.8816984212973424,74.62303569888176,0.5454450000000001
9865,0.8961524937776267,75.85139842643535,0.5513100000000001
9875,0.9106065662579111,76.46557979021216,0.5454450000000001
9885,0.9202426145781006,78.92230524531938,0.56304
9895,0.9443327353785744,78.92230524531938,0.5454450000000001
9906,0.9539687836987641,79.53648660909619,0.5454450000000001
9916,0.9732408803391431,80.7648493366498,0.38122500000000004
9926,0.9828769286593326,75.23721706265856,0.146625
9936,0.9925129769795221,66.6386779697833,-0.029325000000000004
9946,0.9925129769795221,53.740869330470396,-0.15249000000000001
9956,0.9925129769795221,41.457242054934305,-0.24633000000000002
9966,0.9973310011396168,30.401977506951823,-0.31671000000000005
9976,0.9925129769795221,18.118350231415736,-0.37536
9987,0.9876949528194273,8.291448410986861,-0.404685
9997,0.9876949528194273,-0.9212720456652067,-0.439875
10007,0.9780589044992378,-8.291448410986861,-0.46333500000000005
10016,0.9780589044992378,-12.590717957424493,-0.475065
10027,0.9684228561790483,-16.889987503862123,-0.48679500000000003
10037,0.9684228561790483,-19.96089432274615,-0.49266000000000004
10047,0.9587868078588588,-23.03180114163017,-0.49852500000000005
10057,0.9539687836987641,-25.48852659673739,-0.50439
10067,0.9491507595386691,-27.3310706880678,-0.50439
10078,0.9395147112184796,-29.78779614317502,-0.510255
10088,0.9346966870583849,-31.630340234505436,-0.510255
10098,0.9298786628982901,-34.08706568961265,-0.510255
10107,0.9202426145781006,-36.543791144719876,-0.510255
10118,0.9106065662579111,-38.386335236050286,-0.51612
10128,0.9009705179377216,-40.228879327380696,-0.50439
10138,0.8961524937776267,-43.91396751004152,-0.51612
10148,0.8816984212973424,-45.14233023759514,-0.51612
10159,0.8720623729771529,-46.98487432892555,-0.51612
10169,0.8624263246569635,-48.82741842025597,-0.51612
10178,0.852790276336774,-50.05578114780957,-0.510255
10188,0.8431542280165842,-52.512506602916794,-0.510255
10199,0.8335181796963947,-55.58341342180081,-0.51612
10209,0.8238821313762053,-56.19759478557762,-0.510255
10219,0.8094280588959211,-58.04013887690803,-0.51612
10229,0.7949739864156367,-60.49686433201524,-0.510255
10240,0.7901559622555419,-61.11104569579205,-0.50439
10249,0.7708838656151629,-62.33940842334566,-0.49266000000000004
10259,0.7564297931348785,-66.0244966060065,-0.51612
10269,0.7419757206545943,-67.2528593335601,-0.51612
10279,0.7275216481743099,-68.4812220611137,-0.51612
10290,0.7178855998541204,-70.32376615244412,-0.51612
10300,0.7034315273738361,-70.32376615244412,-0.51612
10309,0.6889774548935518,-72.16631024377453,-0.51612
10319,0.6745233824132675,-74.00885433510496,-0.51612
10330,0.6600693099329832,-75.23721706265856,-0.51612
10340,0.6456152374526989,-76.46557979021216,-0.51612
10350,0.6311611649724146,-78.92230524531938,-0.521985
10360,0.6118890683320355,-78.92230524531938,-0.51612
10371,0.5974349958517512,-79.53648660909619,-0.510255
10380,0.5829809233714669,-80.7648493366498,-0.51612
10390,0.5637088267310878,-81.99321206420342,-0.521985
10400,0.5492547542508035,-82.60739342798021,-0.50439
10411,0.5348006817705192,-83.83575615553382,-0.510255
10421,0.5203466092902349,-84.44993751931062,-0.34017000000000003
10431,0.5058925368099506,-79.53648660909619,-0.111435
10441,0.5010745126498559,-70.93794751622093,0.07038
10450,0.49625648848976106,-59.26850160446163,0.19354500000000002
10461,0.49625648848976106,-46.37069296514874,0.28152
10471,0.49625648848976106,-37.15797250849668,0.32844
10481,0.5010745126498559,-23.645982505406977,0.404685
10491,0.5010745126498559,-11.976536593647689,0.44574
10502,0.5058925368099506,-3.377997500772425,0.475065
10511,0.5107105609700454,3.377997500772425,0.49266000000000004
10521,0.5155285851301401,8.905629774763666,0.49852500000000005
10531,0.5203466092902349,14.433262048754909,0.521985
10542,0.5299826576104245,18.118350231415736,0.52785
10552,0.539618705930614,19.34671295896934,0.51612
10562,0.539618705930614,24.26016386918378,0.5454450000000001
10572,0.5492547542508035,25.48852659673739,0.5395800000000001
10583,0.5540727784108983,27.94525205184461,0.5395800000000001
10592,0.5637088267310878,29.173614779398218,0.533715
10602,0.5685268508911826,31.630340234505436,0.5454450000000001
10612,0.5781628992113721,33.47288432583584,0.5454450000000001
10622,0.5877989475315617,35.92960978094307,0.5454450000000001
10633,0.5974349958517512,39.00051659982709,0.5454450000000001
10643,0.6070710441719408,41.457242054934305,0.5454450000000001
10653,0.6167070924921303,43.29978614626472,0.5454450000000001
10663,0.6263431408123198,45.14233023759514,0.5571750000000001
10673,0.6359791891325094,46.37069296514874,0.5454450000000001
10683,0.6456152374526989,48.21323705647916,0.5454450000000001
10693,0.6552512857728885,50.05578114780957,0.5454450000000001
10703,0.6697053582531727,53.12668796669359,0.5513100000000001
10714,0.6793414065733622,50.66996251158638,0.521985
10724,0.6889774548935518,55.58341342180081,0.56304
10733,0.7082495515339309,52.512506602916794,0.51612
10743,0.7178855998541204,58.65432024068484,0.5571750000000001
10754,0.7323396723344047,58.04013887690803,0.52785
10764,0.7419757206545943,60.49686433201524,0.5395800000000001
10774,0.7564297931348785,61.72522705956886,0.5454450000000001
10784,0.7708838656151629,64.18195251467608,0.5571750000000001
10795,0.785337938095447,64.18195251467608,0.5454450000000001
10804,0.7949739864156367,66.0244966060065,0.5454450000000001
10814,0.8094280588959211,67.2528593335601,0.5454450000000001
10824,0.8238821313762053,67.8670406973369,0.5454450000000001
10834,0.8383362038564895,69.70958478866731,0.5454450000000001
10845,0.847972252176679,72.16631024377453,0.568905
10855,0.8672443488170583,71.55212887999772,0.5513100000000001
10865,0.8816984212973424,72.78049160755134,0.5454450000000001
10874,0.9009705179377216,74.62303569888176,0.5513100000000001
10885,0.915424590418006,75.23721706265856,0.5513100000000001
10895,0.9298786628982901,75.85139842643535,0.5454450000000001
10905,0.9443327353785744,77.69394251776578,0.5513100000000001
10915,0.9587868078588588,78.30812388154258,0.5395800000000001
10926,0.9732408803391431,78.92230524531938,0.37536
10935,0.9828769286593326,74.62303569888176,0.14076
10945,0.9925129769795221,64.79613387845288,-0.03519
10955,0.9973310011396168,52.512506602916794,-0.16422
10966,0.9973310011396168,40.843060691157504,-0.252195
10976,0.9973310011396168,28.559433415621413,-0.322575
10986,0.9925129769795221,16.889987503862123,-0.369495
10996,0.9876949528194273,5.834722955879643,-0.41641500000000004
11006,0.9876949528194273,-5.220541592102839,-0.46333500000000005
11016,0.9780589044992378,-9.51981113854047,-0.45747000000000004
11026,0.9732408803391431,-15.04744341253171,-0.48093
11036,0.9684228561790483,-18.732531595192537,-0.48679500000000003
11046,0.9587868078588588,-23.645982505406977,-0.510255
11057,0.9587868078588588,-24.874345232960582,-0.49852500000000005
11067,0.9539687836987641,-27.3310706880678,-0.50439
11077,0.9443327353785744,-29.78779614317502,-0.510255
11086,0.9346966870583849,-31.016158870728628,-0.50439
11097,0.9298786628982901,-35.31542841716626,-0.521985
11107,0.9250606387381954,-35.92960978094307,-0.51612
11117,0.9202426145781006,-37.15797250849668,-0.510255
11127,0.9106065662579111,-40.228879327380696,-0.521985
11138,0.9009705179377216,-42.07142341871111,-0.51612
11148,0.8913344696175319,-43.91396751004152,-0.51612
11157,0.8816984212973424,-48.21323705647916,-0.52785
11167,0.8672443488170583,-47.59905569270235,-0.510255
11177,0.8624263246569635,-51.28414387536318,-0.51612
11188,0.852790276336774,-52.512506602916794,-0.51612
11198,0.8383362038564895,-54.355050694247204,-0.521985
11208,0.8287001555363,-55.58341342180081,-0.51612
11218,0.8190641072161106,-56.81177614935442,-0.51612
11228,0.8094280588959211,-58.65432024068484,-0.51612
11238,0.7949739864156367,-60.49686433201524,-0.51612
11248,0.7805199139353524,-61.72522705956886,-0.51612
11258,0.7660658414550681,-64.18195251467608,-0.521985
11269,0.7564297931348785,-65.41031524222969,-0.51612
11279,0.7419757206545943,-66.0244966060065,-0.510255
11289,0.7275216481743099,-70.32376615244412,-0.5395800000000001
11298,0.7130675756940257,-69.70958478866731,-0.51612
11309,0.7034315273738361,-70.93794751622093,-0.51612
11319,0.6889774548935518,-72.78049160755134,-0.521985
11329,0.6745233824132675,-74.00885433510496,-0.51612
11339,0.6600693099329832,-75.85139842643535,-0.51612
11350,0.6407972132926041,-77.69394251776578,-0.533715
11360,0.6263431408123198,-76.46557979021216,-0.510255
11369,0.6118890683320355,-78.92230524531938,-0.51612
11379,0.5926169716916564,-78.92230524531938,-0.510255
11389,0.5781628992113721,-80.7648493366498,-0.51612
11400,0.5637088267310878,-81.99321206420342,-0.51612
11410,0.5444367300907087,-82.60739342798021,-0.51612
11420,0.5299826576104245,-81.99321206420342,-0.510255
11429,0.5155285851301401,-82.60739342798021,-0.334305
11440,0.5010745126498559,-78.92230524531938,-0.10557000000000001
11450,0.49625648848976106,-69.70958478866731,0.07038
11460,0.4914384643296663,-58.65432024068484,0.19354500000000002
11470,0.49625648848976106,-45.75651160137193,0.287385
11481,0.4914384643296663,-33.47288432583584,0.357765
11491,0.48662044016957157,-22.417619777853368,0.404685
11500,0.49625648848976106,-8.905629774763666,0.46920000000000006
11510,0.5010745126498559,-2.7638161369956205,0.475065
11521,0.5058925368099506,3.377997500772425,0.49266000000000004
11531,0.5107105609700454,8.291448410986861,0.50439
11541,0.5155285851301401,13.204899321201298,0.52785
11551,0.5203466092902349,15.661624776308516,0.52785
11561,0.5299826576104245,18.732531595192537,0.533715
11572,0.5348006817705192,21.803438414076563,0.5395800000000001
11581,0.539618705930614,24.26016386918378,0.5454450000000001
11591,0.5492547542508035,26.716889324290996,0.5454450000000001
11601,0.5492547542508035,27.94525205184461,0.5454450000000001
11612,0.5540727784108983,29.78779614317502,0.5395800000000001
11622,0.5685268508911826,32.24452159828224,0.5513100000000001
11632,0.5733448750512773,33.47288432583584,0.5513100000000001
11642,0.5829809233714669,36.543791144719876,0.56304
11652,0.5926169716916564,37.15797250849668,0.5454450000000001
11662,0.6022530200118459,39.614697963603895,0.5513100000000001
11672,0.6118890683320355,42.685604782487914,0.5571750000000001
11682,0.6167070924921303,44.52814887381833,0.5571750000000001
11693,0.6311611649724146,45.14233023759514,0.5454450000000001
11703,0.6456152374526989,46.37069296514874,0.5395800000000001
11713,0.6552512857728885,48.82741842025597,0.5454450000000001
11722,0.664887334093078,51.898325239139986,0.5513100000000001
11732,0.6793414065733622,53.12668796669359,0.5513100000000001
11743,0.6889774548935518,54.969232058024005,0.5513100000000001
11753,0.6986135032137413,55.58341342180081,0.5571750000000001
11763,0.7130675756940257,58.65432024068484,0.5571750000000001
11773,0.7227036240142152,59.26850160446163,0.5513100000000001
11784,0.7371576964944995,61.11104569579205,0.5513100000000001
11793,0.7516117689747838,62.33940842334566,0.5513100000000001
11803,0.7660658414550681,63.56777115089927,0.5513100000000001
11813,0.7757018897752576,64.18195251467608,0.5454450000000001
11824,0.7901559622555419,67.2528593335601,0.5571750000000001
11834,0.8046100347358263,67.2528593335601,0.5454450000000001
11844,0.8190641072161106,68.4812220611137,0.5454450000000001
11854,0.8383362038564895,70.32376615244412,0.5513100000000001
11864,0.847972252176679,72.78049160755134,0.5571750000000001
11874,0.8672443488170583,72.16631024377453,0.5513100000000001
11884,0.8816984212973424,74.00885433510496,0.5454450000000001
11894,0.8961524937776267,75.85139842643535,0.5513100000000001
11905,0.915424590418006,77.69394251776578,0.5513100000000001
11915,0.9298786628982901,78.92230524531938,0.5571750000000001
11925,0.9395147112184796,78.92230524531938,0.5454450000000001
11934,0.9539687836987641,78.92230524531938,0.35190000000000005
11944,0.9636048320189536,74.00885433510496,0.12903
11955,0.9732408803391431,65.41031524222969,-0.03519
11965,0.9780589044992378,53.12668796669359,-0.15835500000000002
11975,0.9732408803391431,40.228879327380696,-0.252195
11985,0.9780589044992378,31.016158870728628,-0.299115
11996,0.9732408803391431,16.889987503862123,-0.37536
12005,0.9684228561790483,5.834722955879643,-0.41055
12015,0.9684228561790483,-2.7638161369956205,-0.439875
12025,0.9587868078588588,-9.51981113854047,-0.46333500000000005
12036,0.9539687836987641,-14.433262048754909,-0.46333500000000005
12046,0.9491507595386691,-19.96089432274615,-0.48093
12056,0.9395147112184796,-23.645982505406977,-0.49266000000000004
12066,0.9346966870583849,-26.716889324290996,-0.49852500000000005
12077,0.9298786628982901,-28.559433415621413,-0.49266000000000004
12087,0.9202426145781006,-32.24452159828224,-0.50439
12096,0.915424590418006,-34.08706568961265,-0.50439
12106,0.9106065662579111,-36.543791144719876,-0.510255
12116,0.9009705179377216,-38.386335236050286,-0.510255
12127,0.8913344696175319,-40.228879327380696,-0.50439
12137,0.8865164454574372,-42.07142341871111,-0.51612
12147,0.8720623729771529,-44.52814887381833,-0.51612
12157,0.8672443488170583,-47.59905569270235,-0.51612
12168,0.852790276336774,-49.44159978403276,-0.510255
12177,0.8431542280165842,-50.66996251158638,-0.510255
12187,0.8335181796963947,-52.512506602916794,-0.510255
12197,0.8190641072161106,-53.740869330470396,-0.50439
12208,0.8094280588959211,-55.58341342180081,-0.51612
12218,0.7997920105757316,-58.04013887690803,-0.510255
12228,0.7901559622555419,-60.49686433201524,-0.51612
12237,0.7757018897752576,-61.11104569579205,-0.51612
12248,0.7612478172949734,-63.56777115089927,-0.52785
12258,0.746793744814689,-64.18195251467608,-0.510255
12268,0.7371576964944995,-67.2528593335601,-0.51612
12278,0.7227036240142152,-68.4812220611137,-0.51612
12289,0.7082495515339309,-69.0954034248905,-0.510255
12299,0.6937954790536466,-71.55212887999772,-0.521985
12308,0.6793414065733622,-71.55212887999772,-0.50439
12318,0.664887334093078,-74.00885433510496,-0.510255
12328,0.6552512857728885,-74.62303569888176,-0.510255
12339,0.6359791891325094,-77.07976115398897,-0.510255
12349,0.6167070924921303,-77.69394251776578,-0.51612
12359,0.6070710441719408,-78.92230524531938,-0.51612
12369,0.5877989475315617,-80.150667972873,-0.51612
12379,0.5685268508911826,-80.150667972873,-0.510255
12389,0.5588908025709931,-81.99321206420342,-0.51612
12399,0.5444367300907087,-81.99321206420342,-0.49852500000000005
12409,0.5203466092902349,-83.83575615553382,-0.510255
12420,0.5058925368099506,-85.06411888308743,-0.51612
12430,0.49625648848976106,-86.29248161064103,-0.51612
12439,0.4769843918493821,-86.29248161064103,-0.32844
12449,0.46734834352919247,-80.7648493366498,-0.099705
12460,0.4625303193690977,-70.93794751622093,0.07038
12470,0.4528942710489082,-57.42595751313123,0.19354500000000002
12480,0.457712295209003,-44.52814887381833,0.287385
12490,0.457712295209003,-32.24452159828224,0.35190000000000005
12500,0.457712295209003,-19.96089432274615,0.404685
12510,0.4625303193690977,-9.51981113854047,0.44574
12520,0.46734834352919247,-0.9212720456652067,0.475065
12530,0.4721663676892872,5.834722955879643,0.49266000000000004
12540,0.4769843918493821,11.362355229870884,0.50439
12551,0.4818024160094768,15.661624776308516,0.521985
12561,0.4914384643296663,19.96089432274615,0.52785
12571,0.49625648848976106,23.03180114163017,0.533715
12580,0.5058925368099506,25.48852659673739,0.5395800000000001
12591,0.5107105609700454,28.559433415621413,0.5395800000000001
12601,0.5155285851301401,31.630340234505436,0.5395800000000001
12611,0.5251646334503296,34.08706568961265,0.5395800000000001
12621,0.539618705930614,36.543791144719876,0.5454450000000001
12632,0.5444367300907087,39.00051659982709,0.5454450000000001
12641,0.5492547542508035,43.29978614626472,0.56304
12651,0.5637088267310878,43.29978614626472,0.5454450000000001
12661,0.5733448750512773,45.14233023759514,0.5454450000000001
12672,0.5877989475315617,46.98487432892555,0.5454450000000001
12682,0.5974349958517512,46.37069296514874,0.521985
12692,0.6070710441719408,51.28414387536318,0.5454450000000001
12702,0.621525116652225,52.512506602916794,0.5454450000000001
12712,0.6311611649724146,54.355050694247204,0.5454450000000001
12722,0.6456152374526989,56.19759478557762,0.5454450000000001
12732,0.6552512857728885,58.04013887690803,0.5454450000000001
12742,0.664887334093078,58.65432024068484,0.533715
12752,0.6745233824132675,61.11104569579205,0.5454450000000001
12763,0.6986135032137413,64.18195251467608,0.5571750000000001
12773,0.7082495515339309,64.18195251467608,0.5513100000000001
12782,0.7227036240142152,66.0244966060065,0.5454450000000001
12792,0.7323396723344047,69.0954034248905,0.568905
12803,0.7516117689747838,67.8670406973369,0.5454450000000001
12813,0.7612478172949734,69.70958478866731,0.5513100000000001
12823,0.7805199139353524,71.55212887999772,0.5571750000000001
12833,0.7949739864156367,72.78049160755134,0.5513100000000001
12844,0.8094280588959211,72.78049160755134,0.5454450000000001
12854,0.8287001555363,70.93794751622093,0.51612
12863,0.8431542280165842,74.62303569888176,0.5454450000000001
12873,0.8576083004968688,76.46557979021216,0.5513100000000001
12883,0.8720623729771529,75.85139842643535,0.5454450000000001
12894,0.8913344696175319,77.07976115398897,0.5395800000000001
12904,0.9009705179377216,76.46557979021216,0.52785
12914,0.9202426145781006,79.53648660909619,0.5454450000000001
12924,0.9346966870583849,80.7648493366498,0.5513100000000001
12934,0.9491507595386691,81.99321206420342,0.5513100000000001
12944,0.9636048320189536,81.37903070042661,0.357765
12954,0.9780589044992378,75.23721706265856,0.12316500000000001
12964,0.9828769286593326,67.2528593335601,-0.041055
12975,0.9876949528194273,54.969232058024005,-0.16422
12985,0.9876949528194273,41.457242054934305,-0.252195
12994,0.9876949528194273,26.716889324290996,-0.35190000000000005
13004,0.9828769286593326,16.889987503862123,-0.37536
13015,0.9780589044992378,5.834722955879643,-0.41641500000000004
13025,0.9732408803391431,-2.149634773218816,-0.43401
13035,0.9684228561790483,-11.362355229870884,-0.475065
13045,0.9636048320189536,-15.661624776308516,-0.48093
13056,0.9587868078588588,-21.189257050299755,-0.48679500000000003
13066,0.9539687836987641,-25.48852659673739,-0.49852500000000005
13075,0.9491507595386691,-28.559433415621413,-0.50439
13085,0.9395147112184796,-31.630340234505436,-0.510255
13095,0.9346966870583849,-34.08706568961265,-0.510255
13106,0.9250606387381954,-35.31542841716626,-0.510255
13116,0.9202426145781006,-37.77215387227348,-0.51612
13126,0.9057885420978165,-42.07142341871111,-0.533715
13136,0.9009705179377216,-41.457242054934305,-0.521985
13147,0.8913344696175319,-42.07142341871111,-0.50439
13156,0.8768803971372477,-45.14233023759514,-0.521985
13166,0.8720623729771529,-46.98487432892555,-0.51612
13176,0.8576083004968688,-50.66996251158638,-0.533715
13187,0.852790276336774,-51.28414387536318,-0.521985
13197,0.8431542280165842,-52.512506602916794,-0.521985
13207,0.8335181796963947,-53.740869330470396,-0.51612
13217,0.8190641072161106,-55.58341342180081,-0.51612
13227,0.8046100347358263,-58.04013887690803,-0.521985
13237,0.7997920105757316,-59.26850160446163,-0.51612
13247,0.7805199139353524,-60.49686433201524,-0.51612
13257,0.7708838656151629,-61.72522705956886,-0.510255
13267,0.7660658414550681,-64.79613387845288,-0.533715
13278,0.746793744814689,-64.79613387845288,-0.51612
13287,0.7323396723344047,-66.6386779697833,-0.51612
13297,0.7227036240142152,-68.4812220611137,-0.51612
13307,0.7034315273738361,-67.8670406973369,-0.510255
13318,0.6937954790536466,-70.93794751622093,-0.52785
13328,0.6793414065733622,-70.93794751622093,-0.521985
13338,0.664887334093078,-70.93794751622093,-0.510255
13348,0.6504332616127936,-72.78049160755134,-0.51612
13359,0.6359791891325094,-75.23721706265856,-0.533715
13368,0.6167070924921303,-75.23721706265856,-0.51612
13378,0.6070710441719408,-76.46557979021216,-0.51612
13388,0.5877989475315617,-77.07976115398897,-0.521985
13399,0.5733448750512773,-78.30812388154258,-0.51612
13409,0.5588908025709931,-78.92230524531938,-0.51612
13419,0.539618705930614,-79.53648660909619,-0.510255
13429,0.5299826576104245,-80.7648493366498,-0.51612
13440,0.5107105609700454,-81.37903070042661,-0.510255
13449,0.49625648848976106,-81.37903070042661,-0.322575
13459,0.48662044016957157,-76.46557979021216,-0.09384
13469,0.4769843918493821,-67.2528593335601,0.08211
13479,0.4769843918493821,-55.58341342180081,0.19941
13490,0.4721663676892872,-43.29978614626472,0.287385
13500,0.4769843918493821,-31.016158870728628,0.357765
13510,0.4769843918493821,-16.889987503862123,0.41641500000000004
13519,0.4818024160094768,-7.063085683433252,0.44574
13530,0.48662044016957157,0.3070906818884023,0.475065
13540,0.4914384643296663,6.448904319656448,0.49852500000000005
13550,0.49625648848976106,11.976536593647689,0.50439
13560,0.5058925368099506,15.661624776308516,0.521985
13571,0.5107105609700454,18.732531595192537,0.52785
13581,0.5155285851301401,22.417619777853368,0.533715
13590,0.5251646334503296,26.102707960514195,0.5395800000000001
13600,0.5348006817705192,29.78779614317502,0.5395800000000001
13611,0.539618705930614,32.24452159828224,0.5454450000000001
13621,0.5444367300907087,35.31542841716626,0.5513100000000001
13631,0.5588908025709931,35.92960978094307,0.533715
13641,0.5637088267310878,39.00051659982709,0.5454450000000001
13651,0.5781628992113721,40.228879327380696,0.5395800000000001
13661,0.5877989475315617,43.91396751004152,0.5513100000000001
13671,0.5926169716916564,46.37069296514874,0.5513100000000001
13681,0.6022530200118459,46.37069296514874,0.533715
13691,0.6167070924921303,50.66996251158638,0.5571750000000001
13702,0.6263431408123198,51.28414387536318,0.5454450000000001
13712,0.6456152374526989,51.28414387536318,0.5395800000000001
13722,0.6504332616127936,54.355050694247204,0.5454450000000001
13731,0.664887334093078,57.42595751313123,0.5454450000000001
13742,0.6745233824132675,59.26850160446163,0.5571750000000001
13752,0.6889774548935518,59.88268296823844,0.5454450000000001
13762,0.7034315273738361,61.72522705956886,0.5513100000000001
13772,0.7130675756940257,64.18195251467608,0.5571750000000001
13783,0.7323396723344047,66.0244966060065,0.5571750000000001
13793,0.746793744814689,66.0244966060065,0.5454450000000001
13802,0.7612478172949734,66.6386779697833,0.5395800000000001
13812,0.7757018897752576,68.4812220611137,0.5454450000000001
13822,0.785337938095447,71.55212887999772,0.5571750000000001
13833,0.8046100347358263,72.16631024377453,0.5454450000000001
13843,0.8190641072161106,72.78049160755134,0.5454450000000001
13853,0.8335181796963947,74.62303569888176,0.5454450000000001
13863,0.847972252176679,75.85139842643535,0.5513100000000001
13873,0.8624263246569635,77.07976115398897,0.5454450000000001
13883,0.8816984212973424,78.30812388154258,0.5454450000000001
13893,0.9009705179377216,80.150667972873,0.5513100000000001
13903,0.915424590418006,80.7648493366498,0.5513100000000001
13914,0.9298786628982901,81.99321206420342,0.5513100000000001
13924,0.9443327353785744,82.60739342798021,0.5454450000000001
13934,0.9636048320189536,83.221574791757,0.5454450000000001
13943,0.9780589044992378,85.06411888308743,0.5571750000000001
13954,0.9925129769795221,83.221574791757,0.369495
13964,1.0069670494598066,80.150667972873,0.146625
13974,1.0117850736199012,70.93794751622093,-0.02346
13984,1.0214211219400908,56.81177614935442,-0.15249000000000001
13995,1.0117850736199012,43.91396751004152,-0.252195
14004,1.016603097779996,31.016158870728628,-0.31671000000000005
14014,1.016603097779996,17.504168867638928,-0.369495
14024,1.0117850736199012,5.834722955879643,-0.41055
14034,1.0069670494598066,-2.7638161369956205,-0.439875
14045,1.0021490252997118,-9.51981113854047,-0.46333500000000005
14055,0.9973310011396168,-15.04744341253171,-0.475065
14065,0.9925129769795221,-18.732531595192537,-0.48679500000000003
14074,0.9876949528194273,-20.575075686522954,-0.49266000000000004
14085,0.9828769286593326,-23.03180114163017,-0.49852500000000005
14095,0.9780589044992378,-24.874345232960582,-0.50439
14105,0.9732408803391431,-26.716889324290996,-0.50439
14115,0.9636048320189536,-27.94525205184461,-0.510255
14126,0.9539687836987641,-28.559433415621413,-0.49266000000000004
14136,0.9539687836987641,-31.630340234505436,-0.51612
14145,0.9443327353785744,-32.24452159828224,-0.51612
14155,0.9346966870583849,-31.630340234505436,-0.48679500000000003
14166,0.9346966870583849,-35.92960978094307,-0.510255
14176,0.9250606387381954,-38.386335236050286,-0.51612
14186,0.9106065662579111,-39.00051659982709,-0.510255
14196,0.9057885420978165,-42.07142341871111,-0.51612
14206,0.8961524937776267,-43.91396751004152,-0.510255
14216,0.8865164454574372,-46.37069296514874,-0.51612
14226,0.8768803971372477,-48.21323705647916,-0.510255
14236,0.8672443488170583,-50.66996251158638,-0.51612
14246,0.852790276336774,-54.355050694247204,-0.521985
14257,0.847972252176679,-54.355050694247204,-0.510255
14267,0.8335181796963947,-56.81177614935442,-0.51612
14277,0.8190641072161106,-58.04013887690803,-0.510255
14286,0.8142460830560158,-60.49686433201524,-0.521985
14297,0.7997920105757316,-61.72522705956886,-0.51612
14307,0.785337938095447,-62.95358978712247,-0.51612
14317,0.7757018897752576,-63.56777115089927,-0.510255
14327,0.7564297931348785,-67.2528593335601,-0.521985
14338,0.746793744814689,-67.8670406973369,-0.51612
14347,0.7323396723344047,-70.32376615244412,-0.510255
14357,0.7178855998541204,-71.55212887999772,-0.510255
14367,0.7034315273738361,-72.16631024377453,-0.51612
14377,0.6841594307334571,-70.93794751622093,-0.48093
14388,0.6745233824132675,-74.62303569888176,-0.51612
14398,0.6552512857728885,-76.46557979021216,-0.51612
14408,0.6456152374526989,-77.07976115398897,-0.51612
14417,0.6263431408123198,-78.92230524531938,-0.51612
14428,0.6118890683320355,-78.92230524531938,-0.510255
14438,0.5974349958517512,-80.7648493366498,-0.51612
14448,0.5829809233714669,-81.37903070042661,-0.51612
14458,0.5685268508911826,-80.7648493366498,-0.32844
14469,0.5588908025709931,-76.46557979021216,-0.09384
14479,0.5540727784108983,-67.2528593335601,0.07624500000000001
14489,0.5540727784108983,-54.355050694247204,0.19354500000000002
14498,0.5540727784108983,-42.685604782487914,0.287385
14509,0.5444367300907087,-34.08706568961265,0.34603500000000004
14519,0.5540727784108983,-20.575075686522954,0.41641500000000004
14529,0.5540727784108983,-10.74817386609408,0.45160500000000003
14539,0.5588908025709931,-2.149634773218816,0.48093
14550,0.5637088267310878,3.9921788645492295,0.49266000000000004
14559,0.5733448750512773,10.133992502317275,0.510255
14569,0.5781628992113721,14.433262048754909,0.521985
14579,0.5829809233714669,18.732531595192537,0.533715
14589,0.5877989475315617,21.803438414076563,0.52785
14600,0.5974349958517512,25.48852659673739,0.533715
14610,0.6070710441719408,29.78779614317502,0.5454450000000001
14620,0.6118890683320355,31.016158870728628,0.5395800000000001
14629,0.621525116652225,33.47288432583584,0.5395800000000001
14640,0.6311611649724146,35.31542841716626,0.5454450000000001
14650,0.6359791891325094,37.15797250849668,0.5454450000000001
14660,0.6456152374526989,39.00051659982709,0.5454450000000001
14670,0.6552512857728885,40.843060691157504,0.5454450000000001
14681,0.664887334093078,44.52814887381833,0.5513100000000001
14690,0.6745233824132675,47.59905569270235,0.568905
14700,0.6841594307334571,46.98487432892555,0.5454450000000001
14710,0.6986135032137413,48.82741842025597,0.5454450000000001
14721,0.7082495515339309,50.66996251158638,0.5454450000000001
14731,0.7178855998541204,53.12668796669359,0.5454450000000001
14741,0.7227036240142152,56.81177614935442,0.568905
14751,0.7419757206545943,54.969232058024005,0.5395800000000001
14761,0.7564297931348785,56.19759478557762,0.5454450000000001
14771,0.7660658414550681,57.42595751313123,0.5571750000000001
14781,0.7805199139353524,58.65432024068484,0.5454450000000001
14791,0.7949739864156367,60.49686433201524,0.5513100000000001
14801,0.8046100347358263,61.72522705956886,0.5513100000000001
14812,0.8190641072161106,59.88268296823844,0.533715
14822,0.8335181796963947,62.95358978712247,0.5454450000000001
14832,0.8383362038564895,64.79613387845288,0.5454450000000001
14841,0.8624263246569635,65.41031524222969,0.5395800000000001
14852,0.8720623729771529,66.6386779697833,0.5454450000000001
14862,0.8865164454574372,67.2528593335601,0.5395800000000001
14872,0.8961524937776267,70.32376615244412,0.5571750000000001
14882,0.915424590418006,70.32376615244412,0.5454450000000001
14893,0.9298786628982901,71.55212887999772,0.5454450000000001
14903,0.9443327353785744,72.78049160755134,0.5454450000000001
14913,0.9587868078588588,74.00885433510496,0.5395800000000001
14922,0.9780589044992378,76.46557979021216,0.5571750000000001
14932,0.9925129769795221,75.85139842643535,0.5395800000000001
14943,1.0021490252997118,75.85139842643535,0.521985
14953,1.0214211219400908,78.92230524531938,0.5454450000000001
14963,1.035875194420375,78.92230524531938,0.37536
14973,1.0455112427405646,74.62303569888176,0.146625
14984,1.0551472910607542,64.79613387845288,-0.029325000000000004
14993,1.0551472910607542,51.28414387536318,-0.17595000000000002
15003,1.0551472910607542,39.614697963603895,-0.252195
15013,1.059965315220849,29.78779614317502,-0.31671000000000005
15024,1.0551472910607542,15.661624776308516,-0.38709000000000005
15034,1.0503292669006592,5.834722955879643,-0.41641500000000004
15044,1.0455112427405646,-3.377997500772425,-0.45747000000000004
15054,1.0406932185804698,-8.905629774763666,-0.46333500000000005
15064,1.035875194420375,-14.433262048754909,-0.475065
15074,1.0310571702602802,-16.889987503862123,-0.46333500000000005
15084,1.0262391461001856,-23.645982505406977,-0.49852500000000005
15094,1.0214211219400908,-24.874345232960582,-0.48093
15105,1.0021490252997118,-30.401977506951823,-0.50439
15115,1.0021490252997118,-33.47288432583584,-0.51612
15125,0.9973310011396168,-35.31542841716626,-0.51612
15135,0.9876949528194273,-37.15797250849668,-0.510255
15144,0.9780589044992378,-39.614697963603895,-0.510255
15155,0.9732408803391431,-42.07142341871111,-0.51612
15165,0.9587868078588588,-46.37069296514874,-0.533715
15175,0.9443327353785744,-46.37069296514874,-0.510255
15185,0.9395147112184796,-48.82741842025597,-0.51612
15196,0.9346966870583849,-50.66996251158638,-0.51612
15206,0.9202426145781006,-55.58341342180081,-0.5454450000000001
15215,0.9106065662579111,-54.355050694247204,-0.510255
15225,0.9009705179377216,-56.81177614935442,-0.521985
15236,0.8816984212973424,-58.04013887690803,-0.51612
15246,0.8768803971372477,-60.49686433201524,-0.521985
15256,0.8624263246569635,-61.72522705956886,-0.51612
15266,0.852790276336774,-62.95358978712247,-0.51612
15276,0.8383362038564895,-64.79613387845288,-0.51612
15286,0.8238821313762053,-66.0244966060065,-0.51612
15296,0.8094280588959211,-67.2528593335601,-0.51612
15306,0.7949739864156367,-69.0954034248905,-0.51612
15316,0.785337938095447,-69.70958478866731,-0.51612
15327,0.7708838656151629,-71.55212887999772,-0.51612
15337,0.7564297931348785,-72.78049160755134,-0.51612
15347,0.7371576964944995,-74.62303569888176,-0.521985
15356,0.7227036240142152,-74.62303569888176,-0.510255
15367,0.7082495515339309,-75.85139842643535,-0.510255
15377,0.6937954790536466,-75.23721706265856,-0.50439
15387,0.6793414065733622,-78.92230524531938,-0.521985
15397,0.664887334093078,-80.7648493366498,-0.521985
15408,0.6456152374526989,-81.37903070042661,-0.51612
15418,0.6311611649724146,-83.83575615553382,-0.5395800000000001
15427,0.6167070924921303,-83.83575615553382,-0.521985
