time,angle,velocity,current
301,-0.01927209664037907,-2.149634773218816,0.0
313,-0.009636048320189536,-2.149634773218816,0.005865
323,-0.004818024160094768,-3.377997500772425,0.0
333,0.0,-6.448904319656448,0.099705
344,-0.004818024160094768,-5.220541592102839,0.22287
354,0.0,-3.9921788645492295,0.30498000000000003
363,0.004818024160094768,1.5354534094420114,0.37536
373,0.009636048320189536,6.448904319656448,0.42228000000000004
384,0.01927209664037907,11.362355229870884,0.45160500000000003
394,0.01927209664037907,15.04744341253171,0.48093
404,0.02409012080047384,18.732531595192537,0.49852500000000005
414,0.028908144960568607,22.417619777853368,0.51612
424,0.03854419328075814,23.03180114163017,0.50439
434,0.04818024160094768,27.3310706880678,0.52785
444,0.05299826576104244,29.78779614317502,0.533715
454,0.06745233824132675,33.47288432583584,0.5454450000000001
464,0.07227036240142151,35.31542841716626,0.5454450000000001
475,0.08190641072161106,38.386335236050286,0.5395800000000001
485,0.09154245904180058,41.457242054934305,0.5454450000000001
495,0.10117850736199013,43.29978614626472,0.5395800000000001
504,0.11081455568217966,45.75651160137193,0.5454450000000001
515,0.1204506040023692,47.59905569270235,0.5454450000000001
525,0.1349046764826535,51.28414387536318,0.5513100000000001
535,0.1493587489629378,53.12668796669359,0.5395800000000001
545,0.15899479728312735,55.58341342180081,0.5454450000000001
556,0.17344886976341164,58.65432024068484,0.5513100000000001
566,0.18790294224369594,59.26850160446163,0.5395800000000001
575,0.20235701472398027,61.11104569579205,0.5454450000000001
585,0.21199306304416976,60.49686433201524,0.521985
595,0.2264471355244541,62.33940842334566,0.521985
606,0.2409012080047384,66.0244966060065,0.5454450000000001
616,0.2553552804850227,68.4812220611137,0.5571750000000001
626,0.269809352965307,69.70958478866731,0.5513100000000001
636,0.28908144960568605,70.32376615244412,0.5454450000000001
647,0.3035355220859704,71.55212887999772,0.5454450000000001
656,0.32280761872634944,73.39467297132815,0.5454450000000001
666,0.332443667046539,74.62303569888176,0.5454450000000001
676,0.35171576368691804,75.85139842643535,0.5454450000000001
687,0.37098786032729714,77.07976115398897,0.5454450000000001
697,0.38544193280758143,78.92230524531938,0.5454450000000001
707,0.4095320536080553,80.150667972873,0.5454450000000001
717,0.41435007776815,80.7648493366498,0.5395800000000001
727,0.4384401985686239,82.60739342798021,0.5454450000000001
737,0.457712295209003,83.221574791757,0.5571750000000001
747,0.4721663676892872,85.67830024686424,0.5513100000000001
757,0.4914384643296663,86.29248161064103,0.5454450000000001
768,0.5058925368099506,84.44993751931062,0.521985
778,0.5251646334503296,88.74920706574827,0.5513100000000001
788,0.5444367300907087,89.36338842952506,0.5571750000000001
797,0.5637088267310878,89.36338842952506,0.5395800000000001
807,0.5829809233714669,89.97756979330187,0.5395800000000001
818,0.5974349958517512,91.82011388463228,0.5571750000000001
828,0.6167070924921303,91.20593252085547,0.37536
838,0.6263431408123198,86.29248161064103,0.146625
848,0.6407972132926041,76.46557979021216,-0.02346
859,0.6407972132926041,62.95358978712247,-0.146625
868,0.6407972132926041,48.82741842025597,-0.24633000000000002
878,0.6407972132926041,35.92960978094307,-0.30498000000000003
888,0.6407972132926041,23.03180114163017,-0.35190000000000005
899,0.6407972132926041,10.74817386609408,-0.39295500000000005
909,0.6359791891325094,1.5354534094420114,-0.41641500000000004
919,0.6311611649724146,-6.448904319656448,-0.439875
929,0.621525116652225,-12.590717957424493,-0.45747000000000004
939,0.6167070924921303,-17.504168867638928,-0.46920000000000006
949,0.6118890683320355,-21.803438414076563,-0.475065
959,0.6070710441719408,-25.48852659673739,-0.48093
969,0.6022530200118459,-29.173614779398218,-0.48679500000000003
979,0.5926169716916564,-31.630340234505436,-0.49266000000000004
990,0.5829809233714669,-33.47288432583584,-0.48679500000000003
1000,0.5781628992113721,-37.15797250849668,-0.49852500000000005
1009,0.5685268508911826,-38.386335236050286,-0.49266000000000004
1019,0.5588908025709931,-41.457242054934305,-0.49852500000000005
1030,0.5540727784108983,-43.91396751004152,-0.49852500000000005
1040,0.539618705930614,-46.98487432892555,-0.510255
1050,0.5299826576104245,-46.98487432892555,-0.49266000000000004
1060,0.5203466092902349,-49.44159978403276,-0.49852500000000005
1070,0.5155285851301401,-50.66996251158638,-0.49266000000000004
1080,0.5058925368099506,-53.12668796669359,-0.50439
1090,0.48662044016957157,-53.740869330470396,-0.49266000000000004
1100,0.4721663676892872,-54.355050694247204,-0.48679500000000003
1111,0.46734834352919247,-56.81177614935442,-0.49852500000000005
1121,0.4528942710489082,-58.04013887690803,-0.49266000000000004
1131,0.4432582227287186,-59.26850160446163,-0.49852500000000005
1140,0.4288041502484344,-63.56777115089927,-0.521985
1150,0.4191681019282448,-62.33940842334566,-0.49852500000000005
1161,0.40471402944796053,-62.95358978712247,-0.49266000000000004
1171,0.3902599569676762,-64.79613387845288,-0.49852500000000005
1181,0.3806239086474867,-65.41031524222969,-0.49266000000000004
1191,0.36616983616720233,-66.6386779697833,-0.49266000000000004
1202,0.3468977395268233,-68.4812220611137,-0.49852500000000005
1212,0.33726169120663374,-68.4812220611137,-0.48679500000000003
1221,0.32280761872634944,-72.78049160755134,-0.52785
1231,0.30835354624606515,-71.55212887999772,-0.50439
1242,0.2842634254455913,-69.70958478866731,-0.46920000000000006
1252,0.2842634254455913,-73.39467297132815,-0.49852500000000005
1262,0.26499132880521226,-74.00885433510496,-0.49852500000000005
1272,0.24571923216483316,-74.62303569888176,-0.49852500000000005
1283,0.2360831838446436,-75.23721706265856,-0.49266000000000004
1292,0.2216291113643593,-77.07976115398897,-0.49266000000000004
1302,0.19753899056388546,-75.85139842643535,-0.49266000000000004
1312,0.18790294224369594,-77.69394251776578,-0.49852500000000005
1323,0.17344886976341164,-78.30812388154258,-0.49266000000000004
1333,0.15417677312303257,-77.69394251776578,-0.322575
1343,0.14454072480284302,-74.62303569888176,-0.10557000000000001
1353,0.13972270064274828,-64.79613387845288,0.07624500000000001
1363,0.13972270064274828,-52.512506602916794,0.205275
1373,0.13972270064274828,-40.843060691157504,0.29325
1383,0.13972270064274828,-29.78779614317502,0.36363
1393,0.14454072480284302,-16.275806140085322,0.41055
1403,0.14454072480284302,-5.834722955879643,0.45160500000000003
1414,0.14454072480284302,1.5354534094420114,0.48093
1424,0.15899479728312735,8.905629774763666,0.50439
1434,0.16381282144322212,12.590717957424493,0.510255
1443,0.16863084560331687,16.275806140085322,0.521985
1454,0.17344886976341164,20.575075686522954,0.52785
1464,0.18308491808360117,24.874345232960582,0.533715
1474,0.18790294224369594,27.94525205184461,0.5395800000000001
1484,0.19272096640379072,34.08706568961265,0.56304
1495,0.20235701472398027,33.47288432583584,0.533715
1505,0.21681108720426456,37.15797250849668,0.5454450000000001
1514,0.2264471355244541,40.228879327380696,0.5571750000000001
1524,0.2360831838446436,41.457242054934305,0.5513100000000001
1534,0.24571923216483316,43.91396751004152,0.5513100000000001
1545,0.26017330464511745,45.75651160137193,0.5454450000000001
1555,0.26499132880521226,50.66996251158638,0.57477
1565,0.27462737712540175,50.05578114780957,0.5454450000000001
1574,0.29389947376578085,51.898325239139986,0.5454450000000001
1585,0.3035355220859704,53.12668796669359,0.5513100000000001
1595,0.3179895945662547,54.969232058024005,0.5513100000000001
1605,0.32762564288644425,58.04013887690803,0.5513100000000001
1615,0.34207971536672854,59.26850160446163,0.5454450000000001
1626,0.35653378784701284,61.11104569579205,0.5513100000000001
1636,0.37098786032729714,62.33940842334566,0.5454450000000001
1646,0.38544193280758143,63.56777115089927,0.5454450000000001
1655,0.3950779811277709,64.79613387845288,0.5513100000000001
1666,0.4095320536080553,66.6386779697833,0.5513100000000001
1676,0.4239861260883395,67.2528593335601,0.5454450000000001
1686,0.4384401985686239,69.70958478866731,0.5571750000000001
1696,0.4528942710489082,68.4812220611137,0.533715
1707,0.4721663676892872,72.78049160755134,0.5571750000000001
1717,0.4818024160094768,74.62303569888176,0.56304
1727,0.5010745126498559,75.23721706265856,0.5571750000000001
1736,0.5155285851301401,75.85139842643535,0.5454450000000001
1746,0.5299826576104245,77.07976115398897,0.5571750000000001
1757,0.5492547542508035,78.92230524531938,0.5513100000000001
1767,0.5637088267310878,76.46557979021216,0.521985
1777,0.5829809233714669,80.7648493366498,0.5513100000000001
1787,0.5974349958517512,82.60739342798021,0.5513100000000001
1798,0.621525116652225,83.221574791757,0.5513100000000001
1807,0.6359791891325094,83.83575615553382,0.5454450000000001
1817,0.6504332616127936,85.67830024686424,0.5454450000000001
1827,0.6697053582531727,86.29248161064103,0.5454450000000001
1838,0.6841594307334571,87.52084433819465,0.36363
1848,0.6986135032137413,81.99321206420342,0.14076
1858,0.7082495515339309,72.78049160755134,-0.029325000000000004
1868,0.7034315273738361,61.72522705956886,-0.12903
1879,0.7178855998541204,44.52814887381833,-0.252195
1888,0.7130675756940257,33.47288432583584,-0.30498000000000003
1898,0.7082495515339309,24.26016386918378,-0.357765
1908,0.7082495515339309,11.362355229870884,-0.39882
1918,0.7034315273738361,1.5354534094420114,-0.42228000000000004
1929,0.6986135032137413,-6.448904319656448,-0.439875
1939,0.6889774548935518,-11.362355229870884,-0.44574
1949,0.6889774548935518,-17.504168867638928,-0.46920000000000006
1958,0.6793414065733622,-21.189257050299755,-0.475065
1969,0.6697053582531727,-24.874345232960582,-0.48093
1979,0.6697053582531727,-27.3310706880678,-0.48679500000000003
1989,0.6600693099329832,-28.559433415621413,-0.48093
1999,0.6504332616127936,-31.630340234505436,-0.48679500000000003
2010,0.6504332616127936,-34.08706568961265,-0.49266000000000004
2020,0.6407972132926041,-35.92960978094307,-0.49266000000000004
2029,0.6311611649724146,-37.77215387227348,-0.49266000000000004
2039,0.6263431408123198,-39.614697963603895,-0.49266000000000004
2050,0.6118890683320355,-42.07142341871111,-0.49266000000000004
2060,0.6022530200118459,-43.29978614626472,-0.48679500000000003
2070,0.5926169716916564,-45.75651160137193,-0.49266000000000004
2080,0.5877989475315617,-46.98487432892555,-0.49266000000000004
2089,0.5733448750512773,-48.82741842025597,-0.49266000000000004
2100,0.5588908025709931,-48.82741842025597,-0.48679500000000003
2110,0.5540727784108983,-50.66996251158638,-0.48679500000000003
2120,0.5444367300907087,-50.05578114780957,-0.46333500000000005
2130,0.5299826576104245,-53.12668796669359,-0.48679500000000003
2141,0.5251646334503296,-54.355050694247204,-0.48679500000000003
2151,0.5107105609700454,-56.81177614935442,-0.48679500000000003
2161,0.49625648848976106,-58.65432024068484,-0.49266000000000004
2170,0.48662044016957157,-59.88268296823844,-0.49266000000000004
2181,0.4721663676892872,-61.11104569579205,-0.49852500000000005
2191,0.4625303193690977,-62.95358978712247,-0.49852500000000005
2201,0.4528942710489082,-63.56777115089927,-0.49852500000000005
2211,0.4288041502484344,-62.33940842334566,-0.475065
2222,0.4239861260883395,-64.18195251467608,-0.49852500000000005
2231,0.4095320536080553,-66.0244966060065,-0.49266000000000004
2241,0.3950779811277709,-67.8670406973369,-0.49852500000000005
2251,0.38544193280758143,-66.6386779697833,-0.475065
2262,0.37098786032729714,-69.0954034248905,-0.49852500000000005
2272,0.35653378784701284,-70.93794751622093,-0.49852500000000005
2282,0.34207971536672854,-70.32376615244412,-0.49266000000000004
2292,0.32762564288644425,-71.55212887999772,-0.49266000000000004
2302,0.30835354624606515,-72.78049160755134,-0.49852500000000005
2312,0.28908144960568605,-72.78049160755134,-0.49266000000000004
2322,0.27944540128549655,-73.39467297132815,-0.48679500000000003
2332,0.269809352965307,-75.85139842643535,-0.49852500000000005
2342,0.2553552804850227,-75.23721706265856,-0.30498000000000003
2353,0.24571923216483316,-70.93794751622093,-0.07624500000000001
2363,0.24571923216483316,-61.72522705956886,0.08211
2373,0.2409012080047384,-49.44159978403276,0.205275
2382,0.2409012080047384,-38.386335236050286,0.299115
2393,0.2409012080047384,-29.78779614317502,0.34603500000000004
2403,0.24571923216483316,-15.661624776308516,0.42228000000000004
2413,0.24571923216483316,-6.448904319656448,0.45160500000000003
2423,0.2553552804850227,2.149634773218816,0.475065
2434,0.26017330464511745,9.51981113854047,0.49852500000000005
2444,0.26499132880521226,15.04744341253171,0.521985
2454,0.269809352965307,18.732531595192537,0.521985
2463,0.27462737712540175,22.417619777853368,0.52785
2473,0.2842634254455913,24.874345232960582,0.533715
2484,0.29389947376578085,26.716889324290996,0.533715
2494,0.2987174979258756,29.78779614317502,0.5395800000000001
2504,0.30835354624606515,32.24452159828224,0.5395800000000001
2514,0.3179895945662547,34.70124705338946,0.5395800000000001
2524,0.32762564288644425,37.77215387227348,0.5454450000000001
2534,0.33726169120663374,40.843060691157504,0.5571750000000001
2544,0.3468977395268233,41.457242054934305,0.533715
2554,0.35653378784701284,45.75651160137193,0.56304
2565,0.3613518120071076,48.21323705647916,0.5571750000000001
2575,0.3806239086474867,48.82741842025597,0.5454450000000001
2585,0.3902599569676762,51.28414387536318,0.5513100000000001
2594,0.40471402944796053,53.12668796669359,0.5454450000000001
2605,0.41435007776815,51.898325239139986,0.521985
2615,0.4288041502484344,56.81177614935442,0.5454450000000001
2625,0.4432582227287186,58.65432024068484,0.5513100000000001
2635,0.457712295209003,61.72522705956886,0.5571750000000001
2646,0.46734834352919247,62.33940842334566,0.5454450000000001
2656,0.4818024160094768,64.18195251467608,0.5454450000000001
2665,0.49625648848976106,64.79613387845288,0.5395800000000001
2675,0.5058925368099506,69.70958478866731,0.57477
2685,0.5251646334503296,69.0954034248905,0.5454450000000001
2696,0.539618705930614,69.0954034248905,0.52785
2706,0.5540727784108983,71.55212887999772,0.5454450000000001
2716,0.5733448750512773,73.39467297132815,0.5395800000000001
2725,0.5877989475315617,74.62303569888176,0.5454450000000001
2736,0.6022530200118459,76.46557979021216,0.533715
2746,0.621525116652225,77.69394251776578,0.5454450000000001
2756,0.6359791891325094,78.30812388154258,0.5513100000000001
2766,0.6552512857728885,80.150667972873,0.5454450000000001
2777,0.6697053582531727,81.99321206420342,0.5454450000000001
2787,0.6889774548935518,83.221574791757,0.5513100000000001
2797,0.7034315273738361,83.221574791757,0.521985
2806,0.7178855998541204,85.06411888308743,0.5513100000000001
2817,0.7371576964944995,86.29248161064103,0.5454450000000001
2827,0.7564297931348785,86.90666297441784,0.5513100000000001
2837,0.7757018897752576,88.13502570197146,0.5454450000000001
2847,0.7901559622555419,87.52084433819465,0.357765
2857,0.8046100347358263,82.60739342798021,0.12903
2868,0.8094280588959211,73.39467297132815,-0.029325000000000004
2877,0.8142460830560158,58.65432024068484,-0.16422
2887,0.8142460830560158,46.98487432892555,-0.240465
2897,0.8190641072161106,33.47288432583584,-0.30498000000000003
2908,0.8190641072161106,19.96089432274615,-0.369495
2918,0.8094280588959211,8.905629774763666,-0.39882
2928,0.8046100347358263,-0.3070906818884023,-0.42814500000000005
2938,0.7997920105757316,-8.291448410986861,-0.439875
2948,0.7949739864156367,-13.819080684978102,-0.45747000000000004
2958,0.7901559622555419,-19.34671295896934,-0.46920000000000006
2968,0.785337938095447,-23.645982505406977,-0.475065
2978,0.7757018897752576,-26.716889324290996,-0.48093
2989,0.7708838656151629,-30.401977506951823,-0.48093
2999,0.7612478172949734,-33.47288432583584,-0.49266000000000004
3009,0.7516117689747838,-35.92960978094307,-0.49266000000000004
3018,0.746793744814689,-38.386335236050286,-0.49266000000000004
3028,0.7371576964944995,-40.228879327380696,-0.48679500000000003
3039,0.7227036240142152,-44.52814887381833,-0.50439
3049,0.7178855998541204,-45.14233023759514,-0.49852500000000005
3059,0.7082495515339309,-46.98487432892555,-0.49852500000000005
3069,0.6986135032137413,-49.44159978403276,-0.49852500000000005
3079,0.6889774548935518,-50.05578114780957,-0.49266000000000004
3089,0.6745233824132675,-52.512506602916794,-0.49852500000000005
3099,0.664887334093078,-53.740869330470396,-0.49266000000000004
3109,0.6552512857728885,-55.58341342180081,-0.49266000000000004
3120,0.6456152374526989,-56.81177614935442,-0.49266000000000004
3130,0.6263431408123198,-58.65432024068484,-0.49852500000000005
3140,0.6167070924921303,-61.11104569579205,-0.50439
3149,0.6070710441719408,-62.33940842334566,-0.50439
3160,0.5926169716916564,-66.0244966060065,-0.521985
3170,0.5829809233714669,-64.18195251467608,-0.49266000000000004
3180,0.5685268508911826,-65.41031524222969,-0.49852500000000005
3190,0.5540727784108983,-66.0244966060065,-0.49852500000000005
3201,0.539618705930614,-67.8670406973369,-0.49852500000000005
3211,0.5299826576104245,-67.2528593335601,-0.49266000000000004
3220,0.5155285851301401,-70.93794751622093,-0.51612
3230,0.5010745126498559,-69.70958478866731,-0.49852500000000005
3240,0.48662044016957157,-69.70958478866731,-0.49266000000000004
3251,0.4721663676892872,-70.93794751622093,-0.49852500000000005
3261,0.4625303193690977,-72.16631024377453,-0.49852500000000005
3271,0.4432582227287186,-72.78049160755134,-0.49852500000000005
3281,0.4288041502484344,-75.23721706265856,-0.510255
3291,0.41435007776815,-74.00885433510496,-0.49852500000000005
3301,0.40471402944796053,-74.62303569888176,-0.49852500000000005
3311,0.38544193280758143,-75.23721706265856,-0.49266000000000004
3321,0.37098786032729714,-77.07976115398897,-0.49852500000000005
3332,0.35653378784701284,-77.07976115398897,-0.49852500000000005
3342,0.34207971536672854,-77.07976115398897,-0.49852500000000005
3352,0.32280761872634944,-77.69394251776578,-0.31671000000000005
3362,0.3179895945662547,-72.16631024377453,-0.08211
3372,0.30835354624606515,-62.95358978712247,0.08797500000000001
3382,0.30835354624606515,-51.28414387536318,0.21114000000000002
3392,0.30835354624606515,-39.614697963603895,0.29325
3402,0.30835354624606515,-27.94525205184461,0.36363
3412,0.30835354624606515,-14.433262048754909,0.42814500000000005
3423,0.3179895945662547,-4.606360228326034,0.45160500000000003
3433,0.32280761872634944,3.377997500772425,0.475065
3442,0.332443667046539,9.51981113854047,0.49266000000000004
3452,0.332443667046539,15.661624776308516,0.521985
3463,0.33726169120663374,18.732531595192537,0.521985
3473,0.3468977395268233,21.803438414076563,0.533715
3483,0.35171576368691804,25.48852659673739,0.5395800000000001
3493,0.35653378784701284,27.94525205184461,0.5513100000000001
3504,0.36616983616720233,29.78779614317502,0.5395800000000001
3513,0.3758058844873919,32.24452159828224,0.5454450000000001
3523,0.38544193280758143,34.70124705338946,0.5395800000000001
3533,0.3950779811277709,37.15797250849668,0.5454450000000001
3544,0.40471402944796053,39.614697963603895,0.5395800000000001
3554,0.41435007776815,41.457242054934305,0.5513100000000001
3564,0.4239861260883395,43.29978614626472,0.5454450000000001
3574,0.4336221744085291,45.14233023759514,0.5454450000000001
3584,0.44807624688881337,47.59905569270235,0.5454450000000001
3594,0.457712295209003,49.44159978403276,0.5513100000000001
3604,0.46734834352919247,51.898325239139986,0.5513100000000001
3614,0.4769843918493821,53.12668796669359,0.5454450000000001
3624,0.4914384643296663,55.58341342180081,0.5571750000000001
3635,0.5058925368099506,56.19759478557762,0.5454450000000001
3645,0.5155285851301401,58.04013887690803,0.5513100000000001
3655,0.5299826576104245,59.26850160446163,0.5571750000000001
3665,0.539618705930614,61.72522705956886,0.5571750000000001
3675,0.5588908025709931,62.33940842334566,0.5454450000000001
3685,0.5733448750512773,64.18195251467608,0.5454450000000001
3695,0.5829809233714669,66.6386779697833,0.5571750000000001
3705,0.5974349958517512,67.2528593335601,0.5454450000000001
3716,0.6118890683320355,68.4812220611137,0.5454450000000001
3726,0.6263431408123198,70.32376615244412,0.5454450000000001
3735,0.6456152374526989,71.55212887999772,0.5454450000000001
3745,0.6552512857728885,73.39467297132815,0.5454450000000001
3756,0.6745233824132675,74.62303569888176,0.5454450000000001
3766,0.6889774548935518,76.46557979021216,0.5513100000000001
3776,0.7034315273738361,77.07976115398897,0.5395800000000001
3786,0.7227036240142152,79.53648660909619,0.5454450000000001
3796,0.7419757206545943,81.37903070042661,0.5513100000000001
3806,0.7612478172949734,83.221574791757,0.5513100000000001
3816,0.7708838656151629,85.67830024686424,0.56304
3826,0.7949739864156367,85.67830024686424,0.5454450000000001
3836,0.8094280588959211,86.90666297441784,0.5454450000000001
3847,0.8287001555363,88.13502570197146,0.5454450000000001
3857,0.8431542280165842,88.74920706574827,0.38122500000000004
3867,0.8576083004968688,84.44993751931062,0.146625
3877,0.8672443488170583,75.23721706265856,-0.02346
3887,0.8720623729771529,63.56777115089927,-0.146625
3897,0.8720623729771529,49.44159978403276,-0.23460000000000003
3907,0.8720623729771529,36.543791144719876,-0.299115
3917,0.8720623729771529,24.26016386918378,-0.35190000000000005
3928,0.8672443488170583,11.976536593647689,-0.39295500000000005
3938,0.8624263246569635,1.5354534094420114,-0.41641500000000004
3948,0.8576083004968688,-6.448904319656448,-0.439875
3958,0.852790276336774,-11.976536593647689,-0.45747000000000004
3968,0.847972252176679,-16.889987503862123,-0.46920000000000006
3978,0.8431542280165842,-19.34671295896934,-0.475065
3988,0.8383362038564895,-21.803438414076563,-0.475065
3998,0.8287001555363,-23.645982505406977,-0.48679500000000003
4008,0.8287001555363,-24.874345232960582,-0.48679500000000003
4019,0.8238821313762053,-26.716889324290996,-0.48679500000000003
4029,0.8142460830560158,-29.173614779398218,-0.49266000000000004
4038,0.8094280588959211,-30.401977506951823,-0.49266000000000004
4048,0.7997920105757316,-32.85870296205905,-0.49266000000000004
4059,0.7901559622555419,-34.08706568961265,-0.48679500000000003
4069,0.785337938095447,-36.543791144719876,-0.49266000000000004
4079,0.7805199139353524,-38.386335236050286,-0.49266000000000004
4089,0.7708838656151629,-40.843060691157504,-0.49852500000000005
4099,0.7564297931348785,-40.843060691157504,-0.48093
4109,0.746793744814689,-42.685604782487914,-0.46920000000000006
4119,0.7419757206545943,-47.59905569270235,-0.49266000000000004
4129,0.7323396723344047,-48.82741842025597,-0.49266000000000004
4140,0.7227036240142152,-50.05578114780957,-0.49266000000000004
4150,0.7130675756940257,-52.512506602916794,-0.49266000000000004
4160,0.6986135032137413,-54.355050694247204,-0.49266000000000004
4169,0.6889774548935518,-55.58341342180081,-0.49266000000000004
4179,0.6745233824132675,-56.81177614935442,-0.48679500000000003
4190,0.6600693099329832,-59.26850160446163,-0.49852500000000005
4200,0.6504332616127936,-61.11104569579205,-0.49852500000000005
4210,0.6407972132926041,-61.72522705956886,-0.49852500000000005
4220,0.6263431408123198,-63.56777115089927,-0.49852500000000005
4231,0.6118890683320355,-64.18195251467608,-0.49852500000000005
4240,0.6022530200118459,-66.0244966060065,-0.49852500000000005
4250,0.5829809233714669,-64.18195251467608,-0.46920000000000006
4260,0.5733448750512773,-67.8670406973369,-0.49852500000000005
4271,0.5588908025709931,-68.4812220611137,-0.48679500000000003
4281,0.5492547542508035,-70.32376615244412,-0.50439
4291,0.5348006817705192,-71.55212887999772,-0.49266000000000004
4301,0.5155285851301401,-72.16631024377453,-0.49852500000000005
4312,0.5058925368099506,-72.78049160755134,-0.49852500000000005
4321,0.4914384643296663,-75.23721706265856,-0.49266000000000004
4331,0.4721663676892872,-75.23721706265856,-0.49852500000000005
4341,0.4625303193690977,-75.85139842643535,-0.49852500000000005
4352,0.44807624688881337,-76.46557979021216,-0.49852500000000005
4362,0.4336221744085291,-77.69394251776578,-0.32844
4372,0.4191681019282448,-75.23721706265856,-0.12316500000000001
4382,0.4191681019282448,-62.95358978712247,0.07624500000000001
4391,0.41435007776815,-51.28414387536318,0.19354500000000002
4402,0.4191681019282448,-39.614697963603895,0.287385
4412,0.4191681019282448,-29.173614779398218,0.357765
4422,0.4191681019282448,-17.504168867638928,0.404685
4432,0.4288041502484344,-5.834722955879643,0.42814500000000005
4443,0.4288041502484344,-0.9212720456652067,0.45747000000000004
4453,0.4336221744085291,8.291448410986861,0.49266000000000004
4462,0.44807624688881337,11.976536593647689,0.49266000000000004
4472,0.44807624688881337,17.504168867638928,0.48679500000000003
4483,0.457712295209003,23.645982505406977,0.521985
4493,0.4625303193690977,27.3310706880678,0.52785
4503,0.4721663676892872,29.78779614317502,0.533715
4513,0.4818024160094768,29.78779614317502,0.51612
4523,0.48662044016957157,35.31542841716626,0.5513100000000001
4533,0.49625648848976106,36.543791144719876,0.5395800000000001
4543,0.5107105609700454,39.00051659982709,0.5395800000000001
4553,0.5155285851301401,41.457242054934305,0.5454450000000001
4563,0.5251646334503296,45.14233023759514,0.5571750000000001
4574,0.5348006817705192,45.75651160137193,0.5395800000000001
4584,0.5492547542508035,48.21323705647916,0.5454450000000001
4593,0.5540727784108983,50.05578114780957,0.5454450000000001
4603,0.5733448750512773,52.512506602916794,0.5454450000000001
4614,0.5829809233714669,54.355050694247204,0.5454450000000001
4624,0.5926169716916564,56.19759478557762,0.5454450000000001
4634,0.6070710441719408,57.42595751313123,0.5454450000000001
4644,0.621525116652225,56.19759478557762,0.521985
4655,0.6263431408123198,62.33940842334566,0.56304
4664,0.6504332616127936,60.49686433201524,0.52785
4674,0.6600693099329832,64.79613387845288,0.5513100000000001
4684,0.6745233824132675,64.79613387845288,0.5454450000000001
4695,0.6889774548935518,66.6386779697833,0.5454450000000001
4705,0.7034315273738361,68.4812220611137,0.5454450000000001
4715,0.7178855998541204,67.8670406973369,0.52785
4724,0.7323396723344047,70.93794751622093,0.5454450000000001
4734,0.746793744814689,72.16631024377453,0.5395800000000001
4745,0.7660658414550681,74.62303569888176,0.5454450000000001
4755,0.7805199139353524,75.85139842643535,0.5454450000000001
4765,0.7901559622555419,76.46557979021216,0.5454450000000001
4775,0.8094280588959211,78.92230524531938,0.5454450000000001
4786,0.8287001555363,81.37903070042661,0.5454450000000001
4795,0.852790276336774,82.60739342798021,0.52785
4805,0.8576083004968688,85.67830024686424,0.57477
4815,0.8816984212973424,83.221574791757,0.5395800000000001
4826,0.9009705179377216,87.52084433819465,0.5513100000000001
4836,0.915424590418006,86.29248161064103,0.5395800000000001
4846,0.9346966870583849,87.52084433819465,0.5454450000000001
4856,0.9491507595386691,88.74920706574827,0.5395800000000001
4867,0.9636048320189536,89.36338842952506,0.369495
4876,0.9732408803391431,82.60739342798021,0.12903
4886,0.9876949528194273,74.00885433510496,-0.029325000000000004
4896,0.9925129769795221,61.72522705956886,-0.146625
4907,0.9925129769795221,48.82741842025597,-0.23460000000000003
4917,0.9925129769795221,32.24452159828224,-0.334305
4927,0.9925129769795221,21.803438414076563,-0.35190000000000005
4937,0.9876949528194273,10.133992502317275,-0.39882
4946,0.9828769286593326,0.3070906818884023,-0.42228000000000004
4957,0.9780589044992378,-7.063085683433252,-0.44574
4967,0.9684228561790483,-12.590717957424493,-0.45747000000000004
4977,0.9684228561790483,-17.504168867638928,-0.475065
4987,0.9636048320189536,-19.96089432274615,-0.475065
4998,0.9587868078588588,-21.803438414076563,-0.475065
5008,0.9539687836987641,-23.645982505406977,-0.48679500000000003
5018,0.9491507595386691,-26.102707960514195,-0.49852500000000005
5027,0.9395147112184796,-29.78779614317502,-0.51612
5038,0.9346966870583849,-31.016158870728628,-0.51612
5048,0.9298786628982901,-32.85870296205905,-0.51612
5058,0.9250606387381954,-31.630340234505436,-0.49852500000000005
5068,0.9202426145781006,-34.08706568961265,-0.49852500000000005
5079,0.9106065662579111,-35.31542841716626,-0.49852500000000005
5088,0.9009705179377216,-38.386335236050286,-0.49852500000000005
5098,0.8865164454574372,-40.228879327380696,-0.51612
5108,0.8865164454574372,-40.228879327380696,-0.49852500000000005
5118,0.8816984212973424,-42.685604782487914,-0.49852500000000005
5129,0.8672443488170583,-43.29978614626472,-0.49266000000000004
5139,0.8576083004968688,-45.14233023759514,-0.49266000000000004
5149,0.852790276336774,-45.75651160137193,-0.48093
5159,0.8383362038564895,-49.44159978403276,-0.49852500000000005
5169,0.8335181796963947,-51.28414387536318,-0.49852500000000005
5179,0.8190641072161106,-52.512506602916794,-0.49852500000000005
5189,0.8046100347358263,-53.740869330470396,-0.49266000000000004
5199,0.7949739864156367,-54.969232058024005,-0.49266000000000004
5210,0.7805199139353524,-58.04013887690803,-0.49852500000000005
5220,0.7708838656151629,-58.65432024068484,-0.49852500000000005
5230,0.7612478172949734,-59.26850160446163,-0.49266000000000004
5239,0.746793744814689,-61.11104569579205,-0.49852500000000005
5250,0.7371576964944995,-62.95358978712247,-0.50439
5260,0.7227036240142152,-62.95358978712247,-0.49266000000000004
5270,0.7130675756940257,-65.41031524222969,-0.49852500000000005
5280,0.6986135032137413,-66.6386779697833,-0.49852500000000005
5291,0.6841594307334571,-69.0954034248905,-0.51612
5301,0.6697053582531727,-68.4812220611137,-0.49266000000000004
5310,0.6552512857728885,-70.32376615244412,-0.49852500000000005
5320,0.6504332616127936,-70.32376615244412,-0.49266000000000004
5330,0.6311611649724146,-71.55212887999772,-0.50439
5341,0.6167070924921303,-72.16631024377453,-0.49852500000000005
5351,0.6022530200118459,-72.78049160755134,-0.49852500000000005
5361,0.5829809233714669,-74.62303569888176,-0.50439
5371,0.5733448750512773,-74.00885433510496,-0.322575
5381,0.5588908025709931,-69.70958478866731,-0.08797500000000001
5391,0.5588908025709931,-60.49686433201524,0.08211
5401,0.5637088267310878,-48.82741842025597,0.19941
5411,0.5540727784108983,-37.77215387227348,0.287385
5422,0.5588908025709931,-26.716889324290996,0.36363
5432,0.5588908025709931,-14.433262048754909,0.41055
5441,0.5685268508911826,-4.606360228326034,0.44574
5451,0.5733448750512773,3.377997500772425,0.475065
5462,0.5781628992113721,10.133992502317275,0.49266000000000004
5472,0.5829809233714669,15.04744341253171,0.510255
5482,0.5877989475315617,18.118350231415736,0.521985
5492,0.5926169716916564,20.575075686522954,0.52785
5502,0.5974349958517512,23.03180114163017,0.533715
5512,0.6070710441719408,24.26016386918378,0.5395800000000001
5522,0.6118890683320355,26.716889324290996,0.5395800000000001
5532,0.621525116652225,28.559433415621413,0.5454450000000001
5542,0.6263431408123198,32.24452159828224,0.5513100000000001
5553,0.6359791891325094,34.08706568961265,0.5454450000000001
5563,0.6456152374526989,37.15797250849668,0.5454450000000001
5573,0.6552512857728885,39.00051659982709,0.5454450000000001
5582,0.664887334093078,40.843060691157504,0.5454450000000001
5594,0.6793414065733622,43.91396751004152,0.5513100000000001
5603,0.6841594307334571,45.14233023759514,0.5454450000000001
5613,0.6937954790536466,48.21323705647916,0.5513100000000001
5623,0.7082495515339309,47.59905569270235,0.521985
5634,0.7178855998541204,51.28414387536318,0.5513100000000001
5644,0.7323396723344047,53.740869330470396,0.5454450000000001
5653,0.746793744814689,55.58341342180081,0.5454450000000001
5663,0.7516117689747838,58.04013887690803,0.5513100000000001
5673,0.7660658414550681,59.88268296823844,0.5513100000000001
5684,0.785337938095447,61.72522705956886,0.5454450000000001
5694,0.7949739864156367,64.18195251467608,0.5454450000000001
5704,0.8094280588959211,66.0244966060065,0.5513100000000001
5714,0.8238821313762053,67.8670406973369,0.5454450000000001
5725,0.8383362038564895,69.0954034248905,0.5454450000000001
5735,0.852790276336774,71.55212887999772,0.5454450000000001
5744,0.8672443488170583,72.78049160755134,0.5454450000000001
5754,0.8865164454574372,74.00885433510496,0.5454450000000001
5765,0.9009705179377216,75.85139842643535,0.5454450000000001
5775,0.915424590418006,77.69394251776578,0.5513100000000001
5785,0.9298786628982901,78.92230524531938,0.5454450000000001
5795,0.9443327353785744,82.60739342798021,0.56304
5806,0.9636048320189536,81.99321206420342,0.5454450000000001
5816,0.9828769286593326,83.221574791757,0.5513100000000001
5825,0.9973310011396168,83.83575615553382,0.5395800000000001
5835,1.016603097779996,85.67830024686424,0.5395800000000001
5846,1.035875194420375,87.52084433819465,0.5454450000000001
5856,1.0551472910607542,89.36338842952506,0.5454450000000001
5866,1.0696013635410384,90.59175115707866,0.5454450000000001
5876,1.0888734601814174,91.82011388463228,0.369495
5886,1.098509508501607,85.67830024686424,0.14076
5896,1.1129635809818914,77.07976115398897,-0.029325000000000004
5906,1.1129635809818914,63.56777115089927,-0.146625
5916,1.1177816051419862,50.05578114780957,-0.23460000000000003
5926,1.1129635809818914,37.15797250849668,-0.299115
5937,1.1129635809818914,24.874345232960582,-0.34603500000000004
5947,1.1081455568217966,11.362355229870884,-0.39295500000000005
5957,1.1033275326617018,1.5354534094420114,-0.42228000000000004
5967,1.098509508501607,-7.063085683433252,-0.43401
5977,1.0936914843415122,-13.204899321201298,-0.45747000000000004
5987,1.0840554360213228,-16.275806140085322,-0.439875
5997,1.0840554360213228,-21.803438414076563,-0.475065
6007,1.0744193877011332,-24.874345232960582,-0.48093
6018,1.0696013635410384,-27.3310706880678,-0.48093
6028,1.0647833393809438,-30.401977506951823,-0.49266000000000004
6038,1.059965315220849,-31.630340234505436,-0.49852500000000005
6048,1.0503292669006592,-33.47288432583584,-0.49266000000000004
6057,1.0455112427405646,-35.92960978094307,-0.49266000000000004
6068,1.0310571702602802,-37.15797250849668,-0.49266000000000004
6078,1.0214211219400908,-39.614697963603895,-0.49266000000000004
6088,1.016603097779996,-42.07142341871111,-0.49266000000000004
6098,1.0069670494598066,-43.29978614626472,-0.49266000000000004
6109,0.9973310011396168,-45.75651160137193,-0.49266000000000004
6119,0.9876949528194273,-46.98487432892555,-0.48679500000000003
6128,0.9780589044992378,-49.44159978403276,-0.49852500000000005
6138,0.9684228561790483,-51.28414387536318,-0.49266000000000004
6149,0.9587868078588588,-52.512506602916794,-0.49266000000000004
6159,0.9491507595386691,-54.969232058024005,-0.49852500000000005
6169,0.9395147112184796,-56.81177614935442,-0.49266000000000004
6179,0.9250606387381954,-58.04013887690803,-0.49266000000000004
6190,0.9106065662579111,-59.26850160446163,-0.48679500000000003
6199,0.9009705179377216,-62.33940842334566,-0.49266000000000004
6209,0.8865164454574372,-62.33940842334566,-0.48679500000000003
6219,0.8768803971372477,-64.18195251467608,-0.49266000000000004
6230,0.8624263246569635,-66.0244966060065,-0.50439
6240,0.847972252176679,-67.2528593335601,-0.49852500000000005
6250,0.8383362038564895,-68.4812220611137,-0.49266000000000004
6259,0.8238821313762053,-69.70958478866731,-0.49266000000000004
6269,0.8094280588959211,-70.93794751622093,-0.49852500000000005
6280,0.7949739864156367,-72.16631024377453,-0.49266000000000004
6290,0.7805199139353524,-74.00885433510496,-0.49852500000000005
6300,0.7660658414550681,-74.00885433510496,-0.49852500000000005
6310,0.7516117689747838,-75.85139842643535,-0.49852500000000005
6321,0.7323396723344047,-77.07976115398897,-0.49852500000000005
6330,0.7227036240142152,-77.69394251776578,-0.49852500000000005
6340,0.7034315273738361,-78.30812388154258,-0.49852500000000005
6350,0.6889774548935518,-78.92230524531938,-0.49852500000000005
6361,0.6745233824132675,-80.7648493366498,-0.50439
6371,0.6600693099329832,-80.7648493366498,-0.49852500000000005
6381,0.6456152374526989,-80.7648493366498,-0.30498000000000003
6390,0.6311611649724146,-73.39467297132815,-0.064515
6401,0.6311611649724146,-66.6386779697833,0.08211
6411,0.6311611649724146,-54.355050694247204,0.205275
6421,0.6263431408123198,-42.07142341871111,0.29325
6431,0.6311611649724146,-29.78779614317502,0.357765
6441,0.6359791891325094,-17.504168867638928,0.41055
6452,0.6359791891325094,-6.448904319656448,0.45160500000000003
6462,0.6407972132926041,1.5354534094420114,0.48093
6471,0.6504332616127936,7.677267047210057,0.49266000000000004
6481,0.6504332616127936,12.590717957424493,0.510255
6492,0.6552512857728885,16.275806140085322,0.51612
6502,0.664887334093078,19.96089432274615,0.533715
6512,0.6697053582531727,22.417619777853368,0.533715
6522,0.6745233824132675,26.716889324290996,0.5454450000000001
6533,0.6889774548935518,29.173614779398218,0.533715
6543,0.6937954790536466,32.24452159828224,0.5454450000000001
6552,0.7034315273738361,34.70124705338946,0.5395800000000001
6562,0.7082495515339309,37.77215387227348,0.5395800000000001
6573,0.7227036240142152,40.228879327380696,0.5395800000000001
6584,0.7323396723344047,42.685604782487914,0.5454450000000001
6593,0.7419757206545943,45.14233023759514,0.5454450000000001
6603,0.7516117689747838,46.98487432892555,0.5513100000000001
6614,0.7612478172949734,50.66996251158638,0.5513100000000001
6624,0.7708838656151629,50.66996251158638,0.533715
6634,0.785337938095447,53.740869330470396,0.5454450000000001
6643,0.7997920105757316,56.19759478557762,0.5454450000000001
6653,0.8142460830560158,57.42595751313123,0.5395800000000001
6664,0.8287001555363,59.26850160446163,0.5395800000000001
6674,0.8335181796963947,62.33940842334566,0.5513100000000001
6684,0.852790276336774,63.56777115089927,0.5454450000000001
6694,0.8672443488170583,64.79613387845288,0.5454450000000001
6704,0.8816984212973424,67.2528593335601,0.5454450000000001
6714,0.8961524937776267,69.0954034248905,0.5454450000000001
6724,0.9106065662579111,70.32376615244412,0.5454450000000001
6734,0.9250606387381954,72.78049160755134,0.5454450000000001
6745,0.9443327353785744,74.62303569888176,0.5454450000000001
6755,0.9539687836987641,77.07976115398897,0.5513100000000001
6765,0.9732408803391431,79.53648660909619,0.533715
6775,0.9925129769795221,79.53648660909619,0.5513100000000001
6785,1.0069670494598066,81.37903070042661,0.5454450000000001
6795,1.0214211219400908,81.99321206420342,0.5454450000000001
6805,1.0406932185804698,83.83575615553382,0.5454450000000001
6815,1.0503292669006592,86.29248161064103,0.56304
6825,1.0744193877011332,86.29248161064103,0.5395800000000001
6836,1.0888734601814174,88.13502570197146,0.5454450000000001
6846,1.1081455568217966,88.13502570197146,0.52785
6855,1.1274176534621756,91.82011388463228,0.5395800000000001
6865,1.1466897501025546,93.66265797596269,0.5571750000000001
6876,1.1659618467429338,94.2768393397395,0.5454450000000001
6886,1.1804159192232182,94.2768393397395,0.369495
6896,1.1948699917035024,88.13502570197146,0.11730000000000002
6906,1.2093240641837868,78.92230524531938,-0.03519
6917,1.2141420883438816,67.2528593335601,-0.146625
6927,1.2141420883438816,53.12668796669359,-0.240465
6936,1.2141420883438816,40.228879327380696,-0.30498000000000003
6946,1.2141420883438816,29.173614779398218,-0.35190000000000005
6957,1.2141420883438816,16.889987503862123,-0.39295500000000005
6967,1.2045060400236918,5.834722955879643,-0.42814500000000005
6977,1.1996880158635972,-1.5354534094420114,-0.43401
6987,1.1996880158635972,-8.291448410986861,-0.45160500000000003
6998,1.1948699917035024,-14.433262048754909,-0.46920000000000006
7007,1.1900519675434076,-19.96089432274615,-0.49266000000000004
7017,1.1804159192232182,-22.417619777853368,-0.475065
7027,1.1755978950631234,-25.48852659673739,-0.48679500000000003
7037,1.1755978950631234,-28.559433415621413,-0.49266000000000004
7048,1.1611438225828392,-30.401977506951823,-0.49266000000000004
7058,1.1563257984227442,-34.08706568961265,-0.49852500000000005
7068,1.1466897501025546,-35.31542841716626,-0.49852500000000005
7078,1.1370537017823652,-39.00051659982709,-0.510255
7088,1.1322356776222704,-39.614697963603895,-0.49852500000000005
7098,1.122599629302081,-41.457242054934305,-0.49852500000000005
7108,1.1129635809818914,-42.685604782487914,-0.48679500000000003
7118,1.098509508501607,-45.14233023759514,-0.48679500000000003
7129,1.0936914843415122,-47.59905569270235,-0.49266000000000004
7139,1.0840554360213228,-48.82741842025597,-0.48093
7149,1.0744193877011332,-51.898325239139986,-0.49266000000000004
7158,1.0647833393809438,-53.12668796669359,-0.49852500000000005
7169,1.0551472910607542,-55.58341342180081,-0.49852500000000005
7179,1.0406932185804698,-54.969232058024005,-0.48093
7189,1.0262391461001856,-58.65432024068484,-0.49852500000000005
7199,1.016603097779996,-59.88268296823844,-0.49852500000000005
7209,1.0069670494598066,-61.72522705956886,-0.50439
7220,0.9973310011396168,-62.33940842334566,-0.50439
7229,0.9780589044992378,-64.18195251467608,-0.49852500000000005
7239,0.9684228561790483,-64.79613387845288,-0.49852500000000005
7249,0.9587868078588588,-66.6386779697833,-0.49852500000000005
7260,0.9443327353785744,-67.2528593335601,-0.49852500000000005
7270,0.9298786628982901,-67.8670406973369,-0.510255
7280,0.915424590418006,-69.0954034248905,-0.49266000000000004
7289,0.9009705179377216,-71.55212887999772,-0.49852500000000005
7300,0.8913344696175319,-70.93794751622093,-0.48679500000000003
7310,0.8720623729771529,-72.16631024377453,-0.48679500000000003
7320,0.8576083004968688,-74.62303569888176,-0.49852500000000005
7330,0.8431542280165842,-74.62303569888176,-0.49266000000000004
7341,0.8335181796963947,-75.85139842643535,-0.49852500000000005
7350,0.8142460830560158,-77.07976115398897,-0.49852500000000005
7360,0.7997920105757316,-78.92230524531938,-0.49852500000000005
7370,0.785337938095447,-79.53648660909619,-0.49852500000000005
7380,0.7708838656151629,-80.150667972873,-0.49266000000000004
7391,0.7564297931348785,-80.150667972873,-0.322575
7401,0.7419757206545943,-75.23721706265856,-0.09384
7411,0.7371576964944995,-66.6386779697833,0.08211
7420,0.7323396723344047,-54.355050694247204,0.19941
7431,0.7275216481743099,-42.685604782487914,0.287385
7441,0.7323396723344047,-29.78779614317502,0.369495
7451,0.7419757206545943,-16.889987503862123,0.41055
7461,0.7419757206545943,-7.677267047210057,0.43401
7472,0.746793744814689,2.149634773218816,0.475065
7482,0.7564297931348785,9.51981113854047,0.49266000000000004
7491,0.7564297931348785,14.433262048754909,0.50439
7501,0.7612478172949734,18.732531595192537,0.521985
7512,0.7708838656151629,21.803438414076563,0.533715
7522,0.7805199139353524,24.874345232960582,0.533715
7532,0.785337938095447,27.3310706880678,0.5395800000000001
7542,0.7901559622555419,30.401977506951823,0.5395800000000001
7553,0.7997920105757316,34.08706568961265,0.5513100000000001
7563,0.8094280588959211,35.92960978094307,0.5395800000000001
7572,0.8238821313762053,38.386335236050286,0.5454450000000001
7582,0.8335181796963947,40.843060691157504,0.5454450000000001
7592,0.8383362038564895,43.29978614626472,0.5454450000000001
7603,0.847972252176679,45.14233023759514,0.5454450000000001
7613,0.8624263246569635,47.59905569270235,0.5454450000000001
7623,0.8768803971372477,51.28414387536318,0.56304
7633,0.8816984212973424,52.512506602916794,0.5571750000000001
7644,0.8961524937776267,53.740869330470396,0.5454450000000001
7653,0.9106065662579111,55.58341342180081,0.5454450000000001
7663,0.9202426145781006,57.42595751313123,0.5513100000000001
7673,0.9298786628982901,59.88268296823844,0.5571750000000001
7684,0.9491507595386691,61.11104569579205,0.5513100000000001
7694,0.9587868078588588,62.95358978712247,0.5454450000000001
7704,0.9732408803391431,64.79613387845288,0.5454450000000001
7714,0.9876949528194273,66.6386779697833,0.5513100000000001
7724,1.0021490252997118,68.4812220611137,0.5454450000000001
7734,1.0117850736199012,70.93794751622093,0.5513100000000001
7744,1.0262391461001856,71.55212887999772,0.5513100000000001
7754,1.0455112427405646,73.39467297132815,0.5454450000000001
7764,1.059965315220849,75.23721706265856,0.5454450000000001
7775,1.0744193877011332,77.07976115398897,0.5571750000000001
7785,1.0936914843415122,78.30812388154258,0.5513100000000001
7794,1.1081455568217966,79.53648660909619,0.5513100000000001
7804,1.1274176534621756,81.37903070042661,0.5454450000000001
7815,1.14187172594246,83.221574791757,0.5454450000000001
7825,1.1611438225828392,85.67830024686424,0.5571750000000001
7835,1.1804159192232182,86.29248161064103,0.5454450000000001
7845,1.1900519675434076,88.74920706574827,0.5571750000000001
7856,1.2093240641837868,89.36338842952506,0.5571750000000001
7866,1.2285961608241658,90.59175115707866,0.5513100000000001
7875,1.2478682574645448,91.20593252085547,0.5513100000000001
7885,1.2623223299448292,93.0484766121859,0.5571750000000001
7896,1.2815944265852082,93.0484766121859,0.36363
7906,1.2960484990654926,87.52084433819465,0.13489500000000001
7916,1.305684547385682,77.07976115398897,-0.029325000000000004
7926,1.305684547385682,64.18195251467608,-0.146625
7937,1.3153205957058718,48.82741842025597,-0.23460000000000003
7947,1.310502571545777,37.15797250849668,-0.31084500000000004
7956,1.310502571545777,26.102707960514195,-0.357765
7966,1.310502571545777,15.04744341253171,-0.39882
7976,1.3008665232255872,4.606360228326034,-0.42814500000000005
7987,1.3008665232255872,-2.149634773218816,-0.439875
7997,1.2960484990654926,-8.905629774763666,-0.45160500000000003
8007,1.286412450745303,-13.819080684978102,-0.46920000000000006
8017,1.2815944265852082,-17.504168867638928,-0.46333500000000005
8027,1.2767764024251136,-22.417619777853368,-0.48093
8037,1.2623223299448292,-23.645982505406977,-0.45747000000000004
8047,1.267140354104924,-29.78779614317502,-0.49266000000000004
8057,1.2575043057847344,-30.401977506951823,-0.49266000000000004
8068,1.2526862816246396,-32.85870296205905,-0.49266000000000004
8078,1.2382322091443554,-34.08706568961265,-0.49266000000000004
8087,1.2382322091443554,-35.92960978094307,-0.48679500000000003
8097,1.2285961608241658,-38.386335236050286,-0.49266000000000004
8108,1.223778136664071,-39.614697963603895,-0.49266000000000004
8118,1.2093240641837868,-41.457242054934305,-0.48679500000000003
8128,1.2045060400236918,-43.91396751004152,-0.49266000000000004
8142,1.1900519675434076,-46.37069296514874,-0.49266000000000004
8153,1.1804159192232182,-47.59905569270235,-0.48679500000000003
8163,1.1755978950631234,-48.82741842025597,-0.475065
8173,1.1611438225828392,-51.898325239139986,-0.49266000000000004
8182,1.1515077742626494,-53.740869330470396,-0.49266000000000004
8193,1.14187172594246,-55.58341342180081,-0.49266000000000004
8203,1.1274176534621756,-57.42595751313123,-0.49852500000000005
8213,1.1177816051419862,-58.65432024068484,-0.49852500000000005
8223,1.098509508501607,-59.88268296823844,-0.49266000000000004
8233,1.0888734601814174,-61.11104569579205,-0.49266000000000004
8244,1.079237411861228,-62.33940842334566,-0.49266000000000004
8253,1.0647833393809438,-63.56777115089927,-0.48679500000000003
8263,1.0551472910607542,-64.79613387845288,-0.49266000000000004
8273,1.0406932185804698,-65.41031524222969,-0.475065
8284,1.0262391461001856,-67.8670406973369,-0.49852500000000005
8294,1.016603097779996,-69.0954034248905,-0.49266000000000004
8304,1.0021490252997118,-67.8670406973369,-0.46920000000000006
8313,0.9876949528194273,-70.93794751622093,-0.49852500000000005
8324,0.9732408803391431,-72.16631024377453,-0.49266000000000004
8334,0.9587868078588588,-72.78049160755134,-0.49266000000000004
8344,0.9443327353785744,-76.46557979021216,-0.51612
8354,0.9298786628982901,-75.85139842643535,-0.49852500000000005
8365,0.915424590418006,-77.07976115398897,-0.49266000000000004
8374,0.9009705179377216,-78.30812388154258,-0.49852500000000005
8384,0.8865164454574372,-78.30812388154258,-0.49266000000000004
8394,0.8720623729771529,-80.150667972873,-0.49852500000000005
8404,0.8576083004968688,-80.150667972873,-0.30498000000000003
8415,0.847972252176679,-75.85139842643535,-0.08211
8425,0.8431542280165842,-66.6386779697833,0.08211
8434,0.8431542280165842,-53.740869330470396,0.205275
8444,0.8383362038564895,-41.457242054934305,0.29325
8455,0.8383362038564895,-29.173614779398218,0.36363
8465,0.8383362038564895,-16.275806140085322,0.41641500000000004
8475,0.847972252176679,-8.905629774763666,0.44574
8485,0.852790276336774,0.9212720456652067,0.475065
8496,0.8576083004968688,6.448904319656448,0.49266000000000004
8505,0.8624263246569635,13.204899321201298,0.51612
8515,0.8720623729771529,17.504168867638928,0.521985
8525,0.8768803971372477,20.575075686522954,0.521985
8536,0.8816984212973424,24.874345232960582,0.5395800000000001
8546,0.8913344696175319,26.102707960514195,0.5395800000000001
8556,0.8913344696175319,29.173614779398218,0.5395800000000001
8566,0.9106065662579111,31.016158870728628,0.5395800000000001
8577,0.9106065662579111,32.85870296205905,0.5454450000000001
8586,0.9202426145781006,35.31542841716626,0.5395800000000001
8596,0.9346966870583849,39.614697963603895,0.568905
8606,0.9395147112184796,40.228879327380696,0.5454450000000001
8616,0.9443327353785744,45.14233023759514,0.568905
8627,0.9587868078588588,43.91396751004152,0.5454450000000001
8637,0.9684228561790483,43.29978614626472,0.521985
8647,0.9732408803391431,48.21323705647916,0.5513100000000001
8656,0.9876949528194273,49.44159978403276,0.5513100000000001
8667,1.0069670494598066,51.898325239139986,0.533715
8677,1.0117850736199012,53.12668796669359,0.5454450000000001
8687,1.0214211219400908,54.969232058024005,0.5454450000000001
8697,1.035875194420375,56.19759478557762,0.5454450000000001
8708,1.0455112427405646,56.19759478557762,0.52785
8718,1.059965315220849,60.49686433201524,0.5454450000000001
8728,1.0744193877011332,62.33940842334566,0.5454450000000001
8737,1.079237411861228,64.18195251467608,0.5513100000000001
8748,1.098509508501607,66.0244966060065,0.5454450000000001
8758,1.1129635809818914,69.0954034248905,0.5513100000000001
8768,1.1322356776222704,69.70958478866731,0.5454450000000001
8778,1.14187172594246,72.78049160755134,0.5571750000000001
8788,1.1563257984227442,72.78049160755134,0.5513100000000001
8798,1.1804159192232182,75.23721706265856,0.5454450000000001
8808,1.1900519675434076,77.07976115398897,0.5454450000000001
8818,1.2045060400236918,78.92230524531938,0.5571750000000001
8828,1.2285961608241658,78.92230524531938,0.5395800000000001
8839,1.24305023330445,81.37903070042661,0.5395800000000001
8849,1.2575043057847344,82.60739342798021,0.5454450000000001
8859,1.267140354104924,85.06411888308743,0.5571750000000001
8868,1.2912304749053978,86.29248161064103,0.5454450000000001
8879,1.310502571545777,87.52084433819465,0.5454450000000001
8889,1.329774668186156,89.97756979330187,0.5454450000000001
8899,1.3442287406664402,90.59175115707866,0.5454450000000001
8909,1.3635008373068194,88.74920706574827,0.35190000000000005
8920,1.373136885627009,86.29248161064103,0.146625
8930,1.3875909581072932,77.07976115398897,-0.02346
8940,1.392408982267388,64.79613387845288,-0.14076
8949,1.3972270064274825,50.66996251158638,-0.240465
8960,1.392408982267388,37.77215387227348,-0.30498000000000003
8970,1.392408982267388,26.716889324290996,-0.357765
8980,1.3827729339471984,12.590717957424493,-0.41641500000000004
8990,1.3827729339471984,5.220541592102839,-0.41641500000000004
9000,1.3779549097871036,-3.9921788645492295,-0.439875
9011,1.3779549097871036,-10.133992502317275,-0.46333500000000005
9020,1.3683188614669142,-14.433262048754909,-0.46920000000000006
9030,1.3683188614669142,-18.118350231415736,-0.48093
9040,1.3586828131467243,-21.803438414076563,-0.48679500000000003
9051,1.3538647889866298,-24.26016386918378,-0.49266000000000004
9061,1.3442287406664402,-26.716889324290996,-0.49266000000000004
9071,1.3442287406664402,-28.559433415621413,-0.49266000000000004
9081,1.3394107165063454,-29.78779614317502,-0.48679500000000003
9091,1.329774668186156,-32.85870296205905,-0.49266000000000004
9101,1.3201386198659664,-34.70124705338946,-0.49266000000000004
9111,1.3153205957058718,-39.00051659982709,-0.521985
9121,1.305684547385682,-38.386335236050286,-0.49266000000000004
9132,1.3008665232255872,-40.843060691157504,-0.50439
9142,1.286412450745303,-43.29978614626472,-0.510255
9152,1.2815944265852082,-43.91396751004152,-0.49266000000000004
9162,1.2719583782650188,-46.37069296514874,-0.49852500000000005
9171,1.2575043057847344,-45.75651160137193,-0.48093
9182,1.2526862816246396,-49.44159978403276,-0.49266000000000004
9192,1.24305023330445,-51.28414387536318,-0.49852500000000005
9202,1.2285961608241658,-52.512506602916794,-0.50439
9212,1.2189601125039764,-54.969232058024005,-0.510255
9223,1.2093240641837868,-55.58341342180081,-0.49266000000000004
9233,1.1996880158635972,-56.81177614935442,-0.49852500000000005
9242,1.1900519675434076,-58.04013887690803,-0.49852500000000005
9252,1.1755978950631234,-60.49686433201524,-0.49266000000000004
9263,1.1659618467429338,-60.49686433201524,-0.48679500000000003
9273,1.1515077742626494,-62.33940842334566,-0.49266000000000004
9283,1.1370537017823652,-64.18195251467608,-0.49266000000000004
9293,1.122599629302081,-64.79613387845288,-0.49266000000000004
9304,1.1129635809818914,-66.6386779697833,-0.50439
9314,1.098509508501607,-67.8670406973369,-0.49852500000000005
9323,1.0840554360213228,-69.70958478866731,-0.50439
9333,1.0696013635410384,-72.16631024377453,-0.521985
9344,1.059965315220849,-73.39467297132815,-0.521985
9354,1.0455112427405646,-71.55212887999772,-0.49852500000000005
9364,1.0310571702602802,-71.55212887999772,-0.48679500000000003
9374,1.0214211219400908,-74.00885433510496,-0.49852500000000005
9384,1.0069670494598066,-74.62303569888176,-0.49852500000000005
9394,0.9876949528194273,-75.85139842643535,-0.49852500000000005
9404,0.9732408803391431,-77.07976115398897,-0.49852500000000005
9414,0.9636048320189536,-77.07976115398897,-0.31671000000000005
9424,0.9539687836987641,-72.78049160755134,-0.08797500000000001
9435,0.9491507595386691,-62.95358978712247,0.08211
9445,0.9443327353785744,-51.898325239139986,0.19941
9455,0.9443327353785744,-40.228879327380696,0.29325
9464,0.9443327353785744,-27.3310706880678,0.36363
9475,0.9443327353785744,-16.275806140085322,0.41641500000000004
9485,0.9491507595386691,-7.063085683433252,0.45160500000000003
9495,0.9539687836987641,-1.5354534094420114,0.46333500000000005
9505,0.9587868078588588,6.448904319656448,0.49266000000000004
9516,0.9587868078588588,11.362355229870884,0.510255
9526,0.9684228561790483,16.275806140085322,0.51612
9535,0.9732408803391431,20.575075686522954,0.533715
9545,0.9876949528194273,26.102707960514195,0.5395800000000001
9555,0.9925129769795221,29.173614779398218,0.533715
9566,0.9973310011396168,33.47288432583584,0.5454450000000001
9576,1.0069670494598066,34.70124705338946,0.533715
9586,1.016603097779996,36.543791144719876,0.5454450000000001
9596,1.0214211219400908,39.614697963603895,0.5571750000000001
9606,1.035875194420375,40.228879327380696,0.5513100000000001
9616,1.0406932185804698,43.29978614626472,0.5454450000000001
9626,1.059965315220849,47.59905569270235,0.5571750000000001
9636,1.0647833393809438,47.59905569270235,0.5454450000000001
9647,1.0744193877011332,49.44159978403276,0.5513100000000001
9657,1.0840554360213228,50.05578114780957,0.5454450000000001
9667,1.0936914843415122,53.12668796669359,0.5571750000000001
9676,1.1129635809818914,54.355050694247204,0.5513100000000001
9687,1.122599629302081,57.42595751313123,0.5513100000000001
9697,1.1322356776222704,59.26850160446163,0.5454450000000001
9707,1.1466897501025546,60.49686433201524,0.5454450000000001
9717,1.1611438225828392,62.95358978712247,0.5513100000000001
9728,1.1755978950631234,64.79613387845288,0.5513100000000001
9738,1.1900519675434076,67.2528593335601,0.5454450000000001
9748,1.2045060400236918,69.70958478866731,0.5571750000000001
9758,1.223778136664071,69.0954034248905,0.533715
9768,1.2334141849842606,72.78049160755134,0.5513100000000001
9778,1.2478682574645448,74.62303569888176,0.5571750000000001
9788,1.2623223299448292,75.85139842643535,0.5454450000000001
9798,1.2767764024251136,77.07976115398897,0.5454450000000001
9808,1.2960484990654926,78.92230524531938,0.5454450000000001
9819,1.310502571545777,81.37903070042661,0.5571750000000001
9829,1.3249566440260612,83.221574791757,0.5571750000000001
9839,1.3442287406664402,83.83575615553382,0.5454450000000001
9848,1.3635008373068194,85.06411888308743,0.5454450000000001
9859,1.3827729339471984,86.90666297441784,0.5454450000000001
9869,1.3972270064274825,88.13502570197146,0.5513100000000001
9879,1.4164991030678618,89.97756979330187,0.5513100000000001
9889,1.4357711997082407,90.59175115707866,0.5454450000000001
9900,1.4550432963486197,93.66265797596269,0.568905
9910,1.4694973688289041,93.0484766121859,0.5395800000000001
9919,1.493587489629378,93.66265797596269,0.38122500000000004
9929,1.5032235379495675,88.74920706574827,0.146625
9939,1.512859586269757,79.53648660909619,-0.017595
9950,1.5224956345899467,67.2528593335601,-0.146625
9960,1.5224956345899467,53.12668796669359,-0.22873500000000002
9970,1.5224956345899467,40.228879327380696,-0.299115
9980,1.5224956345899467,28.559433415621413,-0.35190000000000005
9991,1.517677610429852,15.661624776308516,-0.38709000000000005
10000,1.512859586269757,4.606360228326034,-0.41641500000000004
10010,1.5032235379495675,-3.9921788645492295,-0.439875
10020,1.4984055137894727,-10.74817386609408,-0.45160500000000003
10031,1.493587489629378,-16.889987503862123,-0.46333500000000005
10041,1.4887694654692833,-19.34671295896934,-0.45747000000000004
10051,1.4839514413091885,-24.874345232960582,-0.48093
10061,1.474315392988999,-27.3310706880678,-0.475065
10072,1.4694973688289041,-30.401977506951823,-0.48679500000000003
10082,1.4598613205087145,-34.08706568961265,-0.50439
10091,1.4550432963486197,-34.70124705338946,-0.49266000000000004
10101,1.4502252721885251,-37.15797250849668,-0.49266000000000004
10112,1.4405892238683355,-39.614697963603895,-0.49266000000000004
10122,1.4309531755481462,-41.457242054934305,-0.48093
10132,1.4261351513880514,-42.685604782487914,-0.49266000000000004
10142,1.4164991030678618,-45.75651160137193,-0.49266000000000004
10151,1.4020450305875773,-47.59905569270235,-0.49852500000000005
10162,1.392408982267388,-48.82741842025597,-0.49266000000000004
10172,1.3827729339471984,-50.66996251158638,-0.49266000000000004
10182,1.373136885627009,-53.12668796669359,-0.49266000000000004
10192,1.3635008373068194,-54.969232058024005,-0.49266000000000004
10203,1.349046764826535,-56.19759478557762,-0.49266000000000004
10213,1.3345926923462508,-57.42595751313123,-0.49266000000000004
10223,1.329774668186156,-59.26850160446163,-0.49852500000000005
10232,1.3153205957058718,-60.49686433201524,-0.49852500000000005
10243,1.310502571545777,-61.72522705956886,-0.49852500000000005
10253,1.2912304749053978,-63.56777115089927,-0.49852500000000005
10263,1.2815944265852082,-64.79613387845288,-0.49266000000000004
10273,1.267140354104924,-66.6386779697833,-0.49266000000000004
10284,1.2526862816246396,-65.41031524222969,-0.48093
10294,1.2382322091443554,-68.4812220611137,-0.49852500000000005
10304,1.223778136664071,-69.0954034248905,-0.48679500000000003
10313,1.2141420883438816,-71.55212887999772,-0.49266000000000004
10323,1.1996880158635972,-72.78049160755134,-0.49852500000000005
10334,1.1804159192232182,-72.78049160755134,-0.48679500000000003
10344,1.1755978950631234,-75.23721706265856,-0.50439
10354,1.1563257984227442,-75.85139842643535,-0.49266000000000004
10364,1.1370537017823652,-76.46557979021216,-0.48093
10374,1.122599629302081,-78.92230524531938,-0.49852500000000005
10384,1.1081455568217966,-78.92230524531938,-0.48679500000000003
10394,1.0888734601814174,-80.150667972873,-0.48679500000000003
10404,1.0744193877011332,-81.37903070042661,-0.48679500000000003
10415,1.0647833393809438,-83.221574791757,-0.49852500000000005
10425,1.0503292669006592,-82.60739342798021,-0.31671000000000005
10435,1.035875194420375,-78.30812388154258,-0.08797500000000001
10445,1.0310571702602802,-69.0954034248905,0.07624500000000001
10455,1.0310571702602802,-56.81177614935442,0.19941
10465,1.0310571702602802,-45.14233023759514,0.287385
10475,1.0262391461001856,-31.630340234505436,0.36363
10485,1.0310571702602802,-18.732531595192537,0.41055
10496,1.035875194420375,-8.905629774763666,0.44574
10506,1.0406932185804698,0.9212720456652067,0.46920000000000006
10515,1.0503292669006592,8.291448410986861,0.49266000000000004
10525,1.0551472910607542,14.433262048754909,0.50439
10535,1.059965315220849,18.732531595192537,0.521985
10546,1.0647833393809438,23.03180114163017,0.52785
10556,1.0744193877011332,26.102707960514195,0.533715
10566,1.079237411861228,29.173614779398218,0.5395800000000001
10576,1.0888734601814174,31.016158870728628,0.52785
10586,1.098509508501607,35.31542841716626,0.5454450000000001
10596,1.1081455568217966,37.15797250849668,0.5395800000000001
10606,1.1177816051419862,37.77215387227348,0.521985
10616,1.1274176534621756,42.685604782487914,0.5454450000000001
10627,1.1370537017823652,46.37069296514874,0.5454450000000001
10637,1.1466897501025546,46.37069296514874,0.5395800000000001
10647,1.1563257984227442,49.44159978403276,0.5513100000000001
10656,1.1707798709030286,51.28414387536318,0.5395800000000001
10667,1.1804159192232182,53.740869330470396,0.5454450000000001
10677,1.1948699917035024,55.58341342180081,0.5454450000000001
10687,1.2093240641837868,57.42595751313123,0.5395800000000001
10697,1.2189601125039764,59.26850160446163,0.5454450000000001
10707,1.2334141849842606,61.72522705956886,0.5454450000000001
10718,1.24305023330445,64.18195251467608,0.5454450000000001
10728,1.2575043057847344,66.6386779697833,0.5454450000000001
10738,1.267140354104924,67.2528593335601,0.5395800000000001
10747,1.2912304749053978,69.70958478866731,0.5454450000000001
10758,1.3008665232255872,71.55212887999772,0.5395800000000001
10768,1.3153205957058718,74.62303569888176,0.5513100000000001
10778,1.3345926923462508,75.85139842643535,0.5454450000000001
10788,1.349046764826535,77.07976115398897,0.5454450000000001
10799,1.3683188614669142,79.53648660909619,0.5454450000000001
10809,1.3827729339471984,80.7648493366498,0.5454450000000001
10818,1.3972270064274825,82.60739342798021,0.5454450000000001
10828,1.4213171272279566,84.44993751931062,0.5395800000000001
10839,1.4309531755481462,86.90666297441784,0.5513100000000001
10849,1.4502252721885251,87.52084433819465,0.5454450000000001
10859,1.4694973688289041,89.97756979330187,0.5454450000000001
10869,1.4839514413091885,89.97756979330187,0.533715
10880,1.5080415621096623,89.97756979330187,0.521985
10889,1.5273136587500415,94.2768393397395,0.5454450000000001
10899,1.5417677312303257,96.73356479484671,0.5571750000000001
10909,1.570675876190894,96.11938343106992,0.5395800000000001
10919,1.5851299486711787,99.19029024995393,0.5513100000000001
10930,1.5995840211514631,96.73356479484671,0.34017000000000003
10940,1.6188561177918421,93.66265797596269,0.14076
10950,1.6284921661120315,83.221574791757,-0.029325000000000004
10959,1.633310190272126,70.32376615244412,-0.15249000000000001
10970,1.6381282144322211,56.81177614935442,-0.240465
10980,1.6381282144322211,42.07142341871111,-0.31671000000000005
10990,1.6381282144322211,29.78779614317502,-0.357765
11000,1.633310190272126,16.275806140085322,-0.39882
11011,1.6284921661120315,5.220541592102839,-0.42228000000000004
11021,1.6236741419519367,-3.377997500772425,-0.44574
11030,1.6188561177918421,-10.74817386609408,-0.475065
11040,1.614038093631747,-14.433262048754909,-0.46920000000000006
11051,1.614038093631747,-18.732531595192537,-0.48679500000000003
11061,1.6092200694716525,-21.189257050299755,-0.48679500000000003
11071,1.5995840211514631,-23.645982505406977,-0.49266000000000004
11081,1.5899479728312733,-26.102707960514195,-0.49266000000000004
11091,1.5851299486711787,-26.102707960514195,-0.48679500000000003
11102,1.5803119245110837,-31.016158870728628,-0.51612
11111,1.5754939003509891,-31.016158870728628,-0.49852500000000005
11121,1.5658578520307995,-31.630340234505436,-0.48679500000000003
11131,1.5658578520307995,-35.92960978094307,-0.50439
11142,1.55622180371061,-37.15797250849668,-0.49852500000000005
11152,1.5465857553904205,-38.386335236050286,-0.49266000000000004
11162,1.5417677312303257,-43.91396751004152,-0.52785
11172,1.5321316829101361,-42.07142341871111,-0.49266000000000004
11182,1.517677610429852,-43.91396751004152,-0.49852500000000005
11192,1.512859586269757,-45.75651160137193,-0.49266000000000004
11202,1.5032235379495675,-48.21323705647916,-0.49266000000000004
11212,1.4887694654692833,-49.44159978403276,-0.49266000000000004
11223,1.4839514413091885,-53.740869330470396,-0.51612
11233,1.4694973688289041,-52.512506602916794,-0.49266000000000004
11243,1.4598613205087145,-54.969232058024005,-0.49852500000000005
11252,1.4502252721885251,-56.81177614935442,-0.49852500000000005
11262,1.4357711997082407,-60.49686433201524,-0.51612
11273,1.4261351513880514,-60.49686433201524,-0.49852500000000005
11283,1.4164991030678618,-61.72522705956886,-0.50439
11293,1.4020450305875773,-61.72522705956886,-0.48679500000000003
11303,1.3875909581072932,-64.18195251467608,-0.50439
11314,1.3779549097871036,-65.41031524222969,-0.49852500000000005
11323,1.3635008373068194,-67.2528593335601,-0.49266000000000004
11333,1.349046764826535,-67.8670406973369,-0.49852500000000005
11343,1.3345926923462508,-69.70958478866731,-0.50439
11354,1.3249566440260612,-70.93794751622093,-0.49852500000000005
11364,1.310502571545777,-72.16631024377453,-0.49266000000000004
11374,1.2960484990654926,-73.39467297132815,-0.49852500000000005
11384,1.2815944265852082,-74.62303569888176,-0.49852500000000005
11395,1.2623223299448292,-75.85139842643535,-0.50439
11404,1.2526862816246396,-76.46557979021216,-0.49266000000000004
11414,1.24305023330445,-76.46557979021216,-0.48679500000000003
11424,1.2189601125039764,-78.30812388154258,-0.49852500000000005
11435,1.2093240641837868,-77.69394251776578,-0.30498000000000003
11445,1.1996880158635972,-72.78049160755134,-0.08211
11455,1.1948699917035024,-64.18195251467608,0.08211
11465,1.1948699917035024,-51.898325239139986,0.205275
11474,1.1900519675434076,-40.228879327380696,0.29325
11485,1.1948699917035024,-28.559433415621413,0.369495
11495,1.1996880158635972,-16.889987503862123,0.41055
11505,1.1996880158635972,-5.834722955879643,0.44574
11515,1.2045060400236918,2.7638161369956205,0.48679500000000003
11526,1.2093240641837868,9.51981113854047,0.49266000000000004
11536,1.2189601125039764,16.889987503862123,0.51612
11545,1.223778136664071,21.189257050299755,0.521985
11555,1.2285961608241658,27.3310706880678,0.5395800000000001
11566,1.2382322091443554,31.016158870728628,0.5395800000000001
11576,1.2478682574645448,33.47288432583584,0.5395800000000001
11586,1.2623223299448292,36.543791144719876,0.5395800000000001
11596,1.267140354104924,39.00051659982709,0.5454450000000001
11606,1.2815944265852082,42.685604782487914,0.5395800000000001
11616,1.286412450745303,45.14233023759514,0.5454450000000001
11626,1.3008665232255872,48.21323705647916,0.5395800000000001
11636,1.310502571545777,50.05578114780957,0.5454450000000001
11646,1.3201386198659664,51.898325239139986,0.5454450000000001
11657,1.3345926923462508,53.740869330470396,0.5454450000000001
11667,1.3442287406664402,56.19759478557762,0.5454450000000001
11677,1.3586828131467243,58.65432024068484,0.5454450000000001
11686,1.373136885627009,61.72522705956886,0.5513100000000001
11697,1.3875909581072932,64.79613387845288,0.568905
11707,1.4020450305875773,64.79613387845288,0.5454450000000001
11717,1.411681078907767,67.2528593335601,0.5454450000000001
11727,1.4309531755481462,72.16631024377453,0.5571750000000001
11738,1.4405892238683355,71.55212887999772,0.5513100000000001
11748,1.4598613205087145,73.39467297132815,0.5513100000000001
11758,1.474315392988999,75.23721706265856,0.5454450000000001
11767,1.4839514413091885,77.07976115398897,0.5513100000000001
11778,1.5032235379495675,80.150667972873,0.5571750000000001
11788,1.5224956345899467,80.150667972873,0.5513100000000001
11798,1.536949707070231,81.99321206420342,0.5454450000000001
11808,1.55622180371061,83.83575615553382,0.5513100000000001
11819,1.5658578520307995,83.83575615553382,0.52785
11828,1.5899479728312733,87.52084433819465,0.5571750000000001
11838,1.6092200694716525,88.13502570197146,0.5513100000000001
11848,1.6236741419519367,90.59175115707866,0.5571750000000001
11858,1.6429462385923157,92.43429524840909,0.5571750000000001
11869,1.662218335232695,93.66265797596269,0.5571750000000001
11879,1.681490431873074,94.8910207035163,0.5513100000000001
11889,1.700762528513453,96.73356479484671,0.5571750000000001
11899,1.724852649313927,97.96192752240033,0.5454450000000001
11909,1.739306721794211,97.96192752240033,0.533715
11919,1.7633968425946849,99.19029024995393,0.5454450000000001
11929,1.7826689392350639,101.03283434128434,0.5395800000000001
11939,1.8019410358754433,102.87537843261477,0.38122500000000004
11950,1.8212131325158223,97.96192752240033,0.146625
11960,1.830849180836012,88.13502570197146,-0.02346
11970,1.8356672049961065,75.23721706265856,-0.14076
11980,1.8356672049961065,59.26850160446163,-0.23460000000000003
11990,1.8356672049961065,46.37069296514874,-0.287385
12000,1.8404852291562013,32.85870296205905,-0.35190000000000005
12010,1.8356672049961065,20.575075686522954,-0.39295500000000005
12020,1.8356672049961065,8.905629774763666,-0.42228000000000004
12030,1.830849180836012,0.3070906818884023,-0.439875
12041,1.8212131325158223,-7.677267047210057,-0.45747000000000004
12051,1.811577084195633,-10.133992502317275,-0.439875
12061,1.811577084195633,-17.504168867638928,-0.475065
12070,1.8067590600355379,-20.575075686522954,-0.48093
12081,1.7971230117153485,-23.645982505406977,-0.475065
12091,1.787486963395159,-26.102707960514195,-0.48679500000000003
12101,1.787486963395159,-27.3310706880678,-0.48093
12111,1.787486963395159,-29.173614779398218,-0.49266000000000004
12122,1.7778509150749693,-30.401977506951823,-0.49266000000000004
12132,1.76821486675478,-32.24452159828224,-0.49266000000000004
12141,1.7633968425946849,-32.85870296205905,-0.49266000000000004
12151,1.7585788184345903,-33.47288432583584,-0.48679500000000003
12162,1.748942770114401,-35.92960978094307,-0.49266000000000004
12172,1.7441247459543059,-39.614697963603895,-0.51612
12182,1.7344886976341165,-38.386335236050286,-0.49266000000000004
12192,1.724852649313927,-40.843060691157504,-0.49266000000000004
12203,1.720034625153832,-41.457242054934305,-0.49266000000000004
12212,1.7103985768336425,-42.685604782487914,-0.49266000000000004
12222,1.700762528513453,-43.91396751004152,-0.49266000000000004
12232,1.6911264801932635,-46.98487432892555,-0.49852500000000005
12242,1.681490431873074,-47.59905569270235,-0.49266000000000004
12253,1.6718543835528845,-50.05578114780957,-0.49852500000000005
12263,1.662218335232695,-51.28414387536318,-0.49852500000000005
12273,1.6525822869125055,-52.512506602916794,-0.49266000000000004
12282,1.6429462385923157,-54.355050694247204,-0.49266000000000004
12293,1.6236741419519367,-54.969232058024005,-0.48679500000000003
12303,1.6188561177918421,-58.04013887690803,-0.49852500000000005
12313,1.6044020453115577,-59.26850160446163,-0.49266000000000004
12323,1.5947659969913681,-61.11104569579205,-0.49266000000000004
12334,1.5803119245110837,-61.72522705956886,-0.48679500000000003
12344,1.5658578520307995,-63.56777115089927,-0.49266000000000004
12353,1.55622180371061,-65.41031524222969,-0.49266000000000004
12363,1.5417677312303257,-66.0244966060065,-0.49266000000000004
12374,1.5321316829101361,-67.8670406973369,-0.49266000000000004
12384,1.517677610429852,-68.4812220611137,-0.49266000000000004
12394,1.5032235379495675,-70.32376615244412,-0.49266000000000004
12404,1.4887694654692833,-71.55212887999772,-0.49852500000000005
12414,1.4791334171490937,-73.39467297132815,-0.49266000000000004
12425,1.4598613205087145,-74.62303569888176,-0.49266000000000004
12434,1.4502252721885251,-75.23721706265856,-0.49266000000000004
12444,1.4357711997082407,-76.46557979021216,-0.31084500000000004
12454,1.4213171272279566,-71.55212887999772,-0.08211
12465,1.4213171272279566,-63.56777115089927,0.08211
12475,1.4164991030678618,-51.898325239139986,0.19941
12485,1.411681078907767,-41.457242054934305,0.27565500000000004
12494,1.4164991030678618,-29.173614779398218,0.36363
12505,1.4164991030678618,-17.504168867638928,0.41055
12515,1.4261351513880514,-7.677267047210057,0.44574
12525,1.4309531755481462,-0.9212720456652067,0.475065
12535,1.4357711997082407,3.377997500772425,0.46333500000000005
12546,1.4357711997082407,10.74817386609408,0.510255
12556,1.4454072480284303,15.661624776308516,0.521985
12565,1.4502252721885251,19.34671295896934,0.52785
12575,1.4550432963486197,22.417619777853368,0.51612
12585,1.4694973688289041,27.94525205184461,0.533715
12596,1.474315392988999,31.630340234505436,0.533715
12606,1.4791334171490937,34.70124705338946,0.5395800000000001
12616,1.4887694654692833,37.15797250849668,0.5454450000000001
12626,1.4984055137894727,39.614697963603895,0.5454450000000001
12636,1.512859586269757,42.07142341871111,0.5395800000000001
12646,1.5224956345899467,45.75651160137193,0.5454450000000001
12656,1.536949707070231,48.21323705647916,0.5454450000000001
12666,1.5417677312303257,50.05578114780957,0.5454450000000001
12677,1.5514037795505151,52.512506602916794,0.5513100000000001
12687,1.5658578520307995,54.355050694247204,0.5454450000000001
12697,1.5803119245110837,57.42595751313123,0.5513100000000001
12707,1.5899479728312733,58.65432024068484,0.533715
12717,1.6044020453115577,61.72522705956886,0.5454450000000001
12727,1.6188561177918421,63.56777115089927,0.5454450000000001
12737,1.6284921661120315,66.0244966060065,0.5571750000000001
12747,1.6429462385923157,68.4812220611137,0.5571750000000001
12758,1.662218335232695,69.0954034248905,0.5454450000000001
12768,1.676672407712979,71.55212887999772,0.5454450000000001
12777,1.6911264801932635,73.39467297132815,0.5454450000000001
12787,1.7103985768336425,75.23721706265856,0.5454450000000001
12797,1.724852649313927,76.46557979021216,0.5454450000000001
12808,1.739306721794211,78.30812388154258,0.5454450000000001
12818,1.7585788184345903,80.150667972873,0.5454450000000001
12828,1.7730328909148745,81.99321206420342,0.5454450000000001
12838,1.787486963395159,85.06411888308743,0.5513100000000001
12848,1.8019410358754433,83.221574791757,0.52785
12858,1.830849180836012,87.52084433819465,0.5513100000000001
12868,1.8453032533162959,86.90666297441784,0.52785
12878,1.8597573257965803,88.74920706574827,0.5395800000000001
12889,1.8838474465970543,91.20593252085547,0.5395800000000001
12899,1.8983015190773382,94.2768393397395,0.5571750000000001
12909,1.9223916398778123,94.8910207035163,0.5454450000000001
12918,1.9416637365181912,96.11938343106992,0.5454450000000001
12929,1.9561178089984756,96.11938343106992,0.533715
12939,1.9802079297989497,98.57610888617712,0.5454450000000001
12949,1.9994800264393287,99.19029024995393,0.36363
12959,2.0139340989196133,93.0484766121859,0.12316500000000001
12969,2.0235701472398024,85.67830024686424,-0.01173
12980,2.033206195559992,71.55212887999772,-0.15249000000000001
12990,2.0380242197200866,57.42595751313123,-0.23460000000000003
12999,2.0380242197200866,43.29978614626472,-0.30498000000000003
13009,2.0380242197200866,31.630340234505436,-0.357765
13020,2.033206195559992,21.189257050299755,-0.39295500000000005
13030,2.028388171399897,9.51981113854047,-0.42228000000000004
13040,2.0235701472398024,0.9212720456652067,-0.44574
13050,2.0235701472398024,-6.448904319656448,-0.475065
13061,2.018752123079708,-10.133992502317275,-0.46920000000000006
13071,2.018752123079708,-13.819080684978102,-0.475065
13080,2.0091160747595183,-16.889987503862123,-0.48679500000000003
13090,2.0042980505994237,-19.34671295896934,-0.48093
13101,1.9994800264393287,-22.417619777853368,-0.49266000000000004
13111,1.989843978119139,-24.26016386918378,-0.48679500000000003
13121,1.9850259539590442,-31.016158870728628,-0.521985
13131,1.9753899056388546,-29.78779614317502,-0.48679500000000003
13142,1.97057188147876,-32.24452159828224,-0.49266000000000004
13152,1.97057188147876,-34.70124705338946,-0.49852500000000005
13161,1.9561178089984756,-38.386335236050286,-0.521985
13171,1.9464817606782863,-38.386335236050286,-0.49852500000000005
13181,1.9416637365181912,-40.228879327380696,-0.49266000000000004
13192,1.9272096640379073,-42.685604782487914,-0.49852500000000005
13202,1.9175736157177177,-46.37069296514874,-0.510255
13212,1.9079375673975283,-48.21323705647916,-0.52785
13222,1.9079375673975283,-47.59905569270235,-0.49852500000000005
13233,1.8983015190773382,-48.82741842025597,-0.50439
13242,1.8838474465970543,-48.82741842025597,-0.49852500000000005
13252,1.8742113982768647,-50.05578114780957,-0.49852500000000005
13262,1.8645753499566753,-50.66996251158638,-0.49852500000000005
13273,1.8549393016364857,-51.898325239139986,-0.49266000000000004
13283,1.8453032533162959,-53.12668796669359,-0.49852500000000005
13292,1.8356672049961065,-54.355050694247204,-0.49852500000000005
13302,1.8212131325158223,-54.969232058024005,-0.49852500000000005
13313,1.811577084195633,-56.81177614935442,-0.49266000000000004
13323,1.7971230117153485,-57.42595751313123,-0.48679500000000003
13333,1.787486963395159,-59.88268296823844,-0.49852500000000005
13343,1.7778509150749693,-59.88268296823844,-0.50439
13353,1.7633968425946849,-65.41031524222969,-0.52785
13364,1.748942770114401,-62.95358978712247,-0.48679500000000003
13373,1.7344886976341165,-64.18195251467608,-0.48679500000000003
13383,1.724852649313927,-66.6386779697833,-0.49852500000000005
13393,1.7152166009937375,-67.2528593335601,-0.49266000000000004
13404,1.700762528513453,-68.4812220611137,-0.49266000000000004
13414,1.6863084560331685,-69.0954034248905,-0.48093
13424,1.6718543835528845,-74.00885433510496,-0.52785
13434,1.662218335232695,-72.16631024377453,-0.49852500000000005
13444,1.6477642627524105,-73.39467297132815,-0.50439
13454,1.6284921661120315,-73.39467297132815,-0.30498000000000003
13464,1.6188561177918421,-68.4812220611137,-0.07038
13474,1.6188561177918421,-59.88268296823844,0.08797500000000001
13485,1.614038093631747,-46.98487432892555,0.205275
13495,1.614038093631747,-35.31542841716626,0.30498000000000003
13505,1.614038093631747,-26.716889324290996,0.36363
13514,1.6188561177918421,-13.204899321201298,0.41641500000000004
13524,1.6284921661120315,-2.7638161369956205,0.44574
13535,1.6284921661120315,5.220541592102839,0.46920000000000006
13545,1.6381282144322211,12.590717957424493,0.49852500000000005
13555,1.6429462385923157,18.118350231415736,0.521985
13565,1.6525822869125055,21.189257050299755,0.521985
13576,1.6574003110726,24.26016386918378,0.52785
13586,1.662218335232695,26.716889324290996,0.533715
13595,1.6718543835528845,29.78779614317502,0.5395800000000001
13605,1.681490431873074,33.47288432583584,0.5395800000000001
13616,1.6911264801932635,36.543791144719876,0.5395800000000001
13626,1.700762528513453,39.614697963603895,0.5454450000000001
13636,1.7103985768336425,42.07142341871111,0.5454450000000001
13646,1.720034625153832,45.75651160137193,0.5513100000000001
13657,1.7296706734740215,47.59905569270235,0.5454450000000001
13666,1.7441247459543059,50.05578114780957,0.5454450000000001
13676,1.7537607942744955,53.740869330470396,0.5513100000000001
13686,1.76821486675478,56.19759478557762,0.5513100000000001
13697,1.7826689392350639,58.65432024068484,0.5513100000000001
13707,1.787486963395159,61.72522705956886,0.5571750000000001
13717,1.8067590600355379,62.95358978712247,0.5513100000000001
13727,1.8212131325158223,64.79613387845288,0.5395800000000001
13736,1.8356672049961065,67.8670406973369,0.5454450000000001
13747,1.8501212774763909,69.70958478866731,0.5395800000000001
13757,1.8645753499566753,72.16631024377453,0.5454450000000001
13767,1.8838474465970543,74.62303569888176,0.5454450000000001
13777,1.8983015190773382,77.69394251776578,0.5571750000000001
13788,1.9127555915576229,78.92230524531938,0.5454450000000001
13798,1.9320276881980019,80.7648493366498,0.5513100000000001
13807,1.9512997848383808,83.221574791757,0.5571750000000001
13817,1.97057188147876,85.06411888308743,0.5571750000000001
13828,1.9850259539590442,86.29248161064103,0.5513100000000001
13838,2.0042980505994237,88.13502570197146,0.5454450000000001
13848,2.0235701472398024,89.97756979330187,0.5571750000000001
13858,2.0428422438801817,91.20593252085547,0.5513100000000001
13869,2.057296316360466,93.66265797596269,0.5571750000000001
13878,2.0813864371609396,94.2768393397395,0.5454450000000001
13888,2.1006585338013184,96.11938343106992,0.5454450000000001
13898,2.1247486546017926,97.34774615862352,0.5395800000000001
13908,2.139202727082077,99.80447161373074,0.5571750000000001
13919,2.163292847882551,101.03283434128434,0.5513100000000001
13929,2.18256494452293,103.48955979639157,0.5571750000000001
13939,2.201837041163309,105.33210388772198,0.5571750000000001
13949,2.221109137803688,105.9462852514988,0.5513100000000001
13960,2.245199258604162,105.9462852514988,0.369495
13969,2.264471355244541,101.64701570506115,0.14076
13979,2.269289379404636,93.0484766121859,-0.01173
13989,2.28374345188492,78.92230524531938,-0.146625
14000,2.2885614760450146,62.95358978712247,-0.23460000000000003
14010,2.28374345188492,51.898325239139986,-0.26979000000000003
14020,2.2885614760450146,35.92960978094307,-0.34603500000000004
14030,2.2885614760450146,21.189257050299755,-0.38709000000000005
14041,2.28374345188492,9.51981113854047,-0.41641500000000004
14050,2.2789254277248254,0.3070906818884023,-0.439875
14060,2.2741074035647304,-6.448904319656448,-0.45747000000000004
14070,2.2741074035647304,-11.976536593647689,-0.46920000000000006
14081,2.264471355244541,-15.661624776308516,-0.475065
14091,2.2596533310844458,-18.732531595192537,-0.475065
14101,2.254835306924351,-21.803438414076563,-0.48679500000000003
14111,2.2500172827642566,-23.645982505406977,-0.48679500000000003
14121,2.245199258604162,-26.102707960514195,-0.48679500000000003
14131,2.2355632102839724,-28.559433415621413,-0.49266000000000004
14141,2.2307451861238774,-31.016158870728628,-0.49266000000000004
14151,2.221109137803688,-32.24452159828224,-0.48093
14161,2.211473089483498,-35.31542841716626,-0.49852500000000005
14172,2.2066550653234036,-37.77215387227348,-0.49266000000000004
14182,2.197019017003214,-39.00051659982709,-0.49266000000000004
14192,2.1922009928431194,-40.228879327380696,-0.49266000000000004
14201,2.18256494452293,-42.07142341871111,-0.49266000000000004
14212,2.17292889620274,-43.91396751004152,-0.49266000000000004
14222,2.163292847882551,-46.37069296514874,-0.49266000000000004
14232,2.153656799562361,-47.59905569270235,-0.49266000000000004
14242,2.1440207512421714,-50.05578114780957,-0.49852500000000005
14253,2.1343847029219822,-50.66996251158638,-0.49266000000000004
14263,2.119930630441698,-51.898325239139986,-0.49266000000000004
14273,2.1102945821215084,-53.740869330470396,-0.49266000000000004
14282,2.1006585338013184,-56.19759478557762,-0.49266000000000004
14292,2.0910224854811292,-57.42595751313123,-0.49852500000000005
14303,2.076568413000845,-58.65432024068484,-0.49266000000000004
14313,2.0621143405205604,-59.26850160446163,-0.49852500000000005
14323,2.0428422438801817,-62.95358978712247,-0.51612
14333,2.0428422438801817,-62.33940842334566,-0.49852500000000005
14343,2.028388171399897,-64.18195251467608,-0.50439
14353,2.0139340989196133,-64.18195251467608,-0.49852500000000005
14363,2.0042980505994237,-64.79613387845288,-0.49266000000000004
14373,1.989843978119139,-67.2528593335601,-0.50439
14384,1.9753899056388546,-68.4812220611137,-0.49266000000000004
14394,1.9609358331585707,-68.4812220611137,-0.49266000000000004
14404,1.9464817606782863,-69.0954034248905,-0.48679500000000003
14414,1.9272096640379073,-67.8670406973369,-0.46920000000000006
14424,1.9175736157177177,-72.16631024377453,-0.49852500000000005
14434,1.9031195432374333,-73.39467297132815,-0.49852500000000005
14444,1.8886654707571489,-74.62303569888176,-0.49852500000000005
14454,1.8790294224369593,-74.62303569888176,-0.49852500000000005
14465,1.8645753499566753,-74.62303569888176,-0.30498000000000003
14475,1.8549393016364857,-70.32376615244412,-0.08211
14485,1.8501212774763909,-61.11104569579205,0.08797500000000001
14494,1.8453032533162959,-49.44159978403276,0.205275
14504,1.8453032533162959,-36.543791144719876,0.29325
14515,1.8501212774763909,-24.26016386918378,0.36363
14525,1.8501212774763909,-11.362355229870884,0.42228000000000004
14535,1.8597573257965803,-2.7638161369956205,0.45160500000000003
14545,1.8597573257965803,4.606360228326034,0.46333500000000005
14556,1.8693933741167699,12.590717957424493,0.49266000000000004
14565,1.8790294224369593,18.732531595192537,0.50439
14575,1.8790294224369593,26.102707960514195,0.5395800000000001
14585,1.8934834949172437,28.559433415621413,0.5395800000000001
14596,1.9079375673975283,32.24452159828224,0.5454450000000001
14606,1.9127555915576229,34.70124705338946,0.533715
14616,1.9223916398778123,38.386335236050286,0.533715
14626,1.9320276881980019,39.614697963603895,0.5395800000000001
14636,1.9416637365181912,43.29978614626472,0.5454450000000001
14646,1.9512997848383808,46.98487432892555,0.5395800000000001
14656,1.9657538573186653,49.44159978403276,0.5454450000000001
14666,1.9753899056388546,51.898325239139986,0.5454450000000001
14676,1.9850259539590442,54.969232058024005,0.5513100000000001
14687,1.9994800264393287,54.355050694247204,0.521985
14696,2.0139340989196133,59.88268296823844,0.5513100000000001
14706,2.028388171399897,61.72522705956886,0.5454450000000001
14716,2.0428422438801817,63.56777115089927,0.5454450000000001
14727,2.057296316360466,66.6386779697833,0.5571750000000001
14737,2.07175038884075,67.2528593335601,0.533715
14747,2.0862044613210347,70.93794751622093,0.5513100000000001
14757,2.1054765579614134,72.78049160755134,0.5395800000000001
14767,2.115112606281603,72.78049160755134,0.52785
14777,2.1343847029219822,76.46557979021216,0.5395800000000001
14787,2.153656799562361,78.30812388154258,0.5454450000000001
14797,2.1681108720426456,79.53648660909619,0.5395800000000001
14808,2.1873829686830244,81.37903070042661,0.5454450000000001
14818,2.201837041163309,83.83575615553382,0.5454450000000001
14828,2.221109137803688,83.83575615553382,0.5395800000000001
14837,2.240381234444067,87.52084433819465,0.5513100000000001
14848,2.254835306924351,89.36338842952506,0.5513100000000001
14858,2.2789254277248254,90.59175115707866,0.5454450000000001
14868,2.293379500205109,93.66265797596269,0.5571750000000001
14878,2.3174696210055834,93.66265797596269,0.5395800000000001
14888,2.3319236934858676,95.50520206729311,0.5454450000000001
14898,2.3560138142863414,97.34774615862352,0.5571750000000001
14908,2.3752859109267206,99.19029024995393,0.5571750000000001
14918,2.3897399834070048,93.0484766121859,0.5454450000000001
14928,2.3897399834070048,63.56777115089927,0.59823
14939,2.380103935086815,30.401977506951823,0.568905
14949,2.3752859109267206,13.819080684978102,0.56304
14959,2.3752859109267206,4.606360228326034,0.5571750000000001
14968,2.3704678867666256,0.3070906818884023,0.34017000000000003
14979,2.380103935086815,1.5354534094420114,0.13489500000000001
14989,2.3752859109267206,0.3070906818884023,-0.041055
14999,2.3704678867666256,-1.5354534094420114,-0.16422
15009,2.365649862606531,-5.220541592102839,-0.25806
15020,2.3608318384464364,-9.51981113854047,-0.322575
15030,2.3560138142863414,-12.590717957424493,-0.369495
15039,2.3560138142863414,-15.661624776308516,-0.41055
15049,2.351195790126247,-18.732531595192537,-0.42814500000000005
15059,2.341559741806057,-21.803438414076563,-0.45747000000000004
15070,2.336741717645962,-26.102707960514195,-0.48093
15080,2.3319236934858676,-25.48852659673739,-0.475065
15090,2.327105669325773,-27.3310706880678,-0.48093
15100,2.3222876451656784,-27.94525205184461,-0.475065
15111,2.3126515968454884,-30.401977506951823,-0.48093
15120,2.307833572685394,-32.24452159828224,-0.49266000000000004
15130,2.3030155485252988,-35.92960978094307,-0.49852500000000005
15140,2.293379500205109,-36.543791144719876,-0.49266000000000004
15151,2.28374345188492,-39.00051659982709,-0.49266000000000004
15161,2.2741074035647304,-40.843060691157504,-0.49852500000000005
15171,2.264471355244541,-42.07142341871111,-0.49266000000000004
15180,2.2596533310844458,-45.14233023759514,-0.521985
15191,2.2500172827642566,-44.52814887381833,-0.49266000000000004
15201,2.240381234444067,-45.75651160137193,-0.49266000000000004
15211,2.2307451861238774,-46.98487432892555,-0.49852500000000005
15221,2.221109137803688,-48.82741842025597,-0.49852500000000005
15232,2.211473089483498,-50.05578114780957,-0.49852500000000005
15242,2.201837041163309,-53.12668796669359,-0.51612
15252,2.1873829686830244,-51.898325239139986,-0.48679500000000003
15261,2.177746920362835,-54.355050694247204,-0.49852500000000005
15271,2.1681108720426456,-53.740869330470396,-0.49266000000000004
15282,2.153656799562361,-54.969232058024005,-0.48679500000000003
15292,2.1440207512421714,-58.65432024068484,-0.49852500000000005
15302,2.1343847029219822,-61.11104569579205,-0.521985
15312,2.1247486546017926,-59.26850160446163,-0.49852500000000005
15323,2.1102945821215084,-60.49686433201524,-0.49266000000000004
15332,2.1006585338013184,-61.72522705956886,-0.49852500000000005
15342,2.0862044613210347,-62.33940842334566,-0.49852500000000005
15352,2.07175038884075,-63.56777115089927,-0.49266000000000004
15363,2.0621143405205604,-64.79613387845288,-0.49266000000000004
15373,2.0476602680402762,-65.41031524222969,-0.49266000000000004
15383,2.033206195559992,-67.2528593335601,-0.50439
15393,2.018752123079708,-67.8670406973369,-0.49852500000000005
15404,2.0091160747595183,-68.4812220611137,-0.49852500000000005
15413,1.9946620022792336,-69.0954034248905,-0.49852500000000005
15423,1.9850259539590442,-72.16631024377453,-0.51612
15433,1.9657538573186653,-72.16631024377453,-0.48679500000000003
