time,angle,velocity,current
302,89.44800000000001,-1.5409511965857612,-0.014662500000000002
316,89.744,-1.5409511965857612,-0.014662500000000002
326,89.744,-1.5409511965857612,-0.014662500000000002
336,89.744,-1.5409511965857612,0.0087975
346,89.744,-1.5409511965857612,0.07917750000000001
356,89.744,-1.5409511965857612,0.1612875
366,89.744,-2.1551325603625906,0.27272250000000003
376,89.744,-1.5409511965857612,0.3958875
387,89.744,-1.5409511965857612,0.5190525
397,89.744,-1.5409511965857612,0.6539475
406,89.744,-3.3834952879162015,0.7653825000000001
416,90.04,-1.5409511965857612,0.9178725000000001
427,89.744,-1.5409511965857612,1.0469025
437,90.04,-1.5409511965857612,1.1876625
447,90.04,-1.5409511965857612,1.3166925
457,89.744,-1.5409511965857612,1.4398575
467,89.744,-1.5409511965857612,1.5571575000000002
477,90.04,-1.5409511965857612,1.6685925000000001
487,90.04,-1.5409511965857612,1.7741625
497,89.744,-0.31258846903215015,1.8797325
507,89.744,1.5299556222982427,1.9501125000000001
518,89.744,4.6008624411822465,2.0498175
528,89.744,6.443406532512687,2.1319275
538,89.744,8.28595062384308,2.1905775000000003
547,89.744,9.51431335139669,2.2433625000000004
558,90.04,12.585220170280742,2.3078775
568,89.744,15.041945625387964,2.3547975
578,90.04,18.11285244427197,2.3782575
588,90.33600000000001,19.95539653560236,2.3899875
599,90.632,22.412121990709583,2.4075825
609,90.92800000000001,26.711391537147247,2.4193125
618,91.224,29.16811699225447,2.4193125
628,92.11200000000001,31.01066108358486,2.3958525
638,92.408,34.69574926624569,2.3782575
649,93.0,37.15247472135292,2.3489325
659,93.592,38.380837448906526,2.2902825
669,93.888,38.995018812683305,2.2316325000000004
679,94.48,40.22338154023692,2.1671175000000003
689,95.072,43.29428835912097,2.1084675
699,95.664,43.29428835912097,2.0263575
709,96.256,42.68010699534414,1.9325175
719,96.552,43.90846972289775,1.8504075000000002
730,97.144,42.06592563156736,1.7507025
740,97.736,40.83756290401375,1.6392675
750,98.328,40.22338154023692,1.5336975000000002
760,98.62400000000001,37.766656085129696,1.4105325000000002
770,98.92,34.69574926624569,1.2873675
780,99.21600000000001,31.62484244736169,1.1642025
790,99.512,28.55393562847764,1.0293075
800,99.512,24.868847445816805,0.8826825
811,99.808,20.56957789937919,0.7419225
821,99.512,16.270308352941527,0.5894325
830,99.512,12.585220170280742,0.43107750000000006
840,99.512,8.90013198761991,0.31377750000000004
850,99.512,6.443406532512687,0.23166750000000003
861,99.512,3.372499713628635,0.1612875
871,99.512,-0.31258846903215015,0.1202325
881,99.512,-3.9976766516929834,0.07917750000000001
891,99.21600000000001,-6.454402106800205,0.0557175
901,99.512,-8.911127561907428,0.0205275
911,99.512,-10.139490289461039,-0.014662500000000002
921,99.512,-11.982034380791479,-0.0498525
931,99.512,-13.21039710834509,-0.08504250000000001
942,99.512,-13.21039710834509,-0.1202325
952,99.512,-14.4387598358987,-0.15542250000000002
962,99.512,-15.052941199675482,-0.19061250000000002
971,99.21600000000001,-15.667122563452264,-0.22580250000000002
982,99.21600000000001,-16.281303927229093,-0.2551275
992,99.21600000000001,-16.281303927229093,-0.27858750000000004
1002,98.92,-17.509666654782706,-0.3196425
1012,98.328,-18.123848018559485,-0.34896750000000004
1022,98.328,-19.352210746113098,-0.37829250000000003
1033,98.03200000000001,-19.966392109889927,-0.39002250000000005
1042,97.736,-21.194754837443536,-0.41348250000000003
1052,97.44000000000001,-22.42311756499715,-0.42521250000000005
1062,97.144,-24.26566165632754,-0.4369425
1073,96.848,-26.108205747657983,-0.45453750000000004
1083,96.256,-27.950749838988376,-0.4721325
1093,95.96000000000001,-31.021656657872427,-0.4779975
1103,95.36800000000001,-31.635838021649207,-0.4721325
1113,95.072,-33.4783821129796,-0.4779975
1123,94.48,-35.93510756808682,-0.4779975
1133,94.18400000000001,-37.16347029564044,-0.4721325
1143,93.888,-38.391833023194046,-0.46040250000000005
1154,93.0,-39.620195750747655,-0.44867250000000003
1164,92.70400000000001,-41.46273984207809,-0.43107750000000006
1174,92.11200000000001,-43.30528393340849,-0.42521250000000005
1183,91.816,-43.30528393340849,-0.41348250000000003
1193,91.224,-44.5336466609621,-0.37829250000000003
1204,90.33600000000001,-45.76200938851571,-0.3606975
1215,90.04,-45.76200938851571,-0.3313725
1224,89.44800000000001,-46.37619075229254,-0.3020475
1234,88.85600000000001,-45.76200938851571,-0.2609925
1245,88.26400000000001,-46.990372116069324,-0.2375325
1255,87.968,-47.6045534798461,-0.2199375
1265,87.08000000000001,-46.990372116069324,-0.1788825
1275,86.784,-46.37619075229254,-0.1319625
1286,86.19200000000001,-45.76200938851571,-0.1026375
1295,85.896,-45.14782802473893,-0.08504250000000001
1305,85.304,-45.76200938851571,-0.06744750000000001
1315,84.712,-43.91946529718532,-0.0498525
1326,84.712,-43.30528393340849,-0.043987500000000006
1336,84.12,-42.07692120585488,-0.038122500000000004
1345,83.528,-40.848558478301264,-0.0087975
1355,83.232,-40.234377114524484,0.0557175
1366,82.936,-38.391833023194046,0.1612875
1376,82.64,-35.93510756808682,0.2609925
1386,82.34400000000001,-34.09256347675643,0.37829250000000003
1396,82.048,-31.635838021649207,0.5073225
1406,82.048,-28.564931202765205,0.6422175
1416,81.75200000000001,-24.87984302010437,0.7653825000000001
1426,81.75200000000001,-21.194754837443536,0.9061425000000001
1436,81.75200000000001,-18.738029382336315,1.0410375
1446,81.75200000000001,-14.4387598358987,1.1700675
1457,81.75200000000001,-10.139490289461039,1.3108275
1467,81.75200000000001,-7.0685834705770345,1.4339925
1476,81.456,-2.769313924139372,1.5630225000000002
1486,81.75200000000001,0.3015928947446316,1.6685925000000001
1497,81.75200000000001,3.372499713628635,1.7741625
1507,81.75200000000001,6.443406532512687,1.8797325
1517,81.75200000000001,8.90013198761991,1.9677075000000002
1527,81.75200000000001,11.356857442727131,2.0439525
1538,81.75200000000001,14.427764261611134,2.1260625
1548,81.75200000000001,16.270308352941527,2.1905775000000003
1557,81.75200000000001,19.341215171825578,2.2492275000000004
1567,82.34400000000001,21.18375926315597,2.2961475
1577,82.34400000000001,25.483028809593634,2.3547975
1588,82.936,26.711391537147247,2.3665275
1598,83.232,30.396479719808077,2.4075825
1608,83.82400000000001,31.62484244736169,2.4017175
1617,84.12,34.69574926624569,2.4075825
1628,85.00800000000001,37.15247472135292,2.4017175
1638,85.60000000000001,40.22338154023692,2.3958525
1648,85.896,42.06592563156736,2.3606625
1658,86.784,44.52265108667458,2.3313375
1669,87.376,47.59355790555858,2.2961475
1678,87.968,47.59355790555858,2.2374975000000004
1688,88.85600000000001,48.8219206331122,2.1671175000000003
1698,89.44800000000001,50.66446472444259,2.1026025
1709,90.04,51.8928274519962,2.0263575
1719,90.33600000000001,51.27864608821942,1.9325175
1729,91.224,51.8928274519962,1.8504075000000002
1739,91.816,50.05028336066581,1.7448375
1748,92.11200000000001,49.43610199688898,1.6451325
1759,92.70400000000001,47.59355790555858,1.5278325000000001
1769,93.296,46.365195178004974,1.4163975000000002
1779,93.888,43.29428835912097,1.2932325
1789,94.18400000000001,39.609200176460135,1.1524725
1800,94.77600000000001,36.53829335757609,0.9999825000000001
1810,94.77600000000001,32.85320517491525,0.8709525
1819,95.072,28.55393562847764,0.7184625
1829,95.072,23.640484718263195,0.5659725
1840,94.77600000000001,19.341215171825578,0.41934750000000004
1850,94.77600000000001,15.041945625387964,0.3020475
1860,94.77600000000001,10.742676078950302,0.22580250000000002
1870,94.77600000000001,6.443406532512687,0.15542250000000002
1881,94.77600000000001,2.1441369860750243,0.1085025
1891,94.77600000000001,-1.5409511965857612,0.07917750000000001
1900,94.77600000000001,-4.611858015469813,0.0498525
1910,94.77600000000001,-7.0685834705770345,0.0205275
1921,94.77600000000001,-8.911127561907428,-0.0205275
1931,94.77600000000001,-10.753671653237868,-0.06744750000000001
1941,94.77600000000001,-11.982034380791479,-0.1026375
1951,94.77600000000001,-11.36785301701465,-0.1260975
1961,94.77600000000001,-11.36785301701465,-0.1612875
1971,94.77600000000001,-11.982034380791479,-0.19061250000000002
1981,94.77600000000001,-11.982034380791479,-0.22580250000000002
1991,94.77600000000001,-12.59621574456826,-0.2551275
2001,94.77600000000001,-13.21039710834509,-0.27858750000000004
2012,94.77600000000001,-14.4387598358987,-0.31377750000000004
2022,94.77600000000001,-14.4387598358987,-0.3372375
2032,94.48,-16.281303927229093,-0.3724275
2041,94.18400000000001,-18.123848018559485,-0.3958875
2052,94.18400000000001,-18.123848018559485,-0.41348250000000003
2062,93.592,-21.194754837443536,-0.42521250000000005
2072,93.296,-22.42311756499715,-0.44867250000000003
2082,93.296,-23.65148029255076,-0.45453750000000004
2093,92.408,-26.722387111434763,-0.4779975
2103,92.408,-26.722387111434763,-0.46626750000000006
2112,92.11200000000001,-28.564931202765205,-0.4779975
2122,91.52000000000001,-32.864200749202816,-0.49559250000000005
2132,90.92800000000001,-32.250019385425986,-0.4779975
2143,90.92800000000001,-33.4783821129796,-0.4721325
2153,90.33600000000001,-35.32092620431004,-0.46626750000000006
2163,90.04,-35.93510756808682,-0.44867250000000003
2173,89.44800000000001,-37.777651659417266,-0.42521250000000005
2183,88.85600000000001,-39.006014386970875,-0.42521250000000005
2193,88.56,-40.234377114524484,-0.4076175
2203,88.26400000000001,-39.620195750747655,-0.37829250000000003
2213,87.67200000000001,-42.07692120585488,-0.3606975
2224,86.784,-43.30528393340849,-0.34310250000000003
2234,86.488,-42.69110256963171,-0.3020475
2244,85.896,-42.69110256963171,-0.2668575
2254,85.304,-42.69110256963171,-0.24339750000000002
2264,85.304,-43.30528393340849,-0.2023425
2274,84.41600000000001,-42.69110256963171,-0.1671525
2284,84.12,-42.07692120585488,-0.1319625
2294,83.528,-41.46273984207809,-0.1026375
2305,83.232,-40.848558478301264,-0.07917750000000001
2315,82.64,-39.620195750747655,-0.061582500000000005
2325,82.34400000000001,-39.620195750747655,-0.0322575
2334,82.048,-38.391833023194046,-0.0498525
2344,81.75200000000001,-37.777651659417266,-0.038122500000000004
2355,81.456,-36.54928893186365,0.0029325
2365,81.16000000000001,-35.93510756808682,0.0733125
2375,80.864,-34.09256347675643,0.1612875
2385,80.56800000000001,-32.250019385425986,0.2609925
2396,80.272,-29.793293930318814,0.37829250000000003
2405,79.976,-27.336568475211592,0.5073225
2415,79.976,-23.65148029255076,0.6422175
2425,79.976,-20.580573473666707,0.7771125000000001
2436,79.68,-16.281303927229093,0.9237375000000001
2446,79.976,-13.824578472121871,1.0586325
2456,79.68,-11.36785301701465,1.1993925
2466,79.976,-9.525308925684257,1.3284225
2477,79.976,-5.840220743023424,1.4515875
2486,79.68,-3.9976766516929834,1.5747525000000002
2496,79.68,-2.769313924139372,1.6803225000000002
2506,79.68,1.5299556222982427,1.7917575000000001
2516,79.976,3.9866810774054646,1.8797325
2527,79.976,6.443406532512687,1.9677075000000002
2537,79.68,8.90013198761991,2.0498175
2547,79.68,10.742676078950302,2.1319275
2556,79.68,13.199401534057523,2.1905775000000003
2567,79.68,17.49867108049514,2.2550925
2577,80.272,19.95539653560236,2.3020125
2587,80.56800000000001,23.640484718263195,2.3372025
2597,80.864,26.711391537147247,2.3665275
2608,81.456,29.16811699225447,2.3899875
2617,82.048,33.46738653869208,2.4017175
2627,82.34400000000001,38.380837448906526,2.4251775
2637,83.232,38.380837448906526,2.4017175
2648,83.528,41.45174426779053,2.3782575
2658,84.712,43.90846972289775,2.3606625
2668,85.00800000000001,46.365195178004974,2.3254725
2678,85.896,50.05028336066581,2.2785525
2688,86.488,50.66446472444259,2.2257675000000003
2698,87.08000000000001,51.8928274519962,2.1729825000000003
2708,87.376,53.121190179549814,2.0908725
2718,88.56,53.73537154332664,2.0204925
2728,88.85600000000001,54.34955290710342,1.9383825000000001
2739,89.44800000000001,54.34955290710342,1.8504075000000002
2748,90.04,54.34955290710342,1.7507025
2758,90.632,52.50700881577303,1.6392675
2768,91.224,50.05028336066581,1.5219675000000001
2779,92.11200000000001,48.20773926933537,1.3988025000000002
2789,92.11200000000001,45.136832450451365,1.2639075000000002
2799,93.0,42.06592563156736,1.1290125
2809,93.0,38.995018812683305,0.9882525000000001
2819,93.296,34.08156790246886,0.8650875
2829,93.592,29.16811699225447,0.7125975000000001
2839,93.296,24.868847445816805,0.5601075000000001
2849,93.296,20.56957789937919,0.41934750000000004
2860,93.296,15.656126989164745,0.3020475
2870,93.296,11.356857442727131,0.2199375
2879,93.592,8.28595062384308,0.15542250000000002
2889,93.592,4.6008624411822465,0.1085025
2899,93.296,0.9157742585214133,0.0733125
2910,93.592,-2.1551325603625906,0.043987500000000006
2920,93.592,-5.226039379246594,0.0205275
2930,93.296,-7.0685834705770345,-0.014662500000000002
2939,93.296,-8.911127561907428,-0.061582500000000005
2951,93.296,-8.911127561907428,-0.08504250000000001
2960,93.296,-9.525308925684257,-0.1202325
2970,93.296,-10.139490289461039,-0.1612875
2980,93.296,-11.36785301701465,-0.19647750000000003
2991,93.296,-11.982034380791479,-0.22580250000000002
3001,93.296,-13.824578472121871,-0.2609925
3011,93.296,-15.052941199675482,-0.2844525
3020,93.592,-16.895485291005876,-0.3196425
3031,93.0,-18.738029382336315,-0.34896750000000004
3041,92.70400000000001,-20.580573473666707,-0.3665625
3051,92.408,-21.194754837443536,-0.39002250000000005
3061,92.11200000000001,-24.26566165632754,-0.41934750000000004
3072,91.816,-25.494024383881154,-0.42521250000000005
3082,91.52000000000001,-27.336568475211592,-0.46040250000000005
3091,90.92800000000001,-29.793293930318814,-0.4721325
3101,90.632,-29.179112566541985,-0.46626750000000006
3111,90.33600000000001,-30.407475294095597,-0.4721325
3122,90.04,-31.635838021649207,-0.4779975
3132,89.744,-34.09256347675643,-0.4779975
3142,89.152,-36.54928893186365,-0.4779975
3152,88.56,-37.777651659417266,-0.4721325
3162,87.968,-39.006014386970875,-0.46040250000000005
3172,87.67200000000001,-40.234377114524484,-0.44867250000000003
3182,87.376,-41.46273984207809,-0.44867250000000003
3192,86.784,-41.46273984207809,-0.42521250000000005
3203,86.488,-42.69110256963171,-0.4076175
3213,85.896,-43.91946529718532,-0.37829250000000003
3223,85.00800000000001,-43.91946529718532,-0.3606975
3232,84.41600000000001,-43.91946529718532,-0.3255075
3243,84.12,-46.990372116069324,-0.3196425
3253,83.528,-46.37619075229254,-0.27272250000000003
3263,82.936,-45.76200938851571,-0.2375325
3273,82.64,-44.5336466609621,-0.2023425
3283,82.048,-44.5336466609621,-0.1671525
3294,81.75200000000001,-43.91946529718532,-0.1319625
3303,81.16000000000001,-43.30528393340849,-0.09677250000000001
3313,80.864,-42.69110256963171,-0.08504250000000001
3323,80.272,-41.46273984207809,-0.061582500000000005
3334,79.68,-40.848558478301264,-0.0557175
3344,79.68,-40.234377114524484,-0.043987500000000006
3354,79.08800000000001,-39.620195750747655,-0.038122500000000004
3364,78.792,-37.777651659417266,0.0029325
3374,78.49600000000001,-36.54928893186365,0.07917750000000001
3384,78.2,-35.93510756808682,0.1612875
3394,77.90400000000001,-32.250019385425986,0.2903175
3404,77.608,-29.793293930318814,0.4017525
3415,77.31200000000001,-26.722387111434763,0.5307825
3425,77.31200000000001,-23.037298928773932,0.6539475
3435,77.31200000000001,-19.352210746113098,0.7888425
3444,77.31200000000001,-15.667122563452264,0.9237375000000001
3454,77.31200000000001,-11.36785301701465,1.0586325
3465,77.608,-8.911127561907428,1.1935275
3475,77.31200000000001,-5.840220743023424,1.3225575
3485,77.31200000000001,-2.769313924139372,1.4515875
3495,77.608,1.5299556222982427,1.5747525000000002
3506,77.31200000000001,3.372499713628635,1.6744575000000002
3516,77.31200000000001,5.829225168735857,1.7741625
3525,77.31200000000001,8.28595062384308,1.8914625
3535,77.31200000000001,10.12849471517352,1.9618425000000002
3546,77.31200000000001,15.656126989164745,2.0732775
3556,77.31200000000001,15.656126989164745,2.1201975
3566,77.31200000000001,22.412121990709583,2.2257675000000003
3576,77.608,21.7979406269328,2.2550925
3586,78.2,24.25466608204002,2.3020125
3596,79.08800000000001,27.939754264700856,2.3430675
3607,79.08800000000001,30.396479719808077,2.3723925
3616,79.68,33.46738653869208,2.3899875
3627,79.976,37.766656085129696,2.4134475
3637,80.56800000000001,41.45174426779053,2.4193125
3647,81.16000000000001,45.136832450451365,2.4251775
3656,81.75200000000001,46.365195178004974,2.3782575
3666,82.64,48.20773926933537,2.3606625
3677,83.232,50.66446472444259,2.3430675
3687,84.12,53.121190179549814,2.2844175
3697,84.712,56.19209699843386,2.2433625000000004
3707,85.304,58.03464108976426,2.1788475000000003
3718,86.19200000000001,57.42045972598747,2.0908725
3727,87.08000000000001,58.03464108976426,2.0146275
3737,87.67200000000001,57.42045972598747,1.9149225
3747,88.56,58.64882245354109,1.8328125000000002
3758,89.152,58.03464108976426,1.7213775000000002
3768,89.744,56.80627836221064,1.6158075
3778,90.33600000000001,55.57791563465703,1.4985075
3787,91.224,53.73537154332664,1.3870725000000002
3798,91.52000000000001,49.43610199688898,1.2580425000000002
3808,91.816,46.365195178004974,1.1290125
3818,92.408,42.06592563156736,0.9882525000000001
3828,92.70400000000001,38.380837448906526,0.8533575000000001
3838,93.0,33.46738653869208,0.7125975000000001
3849,92.70400000000001,28.55393562847764,0.5601075000000001
3858,92.70400000000001,23.026303354486412,0.42521250000000005
3868,92.70400000000001,17.49867108049514,0.30791250000000003
3878,92.70400000000001,13.199401534057523,0.22580250000000002
3889,92.70400000000001,7.671769260066298,0.1495575
3899,92.70400000000001,6.443406532512687,0.1085025
3909,92.70400000000001,3.372499713628635,0.0733125
3918,92.70400000000001,-1.5409511965857612,0.0498525
3929,92.408,-5.226039379246594,0.0087975
3939,92.70400000000001,-7.0685834705770345,-0.0087975
3949,92.70400000000001,-8.911127561907428,-0.0557175
3959,93.0,-10.139490289461039,-0.0909075
3970,92.70400000000001,-13.21039710834509,-0.1319625
3980,92.70400000000001,-13.21039710834509,-0.15542250000000002
3989,92.70400000000001,-14.4387598358987,-0.19061250000000002
3999,92.70400000000001,-15.667122563452264,-0.22580250000000002
4009,92.70400000000001,-18.123848018559485,-0.2609925
4020,92.408,-18.738029382336315,-0.2903175
4030,92.408,-20.580573473666707,-0.3255075
4040,91.816,-21.194754837443536,-0.34896750000000004
4050,91.816,-22.42311756499715,-0.3724275
4060,91.52000000000001,-22.42311756499715,-0.4017525
4070,91.224,-24.87984302010437,-0.41934750000000004
4080,90.632,-26.108205747657983,-0.4428075
4090,90.33600000000001,-26.722387111434763,-0.45453750000000004
4101,90.04,-27.336568475211592,-0.45453750000000004
4111,89.744,-29.793293930318814,-0.46626750000000006
4120,89.152,-31.021656657872427,-0.4779975
4130,89.152,-32.864200749202816,-0.4779975
4141,88.56,-34.70674484053321,-0.4779975
4151,87.968,-35.32092620431004,-0.4721325
4161,87.67200000000001,-37.777651659417266,-0.46626750000000006
4171,86.784,-39.620195750747655,-0.46626750000000006
4182,86.784,-40.234377114524484,-0.45453750000000004
4192,85.896,-41.46273984207809,-0.4369425
4201,85.60000000000001,-42.69110256963171,-0.42521250000000005
4211,85.60000000000001,-43.30528393340849,-0.4017525
4221,84.41600000000001,-43.91946529718532,-0.38415750000000004
4232,84.12,-43.91946529718532,-0.3606975
4242,83.528,-43.91946529718532,-0.3313725
4252,82.936,-44.5336466609621,-0.3020475
4261,82.34400000000001,-45.14782802473893,-0.27858750000000004
4272,82.048,-44.5336466609621,-0.2375325
4282,81.456,-45.14782802473893,-0.2023425
4292,81.16000000000001,-44.5336466609621,-0.17301750000000002
4302,80.864,-43.91946529718532,-0.1319625
4313,80.272,-43.30528393340849,-0.1026375
4323,79.68,-42.07692120585488,-0.08504250000000001
4332,79.384,-40.234377114524484,-0.06744750000000001
4342,78.792,-39.620195750747655,-0.0498525
4353,78.49600000000001,-39.006014386970875,-0.0498525
4363,78.2,-39.006014386970875,-0.038122500000000004
4373,77.90400000000001,-37.16347029564044,0.0087975
4383,77.31200000000001,-35.93510756808682,0.08504250000000001
4393,77.016,-34.09256347675643,0.17301750000000002
4403,76.72000000000001,-31.635838021649207,0.27858750000000004
4413,76.72000000000001,-29.793293930318814,0.4017525
4423,76.424,-26.108205747657983,0.5249175
4433,76.424,-22.42311756499715,0.6598125
4444,76.424,-19.352210746113098,0.7888425
4454,76.128,-15.667122563452264,0.9413325
4464,76.424,-12.59621574456826,1.0644975
4474,76.424,-8.296946198130646,1.2228525000000001
4484,76.128,-7.682764834353816,1.3284225
4494,76.424,-3.9976766516929834,1.4574525
4504,76.424,-2.1551325603625906,1.5688875000000002
4514,76.72000000000001,2.7583183498518538,1.6920525000000002
4525,76.424,3.9866810774054646,1.7917575000000001
4535,76.72000000000001,7.057587896289468,1.8973275
4545,76.424,11.971038806503913,2.0087625
4554,76.424,15.041945625387964,2.0908725
4564,76.424,17.49867108049514,2.1671175000000003
4575,76.424,17.49867108049514,2.2023075000000003
4585,76.72000000000001,21.7979406269328,2.2668225
4595,77.016,26.711391537147247,2.3313375
4605,77.608,27.325572900924026,2.3430675
4616,78.2,29.16811699225447,2.3606625
4626,78.49600000000001,33.46738653869208,2.3958525
4636,79.384,36.53829335757609,2.4075825
4645,79.384,38.995018812683305,2.4075825
4656,80.56800000000001,42.06592563156736,2.4017175
4666,81.16000000000001,45.136832450451365,2.3782575
4676,81.75200000000001,50.05028336066581,2.3782575
4686,82.34400000000001,53.121190179549814,2.3430675
4697,82.936,53.73537154332664,2.2902825
4707,83.82400000000001,54.34955290710342,2.2199025000000003
4716,84.712,54.96373427088025,2.1495225000000002
4726,85.304,58.64882245354109,2.0967375
4737,85.896,57.42045972598747,2.0028975
4747,86.488,58.03464108976426,1.9207875
4757,87.376,56.80627836221064,1.8152175000000002
4767,87.67200000000001,56.80627836221064,1.7155125000000002
4777,88.56,55.57791563465703,1.6099425
4787,88.85600000000001,53.73537154332664,1.4985075
4797,89.44800000000001,51.27864608821942,1.3753425000000001
4807,90.33600000000001,49.43610199688898,1.2521775000000002
4817,90.632,45.751013814228195,1.1231475000000002
4828,91.224,41.45174426779053,0.9882525000000001
4838,91.224,38.380837448906526,0.8533575000000001
4847,91.816,32.85320517491525,0.7008675000000001
4857,91.224,27.939754264700856,0.5542425000000001
4868,91.52000000000001,23.026303354486412,0.41934750000000004
4878,91.52000000000001,17.49867108049514,0.30791250000000003
4888,91.52000000000001,11.971038806503913,0.2199375
4898,91.52000000000001,8.28595062384308,0.1671525
4909,91.52000000000001,3.9866810774054646,0.11436750000000001
4918,91.52000000000001,-0.31258846903215015,0.07917750000000001
4928,91.52000000000001,-3.9976766516929834,0.0498525
4938,91.52000000000001,-7.0685834705770345,0.014662500000000002
4948,91.52000000000001,-8.911127561907428,-0.0205275
4959,91.52000000000001,-10.139490289461039,-0.0557175
4969,91.52000000000001,-11.982034380791479,-0.09677250000000001
4978,91.52000000000001,-11.982034380791479,-0.1260975
4988,91.52000000000001,-13.21039710834509,-0.1671525
4999,91.816,-13.824578472121871,-0.19647750000000003
5009,91.52000000000001,-14.4387598358987,-0.23166750000000003
5019,91.52000000000001,-14.4387598358987,-0.2668575
5029,91.52000000000001,-15.667122563452264,-0.3020475
5040,91.224,-16.281303927229093,-0.3313725
5049,91.224,-16.895485291005876,-0.35483250000000005
5059,90.92800000000001,-17.509666654782706,-0.37829250000000003
5069,90.632,-18.123848018559485,-0.4017525
5080,90.632,-19.352210746113098,-0.42521250000000005
5090,90.04,-20.580573473666707,-0.4369425
5100,89.744,-21.80893620122032,-0.4428075
5110,89.44800000000001,-23.65148029255076,-0.46040250000000005
5120,89.152,-26.108205747657983,-0.4779975
5130,88.85600000000001,-27.950749838988376,-0.4779975
5140,88.56,-29.179112566541985,-0.4721325
5150,88.26400000000001,-30.407475294095597,-0.4721325
5160,87.67200000000001,-32.250019385425986,-0.4779975
5171,87.376,-33.4783821129796,-0.4779975
5181,87.08000000000001,-34.70674484053321,-0.46040250000000005
5190,86.488,-35.93510756808682,-0.44867250000000003
5200,86.488,-37.16347029564044,-0.4428075
5211,85.304,-37.777651659417266,-0.41934750000000004
5221,85.00800000000001,-39.006014386970875,-0.41348250000000003
5231,84.712,-40.234377114524484,-0.38415750000000004
5241,84.12,-40.234377114524484,-0.35483250000000005
5252,83.528,-41.46273984207809,-0.3372375
5262,83.528,-41.46273984207809,-0.3020475
5271,82.936,-40.848558478301264,-0.2668575
5281,82.64,-41.46273984207809,-0.2375325
5292,81.75200000000001,-41.46273984207809,-0.19647750000000003
5302,81.456,-39.620195750747655,-0.15542250000000002
5312,80.864,-39.620195750747655,-0.1202325
5322,80.56800000000001,-38.391833023194046,-0.09677250000000001
5331,80.272,-39.006014386970875,-0.07917750000000001
5342,79.68,-37.777651659417266,-0.06744750000000001
5352,79.08800000000001,-35.93510756808682,-0.0498525
5362,79.384,-35.32092620431004,-0.043987500000000006
5372,79.08800000000001,-34.09256347675643,-0.0322575
5383,78.49600000000001,-33.4783821129796,0.014662500000000002
5393,78.2,-32.250019385425986,0.0909075
5403,77.90400000000001,-30.407475294095597,0.1788825
5412,77.608,-28.564931202765205,0.2903175
5423,77.31200000000001,-26.108205747657983,0.4076175
5433,77.31200000000001,-24.26566165632754,0.5307825
5443,77.31200000000001,-19.966392109889927,0.6598125
5453,77.31200000000001,-16.281303927229093,0.8005725
5464,77.31200000000001,-14.4387598358987,0.9354675000000001
5474,77.31200000000001,-10.753671653237868,1.0820925000000001
5483,77.31200000000001,-8.911127561907428,1.2169875
5493,77.31200000000001,-6.454402106800205,1.3518825
5504,77.016,-2.1551325603625906,1.4926425
5514,77.016,2.1441369860750243,1.6040775
5524,77.31200000000001,3.372499713628635,1.7096475000000002
5534,77.31200000000001,4.6008624411822465,1.7976225000000001
5544,77.31200000000001,8.90013198761991,1.8973275
5554,77.31200000000001,11.356857442727131,1.9911675000000002
5564,77.31200000000001,14.427764261611134,2.0732775
5574,77.608,16.884489716718356,2.1436575
5584,77.608,19.95539653560236,2.2140375000000003
5595,77.608,22.412121990709583,2.2609575
5605,78.2,26.097210173370417,2.3196075
5615,78.792,29.782298356031248,2.3665275
5624,79.384,31.62484244736169,2.3782575
5635,79.976,33.46738653869208,2.3899875
5645,80.56800000000001,37.15247472135292,2.4017175
5655,81.16000000000001,39.609200176460135,2.4075825
5665,81.16000000000001,42.06592563156736,2.3899875
5676,82.048,45.751013814228195,2.3665275
5686,82.936,48.8219206331122,2.3489325
5695,83.528,51.8928274519962,2.3254725
5705,84.12,52.50700881577303,2.2668225
5715,85.00800000000001,56.80627836221064,2.2374975000000004
5726,85.896,56.19209699843386,2.1495225000000002
5736,86.488,58.03464108976426,2.0850075
5746,87.376,58.03464108976426,2.0028975
5755,87.67200000000001,59.877185181094696,1.9383825000000001
5766,88.56,57.42045972598747,1.8152175000000002
5776,89.744,57.42045972598747,1.7155125000000002
5786,89.744,57.42045972598747,1.6216725
5796,90.632,54.34955290710342,1.4926425
5807,90.92800000000001,52.50700881577303,1.3753425000000001
5817,91.52000000000001,48.8219206331122,1.2345825000000001
5827,92.11200000000001,46.365195178004974,1.1172825000000002
5837,92.408,41.45174426779053,0.9765225000000001
5847,92.70400000000001,37.15247472135292,0.8357625000000001
5857,93.0,32.23902381113847,0.6891375000000001
5867,92.70400000000001,27.325572900924026,0.5425125000000001
5877,92.70400000000001,23.026303354486412,0.4017525
5888,93.0,18.11285244427197,0.2903175
5898,93.0,12.585220170280742,0.2199375
5908,92.70400000000001,8.28595062384308,0.1495575
5917,92.70400000000001,4.6008624411822465,0.1085025
5927,93.0,0.3015928947446316,0.0733125
5938,93.0,-2.769313924139372,0.0498525
5948,92.70400000000001,-5.840220743023424,0.0087975
5958,93.0,-7.682764834353816,-0.0205275
5968,93.0,-9.525308925684257,-0.0557175
5979,92.70400000000001,-10.139490289461039,-0.0909075
5988,93.0,-12.59621574456826,-0.1260975
5998,92.70400000000001,-11.982034380791479,-0.15542250000000002
6008,92.70400000000001,-14.4387598358987,-0.19061250000000002
6019,93.0,-16.895485291005876,-0.23166750000000003
6029,92.408,-16.895485291005876,-0.2551275
6039,92.70400000000001,-19.352210746113098,-0.2961825
6048,92.408,-19.966392109889927,-0.3255075
6059,92.11200000000001,-20.580573473666707,-0.35483250000000005
6069,91.816,-21.80893620122032,-0.37829250000000003
6079,91.52000000000001,-23.037298928773932,-0.4017525
6089,91.224,-24.26566165632754,-0.41934750000000004
6099,90.92800000000001,-26.108205747657983,-0.44867250000000003
6110,90.632,-27.336568475211592,-0.45453750000000004
6120,90.33600000000001,-28.564931202765205,-0.4721325
6129,90.04,-29.793293930318814,-0.4721325
6139,89.44800000000001,-31.021656657872427,-0.4779975
6150,89.152,-32.250019385425986,-0.4721325
6160,88.26400000000001,-34.09256347675643,-0.4779975
6170,88.26400000000001,-35.93510756808682,-0.46626750000000006
6180,87.67200000000001,-37.777651659417266,-0.4721325
6191,87.08000000000001,-38.391833023194046,-0.46040250000000005
6200,86.784,-40.234377114524484,-0.45453750000000004
6210,86.488,-40.848558478301264,-0.4369425
6220,85.60000000000001,-41.46273984207809,-0.4076175
6231,85.00800000000001,-42.07692120585488,-0.39002250000000005
6241,84.712,-43.30528393340849,-0.37829250000000003
6251,84.41600000000001,-43.91946529718532,-0.3606975
6261,83.232,-43.91946529718532,-0.3255075
6270,83.232,-43.91946529718532,-0.2961825
6281,82.64,-44.5336466609621,-0.2668575
6291,82.048,-44.5336466609621,-0.23166750000000003
6301,81.75200000000001,-43.91946529718532,-0.19061250000000002
6311,81.16000000000001,-43.91946529718532,-0.1671525
6322,80.56800000000001,-43.30528393340849,-0.1202325
6332,80.272,-42.69110256963171,-0.1085025
6341,79.976,-41.46273984207809,-0.07917750000000001
6351,79.384,-40.234377114524484,-0.06744750000000001
6362,78.792,-39.006014386970875,-0.0557175
6372,78.792,-37.777651659417266,-0.043987500000000006
6382,78.792,-36.54928893186365,-0.026392500000000003
6392,78.2,-36.54928893186365,0.014662500000000002
6403,77.90400000000001,-34.70674484053321,0.0909075
6412,77.31200000000001,-32.864200749202816,0.19061250000000002
6422,77.016,-30.407475294095597,0.2903175
6432,77.016,-28.564931202765205,0.41348250000000003
6443,77.016,-24.87984302010437,0.5366475
6453,76.72000000000001,-21.194754837443536,0.6774075
6463,76.424,-18.123848018559485,0.8240325000000001
6473,76.72000000000001,-15.667122563452264,0.9530625
6482,76.72000000000001,-11.36785301701465,1.0938225000000001
6493,77.016,-8.296946198130646,1.2287175000000001
6503,76.72000000000001,-5.226039379246594,1.3577475
6513,77.016,-2.769313924139372,1.4750475
6523,76.72000000000001,0.9157742585214133,1.5982125
6534,76.424,2.7583183498518538,1.7096475000000002
6544,76.72000000000001,6.443406532512687,1.8152175000000002
6553,76.424,7.671769260066298,1.9031925
6563,76.72000000000001,10.742676078950302,1.9970325000000002
6574,76.72000000000001,15.041945625387964,2.0850075
6584,76.72000000000001,15.656126989164745,2.1377925
6594,77.016,18.72703380804875,2.2023075000000003
6604,77.016,21.7979406269328,2.2668225
6615,77.608,26.097210173370417,2.3196075
6625,78.2,27.939754264700856,2.3547975
6634,78.49600000000001,30.396479719808077,2.3723925
6644,79.08800000000001,35.92411199379931,2.4193125
6654,79.68,40.22338154023692,2.4369075000000002
6665,80.272,39.609200176460135,2.4075825
6675,80.864,45.136832450451365,2.4193125
6685,81.456,49.43610199688898,2.4075825
6695,82.34400000000001,48.20773926933537,2.3489325
6705,82.936,54.34955290710342,2.3430675
6715,83.528,55.57791563465703,2.2902825
6725,84.12,54.34955290710342,2.2081725000000003
6735,85.00800000000001,56.19209699843386,2.1495225000000002
6746,85.896,56.80627836221064,2.0732775
6756,86.488,57.42045972598747,1.9970325000000002
6766,87.08000000000001,56.80627836221064,1.9031925
6775,87.968,58.03464108976426,1.8093525000000001
6786,88.85600000000001,56.19209699843386,1.7096475000000002
6796,89.152,55.57791563465703,1.6040775
6806,89.744,53.121190179549814,1.4867775
6816,90.33600000000001,51.27864608821942,1.3694775000000001
6827,90.632,48.8219206331122,1.2404475000000001
6837,91.52000000000001,45.136832450451365,1.1114175000000002
6847,91.52000000000001,40.83756290401375,0.9706575000000001
6856,91.816,36.53829335757609,0.8357625000000001
6866,91.816,32.85320517491525,0.6950025000000001
6877,92.11200000000001,26.711391537147247,0.5249175
6887,92.11200000000001,21.7979406269328,0.39002250000000005
6897,91.816,17.49867108049514,0.2844525
6907,92.11200000000001,12.585220170280742,0.20820750000000002
6918,91.816,8.28595062384308,0.1495575
6927,91.816,4.6008624411822465,0.09677250000000001
6937,91.816,-0.31258846903215015,0.07917750000000001
6947,92.11200000000001,-3.9976766516929834,0.043987500000000006
6958,92.11200000000001,-6.454402106800205,0.0087975
6968,92.11200000000001,-8.911127561907428,-0.0205275
6978,92.11200000000001,-10.753671653237868,-0.061582500000000005
6987,92.11200000000001,-12.59621574456826,-0.1026375
6998,92.11200000000001,-13.21039710834509,-0.1319625
7008,92.11200000000001,-14.4387598358987,-0.17301750000000002
7018,91.816,-15.052941199675482,-0.2023425
7028,92.11200000000001,-16.281303927229093,-0.2375325
7038,92.11200000000001,-16.281303927229093,-0.27272250000000003
7049,91.816,-17.509666654782706,-0.30791250000000003
7058,91.52000000000001,-17.509666654782706,-0.3313725
7068,91.52000000000001,-18.123848018559485,-0.35483250000000005
7078,91.224,-18.738029382336315,-0.37829250000000003
7089,90.632,-20.580573473666707,-0.41348250000000003
7099,90.632,-20.580573473666707,-0.42521250000000005
7109,90.04,-21.194754837443536,-0.43107750000000006
7118,89.744,-24.26566165632754,-0.45453750000000004
7129,89.744,-24.87984302010437,-0.46040250000000005
7139,89.44800000000001,-27.336568475211592,-0.4721325
7149,89.152,-29.179112566541985,-0.4779975
7159,88.56,-31.021656657872427,-0.4779975
7170,88.26400000000001,-32.250019385425986,-0.48386250000000003
7180,87.67200000000001,-34.70674484053321,-0.48386250000000003
7190,87.376,-35.32092620431004,-0.4721325
7199,86.784,-37.16347029564044,-0.46040250000000005
7209,86.19200000000001,-37.777651659417266,-0.45453750000000004
7220,86.19200000000001,-39.006014386970875,-0.4369425
7230,85.304,-40.234377114524484,-0.41348250000000003
7240,84.712,-42.07692120585488,-0.4076175
7250,84.712,-42.07692120585488,-0.37829250000000003
7261,83.528,-42.69110256963171,-0.35483250000000005
7270,83.528,-42.69110256963171,-0.3196425
7280,82.64,-42.69110256963171,-0.2844525
7290,82.64,-43.30528393340849,-0.2609925
7301,82.048,-43.30528393340849,-0.23166750000000003
7311,81.456,-43.30528393340849,-0.19061250000000002
7321,80.864,-42.69110256963171,-0.15542250000000002
7331,80.56800000000001,-42.07692120585488,-0.1260975
7341,79.976,-41.46273984207809,-0.0909075
7351,79.68,-40.234377114524484,-0.07917750000000001
7361,79.08800000000001,-39.006014386970875,-0.061582500000000005
7371,78.792,-38.391833023194046,-0.043987500000000006
7382,78.792,-37.16347029564044,-0.043987500000000006
7392,78.2,-35.93510756808682,-0.026392500000000003
7402,77.90400000000001,-35.32092620431004,0.0205275
7411,77.608,-34.09256347675643,0.09677250000000001
7421,77.31200000000001,-31.635838021649207,0.19061250000000002
7432,77.016,-29.793293930318814,0.31377750000000004
7442,77.016,-27.336568475211592,0.4369425
7452,76.72000000000001,-23.65148029255076,0.5659725
7462,76.72000000000001,-20.580573473666707,0.6950025000000001
7473,76.72000000000001,-18.738029382336315,0.8298975000000001
7482,77.016,-14.4387598358987,0.9706575000000001
7492,76.72000000000001,-10.753671653237868,1.1055525000000002
7502,76.72000000000001,-7.682764834353816,1.2404475000000001
7513,76.424,-5.840220743023424,1.3694775000000001
7523,76.424,-2.1551325603625906,1.4867775
7533,76.72000000000001,0.3015928947446316,1.6040775
7543,76.72000000000001,2.7583183498518538,1.7096475000000002
7553,77.016,5.215043804959076,1.8152175000000002
7563,77.016,8.90013198761991,1.9149225
7573,76.72000000000001,11.356857442727131,2.0028975
7583,76.72000000000001,12.585220170280742,2.0674125
7593,76.424,16.270308352941527,2.1436575
7604,77.016,19.95539653560236,2.2140375000000003
7613,77.31200000000001,24.25466608204002,2.2609575
7623,77.90400000000001,24.25466608204002,2.3137425
7633,77.90400000000001,30.396479719808077,2.3723925
7644,78.49600000000001,29.782298356031248,2.3665275
7654,79.08800000000001,34.08156790246886,2.3899875
7664,79.68,37.15247472135292,2.4017175
7674,80.56800000000001,39.609200176460135,2.4075825
7685,81.16000000000001,42.68010699534414,2.3899875
7694,81.456,45.136832450451365,2.3665275
7704,82.34400000000001,48.8219206331122,2.3430675
7714,82.936,50.66446472444259,2.3078775
7725,83.528,54.96373427088025,2.2902825
7735,84.712,54.96373427088025,2.2140375000000003
7745,85.304,56.19209699843386,2.1377925
7755,85.60000000000001,56.80627836221064,2.0615475
7764,86.488,57.42045972598747,1.9911675000000002
7775,87.376,57.42045972598747,1.9031925
7785,87.67200000000001,59.877185181094696,1.8328125000000002
7795,88.56,57.42045972598747,1.7096475000000002
7805,89.152,56.19209699843386,1.5982125
7816,90.04,54.96373427088025,1.4867775
7826,90.33600000000001,51.8928274519962,1.3577475
7835,90.92800000000001,48.8219206331122,1.2228525000000001
7845,91.52000000000001,45.136832450451365,1.0820925000000001
7856,91.816,42.06592563156736,0.9530625
7866,91.816,37.15247472135292,0.8123025
7876,92.11200000000001,31.62484244736169,0.6598125
7886,92.11200000000001,26.711391537147247,0.5249175
7897,92.11200000000001,21.7979406269328,0.38415750000000004
7906,92.11200000000001,16.270308352941527,0.2844525
7916,92.11200000000001,12.585220170280742,0.20820750000000002
7926,92.11200000000001,8.90013198761991,0.15542250000000002
7937,92.11200000000001,5.215043804959076,0.1026375
7947,92.11200000000001,0.9157742585214133,0.0733125
7957,92.11200000000001,-3.3834952879162015,0.043987500000000006
7967,92.11200000000001,-5.840220743023424,0.0087975
7976,92.11200000000001,-8.296946198130646,-0.0205275
7987,92.11200000000001,-10.139490289461039,-0.061582500000000005
7997,91.816,-11.36785301701465,-0.09677250000000001
8007,92.11200000000001,-13.824578472121871,-0.1319625
8017,92.11200000000001,-15.052941199675482,-0.17301750000000002
8028,92.11200000000001,-15.052941199675482,-0.20820750000000002
8037,92.11200000000001,-16.281303927229093,-0.23166750000000003
8047,92.11200000000001,-16.895485291005876,-0.27858750000000004
8057,91.816,-18.123848018559485,-0.3020475
8068,91.52000000000001,-18.738029382336315,-0.3372375
8078,91.224,-19.352210746113098,-0.3606975
8088,91.224,-19.352210746113098,-0.38415750000000004
8098,90.632,-20.580573473666707,-0.4017525
8108,90.632,-21.80893620122032,-0.42521250000000005
8118,90.33600000000001,-23.037298928773932,-0.43107750000000006
8128,90.04,-24.87984302010437,-0.4428075
8138,89.44800000000001,-27.336568475211592,-0.46040250000000005
8148,89.152,-29.179112566541985,-0.46626750000000006
8159,88.85600000000001,-31.021656657872427,-0.48386250000000003
8168,88.26400000000001,-33.4783821129796,-0.48386250000000003
8178,87.968,-34.09256347675643,-0.48386250000000003
8188,87.67200000000001,-35.32092620431004,-0.4779975
8199,87.08000000000001,-36.54928893186365,-0.46626750000000006
8209,86.784,-37.16347029564044,-0.46040250000000005
8219,86.19200000000001,-39.006014386970875,-0.45453750000000004
8229,85.60000000000001,-40.848558478301264,-0.4369425
8240,85.00800000000001,-40.234377114524484,-0.4017525
8249,84.712,-42.07692120585488,-0.3958875
8259,84.12,-43.30528393340849,-0.37829250000000003
8269,83.528,-42.69110256963171,-0.34310250000000003
8280,83.232,-43.91946529718532,-0.3313725
8290,82.64,-43.30528393340849,-0.2903175
8300,82.048,-44.5336466609621,-0.2668575
8310,81.456,-43.30528393340849,-0.22580250000000002
8320,81.16000000000001,-43.91946529718532,-0.19647750000000003
8330,80.864,-43.91946529718532,-0.1612875
8340,80.272,-42.07692120585488,-0.1260975
8350,79.976,-42.07692120585488,-0.1026375
8360,79.384,-40.234377114524484,-0.0733125
8371,78.792,-39.620195750747655,-0.061582500000000005
8381,78.49600000000001,-38.391833023194046,-0.0498525
8390,78.49600000000001,-37.16347029564044,-0.043987500000000006
8400,78.2,-36.54928893186365,-0.026392500000000003
8411,77.608,-35.32092620431004,0.0322575
8421,77.31200000000001,-34.09256347675643,0.1085025
8431,77.016,-31.635838021649207,0.20820750000000002
8441,76.72000000000001,-29.179112566541985,0.3196425
8451,76.72000000000001,-26.722387111434763,0.4428075
8461,76.424,-23.65148029255076,0.5601075000000001
8471,76.424,-19.352210746113098,0.7067325000000001
8481,76.72000000000001,-16.281303927229093,0.8357625000000001
8492,76.424,-13.824578472121871,0.9647925
8502,76.424,-11.982034380791479,1.1055525000000002
8512,76.128,-7.0685834705770345,1.2521775000000002
8521,76.424,-6.454402106800205,1.3636125000000001
8531,76.72000000000001,-4.611858015469813,1.4867775
8542,76.424,-0.9267698328089795,1.5982125
8552,76.424,2.1441369860750243,1.7155125000000002
8562,76.72000000000001,5.215043804959076,1.8210825000000002
8572,76.424,7.057587896289468,1.9149225
8582,76.72000000000001,11.356857442727131,2.0204925
8592,76.424,12.585220170280742,2.0850075
8602,76.128,15.041945625387964,2.1553875000000002
8612,76.72000000000001,17.49867108049514,2.2140375000000003
8623,77.016,20.56957789937919,2.2726875
8633,77.016,23.640484718263195,2.3196075
8643,77.608,26.711391537147247,2.3430675
8652,78.2,31.01066108358486,2.3841225
8663,78.792,36.53829335757609,2.4310425
8673,79.384,35.30993063002248,2.3958525
8683,79.976,39.609200176460135,2.4075825
8693,80.272,42.06592563156736,2.4017175
8704,81.16000000000001,44.52265108667458,2.3723925
8714,81.75200000000001,51.27864608821942,2.3782575
8723,82.34400000000001,51.8928274519962,2.3254725
8733,83.528,53.121190179549814,2.2726875
8743,83.82400000000001,53.73537154332664,2.2023075000000003
8754,84.41600000000001,56.19209699843386,2.1495225000000002
8764,85.60000000000001,56.80627836221064,2.0674125
8774,86.19200000000001,58.03464108976426,1.9794375000000002
8784,86.488,56.80627836221064,1.8855975
8794,87.376,56.80627836221064,1.7858925
8805,87.968,57.42045972598747,1.7037825000000002
8815,88.85600000000001,55.57791563465703,1.5688875000000002
8825,89.44800000000001,52.50700881577303,1.4515875
8835,90.04,52.50700881577303,1.3342875
8845,90.33600000000001,48.20773926933537,1.2052575
8855,90.92800000000001,43.90846972289775,1.0762275000000001
8865,91.224,40.22338154023692,0.9296025000000001
8876,91.52000000000001,35.92411199379931,0.7947075
8886,91.52000000000001,31.62484244736169,0.6539475
8895,91.52000000000001,26.711391537147247,0.5073225
8905,91.52000000000001,21.18375926315597,0.3724275
8915,91.52000000000001,16.270308352941527,0.27272250000000003
8926,91.52000000000001,11.971038806503913,0.19647750000000003
8936,91.52000000000001,7.671769260066298,0.13782750000000002
8946,91.52000000000001,5.215043804959076,0.09677250000000001
8956,91.52000000000001,2.1441369860750243,0.06744750000000001
8966,91.52000000000001,-2.769313924139372,0.038122500000000004
8976,91.52000000000001,-5.226039379246594,0.0087975
8986,91.52000000000001,-7.682764834353816,-0.026392500000000003
8996,91.52000000000001,-10.139490289461039,-0.06744750000000001
9007,91.224,-10.753671653237868,-0.1085025
9017,91.52000000000001,-11.982034380791479,-0.1436925
9027,91.52000000000001,-12.59621574456826,-0.17301750000000002
9036,91.52000000000001,-13.21039710834509,-0.20820750000000002
9047,91.52000000000001,-13.824578472121871,-0.2375325
9057,91.52000000000001,-13.824578472121871,-0.2668575
9067,91.816,-15.052941199675482,-0.30791250000000003
9077,91.52000000000001,-15.667122563452264,-0.3372375
9088,91.52000000000001,-16.281303927229093,-0.3606975
9098,90.92800000000001,-16.895485291005876,-0.38415750000000004
9107,90.92800000000001,-18.738029382336315,-0.4076175
9117,90.632,-19.352210746113098,-0.41934750000000004
9127,90.33600000000001,-22.42311756499715,-0.44867250000000003
9138,89.744,-22.42311756499715,-0.45453750000000004
9148,89.744,-23.65148029255076,-0.46040250000000005
9158,89.152,-26.108205747657983,-0.4721325
9167,88.85600000000001,-27.950749838988376,-0.4721325
9178,88.26400000000001,-30.407475294095597,-0.48386250000000003
9188,88.26400000000001,-31.021656657872427,-0.48386250000000003
9198,87.67200000000001,-32.864200749202816,-0.4721325
9208,87.376,-34.70674484053321,-0.46626750000000006
9219,86.784,-35.93510756808682,-0.46626750000000006
9229,86.19200000000001,-36.54928893186365,-0.4428075
9238,85.896,-38.391833023194046,-0.4369425
9248,85.304,-39.620195750747655,-0.41934750000000004
9259,85.00800000000001,-40.848558478301264,-0.3958875
9269,84.712,-40.234377114524484,-0.3724275
9279,84.12,-41.46273984207809,-0.35483250000000005
9289,83.528,-40.848558478301264,-0.3196425
9299,82.936,-40.848558478301264,-0.2903175
9309,82.34400000000001,-42.07692120585488,-0.2668575
9319,82.34400000000001,-41.46273984207809,-0.22580250000000002
9329,81.75200000000001,-40.848558478301264,-0.19061250000000002
9339,81.456,-41.46273984207809,-0.1612875
9350,80.864,-40.234377114524484,-0.1202325
9360,80.272,-40.234377114524484,-0.09677250000000001
9370,79.976,-39.006014386970875,-0.07917750000000001
9379,79.68,-37.777651659417266,-0.06744750000000001
9390,79.384,-35.93510756808682,-0.0498525
9400,79.384,-34.70674484053321,-0.038122500000000004
9410,78.792,-34.09256347675643,-0.0205275
9420,78.2,-33.4783821129796,0.038122500000000004
9431,78.2,-32.250019385425986,0.1085025
9441,77.90400000000001,-30.407475294095597,0.2199375
9450,77.608,-28.564931202765205,0.3313725
9460,77.608,-25.494024383881154,0.45453750000000004
9470,77.31200000000001,-21.80893620122032,0.5718375
9481,77.31200000000001,-19.352210746113098,0.7067325000000001
9491,77.31200000000001,-15.667122563452264,0.8474925000000001
9501,77.31200000000001,-11.36785301701465,0.9823875000000001
9511,77.31200000000001,-8.911127561907428,1.1114175000000002
9521,77.608,-6.454402106800205,1.2463125000000002
9531,77.31200000000001,-3.9976766516929834,1.3694775000000001
9541,77.31200000000001,-0.31258846903215015,1.4985075
9551,77.31200000000001,1.5299556222982427,1.6216725
9562,77.31200000000001,4.6008624411822465,1.7272425
9572,77.016,7.057587896289468,1.8328125000000002
9581,77.31200000000001,10.12849471517352,1.9207875
9591,77.31200000000001,11.356857442727131,2.0146275
9602,77.016,15.041945625387964,2.0850075
9612,77.31200000000001,17.49867108049514,2.1612525000000002
9622,77.31200000000001,18.72703380804875,2.2081725000000003
9632,77.90400000000001,22.412121990709583,2.2785525
9643,78.2,25.483028809593634,2.3196075
9652,78.792,28.55393562847764,2.3547975
9662,79.384,31.62484244736169,2.3782575
9672,79.68,37.15247472135292,2.4251775
9682,80.56800000000001,37.766656085129696,2.4075825
9693,80.864,40.22338154023692,2.4017175
9703,81.456,43.29428835912097,2.3899875
9713,82.048,45.751013814228195,2.3723925
9723,82.936,48.8219206331122,2.3430675
9733,83.528,50.05028336066581,2.2961475
9743,84.41600000000001,53.73537154332664,2.2550925
9753,85.00800000000001,54.34955290710342,2.1905775000000003
9763,85.896,58.64882245354109,2.1495225000000002
9774,86.488,56.80627836221064,2.0556825
9784,87.08000000000001,57.42045972598747,1.9677075000000002
9794,87.968,57.42045972598747,1.8797325
9805,88.56,56.80627836221064,1.7741625
9816,89.44800000000001,56.19209699843386,1.6744575000000002
9825,89.744,56.19209699843386,1.5923475
9835,90.33600000000001,52.50700881577303,1.4633175
9845,90.92800000000001,50.05028336066581,1.3342875
9856,91.52000000000001,47.59355790555858,1.2111225
9866,91.816,43.90846972289775,1.0762275000000001
9876,92.408,39.609200176460135,0.9354675000000001
9885,92.70400000000001,35.30993063002248,0.7947075
9895,92.70400000000001,30.396479719808077,0.6422175
9906,92.70400000000001,24.868847445816805,0.48972750000000004
9916,92.408,20.56957789937919,0.3665625
9926,92.408,16.270308352941527,0.2668575
9936,92.70400000000001,10.742676078950302,0.19061250000000002
9947,92.408,7.057587896289468,0.13782750000000002
9956,92.408,2.7583183498518538,0.09677250000000001
9966,92.70400000000001,-1.5409511965857612,0.061582500000000005
9976,92.70400000000001,-4.611858015469813,0.0322575
9987,92.70400000000001,-7.0685834705770345,0.0029325
9997,92.408,-10.753671653237868,-0.043987500000000006
10007,92.70400000000001,-10.753671653237868,-0.06744750000000001
10017,92.408,-11.982034380791479,-0.1026375
10027,92.70400000000001,-13.824578472121871,-0.1436925
10037,92.408,-15.052941199675482,-0.1788825
10047,92.408,-17.509666654782706,-0.21407250000000003
10057,92.408,-18.123848018559485,-0.24926250000000003
10067,92.11200000000001,-19.352210746113098,-0.27858750000000004
10078,92.11200000000001,-19.352210746113098,-0.3020475
10088,91.816,-20.580573473666707,-0.3372375
10097,91.52000000000001,-21.194754837443536,-0.3606975
10107,91.224,-22.42311756499715,-0.38415750000000004
10118,90.92800000000001,-23.037298928773932,-0.4017525
10128,90.632,-23.65148029255076,-0.42521250000000005
10138,90.33600000000001,-25.494024383881154,-0.4428075
10148,90.04,-26.108205747657983,-0.45453750000000004
10159,89.744,-27.950749838988376,-0.46626750000000006
10168,89.152,-29.179112566541985,-0.46626750000000006
10178,88.85600000000001,-31.021656657872427,-0.4779975
10188,88.56,-33.4783821129796,-0.4779975
10199,87.968,-34.70674484053321,-0.48972750000000004
10209,87.67200000000001,-35.93510756808682,-0.4779975
10219,86.784,-39.006014386970875,-0.48386250000000003
10229,86.784,-39.006014386970875,-0.46626750000000006
10238,86.19200000000001,-39.620195750747655,-0.44867250000000003
10249,85.60000000000001,-40.848558478301264,-0.43107750000000006
10259,85.304,-40.848558478301264,-0.41348250000000003
10269,84.41600000000001,-42.69110256963171,-0.39002250000000005
10279,84.12,-43.30528393340849,-0.3665625
10290,83.82400000000001,-43.30528393340849,-0.34896750000000004
10300,82.936,-43.91946529718532,-0.3255075
10309,82.936,-45.14782802473893,-0.2961825
10319,82.048,-43.91946529718532,-0.24339750000000002
10330,81.75200000000001,-43.91946529718532,-0.22580250000000002
10340,81.16000000000001,-43.30528393340849,-0.19061250000000002
10350,80.864,-43.30528393340849,-0.15542250000000002
10360,80.272,-42.69110256963171,-0.11436750000000001
10371,79.68,-41.46273984207809,-0.09677250000000001
10381,79.384,-40.848558478301264,-0.08504250000000001
10390,79.08800000000001,-39.620195750747655,-0.0557175
10400,78.49600000000001,-37.16347029564044,-0.043987500000000006
10411,78.49600000000001,-37.16347029564044,-0.043987500000000006
10421,78.2,-35.93510756808682,-0.0205275
10431,77.608,-35.32092620431004,0.0322575
10441,77.31200000000001,-33.4783821129796,0.1202325
10451,77.016,-31.635838021649207,0.22580250000000002
10461,77.016,-28.564931202765205,0.34310250000000003
10471,76.72000000000001,-26.108205747657983,0.46626750000000006
10481,76.424,-23.037298928773932,0.5894325
10491,76.424,-19.352210746113098,0.7243275
10502,76.424,-14.4387598358987,0.8650875
10512,76.424,-10.753671653237868,0.9999825000000001
10521,76.72000000000001,-8.296946198130646,1.1348775
10531,76.424,-5.226039379246594,1.2639075000000002
10542,76.72000000000001,-2.1551325603625906,1.3929375000000002
10552,76.424,0.9157742585214133,1.5043725000000001
10562,76.424,3.9866810774054646,1.6334025
10572,76.424,5.215043804959076,1.7331075
10583,76.72000000000001,7.057587896289468,1.8386775000000002
10593,77.016,8.90013198761991,1.9266525
10602,76.72000000000001,11.356857442727131,2.0146275
10612,76.424,14.427764261611134,2.0908725
10622,76.72000000000001,16.884489716718356,2.1612525000000002
10633,76.72000000000001,19.341215171825578,2.2199025000000003
10643,77.016,22.412121990709583,2.2785525
10653,77.608,28.55393562847764,2.3547975
10663,77.90400000000001,28.55393562847764,2.3606625
10674,78.49600000000001,32.23902381113847,2.3841225
10683,79.384,34.08156790246886,2.3899875
10693,79.384,37.15247472135292,2.4017175
10703,80.272,40.83756290401375,2.4134475
10714,81.16000000000001,43.29428835912097,2.3841225
10724,81.456,46.365195178004974,2.3665275
10734,82.048,48.8219206331122,2.3372025
10744,82.64,50.66446472444259,2.3020125
10754,83.232,52.50700881577303,2.2609575
10764,84.12,55.57791563465703,2.2140375000000003
10774,84.712,58.03464108976426,2.1612525000000002
10784,85.60000000000001,56.80627836221064,2.0498175
10795,86.488,57.42045972598747,1.9794375000000002
10805,87.376,57.42045972598747,1.8797325
10815,88.26400000000001,58.03464108976426,1.7858925
10824,88.26400000000001,58.03464108976426,1.6979175000000002
10834,89.152,54.96373427088025,1.5747525000000002
10845,89.744,53.121190179549814,1.4515875
10855,90.04,51.27864608821942,1.3401525
10865,90.632,46.979376541781804,1.1993925
10875,91.224,44.52265108667458,1.0586325
10886,91.816,40.22338154023692,0.9178725000000001
10896,91.816,35.92411199379931,0.7829775000000001
10906,92.11200000000001,30.396479719808077,0.6422175
10915,91.816,26.097210173370417,0.4779975
10926,91.816,19.95539653560236,0.35483250000000005
10936,91.816,15.656126989164745,0.2551275
10946,91.816,11.356857442727131,0.19061250000000002
10956,91.816,7.671769260066298,0.1319625
10967,91.816,4.6008624411822465,0.0909075
10977,91.816,-0.31258846903215015,0.061582500000000005
10986,91.816,-4.611858015469813,0.0322575
10996,91.816,-8.911127561907428,-0.0087975
11006,91.816,-9.525308925684257,-0.038122500000000004
11017,91.816,-10.753671653237868,-0.06744750000000001
11027,91.816,-11.982034380791479,-0.1085025
11037,91.816,-13.21039710834509,-0.13782750000000002
11047,91.816,-15.052941199675482,-0.1788825
11057,91.816,-15.052941199675482,-0.21407250000000003
11067,92.408,-15.667122563452264,-0.24926250000000003
11077,91.816,-15.667122563452264,-0.2844525
11087,91.52000000000001,-17.509666654782706,-0.3255075
11098,91.52000000000001,-17.509666654782706,-0.34310250000000003
11108,90.92800000000001,-19.966392109889927,-0.37829250000000003
11117,90.92800000000001,-18.738029382336315,-0.38415750000000004
11127,90.632,-19.352210746113098,-0.4076175
11138,90.632,-20.580573473666707,-0.42521250000000005
11148,90.04,-21.80893620122032,-0.42521250000000005
11158,90.04,-23.65148029255076,-0.4428075
11168,89.44800000000001,-26.108205747657983,-0.46040250000000005
11179,89.152,-27.950749838988376,-0.4721325
11188,88.85600000000001,-29.793293930318814,-0.4779975
11198,88.26400000000001,-32.250019385425986,-0.48386250000000003
11208,87.67200000000001,-33.4783821129796,-0.48972750000000004
11218,87.376,-34.70674484053321,-0.4721325
11229,87.08000000000001,-36.54928893186365,-0.48386250000000003
11239,86.784,-37.16347029564044,-0.46040250000000005
11249,86.19200000000001,-37.16347029564044,-0.4428075
11258,85.896,-39.620195750747655,-0.43107750000000006
11269,85.00800000000001,-40.848558478301264,-0.42521250000000005
11279,84.41600000000001,-40.234377114524484,-0.37829250000000003
11289,84.12,-42.07692120585488,-0.3724275
11299,83.232,-42.69110256963171,-0.35483250000000005
11310,82.936,-42.69110256963171,-0.3255075
11320,82.64,-43.30528393340849,-0.2903175
11329,82.048,-42.07692120585488,-0.2551275
11339,81.456,-42.69110256963171,-0.21407250000000003
11350,80.864,-42.69110256963171,-0.1847475
11360,80.864,-42.69110256963171,-0.1436925
11370,80.272,-41.46273984207809,-0.11436750000000001
11380,79.68,-40.848558478301264,-0.0909075
11390,79.384,-39.620195750747655,-0.0733125
11400,78.792,-39.006014386970875,-0.0557175
11410,78.49600000000001,-37.777651659417266,-0.0498525
11420,78.49600000000001,-37.16347029564044,-0.038122500000000004
11430,78.2,-35.93510756808682,-0.0205275
11441,77.608,-35.32092620431004,0.038122500000000004
11451,77.31200000000001,-32.864200749202816,0.13782750000000002
11461,77.016,-31.635838021649207,0.23166750000000003
11470,77.016,-28.564931202765205,0.34310250000000003
11481,76.72000000000001,-26.108205747657983,0.4721325
11491,76.424,-23.037298928773932,0.5952975
11501,76.72000000000001,-19.352210746113098,0.7301925
11511,76.424,-15.052941199675482,0.8709525
11522,76.72000000000001,-11.36785301701465,0.9999825000000001
11532,76.424,-8.296946198130646,1.1348775
11541,76.72000000000001,-5.840220743023424,1.2697725000000002
11551,76.72000000000001,-2.769313924139372,1.3988025000000002
11561,76.72000000000001,0.9157742585214133,1.5161025000000001
11572,76.72000000000001,2.1441369860750243,1.6392675
11582,76.424,4.6008624411822465,1.7448375
11592,76.72000000000001,7.057587896289468,1.8386775000000002
11602,76.72000000000001,8.90013198761991,1.9325175
11612,76.72000000000001,11.356857442727131,2.0204925
11622,76.424,13.813582897834353,2.0908725
11632,76.72000000000001,16.270308352941527,2.1612525000000002
11642,77.016,20.56957789937919,2.2316325000000004
11653,77.016,22.412121990709583,2.2785525
11663,77.608,25.483028809593634,2.3196075
11673,78.2,27.939754264700856,2.3547975
11682,78.49600000000001,31.62484244736169,2.3841225
11693,79.384,34.69574926624569,2.4017175
11703,79.68,37.766656085129696,2.4075825
11713,80.272,40.22338154023692,2.4017175
11723,80.864,43.29428835912097,2.3899875
11732,81.456,45.751013814228195,2.3723925
11743,82.34400000000001,48.8219206331122,2.3430675
11753,82.936,52.50700881577303,2.3196075
11763,83.528,52.50700881577303,2.2550925
11773,84.12,54.34955290710342,2.2023075000000003
11784,85.00800000000001,55.57791563465703,2.1319275
11793,85.60000000000001,59.263003817317866,2.0791425
11803,86.488,57.42045972598747,1.9677075000000002
11813,87.08000000000001,58.03464108976426,1.8738675000000002
11824,87.67200000000001,56.80627836221064,1.7741625
11834,88.85600000000001,54.96373427088025,1.6803225000000002
11844,89.152,54.96373427088025,1.5571575000000002
11854,89.744,53.121190179549814,1.4398575
11865,90.33600000000001,50.66446472444259,1.3166925
11874,90.632,47.59355790555858,1.1817975
11884,90.92800000000001,43.90846972289775,1.0527675
11894,91.52000000000001,38.995018812683305,0.9120075000000001
11905,91.52000000000001,36.53829335757609,0.7829775000000001
11915,91.52000000000001,29.782298356031248,0.6246225000000001
11925,91.52000000000001,24.868847445816805,0.4721325
11934,91.816,19.341215171825578,0.3606975
11945,91.52000000000001,15.041945625387964,0.2551275
11955,91.816,10.742676078950302,0.19061250000000002
11965,91.816,7.057587896289468,0.1319625
11975,91.52000000000001,2.7583183498518538,0.0909075
11985,91.816,-1.5409511965857612,0.06744750000000001
11996,91.816,-5.226039379246594,0.0322575
12006,91.816,-7.0685834705770345,-0.0029325
12015,91.816,-9.525308925684257,-0.043987500000000006
12025,91.52000000000001,-10.753671653237868,-0.07917750000000001
12036,91.816,-11.982034380791479,-0.1085025
12046,91.816,-12.59621574456826,-0.1495575
12056,91.52000000000001,-13.824578472121871,-0.1847475
12066,92.11200000000001,-13.824578472121871,-0.21407250000000003
12077,91.816,-14.4387598358987,-0.24926250000000003
12086,91.224,-15.667122563452264,-0.2961825
12096,91.52000000000001,-15.667122563452264,-0.31377750000000004
12106,91.52000000000001,-16.281303927229093,-0.34310250000000003
12116,90.92800000000001,-16.895485291005876,-0.3606975
12127,90.92800000000001,-18.123848018559485,-0.38415750000000004
12137,90.632,-18.738029382336315,-0.4017525
12146,90.632,-19.966392109889927,-0.41934750000000004
12156,90.04,-21.80893620122032,-0.4369425
12167,89.744,-23.037298928773932,-0.45453750000000004
12177,89.44800000000001,-24.87984302010437,-0.46626750000000006
12187,89.152,-26.722387111434763,-0.4721325
12197,88.85600000000001,-28.564931202765205,-0.4779975
12208,88.26400000000001,-30.407475294095597,-0.4779975
12217,87.968,-31.021656657872427,-0.46626750000000006
12227,87.67200000000001,-34.09256347675643,-0.4779975
12237,87.376,-32.864200749202816,-0.4721325
12248,86.784,-36.54928893186365,-0.46040250000000005
12258,86.488,-37.16347029564044,-0.4369425
12268,85.896,-38.391833023194046,-0.42521250000000005
12278,85.304,-40.234377114524484,-0.41348250000000003
12288,85.00800000000001,-40.234377114524484,-0.39002250000000005
12298,84.41600000000001,-40.848558478301264,-0.3724275
12308,83.82400000000001,-41.46273984207809,-0.34310250000000003
12318,83.232,-41.46273984207809,-0.31377750000000004
12328,82.936,-42.07692120585488,-0.2844525
12339,82.34400000000001,-41.46273984207809,-0.2551275
12349,81.75200000000001,-42.07692120585488,-0.2199375
12358,81.456,-42.07692120585488,-0.1847475
12368,80.864,-42.07692120585488,-0.1495575
12379,80.56800000000001,-40.848558478301264,-0.1202325
12389,79.976,-39.620195750747655,-0.0909075
12399,79.68,-38.391833023194046,-0.06744750000000001
12409,79.384,-37.16347029564044,-0.0498525
12419,78.792,-37.16347029564044,-0.0557175
12429,79.08800000000001,-36.54928893186365,-0.038122500000000004
12439,78.49600000000001,-35.32092620431004,-0.0205275
12449,77.90400000000001,-34.09256347675643,0.043987500000000006
12460,77.90400000000001,-32.864200749202816,0.1260975
12470,77.31200000000001,-30.407475294095597,0.2375325
12480,77.31200000000001,-28.564931202765205,0.34896750000000004
12490,77.016,-26.108205747657983,0.4779975
12499,77.016,-23.037298928773932,0.6011625
12510,77.016,-19.352210746113098,0.7301925
12520,77.016,-15.667122563452264,0.8709525
12530,77.016,-12.59621574456826,1.0058475
12540,77.016,-8.911127561907428,1.1524725
12551,77.016,-8.296946198130646,1.2697725000000002
12561,77.016,-5.226039379246594,1.4105325000000002
12570,77.016,-2.1551325603625906,1.5219675000000001
12580,77.016,1.5299556222982427,1.6392675
12591,77.016,3.372499713628635,1.7507025
12601,77.016,6.443406532512687,1.8504075000000002
12611,77.016,10.12849471517352,1.9559775000000001
12621,76.72000000000001,11.971038806503913,2.0146275
12632,76.72000000000001,14.427764261611134,2.0967375
12641,77.016,18.11285244427197,2.1847125000000003
12651,77.608,23.026303354486412,2.2550925
12661,77.31200000000001,24.25466608204002,2.3020125
12672,77.90400000000001,26.097210173370417,2.3372025
12682,78.49600000000001,31.01066108358486,2.3782575
12692,79.08800000000001,33.46738653869208,2.3899875
12702,79.384,33.46738653869208,2.3841225
12711,80.272,38.380837448906526,2.4075825
12722,80.56800000000001,41.45174426779053,2.4017175
12732,81.16000000000001,43.29428835912097,2.3899875
12742,82.048,47.59355790555858,2.3723925
12752,82.936,49.43610199688898,2.3430675
12763,83.82400000000001,51.27864608821942,2.2961475
12773,84.41600000000001,54.34955290710342,2.2492275000000004
12782,85.00800000000001,55.57791563465703,2.1905775000000003
12792,85.60000000000001,59.263003817317866,2.1319275
12803,86.488,58.64882245354109,2.0498175
12813,87.08000000000001,58.64882245354109,1.9559775000000001
12823,87.968,58.03464108976426,1.8562725000000002
12833,88.56,58.64882245354109,1.7682975
12844,89.152,57.42045972598747,1.6568625000000001
12853,89.744,55.57791563465703,1.5454275000000002
12863,90.33600000000001,53.73537154332664,1.4339925
12873,90.92800000000001,51.27864608821942,1.3166925
12883,91.52000000000001,47.59355790555858,1.1876625
12894,91.816,43.90846972289775,1.0527675
12904,92.11200000000001,39.609200176460135,0.9120075000000001
12914,92.408,35.30993063002248,0.7712475000000001
12924,92.408,30.396479719808077,0.6304875000000001
12934,92.408,24.25466608204002,0.4721325
12944,92.408,19.95539653560236,0.34896750000000004
12954,92.408,14.427764261611134,0.2668575
12964,92.408,9.51431335139669,0.1788825
12975,92.11200000000001,3.9866810774054646,0.11436750000000001
12985,92.408,0.3015928947446316,0.0909075
12995,92.408,-3.3834952879162015,0.06744750000000001
13004,92.70400000000001,-5.840220743023424,0.0322575
13015,92.408,-8.296946198130646,-0.0029325
13025,92.408,-10.139490289461039,-0.0322575
13035,92.408,-11.36785301701465,-0.07917750000000001
13045,92.408,-13.21039710834509,-0.11436750000000001
13056,92.408,-14.4387598358987,-0.13782750000000002
13065,92.408,-15.667122563452264,-0.1847475
13075,92.408,-16.895485291005876,-0.21407250000000003
13085,92.408,-18.123848018559485,-0.2551275
13095,92.11200000000001,-19.352210746113098,-0.2844525
13106,91.816,-19.352210746113098,-0.31377750000000004
13116,91.52000000000001,-21.194754837443536,-0.3313725
13126,91.224,-21.194754837443536,-0.3665625
13135,90.92800000000001,-23.65148029255076,-0.39002250000000005
13146,90.92800000000001,-23.037298928773932,-0.4017525
13156,90.04,-24.87984302010437,-0.42521250000000005
13166,90.33600000000001,-26.108205747657983,-0.44867250000000003
13176,89.744,-27.950749838988376,-0.46040250000000005
13187,89.44800000000001,-29.179112566541985,-0.46040250000000005
13197,88.85600000000001,-30.407475294095597,-0.46626750000000006
13207,88.56,-33.4783821129796,-0.48386250000000003
13216,87.968,-35.32092620431004,-0.48972750000000004
13227,87.67200000000001,-35.93510756808682,-0.4779975
13237,87.08000000000001,-36.54928893186365,-0.4721325
13247,87.08000000000001,-38.391833023194046,-0.4721325
13257,86.488,-40.234377114524484,-0.45453750000000004
13267,85.896,-40.848558478301264,-0.4369425
13278,85.304,-42.69110256963171,-0.42521250000000005
13287,84.712,-43.30528393340849,-0.4076175
13297,84.41600000000001,-43.91946529718532,-0.39002250000000005
13307,83.528,-43.91946529718532,-0.3665625
13318,83.232,-45.14782802473893,-0.34310250000000003
13328,82.64,-45.14782802473893,-0.30791250000000003
13338,82.34400000000001,-45.14782802473893,-0.27858750000000004
13347,81.75200000000001,-45.76200938851571,-0.24926250000000003
13358,81.16000000000001,-45.76200938851571,-0.2199375
13368,80.56800000000001,-45.14782802473893,-0.1788825
13378,80.272,-44.5336466609621,-0.1436925
13388,79.68,-43.30528393340849,-0.1085025
13399,79.68,-42.69110256963171,-0.0909075
13409,78.792,-40.234377114524484,-0.06744750000000001
13418,78.2,-39.620195750747655,-0.0498525
13428,77.608,-40.848558478301264,-0.06744750000000001
13438,77.90400000000001,-38.391833023194046,-0.043987500000000006
13449,77.608,-37.16347029564044,-0.0087975
13459,77.31200000000001,-35.32092620431004,0.043987500000000006
13469,77.016,-33.4783821129796,0.1319625
13479,76.424,-31.021656657872427,0.2375325
13489,76.72000000000001,-27.950749838988376,0.3606975
13499,76.128,-26.108205747657983,0.48386250000000003
13509,76.128,-23.037298928773932,0.6011625
13519,76.128,-19.966392109889927,0.7477875
13530,76.128,-16.895485291005876,0.8885475
13540,75.832,-13.824578472121871,1.0234425
13550,76.128,-11.36785301701465,1.1583375
13559,75.832,-9.525308925684257,1.2873675
13570,76.128,-5.840220743023424,1.4222625000000002
13580,76.128,-3.3834952879162015,1.5395625000000002
13590,75.832,-0.9267698328089795,1.6509975000000001
13600,76.128,2.1441369860750243,1.7507025
13611,76.128,3.9866810774054646,1.8562725000000002
13620,76.128,8.28595062384308,1.9618425000000002
13630,76.128,8.90013198761991,2.0380875
13640,76.128,11.356857442727131,2.1143325
13650,76.424,14.427764261611134,2.1729825000000003
13661,76.128,17.49867108049514,2.2433625000000004
13671,76.72000000000001,22.412121990709583,2.2961475
13681,76.424,21.7979406269328,2.3137425
13691,77.016,26.711391537147247,2.3606625
13701,77.608,29.782298356031248,2.3958525
13711,77.90400000000001,31.62484244736169,2.3958525
13721,78.792,36.53829335757609,2.4134475
13731,79.384,39.609200176460135,2.4017175
13742,79.68,42.06592563156736,2.3899875
13752,80.56800000000001,43.90846972289775,2.3489325
13762,81.16000000000001,47.59355790555858,2.3372025
13771,81.75200000000001,48.8219206331122,2.2902825
13782,82.64,51.8928274519962,2.2492275000000004
13792,82.936,54.34955290710342,2.1964425000000003
13802,83.82400000000001,54.34955290710342,2.1143325
13812,84.41600000000001,54.96373427088025,2.0322225
13822,85.304,56.80627836221064,1.9618425000000002
13833,86.19200000000001,56.80627836221064,1.8621375000000002
13842,86.488,56.80627836221064,1.7741625
13852,87.376,55.57791563465703,1.6627275000000001
13862,87.968,54.34955290710342,1.5630225000000002
13873,88.56,51.27864608821942,1.4281275
13883,89.152,49.43610199688898,1.3049625
13893,89.44800000000001,46.365195178004974,1.1700675
13903,90.04,42.68010699534414,1.0410375
13914,90.33600000000001,38.380837448906526,0.9002775000000001
13923,90.33600000000001,33.46738653869208,0.7536525000000001
13933,90.632,29.16811699225447,0.6011625
13943,90.33600000000001,24.25466608204002,0.44867250000000003
13954,90.33600000000001,19.341215171825578,0.3313725
13964,90.632,15.041945625387964,0.2375325
13974,90.632,10.742676078950302,0.17301750000000002
13984,90.632,7.671769260066298,0.1202325
13993,90.33600000000001,4.6008624411822465,0.08504250000000001
14004,90.632,1.5299556222982427,0.0557175
14014,90.33600000000001,-2.1551325603625906,0.026392500000000003
14024,90.33600000000001,-3.9976766516929834,-0.014662500000000002
14034,90.632,-5.840220743023424,-0.038122500000000004
14045,90.33600000000001,-5.840220743023424,-0.0733125
14055,90.632,-7.682764834353816,-0.11436750000000001
14064,90.33600000000001,-8.296946198130646,-0.15542250000000002
14074,90.33600000000001,-8.296946198130646,-0.1847475
14085,90.632,-8.911127561907428,-0.22580250000000002
14095,90.632,-8.296946198130646,-0.2551275
14105,90.33600000000001,-10.139490289461039,-0.2903175
14115,90.33600000000001,-10.139490289461039,-0.3196425
14126,90.632,-10.139490289461039,-0.34896750000000004
14135,90.632,-10.139490289461039,-0.3606975
14145,90.33600000000001,-11.982034380791479,-0.39002250000000005
14155,90.632,-11.982034380791479,-0.4076175
14166,90.632,-13.21039710834509,-0.42521250000000005
14176,90.33600000000001,-16.281303927229093,-0.44867250000000003
14186,90.04,-17.509666654782706,-0.44867250000000003
14196,89.744,-19.352210746113098,-0.46040250000000005
14205,89.44800000000001,-21.194754837443536,-0.4721325
14216,89.152,-23.65148029255076,-0.48972750000000004
14226,88.56,-26.108205747657983,-0.48386250000000003
14236,88.26400000000001,-27.336568475211592,-0.48386250000000003
14246,88.26400000000001,-27.336568475211592,-0.4721325
14257,87.67200000000001,-29.179112566541985,-0.46626750000000006
14267,87.376,-31.021656657872427,-0.46040250000000005
14276,87.08000000000001,-31.635838021649207,-0.4428075
14286,86.488,-34.09256347675643,-0.43107750000000006
14297,86.19200000000001,-34.09256347675643,-0.4017525
14307,85.60000000000001,-34.70674484053321,-0.38415750000000004
14317,85.304,-35.93510756808682,-0.35483250000000005
14327,84.712,-35.32092620431004,-0.3313725
14337,83.82400000000001,-37.16347029564044,-0.31377750000000004
14347,84.12,-36.54928893186365,-0.27858750000000004
14357,83.528,-36.54928893186365,-0.24926250000000003
14367,82.936,-36.54928893186365,-0.21407250000000003
14377,82.64,-35.93510756808682,-0.1671525
14388,82.34400000000001,-35.32092620431004,-0.13782750000000002
14398,82.048,-35.32092620431004,-0.1026375
14407,81.456,-34.09256347675643,-0.08504250000000001
14417,81.16000000000001,-33.4783821129796,-0.06744750000000001
14428,80.864,-32.864200749202816,-0.0557175
14438,80.56800000000001,-31.635838021649207,-0.0498525
14448,80.272,-30.407475294095597,-0.043987500000000006
14458,80.272,-29.793293930318814,-0.014662500000000002
14469,79.976,-28.564931202765205,0.0498525
14478,79.68,-26.722387111434763,0.13782750000000002
14488,79.68,-25.494024383881154,0.24339750000000002
14498,79.384,-23.037298928773932,0.3665625
14509,79.08800000000001,-21.194754837443536,0.49559250000000005
14519,79.08800000000001,-19.352210746113098,0.6246225000000001
14529,79.08800000000001,-16.281303927229093,0.7595175000000001
14539,79.08800000000001,-13.21039710834509,0.9002775000000001
14548,79.08800000000001,-10.753671653237868,1.0351725
14559,79.08800000000001,-8.911127561907428,1.1700675
14569,79.08800000000001,-7.0685834705770345,1.2990975
14579,79.08800000000001,-5.226039379246594,1.4339925
14589,78.792,-3.9976766516929834,1.5395625000000002
14600,79.08800000000001,-0.9267698328089795,1.6627275000000001
14610,79.08800000000001,0.9157742585214133,1.7624325
14619,79.384,3.372499713628635,1.8621375000000002
14629,79.384,5.829225168735857,1.9501125000000001
14640,79.08800000000001,7.671769260066298,2.0380875
14650,79.08800000000001,8.90013198761991,2.1026025
14660,79.08800000000001,11.971038806503913,2.1847125000000003
14670,79.384,14.427764261611134,2.2374975000000004
14681,79.08800000000001,17.49867108049514,2.2961475
14690,79.384,23.026303354486412,2.3606625
14700,79.68,23.026303354486412,2.3723925
14710,80.56800000000001,26.097210173370417,2.3899875
14721,80.56800000000001,29.782298356031248,2.4075825
14731,81.456,32.85320517491525,2.4134475
14741,81.75200000000001,34.08156790246886,2.3958525
14751,82.34400000000001,37.15247472135292,2.3782575
14760,82.936,39.609200176460135,2.3547975
14771,83.82400000000001,43.29428835912097,2.3078775
14781,84.41600000000001,44.52265108667458,2.2844175
14791,84.712,48.8219206331122,2.2433625000000004
14801,85.304,48.20773926933537,2.1729825000000003
14812,86.19200000000001,52.50700881577303,2.1319275
14822,86.488,50.05028336066581,2.0263575
14831,87.67200000000001,51.8928274519962,1.9383825000000001
14841,88.26400000000001,51.27864608821942,1.8621375000000002
14852,88.56,51.8928274519962,1.7800275
14862,89.152,49.43610199688898,1.6509975000000001
14872,89.744,46.365195178004974,1.5395625000000002
14882,90.33600000000001,46.365195178004974,1.4222625000000002
14893,90.632,43.90846972289775,1.2873675
14902,90.92800000000001,40.83756290401375,1.1524725
14912,91.52000000000001,37.15247472135292,1.0175775
14922,91.52000000000001,33.46738653869208,0.8826825
14932,91.816,29.16811699225447,0.7360575
14943,92.11200000000001,24.868847445816805,0.5835675
14953,91.816,20.56957789937919,0.4428075
14963,91.816,15.656126989164745,0.3196425
14973,91.816,11.356857442727131,0.2375325
14983,91.816,7.671769260066298,0.1788825
14993,91.816,2.1441369860750243,0.11436750000000001
15003,91.816,-2.1551325603625906,0.07917750000000001
15013,92.11200000000001,-4.611858015469813,0.0498525
15024,91.816,-7.682764834353816,0.0205275
15034,91.816,-9.525308925684257,-0.0087975
15044,91.816,-10.753671653237868,-0.043987500000000006
15053,91.816,-13.824578472121871,-0.07917750000000001
15064,91.816,-12.59621574456826,-0.11436750000000001
15074,91.816,-13.824578472121871,-0.15542250000000002
15084,92.11200000000001,-14.4387598358987,-0.19061250000000002
15094,91.816,-15.052941199675482,-0.2199375
15105,91.816,-15.052941199675482,-0.24926250000000003
15115,91.816,-15.667122563452264,-0.2844525
15124,91.52000000000001,-16.281303927229093,-0.3196425
15134,91.52000000000001,-16.281303927229093,-0.34310250000000003
15144,90.92800000000001,-18.123848018559485,-0.3724275
15155,90.92800000000001,-17.509666654782706,-0.39002250000000005
15165,90.632,-19.352210746113098,-0.41348250000000003
15175,90.33600000000001,-19.966392109889927,-0.43107750000000006
15185,90.33600000000001,-20.580573473666707,-0.4369425
15195,89.744,-23.037298928773932,-0.45453750000000004
15205,89.152,-24.87984302010437,-0.4721325
15215,89.152,-26.108205747657983,-0.4721325
15225,88.85600000000001,-28.564931202765205,-0.48386250000000003
15236,88.26400000000001,-31.021656657872427,-0.48386250000000003
15246,87.968,-31.635838021649207,-0.4779975
15255,87.376,-33.4783821129796,-0.4779975
15265,87.08000000000001,-35.32092620431004,-0.4779975
15276,87.08000000000001,-35.32092620431004,-0.45453750000000004
15286,86.19200000000001,-36.54928893186365,-0.4369425
15296,85.60000000000001,-38.391833023194046,-0.42521250000000005
15306,85.60000000000001,-39.006014386970875,-0.4017525
15315,85.00800000000001,-40.234377114524484,-0.37829250000000003
15326,84.41600000000001,-40.848558478301264,-0.3606975
15336,83.82400000000001,-40.848558478301264,-0.3372375
15346,83.528,-41.46273984207809,-0.30791250000000003
15356,83.232,-41.46273984207809,-0.27858750000000004
15367,82.64,-42.07692120585488,-0.24926250000000003
15377,82.048,-42.07692120585488,-0.21407250000000003
15386,81.456,-41.46273984207809,-0.17301750000000002
15396,80.864,-41.46273984207809,-0.1436925
15407,80.56800000000001,-40.848558478301264,-0.11436750000000001
15417,80.272,-39.620195750747655,-0.0909075
