time,angle,velocity,current
303,204.0,-121.30631713306268,-3.6437555
327,204.0,-102.88087621975853,-3.3798215000000003
337,204.0,-271.7807512583798,-7.5001245
347,204.0,-179.03936532808234,-4.6555025
357,204.0,-307.40327035743445,-7.5001245
367,204.0,-196.23644351383285,-4.6115135
377,204.0,-313.54508399520256,-7.5001245
388,204.0,-199.30735033271685,-4.626176500000001
398,204.0,-312.9309026314257,-7.5001245
408,204.0,-200.53571306027044,-4.626176500000001
417,204.0,-314.1592653589793,-7.5001245
428,204.0,-202.37825715160088,-4.6115135
438,204.0,-314.1592653589793,-7.5001245
448,204.0,-202.9924385153777,-4.626176500000001
458,204.0,-314.1592653589793,-7.5001245
468,204.0,-204.2208012429313,-4.6408395
478,204.0,-314.1592653589793,-7.5001245
488,204.0,-206.67752669803852,-4.6848285
498,204.0,-314.1592653589793,-7.5001245
508,204.0,-207.29170806181534,-4.699491500000001
519,204.0,-314.1592653589793,-7.5001245
529,204.0,-209.13425215314575,-4.699491500000001
539,204.0,-312.9309026314257,-7.5001245
548,204.0,-209.13425215314575,-4.7434805
559,204.0,-312.9309026314257,-7.5001245
569,204.0,-210.36261488069934,-4.7581435
579,204.0,-312.3167212676489,-7.5001245
589,204.0,-211.59097760825296,-4.7874695
600,204.0,-311.70253990387204,-7.5001245
610,204.0,-212.8193403358066,-4.8167955000000005
620,204.0,-310.4741771763185,-7.5001245
629,204.0,-213.43352169958337,-4.846121500000001
640,204.0,-309.85999581254174,-7.5001245
650,204.0,-215.89024715469057,-4.8901105000000005
660,204.0,-308.0174517212113,-7.4854615
670,204.0,-215.27606579091378,-4.8901105000000005
680,204.0,-309.24581444876486,-7.4854615
691,204.0,-216.50442851846742,-4.919436500000001
701,204.0,-308.0174517212113,-7.4561355
710,204.0,-220.18951670112818,-4.992751500000001
720,204.0,-307.40327035743445,-7.470798500000001
731,204.0,-219.57533533735142,-4.992751500000001
741,204.0,-306.17490762988086,-7.397483500000001
751,204.0,-220.803698064905,-5.0367405000000005
761,204.0,-304.9465449023273,-7.3828205
772,204.0,-221.41787942868186,-5.0514035
781,204.0,-304.33236353855045,-7.368157500000001
791,204.0,-223.26042352001227,-5.1100555000000005
801,204.0,-303.71818217477363,-7.3388315
812,204.0,-224.48878624756586,-5.1393815
822,204.0,-301.87563808344316,-7.3095055
832,204.0,-223.87460488378903,-5.1540445
841,204.0,-301.87563808344316,-7.294842500000001
851,204.0,-226.33133033889624,-5.1980335
862,204.0,-301.26145671966646,-7.2655165
872,204.0,-226.9455117026731,-5.2126965
882,204.0,-299.418912628336,-7.2361905
892,204.0,-228.7880557940035,-5.2420225
902,204.0,-298.8047312645592,-7.2215275000000005
912,204.0,-236.1582321593251,-5.3593265
922,204.0,-290.20619217168394,-7.104223500000001
932,204.0,-240.45750170576275,-5.4326415
943,204.0,-291.4345548992376,-7.104223500000001
953,204.0,-257.6545798915133,-5.769890500000001
963,204.0,-282.2218344425855,-6.9429305
972,204.0,-261.33966807417414,-5.9018575
983,204.0,-274.85165807726383,-6.7816375
993,204.0,-270.5523885308262,-6.1218025
1003,204.0,-266.8673003481654,-6.620344500000001
1013,204.0,-283.45019717013906,-6.4590515
1024,204.0,-257.04039852773644,-6.4150625
1034,204.0,-292.04873626301435,-6.7083225
1043,204.0,-250.89858488996842,-6.2830955
1053,204.0,-302.48981944722004,-6.9282675000000005
1063,204.0,-238.61495761443237,-6.0484875
1074,204.0,-303.71818217477363,-7.1335495
1084,204.0,-235.54405079554832,-5.9311835
1094,204.0,-309.24581444876486,-7.2801795
1103,204.0,-231.85896261288752,-5.8725315
1114,204.0,-314.1592653589793,-7.470798500000001
1124,204.0,-227.55969306644985,-5.7405645000000005
1134,204.0,-314.1592653589793,-7.5001245
1144,204.0,-225.10296761134265,-5.6379235
1155,204.0,-314.1592653589793,-7.5001245
1164,204.0,-220.18951670112818,-5.5352825
1174,204.0,-314.1592653589793,-7.5001245
1184,204.0,-217.73279124602098,-5.4326415
1195,204.0,-314.1592653589793,-7.5001245
1205,204.0,-212.8193403358066,-5.2860115
1215,204.0,-314.1592653589793,-7.5001245
1225,204.0,-209.74843351692252,-5.1833705000000005
1234,204.0,-314.1592653589793,-7.5001245
1245,204.0,-204.8349826067081,-5.0514035
1255,204.0,-314.1592653589793,-7.5001245
1265,204.0,-201.76407578782408,-4.9634255000000005
1275,204.0,-314.1592653589793,-7.5001245
1286,204.0,-198.07898760516326,-4.846121500000001
1296,204.0,-314.1592653589793,-7.5001245
1306,204.0,-196.23644351383285,-4.7874695
1315,204.0,-314.1592653589793,-7.5001245
1326,204.0,-196.23644351383285,-4.7141545
1336,204.0,-314.1592653589793,-7.5001245
1346,204.0,-195.62226215005603,-4.6555025
1356,204.0,-314.1592653589793,-7.5001245
1367,204.0,-194.39389942250244,-4.626176500000001
1377,204.0,-314.1592653589793,-7.5001245
1386,204.0,-194.39389942250244,-4.626176500000001
1396,204.0,-314.1592653589793,-7.5001245
1406,204.0,-196.23644351383285,-4.6115135
1417,204.0,-314.1592653589793,-7.5001245
1427,204.0,-198.69316896894003,-4.6115135
1437,204.0,-314.1592653589793,-7.5001245
1447,204.0,-199.92153169649367,-4.626176500000001
1458,204.0,-314.1592653589793,-7.5001245
1467,204.0,-201.14989442404726,-4.626176500000001
1477,204.0,-314.1592653589793,-7.5001245
1487,204.0,-203.6066198791545,-4.626176500000001
1498,204.0,-314.1592653589793,-7.5001245
1508,204.0,-206.0633453342617,-4.6555025
1518,204.0,-314.1592653589793,-7.5001245
1528,204.0,-206.67752669803852,-4.699491500000001
1538,204.0,-314.1592653589793,-7.5001245
1548,204.0,-207.90588942559214,-4.699491500000001
1558,204.0,-314.1592653589793,-7.5001245
1568,204.0,-209.74843351692252,-4.7288175
1579,204.0,-312.9309026314257,-7.5001245
1589,204.0,-209.13425215314575,-4.7434805
1599,204.0,-312.3167212676489,-7.5001245
1609,204.0,-210.9767962444761,-4.7874695
1618,204.0,-311.0883585400953,-7.5001245
1629,204.0,-214.0477030633602,-4.8314585
1639,204.0,-312.3167212676489,-7.5001245
1649,204.0,-213.43352169958337,-4.8314585
1659,204.0,-311.0883585400953,-7.5001245
1670,204.0,-214.66188442713695,-4.846121500000001
1680,204.0,-309.85999581254174,-7.5001245
1689,204.0,-214.0477030633602,-4.8754475
1699,204.0,-309.24581444876486,-7.5001245
1710,204.0,-215.89024715469057,-4.9047735
1720,204.0,-309.85999581254174,-7.5001245
1730,204.0,-217.73279124602098,-4.9634255000000005
1740,204.0,-308.0174517212113,-7.4561355
1751,204.0,-218.3469726097978,-4.9634255000000005
1760,204.0,-306.17490762988086,-7.441472500000001
1770,204.0,-219.57533533735142,-5.0074145
1780,204.0,-306.17490762988086,-7.397483500000001
1790,204.0,-219.57533533735142,-5.0220775
1801,204.0,-304.33236353855045,-7.368157500000001
1811,204.0,-221.41787942868186,-5.0660665
1821,204.0,-304.33236353855045,-7.3534945
1830,204.0,-222.64624215623542,-5.0953925
1841,204.0,-303.71818217477363,-7.3388315
1851,204.0,-225.10296761134265,-5.1393815
1861,204.0,-302.48981944722004,-7.3095055
1871,204.0,-226.33133033889624,-5.1687075
1882,204.0,-301.87563808344316,-7.294842500000001
1892,204.0,-226.9455117026731,-5.1980335
1901,204.0,-299.418912628336,-7.250853500000001
1911,204.0,-228.7880557940035,-5.256685500000001
1922,204.0,-299.418912628336,-7.2215275000000005
1932,204.0,-233.70150670421793,-5.330000500000001
1942,204.0,-298.1905499007824,-7.2068645
1952,204.0,-241.07168306953957,-5.4179785
1963,204.0,-292.04873626301435,-7.1335495
1972,204.0,-254.5836730726293,-5.696575500000001
1982,204.0,-285.2927412614695,-7.0015825000000005
1992,204.0,-259.49712398284373,-5.8578685
2002,204.0,-268.7098444394958,-6.664333500000001
2013,204.0,-269.93820716704937,-6.1657915
2023,204.0,-268.09566307571896,-6.6350075
2032,204.0,-276.0800208048174,-6.2977585000000005
2042,204.0,-263.18221216550455,-6.5177035000000005
2053,204.0,-288.9778294441303,-6.591018500000001
2063,204.0,-253.9694917088525,-6.3710735000000005
2073,204.0,-293.277098990568,-6.7229855
2083,204.0,-245.985133979754,-6.1951175
2093,204.0,-301.26145671966646,-6.957593500000001
2103,204.0,-238.00077625065552,-6.0484875
2113,204.0,-306.17490762988086,-7.177538500000001
2123,204.0,-236.1582321593251,-5.960509500000001
2134,204.0,-311.0883585400953,-7.294842500000001
2144,204.0,-230.6305998853339,-5.8138795000000005
2154,204.0,-314.1592653589793,-7.5001245
2164,204.0,-225.10296761134265,-5.6379235
2173,204.0,-314.1592653589793,-7.5001245
2184,204.0,-220.803698064905,-5.5352825
2194,204.0,-314.1592653589793,-7.5001245
2204,204.0,-214.66188442713695,-5.3593265
2214,204.0,-314.1592653589793,-7.5001245
2225,204.0,-212.8193403358066,-5.2860115
2234,204.0,-314.1592653589793,-7.5001245
2244,204.0,-210.9767962444761,-5.2126965
2254,204.0,-314.1592653589793,-7.5001245
2265,204.0,-207.29170806181534,-5.1100555000000005
2275,204.0,-314.1592653589793,-7.5001245
2285,204.0,-202.9924385153777,-4.992751500000001
2295,204.0,-314.1592653589793,-7.5001245
2305,204.0,-200.53571306027044,-4.919436500000001
2315,204.0,-314.1592653589793,-7.5001245
2325,204.0,-197.46480624138644,-4.8314585
2335,204.0,-314.1592653589793,-7.5001245
2345,204.0,-194.39389942250244,-4.6701655
2356,204.0,-314.1592653589793,-7.5001245
2366,204.0,-195.62226215005603,-4.6701655
2376,204.0,-314.1592653589793,-7.5001245
2385,204.0,-194.39389942250244,-4.6555025
2396,204.0,-314.1592653589793,-7.5001245
2406,204.0,-195.0080807862792,-4.6115135
2416,204.0,-314.1592653589793,-7.5001245
2426,204.0,-195.62226215005603,-4.6115135
2437,204.0,-314.1592653589793,-7.5001245
2447,204.0,-197.46480624138644,-4.5968505
2457,204.0,-313.54508399520256,-7.5001245
2466,204.0,-200.53571306027044,-4.6408395
2477,204.0,-314.1592653589793,-7.5001245
2487,204.0,-201.14989442404726,-4.626176500000001
2497,204.0,-314.1592653589793,-7.5001245
2507,204.0,-202.37825715160088,-4.626176500000001
2518,204.0,-314.1592653589793,-7.5001245
2527,204.0,-203.6066198791545,-4.6408395
2537,204.0,-314.1592653589793,-7.5001245
2547,204.0,-206.67752669803852,-4.6701655
2557,204.0,-314.1592653589793,-7.5001245
2568,204.0,-208.52007078936893,-4.7288175
2578,204.0,-314.1592653589793,-7.5001245
2588,204.0,-207.90588942559214,-4.7141545
2597,204.0,-314.1592653589793,-7.5001245
2608,204.0,-210.36261488069934,-4.7434805
2618,204.0,-313.54508399520256,-7.5001245
2628,204.0,-209.74843351692252,-4.7288175
2638,204.0,-312.9309026314257,-7.5001245
2649,204.0,-211.59097760825296,-4.7874695
2659,204.0,-311.0883585400953,-7.5001245
2669,204.0,-215.89024715469057,-4.8607845
2678,204.0,-312.9309026314257,-7.5001245
2689,204.0,-213.43352169958337,-4.8314585
2699,204.0,-311.0883585400953,-7.5001245
2709,204.0,-215.27606579091378,-4.8754475
2719,204.0,-309.85999581254174,-7.5001245
2729,204.0,-215.27606579091378,-4.8901105000000005
2740,204.0,-308.6316330849881,-7.4854615
2750,204.0,-217.1186098822442,-4.9634255000000005
2759,204.0,-307.40327035743445,-7.470798500000001
2769,204.0,-217.73279124602098,-4.9634255000000005
2780,204.0,-307.40327035743445,-7.4268095
2790,204.0,-220.18951670112818,-5.0074145
2800,204.0,-306.17490762988086,-7.4121465
2810,204.0,-220.803698064905,-5.0220775
2821,204.0,-305.56072626610404,-7.397483500000001
2830,204.0,-221.41787942868186,-5.0660665
2840,204.0,-304.9465449023273,-7.368157500000001
2850,204.0,-223.26042352001227,-5.0807295
2861,204.0,-303.1040008109968,-7.3388315
2871,204.0,-224.48878624756586,-5.1393815
2881,204.0,-302.48981944722004,-7.3095055
2890,204.0,-225.10296761134265,-5.1687075
2900,204.0,-303.1040008109968,-7.3095055
2911,204.0,-226.33133033889624,-5.1687075
2921,204.0,-301.26145671966646,-7.2801795
2931,204.0,-227.55969306644985,-5.2126965
2941,204.0,-299.418912628336,-7.2361905
2952,204.0,-228.1738744302267,-5.2420225
2961,204.0,-298.8047312645592,-7.2215275000000005
2971,204.0,-233.08732534044108,-5.3153375
2981,204.0,-296.9621871732288,-7.2068645
2992,204.0,-246.5993153435308,-5.549945500000001
3002,204.0,-288.9778294441303,-7.0602345
3012,204.0,-248.4418594348612,-5.6085975
3022,204.0,-277.308383532371,-6.8549525000000004
3032,204.0,-266.8673003481654,-6.0484875
3042,204.0,-273.0091139859334,-6.7523115
3052,204.0,-272.3949326221566,-6.1511285
3062,204.0,-265.6389376206117,-6.591018500000001
3073,204.0,-280.9934717150319,-6.400399500000001
3083,204.0,-258.2687612552901,-6.4297255
3092,204.0,-292.04873626301435,-6.7083225
3102,204.0,-252.74112898129886,-6.3124215
3112,204.0,-295.1196430818984,-6.7963005
3123,204.0,-244.75677125220042,-6.1951175
3133,204.0,-305.56072626610404,-7.0748975000000005
3143,204.0,-235.54405079554832,-5.960509500000001
3153,204.0,-308.0174517212113,-7.250853500000001
3163,204.0,-231.24478124911067,-5.8578685
3173,204.0,-314.1592653589793,-7.5001245
3183,204.0,-225.10296761134265,-5.6672495000000005
3193,204.0,-314.1592653589793,-7.5001245
3204,204.0,-220.803698064905,-5.5206195000000005
3214,204.0,-314.1592653589793,-7.5001245
3224,204.0,-217.1186098822442,-5.3886525
3234,204.0,-314.1592653589793,-7.5001245
3244,204.0,-213.43352169958337,-5.3006745
3254,204.0,-314.1592653589793,-7.5001245
3264,204.0,-210.36261488069934,-5.1980335
3274,204.0,-314.1592653589793,-7.5001245
3284,204.0,-205.4491639704849,-5.0514035
3295,204.0,-314.1592653589793,-7.5001245
3305,204.0,-202.9924385153777,-4.992751500000001
3314,204.0,-314.1592653589793,-7.5001245
3324,204.0,-199.30735033271685,-4.8754475
3335,204.0,-314.1592653589793,-7.5001245
3345,204.0,-197.46480624138644,-4.772806500000001
3355,204.0,-314.1592653589793,-7.5001245
3365,204.0,-195.0080807862792,-4.6701655
3376,204.0,-314.1592653589793,-7.5001245
3386,204.0,-195.0080807862792,-4.6555025
3395,204.0,-314.1592653589793,-7.5001245
3405,204.0,-193.77971805872562,-4.6115135
3416,204.0,-314.1592653589793,-7.5001245
3426,204.0,-195.62226215005603,-4.6115135
3436,204.0,-314.1592653589793,-7.5001245
3446,204.0,-197.46480624138644,-4.6115135
3457,204.0,-314.1592653589793,-7.5001245
3466,204.0,-197.46480624138644,-4.626176500000001
3476,204.0,-314.1592653589793,-7.5001245
3486,204.0,-199.92153169649367,-4.6115135
3496,204.0,-314.1592653589793,-7.5001245
3507,204.0,-201.14989442404726,-4.626176500000001
3517,204.0,-314.1592653589793,-7.5001245
3527,204.0,-202.37825715160088,-4.6555025
3536,204.0,-314.1592653589793,-7.5001245
3547,204.0,-204.2208012429313,-4.6555025
3557,204.0,-314.1592653589793,-7.5001245
3567,204.0,-205.4491639704849,-4.6701655
3577,204.0,-314.1592653589793,-7.5001245
3588,204.0,-205.4491639704849,-4.6701655
3597,204.0,-314.1592653589793,-7.5001245
3607,204.0,-208.52007078936893,-4.7288175
3617,204.0,-313.54508399520256,-7.5001245
3628,204.0,-210.9767962444761,-4.7581435
3638,204.0,-313.54508399520256,-7.5001245
3648,204.0,-210.36261488069934,-4.7434805
3658,204.0,-312.3167212676489,-7.5001245
3668,204.0,-212.8193403358066,-4.8021325
3678,204.0,-311.70253990387204,-7.5001245
3688,204.0,-211.59097760825296,-4.7874695
3698,204.0,-311.0883585400953,-7.5001245
3708,204.0,-213.43352169958337,-4.846121500000001
3719,204.0,-309.85999581254174,-7.5001245
3729,204.0,-215.89024715469057,-4.9047735
3739,204.0,-309.85999581254174,-7.5001245
3748,204.0,-215.27606579091378,-4.8901105000000005
3759,204.0,-309.85999581254174,-7.5001245
3769,204.0,-216.50442851846742,-4.919436500000001
3779,204.0,-308.6316330849881,-7.4854615
3789,204.0,-216.50442851846742,-4.9340995
3800,204.0,-305.56072626610404,-7.4268095
3810,204.0,-217.73279124602098,-4.992751500000001
3819,204.0,-306.7890889936577,-7.441472500000001
3829,204.0,-219.57533533735142,-5.0074145
3840,204.0,-306.7890889936577,-7.4121465
3850,204.0,-222.03206079245862,-5.0660665
3860,204.0,-304.9465449023273,-7.368157500000001
3870,204.0,-222.64624215623542,-5.0807295
3880,204.0,-303.71818217477363,-7.3388315
3890,204.0,-223.26042352001227,-5.1247185
3900,204.0,-301.87563808344316,-7.324168500000001
3910,204.0,-224.48878624756586,-5.1687075
3920,204.0,-302.48981944722004,-7.3095055
3931,204.0,-226.33133033889624,-5.1833705000000005
3941,204.0,-300.0330939921128,-7.2655165
3951,204.0,-228.1738744302267,-5.256685500000001
3960,204.0,-300.0330939921128,-7.250853500000001
3971,204.0,-228.7880557940035,-5.2420225
3981,204.0,-299.418912628336,-7.2215275000000005
3991,204.0,-235.54405079554832,-5.330000500000001
4001,204.0,-290.8203735354607,-7.1188865
4012,204.0,-239.2291389782092,-5.4326415
4022,204.0,-290.8203735354607,-7.104223500000001
4031,204.0,-250.28440352619165,-5.6379235
4041,204.0,-281.60765307880865,-6.9282675000000005
4051,204.0,-266.25311898438855,-6.0044985
4062,204.0,-273.0091139859334,-6.7229855
4072,204.0,-271.7807512583798,-6.1657915
4082,204.0,-262.56803080172773,-6.5323665
4092,204.0,-283.45019717013906,-6.4883775
4102,204.0,-250.89858488996842,-6.3124215
4112,204.0,-290.20619217168394,-6.7083225
4122,204.0,-248.4418594348612,-6.253769500000001
4132,204.0,-298.1905499007824,-6.884278500000001
4143,204.0,-243.5284085246468,-6.1511285
4153,204.0,-303.1040008109968,-7.0162455
4162,204.0,-237.38659488687875,-6.0044985
4172,204.0,-308.6316330849881,-7.250853500000001
4183,204.0,-233.08732534044108,-5.8871945000000006
4193,204.0,-314.1592653589793,-7.4121465
4203,204.0,-228.7880557940035,-5.7552275
4213,204.0,-314.1592653589793,-7.5001245
4224,204.0,-225.10296761134265,-5.6379235
4233,204.0,-314.1592653589793,-7.5001245
4243,204.0,-218.3469726097978,-5.4473045
4253,204.0,-314.1592653589793,-7.5001245
4263,204.0,-216.50442851846742,-5.3446635
4274,204.0,-314.1592653589793,-7.5001245
4284,204.0,-209.74843351692252,-5.1540445
4294,204.0,-314.1592653589793,-7.5001245
4303,204.0,-207.29170806181534,-5.1540445
4314,204.0,-314.1592653589793,-7.5001245
4324,204.0,-204.2208012429313,-5.0074145
4334,204.0,-314.1592653589793,-7.5001245
4344,204.0,-201.76407578782408,-4.9634255000000005
4355,204.0,-314.1592653589793,-7.5001245
4365,204.0,-197.46480624138644,-4.8314585
4374,204.0,-314.1592653589793,-7.5001245
4384,204.0,-196.23644351383285,-4.772806500000001
4395,204.0,-314.1592653589793,-7.5001245
4405,204.0,-195.62226215005603,-4.699491500000001
4415,204.0,-314.1592653589793,-7.5001245
4425,204.0,-195.0080807862792,-4.6555025
4435,204.0,-314.1592653589793,-7.5001245
4445,204.0,-193.16553669494883,-4.6115135
4455,204.0,-314.1592653589793,-7.5001245
4465,204.0,-195.0080807862792,-4.626176500000001
4475,204.0,-314.1592653589793,-7.5001245
4486,204.0,-196.85062487760962,-4.626176500000001
4496,204.0,-314.1592653589793,-7.5001245
4506,204.0,-198.07898760516326,-4.5968505
4515,204.0,-314.1592653589793,-7.5001245
4526,204.0,-199.30735033271685,-4.6115135
4536,204.0,-314.1592653589793,-7.5001245
4546,204.0,-199.92153169649367,-4.626176500000001
4556,204.0,-314.1592653589793,-7.5001245
4567,204.0,-200.53571306027044,-4.626176500000001
4576,204.0,-314.1592653589793,-7.5001245
4586,204.0,-201.14989442404726,-4.626176500000001
4596,204.0,-314.1592653589793,-7.5001245
4606,204.0,-201.76407578782408,-4.6408395
4617,204.0,-314.1592653589793,-7.5001245
4626,204.0,-204.2208012429313,-4.6555025
4636,204.0,-314.1592653589793,-7.5001245
4646,204.0,-206.0633453342617,-4.6701655
4657,204.0,-314.1592653589793,-7.5001245
4667,204.0,-205.4491639704849,-4.6701655
4677,204.0,-314.1592653589793,-7.5001245
4687,204.0,-207.29170806181534,-4.699491500000001
4697,204.0,-314.1592653589793,-7.5001245
4707,204.0,-209.74843351692252,-4.7141545
4717,204.0,-314.1592653589793,-7.5001245
4727,204.0,-209.13425215314575,-4.7434805
4738,204.0,-314.1592653589793,-7.5001245
4748,204.0,-210.36261488069934,-4.7581435
4757,204.0,-312.9309026314257,-7.5001245
4767,204.0,-210.9767962444761,-4.7434805
4777,204.0,-312.9309026314257,-7.5001245
4788,204.0,-212.20515897202975,-4.8021325
4798,204.0,-312.3167212676489,-7.5001245
4808,204.0,-212.8193403358066,-4.8167955000000005
4817,204.0,-312.9309026314257,-7.5001245
4828,204.0,-212.8193403358066,-4.8167955000000005
4838,204.0,-311.70253990387204,-7.5001245
4848,204.0,-214.0477030633602,-4.846121500000001
4858,204.0,-311.0883585400953,-7.5001245
4869,204.0,-214.0477030633602,-4.846121500000001
4878,204.0,-309.85999581254174,-7.5001245
4888,204.0,-215.89024715469057,-4.9047735
4898,204.0,-308.6316330849881,-7.5001245
4909,204.0,-215.89024715469057,-4.9340995
4919,204.0,-308.6316330849881,-7.4854615
4929,204.0,-217.73279124602098,-4.9487625
4939,204.0,-308.0174517212113,-7.4561355
4948,204.0,-218.3469726097978,-4.9634255000000005
4959,204.0,-307.40327035743445,-7.441472500000001
4969,204.0,-219.57533533735142,-4.992751500000001
4979,204.0,-306.17490762988086,-7.4121465
4989,204.0,-219.57533533735142,-5.0367405000000005
5000,204.0,-305.56072626610404,-7.397483500000001
5009,204.0,-220.803698064905,-5.0367405000000005
5019,204.0,-304.9465449023273,-7.3828205
5029,204.0,-223.26042352001227,-5.0953925
5040,204.0,-303.71818217477363,-7.3534945
5050,204.0,-222.64624215623542,-5.0953925
5060,204.0,-303.1040008109968,-7.3534945
5069,204.0,-224.48878624756586,-5.1393815
5080,204.0,-303.71818217477363,-7.324168500000001
5091,204.0,-253.9694917088525,-5.5939345000000005
5101,204.0,-276.0800208048174,-6.7963005
5111,204.0,-270.5523885308262,-6.1218025
5122,204.0,-268.09566307571896,-6.6496705
5132,204.0,-276.69420216859424,-6.2977585000000005
5142,204.0,-260.7254867103973,-6.4883775
5151,204.0,-287.1352853527999,-6.547029500000001
5161,204.0,-256.4262171639597,-6.400399500000001
5172,204.0,-292.04873626301435,-6.6936595
5182,204.0,-250.89858488996842,-6.3124215
5192,204.0,-295.7338244456752,-6.810963500000001
5201,204.0,-243.5284085246468,-6.180454500000001
5212,204.0,-302.48981944722004,-7.0015825000000005
5222,204.0,-238.61495761443237,-6.0778135
5232,204.0,-305.56072626610404,-7.1482125000000005
5242,204.0,-236.77241352310196,-5.960509500000001
5253,204.0,-312.3167212676489,-7.3388315
5262,204.0,-231.85896261288752,-5.8871945000000006
5272,204.0,-313.54508399520256,-7.4121465
5282,204.0,-230.01641852155709,-5.7992165
5293,204.0,-314.1592653589793,-7.5001245
5303,204.0,-225.10296761134265,-5.6819125
5313,204.0,-314.1592653589793,-7.5001245
5322,204.0,-222.03206079245862,-5.5939345000000005
5332,204.0,-314.1592653589793,-7.5001245
5343,204.0,-218.96115397357462,-5.4473045
5353,204.0,-314.1592653589793,-7.5001245
5363,204.0,-216.50442851846742,-5.403315500000001
5373,204.0,-314.1592653589793,-7.5001245
5383,204.0,-213.43352169958337,-5.2860115
5393,204.0,-314.1592653589793,-7.5001245
5403,204.0,-212.20515897202975,-5.2273595
5413,204.0,-314.1592653589793,-7.5001245
5424,204.0,-205.4491639704849,-5.0807295
5434,204.0,-314.1592653589793,-7.5001245
5443,204.0,-204.2208012429313,-5.0514035
5453,204.0,-314.1592653589793,-7.5001245
5464,204.0,-202.9924385153777,-4.992751500000001
5474,204.0,-314.1592653589793,-7.5001245
5484,204.0,-198.07898760516326,-4.8314585
5494,204.0,-314.1592653589793,-7.5001245
5505,204.0,-197.46480624138644,-4.7874695
5515,204.0,-314.1592653589793,-7.5001245
5524,204.0,-194.39389942250244,-4.7141545
5534,204.0,-314.1592653589793,-7.5001245
5544,204.0,-195.0080807862792,-4.6848285
5555,204.0,-314.1592653589793,-7.5001245
5565,204.0,-194.39389942250244,-4.6701655
5574,204.0,-314.1592653589793,-7.5001245
5584,204.0,-195.0080807862792,-4.6408395
5595,204.0,-314.1592653589793,-7.5001245
5605,204.0,-195.0080807862792,-4.626176500000001
5615,204.0,-314.1592653589793,-7.5001245
5625,204.0,-195.0080807862792,-4.6115135
5635,204.0,-314.1592653589793,-7.5001245
5645,204.0,-198.07898760516326,-4.626176500000001
5655,204.0,-314.1592653589793,-7.5001245
5665,204.0,-197.46480624138644,-4.6115135
5676,204.0,-314.1592653589793,-7.5001245
5686,204.0,-199.92153169649367,-4.626176500000001
5695,204.0,-314.1592653589793,-7.5001245
5705,204.0,-200.53571306027044,-4.626176500000001
5715,204.0,-314.1592653589793,-7.5001245
5726,204.0,-201.14989442404726,-4.6408395
5736,204.0,-314.1592653589793,-7.5001245
5746,204.0,-202.37825715160088,-4.626176500000001
5755,204.0,-314.1592653589793,-7.5001245
5766,204.0,-202.9924385153777,-4.6408395
5776,204.0,-314.1592653589793,-7.5001245
5786,204.0,-204.8349826067081,-4.6555025
5796,204.0,-314.1592653589793,-7.5001245
5807,204.0,-206.67752669803852,-4.6848285
5816,204.0,-314.1592653589793,-7.5001245
5826,204.0,-207.29170806181534,-4.6848285
5836,204.0,-314.1592653589793,-7.5001245
5847,204.0,-208.52007078936893,-4.699491500000001
5857,204.0,-314.1592653589793,-7.5001245
5867,204.0,-206.67752669803852,-4.6848285
5876,204.0,-313.54508399520256,-7.5001245
5886,204.0,-209.13425215314575,-4.7434805
5897,204.0,-313.54508399520256,-7.5001245
5907,204.0,-211.59097760825296,-4.772806500000001
5917,204.0,-313.54508399520256,-7.5001245
5927,204.0,-211.59097760825296,-4.772806500000001
5937,204.0,-312.9309026314257,-7.5001245
5947,204.0,-212.20515897202975,-4.772806500000001
5957,204.0,-312.3167212676489,-7.5001245
5967,204.0,-212.20515897202975,-4.8021325
5978,204.0,-311.0883585400953,-7.5001245
5988,204.0,-214.0477030633602,-4.846121500000001
5997,204.0,-311.0883585400953,-7.5001245
6007,204.0,-212.8193403358066,-4.8314585
6018,204.0,-309.85999581254174,-7.5001245
6028,204.0,-215.27606579091378,-4.8901105000000005
6038,204.0,-309.85999581254174,-7.5001245
6048,204.0,-214.66188442713695,-4.8754475
6057,204.0,-309.24581444876486,-7.5001245
6068,204.0,-215.89024715469057,-4.919436500000001
6078,204.0,-309.24581444876486,-7.4854615
6088,204.0,-216.50442851846742,-4.9340995
6098,204.0,-307.40327035743445,-7.441472500000001
6109,204.0,-219.57533533735142,-4.992751500000001
6119,204.0,-305.56072626610404,-7.4268095
6129,204.0,-219.57533533735142,-5.0074145
6138,204.0,-305.56072626610404,-7.4121465
6149,204.0,-222.03206079245862,-5.0514035
6159,204.0,-305.56072626610404,-7.3828205
6169,204.0,-222.03206079245862,-5.0660665
6179,204.0,-303.71818217477363,-7.368157500000001
6190,204.0,-223.26042352001227,-5.0953925
6199,204.0,-303.71818217477363,-7.3534945
6209,204.0,-224.48878624756586,-5.1100555000000005
6219,204.0,-303.1040008109968,-7.324168500000001
6230,204.0,-224.48878624756586,-5.1393815
6240,204.0,-301.26145671966646,-7.3095055
6250,204.0,-226.9455117026731,-5.2126965
6260,204.0,-301.87563808344316,-7.294842500000001
6269,204.0,-226.33133033889624,-5.1980335
6280,204.0,-300.64727535588963,-7.2655165
6290,204.0,-228.7880557940035,-5.256685500000001
6300,204.0,-298.8047312645592,-7.2068645
6310,204.0,-228.7880557940035,-5.2713485
6321,204.0,-297.5763685370056,-7.1922015
6330,204.0,-238.00077625065552,-5.403315500000001
6340,204.0,-293.277098990568,-7.1482125000000005
6350,204.0,-249.05604079863804,-5.6085975
6361,204.0,-284.6785598976927,-6.9869195
6371,204.0,-263.7963935292814,-5.9311835
6381,204.0,-274.85165807726383,-6.7963005
6391,204.0,-270.5523885308262,-6.1218025
6401,204.0,-266.8673003481654,-6.620344500000001
6411,204.0,-282.2218344425855,-6.4297255
6421,204.0,-256.4262171639597,-6.4150625
6431,204.0,-292.04873626301435,-6.6789965
6441,204.0,-249.05604079863804,-6.2391065
6452,204.0,-304.33236353855045,-7.0015825000000005
6462,204.0,-242.3000457970932,-6.1218025
6472,204.0,-306.7890889936577,-7.1922015
6481,204.0,-235.54405079554832,-5.9458465
6492,204.0,-311.0883585400953,-7.3095055
6502,204.0,-230.01641852155709,-5.7992165
6512,204.0,-314.1592653589793,-7.5001245
6522,204.0,-223.26042352001227,-5.623260500000001
6533,204.0,-314.1592653589793,-7.5001245
6543,204.0,-217.73279124602098,-5.4619675
6552,204.0,-314.1592653589793,-7.5001245
6562,204.0,-215.27606579091378,-5.3446635
6573,204.0,-314.1592653589793,-7.5001245
6583,204.0,-213.43352169958337,-5.2713485
6593,204.0,-314.1592653589793,-7.5001245
6603,204.0,-207.29170806181534,-5.1247185
6614,204.0,-314.1592653589793,-7.5001245
6624,204.0,-204.2208012429313,-5.0220775
6633,204.0,-314.1592653589793,-7.5001245
6643,204.0,-199.92153169649367,-4.9047735
6653,204.0,-314.1592653589793,-7.5001245
6664,204.0,-198.07898760516326,-4.8021325
6674,204.0,-314.1592653589793,-7.5001245
6684,204.0,-196.23644351383285,-4.7288175
6693,204.0,-314.1592653589793,-7.5001245
6704,204.0,-196.23644351383285,-4.699491500000001
6714,204.0,-314.1592653589793,-7.5001245
6724,204.0,-195.62226215005603,-4.6555025
6734,204.0,-314.1592653589793,-7.5001245
6745,204.0,-195.62226215005603,-4.626176500000001
6755,204.0,-314.1592653589793,-7.5001245
6765,204.0,-197.46480624138644,-4.6408395
6774,204.0,-314.1592653589793,-7.5001245
6785,204.0,-198.07898760516326,-4.6115135
6795,204.0,-314.1592653589793,-7.5001245
6805,204.0,-198.69316896894003,-4.5968505
6815,204.0,-314.1592653589793,-7.5001245
6825,204.0,-200.53571306027044,-4.6115135
6836,204.0,-314.1592653589793,-7.5001245
6845,204.0,-201.76407578782408,-4.626176500000001
6855,204.0,-314.1592653589793,-7.5001245
6865,204.0,-203.6066198791545,-4.6408395
6876,204.0,-314.1592653589793,-7.5001245
6886,204.0,-204.8349826067081,-4.6408395
6896,204.0,-314.1592653589793,-7.5001245
6906,204.0,-206.0633453342617,-4.6848285
6916,204.0,-314.1592653589793,-7.5001245
6926,204.0,-209.13425215314575,-4.7288175
6936,204.0,-314.1592653589793,-7.5001245
6946,204.0,-209.74843351692252,-4.7288175
6957,204.0,-314.1592653589793,-7.5001245
6967,204.0,-210.36261488069934,-4.7581435
6977,204.0,-313.54508399520256,-7.5001245
6986,204.0,-209.74843351692252,-4.7581435
6996,204.0,-312.3167212676489,-7.5001245
7007,204.0,-212.20515897202975,-4.8021325
7017,204.0,-312.3167212676489,-7.5001245
7027,204.0,-212.8193403358066,-4.7874695
7037,204.0,-311.70253990387204,-7.5001245
7048,204.0,-214.0477030633602,-4.846121500000001
7057,204.0,-311.0883585400953,-7.5001245
7067,204.0,-214.0477030633602,-4.8754475
7077,204.0,-311.0883585400953,-7.5001245
7088,204.0,-216.50442851846742,-4.919436500000001
7098,204.0,-308.0174517212113,-7.4854615
7108,204.0,-215.27606579091378,-4.919436500000001
7118,204.0,-306.7890889936577,-7.4561355
7129,204.0,-218.96115397357462,-4.9780885
7138,204.0,-306.17490762988086,-7.4268095
7148,204.0,-218.96115397357462,-5.0074145
7158,204.0,-306.7890889936577,-7.4121465
7169,204.0,-220.803698064905,-5.0367405000000005
7179,204.0,-304.9465449023273,-7.3828205
7189,204.0,-221.41787942868186,-5.0514035
7199,204.0,-303.71818217477363,-7.3534945
7208,204.0,-223.26042352001227,-5.1100555000000005
7219,204.0,-301.87563808344316,-7.294842500000001
7229,204.0,-223.87460488378903,-5.1393815
7239,204.0,-303.1040008109968,-7.324168500000001
7249,204.0,-225.71714897511944,-5.1687075
7260,204.0,-301.87563808344316,-7.294842500000001
7270,204.0,-227.55969306644985,-5.2420225
7279,204.0,-300.64727535588963,-7.2655165
7289,204.0,-228.1738744302267,-5.2273595
7300,204.0,-299.418912628336,-7.2215275000000005
7310,204.0,-237.38659488687875,-5.3886525
7320,204.0,-295.7338244456752,-7.177538500000001
7330,204.0,-239.2291389782092,-5.403315500000001
7341,204.0,-290.20619217168394,-7.104223500000001
7350,204.0,-256.4262171639597,-5.7552275
7360,204.0,-283.45019717013906,-6.957593500000001
7370,204.0,-262.56803080172773,-5.9165205
7380,204.0,-270.5523885308262,-6.737648500000001
7391,204.0,-275.46583944104066,-6.2684325
7401,204.0,-261.33966807417414,-6.5030405
7411,204.0,-285.2927412614695,-6.5177035000000005
7421,204.0,-249.67022216241486,-6.2830955
7431,204.0,-300.0330939921128,-6.8989415
7441,204.0,-244.75677125220042,-6.180454500000001
7451,204.0,-303.1040008109968,-6.9869195
7461,204.0,-238.00077625065552,-5.9898355
7472,204.0,-308.0174517212113,-7.2215275000000005
7482,204.0,-233.70150670421793,-5.9018575
7491,204.0,-313.54508399520256,-7.4121465
7501,204.0,-228.1738744302267,-5.7552275
7512,204.0,-314.1592653589793,-7.5001245
7522,204.0,-222.64624215623542,-5.5939345000000005
7532,204.0,-314.1592653589793,-7.5001245
7542,204.0,-215.89024715469057,-5.3886525
7553,204.0,-314.1592653589793,-7.5001245
7563,204.0,-214.0477030633602,-5.330000500000001
7572,204.0,-314.1592653589793,-7.5001245
7582,204.0,-208.52007078936893,-5.1540445
7592,204.0,-314.1592653589793,-7.5001245
7603,204.0,-206.67752669803852,-5.0807295
7613,204.0,-314.1592653589793,-7.5001245
7623,204.0,-201.76407578782408,-4.9634255000000005
7633,204.0,-314.1592653589793,-7.5001245
7644,204.0,-198.69316896894003,-4.8754475
7653,204.0,-314.1592653589793,-7.5001245
7663,204.0,-197.46480624138644,-4.8167955000000005
7673,204.0,-314.1592653589793,-7.5001245
7684,204.0,-195.62226215005603,-4.7141545
7694,204.0,-314.1592653589793,-7.5001245
7704,204.0,-195.0080807862792,-4.699491500000001
7713,204.0,-314.1592653589793,-7.5001245
7724,204.0,-196.23644351383285,-4.6848285
7734,204.0,-314.1592653589793,-7.5001245
7744,204.0,-196.23644351383285,-4.626176500000001
7754,204.0,-314.1592653589793,-7.5001245
7764,204.0,-196.23644351383285,-4.6115135
7775,204.0,-314.1592653589793,-7.5001245
7784,204.0,-197.46480624138644,-4.6115135
7794,204.0,-314.1592653589793,-7.5001245
7804,204.0,-198.69316896894003,-4.626176500000001
7815,204.0,-314.1592653589793,-7.5001245
7825,204.0,-199.92153169649367,-4.626176500000001
7835,204.0,-314.1592653589793,-7.5001245
7845,204.0,-201.76407578782408,-4.6555025
7855,204.0,-314.1592653589793,-7.5001245
7865,204.0,-204.2208012429313,-4.6408395
7875,204.0,-314.1592653589793,-7.5001245
7885,204.0,-205.4491639704849,-4.6555025
7896,204.0,-314.1592653589793,-7.5001245
7906,204.0,-207.90588942559214,-4.699491500000001
7916,204.0,-314.1592653589793,-7.5001245
7926,204.0,-208.52007078936893,-4.7288175
7936,204.0,-314.1592653589793,-7.5001245
7946,204.0,-209.74843351692252,-4.7288175
7956,204.0,-314.1592653589793,-7.5001245
7966,204.0,-210.36261488069934,-4.7581435
7976,204.0,-312.3167212676489,-7.5001245
7987,204.0,-212.20515897202975,-4.772806500000001
7997,204.0,-312.9309026314257,-7.5001245
8006,204.0,-212.8193403358066,-4.8021325
8016,204.0,-311.70253990387204,-7.5001245
8027,204.0,-212.20515897202975,-4.8021325
8037,204.0,-311.70253990387204,-7.5001245
8047,204.0,-214.0477030633602,-4.846121500000001
8057,204.0,-311.0883585400953,-7.5001245
8067,204.0,-215.89024715469057,-4.8901105000000005
8077,204.0,-311.0883585400953,-7.5001245
8087,204.0,-215.89024715469057,-4.8901105000000005
8097,204.0,-309.24581444876486,-7.5001245
8108,204.0,-217.1186098822442,-4.9340995
8118,204.0,-308.6316330849881,-7.470798500000001
8128,204.0,-217.73279124602098,-4.9634255000000005
8138,204.0,-304.33236353855045,-7.397483500000001
8147,204.0,-219.57533533735142,-5.0220775
8158,204.0,-306.17490762988086,-7.4121465
8168,204.0,-220.803698064905,-5.0367405000000005
8178,204.0,-304.9465449023273,-7.3828205
8188,204.0,-223.26042352001227,-5.1100555000000005
8199,204.0,-303.71818217477363,-7.3534945
8209,204.0,-222.03206079245862,-5.0953925
8218,204.0,-303.71818217477363,-7.368157500000001
8228,204.0,-224.48878624756586,-5.1540445
8239,204.0,-303.1040008109968,-7.324168500000001
8249,204.0,-224.48878624756586,-5.1393815
8259,204.0,-301.87563808344316,-7.294842500000001
8269,204.0,-226.33133033889624,-5.1833705000000005
8280,204.0,-300.64727535588963,-7.2801795
8289,204.0,-227.55969306644985,-5.2273595
8299,204.0,-301.26145671966646,-7.250853500000001
8309,204.0,-230.6305998853339,-5.2860115
8320,204.0,-298.8047312645592,-7.2068645
8330,204.0,-230.01641852155709,-5.2713485
8340,204.0,-294.5054617181216,-7.177538500000001
8350,204.0,-250.28440352619165,-5.623260500000001
8359,204.0,-285.2927412614695,-7.0015825000000005
8370,204.0,-258.8829426190669,-5.8432055
8380,204.0,-276.69420216859424,-6.8256265
8390,204.0,-268.09566307571896,-6.0778135
8400,204.0,-268.7098444394958,-6.664333500000001
8411,204.0,-277.9225648961479,-6.327084500000001
8421,204.0,-257.04039852773644,-6.4297255
8430,204.0,-290.8203735354607,-6.6789965
8440,204.0,-252.1269476175221,-6.3124215
8451,204.0,-300.0330939921128,-6.8989415
8461,204.0,-244.1425898884236,-6.1657915
8471,204.0,-304.33236353855045,-7.0455715
8481,204.0,-236.77241352310196,-5.9751725
8492,204.0,-304.9465449023273,-7.177538500000001
8501,204.0,-232.4731439766643,-5.8725315
8511,204.0,-314.1592653589793,-7.4561355
8521,204.0,-228.1738744302267,-5.7405645000000005
8531,204.0,-314.1592653589793,-7.5001245
8542,204.0,-220.18951670112818,-5.5059565
8552,204.0,-314.1592653589793,-7.5001245
8562,204.0,-216.50442851846742,-5.3886525
8572,204.0,-314.1592653589793,-7.5001245
8583,204.0,-210.9767962444761,-5.2273595
8592,204.0,-314.1592653589793,-7.5001245
8602,204.0,-210.36261488069934,-5.1687075
8612,204.0,-314.1592653589793,-7.5001245
8623,204.0,-204.8349826067081,-5.0367405000000005
8633,204.0,-314.1592653589793,-7.5001245
8643,204.0,-200.53571306027044,-4.9047735
8652,204.0,-314.1592653589793,-7.5001245
8663,204.0,-197.46480624138644,-4.8314585
8673,204.0,-314.1592653589793,-7.5001245
8683,204.0,-196.23644351383285,-4.7141545
8693,204.0,-314.1592653589793,-7.5001245
8704,204.0,-195.62226215005603,-4.6701655
8714,204.0,-314.1592653589793,-7.5001245
8724,204.0,-196.85062487760962,-4.6848285
8733,204.0,-314.1592653589793,-7.5001245
8743,204.0,-195.0080807862792,-4.626176500000001
8754,204.0,-314.1592653589793,-7.5001245
8764,204.0,-196.23644351383285,-4.626176500000001
8774,204.0,-314.1592653589793,-7.5001245
8784,204.0,-197.46480624138644,-4.6115135
8794,204.0,-314.1592653589793,-7.5001245
8804,204.0,-199.30735033271685,-4.626176500000001
8814,204.0,-314.1592653589793,-7.5001245
8824,204.0,-200.53571306027044,-4.626176500000001
8835,204.0,-314.1592653589793,-7.5001245
8845,204.0,-201.14989442404726,-4.6115135
8855,204.0,-314.1592653589793,-7.5001245
8865,204.0,-202.9924385153777,-4.6408395
8875,204.0,-314.1592653589793,-7.5001245
8885,204.0,-204.8349826067081,-4.6555025
8895,204.0,-314.1592653589793,-7.5001245
8905,204.0,-206.67752669803852,-4.6701655
8915,204.0,-314.1592653589793,-7.5001245
8926,204.0,-208.52007078936893,-4.699491500000001
8936,204.0,-314.1592653589793,-7.5001245
8945,204.0,-209.13425215314575,-4.7434805
8955,204.0,-313.54508399520256,-7.5001245
8966,204.0,-210.36261488069934,-4.7434805
8976,204.0,-314.1592653589793,-7.5001245
8986,204.0,-210.9767962444761,-4.7581435
8996,204.0,-311.0883585400953,-7.5001245
9007,204.0,-210.9767962444761,-4.8021325
9016,204.0,-311.0883585400953,-7.5001245
9026,204.0,-212.8193403358066,-4.8314585
9036,204.0,-311.70253990387204,-7.5001245
9047,204.0,-214.66188442713695,-4.846121500000001
9057,204.0,-311.0883585400953,-7.5001245
9067,204.0,-214.0477030633602,-4.846121500000001
9076,204.0,-311.0883585400953,-7.5001245
9088,204.0,-215.27606579091378,-4.8901105000000005
9097,204.0,-308.6316330849881,-7.5001245
9107,204.0,-216.50442851846742,-4.9340995
9117,204.0,-308.0174517212113,-7.441472500000001
9127,204.0,-220.803698064905,-5.0074145
9138,204.0,-307.40327035743445,-7.441472500000001
9148,204.0,-218.96115397357462,-4.9634255000000005
9157,204.0,-305.56072626610404,-7.4268095
9167,204.0,-221.41787942868186,-5.0514035
9178,204.0,-305.56072626610404,-7.397483500000001
9188,204.0,-221.41787942868186,-5.0514035
9198,204.0,-303.1040008109968,-7.3534945
9208,204.0,-223.26042352001227,-5.1100555000000005
9219,204.0,-304.33236353855045,-7.3388315
9228,204.0,-223.26042352001227,-5.1247185
9238,204.0,-303.71818217477363,-7.3388315
9248,204.0,-226.33133033889624,-5.1833705000000005
9259,204.0,-302.48981944722004,-7.294842500000001
9269,204.0,-225.71714897511944,-5.1833705000000005
9279,204.0,-301.87563808344316,-7.2801795
9288,204.0,-227.55969306644985,-5.2273595
9298,204.0,-300.64727535588963,-7.2655165
9309,204.0,-230.01641852155709,-5.2713485
9319,204.0,-298.8047312645592,-7.2068645
9329,204.0,-232.4731439766643,-5.3153375
9339,204.0,-298.8047312645592,-7.2068645
9350,204.0,-240.45750170576275,-5.3739895
9359,204.0,-290.8203735354607,-7.104223500000001
9369,204.0,-252.74112898129886,-5.6819125
9379,204.0,-283.45019717013906,-6.9722565
9390,204.0,-259.49712398284373,-5.8578685
9400,204.0,-271.7807512583798,-6.7229855
9410,204.0,-273.0091139859334,-6.2244435000000005
9420,204.0,-265.02475625683496,-6.591018500000001
9430,204.0,-280.37929035125507,-6.3710735000000005
9440,204.0,-257.6545798915133,-6.4297255
9450,204.0,-292.04873626301435,-6.664333500000001
9460,204.0,-250.28440352619165,-6.2830955
9470,204.0,-298.1905499007824,-6.8549525000000004
9481,204.0,-240.45750170576275,-6.1218025
9491,204.0,-305.56072626610404,-7.1188865
9500,204.0,-236.1582321593251,-5.9751725
9510,204.0,-308.6316330849881,-7.250853500000001
9521,204.0,-230.6305998853339,-5.8285425
9531,204.0,-314.1592653589793,-7.5001245
9541,204.0,-225.71714897511944,-5.6672495000000005
9551,204.0,-314.1592653589793,-7.5001245
9562,204.0,-222.03206079245862,-5.5646085
9571,204.0,-314.1592653589793,-7.5001245
9581,204.0,-218.3469726097978,-5.4179785
9591,204.0,-314.1592653589793,-7.5001245
9602,204.0,-213.43352169958337,-5.2713485
9612,204.0,-314.1592653589793,-7.5001245
9622,204.0,-208.52007078936893,-5.1393815
9632,204.0,-314.1592653589793,-7.5001245
9643,204.0,-206.0633453342617,-5.0660665
9652,204.0,-314.1592653589793,-7.5001245
9662,204.0,-202.9924385153777,-4.992751500000001
9672,204.0,-314.1592653589793,-7.5001245
9682,204.0,-198.69316896894003,-4.846121500000001
9693,204.0,-314.1592653589793,-7.5001245
9703,204.0,-196.85062487760962,-4.7874695
9713,204.0,-314.1592653589793,-7.5001245
9722,204.0,-196.85062487760962,-4.7288175
9733,204.0,-314.1592653589793,-7.5001245
9743,204.0,-195.0080807862792,-4.6555025
9753,204.0,-314.1592653589793,-7.5001245
9763,204.0,-196.23644351383285,-4.6408395
9774,204.0,-314.1592653589793,-7.5001245
9784,204.0,-195.62226215005603,-4.5675245
9793,204.0,-314.1592653589793,-7.5001245
9803,204.0,-197.46480624138644,-4.6115135
9814,204.0,-314.1592653589793,-7.5001245
9824,204.0,-199.92153169649367,-4.6115135
9834,204.0,-314.1592653589793,-7.5001245
9844,204.0,-200.53571306027044,-4.626176500000001
9854,204.0,-314.1592653589793,-7.5001245
9865,204.0,-201.76407578782408,-4.6408395
9874,204.0,-314.1592653589793,-7.5001245
9884,204.0,-203.6066198791545,-4.6555025
9894,204.0,-314.1592653589793,-7.5001245
9905,204.0,-204.8349826067081,-4.6555025
9915,204.0,-314.1592653589793,-7.5001245
9925,204.0,-206.0633453342617,-4.6701655
9935,204.0,-314.1592653589793,-7.5001245
9945,204.0,-207.29170806181534,-4.7141545
9955,204.0,-314.1592653589793,-7.5001245
9965,204.0,-209.74843351692252,-4.7434805
9975,204.0,-314.1592653589793,-7.5001245
9986,204.0,-210.9767962444761,-4.7434805
9996,204.0,-313.54508399520256,-7.5001245
10006,204.0,-211.59097760825296,-4.772806500000001
10016,204.0,-312.3167212676489,-7.5001245
10025,204.0,-213.43352169958337,-4.8167955000000005
10036,204.0,-312.3167212676489,-7.5001245
10046,204.0,-214.66188442713695,-4.846121500000001
10056,204.0,-311.0883585400953,-7.5001245
10066,204.0,-214.0477030633602,-4.8754475
10077,204.0,-309.24581444876486,-7.4854615
10086,204.0,-216.50442851846742,-4.919436500000001
10096,204.0,-310.4741771763185,-7.5001245
10106,204.0,-216.50442851846742,-4.9047735
10117,204.0,-309.24581444876486,-7.5001245
10127,204.0,-218.3469726097978,-4.9487625
10137,204.0,-308.6316330849881,-7.470798500000001
10147,204.0,-216.50442851846742,-4.9340995
10157,204.0,-308.0174517212113,-7.4561355
10167,204.0,-220.803698064905,-5.0220775
10177,204.0,-306.7890889936577,-7.4268095
10187,204.0,-221.41787942868186,-5.0367405000000005
10198,204.0,-307.40327035743445,-7.4121465
10208,204.0,-223.26042352001227,-5.0807295
10218,204.0,-304.9465449023273,-7.3534945
10227,204.0,-222.64624215623542,-5.0953925
10237,204.0,-304.33236353855045,-7.3534945
10248,204.0,-224.48878624756586,-5.1393815
10258,204.0,-303.71818217477363,-7.324168500000001
10268,204.0,-226.33133033889624,-5.1540445
10278,204.0,-301.87563808344316,-7.2801795
10289,204.0,-226.33133033889624,-5.1980335
10299,204.0,-300.0330939921128,-7.2361905
10309,204.0,-229.4022371577803,-5.2860115
10318,204.0,-301.87563808344316,-7.2655165
10329,204.0,-231.24478124911067,-5.2860115
10339,204.0,-298.8047312645592,-7.2068645
10349,204.0,-238.00077625065552,-5.3593265
10359,204.0,-293.89128035434476,-7.1628755
10369,204.0,-249.05604079863804,-5.5939345000000005
10379,204.0,-284.0643785339159,-7.0015825000000005
10389,204.0,-258.2687612552901,-5.8285425
10399,204.0,-276.69420216859424,-6.810963500000001
10409,204.0,-274.23747671348707,-6.180454500000001
10420,204.0,-266.25311898438855,-6.620344500000001
10430,204.0,-280.37929035125507,-6.3857365
10440,204.0,-255.1978544364061,-6.3710735000000005
10449,204.0,-296.34800580945193,-6.7816375
10460,204.0,-249.05604079863804,-6.253769500000001
10470,204.0,-299.418912628336,-6.8696155
10480,204.0,-238.00077625065552,-6.033824500000001
10490,204.0,-308.6316330849881,-7.2361905
10501,204.0,-231.85896261288752,-5.8871945000000006
10511,204.0,-314.1592653589793,-7.4268095
10521,204.0,-225.10296761134265,-5.7112385
10530,204.0,-314.1592653589793,-7.5001245
10541,204.0,-222.03206079245862,-5.623260500000001
10551,204.0,-314.1592653589793,-7.5001245
10561,204.0,-217.73279124602098,-5.4473045
10571,204.0,-314.1592653589793,-7.5001245
10582,204.0,-214.0477030633602,-5.3446635
10591,204.0,-314.1592653589793,-7.5001245
10601,204.0,-212.8193403358066,-5.2420225
10611,204.0,-314.1592653589793,-7.5001245
10621,204.0,-208.52007078936893,-5.1540445
10632,204.0,-314.1592653589793,-7.5001245
10642,204.0,-203.6066198791545,-5.0220775
10652,204.0,-314.1592653589793,-7.5001245
10661,204.0,-200.53571306027044,-4.9780885
10672,204.0,-314.1592653589793,-7.5001245
10682,204.0,-198.69316896894003,-4.8607845
10692,204.0,-314.1592653589793,-7.5001245
10702,204.0,-196.23644351383285,-4.7581435
10713,204.0,-314.1592653589793,-7.5001245
10723,204.0,-195.62226215005603,-4.699491500000001
10733,204.0,-314.1592653589793,-7.5001245
10742,204.0,-194.39389942250244,-4.6701655
10753,204.0,-314.1592653589793,-7.5001245
10763,204.0,-194.39389942250244,-4.5968505
10773,204.0,-314.1592653589793,-7.5001245
10783,204.0,-196.23644351383285,-4.626176500000001
10793,204.0,-314.1592653589793,-7.5001245
10803,204.0,-196.85062487760962,-4.6408395
10813,204.0,-314.1592653589793,-7.5001245
10823,204.0,-199.30735033271685,-4.6115135
10833,204.0,-314.1592653589793,-7.5001245
10844,204.0,-201.14989442404726,-4.626176500000001
10854,204.0,-314.1592653589793,-7.5001245
10864,204.0,-201.14989442404726,-4.626176500000001
10874,204.0,-313.54508399520256,-7.5001245
10884,204.0,-202.9924385153777,-4.626176500000001
10894,204.0,-314.1592653589793,-7.5001245
10904,204.0,-204.8349826067081,-4.6555025
10914,204.0,-314.1592653589793,-7.5001245
10925,204.0,-206.67752669803852,-4.6848285
10935,204.0,-314.1592653589793,-7.5001245
10944,204.0,-206.67752669803852,-4.6848285
10954,204.0,-314.1592653589793,-7.5001245
10964,204.0,-209.13425215314575,-4.7288175
10975,204.0,-314.1592653589793,-7.5001245
10985,204.0,-210.36261488069934,-4.7581435
10995,204.0,-313.54508399520256,-7.5001245
11005,204.0,-210.36261488069934,-4.7434805
11016,204.0,-312.3167212676489,-7.5001245
11025,204.0,-211.59097760825296,-4.7874695
11035,204.0,-312.9309026314257,-7.5001245
11045,204.0,-212.20515897202975,-4.8167955000000005
11056,204.0,-312.3167212676489,-7.5001245
11066,204.0,-212.8193403358066,-4.8167955000000005
11076,204.0,-311.0883585400953,-7.5001245
11085,204.0,-214.0477030633602,-4.8607845
11096,204.0,-310.4741771763185,-7.5001245
11106,204.0,-215.89024715469057,-4.8754475
11116,204.0,-310.4741771763185,-7.5001245
11126,204.0,-215.27606579091378,-4.8901105000000005
11137,204.0,-309.24581444876486,-7.5001245
11146,204.0,-215.27606579091378,-4.919436500000001
11156,204.0,-308.6316330849881,-7.4854615
11166,204.0,-217.1186098822442,-4.9340995
11176,204.0,-309.85999581254174,-7.4561355
11187,204.0,-218.96115397357462,-4.9634255000000005
11197,204.0,-306.7890889936577,-7.441472500000001
11207,204.0,-219.57533533735142,-4.992751500000001
11216,204.0,-306.7890889936577,-7.4268095
11227,204.0,-221.41787942868186,-5.0367405000000005
11237,204.0,-306.17490762988086,-7.397483500000001
11247,204.0,-220.18951670112818,-5.0367405000000005
11257,204.0,-304.33236353855045,-7.3534945
11268,204.0,-223.87460488378903,-5.1100555000000005
11278,204.0,-302.48981944722004,-7.3388315
11287,204.0,-223.87460488378903,-5.1393815
11297,204.0,-304.33236353855045,-7.3388315
11308,204.0,-225.71714897511944,-5.1687075
11318,204.0,-302.48981944722004,-7.3095055
11328,204.0,-228.1738744302267,-5.1833705000000005
11338,204.0,-301.26145671966646,-7.2801795
11348,204.0,-228.1738744302267,-5.2273595
11358,204.0,-300.64727535588963,-7.250853500000001
11368,204.0,-230.01641852155709,-5.2713485
11378,204.0,-300.0330939921128,-7.2068645
11388,204.0,-234.31568806799476,-5.3153375
11399,204.0,-295.7338244456752,-7.1922015
11409,204.0,-238.00077625065552,-5.3739895
11419,204.0,-288.3636480803535,-7.0748975000000005
11428,204.0,-252.1269476175221,-5.696575500000001
11439,204.0,-283.45019717013906,-6.957593500000001
11449,204.0,-261.9538494379509,-5.9018575
11459,204.0,-274.23747671348707,-6.7816375
11469,204.0,-274.85165807726383,-6.2244435000000005
11480,204.0,-261.33966807417414,-6.5030405
11490,204.0,-283.45019717013906,-6.5177035000000005
11499,204.0,-253.9694917088525,-6.3417475
11509,204.0,-298.1905499007824,-6.810963500000001
11520,204.0,-244.1425898884236,-6.180454500000001
11530,204.0,-301.87563808344316,-6.9722565
11540,204.0,-236.77241352310196,-6.033824500000001
11550,204.0,-308.6316330849881,-7.2215275000000005
11559,204.0,-235.54405079554832,-5.9751725
11570,204.0,-308.6316330849881,-7.2215275000000005
11580,204.0,-232.4731439766643,-5.8578685
11590,204.0,-314.1592653589793,-7.5001245
11600,204.0,-228.1738744302267,-5.769890500000001
11611,204.0,-314.1592653589793,-7.5001245
11621,204.0,-220.803698064905,-5.5792715
11630,204.0,-314.1592653589793,-7.5001245
11640,204.0,-218.3469726097978,-5.4326415
11651,204.0,-314.1592653589793,-7.5001245
11661,204.0,-215.89024715469057,-5.3739895
11671,204.0,-314.1592653589793,-7.5001245
11681,204.0,-210.36261488069934,-5.2126965
11691,204.0,-314.1592653589793,-7.5001245
11701,204.0,-207.29170806181534,-5.1540445
11711,204.0,-314.1592653589793,-7.5001245
11721,204.0,-203.6066198791545,-5.0220775
11731,204.0,-314.1592653589793,-7.5001245
11742,204.0,-196.23644351383285,-4.846121500000001
11752,204.0,-314.1592653589793,-7.5001245
11762,204.0,-196.23644351383285,-4.8021325
11771,204.0,-314.1592653589793,-7.5001245
11782,204.0,-196.23644351383285,-4.699491500000001
11792,204.0,-314.1592653589793,-7.5001245
11802,204.0,-194.39389942250244,-4.6848285
11812,204.0,-314.1592653589793,-7.5001245
11823,204.0,-194.39389942250244,-4.6555025
11833,204.0,-314.1592653589793,-7.5001245
11842,204.0,-193.77971805872562,-4.626176500000001
11852,204.0,-314.1592653589793,-7.5001245
11863,204.0,-194.39389942250244,-4.5821875
11873,204.0,-314.1592653589793,-7.5001245
11883,204.0,-196.85062487760962,-4.6115135
11893,204.0,-314.1592653589793,-7.5001245
11904,204.0,-199.92153169649367,-4.6408395
11913,204.0,-314.1592653589793,-7.5001245
11923,204.0,-201.76407578782408,-4.6408395
11933,204.0,-314.1592653589793,-7.5001245
11943,204.0,-202.37825715160088,-4.6408395
11954,204.0,-314.1592653589793,-7.5001245
11964,204.0,-203.6066198791545,-4.6555025
11974,204.0,-314.1592653589793,-7.5001245
11984,204.0,-205.4491639704849,-4.6701655
11994,204.0,-313.54508399520256,-7.5001245
12004,204.0,-207.90588942559214,-4.699491500000001
12014,204.0,-314.1592653589793,-7.5001245
12024,204.0,-209.13425215314575,-4.7141545
12035,204.0,-314.1592653589793,-7.5001245
12045,204.0,-211.59097760825296,-4.7581435
12055,204.0,-314.1592653589793,-7.5001245
12065,204.0,-210.36261488069934,-4.772806500000001
12075,204.0,-313.54508399520256,-7.5001245
12085,204.0,-212.8193403358066,-4.8167955000000005
12095,204.0,-312.3167212676489,-7.5001245
12105,204.0,-212.20515897202975,-4.8021325
12115,204.0,-311.0883585400953,-7.5001245
12126,204.0,-213.43352169958337,-4.846121500000001
12136,204.0,-310.4741771763185,-7.5001245
12145,204.0,-214.66188442713695,-4.8901105000000005
12155,204.0,-311.0883585400953,-7.5001245
12166,204.0,-215.89024715469057,-4.9047735
12176,204.0,-308.6316330849881,-7.5001245
12186,204.0,-216.50442851846742,-4.919436500000001
12196,204.0,-308.0174517212113,-7.470798500000001
12207,204.0,-217.73279124602098,-4.9780885
12216,204.0,-307.40327035743445,-7.4561355
12226,204.0,-218.96115397357462,-4.992751500000001
12236,204.0,-306.7890889936577,-7.441472500000001
12247,204.0,-221.41787942868186,-5.0220775
12257,204.0,-306.17490762988086,-7.4121465
12267,204.0,-221.41787942868186,-5.0367405000000005
12276,204.0,-304.33236353855045,-7.3828205
12286,204.0,-223.87460488378903,-5.1100555000000005
12297,204.0,-304.33236353855045,-7.3534945
12307,204.0,-225.10296761134265,-5.1393815
12317,204.0,-303.71818217477363,-7.3388315
12327,204.0,-225.10296761134265,-5.1393815
12338,204.0,-303.1040008109968,-7.3095055
12348,204.0,-225.71714897511944,-5.1687075
12357,204.0,-301.87563808344316,-7.294842500000001
12367,204.0,-229.4022371577803,-5.2273595
12378,204.0,-301.26145671966646,-7.2655165
12388,204.0,-230.6305998853339,-5.256685500000001
12398,204.0,-300.0330939921128,-7.2215275000000005
12408,204.0,-232.4731439766643,-5.3006745
12419,204.0,-292.04873626301435,-7.1628755
12428,204.0,-244.75677125220042,-5.5352825
12438,204.0,-290.20619217168394,-7.0748975000000005
12449,204.0,-301.26145671966646,-6.591018500000001
12460,204.0,-237.38659488687875,-5.9898355
12470,204.0,-307.40327035743445,-7.2361905
12480,204.0,-234.31568806799476,-5.9458465
12489,204.0,-311.70253990387204,-7.324168500000001
12499,204.0,-230.6305998853339,-5.7992165
12510,204.0,-314.1592653589793,-7.5001245
12520,204.0,-225.71714897511944,-5.696575500000001
12530,204.0,-314.1592653589793,-7.5001245
12540,204.0,-218.3469726097978,-5.5206195000000005
12551,204.0,-314.1592653589793,-7.5001245
12560,204.0,-216.50442851846742,-5.403315500000001
12570,204.0,-314.1592653589793,-7.5001245
12580,204.0,-212.8193403358066,-5.3006745
12591,204.0,-314.1592653589793,-7.5001245
12601,204.0,-209.13425215314575,-5.1687075
12611,204.0,-314.1592653589793,-7.5001245
12621,204.0,-202.37825715160088,-5.0367405000000005
12632,204.0,-314.1592653589793,-7.5001245
12641,204.0,-200.53571306027044,-4.9487625
12651,204.0,-314.1592653589793,-7.5001245
12661,204.0,-196.85062487760962,-4.846121500000001
12672,204.0,-314.1592653589793,-7.5001245
12682,204.0,-195.62226215005603,-4.772806500000001
12692,204.0,-314.1592653589793,-7.5001245
12702,204.0,-195.0080807862792,-4.699491500000001
12711,204.0,-314.1592653589793,-7.5001245
12722,204.0,-194.39389942250244,-4.6555025
12732,204.0,-314.1592653589793,-7.5001245
12742,204.0,-193.77971805872562,-4.6408395
12752,204.0,-314.1592653589793,-7.5001245
12763,204.0,-195.62226215005603,-4.6115135
12773,204.0,-314.1592653589793,-7.5001245
12782,204.0,-196.85062487760962,-4.6115135
12792,204.0,-314.1592653589793,-7.5001245
12803,204.0,-198.69316896894003,-4.6408395
12813,204.0,-314.1592653589793,-7.5001245
12823,204.0,-200.53571306027044,-4.626176500000001
12833,204.0,-314.1592653589793,-7.5001245
12844,204.0,-201.76407578782408,-4.626176500000001
12853,204.0,-314.1592653589793,-7.5001245
12863,204.0,-202.37825715160088,-4.6408395
12873,204.0,-314.1592653589793,-7.5001245
12883,204.0,-204.8349826067081,-4.6555025
12894,204.0,-314.1592653589793,-7.5001245
12904,204.0,-206.0633453342617,-4.6848285
12914,204.0,-313.54508399520256,-7.5001245
12923,204.0,-209.13425215314575,-4.7434805
12934,204.0,-314.1592653589793,-7.5001245
12944,204.0,-209.74843351692252,-4.7141545
12954,204.0,-314.1592653589793,-7.5001245
12964,204.0,-210.9767962444761,-4.7581435
12975,204.0,-314.1592653589793,-7.5001245
12985,204.0,-211.59097760825296,-4.772806500000001
12994,204.0,-312.9309026314257,-7.5001245
13004,204.0,-214.66188442713695,-4.8314585
13015,204.0,-313.54508399520256,-7.5001245
13025,204.0,-213.43352169958337,-4.8167955000000005
13035,204.0,-311.70253990387204,-7.5001245
13045,204.0,-213.43352169958337,-4.8167955000000005
13056,204.0,-311.0883585400953,-7.5001245
13066,204.0,-215.27606579091378,-4.8901105000000005
13075,204.0,-310.4741771763185,-7.5001245
13085,204.0,-215.89024715469057,-4.8901105000000005
13095,204.0,-309.85999581254174,-7.5001245
13106,204.0,-217.1186098822442,-4.9487625
13116,204.0,-308.6316330849881,-7.4854615
13126,204.0,-217.73279124602098,-4.9487625
13136,204.0,-304.9465449023273,-7.4121465
13146,204.0,-219.57533533735142,-5.0220775
13156,204.0,-306.7890889936577,-7.441472500000001
13166,204.0,-220.18951670112818,-5.0074145
13176,204.0,-305.56072626610404,-7.397483500000001
13187,204.0,-224.48878624756586,-5.1100555000000005
13197,204.0,-304.9465449023273,-7.368157500000001
13207,204.0,-222.64624215623542,-5.0807295
13216,204.0,-303.1040008109968,-7.3388315
13227,204.0,-225.10296761134265,-5.1540445
13237,204.0,-303.71818217477363,-7.324168500000001
13247,204.0,-226.33133033889624,-5.1687075
13257,204.0,-301.26145671966646,-7.2801795
13267,204.0,-225.71714897511944,-5.1980335
13278,204.0,-300.0330939921128,-7.2655165
13287,204.0,-227.55969306644985,-5.2420225
13297,204.0,-299.418912628336,-7.250853500000001
13307,204.0,-230.6305998853339,-5.2860115
13318,204.0,-300.0330939921128,-7.2215275000000005
13328,204.0,-230.01641852155709,-5.2860115
13338,204.0,-298.1905499007824,-7.2068645
13347,204.0,-241.07168306953957,-5.4326415
13358,204.0,-290.8203735354607,-7.0895605
13368,204.0,-250.89858488996842,-5.6379235
13378,204.0,-280.37929035125507,-6.8989415
13388,204.0,-266.25311898438855,-6.0044985
13399,204.0,-271.7807512583798,-6.7229855
13409,204.0,-272.3949326221566,-6.180454500000001
13418,204.0,-266.8673003481654,-6.6056815
13428,204.0,-280.9934717150319,-6.3857365
13438,204.0,-257.04039852773644,-6.4443885000000005
13449,204.0,-290.8203735354607,-6.6789965
13459,204.0,-253.35531034507565,-6.3417475
13469,204.0,-293.89128035434476,-6.7523115
13479,204.0,-241.07168306953957,-6.1218025
13489,204.0,-306.7890889936577,-7.104223500000001
13499,204.0,-236.77241352310196,-6.0044985
13509,204.0,-307.40327035743445,-7.177538500000001
13519,204.0,-229.4022371577803,-5.8285425
13530,204.0,-314.1592653589793,-7.5001245
13540,204.0,-225.71714897511944,-5.696575500000001
13549,204.0,-314.1592653589793,-7.5001245
13559,204.0,-223.87460488378903,-5.6525865
13570,204.0,-314.1592653589793,-7.5001245
13580,204.0,-219.57533533735142,-5.476630500000001
13590,204.0,-314.1592653589793,-7.5001245
13600,204.0,-214.0477030633602,-5.3006745
13611,204.0,-314.1592653589793,-7.5001245
13621,204.0,-210.9767962444761,-5.2273595
13630,204.0,-314.1592653589793,-7.5001245
13640,204.0,-205.4491639704849,-5.1100555000000005
13650,204.0,-314.1592653589793,-7.5001245
13661,204.0,-203.6066198791545,-5.0514035
13671,204.0,-314.1592653589793,-7.5001245
13681,204.0,-199.92153169649367,-4.919436500000001
13690,204.0,-314.1592653589793,-7.5001245
13701,204.0,-196.23644351383285,-4.8607845
13711,204.0,-314.1592653589793,-7.5001245
13721,204.0,-195.62226215005603,-4.7581435
13731,204.0,-314.1592653589793,-7.5001245
13742,204.0,-195.0080807862792,-4.6848285
13752,204.0,-314.1592653589793,-7.5001245
13762,204.0,-193.77971805872562,-4.6555025
13771,204.0,-314.1592653589793,-7.5001245
13782,204.0,-195.0080807862792,-4.5968505
13792,204.0,-314.1592653589793,-7.5001245
13802,204.0,-195.62226215005603,-4.626176500000001
13812,204.0,-314.1592653589793,-7.5001245
13822,204.0,-195.62226215005603,-4.5968505
13833,204.0,-314.1592653589793,-7.5001245
13842,204.0,-198.69316896894003,-4.626176500000001
13852,204.0,-314.1592653589793,-7.5001245
13862,204.0,-200.53571306027044,-4.626176500000001
13873,204.0,-314.1592653589793,-7.5001245
13883,204.0,-201.14989442404726,-4.626176500000001
13893,204.0,-314.1592653589793,-7.5001245
13902,204.0,-200.53571306027044,-4.626176500000001
13913,204.0,-314.1592653589793,-7.5001245
13923,204.0,-204.2208012429313,-4.6555025
13933,204.0,-314.1592653589793,-7.5001245
13943,204.0,-206.0633453342617,-4.6701655
13954,204.0,-314.1592653589793,-7.5001245
13964,204.0,-207.90588942559214,-4.7288175
13974,204.0,-314.1592653589793,-7.5001245
13983,204.0,-209.13425215314575,-4.7141545
13993,204.0,-314.1592653589793,-7.5001245
14004,204.0,-209.74843351692252,-4.7288175
14014,204.0,-314.1592653589793,-7.5001245
14024,204.0,-210.36261488069934,-4.7581435
14034,204.0,-311.70253990387204,-7.5001245
14045,204.0,-210.9767962444761,-4.7874695
14054,204.0,-312.9309026314257,-7.5001245
14064,204.0,-212.8193403358066,-4.8021325
14074,204.0,-312.9309026314257,-7.5001245
14086,204.0,-216.50442851846742,-4.919436500000001
14095,204.0,-308.6316330849881,-7.4854615
14105,204.0,-218.3469726097978,-4.9487625
14115,204.0,-308.6316330849881,-7.470798500000001
14126,204.0,-219.57533533735142,-4.992751500000001
14136,204.0,-306.7890889936577,-7.441472500000001
14146,204.0,-221.41787942868186,-5.0220775
14156,204.0,-306.17490762988086,-7.397483500000001
14166,204.0,-220.18951670112818,-5.0367405000000005
14176,204.0,-304.33236353855045,-7.3534945
14186,204.0,-223.26042352001227,-5.0807295
14196,204.0,-304.33236353855045,-7.3534945
14206,204.0,-224.48878624756586,-5.1247185
14217,204.0,-302.48981944722004,-7.324168500000001
14227,204.0,-226.33133033889624,-5.1980335
14237,204.0,-301.26145671966646,-7.2801795
14247,204.0,-226.9455117026731,-5.2273595
14257,204.0,-301.26145671966646,-7.2655165
14267,204.0,-229.4022371577803,-5.2860115
14277,204.0,-300.0330939921128,-7.2361905
14287,204.0,-229.4022371577803,-5.2860115
14298,204.0,-297.5763685370056,-7.177538500000001
14308,204.0,-236.77241352310196,-5.3886525
14317,204.0,-293.277098990568,-7.1628755
14327,204.0,-245.985133979754,-5.549945500000001
14338,204.0,-284.6785598976927,-7.0015825000000005
14348,204.0,-259.49712398284373,-5.8578685
14358,204.0,-277.9225648961479,-6.8549525000000004
14368,204.0,-267.4814817119422,-6.0484875
14379,204.0,-268.09566307571896,-6.6496705
14388,204.0,-277.308383532371,-6.3124215
14398,204.0,-259.49712398284373,-6.4883775
14408,204.0,-287.1352853527999,-6.5763555
14418,204.0,-252.1269476175221,-6.3417475
14429,204.0,-297.5763685370056,-6.8256265
14439,204.0,-243.5284085246468,-6.1657915
14448,204.0,-303.1040008109968,-7.0162455
14458,204.0,-238.00077625065552,-6.033824500000001
14469,204.0,-306.7890889936577,-7.1922015
14479,204.0,-231.85896261288752,-5.8725315
14489,204.0,-313.54508399520256,-7.368157500000001
14499,204.0,-230.01641852155709,-5.8285425
14510,204.0,-314.1592653589793,-7.441472500000001
14519,204.0,-225.71714897511944,-5.7112385
14529,204.0,-314.1592653589793,-7.5001245
14539,204.0,-221.41787942868186,-5.5792715
14550,204.0,-314.1592653589793,-7.5001245
14560,204.0,-217.73279124602098,-5.4619675
14570,204.0,-314.1592653589793,-7.5001245
14580,204.0,-214.66188442713695,-5.330000500000001
14589,204.0,-314.1592653589793,-7.5001245
14600,204.0,-210.9767962444761,-5.2126965
14610,204.0,-314.1592653589793,-7.5001245
14620,204.0,-202.9924385153777,-5.0367405000000005
14630,204.0,-314.1592653589793,-7.5001245
14641,204.0,-200.53571306027044,-4.9634255000000005
14651,204.0,-314.1592653589793,-7.5001245
14661,204.0,-198.07898760516326,-4.8607845
14670,204.0,-314.1592653589793,-7.5001245
14681,204.0,-196.23644351383285,-4.772806500000001
14691,204.0,-314.1592653589793,-7.5001245
14701,204.0,-193.77971805872562,-4.6848285
14711,204.0,-314.1592653589793,-7.5001245
14722,204.0,-193.77971805872562,-4.6848285
14732,204.0,-314.1592653589793,-7.5001245
14741,204.0,-195.62226215005603,-4.6555025
14751,204.0,-314.1592653589793,-7.5001245
14761,204.0,-195.62226215005603,-4.6115135
14772,204.0,-314.1592653589793,-7.5001245
14782,204.0,-198.07898760516326,-4.5968505
14792,204.0,-314.1592653589793,-7.5001245
14802,204.0,-199.30735033271685,-4.626176500000001
14813,204.0,-314.1592653589793,-7.5001245
14822,204.0,-201.14989442404726,-4.6408395
14832,204.0,-314.1592653589793,-7.5001245
14842,204.0,-202.9924385153777,-4.6408395
14853,204.0,-314.1592653589793,-7.5001245
14863,204.0,-204.2208012429313,-4.6408395
14873,204.0,-314.1592653589793,-7.5001245
14883,204.0,-206.0633453342617,-4.6701655
14893,204.0,-314.1592653589793,-7.5001245
14903,204.0,-207.90588942559214,-4.699491500000001
14913,204.0,-314.1592653589793,-7.5001245
14923,204.0,-209.13425215314575,-4.7288175
14934,204.0,-314.1592653589793,-7.5001245
14944,204.0,-209.13425215314575,-4.7288175
14954,204.0,-313.54508399520256,-7.5001245
14963,204.0,-208.52007078936893,-4.7288175
14973,204.0,-312.9309026314257,-7.5001245
14984,204.0,-211.59097760825296,-4.772806500000001
14994,204.0,-312.9309026314257,-7.5001245
15004,204.0,-212.8193403358066,-4.7874695
15014,204.0,-311.70253990387204,-7.5001245
15025,204.0,-214.0477030633602,-4.846121500000001
15034,204.0,-311.0883585400953,-7.5001245
15044,204.0,-214.0477030633602,-4.8607845
15054,204.0,-310.4741771763185,-7.5001245
15065,204.0,-215.89024715469057,-4.8901105000000005
15075,204.0,-310.4741771763185,-7.5001245
15085,204.0,-216.50442851846742,-4.9047735
15095,204.0,-309.85999581254174,-7.4854615
15105,204.0,-218.3469726097978,-4.9487625
15115,204.0,-308.6316330849881,-7.470798500000001
15125,204.0,-218.3469726097978,-4.9487625
15135,204.0,-308.0174517212113,-7.441472500000001
15145,204.0,-219.57533533735142,-4.992751500000001
15156,204.0,-306.17490762988086,-7.4121465
15166,204.0,-220.803698064905,-5.0220775
15176,204.0,-304.9465449023273,-7.397483500000001
15185,204.0,-222.64624215623542,-5.0807295
15196,204.0,-304.9465449023273,-7.368157500000001
15206,204.0,-223.87460488378903,-5.1100555000000005
15216,204.0,-303.71818217477363,-7.3388315
15226,204.0,-222.03206079245862,-5.0953925
15237,204.0,-301.26145671966646,-7.3095055
15246,204.0,-225.10296761134265,-5.1540445
15256,204.0,-301.87563808344316,-7.3095055
15266,204.0,-225.71714897511944,-5.1687075
15277,204.0,-300.64727535588963,-7.2801795
15287,204.0,-228.7880557940035,-5.256685500000001
15297,204.0,-300.64727535588963,-7.250853500000001
15306,204.0,-228.7880557940035,-5.256685500000001
15316,204.0,-300.64727535588963,-7.2361905
15327,204.0,-233.08732534044108,-5.3153375
15337,204.0,-298.1905499007824,-7.1922015
15347,204.0,-240.45750170576275,-5.3739895
15357,204.0,-287.1352853527999,-7.0455715
15368,204.0,-249.05604079863804,-5.6379235
15377,204.0,-285.2927412614695,-7.0162455
15387,204.0,-259.49712398284373,-5.8578685
15397,204.0,-275.46583944104066,-6.7963005
15408,204.0,-270.5523885308262,-6.1218025
15418,204.0,-266.8673003481654,-6.6056815
15428,204.0,-283.45019717013906,-6.4297255
15438,204.0,-260.11130534662055,-6.4883775
15448,204.0,-290.8203735354607,-6.664333500000001
15458,204.0,-248.4418594348612,-6.2684325
15468,204.0,-300.64727535588963,-6.9282675000000005
15478,204.0,-241.68586443331634,-6.107139500000001
15489,204.0,-304.33236353855045,-7.030908500000001
15499,204.0,-236.77241352310196,-6.0044985
15509,204.0,-311.0883585400953,-7.294842500000001
15518,204.0,-233.70150670421793,-5.9165205
15528,204.0,-314.1592653589793,-7.4268095
15539,204.0,-229.4022371577803,-5.7992165
15549,204.0,-314.1592653589793,-7.5001245
15559,204.0,-224.48878624756586,-5.6525865
15569,204.0,-314.1592653589793,-7.5001245
15580,204.0,-218.3469726097978,-5.4473045
15589,204.0,-314.1592653589793,-7.5001245
15599,204.0,-216.50442851846742,-5.4326415
15609,204.0,-314.1592653589793,-7.5001245
15620,204.0,-212.8193403358066,-5.2860115
15630,204.0,-314.1592653589793,-7.5001245
15640,204.0,-209.74843351692252,-5.1980335
15649,204.0,-314.1592653589793,-7.5001245
15660,204.0,-207.29170806181534,-5.1540445
15670,204.0,-314.1592653589793,-7.5001245
15680,204.0,-204.8349826067081,-5.0220775
15690,204.0,-314.1592653589793,-7.5001245
15700,204.0,-200.53571306027044,-4.9340995
15710,204.0,-314.1592653589793,-7.5001245
15720,204.0,-197.46480624138644,-4.8314585
15730,204.0,-314.1592653589793,-7.5001245
15740,204.0,-195.62226215005603,-4.7288175
15751,204.0,-314.1592653589793,-7.5001245
15761,204.0,-195.0080807862792,-4.699491500000001
15771,204.0,-314.1592653589793,-7.5001245
15781,204.0,-193.16553669494883,-4.6555025
15791,204.0,-314.1592653589793,-7.5001245
15801,204.0,-195.0080807862792,-4.6408395
15811,204.0,-314.1592653589793,-7.5001245
15821,204.0,-194.39389942250244,-4.6115135
15832,204.0,-314.1592653589793,-7.5001245
15842,204.0,-196.23644351383285,-4.5968505
15851,204.0,-314.1592653589793,-7.5001245
15861,204.0,-198.07898760516326,-4.6115135
15872,204.0,-314.1592653589793,-7.5001245
15882,204.0,-200.53571306027044,-4.6408395
15892,204.0,-314.1592653589793,-7.5001245
15902,204.0,-198.69316896894003,-4.5821875
15912,204.0,-314.1592653589793,-7.5001245
15922,204.0,-201.76407578782408,-4.6555025
15932,204.0,-314.1592653589793,-7.5001245
15942,204.0,-204.8349826067081,-4.6555025
15952,204.0,-314.1592653589793,-7.5001245
15963,204.0,-207.29170806181534,-4.6848285
15973,204.0,-314.1592653589793,-7.5001245
15983,204.0,-206.67752669803852,-4.699491500000001
15993,204.0,-314.1592653589793,-7.5001245
16003,204.0,-208.52007078936893,-4.7141545
16013,204.0,-314.1592653589793,-7.5001245
16023,204.0,-209.13425215314575,-4.7434805
16033,204.0,-313.54508399520256,-7.5001245
16044,204.0,-209.13425215314575,-4.7434805
16054,204.0,-312.3167212676489,-7.5001245
16063,204.0,-210.9767962444761,-4.7874695
16073,204.0,-312.3167212676489,-7.5001245
16083,204.0,-212.8193403358066,-4.8167955000000005
16094,204.0,-311.70253990387204,-7.5001245
16104,204.0,-214.0477030633602,-4.846121500000001
16114,204.0,-311.0883585400953,-7.5001245
16124,204.0,-214.0477030633602,-4.846121500000001
16135,204.0,-309.85999581254174,-7.5001245
16144,204.0,-215.89024715469057,-4.8901105000000005
16154,204.0,-309.85999581254174,-7.5001245
16164,204.0,-216.50442851846742,-4.919436500000001
16175,204.0,-309.85999581254174,-7.470798500000001
16185,204.0,-219.57533533735142,-4.9634255000000005
16195,204.0,-308.0174517212113,-7.441472500000001
16205,204.0,-218.3469726097978,-4.9634255000000005
16215,204.0,-305.56072626610404,-7.4121465
16225,204.0,-221.41787942868186,-5.0367405000000005
16235,204.0,-306.7890889936577,-7.4268095
16245,204.0,-222.64624215623542,-5.0660665
16256,204.0,-304.9465449023273,-7.368157500000001
16266,204.0,-223.26042352001227,-5.0953925
16276,204.0,-303.71818217477363,-7.3388315
16286,204.0,-223.87460488378903,-5.1393815
16296,204.0,-301.87563808344316,-7.294842500000001
16306,204.0,-226.9455117026731,-5.1833705000000005
16316,204.0,-300.64727535588963,-7.2655165
16326,204.0,-228.1738744302267,-5.2273595
16336,204.0,-301.26145671966646,-7.2655165
16347,204.0,-228.7880557940035,-5.256685500000001
16357,204.0,-299.418912628336,-7.2215275000000005
16366,204.0,-233.08732534044108,-5.3446635
16376,204.0,-300.64727535588963,-7.2215275000000005
16387,204.0,-237.38659488687875,-5.330000500000001
16397,204.0,-295.7338244456752,-7.177538500000001
16407,204.0,-245.985133979754,-5.5059565
16417,204.0,-288.9778294441303,-7.0455715
16427,204.0,-255.1978544364061,-5.7405645000000005
16437,204.0,-277.9225648961479,-6.8696155
16447,204.0,-268.09566307571896,-6.033824500000001
16457,204.0,-268.09566307571896,-6.6350075
16467,204.0,-277.9225648961479,-6.3124215
16478,204.0,-260.11130534662055,-6.4883775
16488,204.0,-288.3636480803535,-6.591018500000001
16498,204.0,-250.89858488996842,-6.2977585000000005
16507,204.0,-296.34800580945193,-6.8256265
16518,204.0,-244.75677125220042,-6.1657915
16528,204.0,-302.48981944722004,-6.9869195
16538,204.0,-237.38659488687875,-6.0191615
16548,204.0,-308.0174517212113,-7.2361905
16559,204.0,-234.92986943177152,-5.9458465
16568,204.0,-310.4741771763185,-7.3095055
16578,204.0,-231.24478124911067,-5.8725315
16588,204.0,-314.1592653589793,-7.5001245
16599,204.0,-225.71714897511944,-5.6819125
16609,204.0,-314.1592653589793,-7.5001245
16619,204.0,-216.50442851846742,-5.403315500000001
16629,204.0,-314.1592653589793,-7.5001245
16638,204.0,-214.0477030633602,-5.3739895
16649,204.0,-314.1592653589793,-7.5001245
16659,204.0,-212.20515897202975,-5.256685500000001
16669,204.0,-314.1592653589793,-7.5001245
16679,204.0,-209.74843351692252,-5.1687075
16690,204.0,-314.1592653589793,-7.5001245
16700,204.0,-201.76407578782408,-5.0074145
16710,204.0,-314.1592653589793,-7.5001245
16719,204.0,-199.92153169649367,-4.9487625
16730,204.0,-314.1592653589793,-7.5001245
16740,204.0,-197.46480624138644,-4.8167955000000005
16750,204.0,-314.1592653589793,-7.5001245
16760,204.0,-196.23644351383285,-4.7434805
16771,204.0,-314.1592653589793,-7.5001245
16781,204.0,-197.46480624138644,-4.7288175
16790,204.0,-314.1592653589793,-7.5001245
16800,204.0,-195.0080807862792,-4.6555025
16811,204.0,-314.1592653589793,-7.5001245
16821,204.0,-195.62226215005603,-4.6408395
16831,204.0,-314.1592653589793,-7.5001245
16841,204.0,-195.0080807862792,-4.6115135
16851,204.0,-314.1592653589793,-7.5001245
16861,204.0,-196.85062487760962,-4.626176500000001
16871,204.0,-314.1592653589793,-7.5001245
16881,204.0,-199.30735033271685,-4.6115135
16891,204.0,-314.1592653589793,-7.5001245
16902,204.0,-201.76407578782408,-4.626176500000001
16912,204.0,-314.1592653589793,-7.5001245
16922,204.0,-203.6066198791545,-4.6408395
16931,204.0,-314.1592653589793,-7.5001245
16942,204.0,-204.2208012429313,-4.6555025
16952,204.0,-314.1592653589793,-7.5001245
16962,204.0,-206.0633453342617,-4.6701655
16972,204.0,-314.1592653589793,-7.5001245
16983,204.0,-206.67752669803852,-4.6701655
16993,204.0,-314.1592653589793,-7.5001245
17002,204.0,-208.52007078936893,-4.7141545
17012,204.0,-314.1592653589793,-7.5001245
17024,204.0,-209.74843351692252,-4.7434805
17033,204.0,-312.9309026314257,-7.5001245
17043,204.0,-211.59097760825296,-4.772806500000001
17053,204.0,-312.3167212676489,-7.5001245
17063,204.0,-212.20515897202975,-4.8314585
17074,204.0,-311.70253990387204,-7.5001245
17087,204.0,-241.68586443331634,-5.3153375
17097,204.0,-282.8360158063623,-7.0015825000000005
17106,204.0,-258.2687612552901,-5.8285425
17117,204.0,-277.308383532371,-6.8256265
17127,204.0,-266.25311898438855,-6.033824500000001
17137,204.0,-265.6389376206117,-6.591018500000001
17147,204.0,-278.53674625992466,-6.3564105
17158,204.0,-262.56803080172773,-6.5177035000000005
17167,204.0,-283.45019717013906,-6.473714500000001
17177,204.0,-255.81203580018285,-6.400399500000001
17187,204.0,-293.89128035434476,-6.7229855
17198,204.0,-249.67022216241486,-6.2684325
17208,204.0,-302.48981944722004,-6.9282675000000005
17218,204.0,-242.91422716086998,-6.1364655
17227,204.0,-304.33236353855045,-7.0455715
17238,204.0,-237.38659488687875,-6.0044985
17248,204.0,-309.24581444876486,-7.250853500000001
17258,204.0,-234.31568806799476,-5.9311835
17268,204.0,-311.0883585400953,-7.294842500000001
17278,204.0,-228.7880557940035,-5.8138795000000005
17289,204.0,-314.1592653589793,-7.5001245
17298,204.0,-224.48878624756586,-5.6672495000000005
17308,204.0,-314.1592653589793,-7.5001245
17318,204.0,-221.41787942868186,-5.549945500000001
17329,204.0,-314.1592653589793,-7.5001245
17339,204.0,-216.50442851846742,-5.3886525
17349,204.0,-314.1592653589793,-7.5001245
17359,204.0,-212.8193403358066,-5.3006745
17369,204.0,-314.1592653589793,-7.5001245
17379,204.0,-209.74843351692252,-5.1687075
17389,204.0,-314.1592653589793,-7.5001245
17399,204.0,-205.4491639704849,-5.0807295
17410,204.0,-314.1592653589793,-7.5001245
17420,204.0,-202.37825715160088,-4.992751500000001
17430,204.0,-314.1592653589793,-7.5001245
17439,204.0,-198.69316896894003,-4.919436500000001
17449,204.0,-314.1592653589793,-7.5001245
17460,204.0,-197.46480624138644,-4.8167955000000005
17470,204.0,-314.1592653589793,-7.5001245
17480,204.0,-194.39389942250244,-4.7141545
17490,204.0,-314.1592653589793,-7.5001245
17501,204.0,-194.39389942250244,-4.6848285
17510,204.0,-314.1592653589793,-7.5001245
17520,204.0,-195.0080807862792,-4.6701655
17530,204.0,-314.1592653589793,-7.5001245
17541,204.0,-195.0080807862792,-4.6701655
17551,204.0,-314.1592653589793,-7.5001245
17561,204.0,-195.0080807862792,-4.626176500000001
17570,204.0,-314.1592653589793,-7.5001245
17581,204.0,-195.62226215005603,-4.6408395
17591,204.0,-314.1592653589793,-7.5001245
17601,204.0,-198.07898760516326,-4.626176500000001
17611,204.0,-314.1592653589793,-7.5001245
17622,204.0,-198.07898760516326,-4.5968505
17631,204.0,-313.54508399520256,-7.5001245
17641,204.0,-201.14989442404726,-4.6555025
17651,204.0,-314.1592653589793,-7.5001245
17661,204.0,-201.76407578782408,-4.6408395
17672,204.0,-314.1592653589793,-7.5001245
17682,204.0,-201.76407578782408,-4.626176500000001
17691,204.0,-314.1592653589793,-7.5001245
17701,204.0,-204.2208012429313,-4.6555025
17712,204.0,-314.1592653589793,-7.5001245
17722,204.0,-206.67752669803852,-4.6701655
17732,204.0,-314.1592653589793,-7.5001245
17742,204.0,-208.52007078936893,-4.7141545
17753,204.0,-314.1592653589793,-7.5001245
17763,204.0,-208.52007078936893,-4.7141545
17772,204.0,-314.1592653589793,-7.5001245
17782,204.0,-210.36261488069934,-4.7581435
17793,204.0,-314.1592653589793,-7.5001245
17803,204.0,-210.9767962444761,-4.7581435
17813,204.0,-314.1592653589793,-7.5001245
17823,204.0,-211.59097760825296,-4.7581435
17833,204.0,-312.3167212676489,-7.5001245
17843,204.0,-212.8193403358066,-4.8021325
17853,204.0,-310.4741771763185,-7.5001245
17863,204.0,-214.0477030633602,-4.8314585
17873,204.0,-311.70253990387204,-7.5001245
17884,204.0,-215.27606579091378,-4.8754475
17894,204.0,-310.4741771763185,-7.5001245
17904,204.0,-214.0477030633602,-4.8607845
17913,204.0,-310.4741771763185,-7.5001245
17924,204.0,-217.1186098822442,-4.9340995
17934,204.0,-309.85999581254174,-7.5001245
17944,204.0,-218.3469726097978,-4.9487625
17954,204.0,-309.24581444876486,-7.470798500000001
17965,204.0,-218.3469726097978,-4.9634255000000005
17975,204.0,-307.40327035743445,-7.4561355
17984,204.0,-220.18951670112818,-5.0220775
17994,204.0,-306.17490762988086,-7.4121465
18004,204.0,-221.41787942868186,-5.0367405000000005
18015,204.0,-306.17490762988086,-7.397483500000001
18025,204.0,-222.64624215623542,-5.0807295
18035,204.0,-304.9465449023273,-7.368157500000001
18045,204.0,-223.87460488378903,-5.1100555000000005
18055,204.0,-304.33236353855045,-7.3534945
18065,204.0,-225.10296761134265,-5.1393815
18075,204.0,-303.71818217477363,-7.324168500000001
18085,204.0,-226.9455117026731,-5.1833705000000005
18096,204.0,-301.87563808344316,-7.294842500000001
18106,204.0,-227.55969306644985,-5.2126965
18116,204.0,-301.26145671966646,-7.2655165
18125,204.0,-228.1738744302267,-5.256685500000001
18136,204.0,-300.0330939921128,-7.2361905
18146,204.0,-230.6305998853339,-5.2860115
18156,204.0,-300.0330939921128,-7.2215275000000005
18166,204.0,-232.4731439766643,-5.3153375
18177,204.0,-296.9621871732288,-7.1922015
18186,204.0,-242.91422716086998,-5.4619675
18196,204.0,-291.4345548992376,-7.104223500000001
18206,204.0,-252.74112898129886,-5.6672495000000005
18216,204.0,-283.45019717013906,-6.957593500000001
18227,204.0,-258.8829426190669,-5.8578685
18237,204.0,-275.46583944104066,-6.7963005
18246,204.0,-269.3240258032726,-6.107139500000001
18256,204.0,-269.93820716704937,-6.6789965
18267,204.0,-279.1509276237015,-6.3417475
18277,204.0,-263.7963935292814,-6.5323665
18287,204.0,-285.2927412614695,-6.5030405
18297,204.0,-257.04039852773644,-6.4150625
18308,204.0,-293.89128035434476,-6.7083225
18317,204.0,-248.4418594348612,-6.253769500000001
18327,204.0,-303.71818217477363,-6.9722565
18337,204.0,-238.00077625065552,-6.0484875
18348,204.0,-308.0174517212113,-7.177538500000001
18358,204.0,-234.92986943177152,-5.960509500000001
18368,204.0,-311.0883585400953,-7.3388315
18378,204.0,-228.1738744302267,-5.7845535
18387,204.0,-314.1592653589793,-7.5001245
18398,204.0,-220.18951670112818,-5.5646085
18408,204.0,-314.1592653589793,-7.5001245
18418,204.0,-218.96115397357462,-5.5059565
18428,204.0,-314.1592653589793,-7.5001245
18439,204.0,-216.50442851846742,-5.403315500000001
18449,204.0,-314.1592653589793,-7.5001245
18458,204.0,-214.66188442713695,-5.3446635
18468,204.0,-314.1592653589793,-7.5001245
18479,204.0,-212.20515897202975,-5.256685500000001
18489,204.0,-314.1592653589793,-7.5001245
18499,204.0,-209.13425215314575,-5.1687075
18509,204.0,-314.1592653589793,-7.5001245
18519,204.0,-204.2208012429313,-5.0660665
18529,204.0,-314.1592653589793,-7.5001245
18539,204.0,-201.76407578782408,-4.9634255000000005
18549,204.0,-314.1592653589793,-7.5001245
18560,204.0,-200.53571306027044,-4.8901105000000005
18570,204.0,-314.1592653589793,-7.5001245
18579,204.0,-198.07898760516326,-4.846121500000001
18589,204.0,-314.1592653589793,-7.5001245
18599,204.0,-196.23644351383285,-4.7581435
18610,204.0,-314.1592653589793,-7.5001245
18620,204.0,-194.39389942250244,-4.6848285
18630,204.0,-314.1592653589793,-7.5001245
18639,204.0,-194.39389942250244,-4.6848285
18650,204.0,-314.1592653589793,-7.5001245
18660,204.0,-195.0080807862792,-4.6701655
18670,204.0,-314.1592653589793,-7.5001245
18680,204.0,-195.0080807862792,-4.6408395
18691,204.0,-314.1592653589793,-7.5001245
18701,204.0,-195.0080807862792,-4.626176500000001
18710,204.0,-314.1592653589793,-7.5001245
18720,204.0,-196.23644351383285,-4.626176500000001
18731,204.0,-314.1592653589793,-7.5001245
18741,204.0,-197.46480624138644,-4.6115135
18751,204.0,-314.1592653589793,-7.5001245
18761,204.0,-198.07898760516326,-4.6115135
18770,204.0,-313.54508399520256,-7.5001245
18781,204.0,-201.14989442404726,-4.6408395
18791,204.0,-314.1592653589793,-7.5001245
18801,204.0,-202.37825715160088,-4.6408395
18811,204.0,-314.1592653589793,-7.5001245
18822,204.0,-202.9924385153777,-4.626176500000001
18832,204.0,-314.1592653589793,-7.5001245
18841,204.0,-204.2208012429313,-4.6555025
18851,204.0,-314.1592653589793,-7.5001245
18862,204.0,-206.67752669803852,-4.6555025
18872,204.0,-314.1592653589793,-7.5001245
18882,204.0,-207.90588942559214,-4.699491500000001
18892,204.0,-314.1592653589793,-7.5001245
18902,204.0,-208.52007078936893,-4.7141545
18912,204.0,-314.1592653589793,-7.5001245
18922,204.0,-210.36261488069934,-4.7288175
18932,204.0,-314.1592653589793,-7.5001245
18942,204.0,-209.74843351692252,-4.7434805
18953,204.0,-314.1592653589793,-7.5001245
18963,204.0,-210.9767962444761,-4.772806500000001
18972,204.0,-313.54508399520256,-7.5001245
18982,204.0,-211.59097760825296,-4.772806500000001
18993,204.0,-313.54508399520256,-7.5001245
19003,204.0,-210.36261488069934,-4.772806500000001
19013,204.0,-310.4741771763185,-7.5001245
19022,204.0,-212.20515897202975,-4.8314585
19033,204.0,-311.0883585400953,-7.5001245
19043,204.0,-214.0477030633602,-4.846121500000001
19053,204.0,-309.85999581254174,-7.5001245
19063,204.0,-215.89024715469057,-4.9047735
19074,204.0,-310.4741771763185,-7.5001245
19084,204.0,-215.89024715469057,-4.9047735
19093,204.0,-309.24581444876486,-7.5001245
19103,204.0,-217.1186098822442,-4.919436500000001
19113,204.0,-309.85999581254174,-7.4854615
19124,204.0,-217.1186098822442,-4.919436500000001
19134,204.0,-308.6316330849881,-7.470798500000001
19144,204.0,-217.1186098822442,-4.9487625
19153,204.0,-308.0174517212113,-7.4561355
19164,204.0,-218.96115397357462,-4.992751500000001
19174,204.0,-306.17490762988086,-7.441472500000001
19184,204.0,-220.18951670112818,-5.0220775
19194,204.0,-305.56072626610404,-7.397483500000001
19205,204.0,-222.03206079245862,-5.0660665
19215,204.0,-306.17490762988086,-7.397483500000001
19224,204.0,-222.64624215623542,-5.0807295
19234,204.0,-304.9465449023273,-7.368157500000001
19245,204.0,-224.48878624756586,-5.0953925
19255,204.0,-304.33236353855045,-7.368157500000001
19265,204.0,-224.48878624756586,-5.1247185
19275,204.0,-303.1040008109968,-7.3095055
19284,204.0,-225.10296761134265,-5.1540445
19295,204.0,-300.64727535588963,-7.2801795
19305,204.0,-226.33133033889624,-5.1833705000000005
19315,204.0,-301.87563808344316,-7.294842500000001
19325,204.0,-226.9455117026731,-5.1980335
19336,204.0,-301.26145671966646,-7.2655165
19345,204.0,-228.1738744302267,-5.2420225
19355,204.0,-299.418912628336,-7.2361905
19365,204.0,-230.01641852155709,-5.2713485
19376,204.0,-299.418912628336,-7.2361905
19386,204.0,-234.92986943177152,-5.3153375
19396,204.0,-296.9621871732288,-7.1922015
19405,204.0,-238.00077625065552,-5.4179785
19416,204.0,-295.1196430818984,-7.177538500000001
19426,204.0,-244.75677125220042,-5.5059565
19436,204.0,-287.7494667165767,-7.0455715
19446,204.0,-257.6545798915133,-5.7845535
19457,204.0,-280.9934717150319,-6.9136045
19466,204.0,-265.02475625683496,-5.9898355
19476,204.0,-273.0091139859334,-6.7523115
19486,204.0,-275.46583944104066,-6.2391065
19496,204.0,-267.4814817119422,-6.620344500000001
19507,204.0,-279.1509276237015,-6.3710735000000005
19517,204.0,-258.8829426190669,-6.4590515
19526,204.0,-287.1352853527999,-6.591018500000001
19536,204.0,-253.35531034507565,-6.3564105
19547,204.0,-295.1196430818984,-6.7669745
19557,204.0,-247.82767807108442,-6.2391065
19567,204.0,-299.418912628336,-6.8989415
19577,204.0,-240.45750170576275,-6.107139500000001
19588,204.0,-310.4741771763185,-7.2361905
19597,204.0,-236.1582321593251,-5.9458465
19607,204.0,-310.4741771763185,-7.2655165
19617,204.0,-233.08732534044108,-5.8871945000000006
19628,204.0,-314.1592653589793,-7.3828205
19638,204.0,-228.7880557940035,-5.7845535
19648,204.0,-314.1592653589793,-7.5001245
19657,204.0,-225.10296761134265,-5.696575500000001
19667,204.0,-314.1592653589793,-7.5001245
19678,204.0,-222.03206079245862,-5.5646085
19688,204.0,-314.1592653589793,-7.5001245
19698,204.0,-217.73279124602098,-5.4326415
19708,204.0,-314.1592653589793,-7.5001245
19718,204.0,-214.0477030633602,-5.330000500000001
19728,204.0,-314.1592653589793,-7.5001245
19738,204.0,-213.43352169958337,-5.2713485
19748,204.0,-314.1592653589793,-7.5001245
19759,204.0,-208.52007078936893,-5.1687075
19769,204.0,-314.1592653589793,-7.5001245
19779,204.0,-203.6066198791545,-5.0367405000000005
19788,204.0,-314.1592653589793,-7.5001245
19799,204.0,-202.37825715160088,-5.0074145
19809,204.0,-314.1592653589793,-7.5001245
19819,204.0,-198.69316896894003,-4.919436500000001
19829,204.0,-314.1592653589793,-7.5001245
19840,204.0,-196.85062487760962,-4.8167955000000005
19849,204.0,-314.1592653589793,-7.5001245
19859,204.0,-195.62226215005603,-4.7581435
19869,204.0,-314.1592653589793,-7.5001245
19879,204.0,-195.0080807862792,-4.7141545
19890,204.0,-314.1592653589793,-7.5001245
19900,204.0,-195.0080807862792,-4.6555025
19909,204.0,-314.1592653589793,-7.5001245
19919,204.0,-194.39389942250244,-4.6408395
19930,204.0,-314.1592653589793,-7.5001245
19940,204.0,-196.23644351383285,-4.6701655
19950,204.0,-314.1592653589793,-7.5001245
19960,204.0,-195.62226215005603,-4.626176500000001
19970,204.0,-314.1592653589793,-7.5001245
19981,204.0,-201.14989442404726,-4.6115135
19991,204.0,-314.1592653589793,-7.5001245
20000,204.0,-201.14989442404726,-4.626176500000001
20011,204.0,-314.1592653589793,-7.5001245
20021,204.0,-202.37825715160088,-4.626176500000001
20031,204.0,-314.1592653589793,-7.5001245
20041,204.0,-202.37825715160088,-4.626176500000001
20051,204.0,-314.1592653589793,-7.5001245
20061,204.0,-205.4491639704849,-4.6848285
20071,204.0,-314.1592653589793,-7.5001245
20082,204.0,-209.74843351692252,-4.7141545
20092,204.0,-314.1592653589793,-7.5001245
20102,204.0,-211.59097760825296,-4.772806500000001
20112,204.0,-314.1592653589793,-7.5001245
20122,204.0,-211.59097760825296,-4.7581435
20132,204.0,-312.9309026314257,-7.5001245
20143,204.0,-214.0477030633602,-4.8167955000000005
20153,204.0,-312.3167212676489,-7.5001245
20163,204.0,-213.43352169958337,-4.8167955000000005
20172,204.0,-311.0883585400953,-7.5001245
20183,204.0,-214.0477030633602,-4.8754475
20193,204.0,-310.4741771763185,-7.5001245
20203,204.0,-214.66188442713695,-4.8754475
20213,204.0,-309.24581444876486,-7.5001245
20224,204.0,-214.66188442713695,-4.8901105000000005
20233,204.0,-309.85999581254174,-7.5001245
20243,204.0,-218.3469726097978,-4.9487625
20253,204.0,-309.85999581254174,-7.470798500000001
20263,204.0,-217.1186098822442,-4.9340995
20274,204.0,-308.6316330849881,-7.470798500000001
20284,204.0,-217.73279124602098,-4.9487625
20294,204.0,-307.40327035743445,-7.4561355
20303,204.0,-218.96115397357462,-5.0074145
20314,204.0,-306.17490762988086,-7.4268095
20324,204.0,-220.18951670112818,-5.0074145
20334,204.0,-303.71818217477363,-7.368157500000001
20344,204.0,-220.803698064905,-5.0514035
20355,204.0,-304.9465449023273,-7.397483500000001
20364,204.0,-222.64624215623542,-5.0660665
20374,204.0,-305.56072626610404,-7.368157500000001
20384,204.0,-223.87460488378903,-5.1100555000000005
20395,204.0,-303.1040008109968,-7.324168500000001
20405,204.0,-225.10296761134265,-5.1540445
20415,204.0,-303.1040008109968,-7.324168500000001
20424,204.0,-225.10296761134265,-5.1540445
20434,204.0,-301.87563808344316,-7.294842500000001
20445,204.0,-226.33133033889624,-5.1980335
20455,204.0,-301.87563808344316,-7.294842500000001
20465,204.0,-226.9455117026731,-5.2126965
20475,204.0,-300.0330939921128,-7.250853500000001
20485,204.0,-230.01641852155709,-5.2713485
20495,204.0,-300.0330939921128,-7.2215275000000005
20505,204.0,-230.6305998853339,-5.2860115
20515,204.0,-298.8047312645592,-7.2068645
20526,204.0,-237.38659488687875,-5.3739895
20536,204.0,-293.277098990568,-7.1482125000000005
20546,204.0,-244.75677125220042,-5.5206195000000005
20555,204.0,-285.9069226252463,-7.030908500000001
20566,204.0,-256.4262171639597,-5.7845535
20576,204.0,-279.7651089874783,-6.8696155
20586,204.0,-288.9778294441303,-6.4590515
20596,204.0,-260.11130534662055,-6.473714500000001
20606,204.0,-287.1352853527999,-6.5616925
20617,204.0,-253.35531034507565,-6.3564105
20627,204.0,-294.5054617181216,-6.7963005
20636,204.0,-244.75677125220042,-6.1951175
20646,204.0,-303.1040008109968,-6.9869195
20657,204.0,-240.45750170576275,-6.0924765
20667,204.0,-307.40327035743445,-7.1628755
20677,204.0,-236.1582321593251,-5.960509500000001
20687,204.0,-308.6316330849881,-7.2361905
20697,204.0,-230.01641852155709,-5.8871945000000006
20707,204.0,-314.1592653589793,-7.5001245
20717,204.0,-228.7880557940035,-5.7552275
20727,204.0,-314.1592653589793,-7.5001245
20738,204.0,-223.87460488378903,-5.6379235
20748,204.0,-314.1592653589793,-7.5001245
20757,204.0,-219.57533533735142,-5.5206195000000005
20767,204.0,-314.1592653589793,-7.5001245
20777,204.0,-215.89024715469057,-5.3739895
20788,204.0,-314.1592653589793,-7.5001245
20798,204.0,-213.43352169958337,-5.3006745
20808,204.0,-314.1592653589793,-7.5001245
20818,204.0,-205.4491639704849,-5.0807295
20829,204.0,-314.1592653589793,-7.5001245
20838,204.0,-206.0633453342617,-5.1100555000000005
20848,204.0,-314.1592653589793,-7.5001245
20858,204.0,-204.2208012429313,-4.992751500000001
20869,204.0,-314.1592653589793,-7.5001245
20879,204.0,-199.30735033271685,-4.9047735
20889,204.0,-314.1592653589793,-7.5001245
20898,204.0,-198.07898760516326,-4.8607845
20909,204.0,-314.1592653589793,-7.5001245
20919,204.0,-195.62226215005603,-4.7874695
20929,204.0,-314.1592653589793,-7.5001245
20939,204.0,-195.62226215005603,-4.699491500000001
20950,204.0,-314.1592653589793,-7.5001245
20961,204.0,-201.76407578782408,-4.626176500000001
20970,204.0,-314.1592653589793,-7.5001245
20980,204.0,-201.14989442404726,-4.626176500000001
20990,204.0,-314.1592653589793,-7.5001245
21001,204.0,-202.9924385153777,-4.6408395
21011,204.0,-314.1592653589793,-7.5001245
21021,204.0,-203.6066198791545,-4.6408395
21030,204.0,-314.1592653589793,-7.5001245
21041,204.0,-205.4491639704849,-4.6701655
21051,204.0,-314.1592653589793,-7.5001245
21061,204.0,-206.67752669803852,-4.6848285
21071,204.0,-314.1592653589793,-7.5001245
21083,204.0,-215.27606579091378,-4.8754475
21093,204.0,-307.40327035743445,-7.4854615
21103,204.0,-217.73279124602098,-4.9487625
21113,204.0,-307.40327035743445,-7.4561355
21124,204.0,-220.18951670112818,-5.0367405000000005
21134,204.0,-306.7890889936577,-7.4268095
21143,204.0,-221.41787942868186,-5.0660665
21153,204.0,-306.17490762988086,-7.4268095
21164,204.0,-223.26042352001227,-5.1100555000000005
21174,204.0,-305.56072626610404,-7.397483500000001
21184,204.0,-223.26042352001227,-5.0953925
21194,204.0,-304.33236353855045,-7.3534945
21204,204.0,-223.87460488378903,-5.1247185
21214,204.0,-304.33236353855045,-7.3534945
21224,204.0,-225.10296761134265,-5.1540445
21234,204.0,-302.48981944722004,-7.324168500000001
21244,204.0,-225.10296761134265,-5.1687075
21255,204.0,-300.0330939921128,-7.2655165
21265,204.0,-225.71714897511944,-5.1980335
21274,204.0,-301.26145671966646,-7.294842500000001
21284,204.0,-228.7880557940035,-5.2420225
21295,204.0,-300.64727535588963,-7.2655165
21305,204.0,-229.4022371577803,-5.2860115
21315,204.0,-298.8047312645592,-7.2215275000000005
21325,204.0,-232.4731439766643,-5.3446635
21335,204.0,-299.418912628336,-7.2361905
21345,204.0,-231.85896261288752,-5.3593265
21355,204.0,-298.1905499007824,-7.1922015
21365,204.0,-244.1425898884236,-5.4912935
