time,angle,velocity,current
302,204.0,-20.580573473666707,-2.3240855000000002
535,204.0,-179.6535466918591,-5.6525865
545,204.0,-147.71611577546528,-4.2009495
555,204.0,-279.7651089874783,-7.5001245
565,204.0,-204.8349826067081,-4.9780885
575,204.0,-303.1040008109968,-7.5001245
585,204.0,-213.43352169958337,-4.9634255000000005
595,204.0,-307.40327035743445,-7.470798500000001
606,204.0,-217.1186098822442,-4.9780885
616,204.0,-306.17490762988086,-7.441472500000001
626,204.0,-218.3469726097978,-5.0074145
635,204.0,-306.7890889936577,-7.441472500000001
646,204.0,-220.803698064905,-5.0514035
656,204.0,-305.56072626610404,-7.4121465
666,204.0,-222.03206079245862,-5.0660665
676,204.0,-304.33236353855045,-7.3828205
687,204.0,-223.26042352001227,-5.1393815
696,204.0,-304.33236353855045,-7.3828205
706,204.0,-225.71714897511944,-5.1540445
716,204.0,-304.33236353855045,-7.3388315
727,204.0,-226.33133033889624,-5.1687075
737,204.0,-302.48981944722004,-7.3095055
747,204.0,-226.9455117026731,-5.2126965
757,204.0,-301.26145671966646,-7.2801795
766,204.0,-228.1738744302267,-5.2860115
777,204.0,-300.64727535588963,-7.2655165
787,204.0,-229.4022371577803,-5.3006745
797,204.0,-299.418912628336,-7.2215275000000005
807,204.0,-231.24478124911067,-5.330000500000001
818,204.0,-298.1905499007824,-7.1922015
828,204.0,-238.61495761443237,-5.403315500000001
837,204.0,-291.4345548992376,-7.1188865
847,204.0,-249.67022216241486,-5.6379235
858,204.0,-284.6785598976927,-6.9722565
868,204.0,-260.7254867103973,-5.9018575
878,204.0,-273.6232953497102,-6.7669745
888,204.0,-270.5523885308262,-6.1511285
899,204.0,-268.09566307571896,-6.6496705
909,204.0,-283.45019717013906,-6.4443885000000005
918,204.0,-259.49712398284373,-6.473714500000001
928,204.0,-289.5920108079072,-6.6350075
939,204.0,-251.51276625374524,-6.3124215
949,204.0,-297.5763685370056,-6.8549525000000004
959,204.0,-243.5284085246468,-6.1364655
969,204.0,-303.1040008109968,-7.0748975000000005
978,204.0,-238.61495761443237,-6.0044985
989,204.0,-306.17490762988086,-7.2068645
999,204.0,-236.77241352310196,-5.9165205
1009,204.0,-314.1592653589793,-7.470798500000001
1019,204.0,-229.4022371577803,-5.7259015
1030,204.0,-314.1592653589793,-7.5001245
1040,204.0,-224.48878624756586,-5.623260500000001
1049,204.0,-314.1592653589793,-7.5001245
1059,204.0,-220.18951670112818,-5.476630500000001
1070,204.0,-314.1592653589793,-7.5001245
1080,204.0,-214.66188442713695,-5.330000500000001
1090,204.0,-314.1592653589793,-7.5001245
1100,204.0,-212.8193403358066,-5.256685500000001
1110,204.0,-314.1592653589793,-7.5001245
1120,204.0,-210.36261488069934,-5.1980335
1130,204.0,-314.1592653589793,-7.5001245
1140,204.0,-207.90588942559214,-5.1247185
1150,204.0,-314.1592653589793,-7.5001245
1161,204.0,-202.9924385153777,-4.992751500000001
1171,204.0,-314.1592653589793,-7.5001245
1180,204.0,-201.14989442404726,-4.9047735
1190,204.0,-314.1592653589793,-7.5001245
1201,204.0,-198.69316896894003,-4.8167955000000005
1211,204.0,-314.1592653589793,-7.5001245
1221,204.0,-198.07898760516326,-4.7434805
1231,204.0,-314.1592653589793,-7.5001245
1242,204.0,-197.46480624138644,-4.699491500000001
1252,204.0,-314.1592653589793,-7.5001245
1261,204.0,-197.46480624138644,-4.699491500000001
1271,204.0,-314.1592653589793,-7.5001245
1282,204.0,-198.07898760516326,-4.6848285
1292,204.0,-314.1592653589793,-7.5001245
1302,204.0,-200.53571306027044,-4.6555025
1312,204.0,-314.1592653589793,-7.5001245
1323,204.0,-202.37825715160088,-4.6555025
1332,204.0,-314.1592653589793,-7.5001245
1342,204.0,-202.37825715160088,-4.699491500000001
1352,204.0,-314.1592653589793,-7.5001245
1362,204.0,-203.6066198791545,-4.6848285
1373,204.0,-314.1592653589793,-7.5001245
1383,204.0,-204.2208012429313,-4.6848285
1392,204.0,-314.1592653589793,-7.5001245
1402,204.0,-206.0633453342617,-4.7141545
1413,204.0,-314.1592653589793,-7.5001245
1423,204.0,-207.90588942559214,-4.7141545
1433,204.0,-314.1592653589793,-7.5001245
1443,204.0,-209.13425215314575,-4.7434805
1454,204.0,-313.54508399520256,-7.5001245
1463,204.0,-210.36261488069934,-4.772806500000001
1473,204.0,-314.1592653589793,-7.5001245
1483,204.0,-211.59097760825296,-4.7874695
1494,204.0,-314.1592653589793,-7.5001245
1504,204.0,-212.20515897202975,-4.8021325
1514,204.0,-312.9309026314257,-7.5001245
1523,204.0,-212.8193403358066,-4.8314585
1533,204.0,-312.3167212676489,-7.5001245
1544,204.0,-214.0477030633602,-4.846121500000001
1554,204.0,-313.54508399520256,-7.5001245
1564,204.0,-215.89024715469057,-4.8901105000000005
1574,204.0,-310.4741771763185,-7.5001245
1585,204.0,-215.27606579091378,-4.919436500000001
1595,204.0,-309.24581444876486,-7.5001245
1604,204.0,-216.50442851846742,-4.9340995
1614,204.0,-309.24581444876486,-7.5001245
1625,204.0,-217.73279124602098,-4.9634255000000005
1635,204.0,-309.85999581254174,-7.5001245
1645,204.0,-220.18951670112818,-4.9780885
1655,204.0,-308.6316330849881,-7.4854615
1666,204.0,-219.57533533735142,-5.0220775
1675,204.0,-306.7890889936577,-7.441472500000001
1685,204.0,-220.18951670112818,-5.0367405000000005
1695,204.0,-306.17490762988086,-7.4268095
1705,204.0,-223.87460488378903,-5.1100555000000005
1716,204.0,-304.33236353855045,-7.397483500000001
1726,204.0,-223.26042352001227,-5.1100555000000005
1736,204.0,-303.1040008109968,-7.3534945
1745,204.0,-225.10296761134265,-5.1833705000000005
1756,204.0,-303.1040008109968,-7.3388315
1766,204.0,-226.33133033889624,-5.1980335
1776,204.0,-302.48981944722004,-7.3095055
1786,204.0,-226.9455117026731,-5.2126965
1797,204.0,-300.64727535588963,-7.2801795
1807,204.0,-228.1738744302267,-5.2860115
1816,204.0,-300.0330939921128,-7.250853500000001
1826,204.0,-230.6305998853339,-5.3006745
1837,204.0,-298.8047312645592,-7.2361905
1847,204.0,-231.85896261288752,-5.3593265
1857,204.0,-298.1905499007824,-7.177538500000001
1867,204.0,-240.45750170576275,-5.4619675
1876,204.0,-294.5054617181216,-7.177538500000001
1887,204.0,-257.6545798915133,-5.769890500000001
1897,204.0,-284.6785598976927,-6.957593500000001
1907,204.0,-261.33966807417414,-5.9311835
1917,204.0,-273.0091139859334,-6.737648500000001
1928,204.0,-269.93820716704937,-6.1511285
1938,204.0,-265.02475625683496,-6.6056815
1947,204.0,-280.9934717150319,-6.4150625
1957,204.0,-261.33966807417414,-6.5177035000000005
1968,204.0,-290.8203735354607,-6.6496705
1978,204.0,-250.89858488996842,-6.2977585000000005
1988,204.0,-298.1905499007824,-6.8696155
1998,204.0,-242.91422716086998,-6.1511285
2009,204.0,-304.33236353855045,-7.0602345
2018,204.0,-239.84332034198596,-6.033824500000001
2028,204.0,-307.40327035743445,-7.2068645
2038,204.0,-236.1582321593251,-5.9458465
2049,204.0,-311.70253990387204,-7.324168500000001
2059,204.0,-230.6305998853339,-5.769890500000001
2069,204.0,-314.1592653589793,-7.5001245
2079,204.0,-223.26042352001227,-5.6085975
2088,204.0,-314.1592653589793,-7.5001245
2099,204.0,-218.96115397357462,-5.4473045
2109,204.0,-314.1592653589793,-7.5001245
2119,204.0,-218.3469726097978,-5.403315500000001
2129,204.0,-314.1592653589793,-7.5001245
2140,204.0,-214.0477030633602,-5.2860115
2150,204.0,-314.1592653589793,-7.5001245
2159,204.0,-211.59097760825296,-5.1980335
2169,204.0,-314.1592653589793,-7.5001245
2180,204.0,-206.67752669803852,-5.0953925
2190,204.0,-314.1592653589793,-7.5001245
2200,204.0,-203.6066198791545,-5.0074145
2210,204.0,-314.1592653589793,-7.5001245
2221,204.0,-199.92153169649367,-4.8901105000000005
2230,204.0,-314.1592653589793,-7.5001245
2240,204.0,-198.07898760516326,-4.8167955000000005
2250,204.0,-314.1592653589793,-7.5001245
2260,204.0,-198.07898760516326,-4.7581435
2271,204.0,-314.1592653589793,-7.5001245
2281,204.0,-196.23644351383285,-4.699491500000001
2291,204.0,-314.1592653589793,-7.5001245
2300,204.0,-196.85062487760962,-4.699491500000001
2311,204.0,-314.1592653589793,-7.5001245
2321,204.0,-198.07898760516326,-4.6701655
2331,204.0,-314.1592653589793,-7.5001245
2341,204.0,-198.07898760516326,-4.6408395
2352,204.0,-314.1592653589793,-7.5001245
2361,204.0,-199.30735033271685,-4.6408395
2371,204.0,-314.1592653589793,-7.5001245
2381,204.0,-201.76407578782408,-4.6701655
2392,204.0,-314.1592653589793,-7.5001245
2402,204.0,-202.37825715160088,-4.6701655
2412,204.0,-314.1592653589793,-7.5001245
2422,204.0,-203.6066198791545,-4.6848285
2432,204.0,-314.1592653589793,-7.5001245
2442,204.0,-206.0633453342617,-4.699491500000001
2452,204.0,-314.1592653589793,-7.5001245
2462,204.0,-207.29170806181534,-4.699491500000001
2472,204.0,-314.1592653589793,-7.5001245
2483,204.0,-207.90588942559214,-4.7141545
2492,204.0,-313.54508399520256,-7.5001245
2502,204.0,-209.74843351692252,-4.772806500000001
2512,204.0,-314.1592653589793,-7.5001245
2523,204.0,-210.9767962444761,-4.7874695
2533,204.0,-314.1592653589793,-7.5001245
2543,204.0,-212.20515897202975,-4.8021325
2553,204.0,-312.3167212676489,-7.5001245
2564,204.0,-212.8193403358066,-4.8314585
2574,204.0,-311.0883585400953,-7.5001245
2583,204.0,-215.27606579091378,-4.8754475
2593,204.0,-311.70253990387204,-7.5001245
2604,204.0,-215.89024715469057,-4.9047735
2614,204.0,-311.70253990387204,-7.5001245
2624,204.0,-216.50442851846742,-4.919436500000001
2634,204.0,-309.85999581254174,-7.5001245
2644,204.0,-216.50442851846742,-4.9487625
2654,204.0,-309.24581444876486,-7.5001245
2664,204.0,-217.73279124602098,-4.9634255000000005
2674,204.0,-309.24581444876486,-7.4854615
2684,204.0,-219.57533533735142,-4.9780885
2695,204.0,-307.40327035743445,-7.470798500000001
2705,204.0,-220.18951670112818,-5.0220775
2715,204.0,-306.17490762988086,-7.441472500000001
2724,204.0,-222.03206079245862,-5.0807295
2735,204.0,-305.56072626610404,-7.397483500000001
2745,204.0,-223.87460488378903,-5.1100555000000005
2755,204.0,-304.33236353855045,-7.3534945
2765,204.0,-224.48878624756586,-5.1540445
2776,204.0,-303.1040008109968,-7.3388315
2785,204.0,-225.71714897511944,-5.1833705000000005
2795,204.0,-303.71818217477363,-7.3388315
2805,204.0,-226.9455117026731,-5.2126965
2816,204.0,-302.48981944722004,-7.3095055
2826,204.0,-228.7880557940035,-5.2273595
2836,204.0,-300.64727535588963,-7.2801795
2846,204.0,-228.1738744302267,-5.256685500000001
2856,204.0,-298.8047312645592,-7.250853500000001
2866,204.0,-231.24478124911067,-5.330000500000001
2876,204.0,-300.64727535588963,-7.2361905
2886,204.0,-233.70150670421793,-5.3446635
2896,204.0,-298.8047312645592,-7.2068645
2907,204.0,-255.1978544364061,-5.696575500000001
2917,204.0,-290.8203735354607,-7.0748975000000005
2926,204.0,-256.4262171639597,-5.769890500000001
2936,204.0,-279.7651089874783,-6.9282675000000005
2947,204.0,-269.93820716704937,-6.107139500000001
2957,204.0,-269.3240258032726,-6.6789965
2967,204.0,-278.53674625992466,-6.3417475
2977,204.0,-261.33966807417414,-6.5030405
2988,204.0,-287.7494667165767,-6.5763555
2997,204.0,-252.1269476175221,-6.3564105
3007,204.0,-297.5763685370056,-6.8402895
3017,204.0,-245.985133979754,-6.1951175
3027,204.0,-303.1040008109968,-7.0162455
3038,204.0,-239.84332034198596,-6.033824500000001
3048,204.0,-306.17490762988086,-7.2215275000000005
3058,204.0,-235.54405079554832,-5.9458465
3067,204.0,-312.3167212676489,-7.368157500000001
3078,204.0,-232.4731439766643,-5.8578685
3088,204.0,-314.1592653589793,-7.5001245
3098,204.0,-228.1738744302267,-5.7112385
3108,204.0,-314.1592653589793,-7.5001245
3119,204.0,-223.26042352001227,-5.6085975
3129,204.0,-314.1592653589793,-7.5001245
3138,204.0,-220.803698064905,-5.4912935
3148,204.0,-314.1592653589793,-7.5001245
3159,204.0,-216.50442851846742,-5.3739895
3169,204.0,-314.1592653589793,-7.5001245
3179,204.0,-213.43352169958337,-5.2713485
3189,204.0,-314.1592653589793,-7.5001245
3198,204.0,-208.52007078936893,-5.1687075
3209,204.0,-314.1592653589793,-7.5001245
3219,204.0,-205.4491639704849,-5.0514035
3229,204.0,-314.1592653589793,-7.5001245
3239,204.0,-202.9924385153777,-4.9487625
3250,204.0,-314.1592653589793,-7.5001245
3260,204.0,-198.69316896894003,-4.846121500000001
3269,204.0,-314.1592653589793,-7.5001245
3279,204.0,-198.07898760516326,-4.7874695
3290,204.0,-314.1592653589793,-7.5001245
3300,204.0,-196.85062487760962,-4.7434805
3310,204.0,-314.1592653589793,-7.5001245
3320,204.0,-197.46480624138644,-4.699491500000001
3331,204.0,-314.1592653589793,-7.5001245
3340,204.0,-196.23644351383285,-4.6848285
3350,204.0,-314.1592653589793,-7.5001245
3360,204.0,-197.46480624138644,-4.6701655
3371,204.0,-314.1592653589793,-7.5001245
3381,204.0,-199.30735033271685,-4.6555025
3391,204.0,-314.1592653589793,-7.5001245
3401,204.0,-200.53571306027044,-4.6701655
3411,204.0,-314.1592653589793,-7.5001245
3421,204.0,-202.37825715160088,-4.6848285
3431,204.0,-314.1592653589793,-7.5001245
3441,204.0,-204.8349826067081,-4.699491500000001
3451,204.0,-314.1592653589793,-7.5001245
3462,204.0,-204.2208012429313,-4.6848285
3472,204.0,-314.1592653589793,-7.5001245
3481,204.0,-206.67752669803852,-4.7141545
3491,204.0,-314.1592653589793,-7.5001245
3502,204.0,-209.13425215314575,-4.7581435
3512,204.0,-314.1592653589793,-7.5001245
3522,204.0,-209.13425215314575,-4.7434805
3532,204.0,-314.1592653589793,-7.5001245
3543,204.0,-210.9767962444761,-4.7434805
3553,204.0,-312.9309026314257,-7.5001245
3562,204.0,-212.20515897202975,-4.8167955000000005
3572,204.0,-313.54508399520256,-7.5001245
3582,204.0,-213.43352169958337,-4.8314585
3593,204.0,-313.54508399520256,-7.5001245
3603,204.0,-213.43352169958337,-4.846121500000001
3613,204.0,-310.4741771763185,-7.5001245
3622,204.0,-214.66188442713695,-4.8901105000000005
3633,204.0,-311.70253990387204,-7.5001245
3643,204.0,-215.89024715469057,-4.9047735
3653,204.0,-311.70253990387204,-7.5001245
3663,204.0,-216.50442851846742,-4.919436500000001
3674,204.0,-310.4741771763185,-7.5001245
3684,204.0,-217.1186098822442,-4.9634255000000005
3693,204.0,-309.24581444876486,-7.5001245
3703,204.0,-218.96115397357462,-4.992751500000001
3714,204.0,-308.0174517212113,-7.4854615
3724,204.0,-219.57533533735142,-5.0074145
3734,204.0,-308.0174517212113,-7.4561355
3744,204.0,-220.18951670112818,-5.0367405000000005
3755,204.0,-306.7890889936577,-7.441472500000001
3764,204.0,-222.03206079245862,-5.0807295
3774,204.0,-305.56072626610404,-7.3828205
3784,204.0,-223.26042352001227,-5.0953925
3794,204.0,-304.9465449023273,-7.368157500000001
3805,204.0,-223.87460488378903,-5.1247185
3815,204.0,-304.33236353855045,-7.368157500000001
3825,204.0,-225.71714897511944,-5.1687075
3834,204.0,-303.1040008109968,-7.324168500000001
3845,204.0,-226.9455117026731,-5.2126965
3855,204.0,-302.48981944722004,-7.3095055
3865,204.0,-229.4022371577803,-5.256685500000001
3875,204.0,-302.48981944722004,-7.2655165
3886,204.0,-230.6305998853339,-5.3006745
3896,204.0,-298.8047312645592,-7.2361905
3906,204.0,-233.08732534044108,-5.3593265
3915,204.0,-295.1196430818984,-7.177538500000001
3926,204.0,-246.5993153435308,-5.5646085
3936,204.0,-287.1352853527999,-7.0455715
3946,204.0,-266.25311898438855,-5.9898355
3956,204.0,-270.5523885308262,-6.6936595
3966,204.0,-269.93820716704937,-6.1951175
3977,204.0,-268.7098444394958,-6.664333500000001
3986,204.0,-279.1509276237015,-6.3710735000000005
3996,204.0,-262.56803080172773,-6.5323665
4006,204.0,-287.1352853527999,-6.5763555
4017,204.0,-253.9694917088525,-6.3417475
4027,204.0,-295.1196430818984,-6.7669745
4037,204.0,-243.5284085246468,-6.1657915
4047,204.0,-301.26145671966646,-7.0162455
4057,204.0,-239.2291389782092,-6.0484875
4067,204.0,-307.40327035743445,-7.2215275000000005
4077,204.0,-234.31568806799476,-5.9018575
4087,204.0,-314.1592653589793,-7.4561355
4098,204.0,-230.01641852155709,-5.7552275
4108,204.0,-314.1592653589793,-7.5001245
4118,204.0,-224.48878624756586,-5.623260500000001
4127,204.0,-314.1592653589793,-7.5001245
4137,204.0,-220.803698064905,-5.4912935
4148,204.0,-314.1592653589793,-7.5001245
4158,204.0,-217.1186098822442,-5.3593265
4168,204.0,-314.1592653589793,-7.5001245
4178,204.0,-212.8193403358066,-5.2860115
4189,204.0,-314.1592653589793,-7.5001245
4198,204.0,-210.9767962444761,-5.1833705000000005
4208,204.0,-314.1592653589793,-7.5001245
4218,204.0,-206.0633453342617,-5.0953925
4229,204.0,-314.1592653589793,-7.5001245
4239,204.0,-202.37825715160088,-4.9487625
4249,204.0,-314.1592653589793,-7.5001245
4259,204.0,-199.92153169649367,-4.8607845
4270,204.0,-314.1592653589793,-7.5001245
4279,204.0,-197.46480624138644,-4.8021325
4289,204.0,-314.1592653589793,-7.5001245
4299,204.0,-198.07898760516326,-4.7434805
4310,204.0,-314.1592653589793,-7.5001245
4320,204.0,-196.85062487760962,-4.7141545
4330,204.0,-314.1592653589793,-7.5001245
4339,204.0,-196.85062487760962,-4.6848285
4349,204.0,-314.1592653589793,-7.5001245
4360,204.0,-198.07898760516326,-4.6848285
4370,204.0,-314.1592653589793,-7.5001245
4380,204.0,-199.30735033271685,-4.6555025
4390,204.0,-314.1592653589793,-7.5001245
4401,204.0,-199.92153169649367,-4.6555025
4411,204.0,-314.1592653589793,-7.5001245
4420,204.0,-201.76407578782408,-4.6848285
4430,204.0,-314.1592653589793,-7.5001245
4441,204.0,-204.2208012429313,-4.699491500000001
4451,204.0,-314.1592653589793,-7.5001245
4461,204.0,-207.29170806181534,-4.7141545
4471,204.0,-314.1592653589793,-7.5001245
4481,204.0,-207.29170806181534,-4.7288175
4491,204.0,-314.1592653589793,-7.5001245
4501,204.0,-207.90588942559214,-4.7434805
4511,204.0,-314.1592653589793,-7.5001245
4521,204.0,-209.13425215314575,-4.7434805
4532,204.0,-313.54508399520256,-7.5001245
4542,204.0,-210.36261488069934,-4.7874695
4551,204.0,-314.1592653589793,-7.5001245
4561,204.0,-212.20515897202975,-4.8167955000000005
4572,204.0,-313.54508399520256,-7.5001245
4582,204.0,-212.8193403358066,-4.8314585
4592,204.0,-312.9309026314257,-7.5001245
4602,204.0,-212.8193403358066,-4.8314585
4612,204.0,-311.70253990387204,-7.5001245
4622,204.0,-214.0477030633602,-4.8607845
4632,204.0,-311.70253990387204,-7.5001245
4642,204.0,-215.89024715469057,-4.8901105000000005
4653,204.0,-311.0883585400953,-7.5001245
4663,204.0,-216.50442851846742,-4.919436500000001
4673,204.0,-310.4741771763185,-7.5001245
4683,204.0,-216.50442851846742,-4.9340995
4692,204.0,-309.85999581254174,-7.5001245
4703,204.0,-217.73279124602098,-4.9780885
4713,204.0,-308.6316330849881,-7.4854615
4723,204.0,-219.57533533735142,-5.0074145
4733,204.0,-308.6316330849881,-7.4561355
4744,204.0,-220.18951670112818,-5.0220775
4754,204.0,-306.17490762988086,-7.4561355
4763,204.0,-222.64624215623542,-5.0807295
4773,204.0,-305.56072626610404,-7.397483500000001
4784,204.0,-223.87460488378903,-5.1247185
4794,204.0,-304.9465449023273,-7.368157500000001
4804,204.0,-225.10296761134265,-5.1540445
4814,204.0,-303.1040008109968,-7.3388315
4825,204.0,-225.10296761134265,-5.1687075
4835,204.0,-301.87563808344316,-7.324168500000001
4844,204.0,-226.9455117026731,-5.2273595
4854,204.0,-303.1040008109968,-7.294842500000001
4865,204.0,-228.7880557940035,-5.2420225
4875,204.0,-301.26145671966646,-7.2655165
4885,204.0,-229.4022371577803,-5.2860115
4895,204.0,-299.418912628336,-7.2361905
4904,204.0,-231.24478124911067,-5.3446635
4915,204.0,-298.8047312645592,-7.2068645
4925,204.0,-238.61495761443237,-5.403315500000001
4935,204.0,-291.4345548992376,-7.1188865
4945,204.0,-255.81203580018285,-5.7405645000000005
4956,204.0,-281.60765307880865,-6.9429305
4966,204.0,-261.9538494379509,-5.9458465
4975,204.0,-275.46583944104066,-6.7963005
4985,204.0,-273.6232953497102,-6.2097805
4996,204.0,-268.09566307571896,-6.6789965
5006,204.0,-280.9934717150319,-6.3857365
5016,204.0,-259.49712398284373,-6.4443885000000005
5026,204.0,-290.8203735354607,-6.6496705
5037,204.0,-248.4418594348612,-6.2684325
5046,204.0,-299.418912628336,-6.9136045
5056,204.0,-241.68586443331634,-6.0924765
5066,204.0,-306.17490762988086,-7.1482125000000005
5076,204.0,-238.00077625065552,-5.9898355
5087,204.0,-309.24581444876486,-7.250853500000001
5097,204.0,-234.31568806799476,-5.9165205
5107,204.0,-312.9309026314257,-7.4121465
5116,204.0,-229.4022371577803,-5.7552275
5127,204.0,-314.1592653589793,-7.5001245
5137,204.0,-223.87460488378903,-5.6085975
5147,204.0,-314.1592653589793,-7.5001245
5157,204.0,-219.57533533735142,-5.4473045
5168,204.0,-314.1592653589793,-7.5001245
5178,204.0,-217.73279124602098,-5.3886525
5187,204.0,-314.1592653589793,-7.5001245
5197,204.0,-212.8193403358066,-5.256685500000001
5208,204.0,-314.1592653589793,-7.5001245
5218,204.0,-207.90588942559214,-5.1540445
5228,204.0,-314.1592653589793,-7.5001245
5238,204.0,-204.2208012429313,-5.0220775
5249,204.0,-314.1592653589793,-7.5001245
5259,204.0,-199.92153169649367,-4.919436500000001
5268,204.0,-314.1592653589793,-7.5001245
5278,204.0,-198.07898760516326,-4.8167955000000005
5288,204.0,-314.1592653589793,-7.5001245
5299,204.0,-196.85062487760962,-4.7288175
5309,204.0,-314.1592653589793,-7.5001245
5319,204.0,-196.23644351383285,-4.699491500000001
5329,204.0,-314.1592653589793,-7.5001245
5339,204.0,-197.46480624138644,-4.699491500000001
5349,204.0,-314.1592653589793,-7.5001245
5359,204.0,-198.69316896894003,-4.6848285
5369,204.0,-314.1592653589793,-7.5001245
5380,204.0,-199.30735033271685,-4.6555025
5390,204.0,-314.1592653589793,-7.5001245
5400,204.0,-199.92153169649367,-4.6701655
5409,204.0,-314.1592653589793,-7.5001245
5420,204.0,-202.37825715160088,-4.6701655
5430,204.0,-314.1592653589793,-7.5001245
5440,204.0,-202.9924385153777,-4.6848285
5450,204.0,-314.1592653589793,-7.5001245
5460,204.0,-203.6066198791545,-4.6848285
5471,204.0,-314.1592653589793,-7.5001245
5480,204.0,-206.0633453342617,-4.7141545
5490,204.0,-314.1592653589793,-7.5001245
5500,204.0,-207.90588942559214,-4.7288175
5511,204.0,-314.1592653589793,-7.5001245
5521,204.0,-208.52007078936893,-4.7434805
5531,204.0,-314.1592653589793,-7.5001245
5540,204.0,-210.36261488069934,-4.7874695
5551,204.0,-314.1592653589793,-7.5001245
5561,204.0,-211.59097760825296,-4.7874695
5571,204.0,-314.1592653589793,-7.5001245
5581,204.0,-212.8193403358066,-4.8167955000000005
5592,204.0,-313.54508399520256,-7.5001245
5602,204.0,-212.8193403358066,-4.8314585
5611,204.0,-312.9309026314257,-7.5001245
5621,204.0,-214.66188442713695,-4.8607845
5632,204.0,-312.9309026314257,-7.5001245
5642,204.0,-215.27606579091378,-4.8754475
5652,204.0,-311.70253990387204,-7.5001245
5662,204.0,-215.27606579091378,-4.919436500000001
5672,204.0,-309.85999581254174,-7.5001245
5683,204.0,-217.1186098822442,-4.9487625
5692,204.0,-309.85999581254174,-7.5001245
5702,204.0,-217.73279124602098,-4.9780885
5712,204.0,-308.6316330849881,-7.4854615
5723,204.0,-219.57533533735142,-5.0074145
5733,204.0,-308.0174517212113,-7.4561355
5743,204.0,-219.57533533735142,-5.0220775
5753,204.0,-306.7890889936577,-7.441472500000001
5763,204.0,-220.803698064905,-5.0660665
5773,204.0,-304.9465449023273,-7.4121465
5783,204.0,-223.26042352001227,-5.0953925
5793,204.0,-304.9465449023273,-7.397483500000001
5804,204.0,-224.48878624756586,-5.1393815
5814,204.0,-304.33236353855045,-7.3534945
5823,204.0,-225.10296761134265,-5.1687075
5833,204.0,-304.33236353855045,-7.3388315
5843,204.0,-226.33133033889624,-5.1833705000000005
5854,204.0,-303.1040008109968,-7.324168500000001
5864,204.0,-227.55969306644985,-5.2273595
5874,204.0,-301.26145671966646,-7.2801795
5884,204.0,-228.7880557940035,-5.256685500000001
5894,204.0,-300.64727535588963,-7.2801795
5904,204.0,-230.6305998853339,-5.3006745
5914,204.0,-299.418912628336,-7.2361905
5924,204.0,-237.38659488687875,-5.3886525
5935,204.0,-295.1196430818984,-7.177538500000001
5945,204.0,-247.21349670730763,-5.5646085
5955,204.0,-281.60765307880865,-6.9136045
5965,204.0,-260.7254867103973,-5.9311835
5976,204.0,-270.5523885308262,-6.6936595
5985,204.0,-275.46583944104066,-6.253769500000001
5995,204.0,-265.6389376206117,-6.591018500000001
6005,204.0,-287.1352853527999,-6.5616925
6016,204.0,-257.6545798915133,-6.4150625
6026,204.0,-292.6629176267911,-6.7083225
6036,204.0,-247.21349670730763,-6.2391065
6046,204.0,-304.33236353855045,-7.0455715
6055,204.0,-238.61495761443237,-6.0191615
6066,204.0,-307.40327035743445,-7.2361905
6076,204.0,-236.1582321593251,-5.9458465
6086,204.0,-313.54508399520256,-7.368157500000001
6096,204.0,-231.85896261288752,-5.8138795000000005
6107,204.0,-314.1592653589793,-7.5001245
6117,204.0,-225.10296761134265,-5.6379235
6126,204.0,-314.1592653589793,-7.5001245
6136,204.0,-221.41787942868186,-5.5206195000000005
6147,204.0,-314.1592653589793,-7.5001245
6157,204.0,-218.96115397357462,-5.4326415
6167,204.0,-314.1592653589793,-7.5001245
6177,204.0,-214.66188442713695,-5.3153375
6188,204.0,-314.1592653589793,-7.5001245
6197,204.0,-209.13425215314575,-5.1980335
6207,204.0,-314.1592653589793,-7.5001245
6217,204.0,-207.90588942559214,-5.1247185
6227,204.0,-314.1592653589793,-7.5001245
6238,204.0,-202.9924385153777,-4.919436500000001
6248,204.0,-314.1592653589793,-7.5001245
6258,204.0,-201.14989442404726,-4.919436500000001
6267,204.0,-314.1592653589793,-7.5001245
6278,204.0,-198.69316896894003,-4.846121500000001
6288,204.0,-314.1592653589793,-7.5001245
6298,204.0,-196.23644351383285,-4.7434805
6308,204.0,-314.1592653589793,-7.5001245
6319,204.0,-196.85062487760962,-4.7288175
6329,204.0,-314.1592653589793,-7.5001245
6338,204.0,-197.46480624138644,-4.699491500000001
6348,204.0,-314.1592653589793,-7.5001245
6359,204.0,-198.07898760516326,-4.6848285
6369,204.0,-314.1592653589793,-7.5001245
6379,204.0,-198.69316896894003,-4.6555025
6389,204.0,-314.1592653589793,-7.5001245
6400,204.0,-199.30735033271685,-4.6701655
6409,204.0,-314.1592653589793,-7.5001245
6419,204.0,-201.76407578782408,-4.6701655
6429,204.0,-314.1592653589793,-7.5001245
6439,204.0,-202.9924385153777,-4.6701655
6450,204.0,-314.1592653589793,-7.5001245
6460,204.0,-203.6066198791545,-4.699491500000001
6469,204.0,-314.1592653589793,-7.5001245
6479,204.0,-206.0633453342617,-4.7141545
6490,204.0,-314.1592653589793,-7.5001245
6500,204.0,-207.29170806181534,-4.7141545
6510,204.0,-314.1592653589793,-7.5001245
6520,204.0,-208.52007078936893,-4.7434805
6531,204.0,-314.1592653589793,-7.5001245
6541,204.0,-210.36261488069934,-4.7581435
6550,204.0,-314.1592653589793,-7.5001245
6560,204.0,-212.8193403358066,-4.8021325
6571,204.0,-314.1592653589793,-7.5001245
6581,204.0,-213.43352169958337,-4.8167955000000005
6591,204.0,-312.9309026314257,-7.5001245
6601,204.0,-212.8193403358066,-4.8314585
6611,204.0,-311.70253990387204,-7.5001245
6621,204.0,-214.0477030633602,-4.8754475
6631,204.0,-311.0883585400953,-7.5001245
6641,204.0,-215.27606579091378,-4.9047735
6651,204.0,-311.0883585400953,-7.5001245
6662,204.0,-217.1186098822442,-4.919436500000001
6672,204.0,-309.85999581254174,-7.5001245
6682,204.0,-216.50442851846742,-4.9340995
6691,204.0,-309.85999581254174,-7.5001245
6702,204.0,-218.3469726097978,-4.9634255000000005
6712,204.0,-309.24581444876486,-7.4854615
6722,204.0,-219.57533533735142,-5.0074145
6732,204.0,-308.6316330849881,-7.4561355
6743,204.0,-219.57533533735142,-5.0074145
6753,204.0,-307.40327035743445,-7.441472500000001
6762,204.0,-220.803698064905,-5.0660665
6772,204.0,-304.9465449023273,-7.397483500000001
6782,204.0,-223.26042352001227,-5.1100555000000005
6793,204.0,-305.56072626610404,-7.3828205
6803,204.0,-225.10296761134265,-5.1393815
6813,204.0,-303.71818217477363,-7.3388315
6823,204.0,-225.10296761134265,-5.1833705000000005
6833,204.0,-303.1040008109968,-7.3388315
6843,204.0,-226.9455117026731,-5.2273595
6853,204.0,-301.87563808344316,-7.294842500000001
6863,204.0,-229.4022371577803,-5.2420225
6874,204.0,-300.0330939921128,-7.2655165
6884,204.0,-231.85896261288752,-5.3153375
6894,204.0,-298.8047312645592,-7.2215275000000005
6904,204.0,-236.1582321593251,-5.3739895
6915,204.0,-293.89128035434476,-7.177538500000001
6924,204.0,-246.5993153435308,-5.5792715
6934,204.0,-290.20619217168394,-7.0895605
6944,204.0,-256.4262171639597,-5.7552275
6955,204.0,-271.7807512583798,-6.7229855
6965,204.0,-271.16656989460296,-6.1951175
6975,204.0,-265.02475625683496,-6.591018500000001
6985,204.0,-282.2218344425855,-6.473714500000001
6994,204.0,-255.1978544364061,-6.3710735000000005
7005,204.0,-296.34800580945193,-6.810963500000001
7015,204.0,-246.5993153435308,-6.2097805
7025,204.0,-303.71818217477363,-7.0162455
7035,204.0,-239.2291389782092,-6.0044985
7046,204.0,-305.56072626610404,-7.2068645
7056,204.0,-234.31568806799476,-5.9018575
7065,204.0,-312.9309026314257,-7.397483500000001
7075,204.0,-231.85896261288752,-5.8432055
7086,204.0,-314.1592653589793,-7.5001245
7096,204.0,-229.4022371577803,-5.7552275
7106,204.0,-314.1592653589793,-7.5001245
7116,204.0,-222.64624215623542,-5.5792715
7127,204.0,-314.1592653589793,-7.5001245
7136,204.0,-220.803698064905,-5.476630500000001
7146,204.0,-314.1592653589793,-7.5001245
7156,204.0,-216.50442851846742,-5.3739895
7166,204.0,-314.1592653589793,-7.5001245
7177,204.0,-213.43352169958337,-5.2713485
7187,204.0,-314.1592653589793,-7.5001245
7197,204.0,-206.67752669803852,-5.1687075
7206,204.0,-314.1592653589793,-7.5001245
7217,204.0,-206.67752669803852,-5.0953925
7227,204.0,-314.1592653589793,-7.5001245
7237,204.0,-202.9924385153777,-4.9487625
7247,204.0,-314.1592653589793,-7.5001245
7258,204.0,-199.92153169649367,-4.8754475
7267,204.0,-314.1592653589793,-7.5001245
7277,204.0,-198.69316896894003,-4.8314585
7287,204.0,-314.1592653589793,-7.5001245
7298,204.0,-198.07898760516326,-4.7581435
7308,204.0,-314.1592653589793,-7.5001245
7318,204.0,-197.46480624138644,-4.7434805
7328,204.0,-314.1592653589793,-7.5001245
7337,204.0,-197.46480624138644,-4.6848285
7348,204.0,-314.1592653589793,-7.5001245
7358,204.0,-198.07898760516326,-4.6701655
7368,204.0,-314.1592653589793,-7.5001245
7378,204.0,-201.14989442404726,-4.6555025
7389,204.0,-314.1592653589793,-7.5001245
7399,204.0,-200.53571306027044,-4.6555025
7408,204.0,-314.1592653589793,-7.5001245
7418,204.0,-202.37825715160088,-4.6848285
7429,204.0,-314.1592653589793,-7.5001245
7439,204.0,-204.8349826067081,-4.7141545
7449,204.0,-314.1592653589793,-7.5001245
7459,204.0,-206.67752669803852,-4.7141545
7470,204.0,-314.1592653589793,-7.5001245
7480,204.0,-207.29170806181534,-4.7434805
7489,204.0,-314.1592653589793,-7.5001245
7499,204.0,-209.74843351692252,-4.7581435
7510,204.0,-314.1592653589793,-7.5001245
7520,204.0,-210.9767962444761,-4.772806500000001
7530,204.0,-314.1592653589793,-7.5001245
7540,204.0,-210.9767962444761,-4.7874695
7550,204.0,-312.9309026314257,-7.5001245
7560,204.0,-212.8193403358066,-4.8314585
7570,204.0,-312.9309026314257,-7.5001245
7580,204.0,-214.0477030633602,-4.846121500000001
7590,204.0,-312.9309026314257,-7.5001245
7601,204.0,-214.0477030633602,-4.846121500000001
7611,204.0,-311.0883585400953,-7.5001245
7620,204.0,-214.0477030633602,-4.8754475
7630,204.0,-312.3167212676489,-7.5001245
7641,204.0,-215.89024715469057,-4.919436500000001
7651,204.0,-310.4741771763185,-7.5001245
7661,204.0,-217.1186098822442,-4.9340995
7671,204.0,-309.24581444876486,-7.4854615
7682,204.0,-217.73279124602098,-4.9634255000000005
7691,204.0,-308.0174517212113,-7.4854615
7701,204.0,-220.18951670112818,-5.0220775
7711,204.0,-308.6316330849881,-7.470798500000001
7721,204.0,-220.803698064905,-5.0220775
7732,204.0,-308.0174517212113,-7.4561355
7742,204.0,-222.03206079245862,-5.0514035
7752,204.0,-305.56072626610404,-7.4121465
7762,204.0,-222.64624215623542,-5.0953925
7772,204.0,-304.9465449023273,-7.3828205
7782,204.0,-224.48878624756586,-5.1393815
7792,204.0,-303.71818217477363,-7.3828205
7802,204.0,-225.71714897511944,-5.1833705000000005
7813,204.0,-303.71818217477363,-7.3388315
7823,204.0,-225.71714897511944,-5.1687075
7833,204.0,-301.87563808344316,-7.324168500000001
7842,204.0,-227.55969306644985,-5.2273595
7853,204.0,-301.26145671966646,-7.2801795
7863,204.0,-230.01641852155709,-5.2713485
7873,204.0,-300.0330939921128,-7.250853500000001
7883,204.0,-231.24478124911067,-5.3153375
7894,204.0,-298.1905499007824,-7.2068645
7904,204.0,-241.68586443331634,-5.4473045
7914,204.0,-292.6629176267911,-7.1188865
7923,204.0,-256.4262171639597,-5.7845535
7933,204.0,-278.53674625992466,-6.8549525000000004
7944,204.0,-267.4814817119422,-6.0924765
7954,204.0,-270.5523885308262,-6.7083225
7964,204.0,-278.53674625992466,-6.3124215
7974,204.0,-260.7254867103973,-6.4883775
7985,204.0,-287.1352853527999,-6.591018500000001
7995,204.0,-250.89858488996842,-6.2977585000000005
8004,204.0,-299.418912628336,-6.8989415
8014,204.0,-244.1425898884236,-6.1657915
8025,204.0,-305.56072626610404,-7.0455715
8035,204.0,-239.84332034198596,-6.0191615
8045,204.0,-308.0174517212113,-7.2215275000000005
8055,204.0,-233.70150670421793,-5.8871945000000006
8066,204.0,-314.1592653589793,-7.441472500000001
8075,204.0,-228.7880557940035,-5.7552275
8085,204.0,-314.1592653589793,-7.5001245
8095,204.0,-224.48878624756586,-5.623260500000001
8105,204.0,-314.1592653589793,-7.5001245
8116,204.0,-219.57533533735142,-5.4326415
8126,204.0,-314.1592653589793,-7.5001245
8136,204.0,-215.27606579091378,-5.330000500000001
8145,204.0,-314.1592653589793,-7.5001245
8156,204.0,-212.20515897202975,-5.2273595
8166,204.0,-314.1592653589793,-7.5001245
8176,204.0,-209.13425215314575,-5.1393815
8186,204.0,-314.1592653589793,-7.5001245
8197,204.0,-205.4491639704849,-5.0367405000000005
8207,204.0,-314.1592653589793,-7.5001245
8216,204.0,-201.76407578782408,-4.919436500000001
8226,204.0,-314.1592653589793,-7.5001245
8237,204.0,-199.30735033271685,-4.8314585
8247,204.0,-314.1592653589793,-7.5001245
8257,204.0,-198.07898760516326,-4.7434805
8267,204.0,-314.1592653589793,-7.5001245
8278,204.0,-196.23644351383285,-4.6848285
8287,204.0,-314.1592653589793,-7.5001245
8297,204.0,-196.23644351383285,-4.6701655
8307,204.0,-314.1592653589793,-7.5001245
8317,204.0,-198.07898760516326,-4.6848285
8328,204.0,-314.1592653589793,-7.5001245
8338,204.0,-198.07898760516326,-4.6555025
8348,204.0,-314.1592653589793,-7.5001245
8357,204.0,-199.30735033271685,-4.6555025
8368,204.0,-314.1592653589793,-7.5001245
8378,204.0,-201.76407578782408,-4.6701655
8388,204.0,-314.1592653589793,-7.5001245
8398,204.0,-202.9924385153777,-4.6555025
8409,204.0,-314.1592653589793,-7.5001245
8418,204.0,-203.6066198791545,-4.6848285
8428,204.0,-314.1592653589793,-7.5001245
8438,204.0,-204.8349826067081,-4.699491500000001
8449,204.0,-314.1592653589793,-7.5001245
8459,204.0,-207.90588942559214,-4.7141545
8469,204.0,-314.1592653589793,-7.5001245
8479,204.0,-208.52007078936893,-4.7288175
8489,204.0,-314.1592653589793,-7.5001245
8499,204.0,-210.36261488069934,-4.7874695
8509,204.0,-314.1592653589793,-7.5001245
8519,204.0,-212.20515897202975,-4.7874695
8529,204.0,-314.1592653589793,-7.5001245
8540,204.0,-213.43352169958337,-4.8021325
8550,204.0,-312.3167212676489,-7.5001245
8560,204.0,-212.8193403358066,-4.8314585
8570,204.0,-311.70253990387204,-7.5001245
8580,204.0,-215.27606579091378,-4.8607845
8590,204.0,-312.9309026314257,-7.5001245
8600,204.0,-215.27606579091378,-4.8754475
8610,204.0,-311.0883585400953,-7.5001245
8621,204.0,-215.89024715469057,-4.9047735
8630,204.0,-311.0883585400953,-7.5001245
8640,204.0,-216.50442851846742,-4.919436500000001
8650,204.0,-310.4741771763185,-7.5001245
8660,204.0,-218.3469726097978,-4.9487625
8671,204.0,-309.85999581254174,-7.5001245
8681,204.0,-218.96115397357462,-4.9780885
8691,204.0,-308.6316330849881,-7.470798500000001
8701,204.0,-218.96115397357462,-5.0074145
8711,204.0,-308.0174517212113,-7.4561355
8721,204.0,-222.03206079245862,-5.0514035
8731,204.0,-306.7890889936577,-7.4268095
8741,204.0,-222.64624215623542,-5.0953925
8752,204.0,-306.17490762988086,-7.368157500000001
8762,204.0,-223.87460488378903,-5.1393815
8772,204.0,-303.71818217477363,-7.3388315
8781,204.0,-225.71714897511944,-5.1687075
8792,204.0,-303.71818217477363,-7.3388315
8802,204.0,-226.9455117026731,-5.1980335
8812,204.0,-302.48981944722004,-7.294842500000001
8822,204.0,-228.1738744302267,-5.2273595
8833,204.0,-300.64727535588963,-7.2655165
8843,204.0,-230.01641852155709,-5.2860115
8853,204.0,-299.418912628336,-7.250853500000001
8862,204.0,-231.85896261288752,-5.3446635
8872,204.0,-298.8047312645592,-7.2215275000000005
8883,204.0,-239.2291389782092,-5.4326415
8893,204.0,-293.89128035434476,-7.1482125000000005
8903,204.0,-243.5284085246468,-5.5059565
8913,204.0,-288.3636480803535,-7.0602345
8924,204.0,-265.6389376206117,-5.9311835
8933,204.0,-277.9225648961479,-6.8256265
8943,204.0,-271.16656989460296,-6.1657915
8953,204.0,-266.8673003481654,-6.6056815
8964,204.0,-284.6785598976927,-6.4883775
8974,204.0,-256.4262171639597,-6.400399500000001
8984,204.0,-291.4345548992376,-6.6936595
8994,204.0,-250.28440352619165,-6.2977585000000005
9004,204.0,-300.64727535588963,-6.9429305
9014,204.0,-239.84332034198596,-6.0778135
9024,204.0,-305.56072626610404,-7.1482125000000005
9034,204.0,-234.92986943177152,-5.9311835
9044,204.0,-312.3167212676489,-7.3828205
9055,204.0,-230.6305998853339,-5.7992165
9065,204.0,-314.1592653589793,-7.5001245
9075,204.0,-224.48878624756586,-5.623260500000001
9084,204.0,-314.1592653589793,-7.5001245
9095,204.0,-220.803698064905,-5.5059565
9105,204.0,-314.1592653589793,-7.5001245
9115,204.0,-217.73279124602098,-5.4179785
9125,204.0,-314.1592653589793,-7.5001245
9136,204.0,-212.8193403358066,-5.2713485
9146,204.0,-314.1592653589793,-7.5001245
9155,204.0,-208.52007078936893,-5.1687075
9165,204.0,-314.1592653589793,-7.5001245
9176,204.0,-206.0633453342617,-5.0660665
9186,204.0,-314.1592653589793,-7.5001245
9196,204.0,-202.9924385153777,-4.9634255000000005
9206,204.0,-314.1592653589793,-7.5001245
9217,204.0,-200.53571306027044,-4.8901105000000005
9226,204.0,-314.1592653589793,-7.5001245
9236,204.0,-198.69316896894003,-4.8021325
9246,204.0,-314.1592653589793,-7.5001245
9256,204.0,-197.46480624138644,-4.7288175
9267,204.0,-314.1592653589793,-7.5001245
9277,204.0,-196.23644351383285,-4.699491500000001
9286,204.0,-314.1592653589793,-7.5001245
9296,204.0,-197.46480624138644,-4.6848285
9307,204.0,-314.1592653589793,-7.5001245
9317,204.0,-197.46480624138644,-4.6701655
9327,204.0,-314.1592653589793,-7.5001245
9337,204.0,-197.46480624138644,-4.6555025
9348,204.0,-314.1592653589793,-7.5001245
9357,204.0,-199.30735033271685,-4.6555025
9367,204.0,-314.1592653589793,-7.5001245
9377,204.0,-201.76407578782408,-4.6555025
9388,204.0,-314.1592653589793,-7.5001245
9398,204.0,-203.6066198791545,-4.6701655
9408,204.0,-314.1592653589793,-7.5001245
9418,204.0,-205.4491639704849,-4.6848285
9427,204.0,-314.1592653589793,-7.5001245
9438,204.0,-206.0633453342617,-4.699491500000001
9448,204.0,-314.1592653589793,-7.5001245
9458,204.0,-207.29170806181534,-4.7141545
9468,204.0,-314.1592653589793,-7.5001245
9479,204.0,-208.52007078936893,-4.7288175
9488,204.0,-314.1592653589793,-7.5001245
9498,204.0,-210.9767962444761,-4.7874695
9508,204.0,-314.1592653589793,-7.5001245
9519,204.0,-212.20515897202975,-4.8021325
9529,204.0,-314.1592653589793,-7.5001245
9539,204.0,-212.20515897202975,-4.8021325
9549,204.0,-312.9309026314257,-7.5001245
9560,204.0,-214.0477030633602,-4.846121500000001
9569,204.0,-312.3167212676489,-7.5001245
9579,204.0,-214.0477030633602,-4.8607845
9589,204.0,-312.3167212676489,-7.5001245
9600,204.0,-215.89024715469057,-4.8901105000000005
9610,204.0,-310.4741771763185,-7.5001245
9620,204.0,-216.50442851846742,-4.9047735
9629,204.0,-310.4741771763185,-7.5001245
9639,204.0,-215.89024715469057,-4.919436500000001
9650,204.0,-309.85999581254174,-7.5001245
9660,204.0,-217.73279124602098,-4.9634255000000005
9670,204.0,-309.85999581254174,-7.4854615
9680,204.0,-218.96115397357462,-4.9780885
9691,204.0,-307.40327035743445,-7.4561355
9701,204.0,-218.96115397357462,-5.0367405000000005
9710,204.0,-306.7890889936577,-7.441472500000001
9720,204.0,-221.41787942868186,-5.0660665
9731,204.0,-306.17490762988086,-7.4268095
9741,204.0,-223.26042352001227,-5.0953925
9751,204.0,-305.56072626610404,-7.3828205
9761,204.0,-223.26042352001227,-5.1100555000000005
9772,204.0,-303.71818217477363,-7.368157500000001
9781,204.0,-225.10296761134265,-5.1687075
9791,204.0,-304.33236353855045,-7.3534945
9801,204.0,-226.33133033889624,-5.1833705000000005
9811,204.0,-303.1040008109968,-7.3095055
9822,204.0,-226.9455117026731,-5.2126965
9832,204.0,-301.26145671966646,-7.2801795
9842,204.0,-228.1738744302267,-5.2713485
9851,204.0,-300.64727535588963,-7.2655165
9862,204.0,-231.85896261288752,-5.3153375
9872,204.0,-300.64727535588963,-7.2361905
9882,204.0,-235.54405079554832,-5.3739895
9892,204.0,-298.1905499007824,-7.177538500000001
9903,204.0,-239.84332034198596,-5.4179785
9913,204.0,-287.7494667165767,-7.0748975000000005
9922,204.0,-258.2687612552901,-5.8138795000000005
9932,204.0,-279.7651089874783,-6.8989415
9943,204.0,-265.6389376206117,-6.033824500000001
9953,204.0,-266.8673003481654,-6.6350075
9963,204.0,-279.7651089874783,-6.3857365
9973,204.0,-258.2687612552901,-6.4443885000000005
9984,204.0,-288.9778294441303,-6.6350075
9993,204.0,-255.1978544364061,-6.3564105
10003,204.0,-295.7338244456752,-6.7963005
10013,204.0,-247.82767807108442,-6.2391065
10023,204.0,-304.33236353855045,-7.030908500000001
10034,204.0,-239.84332034198596,-6.0778135
10044,204.0,-305.56072626610404,-7.1628755
10054,204.0,-234.31568806799476,-5.9458465
10063,204.0,-311.0883585400953,-7.3534945
10074,204.0,-230.6305998853339,-5.8285425
10084,204.0,-314.1592653589793,-7.5001245
10094,204.0,-228.1738744302267,-5.769890500000001
10104,204.0,-314.1592653589793,-7.5001245
10115,204.0,-222.03206079245862,-5.5646085
10124,204.0,-314.1592653589793,-7.5001245
10134,204.0,-217.73279124602098,-5.4326415
10144,204.0,-314.1592653589793,-7.5001245
10155,204.0,-214.66188442713695,-5.330000500000001
10165,204.0,-314.1592653589793,-7.5001245
10175,204.0,-210.9767962444761,-5.2126965
10185,204.0,-314.1592653589793,-7.5001245
10194,204.0,-206.67752669803852,-5.1100555000000005
10205,204.0,-314.1592653589793,-7.5001245
10215,204.0,-204.2208012429313,-5.0367405000000005
10225,204.0,-314.1592653589793,-7.5001245
10235,204.0,-201.14989442404726,-4.8901105000000005
10246,204.0,-314.1592653589793,-7.5001245
10256,204.0,-198.07898760516326,-4.7874695
10265,204.0,-314.1592653589793,-7.5001245
10275,204.0,-197.46480624138644,-4.7581435
10286,204.0,-314.1592653589793,-7.5001245
10296,204.0,-196.85062487760962,-4.7434805
10306,204.0,-314.1592653589793,-7.5001245
10316,204.0,-196.23644351383285,-4.699491500000001
10326,204.0,-314.1592653589793,-7.5001245
10337,204.0,-196.85062487760962,-4.6701655
10346,204.0,-314.1592653589793,-7.5001245
10356,204.0,-198.07898760516326,-4.6555025
10366,204.0,-314.1592653589793,-7.5001245
10377,204.0,-198.69316896894003,-4.6555025
10387,204.0,-314.1592653589793,-7.5001245
10397,204.0,-200.53571306027044,-4.6701655
10406,204.0,-314.1592653589793,-7.5001245
10417,204.0,-202.37825715160088,-4.6701655
10427,204.0,-314.1592653589793,-7.5001245
10437,204.0,-204.2208012429313,-4.6848285
10447,204.0,-314.1592653589793,-7.5001245
10458,204.0,-205.4491639704849,-4.699491500000001
10468,204.0,-314.1592653589793,-7.5001245
10477,204.0,-207.29170806181534,-4.7288175
10487,204.0,-314.1592653589793,-7.5001245
10498,204.0,-209.74843351692252,-4.7434805
10508,204.0,-314.1592653589793,-7.5001245
10518,204.0,-210.9767962444761,-4.772806500000001
10528,204.0,-314.1592653589793,-7.5001245
10539,204.0,-211.59097760825296,-4.8021325
10549,204.0,-312.9309026314257,-7.5001245
10558,204.0,-212.8193403358066,-4.8167955000000005
10568,204.0,-312.3167212676489,-7.5001245
10578,204.0,-214.66188442713695,-4.8754475
10589,204.0,-312.3167212676489,-7.5001245
10599,204.0,-214.66188442713695,-4.8607845
10609,204.0,-310.4741771763185,-7.5001245
10619,204.0,-215.27606579091378,-4.9047735
10629,204.0,-311.0883585400953,-7.5001245
10639,204.0,-216.50442851846742,-4.9487625
10649,204.0,-310.4741771763185,-7.5001245
10659,204.0,-217.73279124602098,-4.9487625
10670,204.0,-309.85999581254174,-7.5001245
10680,204.0,-217.73279124602098,-4.9780885
10690,204.0,-308.6316330849881,-7.4854615
10699,204.0,-219.57533533735142,-4.992751500000001
10710,204.0,-308.0174517212113,-7.4561355
10720,204.0,-219.57533533735142,-5.0220775
10730,204.0,-306.7890889936577,-7.441472500000001
10740,204.0,-222.64624215623542,-5.0660665
10750,204.0,-305.56072626610404,-7.4268095
10760,204.0,-222.64624215623542,-5.0953925
10770,204.0,-304.9465449023273,-7.368157500000001
10780,204.0,-225.10296761134265,-5.1393815
10790,204.0,-304.33236353855045,-7.368157500000001
10801,204.0,-224.48878624756586,-5.1393815
10811,204.0,-303.1040008109968,-7.324168500000001
10821,204.0,-225.71714897511944,-5.1833705000000005
10830,204.0,-303.1040008109968,-7.324168500000001
10841,204.0,-227.55969306644985,-5.2126965
10851,204.0,-301.26145671966646,-7.2801795
10861,204.0,-230.01641852155709,-5.2860115
10871,204.0,-300.64727535588963,-7.250853500000001
10882,204.0,-231.24478124911067,-5.3153375
10892,204.0,-297.5763685370056,-7.1922015
10902,204.0,-235.54405079554832,-5.3886525
10911,204.0,-295.1196430818984,-7.1922015
10921,204.0,-249.05604079863804,-5.5939345000000005
10932,204.0,-282.8360158063623,-6.9869195
10942,204.0,-264.41057489305814,-5.960509500000001
10952,204.0,-273.6232953497102,-6.7523115
10962,204.0,-279.1509276237015,-6.3124215
10973,204.0,-260.7254867103973,-6.4883775
10983,204.0,-288.3636480803535,-6.5763555
10992,204.0,-256.4262171639597,-6.4150625
11002,204.0,-300.64727535588963,-6.884278500000001
11013,204.0,-247.21349670730763,-6.2244435000000005
11023,204.0,-304.33236353855045,-7.0015825000000005
11033,204.0,-239.2291389782092,-6.0484875
11043,204.0,-306.7890889936577,-7.1922015
11054,204.0,-235.54405079554832,-5.9458465
11063,204.0,-312.3167212676489,-7.3534945
11073,204.0,-230.6305998853339,-5.8138795000000005
11083,204.0,-314.1592653589793,-7.5001245
11094,204.0,-225.71714897511944,-5.6819125
11104,204.0,-314.1592653589793,-7.5001245
11114,204.0,-222.03206079245862,-5.5646085
11124,204.0,-314.1592653589793,-7.5001245
11133,204.0,-217.1186098822442,-5.403315500000001
11144,204.0,-314.1592653589793,-7.5001245
11154,204.0,-212.8193403358066,-5.2713485
11164,204.0,-314.1592653589793,-7.5001245
11174,204.0,-207.90588942559214,-5.1540445
11185,204.0,-314.1592653589793,-7.5001245
11195,204.0,-206.0633453342617,-5.0514035
11204,204.0,-314.1592653589793,-7.5001245
11214,204.0,-201.76407578782408,-4.9634255000000005
11225,204.0,-314.1592653589793,-7.5001245
11235,204.0,-199.92153169649367,-4.8901105000000005
11245,204.0,-314.1592653589793,-7.5001245
11255,204.0,-197.46480624138644,-4.7874695
11266,204.0,-314.1592653589793,-7.5001245
11275,204.0,-196.23644351383285,-4.7434805
11285,204.0,-314.1592653589793,-7.5001245
11295,204.0,-196.23644351383285,-4.7141545
11305,204.0,-314.1592653589793,-7.5001245
11316,204.0,-196.23644351383285,-4.6701655
11326,204.0,-314.1592653589793,-7.5001245
11335,204.0,-196.85062487760962,-4.6848285
11345,204.0,-314.1592653589793,-7.5001245
11356,204.0,-196.85062487760962,-4.6848285
11366,204.0,-314.1592653589793,-7.5001245
11376,204.0,-198.69316896894003,-4.6408395
11386,204.0,-314.1592653589793,-7.5001245
11397,204.0,-199.92153169649367,-4.6555025
11406,204.0,-314.1592653589793,-7.5001245
11416,204.0,-201.76407578782408,-4.6848285
11426,204.0,-314.1592653589793,-7.5001245
11437,204.0,-203.6066198791545,-4.699491500000001
11447,204.0,-314.1592653589793,-7.5001245
11457,204.0,-205.4491639704849,-4.699491500000001
11467,204.0,-314.1592653589793,-7.5001245
11476,204.0,-207.29170806181534,-4.7434805
11487,204.0,-314.1592653589793,-7.5001245
11497,204.0,-209.13425215314575,-4.7434805
11507,204.0,-314.1592653589793,-7.5001245
11517,204.0,-209.13425215314575,-4.7434805
11528,204.0,-314.1592653589793,-7.5001245
11537,204.0,-210.36261488069934,-4.7874695
11547,204.0,-313.54508399520256,-7.5001245
11557,204.0,-212.8193403358066,-4.8021325
11568,204.0,-314.1592653589793,-7.5001245
11578,204.0,-214.0477030633602,-4.846121500000001
11588,204.0,-312.9309026314257,-7.5001245
11598,204.0,-214.66188442713695,-4.846121500000001
11609,204.0,-311.70253990387204,-7.5001245
11618,204.0,-215.27606579091378,-4.9047735
11628,204.0,-311.0883585400953,-7.5001245
11638,204.0,-215.89024715469057,-4.919436500000001
11649,204.0,-310.4741771763185,-7.5001245
11659,204.0,-218.96115397357462,-4.9634255000000005
11669,204.0,-309.85999581254174,-7.5001245
11679,204.0,-217.1186098822442,-4.9634255000000005
11688,204.0,-308.6316330849881,-7.4854615
11699,204.0,-219.57533533735142,-4.9780885
11709,204.0,-308.6316330849881,-7.4854615
11719,204.0,-220.803698064905,-5.0074145
11729,204.0,-307.40327035743445,-7.4561355
11740,204.0,-220.803698064905,-5.0367405000000005
11750,204.0,-306.17490762988086,-7.4268095
11759,204.0,-222.03206079245862,-5.0660665
11769,204.0,-306.17490762988086,-7.4121465
11780,204.0,-223.87460488378903,-5.1100555000000005
11790,204.0,-305.56072626610404,-7.3828205
11800,204.0,-223.87460488378903,-5.1247185
11810,204.0,-303.71818217477363,-7.3534945
11820,204.0,-224.48878624756586,-5.1540445
11830,204.0,-303.1040008109968,-7.324168500000001
11840,204.0,-226.33133033889624,-5.1833705000000005
11850,204.0,-302.48981944722004,-7.3095055
11860,204.0,-228.1738744302267,-5.256685500000001
11871,204.0,-301.87563808344316,-7.2801795
11881,204.0,-229.4022371577803,-5.256685500000001
11890,204.0,-300.0330939921128,-7.250853500000001
11900,204.0,-231.24478124911067,-5.330000500000001
11911,204.0,-299.418912628336,-7.2215275000000005
11921,204.0,-238.00077625065552,-5.3886525
11931,204.0,-291.4345548992376,-7.1482125000000005
11941,204.0,-254.5836730726293,-5.696575500000001
11952,204.0,-282.8360158063623,-6.9429305
11962,204.0,-263.18221216550455,-5.9751725
11971,204.0,-273.6232953497102,-6.7669745
11981,204.0,-276.69420216859424,-6.2830955
11992,204.0,-260.11130534662055,-6.473714500000001
12002,204.0,-285.9069226252463,-6.547029500000001
12012,204.0,-255.81203580018285,-6.3857365
12022,204.0,-295.7338244456752,-6.7816375
12033,204.0,-246.5993153435308,-6.2097805
12043,204.0,-303.71818217477363,-7.0162455
12052,204.0,-237.38659488687875,-6.0191615
12062,204.0,-309.24581444876486,-7.2801795
12072,204.0,-231.85896261288752,-5.8725315
12083,204.0,-314.1592653589793,-7.5001245
12093,204.0,-227.55969306644985,-5.7405645000000005
12103,204.0,-314.1592653589793,-7.5001245
12113,204.0,-223.87460488378903,-5.6379235
12123,204.0,-314.1592653589793,-7.5001245
12133,204.0,-219.57533533735142,-5.4619675
12143,204.0,-314.1592653589793,-7.5001245
12153,204.0,-215.89024715469057,-5.3739895
12164,204.0,-314.1592653589793,-7.5001245
12174,204.0,-210.9767962444761,-5.2713485
12184,204.0,-314.1592653589793,-7.5001245
12193,204.0,-207.90588942559214,-5.1393815
12204,204.0,-314.1592653589793,-7.5001245
12214,204.0,-204.2208012429313,-5.0367405000000005
12224,204.0,-314.1592653589793,-7.5001245
12234,204.0,-201.14989442404726,-4.9487625
12244,204.0,-314.1592653589793,-7.5001245
12255,204.0,-199.30735033271685,-4.8607845
12264,204.0,-314.1592653589793,-7.5001245
12274,204.0,-197.46480624138644,-4.7874695
12284,204.0,-314.1592653589793,-7.5001245
12295,204.0,-196.85062487760962,-4.7141545
12305,204.0,-314.1592653589793,-7.5001245
12315,204.0,-198.07898760516326,-4.6848285
12325,204.0,-314.1592653589793,-7.5001245
12335,204.0,-196.23644351383285,-4.6848285
12345,204.0,-314.1592653589793,-7.5001245
12355,204.0,-197.46480624138644,-4.6701655
12365,204.0,-314.1592653589793,-7.5001245
12376,204.0,-198.69316896894003,-4.6555025
12386,204.0,-314.1592653589793,-7.5001245
12396,204.0,-199.92153169649367,-4.6701655
12405,204.0,-314.1592653589793,-7.5001245
12416,204.0,-202.37825715160088,-4.6848285
12426,204.0,-314.1592653589793,-7.5001245
12436,204.0,-203.6066198791545,-4.6848285
12446,204.0,-314.1592653589793,-7.5001245
12456,204.0,-204.2208012429313,-4.6848285
12466,204.0,-314.1592653589793,-7.5001245
12476,204.0,-205.4491639704849,-4.699491500000001
12486,204.0,-314.1592653589793,-7.5001245
12496,204.0,-207.90588942559214,-4.7288175
12507,204.0,-314.1592653589793,-7.5001245
12517,204.0,-209.13425215314575,-4.7434805
12527,204.0,-314.1592653589793,-7.5001245
12536,204.0,-210.9767962444761,-4.7874695
12547,204.0,-314.1592653589793,-7.5001245
12557,204.0,-212.20515897202975,-4.8021325
12567,204.0,-313.54508399520256,-7.5001245
12577,204.0,-212.8193403358066,-4.8167955000000005
12588,204.0,-312.9309026314257,-7.5001245
12598,204.0,-214.0477030633602,-4.8607845
12608,204.0,-311.70253990387204,-7.5001245
12618,204.0,-215.27606579091378,-4.9047735
12627,204.0,-308.6316330849881,-7.5001245
12638,204.0,-215.89024715469057,-4.919436500000001
12648,204.0,-310.4741771763185,-7.5001245
12658,204.0,-217.1186098822442,-4.9340995
12668,204.0,-309.85999581254174,-7.4854615
12679,204.0,-217.73279124602098,-4.9487625
12688,204.0,-309.24581444876486,-7.5001245
12698,204.0,-219.57533533735142,-4.992751500000001
12708,204.0,-308.6316330849881,-7.470798500000001
12719,204.0,-221.41787942868186,-5.0514035
12729,204.0,-306.7890889936577,-7.4268095
12741,204.0,-282.2218344425855,-6.1218025
12751,204.0,-249.67022216241486,-6.2830955
12762,204.0,-295.1196430818984,-6.8402895
12772,204.0,-245.985133979754,-6.1951175
12782,204.0,-302.48981944722004,-6.9722565
12792,204.0,-238.61495761443237,-6.0631505
12802,204.0,-308.6316330849881,-7.2215275000000005
12812,204.0,-235.54405079554832,-5.9751725
12822,204.0,-311.0883585400953,-7.324168500000001
12832,204.0,-231.24478124911067,-5.8432055
12843,204.0,-314.1592653589793,-7.5001245
12853,204.0,-226.9455117026731,-5.7112385
12863,204.0,-314.1592653589793,-7.5001245
12872,204.0,-223.87460488378903,-5.6085975
12882,204.0,-314.1592653589793,-7.5001245
12893,204.0,-219.57533533735142,-5.4619675
12903,204.0,-314.1592653589793,-7.5001245
12913,204.0,-216.50442851846742,-5.330000500000001
12923,204.0,-314.1592653589793,-7.5001245
12934,204.0,-211.59097760825296,-5.2273595
12943,204.0,-314.1592653589793,-7.5001245
12953,204.0,-206.67752669803852,-5.1100555000000005
12963,204.0,-314.1592653589793,-7.5001245
12974,204.0,-203.6066198791545,-4.992751500000001
12984,204.0,-314.1592653589793,-7.5001245
12994,204.0,-199.92153169649367,-4.9047735
13004,204.0,-314.1592653589793,-7.5001245
13015,204.0,-197.46480624138644,-4.8167955000000005
13024,204.0,-314.1592653589793,-7.5001245
13034,204.0,-196.23644351383285,-4.7288175
13044,204.0,-314.1592653589793,-7.5001245
13054,204.0,-196.85062487760962,-4.699491500000001
13065,204.0,-314.1592653589793,-7.5001245
13075,204.0,-197.46480624138644,-4.6701655
13085,204.0,-314.1592653589793,-7.5001245
13095,204.0,-197.46480624138644,-4.6555025
13105,204.0,-314.1592653589793,-7.5001245
13115,204.0,-200.53571306027044,-4.6555025
13125,204.0,-314.1592653589793,-7.5001245
13135,204.0,-203.6066198791545,-4.6848285
13146,204.0,-314.1592653589793,-7.5001245
13156,204.0,-204.8349826067081,-4.6848285
13166,204.0,-314.1592653589793,-7.5001245
13175,204.0,-206.67752669803852,-4.7141545
13186,204.0,-314.1592653589793,-7.5001245
13196,204.0,-207.29170806181534,-4.7288175
13206,204.0,-314.1592653589793,-7.5001245
13216,204.0,-208.52007078936893,-4.7288175
13227,204.0,-314.1592653589793,-7.5001245
13237,204.0,-210.36261488069934,-4.772806500000001
13247,204.0,-313.54508399520256,-7.5001245
13256,204.0,-212.20515897202975,-4.8021325
13266,204.0,-313.54508399520256,-7.5001245
13277,204.0,-213.43352169958337,-4.8167955000000005
13287,204.0,-313.54508399520256,-7.5001245
13297,204.0,-213.43352169958337,-4.8314585
13310,204.0,-296.9621871732288,-7.2361905
13320,204.0,-233.08732534044108,-5.3593265
13330,204.0,-298.8047312645592,-7.2068645
13340,204.0,-240.45750170576275,-5.4473045
13350,204.0,-293.277098990568,-7.1482125000000005
13361,204.0,-249.05604079863804,-5.5939345000000005
13371,204.0,-287.1352853527999,-7.030908500000001
13380,204.0,-255.81203580018285,-5.769890500000001
13390,204.0,-280.37929035125507,-6.9282675000000005
13401,204.0,-264.41057489305814,-6.0191615
13411,204.0,-272.3949326221566,-6.737648500000001
13421,204.0,-273.6232953497102,-6.2244435000000005
13431,204.0,-263.7963935292814,-6.5616925
13441,204.0,-284.6785598976927,-6.5030405
13451,204.0,-255.1978544364061,-6.3857365
13461,204.0,-295.7338244456752,-6.7963005
13471,204.0,-246.5993153435308,-6.2244435000000005
13481,204.0,-303.1040008109968,-7.0015825000000005
13492,204.0,-242.3000457970932,-6.1218025
13502,204.0,-307.40327035743445,-7.2068645
13511,204.0,-235.54405079554832,-5.960509500000001
13521,204.0,-309.85999581254174,-7.3095055
13532,204.0,-232.4731439766643,-5.8725315
13542,204.0,-314.1592653589793,-7.5001245
13552,204.0,-226.9455117026731,-5.6819125
13562,204.0,-314.1592653589793,-7.5001245
13573,204.0,-222.03206079245862,-5.5792715
13582,204.0,-314.1592653589793,-7.5001245
13592,204.0,-217.73279124602098,-5.4326415
13602,204.0,-314.1592653589793,-7.5001245
13613,204.0,-214.66188442713695,-5.3593265
13623,204.0,-314.1592653589793,-7.5001245
13633,204.0,-211.59097760825296,-5.256685500000001
13643,204.0,-314.1592653589793,-7.5001245
13652,204.0,-206.67752669803852,-5.0953925
13663,204.0,-314.1592653589793,-7.5001245
13673,204.0,-203.6066198791545,-5.0367405000000005
13683,204.0,-314.1592653589793,-7.5001245
13693,204.0,-200.53571306027044,-4.919436500000001
13704,204.0,-314.1592653589793,-7.5001245
13714,204.0,-198.07898760516326,-4.8167955000000005
13723,204.0,-314.1592653589793,-7.5001245
13733,204.0,-196.85062487760962,-4.7434805
13744,204.0,-314.1592653589793,-7.5001245
13754,204.0,-197.46480624138644,-4.7141545
13764,204.0,-314.1592653589793,-7.5001245
13774,204.0,-196.85062487760962,-4.6848285
13785,204.0,-314.1592653589793,-7.5001245
13794,204.0,-196.23644351383285,-4.6848285
13804,204.0,-314.1592653589793,-7.5001245
13814,204.0,-198.07898760516326,-4.6701655
13825,204.0,-314.1592653589793,-7.5001245
13835,204.0,-201.76407578782408,-4.6701655
13845,204.0,-314.1592653589793,-7.5001245
13855,204.0,-202.37825715160088,-4.6848285
13865,204.0,-314.1592653589793,-7.5001245
13875,204.0,-203.6066198791545,-4.699491500000001
13885,204.0,-314.1592653589793,-7.5001245
13895,204.0,-205.4491639704849,-4.7141545
13905,204.0,-314.1592653589793,-7.5001245
13916,204.0,-207.90588942559214,-4.7288175
13926,204.0,-314.1592653589793,-7.5001245
13936,204.0,-208.52007078936893,-4.772806500000001
13945,204.0,-314.1592653589793,-7.5001245
13956,204.0,-210.36261488069934,-4.7581435
13966,204.0,-314.1592653589793,-7.5001245
13976,204.0,-211.59097760825296,-4.772806500000001
13986,204.0,-314.1592653589793,-7.5001245
13997,204.0,-212.8193403358066,-4.8021325
14007,204.0,-312.9309026314257,-7.5001245
14016,204.0,-212.8193403358066,-4.8314585
14026,204.0,-312.9309026314257,-7.5001245
14036,204.0,-214.66188442713695,-4.8607845
14047,204.0,-312.9309026314257,-7.5001245
14057,204.0,-215.27606579091378,-4.8754475
14067,204.0,-311.0883585400953,-7.5001245
14077,204.0,-215.89024715469057,-4.9047735
14087,204.0,-309.85999581254174,-7.5001245
14097,204.0,-217.73279124602098,-4.9340995
14107,204.0,-310.4741771763185,-7.5001245
14117,204.0,-218.3469726097978,-4.9780885
14128,204.0,-309.85999581254174,-7.5001245
14138,204.0,-218.3469726097978,-4.9780885
14148,204.0,-308.6316330849881,-7.470798500000001
14157,204.0,-219.57533533735142,-5.0220775
14168,204.0,-307.40327035743445,-7.4561355
14178,204.0,-221.41787942868186,-5.0514035
14188,204.0,-307.40327035743445,-7.4268095
14198,204.0,-224.48878624756586,-5.0953925
14209,204.0,-305.56072626610404,-7.3828205
14219,204.0,-223.26042352001227,-5.1100555000000005
14228,204.0,-304.33236353855045,-7.368157500000001
14238,204.0,-225.71714897511944,-5.1687075
14248,204.0,-303.71818217477363,-7.3388315
14259,204.0,-227.55969306644985,-5.2126965
14269,204.0,-302.48981944722004,-7.3095055
14279,204.0,-228.7880557940035,-5.2420225
14289,204.0,-301.26145671966646,-7.2801795
14300,204.0,-228.1738744302267,-5.2713485
14309,204.0,-299.418912628336,-7.250853500000001
14319,204.0,-231.24478124911067,-5.3153375
14329,204.0,-299.418912628336,-7.2215275000000005
14340,204.0,-234.92986943177152,-5.3886525
14350,204.0,-296.9621871732288,-7.1922015
14360,204.0,-247.82767807108442,-5.5792715
14370,204.0,-287.1352853527999,-7.030908500000001
14380,204.0,-257.6545798915133,-5.8432055
14390,204.0,-279.7651089874783,-6.884278500000001
14400,204.0,-267.4814817119422,-6.0631505
14410,204.0,-269.3240258032726,-6.6496705
14420,204.0,-278.53674625992466,-6.327084500000001
14431,204.0,-263.7963935292814,-6.547029500000001
14440,204.0,-284.6785598976927,-6.5177035000000005
14450,204.0,-252.74112898129886,-6.327084500000001
14460,204.0,-294.5054617181216,-6.7816375
14471,204.0,-247.21349670730763,-6.2391065
14481,204.0,-302.48981944722004,-6.957593500000001
14491,204.0,-239.84332034198596,-6.0778135
14501,204.0,-306.17490762988086,-7.177538500000001
14511,204.0,-236.77241352310196,-5.9751725
14521,204.0,-310.4741771763185,-7.2801795
14531,204.0,-232.4731439766643,-5.8725315
14541,204.0,-314.1592653589793,-7.4561355
14552,204.0,-224.48878624756586,-5.6379235
14562,204.0,-314.1592653589793,-7.5001245
14572,204.0,-221.41787942868186,-5.5646085
14581,204.0,-314.1592653589793,-7.5001245
14592,204.0,-218.96115397357462,-5.4473045
14602,204.0,-314.1592653589793,-7.5001245
14612,204.0,-215.89024715469057,-5.3446635
14622,204.0,-314.1592653589793,-7.5001245
14632,204.0,-211.59097760825296,-5.2126965
14643,204.0,-314.1592653589793,-7.5001245
14652,204.0,-206.0633453342617,-5.1100555000000005
14662,204.0,-314.1592653589793,-7.5001245
14672,204.0,-203.6066198791545,-5.0367405000000005
14683,204.0,-314.1592653589793,-7.5001245
14693,204.0,-201.76407578782408,-4.919436500000001
14703,204.0,-314.1592653589793,-7.5001245
14713,204.0,-198.07898760516326,-4.8167955000000005
14723,204.0,-314.1592653589793,-7.5001245
14733,204.0,-197.46480624138644,-4.7581435
14743,204.0,-314.1592653589793,-7.5001245
14753,204.0,-196.85062487760962,-4.7434805
14764,204.0,-314.1592653589793,-7.5001245
14774,204.0,-196.23644351383285,-4.6848285
14784,204.0,-314.1592653589793,-7.5001245
14794,204.0,-196.85062487760962,-4.6848285
14803,204.0,-314.1592653589793,-7.5001245
14814,204.0,-198.07898760516326,-4.6555025
14824,204.0,-314.1592653589793,-7.5001245
14834,204.0,-201.14989442404726,-4.6848285
14844,204.0,-314.1592653589793,-7.5001245
14855,204.0,-201.76407578782408,-4.6848285
14865,204.0,-314.1592653589793,-7.5001245
14874,204.0,-202.9924385153777,-4.699491500000001
14884,204.0,-314.1592653589793,-7.5001245
14895,204.0,-205.4491639704849,-4.699491500000001
14905,204.0,-314.1592653589793,-7.5001245
14915,204.0,-207.90588942559214,-4.7288175
14925,204.0,-314.1592653589793,-7.5001245
14936,204.0,-208.52007078936893,-4.7581435
14945,204.0,-314.1592653589793,-7.5001245
14955,204.0,-210.36261488069934,-4.772806500000001
14965,204.0,-312.9309026314257,-7.5001245
14976,204.0,-211.59097760825296,-4.8021325
14986,204.0,-314.1592653589793,-7.5001245
14996,204.0,-212.8193403358066,-4.8167955000000005
15006,204.0,-313.54508399520256,-7.5001245
15016,204.0,-213.43352169958337,-4.846121500000001
15026,204.0,-312.3167212676489,-7.5001245
15036,204.0,-215.27606579091378,-4.8754475
15046,204.0,-312.3167212676489,-7.5001245
15056,204.0,-216.50442851846742,-4.919436500000001
15067,204.0,-310.4741771763185,-7.5001245
15077,204.0,-216.50442851846742,-4.9340995
15087,204.0,-311.0883585400953,-7.5001245
15096,204.0,-217.1186098822442,-4.9487625
15107,204.0,-310.4741771763185,-7.5001245
15117,204.0,-218.3469726097978,-4.9634255000000005
15127,204.0,-308.6316330849881,-7.470798500000001
15137,204.0,-220.18951670112818,-5.0074145
15148,204.0,-307.40327035743445,-7.441472500000001
15158,204.0,-222.03206079245862,-5.0660665
15167,204.0,-306.17490762988086,-7.4268095
15177,204.0,-222.64624215623542,-5.0807295
15187,204.0,-306.17490762988086,-7.397483500000001
15198,204.0,-223.87460488378903,-5.1100555000000005
15208,204.0,-304.9465449023273,-7.368157500000001
15218,204.0,-223.87460488378903,-5.1393815
15228,204.0,-303.1040008109968,-7.3534945
15238,204.0,-225.71714897511944,-5.2126965
15248,204.0,-303.1040008109968,-7.324168500000001
15258,204.0,-227.55969306644985,-5.2126965
15268,204.0,-301.87563808344316,-7.294842500000001
15279,204.0,-229.4022371577803,-5.256685500000001
15289,204.0,-300.0330939921128,-7.250853500000001
15299,204.0,-230.01641852155709,-5.3006745
15309,204.0,-271.7807512583798,-6.7816375
15320,204.0,-265.6389376206117,-6.107139500000001
15330,204.0,-273.6232953497102,-6.7523115
15340,204.0,-276.0800208048174,-6.253769500000001
15350,204.0,-257.04039852773644,-6.4443885000000005
15360,204.0,-286.52110398902306,-6.591018500000001
15370,204.0,-253.9694917088525,-6.3564105
15380,204.0,-296.34800580945193,-6.810963500000001
15390,204.0,-246.5993153435308,-6.2391065
15400,204.0,-305.56072626610404,-7.0455715
15411,204.0,-239.2291389782092,-6.0778135
15420,204.0,-306.17490762988086,-7.1628755
15430,204.0,-236.77241352310196,-5.9898355
15440,204.0,-311.0883585400953,-7.3095055
15451,204.0,-231.85896261288752,-5.8578685
15461,204.0,-314.1592653589793,-7.5001245
15471,204.0,-228.7880557940035,-5.7405645000000005
15481,204.0,-314.1592653589793,-7.5001245
15491,204.0,-222.03206079245862,-5.5792715
15501,204.0,-314.1592653589793,-7.5001245
15511,204.0,-220.18951670112818,-5.5059565
15521,204.0,-314.1592653589793,-7.5001245
15532,204.0,-217.73279124602098,-5.4179785
15542,204.0,-314.1592653589793,-7.5001245
15552,204.0,-213.43352169958337,-5.2860115
15561,204.0,-314.1592653589793,-7.5001245
15571,204.0,-207.90588942559214,-5.1247185
15582,204.0,-314.1592653589793,-7.5001245
15592,204.0,-202.9924385153777,-4.992751500000001
15602,204.0,-314.1592653589793,-7.5001245
15612,204.0,-201.76407578782408,-4.919436500000001
15623,204.0,-314.1592653589793,-7.5001245
15632,204.0,-198.07898760516326,-4.846121500000001
15642,204.0,-314.1592653589793,-7.5001245
15652,204.0,-196.85062487760962,-4.7434805
15663,204.0,-314.1592653589793,-7.5001245
15673,204.0,-196.23644351383285,-4.7141545
15683,204.0,-314.1592653589793,-7.5001245
15693,204.0,-195.62226215005603,-4.6848285
15704,204.0,-314.1592653589793,-7.5001245
15713,204.0,-196.85062487760962,-4.6701655
15723,204.0,-314.1592653589793,-7.5001245
15733,204.0,-199.92153169649367,-4.6555025
15744,204.0,-314.1592653589793,-7.5001245
15754,204.0,-202.37825715160088,-4.6848285
15764,204.0,-314.1592653589793,-7.5001245
15774,204.0,-202.9924385153777,-4.6701655
15784,204.0,-314.1592653589793,-7.5001245
15794,204.0,-204.8349826067081,-4.7141545
15804,204.0,-314.1592653589793,-7.5001245
15814,204.0,-207.29170806181534,-4.699491500000001
15824,204.0,-314.1592653589793,-7.5001245
15835,204.0,-209.13425215314575,-4.7434805
15845,204.0,-314.1592653589793,-7.5001245
15855,204.0,-209.13425215314575,-4.7581435
15864,204.0,-314.1592653589793,-7.5001245
15875,204.0,-211.59097760825296,-4.7874695
15885,204.0,-314.1592653589793,-7.5001245
15895,204.0,-212.20515897202975,-4.7874695
15905,204.0,-314.1592653589793,-7.5001245
15916,204.0,-212.8193403358066,-4.8167955000000005
15926,204.0,-312.9309026314257,-7.5001245
15935,204.0,-214.0477030633602,-4.846121500000001
15945,204.0,-312.9309026314257,-7.5001245
15955,204.0,-215.27606579091378,-4.8607845
15966,204.0,-312.3167212676489,-7.5001245
15976,204.0,-215.89024715469057,-4.8901105000000005
15986,204.0,-310.4741771763185,-7.5001245
15996,204.0,-215.89024715469057,-4.9047735
16006,204.0,-309.85999581254174,-7.5001245
16016,204.0,-217.73279124602098,-4.9487625
16026,204.0,-309.24581444876486,-7.5001245
16036,204.0,-218.3469726097978,-4.9780885
16047,204.0,-308.6316330849881,-7.4854615
16057,204.0,-220.18951670112818,-5.0220775
16067,204.0,-306.7890889936577,-7.441472500000001
16077,204.0,-220.803698064905,-5.0514035
16087,204.0,-304.9465449023273,-7.4121465
16097,204.0,-223.26042352001227,-5.1100555000000005
16107,204.0,-304.9465449023273,-7.397483500000001
16117,204.0,-225.71714897511944,-5.1540445
16128,204.0,-304.33236353855045,-7.3534945
16138,204.0,-225.71714897511944,-5.1687075
16148,204.0,-303.1040008109968,-7.3388315
16158,204.0,-225.71714897511944,-5.1980335
16167,204.0,-302.48981944722004,-7.3095055
16178,204.0,-228.7880557940035,-5.2420225
16188,204.0,-301.87563808344316,-7.2801795
16198,204.0,-229.4022371577803,-5.256685500000001
16208,204.0,-300.0330939921128,-7.250853500000001
16219,204.0,-231.24478124911067,-5.3153375
16229,204.0,-298.8047312645592,-7.2068645
16238,204.0,-238.00077625065552,-5.3886525
16248,204.0,-294.5054617181216,-7.177538500000001
16259,204.0,-250.89858488996842,-5.623260500000001
16269,204.0,-283.45019717013906,-6.9722565
16279,204.0,-268.7098444394958,-6.033824500000001
16289,204.0,-271.7807512583798,-6.7083225
16300,204.0,-274.85165807726383,-6.253769500000001
16310,204.0,-255.81203580018285,-6.4297255
16319,204.0,-286.52110398902306,-6.591018500000001
16329,204.0,-256.4262171639597,-6.4150625
16339,204.0,-293.277098990568,-6.7229855
16350,204.0,-243.5284085246468,-6.180454500000001
16360,204.0,-304.33236353855045,-7.0455715
16370,204.0,-238.61495761443237,-6.0778135
16380,204.0,-305.56072626610404,-7.177538500000001
16390,204.0,-234.92986943177152,-5.960509500000001
16400,204.0,-312.3167212676489,-7.3388315
16410,204.0,-233.08732534044108,-5.8871945000000006
16420,204.0,-314.1592653589793,-7.441472500000001
16431,204.0,-226.9455117026731,-5.7112385
16441,204.0,-314.1592653589793,-7.5001245
16450,204.0,-221.41787942868186,-5.623260500000001
16460,204.0,-314.1592653589793,-7.5001245
16471,204.0,-218.3469726097978,-5.4619675
16481,204.0,-314.1592653589793,-7.5001245
16491,204.0,-215.27606579091378,-5.3446635
16501,204.0,-314.1592653589793,-7.5001245
16512,204.0,-211.59097760825296,-5.2420225
16521,204.0,-314.1592653589793,-7.5001245
16531,204.0,-207.90588942559214,-5.1393815
16541,204.0,-314.1592653589793,-7.5001245
16551,204.0,-204.2208012429313,-5.0367405000000005
16562,204.0,-314.1592653589793,-7.5001245
16572,204.0,-201.14989442404726,-4.919436500000001
16582,204.0,-314.1592653589793,-7.5001245
16591,204.0,-199.30735033271685,-4.8607845
16602,204.0,-314.1592653589793,-7.5001245
16612,204.0,-197.46480624138644,-4.7581435
16622,204.0,-314.1592653589793,-7.5001245
16632,204.0,-197.46480624138644,-4.7141545
16643,204.0,-314.1592653589793,-7.5001245
16653,204.0,-196.23644351383285,-4.699491500000001
16662,204.0,-314.1592653589793,-7.5001245
16672,204.0,-197.46480624138644,-4.6701655
16683,204.0,-314.1592653589793,-7.5001245
16693,204.0,-198.07898760516326,-4.6555025
16703,204.0,-314.1592653589793,-7.5001245
16713,204.0,-199.92153169649367,-4.6701655
16723,204.0,-314.1592653589793,-7.5001245
16734,204.0,-201.14989442404726,-4.6701655
16743,204.0,-314.1592653589793,-7.5001245
16753,204.0,-203.6066198791545,-4.6848285
16763,204.0,-314.1592653589793,-7.5001245
16774,204.0,-204.8349826067081,-4.6848285
16784,204.0,-314.1592653589793,-7.5001245
16793,204.0,-204.8349826067081,-4.7141545
16803,204.0,-314.1592653589793,-7.5001245
16814,204.0,-206.67752669803852,-4.7141545
16824,204.0,-314.1592653589793,-7.5001245
16834,204.0,-209.13425215314575,-4.7288175
16844,204.0,-314.1592653589793,-7.5001245
16855,204.0,-209.74843351692252,-4.7434805
16864,204.0,-314.1592653589793,-7.5001245
16874,204.0,-211.59097760825296,-4.7874695
16884,204.0,-314.1592653589793,-7.5001245
16894,204.0,-212.20515897202975,-4.8021325
16905,204.0,-314.1592653589793,-7.5001245
16915,204.0,-212.20515897202975,-4.8021325
16925,204.0,-312.9309026314257,-7.5001245
16935,204.0,-214.0477030633602,-4.8607845
16945,204.0,-312.3167212676489,-7.5001245
16955,204.0,-214.66188442713695,-4.8754475
16965,204.0,-312.9309026314257,-7.5001245
16975,204.0,-216.50442851846742,-4.9047735
16986,204.0,-309.85999581254174,-7.5001245
16996,204.0,-215.89024715469057,-4.9340995
17005,204.0,-309.24581444876486,-7.5001245
17015,204.0,-217.73279124602098,-4.9487625
17026,204.0,-309.85999581254174,-7.5001245
17036,204.0,-218.3469726097978,-4.9780885
17046,204.0,-309.24581444876486,-7.4854615
17056,204.0,-220.18951670112818,-5.0074145
17067,204.0,-306.7890889936577,-7.441472500000001
17077,204.0,-220.18951670112818,-5.0367405000000005
17086,204.0,-305.56072626610404,-7.4121465
17096,204.0,-222.03206079245862,-5.0953925
17106,204.0,-305.56072626610404,-7.397483500000001
17117,204.0,-224.48878624756586,-5.1100555000000005
17127,204.0,-304.9465449023273,-7.368157500000001
17137,204.0,-225.10296761134265,-5.1540445
17146,204.0,-303.71818217477363,-7.3534945
17157,204.0,-225.71714897511944,-5.1833705000000005
17167,204.0,-301.87563808344316,-7.3095055
17177,204.0,-228.1738744302267,-5.2420225
17187,204.0,-301.87563808344316,-7.294842500000001
17198,204.0,-231.85896261288752,-5.2860115
17208,204.0,-301.26145671966646,-7.250853500000001
17218,204.0,-230.01641852155709,-5.3006745
17228,204.0,-298.8047312645592,-7.2215275000000005
17238,204.0,-236.77241352310196,-5.403315500000001
17248,204.0,-295.1196430818984,-7.177538500000001
17258,204.0,-250.28440352619165,-5.623260500000001
17268,204.0,-282.2218344425855,-6.9722565
17278,204.0,-263.7963935292814,-5.9751725
17289,204.0,-273.6232953497102,-6.7669745
17299,204.0,-270.5523885308262,-6.1657915
17310,204.0,-215.89024715469057,-5.3739895
17320,204.0,-314.1592653589793,-7.5001245
17331,204.0,-212.20515897202975,-5.2420225
17341,204.0,-314.1592653589793,-7.5001245
17351,204.0,-207.90588942559214,-5.1247185
17361,204.0,-314.1592653589793,-7.5001245
17371,204.0,-204.8349826067081,-5.0367405000000005
17381,204.0,-314.1592653589793,-7.5001245
17391,204.0,-200.53571306027044,-4.8754475
17401,204.0,-314.1592653589793,-7.5001245
17412,204.0,-198.69316896894003,-4.8167955000000005
17422,204.0,-314.1592653589793,-7.5001245
17432,204.0,-197.46480624138644,-4.7434805
17441,204.0,-314.1592653589793,-7.5001245
17452,204.0,-196.85062487760962,-4.7141545
17462,204.0,-314.1592653589793,-7.5001245
17472,204.0,-196.85062487760962,-4.6848285
17482,204.0,-314.1592653589793,-7.5001245
17492,204.0,-197.46480624138644,-4.6555025
17503,204.0,-314.1592653589793,-7.5001245
17512,204.0,-198.07898760516326,-4.6555025
17522,204.0,-314.1592653589793,-7.5001245
17532,204.0,-200.53571306027044,-4.6701655
17543,204.0,-314.1592653589793,-7.5001245
17553,204.0,-202.37825715160088,-4.6701655
17563,204.0,-314.1592653589793,-7.5001245
17573,204.0,-202.9924385153777,-4.6848285
17583,204.0,-314.1592653589793,-7.5001245
17593,204.0,-205.4491639704849,-4.699491500000001
17603,204.0,-314.1592653589793,-7.5001245
17613,204.0,-207.29170806181534,-4.7288175
17624,204.0,-314.1592653589793,-7.5001245
17634,204.0,-207.90588942559214,-4.7288175
17644,204.0,-314.1592653589793,-7.5001245
17653,204.0,-209.13425215314575,-4.7581435
17664,204.0,-314.1592653589793,-7.5001245
17674,204.0,-210.36261488069934,-4.7874695
17684,204.0,-314.1592653589793,-7.5001245
17694,204.0,-211.59097760825296,-4.7874695
17704,204.0,-312.9309026314257,-7.5001245
17715,204.0,-212.20515897202975,-4.8167955000000005
17724,204.0,-312.9309026314257,-7.5001245
17734,204.0,-213.43352169958337,-4.846121500000001
17744,204.0,-312.9309026314257,-7.5001245
17755,204.0,-214.66188442713695,-4.846121500000001
17765,204.0,-311.70253990387204,-7.5001245
17775,204.0,-214.66188442713695,-4.8754475
17785,204.0,-310.4741771763185,-7.5001245
17795,204.0,-215.89024715469057,-4.919436500000001
17805,204.0,-309.24581444876486,-7.5001245
17815,204.0,-217.1186098822442,-4.9487625
17825,204.0,-309.85999581254174,-7.5001245
17836,204.0,-218.3469726097978,-4.9634255000000005
17846,204.0,-308.0174517212113,-7.470798500000001
17856,204.0,-218.3469726097978,-4.992751500000001
17865,204.0,-308.0174517212113,-7.4854615
17875,204.0,-220.18951670112818,-5.0074145
17886,204.0,-307.40327035743445,-7.441472500000001
17896,204.0,-222.03206079245862,-5.0660665
17906,204.0,-306.17490762988086,-7.4121465
17916,204.0,-222.64624215623542,-5.0953925
17927,204.0,-304.33236353855045,-7.3828205
17936,204.0,-224.48878624756586,-5.1247185
17946,204.0,-304.9465449023273,-7.3534945
17956,204.0,-225.71714897511944,-5.1540445
17967,204.0,-303.71818217477363,-7.3388315
17977,204.0,-227.55969306644985,-5.1980335
17987,204.0,-302.48981944722004,-7.3095055
17997,204.0,-227.55969306644985,-5.2420225
18007,204.0,-300.64727535588963,-7.2801795
18017,204.0,-229.4022371577803,-5.2713485
18027,204.0,-300.64727535588963,-7.2801795
18037,204.0,-230.6305998853339,-5.3006745
18048,204.0,-299.418912628336,-7.2215275000000005
18058,204.0,-232.4731439766643,-5.3446635
18068,204.0,-298.1905499007824,-7.2068645
18077,204.0,-241.07168306953957,-5.4473045
18087,204.0,-293.89128035434476,-7.1482125000000005
18098,204.0,-247.82767807108442,-5.5939345000000005
18108,204.0,-286.52110398902306,-7.030908500000001
18118,204.0,-258.2687612552901,-5.8285425
18128,204.0,-278.53674625992466,-6.8549525000000004
18138,204.0,-266.25311898438855,-6.033824500000001
18148,204.0,-274.23747671348707,-6.7669745
18158,204.0,-278.53674625992466,-6.2977585000000005
18168,204.0,-263.18221216550455,-6.5323665
18179,204.0,-284.0643785339159,-6.473714500000001
18189,204.0,-254.5836730726293,-6.3857365
18199,204.0,-296.34800580945193,-6.8256265
18208,204.0,-244.75677125220042,-6.1951175
18219,204.0,-304.9465449023273,-7.0602345
18229,204.0,-237.38659488687875,-5.9898355
18239,204.0,-311.0883585400953,-7.294842500000001
18249,204.0,-233.08732534044108,-5.8871945000000006
18259,204.0,-314.1592653589793,-7.5001245
18270,204.0,-225.10296761134265,-5.6672495000000005
18280,204.0,-314.1592653589793,-7.5001245
18289,204.0,-218.96115397357462,-5.5059565
18299,204.0,-314.1592653589793,-7.5001245
18310,204.0,-215.27606579091378,-5.3593265
18320,204.0,-314.1592653589793,-7.5001245
18330,204.0,-215.89024715469057,-5.3153375
18340,204.0,-314.1592653589793,-7.5001245
18351,204.0,-206.67752669803852,-5.1393815
18361,204.0,-314.1592653589793,-7.5001245
18370,204.0,-204.8349826067081,-5.0660665
18380,204.0,-314.1592653589793,-7.5001245
18391,204.0,-201.76407578782408,-4.9487625
18401,204.0,-314.1592653589793,-7.5001245
18411,204.0,-199.30735033271685,-4.8754475
18421,204.0,-314.1592653589793,-7.5001245
18432,204.0,-197.46480624138644,-4.772806500000001
18441,204.0,-314.1592653589793,-7.5001245
18451,204.0,-196.85062487760962,-4.7288175
18461,204.0,-314.1592653589793,-7.5001245
18471,204.0,-198.07898760516326,-4.7288175
18482,204.0,-314.1592653589793,-7.5001245
18492,204.0,-196.23644351383285,-4.6701655
18502,204.0,-314.1592653589793,-7.5001245
18511,204.0,-197.46480624138644,-4.6701655
18522,204.0,-314.1592653589793,-7.5001245
18532,204.0,-199.30735033271685,-4.6848285
18542,204.0,-314.1592653589793,-7.5001245
18552,204.0,-200.53571306027044,-4.6701655
18563,204.0,-314.1592653589793,-7.5001245
18573,204.0,-202.37825715160088,-4.6848285
18582,204.0,-314.1592653589793,-7.5001245
18592,204.0,-204.2208012429313,-4.6848285
18603,204.0,-314.1592653589793,-7.5001245
18613,204.0,-206.0633453342617,-4.699491500000001
18623,204.0,-314.1592653589793,-7.5001245
18633,204.0,-206.0633453342617,-4.7141545
18642,204.0,-314.1592653589793,-7.5001245
18653,204.0,-207.90588942559214,-4.7434805
18663,204.0,-314.1592653589793,-7.5001245
18673,204.0,-210.36261488069934,-4.7581435
18683,204.0,-314.1592653589793,-7.5001245
18694,204.0,-211.59097760825296,-4.7874695
18704,204.0,-313.54508399520256,-7.5001245
18713,204.0,-212.20515897202975,-4.8021325
18723,204.0,-313.54508399520256,-7.5001245
18734,204.0,-213.43352169958337,-4.8314585
18744,204.0,-312.9309026314257,-7.5001245
18754,204.0,-214.66188442713695,-4.8607845
18764,204.0,-312.3167212676489,-7.5001245
18775,204.0,-214.0477030633602,-4.8607845
18785,204.0,-309.85999581254174,-7.5001245
18794,204.0,-216.50442851846742,-4.9340995
18804,204.0,-310.4741771763185,-7.5001245
18814,204.0,-216.50442851846742,-4.9340995
18825,204.0,-310.4741771763185,-7.5001245
18835,204.0,-217.1186098822442,-4.9340995
18845,204.0,-309.24581444876486,-7.5001245
18854,204.0,-217.73279124602098,-4.9634255000000005
18865,204.0,-308.6316330849881,-7.4854615
18875,204.0,-219.57533533735142,-4.992751500000001
18885,204.0,-309.85999581254174,-7.470798500000001
18895,204.0,-220.18951670112818,-5.0074145
18906,204.0,-306.7890889936577,-7.4268095
18916,204.0,-220.803698064905,-5.0367405000000005
18925,204.0,-306.17490762988086,-7.4268095
18935,204.0,-222.64624215623542,-5.0953925
18946,204.0,-306.17490762988086,-7.397483500000001
18956,204.0,-224.48878624756586,-5.1247185
18966,204.0,-304.33236353855045,-7.3534945
18976,204.0,-225.10296761134265,-5.1540445
18987,204.0,-303.71818217477363,-7.3534945
18996,204.0,-227.55969306644985,-5.2126965
19006,204.0,-302.48981944722004,-7.3095055
19016,204.0,-228.1738744302267,-5.2273595
19026,204.0,-302.48981944722004,-7.294842500000001
19037,204.0,-230.6305998853339,-5.256685500000001
19047,204.0,-300.0330939921128,-7.250853500000001
19057,204.0,-230.6305998853339,-5.3006745
19066,204.0,-298.8047312645592,-7.2361905
19077,204.0,-234.31568806799476,-5.3593265
19087,204.0,-297.5763685370056,-7.1922015
19097,204.0,-239.2291389782092,-5.4473045
19107,204.0,-292.6629176267911,-7.104223500000001
19118,204.0,-252.74112898129886,-5.696575500000001
19128,204.0,-280.9934717150319,-6.9282675000000005
19137,204.0,-267.4814817119422,-6.0631505
19147,204.0,-269.3240258032726,-6.6496705
19158,204.0,-279.7651089874783,-6.3710735000000005
19168,204.0,-258.2687612552901,-6.4443885000000005
19178,204.0,-293.277098990568,-6.7229855
19188,204.0,-244.1425898884236,-6.1657915
19198,204.0,-306.17490762988086,-7.1482125000000005
19209,204.0,-238.00077625065552,-6.0484875
19218,204.0,-307.40327035743445,-7.1922015
19228,204.0,-236.1582321593251,-5.9751725
19238,204.0,-311.70253990387204,-7.3388315
19249,204.0,-229.4022371577803,-5.7845535
19259,204.0,-314.1592653589793,-7.5001245
19269,204.0,-225.71714897511944,-5.696575500000001
19279,204.0,-314.1592653589793,-7.5001245
19290,204.0,-218.96115397357462,-5.476630500000001
19299,204.0,-314.1592653589793,-7.5001245
19309,204.0,-217.1186098822442,-5.3886525
19319,204.0,-314.1592653589793,-7.5001245
19330,204.0,-214.0477030633602,-5.3006745
19340,204.0,-314.1592653589793,-7.5001245
19350,204.0,-209.74843351692252,-5.1980335
19360,204.0,-314.1592653589793,-7.5001245
19369,204.0,-206.67752669803852,-5.1100555000000005
19380,204.0,-314.1592653589793,-7.5001245
19390,204.0,-203.6066198791545,-5.0220775
19400,204.0,-314.1592653589793,-7.5001245
19410,204.0,-199.30735033271685,-4.9047735
19421,204.0,-314.1592653589793,-7.5001245
19430,204.0,-198.07898760516326,-4.8314585
19440,204.0,-314.1592653589793,-7.5001245
19450,204.0,-196.85062487760962,-4.772806500000001
19461,204.0,-314.1592653589793,-7.5001245
19471,204.0,-197.46480624138644,-4.7288175
19481,204.0,-314.1592653589793,-7.5001245
19491,204.0,-196.23644351383285,-4.699491500000001
19501,204.0,-314.1592653589793,-7.5001245
19511,204.0,-196.23644351383285,-4.6701655
19521,204.0,-314.1592653589793,-7.5001245
19531,204.0,-197.46480624138644,-4.6701655
19542,204.0,-314.1592653589793,-7.5001245
19552,204.0,-198.07898760516326,-4.6408395
19562,204.0,-314.1592653589793,-7.5001245
19571,204.0,-201.14989442404726,-4.6701655
19581,204.0,-314.1592653589793,-7.5001245
19592,204.0,-202.9924385153777,-4.6848285
19602,204.0,-314.1592653589793,-7.5001245
19612,204.0,-204.2208012429313,-4.6701655
19622,204.0,-314.1592653589793,-7.5001245
19633,204.0,-205.4491639704849,-4.6848285
19642,204.0,-314.1592653589793,-7.5001245
19652,204.0,-206.67752669803852,-4.7141545
19662,204.0,-314.1592653589793,-7.5001245
19673,204.0,-208.52007078936893,-4.7434805
19683,204.0,-314.1592653589793,-7.5001245
19693,204.0,-209.74843351692252,-4.7581435
19702,204.0,-314.1592653589793,-7.5001245
19713,204.0,-211.59097760825296,-4.772806500000001
19723,204.0,-314.1592653589793,-7.5001245
19733,204.0,-212.20515897202975,-4.8021325
19743,204.0,-314.1592653589793,-7.5001245
19753,204.0,-212.20515897202975,-4.8167955000000005
19764,204.0,-312.9309026314257,-7.5001245
19774,204.0,-213.43352169958337,-4.846121500000001
19783,204.0,-311.0883585400953,-7.5001245
19793,204.0,-215.27606579091378,-4.8901105000000005
19804,204.0,-311.70253990387204,-7.5001245
19814,204.0,-216.50442851846742,-4.9047735
19824,204.0,-311.0883585400953,-7.5001245
19834,204.0,-217.1186098822442,-4.9340995
19844,204.0,-309.85999581254174,-7.5001245
19854,204.0,-217.73279124602098,-4.9487625
19864,204.0,-309.85999581254174,-7.5001245
19874,204.0,-218.3469726097978,-4.9780885
19885,204.0,-309.24581444876486,-7.4854615
19895,204.0,-218.3469726097978,-4.9780885
19905,204.0,-307.40327035743445,-7.4561355
19915,204.0,-220.803698064905,-5.0367405000000005
19924,204.0,-307.40327035743445,-7.441472500000001
19935,204.0,-221.41787942868186,-5.0514035
19945,204.0,-306.7890889936577,-7.441472500000001
19955,204.0,-225.10296761134265,-5.1100555000000005
19965,204.0,-304.33236353855045,-7.368157500000001
19976,204.0,-224.48878624756586,-5.1393815
19986,204.0,-303.71818217477363,-7.3388315
19995,204.0,-226.9455117026731,-5.1980335
20005,204.0,-303.1040008109968,-7.324168500000001
20016,204.0,-227.55969306644985,-5.2273595
20026,204.0,-301.87563808344316,-7.294842500000001
20036,204.0,-230.01641852155709,-5.2713485
20046,204.0,-300.64727535588963,-7.2655165
20057,204.0,-230.01641852155709,-5.3153375
20067,204.0,-298.8047312645592,-7.2215275000000005
20076,204.0,-233.70150670421793,-5.3593265
20086,204.0,-298.1905499007824,-7.2068645
20097,204.0,-240.45750170576275,-5.4473045
20107,204.0,-292.04873626301435,-7.1188865
20117,204.0,-253.9694917088525,-5.7259015
20127,204.0,-282.2218344425855,-6.9429305
20136,204.0,-262.56803080172773,-5.9458465
20147,204.0,-275.46583944104066,-6.7963005
20157,204.0,-269.93820716704937,-6.1364655
20167,204.0,-269.3240258032726,-6.664333500000001
20177,204.0,-282.2218344425855,-6.4297255
20188,204.0,-255.81203580018285,-6.4150625
20198,204.0,-300.64727535588963,-6.884278500000001
20208,204.0,-244.1425898884236,-6.180454500000001
20217,204.0,-302.48981944722004,-7.0162455
20228,204.0,-238.61495761443237,-6.0191615
20238,204.0,-308.6316330849881,-7.2361905
20248,204.0,-233.70150670421793,-5.9165205
20258,204.0,-314.1592653589793,-7.4268095
20269,204.0,-229.4022371577803,-5.8138795000000005
20279,204.0,-314.1592653589793,-7.5001245
20288,204.0,-223.87460488378903,-5.6085975
20298,204.0,-314.1592653589793,-7.5001245
20308,204.0,-220.803698064905,-5.5206195000000005
20319,204.0,-314.1592653589793,-7.5001245
20329,204.0,-217.73279124602098,-5.3886525
20339,204.0,-314.1592653589793,-7.5001245
20349,204.0,-210.9767962444761,-5.2126965
20360,204.0,-314.1592653589793,-7.5001245
20369,204.0,-206.0633453342617,-5.1100555000000005
20379,204.0,-314.1592653589793,-7.5001245
20389,204.0,-204.2208012429313,-5.0367405000000005
20400,204.0,-314.1592653589793,-7.5001245
20410,204.0,-201.76407578782408,-4.9340995
20420,204.0,-314.1592653589793,-7.5001245
20430,204.0,-197.46480624138644,-4.8021325
20440,204.0,-314.1592653589793,-7.5001245
20450,204.0,-196.85062487760962,-4.7581435
20460,204.0,-314.1592653589793,-7.5001245
20470,204.0,-197.46480624138644,-4.7141545
20481,204.0,-314.1592653589793,-7.5001245
20491,204.0,-196.23644351383285,-4.6848285
20501,204.0,-314.1592653589793,-7.5001245
20510,204.0,-196.85062487760962,-4.6555025
20520,204.0,-314.1592653589793,-7.5001245
20531,204.0,-197.46480624138644,-4.6701655
20541,204.0,-314.1592653589793,-7.5001245
20551,204.0,-200.53571306027044,-4.6701655
20561,204.0,-314.1592653589793,-7.5001245
20572,204.0,-200.53571306027044,-4.6701655
20581,204.0,-314.1592653589793,-7.5001245
20591,204.0,-202.9924385153777,-4.6848285
20601,204.0,-314.1592653589793,-7.5001245
20612,204.0,-205.4491639704849,-4.7141545
20622,204.0,-314.1592653589793,-7.5001245
20632,204.0,-205.4491639704849,-4.7141545
20642,204.0,-314.1592653589793,-7.5001245
20652,204.0,-207.90588942559214,-4.7434805
20662,204.0,-314.1592653589793,-7.5001245
20672,204.0,-209.13425215314575,-4.7434805
20682,204.0,-314.1592653589793,-7.5001245
20692,204.0,-210.36261488069934,-4.7581435
20703,204.0,-314.1592653589793,-7.5001245
20712,204.0,-210.9767962444761,-4.7874695
20722,204.0,-314.1592653589793,-7.5001245
20732,204.0,-212.8193403358066,-4.8167955000000005
20743,204.0,-312.9309026314257,-7.5001245
20753,204.0,-213.43352169958337,-4.8314585
20763,204.0,-312.9309026314257,-7.5001245
20773,204.0,-214.0477030633602,-4.846121500000001
20784,204.0,-311.70253990387204,-7.5001245
20793,204.0,-214.66188442713695,-4.8754475
20803,204.0,-311.70253990387204,-7.5001245
20813,204.0,-215.89024715469057,-4.9047735
20824,204.0,-311.0883585400953,-7.5001245
20834,204.0,-215.89024715469057,-4.9047735
20844,204.0,-310.4741771763185,-7.5001245
20853,204.0,-217.73279124602098,-4.9340995
20864,204.0,-308.6316330849881,-7.4854615
20874,204.0,-218.3469726097978,-4.9780885
20884,204.0,-309.24581444876486,-7.4854615
20894,204.0,-219.57533533735142,-4.9780885
20904,204.0,-308.6316330849881,-7.470798500000001
20915,204.0,-219.57533533735142,-5.0074145
20924,204.0,-307.40327035743445,-7.4561355
20934,204.0,-222.03206079245862,-5.0660665
20944,204.0,-305.56072626610404,-7.4268095
20955,204.0,-223.26042352001227,-5.0953925
20965,204.0,-305.56072626610404,-7.368157500000001
20975,204.0,-223.87460488378903,-5.1247185
20985,204.0,-303.71818217477363,-7.3534945
20995,204.0,-224.48878624756586,-5.1687075
21005,204.0,-303.71818217477363,-7.3388315
21015,204.0,-226.9455117026731,-5.1833705000000005
21025,204.0,-303.1040008109968,-7.3095055
21036,204.0,-227.55969306644985,-5.2126965
21046,204.0,-301.26145671966646,-7.2801795
21056,204.0,-228.1738744302267,-5.2420225
21065,204.0,-300.0330939921128,-7.2655165
21075,204.0,-230.6305998853339,-5.3006745
21086,204.0,-299.418912628336,-7.2215275000000005
21096,204.0,-233.70150670421793,-5.3593265
21106,204.0,-297.5763685370056,-7.2068645
21116,204.0,-244.1425898884236,-5.476630500000001
21127,204.0,-290.8203735354607,-7.0748975000000005
21136,204.0,-250.89858488996842,-5.6672495000000005
21146,204.0,-286.52110398902306,-7.030908500000001
21156,204.0,-261.9538494379509,-5.8871945000000006
21167,204.0,-270.5523885308262,-6.7083225
21177,204.0,-275.46583944104066,-6.2684325
21187,204.0,-265.6389376206117,-6.591018500000001
21197,204.0,-282.2218344425855,-6.4443885000000005
21207,204.0,-258.8829426190669,-6.473714500000001
21217,204.0,-294.5054617181216,-6.7229855
21227,204.0,-247.82767807108442,-6.2391065
21237,204.0,-302.48981944722004,-6.9869195
21248,204.0,-241.07168306953957,-6.0924765
21258,204.0,-306.17490762988086,-7.1335495
21268,204.0,-236.77241352310196,-5.9751725
21277,204.0,-311.0883585400953,-7.294842500000001
21287,204.0,-231.24478124911067,-5.8285425
21298,204.0,-314.1592653589793,-7.470798500000001
21308,204.0,-229.4022371577803,-5.7552275
21318,204.0,-314.1592653589793,-7.5001245
21328,204.0,-225.10296761134265,-5.6379235
21339,204.0,-314.1592653589793,-7.5001245
21348,204.0,-220.18951670112818,-5.4912935
21358,204.0,-314.1592653589793,-7.5001245
21368,204.0,-217.73279124602098,-5.3886525
21379,204.0,-314.1592653589793,-7.5001245
21389,204.0,-214.0477030633602,-5.2860115
21399,204.0,-314.1592653589793,-7.5001245
21409,204.0,-209.13425215314575,-5.1833705000000005
21419,204.0,-314.1592653589793,-7.5001245
21429,204.0,-206.0633453342617,-5.0660665
21439,204.0,-314.1592653589793,-7.5001245
21449,204.0,-202.9924385153777,-4.9487625
21459,204.0,-314.1592653589793,-7.5001245
21470,204.0,-200.53571306027044,-4.8901105000000005
21480,204.0,-314.1592653589793,-7.5001245
21490,204.0,-197.46480624138644,-4.7874695
21499,204.0,-314.1592653589793,-7.5001245
21510,204.0,-198.07898760516326,-4.772806500000001
21520,204.0,-314.1592653589793,-7.5001245
21530,204.0,-198.69316896894003,-4.7288175
21540,204.0,-314.1592653589793,-7.5001245
21551,204.0,-199.30735033271685,-4.7141545
21561,204.0,-314.1592653589793,-7.5001245
21570,204.0,-200.53571306027044,-4.7288175
21580,204.0,-314.1592653589793,-7.5001245
21591,204.0,-204.8349826067081,-4.7288175
21601,204.0,-314.1592653589793,-7.5001245
21611,204.0,-205.4491639704849,-4.7141545
21621,204.0,-314.1592653589793,-7.5001245
21630,204.0,-205.4491639704849,-4.7434805
21641,204.0,-314.1592653589793,-7.5001245
21651,204.0,-206.67752669803852,-4.7434805
21661,204.0,-314.1592653589793,-7.5001245
