time,angle,velocity,current
302,71.98400000000001,-1.5354534094420114,0.0
535,72.28,-1.5354534094420114,0.0
545,72.576,-3.9921788645492295,-0.005865
555,72.87200000000001,-7.677267047210057,-0.005865
565,72.576,-7.677267047210057,-0.005865
575,72.28,-6.448904319656448,0.0
585,72.576,-7.063085683433252,0.0
595,72.576,-6.448904319656448,-0.005865
606,72.576,-5.834722955879643,0.0
616,72.87200000000001,-5.220541592102839,-0.005865
626,72.576,-5.220541592102839,-0.005865
635,72.576,-4.606360228326034,0.0
646,72.28,-3.9921788645492295,0.0
656,72.576,-3.9921788645492295,0.0
666,72.87200000000001,-3.377997500772425,0.0
676,72.576,-3.377997500772425,-0.005865
687,72.576,-3.377997500772425,-0.005865
696,72.576,-3.377997500772425,0.0
706,71.98400000000001,-2.7638161369956205,0.0
716,72.28,-2.7638161369956205,0.0
727,72.28,-2.7638161369956205,-0.005865
737,72.28,-2.7638161369956205,0.0
747,72.28,-2.7638161369956205,-0.005865
757,72.28,-2.7638161369956205,0.0
766,72.28,-2.7638161369956205,-0.005865
777,72.28,-2.7638161369956205,-0.005865
787,72.28,-2.7638161369956205,0.0
797,72.28,-2.7638161369956205,-0.005865
807,72.28,-2.149634773218816,0.0
818,72.28,-2.149634773218816,0.0
828,72.28,-2.149634773218816,0.0
837,72.28,-2.149634773218816,-0.005865
847,72.28,-2.149634773218816,0.0
858,72.576,-2.149634773218816,-0.005865
868,72.576,-2.149634773218816,-0.005865
878,72.28,-2.149634773218816,0.0
888,72.576,-2.149634773218816,-0.005865
899,72.576,-2.149634773218816,-0.005865
909,72.576,-2.149634773218816,0.0
918,72.576,-2.149634773218816,-0.005865
928,72.576,-2.149634773218816,0.0
939,72.576,-2.149634773218816,-0.005865
949,72.576,-2.149634773218816,-0.005865
959,72.576,-2.149634773218816,-0.005865
969,72.576,-2.149634773218816,-0.005865
978,72.576,-2.149634773218816,-0.005865
989,72.576,-2.149634773218816,0.0
999,72.576,-2.149634773218816,0.0
1009,72.576,-2.149634773218816,-0.005865
1019,72.576,-2.149634773218816,0.0
1030,72.576,-2.149634773218816,-0.005865
1040,72.576,-2.149634773218816,-0.005865
1049,72.576,-2.149634773218816,0.0
1059,72.576,-2.149634773218816,0.0
1070,72.576,-2.149634773218816,-0.005865
1080,72.576,-2.149634773218816,0.0
1090,72.576,-2.149634773218816,0.0
1100,72.576,-1.5354534094420114,-0.005865
1110,72.576,-1.5354534094420114,-0.005865
1120,72.87200000000001,-1.5354534094420114,-0.005865
1130,72.576,-1.5354534094420114,0.0
1140,72.28,-2.149634773218816,-0.005865
1150,72.576,-1.5354534094420114,0.0
1161,72.28,-1.5354534094420114,0.0
1171,72.576,-1.5354534094420114,-0.005865
1180,72.576,-2.149634773218816,0.0
1190,72.576,-2.149634773218816,-0.005865
1201,72.576,-1.5354534094420114,-0.005865
1211,72.576,-1.5354534094420114,0.0
1221,72.576,-1.5354534094420114,-0.005865
1231,72.576,-2.149634773218816,-0.005865
1242,72.576,-1.5354534094420114,-0.005865
1252,72.576,-1.5354534094420114,0.0
1261,72.576,-1.5354534094420114,0.0
1271,72.576,-1.5354534094420114,-0.005865
1282,72.576,-2.149634773218816,-0.005865
1292,72.576,-1.5354534094420114,-0.005865
1302,72.576,-2.149634773218816,0.0
1312,72.576,-2.149634773218816,-0.005865
1323,72.576,-1.5354534094420114,-0.005865
1332,72.576,-2.149634773218816,-0.005865
1342,72.576,-1.5354534094420114,-0.005865
1352,72.576,-1.5354534094420114,-0.005865
1362,72.576,-2.149634773218816,-0.005865
1373,72.576,-1.5354534094420114,-0.005865
1383,72.576,-2.149634773218816,-0.005865
1392,72.28,-2.149634773218816,-0.01173
1402,72.576,-2.149634773218816,-0.01173
1413,72.576,-2.149634773218816,-0.01173
1423,72.28,-1.5354534094420114,-0.01173
1433,72.576,-1.5354534094420114,-0.005865
1443,72.576,-1.5354534094420114,-0.005865
1454,72.576,-2.149634773218816,-0.005865
1463,72.576,-1.5354534094420114,-0.005865
1473,72.576,-2.149634773218816,-0.005865
1483,72.576,-2.149634773218816,-0.005865
1494,72.576,-0.9212720456652067,0.0
1504,72.576,-1.5354534094420114,0.005865
1514,72.28,-2.149634773218816,0.0
1523,72.87200000000001,-2.7638161369956205,-0.01173
1533,72.576,-2.149634773218816,-0.005865
1544,72.576,-2.149634773218816,0.0
1554,72.576,-2.149634773218816,-0.005865
1564,72.28,-2.149634773218816,-0.005865
1574,72.576,-1.5354534094420114,0.0
1585,72.576,-1.5354534094420114,-0.005865
1595,72.28,-1.5354534094420114,0.0
1604,72.576,-2.149634773218816,0.0
1614,72.576,-2.149634773218816,-0.005865
1625,72.576,-1.5354534094420114,-0.005865
1635,72.576,-2.149634773218816,-0.005865
1645,72.28,-1.5354534094420114,-0.005865
1655,72.28,-1.5354534094420114,-0.005865
1666,72.576,-2.149634773218816,-0.005865
1675,72.28,-1.5354534094420114,-0.005865
1685,72.576,-2.149634773218816,-0.01173
1695,72.28,-2.149634773218816,-0.01173
1705,72.28,-2.149634773218816,-0.01173
1716,72.576,-2.149634773218816,-0.01173
1726,72.28,-2.149634773218816,-0.017595
1736,72.28,-1.5354534094420114,-0.017595
1745,72.28,-2.149634773218816,-0.017595
1756,72.28,-1.5354534094420114,-0.01173
1766,72.28,-2.149634773218816,-0.01173
1776,72.576,-1.5354534094420114,-0.01173
1786,72.576,-1.5354534094420114,-0.017595
1797,72.28,-1.5354534094420114,-0.01173
1807,72.28,-2.149634773218816,-0.017595
1816,72.28,-1.5354534094420114,-0.01173
1826,72.28,-2.149634773218816,-0.017595
1837,72.576,-1.5354534094420114,-0.017595
1847,72.28,-1.5354534094420114,-0.017595
1857,72.28,-1.5354534094420114,-0.017595
1867,72.28,-1.5354534094420114,-0.01173
1876,72.28,-1.5354534094420114,-0.01173
1887,72.28,-2.149634773218816,-0.01173
1897,72.28,-2.149634773218816,-0.01173
1907,72.28,-1.5354534094420114,-0.01173
1917,72.28,-1.5354534094420114,-0.01173
1928,72.28,-2.149634773218816,-0.01173
1938,72.28,-1.5354534094420114,-0.017595
1947,72.28,-2.149634773218816,-0.01173
1957,72.28,-2.149634773218816,-0.01173
1968,72.28,-2.149634773218816,-0.01173
1978,72.576,-2.149634773218816,-0.01173
1988,72.28,-2.149634773218816,-0.01173
1998,72.28,-1.5354534094420114,-0.01173
2009,72.28,-2.149634773218816,-0.01173
2018,72.28,-1.5354534094420114,-0.01173
2028,72.576,-2.149634773218816,-0.01173
2038,72.28,-2.149634773218816,-0.01173
2049,72.28,-2.149634773218816,-0.01173
2059,72.28,-2.149634773218816,-0.017595
2069,72.28,-1.5354534094420114,-0.017595
2079,72.28,-2.149634773218816,-0.017595
2088,72.28,-2.149634773218816,-0.01173
2099,72.576,-2.149634773218816,-0.01173
2109,72.576,-1.5354534094420114,-0.005865
2119,72.28,-1.5354534094420114,-0.01173
2129,72.28,-2.149634773218816,-0.005865
2140,72.28,-2.149634773218816,-0.005865
2150,72.576,-1.5354534094420114,-0.01173
2159,72.576,-1.5354534094420114,-0.01173
2169,72.576,-1.5354534094420114,-0.01173
2180,72.28,-2.149634773218816,-0.01173
2190,72.28,-1.5354534094420114,-0.01173
2200,72.576,-1.5354534094420114,-0.01173
2210,72.28,-2.149634773218816,-0.01173
2221,72.28,-1.5354534094420114,-0.01173
2230,72.28,-2.149634773218816,-0.01173
2240,72.576,-1.5354534094420114,-0.01173
2250,72.28,-1.5354534094420114,-0.01173
2260,72.576,-2.149634773218816,-0.01173
2271,72.28,-1.5354534094420114,-0.01173
2281,72.576,-2.149634773218816,-0.01173
2291,72.576,-2.149634773218816,-0.01173
2300,72.28,-1.5354534094420114,-0.01173
2311,72.576,-1.5354534094420114,-0.01173
2321,72.28,-1.5354534094420114,-0.01173
2331,72.576,-2.149634773218816,-0.01173
2341,72.576,-2.149634773218816,-0.01173
2352,72.28,-1.5354534094420114,-0.01173
2361,72.28,-1.5354534094420114,-0.01173
2371,72.28,-2.149634773218816,-0.01173
2381,72.576,-1.5354534094420114,-0.01173
2392,72.28,-1.5354534094420114,-0.005865
2402,72.28,-2.149634773218816,-0.01173
2412,72.28,-1.5354534094420114,-0.01173
2422,72.576,-1.5354534094420114,-0.01173
2432,72.28,-2.149634773218816,-0.01173
2442,72.576,-1.5354534094420114,-0.01173
2452,72.28,-1.5354534094420114,-0.01173
2462,72.576,-2.149634773218816,-0.01173
2472,72.28,-2.149634773218816,-0.01173
2483,72.576,-1.5354534094420114,-0.01173
2492,72.576,-1.5354534094420114,-0.01173
2502,72.87200000000001,-2.149634773218816,-0.01173
2512,72.28,-1.5354534094420114,-0.005865
2523,72.576,-1.5354534094420114,-0.005865
2533,72.576,-1.5354534094420114,-0.005865
2543,72.576,-1.5354534094420114,-0.005865
2553,72.576,-1.5354534094420114,-0.005865
2564,72.576,-1.5354534094420114,-0.005865
2574,72.576,-2.149634773218816,-0.005865
2583,72.576,-2.149634773218816,-0.005865
2593,72.576,-1.5354534094420114,-0.005865
2604,72.576,-2.149634773218816,-0.005865
2614,72.576,-1.5354534094420114,-0.005865
2624,72.576,-2.149634773218816,0.0
2634,72.576,-2.149634773218816,0.0
2644,72.576,-2.149634773218816,-0.005865
2654,72.576,-2.149634773218816,0.0
2664,72.576,-2.149634773218816,0.0
2674,72.576,-2.149634773218816,-0.005865
2684,72.576,-2.149634773218816,0.0
2695,72.576,-1.5354534094420114,-0.005865
2705,72.576,-1.5354534094420114,-0.005865
2715,72.576,-1.5354534094420114,0.0
2724,72.576,-1.5354534094420114,-0.005865
2735,72.576,-1.5354534094420114,-0.005865
2745,72.28,-2.149634773218816,-0.005865
2755,72.576,-1.5354534094420114,-0.005865
2765,72.576,-1.5354534094420114,0.0
2776,72.28,-2.149634773218816,0.0
2785,72.87200000000001,-1.5354534094420114,0.0
2795,72.28,-1.5354534094420114,-0.005865
2805,72.28,-2.149634773218816,0.0
2816,72.576,-1.5354534094420114,-0.005865
2826,72.576,-2.149634773218816,-0.005865
2836,72.576,-2.149634773218816,0.0
2846,72.576,-1.5354534094420114,0.0
2856,72.576,-1.5354534094420114,0.0
2866,72.576,-1.5354534094420114,0.0
2876,72.576,-2.149634773218816,-0.005865
2886,72.576,-1.5354534094420114,0.0
2896,72.576,-1.5354534094420114,0.0
2907,72.576,-2.149634773218816,0.0
2917,72.576,-1.5354534094420114,-0.005865
2926,72.576,-1.5354534094420114,0.0
2936,72.28,-2.149634773218816,0.0
2947,72.28,-1.5354534094420114,0.0
2957,72.28,-2.149634773218816,0.0
2967,72.28,-2.149634773218816,0.0
2977,72.28,-2.149634773218816,0.0
2988,72.576,-2.149634773218816,0.0
2997,72.28,-1.5354534094420114,-0.005865
3007,72.28,-1.5354534094420114,0.0
3017,72.28,-2.149634773218816,-0.005865
3027,72.576,-2.149634773218816,-0.005865
3038,72.28,-1.5354534094420114,-0.005865
3048,72.28,-1.5354534094420114,-0.005865
3058,72.28,-2.149634773218816,-0.005865
3067,72.576,-1.5354534094420114,-0.01173
3078,72.576,-1.5354534094420114,-0.01173
3088,72.28,-2.149634773218816,-0.01173
3098,72.576,-1.5354534094420114,-0.005865
3108,72.576,-1.5354534094420114,-0.005865
3119,72.576,-1.5354534094420114,-0.005865
3129,72.576,-1.5354534094420114,-0.01173
3138,72.576,-1.5354534094420114,-0.005865
3148,72.576,-1.5354534094420114,-0.005865
3159,72.28,-1.5354534094420114,-0.01173
3169,72.576,-1.5354534094420114,-0.01173
3179,72.576,-1.5354534094420114,-0.01173
3189,72.576,-2.149634773218816,-0.01173
3198,72.576,-2.149634773218816,-0.005865
3209,72.28,-1.5354534094420114,-0.005865
3219,72.28,-2.149634773218816,-0.005865
3229,72.28,-1.5354534094420114,-0.01173
3239,72.28,-1.5354534094420114,-0.005865
3250,72.28,-1.5354534094420114,-0.005865
3260,72.576,-1.5354534094420114,-0.005865
3269,72.576,-1.5354534094420114,-0.005865
3279,72.576,-2.149634773218816,-0.01173
3290,72.28,-1.5354534094420114,-0.005865
3300,72.576,-1.5354534094420114,-0.01173
3310,72.28,-2.149634773218816,-0.01173
3320,72.28,-1.5354534094420114,-0.01173
3331,72.576,-2.149634773218816,-0.01173
3340,72.28,-2.149634773218816,-0.01173
3350,72.28,-1.5354534094420114,-0.01173
3360,72.28,-2.149634773218816,-0.01173
3371,72.28,-2.149634773218816,-0.005865
3381,72.28,-2.149634773218816,-0.01173
3391,72.576,-2.149634773218816,-0.01173
3401,72.28,-1.5354534094420114,-0.005865
3411,72.576,-2.149634773218816,-0.01173
3421,72.576,-2.149634773218816,-0.01173
3431,72.576,-1.5354534094420114,-0.005865
3441,72.576,-2.149634773218816,-0.005865
3451,72.28,-1.5354534094420114,0.0
3462,72.576,-1.5354534094420114,-0.005865
3472,72.576,-1.5354534094420114,0.0
3481,72.576,-2.149634773218816,0.0
3491,72.28,-2.149634773218816,0.005865
3502,72.576,-2.149634773218816,0.0
3512,72.576,-1.5354534094420114,0.005865
3522,72.576,-1.5354534094420114,0.005865
3532,72.576,-2.149634773218816,0.0
3543,72.576,-1.5354534094420114,0.0
3553,72.576,-2.149634773218816,0.0
3562,72.576,-1.5354534094420114,0.0
3572,72.576,-2.149634773218816,0.0
3582,72.28,-2.149634773218816,0.0
3593,72.576,-2.149634773218816,0.0
3603,72.576,-2.149634773218816,0.0
3613,72.576,-1.5354534094420114,0.0
3622,72.576,-1.5354534094420114,0.0
3633,72.576,-1.5354534094420114,0.005865
3643,72.576,-1.5354534094420114,0.005865
3653,72.576,-1.5354534094420114,0.005865
3663,72.28,-1.5354534094420114,0.0
3674,72.576,-1.5354534094420114,0.005865
3684,72.576,-2.149634773218816,0.0
3693,72.576,-2.149634773218816,0.0
3703,72.576,-2.149634773218816,0.0
3714,72.576,-2.149634773218816,0.0
3724,72.576,-2.149634773218816,0.0
3734,72.576,-1.5354534094420114,0.0
3744,72.576,-2.149634773218816,0.0
3755,72.576,-1.5354534094420114,0.0
3764,72.576,-1.5354534094420114,0.0
3774,72.576,-2.149634773218816,-0.005865
3784,72.576,-2.149634773218816,0.0
3794,72.576,-1.5354534094420114,0.0
3805,72.576,-2.149634773218816,0.0
3815,72.576,-1.5354534094420114,0.0
3825,72.576,-2.149634773218816,-0.005865
3834,72.576,-1.5354534094420114,0.0
3845,72.576,-2.149634773218816,-0.005865
3855,72.576,-2.149634773218816,0.0
3865,72.28,-2.149634773218816,0.0
3875,72.28,-2.149634773218816,-0.005865
3886,72.28,-2.149634773218816,-0.005865
3896,72.28,-1.5354534094420114,-0.005865
3906,72.28,-1.5354534094420114,-0.005865
3915,72.576,-1.5354534094420114,-0.01173
3926,72.28,-2.149634773218816,-0.01173
3936,72.28,-1.5354534094420114,-0.01173
3946,72.28,-1.5354534094420114,-0.01173
3956,72.28,-1.5354534094420114,-0.01173
3966,72.28,-1.5354534094420114,-0.01173
3977,72.28,-2.149634773218816,-0.01173
3986,72.576,-1.5354534094420114,-0.01173
3996,72.576,-1.5354534094420114,-0.01173
4006,72.28,-2.149634773218816,-0.017595
4017,72.28,-2.149634773218816,-0.017595
4027,72.576,-2.149634773218816,-0.01173
4037,72.28,-2.149634773218816,-0.017595
4047,72.28,-2.149634773218816,-0.017595
4057,72.28,-2.149634773218816,-0.017595
4067,72.28,-2.149634773218816,-0.017595
4077,72.28,-1.5354534094420114,-0.017595
4087,72.576,-2.149634773218816,-0.017595
4098,72.576,-1.5354534094420114,-0.01173
4108,72.28,-1.5354534094420114,-0.017595
4118,72.576,-1.5354534094420114,-0.017595
4127,72.28,-2.149634773218816,-0.017595
4137,72.576,-1.5354534094420114,-0.017595
4148,72.576,-2.149634773218816,-0.017595
4158,72.28,-1.5354534094420114,-0.01173
4168,72.28,-2.149634773218816,-0.01173
4178,72.576,-1.5354534094420114,-0.01173
4189,72.576,-1.5354534094420114,-0.01173
4198,72.576,-2.149634773218816,-0.01173
4208,72.28,-2.149634773218816,-0.01173
4218,72.28,-2.149634773218816,-0.01173
4229,72.28,-2.149634773218816,-0.005865
4239,72.576,-1.5354534094420114,-0.01173
4249,72.28,-2.149634773218816,-0.01173
4259,72.28,-2.149634773218816,-0.01173
4270,72.576,-1.5354534094420114,-0.01173
4279,72.28,-2.149634773218816,-0.01173
4289,72.576,-2.149634773218816,-0.017595
4299,72.28,-1.5354534094420114,-0.01173
4310,72.28,-2.149634773218816,-0.01173
4320,72.576,-2.149634773218816,-0.01173
4330,72.28,-1.5354534094420114,-0.017595
4339,72.576,-1.5354534094420114,-0.017595
4349,72.576,-2.149634773218816,-0.017595
4360,72.87200000000001,-2.149634773218816,-0.01173
4370,72.576,-2.149634773218816,-0.005865
4380,72.28,-2.149634773218816,-0.005865
4390,72.576,-2.149634773218816,0.0
4401,72.576,-2.149634773218816,0.0
4411,72.576,-2.149634773218816,0.0
4420,72.576,-2.149634773218816,-0.005865
4430,72.576,-1.5354534094420114,-0.005865
4441,72.28,-2.149634773218816,0.0
4451,72.576,-2.149634773218816,0.0
4461,72.28,-1.5354534094420114,0.0
4471,72.576,-1.5354534094420114,0.005865
4481,72.576,-2.149634773218816,0.0
4491,72.576,-2.149634773218816,0.005865
4501,72.576,-2.149634773218816,0.0
4511,72.576,-2.149634773218816,0.0
4521,72.576,-1.5354534094420114,0.0
4532,72.28,-2.149634773218816,0.0
4542,72.576,-1.5354534094420114,0.0
4551,72.28,-1.5354534094420114,0.005865
4561,72.576,-2.149634773218816,0.0
4572,72.576,-1.5354534094420114,0.0
4582,72.576,-2.149634773218816,0.0
4592,72.576,-2.149634773218816,0.0
4602,72.576,-2.149634773218816,0.0
4612,72.576,-1.5354534094420114,0.0
4622,72.576,-2.149634773218816,0.0
4632,72.576,-2.149634773218816,0.0
4642,72.576,-2.149634773218816,0.0
4653,72.576,-2.149634773218816,-0.005865
4663,72.576,-2.149634773218816,-0.005865
4673,72.28,-1.5354534094420114,0.0
4683,72.87200000000001,-2.149634773218816,0.0
4692,72.87200000000001,-2.149634773218816,-0.005865
4703,72.576,-2.149634773218816,0.005865
4713,72.576,-2.149634773218816,0.0
4723,72.576,-2.149634773218816,0.0
4733,72.28,-2.149634773218816,0.005865
4744,72.576,-2.149634773218816,0.0
4754,72.576,-2.149634773218816,0.0
4763,72.576,-2.149634773218816,0.0
4773,72.576,-2.149634773218816,0.0
4784,72.576,-1.5354534094420114,0.0
4794,72.576,-2.149634773218816,0.0
4804,72.576,-2.149634773218816,0.0
4814,72.576,-2.149634773218816,0.0
4825,72.576,-1.5354534094420114,0.0
4835,72.576,-1.5354534094420114,0.005865
4844,72.576,-2.149634773218816,0.0
4854,72.576,-2.149634773218816,0.005865
4865,72.576,-2.149634773218816,0.0
4875,72.576,-1.5354534094420114,0.0
4885,72.576,-1.5354534094420114,0.0
4895,72.576,-2.149634773218816,0.0
4904,72.576,-1.5354534094420114,0.0
4915,72.576,-2.149634773218816,0.0
4925,72.576,-1.5354534094420114,0.0
4935,72.28,-2.149634773218816,-0.005865
4945,72.576,-2.149634773218816,-0.005865
4956,72.576,-2.149634773218816,0.0
4966,72.576,-2.149634773218816,0.0
4975,71.98400000000001,-2.149634773218816,-0.005865
4985,72.576,-1.5354534094420114,0.0
4996,72.576,-1.5354534094420114,-0.005865
5006,72.28,-2.149634773218816,-0.01173
5016,72.576,-1.5354534094420114,-0.01173
5026,72.576,-1.5354534094420114,-0.01173
5037,72.28,-1.5354534094420114,-0.01173
5046,72.576,-1.5354534094420114,-0.017595
5056,72.28,-2.149634773218816,-0.017595
5066,72.28,-1.5354534094420114,-0.017595
5076,72.28,-1.5354534094420114,-0.017595
5087,72.576,-1.5354534094420114,-0.01173
5097,72.576,-1.5354534094420114,-0.01173
5107,72.28,-2.149634773218816,-0.01173
5116,72.576,-2.149634773218816,-0.01173
5127,72.576,-2.149634773218816,-0.01173
5137,72.28,-2.149634773218816,-0.01173
5147,72.576,-2.149634773218816,-0.01173
5157,72.576,-2.149634773218816,-0.01173
5168,72.576,-1.5354534094420114,-0.017595
5178,72.28,-1.5354534094420114,-0.017595
5187,72.576,-1.5354534094420114,-0.017595
5197,72.576,-2.149634773218816,-0.017595
5208,72.28,-1.5354534094420114,-0.017595
5218,72.28,-2.149634773218816,-0.017595
5228,72.576,-2.149634773218816,-0.017595
5238,72.28,-2.149634773218816,-0.01173
5249,72.28,-1.5354534094420114,-0.01173
5259,72.576,-1.5354534094420114,-0.017595
5268,72.28,-1.5354534094420114,-0.017595
5278,72.576,-2.149634773218816,-0.017595
5288,72.576,-1.5354534094420114,-0.017595
5299,72.28,-2.149634773218816,-0.017595
5309,72.28,-1.5354534094420114,-0.017595
5319,72.576,-1.5354534094420114,-0.01173
5329,72.28,-2.149634773218816,-0.017595
5339,72.28,-2.149634773218816,-0.017595
5349,72.28,-1.5354534094420114,-0.017595
5359,72.28,-1.5354534094420114,-0.01173
5369,72.28,-2.149634773218816,-0.017595
5380,72.28,-1.5354534094420114,-0.017595
5390,72.28,-1.5354534094420114,-0.017595
5400,72.28,-2.149634773218816,-0.017595
5409,72.28,-1.5354534094420114,-0.017595
5420,72.28,-1.5354534094420114,-0.017595
5430,72.28,-2.149634773218816,-0.017595
5440,72.28,-1.5354534094420114,-0.017595
5450,72.28,-2.149634773218816,-0.01173
5460,72.28,-1.5354534094420114,-0.017595
5471,72.576,-2.149634773218816,-0.017595
5480,72.576,-2.149634773218816,-0.017595
5490,72.28,-1.5354534094420114,-0.017595
5500,72.576,-2.149634773218816,-0.01173
5511,72.576,-1.5354534094420114,-0.017595
5521,72.28,-1.5354534094420114,-0.017595
5531,72.576,-1.5354534094420114,-0.017595
5540,72.28,-1.5354534094420114,-0.017595
5551,72.28,-1.5354534094420114,-0.017595
5561,72.28,-2.149634773218816,-0.017595
5571,72.28,-1.5354534094420114,-0.017595
5581,72.28,-1.5354534094420114,-0.01173
5592,72.28,-2.149634773218816,-0.017595
5602,72.28,-2.149634773218816,-0.017595
5611,72.576,-1.5354534094420114,-0.017595
5621,72.576,-1.5354534094420114,-0.017595
5632,72.87200000000001,-2.149634773218816,-0.017595
5642,72.576,-1.5354534094420114,-0.005865
5652,72.28,-2.149634773218816,0.0
5662,72.576,-2.149634773218816,-0.005865
5672,72.576,-1.5354534094420114,-0.005865
5683,72.28,-1.5354534094420114,-0.005865
5692,72.28,-1.5354534094420114,0.0
5702,72.576,-2.149634773218816,0.0
5712,72.576,-2.149634773218816,-0.005865
5723,72.576,-2.149634773218816,0.0
5733,72.576,-1.5354534094420114,-0.005865
5743,72.576,-2.149634773218816,-0.005865
5753,72.28,-2.149634773218816,0.0
5763,72.576,-1.5354534094420114,0.0
5773,72.576,-1.5354534094420114,0.0
5783,72.576,-2.149634773218816,0.0
5793,72.576,-1.5354534094420114,0.0
5804,72.28,-2.149634773218816,0.0
5814,72.576,-1.5354534094420114,0.0
5823,72.576,-2.149634773218816,0.0
5833,72.576,-1.5354534094420114,0.005865
5843,72.576,-2.149634773218816,0.005865
5854,72.576,-1.5354534094420114,0.0
5864,72.576,-2.149634773218816,0.005865
5874,72.576,-1.5354534094420114,0.0
5884,72.576,-1.5354534094420114,0.005865
5894,72.576,-1.5354534094420114,0.005865
5904,72.87200000000001,-2.149634773218816,0.005865
5914,72.576,-1.5354534094420114,0.005865
5924,72.576,-2.149634773218816,0.005865
5935,72.576,-1.5354534094420114,0.005865
5945,72.576,-1.5354534094420114,0.005865
5955,72.576,-2.149634773218816,0.005865
5965,72.576,-2.149634773218816,0.005865
5976,72.576,-2.149634773218816,0.005865
5985,72.576,-2.149634773218816,0.005865
5995,72.576,-2.149634773218816,0.005865
6005,72.576,-1.5354534094420114,0.005865
6016,72.576,-2.149634773218816,0.005865
6026,72.576,-2.149634773218816,0.005865
6036,72.576,-2.149634773218816,0.005865
6046,72.576,-1.5354534094420114,0.005865
6055,72.28,-1.5354534094420114,0.005865
6066,72.576,-2.149634773218816,0.005865
6076,72.576,-1.5354534094420114,0.0
6086,72.576,-2.149634773218816,0.0
6096,72.576,-1.5354534094420114,0.0
6107,72.576,-1.5354534094420114,0.0
6117,72.576,-2.149634773218816,0.0
6126,72.576,-2.149634773218816,0.0
6136,72.576,-2.149634773218816,0.0
6147,72.576,-1.5354534094420114,0.0
6157,72.576,-2.149634773218816,0.0
6167,72.576,-1.5354534094420114,0.0
6177,72.576,-2.149634773218816,0.0
6188,72.576,-2.149634773218816,0.0
6197,72.576,-1.5354534094420114,0.0
6207,72.576,-1.5354534094420114,0.0
6217,72.576,-1.5354534094420114,0.0
6227,72.576,-2.149634773218816,0.0
6238,72.576,-2.149634773218816,0.0
6248,72.576,-1.5354534094420114,0.0
6258,72.576,-2.149634773218816,0.005865
6267,72.576,-2.149634773218816,0.0
6278,72.576,-2.149634773218816,0.0
6288,72.28,-2.149634773218816,0.0
6298,72.576,-1.5354534094420114,0.0
6308,72.576,-1.5354534094420114,0.0
6319,72.28,-1.5354534094420114,0.0
6329,72.28,-1.5354534094420114,0.0
6338,72.576,-2.149634773218816,-0.005865
6348,72.576,-2.149634773218816,0.0
6359,72.576,-1.5354534094420114,0.0
6369,72.28,-1.5354534094420114,0.0
6379,72.28,-2.149634773218816,-0.005865
6389,72.28,-1.5354534094420114,-0.005865
6400,72.28,-1.5354534094420114,-0.01173
6409,72.28,-2.149634773218816,-0.01173
6419,72.576,-2.149634773218816,-0.017595
6429,72.28,-1.5354534094420114,-0.02346
6439,72.28,-2.149634773218816,-0.017595
6450,72.28,-2.149634773218816,-0.017595
6460,72.28,-2.149634773218816,-0.017595
6469,72.28,-2.149634773218816,-0.017595
6479,72.28,-1.5354534094420114,-0.017595
6490,72.28,-2.149634773218816,-0.017595
6500,72.28,-2.149634773218816,-0.017595
6510,72.28,-2.149634773218816,-0.017595
6520,72.28,-1.5354534094420114,-0.017595
6531,72.28,-2.149634773218816,-0.017595
6541,72.576,-1.5354534094420114,-0.017595
6550,72.576,-1.5354534094420114,-0.017595
6560,72.28,-2.149634773218816,-0.017595
6571,72.28,-2.149634773218816,-0.017595
6581,72.28,-2.149634773218816,-0.017595
6591,72.28,-1.5354534094420114,-0.017595
6601,72.28,-2.149634773218816,-0.017595
6611,72.28,-2.149634773218816,-0.017595
6621,72.28,-2.149634773218816,-0.017595
6631,72.28,-1.5354534094420114,-0.017595
6641,72.28,-2.149634773218816,-0.017595
6651,72.28,-1.5354534094420114,-0.01173
6662,72.28,-1.5354534094420114,-0.017595
6672,72.28,-2.149634773218816,-0.017595
6682,72.576,-1.5354534094420114,-0.017595
6691,72.28,-2.149634773218816,-0.017595
6702,72.28,-1.5354534094420114,-0.017595
6712,72.28,-1.5354534094420114,-0.017595
6722,72.576,-2.149634773218816,-0.017595
6732,72.28,-1.5354534094420114,-0.01173
6743,72.28,-2.149634773218816,-0.017595
6753,72.28,-2.149634773218816,-0.017595
6762,72.28,-1.5354534094420114,-0.017595
6772,72.28,-2.149634773218816,-0.017595
6782,72.576,-2.149634773218816,-0.01173
6793,72.28,-2.149634773218816,-0.017595
6803,72.28,-1.5354534094420114,-0.017595
6813,72.28,-1.5354534094420114,-0.017595
6823,72.576,-1.5354534094420114,-0.017595
6833,72.28,-1.5354534094420114,-0.017595
6843,72.28,-1.5354534094420114,-0.017595
6853,72.28,-2.149634773218816,-0.017595
6863,72.28,-2.149634773218816,-0.01173
6874,72.28,-1.5354534094420114,-0.01173
6884,72.28,-2.149634773218816,-0.017595
6894,72.28,-2.149634773218816,-0.01173
6904,72.576,-1.5354534094420114,-0.017595
6915,72.28,-2.149634773218816,-0.017595
6924,72.28,-1.5354534094420114,-0.017595
6934,72.576,-2.149634773218816,-0.017595
6944,72.28,-1.5354534094420114,-0.017595
6955,72.576,-2.149634773218816,-0.017595
6965,72.28,-2.149634773218816,-0.017595
6975,72.28,-1.5354534094420114,-0.01173
6985,72.28,-2.149634773218816,-0.017595
6994,72.28,-1.5354534094420114,-0.017595
7005,72.28,-2.149634773218816,-0.01173
7015,72.28,-1.5354534094420114,-0.017595
7025,72.576,-2.149634773218816,-0.017595
7035,72.28,-2.149634773218816,-0.017595
7046,72.28,-2.149634773218816,-0.017595
7056,72.576,-2.149634773218816,-0.01173
7065,72.576,-2.149634773218816,-0.017595
7075,72.28,-2.149634773218816,-0.017595
7086,72.576,-2.149634773218816,-0.017595
7096,72.28,-1.5354534094420114,-0.017595
7106,72.576,-2.149634773218816,-0.017595
7116,72.576,-2.149634773218816,-0.017595
7127,72.576,-2.149634773218816,-0.01173
7136,72.576,-2.149634773218816,-0.01173
7146,72.576,-1.5354534094420114,-0.005865
7156,72.576,-2.149634773218816,0.0
7166,72.576,-1.5354534094420114,0.0
7177,72.576,-2.149634773218816,0.0
7187,72.576,-1.5354534094420114,0.005865
7197,72.87200000000001,-2.149634773218816,-0.005865
7206,72.576,-1.5354534094420114,0.005865
7217,72.576,-2.149634773218816,0.005865
7227,72.576,-1.5354534094420114,0.005865
7237,72.576,-1.5354534094420114,0.005865
7247,72.576,-1.5354534094420114,0.01173
7258,72.576,-2.149634773218816,0.005865
7267,72.576,-2.149634773218816,0.005865
7277,72.576,-1.5354534094420114,0.005865
7287,72.576,-2.149634773218816,0.005865
7298,72.576,-1.5354534094420114,0.005865
7308,72.576,-2.149634773218816,0.005865
7318,72.576,-1.5354534094420114,0.005865
7328,72.28,-1.5354534094420114,0.005865
7337,72.576,-2.149634773218816,0.005865
7348,72.87200000000001,-2.149634773218816,0.0
7358,72.576,-2.149634773218816,0.005865
7368,72.576,-2.149634773218816,0.005865
7378,72.576,-2.149634773218816,0.005865
7389,72.576,-1.5354534094420114,0.005865
7399,72.576,-1.5354534094420114,0.01173
7408,72.576,-2.149634773218816,0.005865
7418,72.576,-2.149634773218816,0.005865
7429,72.576,-1.5354534094420114,0.005865
7439,72.576,-2.149634773218816,0.005865
7449,72.576,-2.149634773218816,0.005865
7459,72.576,-2.149634773218816,0.005865
7470,72.576,-2.149634773218816,0.01173
7480,72.576,-2.149634773218816,0.005865
7489,72.576,-2.149634773218816,0.005865
7499,72.576,-1.5354534094420114,0.005865
7510,72.576,-1.5354534094420114,0.005865
7520,72.576,-2.149634773218816,0.005865
7530,72.576,-2.149634773218816,0.005865
7540,72.576,-1.5354534094420114,0.005865
7550,72.576,-2.149634773218816,0.005865
7560,72.576,-2.149634773218816,0.0
7570,72.576,-1.5354534094420114,0.005865
7580,72.576,-2.149634773218816,0.005865
7590,72.576,-2.149634773218816,0.005865
7601,72.576,-1.5354534094420114,0.005865
7611,72.576,-2.149634773218816,0.005865
7620,72.576,-2.149634773218816,0.005865
7630,72.576,-2.149634773218816,0.0
7641,72.28,-2.149634773218816,0.0
7651,72.576,-2.149634773218816,0.0
7661,72.576,-2.149634773218816,0.0
7671,72.576,-2.149634773218816,0.0
7682,72.576,-2.149634773218816,0.0
7691,72.576,-2.149634773218816,0.0
7701,72.576,-1.5354534094420114,0.0
7711,72.28,-2.149634773218816,0.0
7721,72.28,-2.149634773218816,-0.005865
7732,72.28,-1.5354534094420114,-0.005865
7742,72.28,-2.149634773218816,-0.01173
7752,72.28,-1.5354534094420114,-0.01173
7762,72.28,-2.149634773218816,-0.01173
7772,72.576,-1.5354534094420114,-0.01173
7782,72.28,-2.149634773218816,-0.017595
7792,72.576,-1.5354534094420114,-0.017595
7802,72.576,-2.149634773218816,-0.017595
7813,72.28,-2.149634773218816,-0.017595
7823,72.28,-1.5354534094420114,-0.017595
7833,72.576,-2.149634773218816,-0.017595
7842,72.28,-2.149634773218816,-0.017595
7853,72.28,-2.149634773218816,-0.017595
7863,72.576,-2.149634773218816,-0.017595
7873,72.28,-1.5354534094420114,-0.017595
7883,72.576,-2.149634773218816,-0.017595
7894,72.576,-1.5354534094420114,-0.017595
7904,72.28,-1.5354534094420114,-0.017595
7914,72.576,-2.149634773218816,-0.017595
7923,72.28,-2.149634773218816,-0.017595
7933,72.28,-2.149634773218816,-0.017595
7944,72.28,-1.5354534094420114,-0.017595
7954,72.576,-2.149634773218816,-0.017595
7964,72.28,-1.5354534094420114,-0.017595
7974,72.576,-2.149634773218816,-0.017595
7985,72.28,-2.149634773218816,-0.017595
7995,72.28,-2.149634773218816,-0.017595
8004,72.576,-1.5354534094420114,-0.017595
8014,72.28,-1.5354534094420114,-0.017595
8025,72.28,-1.5354534094420114,-0.017595
8035,72.28,-2.149634773218816,-0.017595
8045,72.576,-2.149634773218816,-0.017595
8055,72.28,-1.5354534094420114,-0.017595
8066,72.28,-2.149634773218816,-0.017595
8075,72.28,-2.149634773218816,-0.017595
8085,72.28,-2.149634773218816,-0.017595
8095,72.576,-1.5354534094420114,-0.017595
8105,72.576,-2.149634773218816,-0.017595
8116,72.28,-1.5354534094420114,-0.017595
8126,72.28,-2.149634773218816,-0.01173
8136,72.28,-2.149634773218816,-0.017595
8145,72.576,-2.149634773218816,-0.017595
8156,72.576,-2.149634773218816,-0.017595
8166,72.28,-2.149634773218816,-0.01173
8176,72.576,-2.149634773218816,-0.017595
8186,72.28,-2.149634773218816,-0.017595
8197,72.576,-2.149634773218816,-0.017595
8207,72.28,-1.5354534094420114,-0.017595
8216,72.576,-2.149634773218816,-0.017595
8226,72.28,-2.149634773218816,-0.017595
8237,72.576,-2.149634773218816,-0.01173
8247,72.28,-2.149634773218816,-0.017595
8257,72.28,-1.5354534094420114,-0.017595
8267,72.28,-2.149634773218816,-0.017595
8278,72.576,-1.5354534094420114,-0.01173
8287,72.576,-2.149634773218816,-0.017595
8297,72.576,-2.149634773218816,-0.01173
8307,72.28,-2.149634773218816,-0.005865
8317,72.576,-1.5354534094420114,0.0
8328,72.576,-2.149634773218816,0.0
8338,72.576,-1.5354534094420114,0.01173
8348,72.576,-2.149634773218816,0.0
8357,72.576,-2.149634773218816,0.005865
8368,72.28,-2.149634773218816,0.005865
8378,72.576,-2.149634773218816,0.005865
8388,72.576,-1.5354534094420114,0.005865
8398,72.576,-2.149634773218816,0.005865
8409,72.576,-2.149634773218816,0.005865
8418,72.576,-1.5354534094420114,0.005865
8428,72.576,-1.5354534094420114,0.005865
8438,72.576,-2.149634773218816,0.005865
8449,72.576,-1.5354534094420114,0.005865
8459,72.576,-2.149634773218816,0.005865
8469,72.576,-1.5354534094420114,0.005865
8479,72.576,-2.149634773218816,0.005865
8489,72.576,-2.149634773218816,0.005865
8499,72.28,-2.149634773218816,0.005865
8509,72.576,-1.5354534094420114,0.0
8519,72.576,-2.149634773218816,0.005865
8529,72.28,-1.5354534094420114,0.005865
8540,72.576,-1.5354534094420114,0.005865
8550,72.576,-1.5354534094420114,0.005865
8560,72.576,-2.149634773218816,0.0
8570,72.576,-1.5354534094420114,0.0
8580,72.28,-1.5354534094420114,0.0
8590,72.576,-1.5354534094420114,0.005865
8600,72.576,-2.149634773218816,0.0
8610,72.28,-1.5354534094420114,0.0
8621,72.576,-2.149634773218816,0.005865
8630,72.576,-1.5354534094420114,0.0
8640,72.576,-2.149634773218816,0.0
8650,72.576,-2.149634773218816,0.005865
8660,72.576,-1.5354534094420114,0.0
8671,72.28,-1.5354534094420114,0.005865
8681,72.576,-1.5354534094420114,0.0
8691,72.576,-1.5354534094420114,0.005865
8701,72.576,-2.149634773218816,0.005865
8711,72.576,-1.5354534094420114,0.0
8721,72.576,-2.149634773218816,0.0
8731,72.576,-1.5354534094420114,0.0
8741,72.576,-2.149634773218816,0.0
8752,72.576,-2.149634773218816,0.0
8762,72.28,-2.149634773218816,0.0
8772,72.87200000000001,-2.7638161369956205,-0.005865
8781,72.28,-2.149634773218816,0.005865
8792,72.576,-1.5354534094420114,0.005865
8802,72.576,-2.149634773218816,0.017595
8812,72.28,-1.5354534094420114,0.005865
8822,72.576,-2.149634773218816,0.005865
8833,72.576,-2.149634773218816,0.005865
8843,72.576,-1.5354534094420114,0.005865
8853,72.576,-2.149634773218816,0.005865
8862,72.576,-1.5354534094420114,0.005865
8872,72.576,-2.149634773218816,0.005865
8883,72.576,-1.5354534094420114,0.005865
8893,72.576,-2.149634773218816,0.005865
8903,72.576,-1.5354534094420114,0.005865
8913,72.576,-1.5354534094420114,0.005865
8924,72.576,-2.149634773218816,0.005865
8933,72.576,-2.149634773218816,0.005865
8943,72.576,-1.5354534094420114,0.005865
8953,72.576,-2.149634773218816,0.0
8964,72.576,-2.149634773218816,0.0
8974,72.576,-2.149634773218816,0.0
8984,72.576,-2.149634773218816,0.005865
8994,72.576,-1.5354534094420114,0.0
9004,72.576,-1.5354534094420114,0.005865
9014,72.28,-1.5354534094420114,0.0
9024,72.576,-2.149634773218816,0.0
9034,72.576,-2.149634773218816,0.005865
9044,72.576,-1.5354534094420114,0.005865
9055,72.576,-1.5354534094420114,0.005865
9065,72.576,-2.149634773218816,0.005865
9075,72.576,-2.149634773218816,0.005865
9084,72.576,-2.149634773218816,0.005865
9095,72.576,-2.149634773218816,0.005865
9105,72.576,-2.149634773218816,0.005865
9115,72.576,-2.149634773218816,0.0
9125,72.28,-1.5354534094420114,0.0
9136,72.576,-1.5354534094420114,-0.005865
9146,72.28,-2.149634773218816,-0.01173
9155,72.576,-2.149634773218816,-0.01173
9165,72.28,-2.149634773218816,-0.017595
9176,72.576,-2.149634773218816,-0.017595
9186,72.576,-1.5354534094420114,-0.01173
9196,72.28,-2.149634773218816,-0.017595
9206,72.28,-1.5354534094420114,-0.017595
9217,72.576,-2.149634773218816,-0.017595
9226,72.576,-2.149634773218816,-0.017595
9236,72.28,-2.149634773218816,-0.017595
9246,72.28,-2.149634773218816,-0.02346
9256,72.576,-1.5354534094420114,-0.017595
9267,72.28,-1.5354534094420114,-0.017595
9277,72.576,-1.5354534094420114,-0.017595
9286,72.28,-2.149634773218816,-0.017595
9296,72.28,-2.149634773218816,-0.017595
9307,72.28,-1.5354534094420114,-0.017595
9317,72.28,-2.149634773218816,-0.017595
9327,72.576,-2.149634773218816,-0.017595
9337,72.28,-2.149634773218816,-0.017595
9348,72.28,-1.5354534094420114,-0.017595
9357,72.576,-2.149634773218816,-0.017595
9367,72.28,-2.149634773218816,-0.017595
9377,72.576,-2.149634773218816,-0.017595
9388,72.28,-1.5354534094420114,-0.017595
9398,72.28,-1.5354534094420114,-0.017595
9408,72.28,-1.5354534094420114,-0.017595
9418,72.28,-2.149634773218816,-0.017595
9427,72.28,-1.5354534094420114,-0.017595
9438,72.576,-2.149634773218816,-0.017595
9448,72.28,-2.149634773218816,-0.017595
9458,72.576,-2.149634773218816,-0.017595
9468,72.28,-1.5354534094420114,-0.017595
9479,72.576,-2.149634773218816,-0.017595
9488,72.28,-2.149634773218816,-0.017595
9498,72.28,-2.149634773218816,-0.017595
9508,72.28,-2.149634773218816,-0.017595
9519,72.576,-2.149634773218816,-0.01173
9529,72.28,-1.5354534094420114,-0.017595
9539,72.576,-2.149634773218816,-0.017595
9549,72.28,-1.5354534094420114,-0.017595
9560,72.28,-2.149634773218816,-0.017595
9569,72.28,-2.149634773218816,-0.017595
9579,72.28,-1.5354534094420114,-0.017595
9589,72.576,-2.149634773218816,-0.017595
9600,72.576,-1.5354534094420114,-0.017595
9610,72.28,-1.5354534094420114,-0.01173
9620,72.28,-1.5354534094420114,-0.01173
9629,72.28,-1.5354534094420114,-0.017595
9639,72.576,-2.149634773218816,-0.017595
9650,72.576,-2.149634773218816,-0.017595
9660,72.28,-2.149634773218816,-0.017595
9670,72.28,-2.149634773218816,-0.017595
9680,72.28,-2.149634773218816,-0.017595
9691,72.28,-2.149634773218816,-0.017595
9701,72.28,-2.149634773218816,-0.017595
9710,72.28,-2.149634773218816,-0.017595
9720,72.28,-1.5354534094420114,-0.01173
9731,72.28,-2.149634773218816,-0.01173
9741,72.28,-2.149634773218816,-0.01173
9751,72.28,-2.149634773218816,-0.01173
9761,72.28,-1.5354534094420114,-0.01173
9772,72.28,-2.149634773218816,-0.01173
9781,72.28,-2.149634773218816,-0.017595
9791,72.28,-2.149634773218816,-0.01173
9801,72.576,-1.5354534094420114,-0.017595
9811,72.28,-2.149634773218816,-0.017595
9822,72.28,-1.5354534094420114,-0.017595
9832,72.576,-1.5354534094420114,-0.017595
9842,72.576,-2.149634773218816,-0.017595
9851,72.28,-1.5354534094420114,-0.017595
9862,72.28,-2.149634773218816,-0.01173
9872,72.576,-1.5354534094420114,-0.017595
9882,72.28,-2.149634773218816,-0.017595
9892,72.28,-2.149634773218816,-0.01173
9903,72.28,-2.149634773218816,-0.017595
9913,72.28,-2.149634773218816,-0.02346
9922,72.28,-2.149634773218816,-0.017595
9932,72.576,-2.149634773218816,-0.01173
9943,72.28,-2.149634773218816,-0.01173
9953,72.576,-2.149634773218816,-0.005865
9963,72.576,-2.149634773218816,0.0
9973,72.576,-2.149634773218816,0.0
9984,72.576,-2.149634773218816,0.0
9993,72.576,-1.5354534094420114,0.0
10003,72.87200000000001,-1.5354534094420114,0.0
10013,72.576,-1.5354534094420114,0.0
10023,72.87200000000001,-2.149634773218816,0.005865
10034,72.576,-2.149634773218816,0.0
10044,72.576,-2.149634773218816,0.0
10054,72.576,-2.149634773218816,0.005865
10063,72.576,-1.5354534094420114,0.005865
10074,72.28,-1.5354534094420114,0.005865
10084,72.576,-2.149634773218816,0.005865
10094,72.576,-1.5354534094420114,0.005865
10104,72.576,-2.149634773218816,0.005865
10115,72.576,-2.149634773218816,0.005865
10124,72.576,-1.5354534094420114,0.005865
10134,72.576,-2.149634773218816,0.005865
10144,72.576,-1.5354534094420114,0.005865
10155,72.576,-1.5354534094420114,0.005865
10165,72.576,-1.5354534094420114,0.005865
10175,72.576,-2.149634773218816,0.005865
10185,72.576,-2.149634773218816,0.005865
10194,72.576,-2.149634773218816,0.005865
10205,72.576,-1.5354534094420114,0.005865
10215,72.576,-1.5354534094420114,0.005865
10225,72.576,-1.5354534094420114,0.005865
10235,72.28,-2.149634773218816,0.005865
10246,72.576,-1.5354534094420114,0.005865
10256,72.576,-2.149634773218816,0.005865
10265,72.576,-2.149634773218816,0.005865
10275,72.576,-1.5354534094420114,0.005865
10286,72.576,-2.149634773218816,0.005865
10296,72.576,-2.149634773218816,0.005865
10306,72.576,-1.5354534094420114,0.005865
10316,72.28,-1.5354534094420114,0.005865
10326,72.28,-1.5354534094420114,0.005865
10337,72.28,-1.5354534094420114,0.0
10346,72.28,-1.5354534094420114,0.0
10356,72.28,-1.5354534094420114,-0.005865
10366,72.28,-2.149634773218816,-0.01173
10377,72.28,-1.5354534094420114,-0.01173
10387,72.28,-2.149634773218816,-0.017595
10397,72.28,-2.149634773218816,-0.017595
10406,72.28,-2.149634773218816,-0.017595
10417,72.28,-2.149634773218816,-0.017595
10427,72.28,-2.149634773218816,-0.017595
10437,72.28,-2.149634773218816,-0.017595
10447,72.28,-1.5354534094420114,-0.017595
10458,72.28,-1.5354534094420114,-0.017595
10468,72.28,-2.149634773218816,-0.017595
10477,72.576,-2.149634773218816,-0.017595
10487,72.28,-1.5354534094420114,-0.017595
10498,72.28,-1.5354534094420114,-0.01173
10508,72.28,-2.149634773218816,-0.01173
10518,72.28,-1.5354534094420114,-0.017595
10528,72.28,-1.5354534094420114,-0.017595
10539,72.28,-2.149634773218816,-0.017595
10549,72.28,-2.149634773218816,-0.017595
10558,72.28,-2.149634773218816,-0.017595
10568,72.576,-1.5354534094420114,-0.017595
10578,72.28,-2.149634773218816,-0.017595
10589,72.576,-1.5354534094420114,-0.017595
10599,72.28,-1.5354534094420114,-0.017595
10609,72.28,-1.5354534094420114,-0.017595
10619,72.576,-1.5354534094420114,-0.01173
10629,72.28,-2.149634773218816,-0.017595
10639,72.28,-1.5354534094420114,-0.01173
10649,72.576,-2.149634773218816,-0.017595
10659,72.28,-2.149634773218816,-0.01173
10670,72.28,-1.5354534094420114,-0.017595
10680,72.576,-2.149634773218816,-0.017595
10690,72.28,-2.149634773218816,-0.017595
10699,72.28,-2.149634773218816,-0.01173
10710,72.28,-2.149634773218816,-0.017595
10720,72.576,-2.149634773218816,-0.017595
10730,72.576,-2.149634773218816,-0.017595
10740,72.28,-1.5354534094420114,-0.01173
10750,72.576,-2.149634773218816,-0.005865
10760,72.576,-2.149634773218816,0.0
10770,72.576,-1.5354534094420114,0.0
10780,72.28,-1.5354534094420114,0.0
10790,72.576,-2.149634773218816,0.005865
10801,72.576,-2.149634773218816,0.005865
10811,72.576,-2.149634773218816,0.005865
10821,72.576,-1.5354534094420114,0.005865
10830,72.576,-1.5354534094420114,0.005865
10841,72.576,-1.5354534094420114,0.005865
10851,72.576,-1.5354534094420114,0.005865
10861,72.576,-1.5354534094420114,0.005865
10871,72.576,-2.149634773218816,0.005865
10882,72.576,-2.149634773218816,0.005865
10892,72.576,-1.5354534094420114,0.005865
10902,72.576,-2.149634773218816,0.005865
10911,72.576,-1.5354534094420114,0.005865
10921,72.576,-1.5354534094420114,0.005865
10932,72.576,-1.5354534094420114,0.005865
10942,72.576,-1.5354534094420114,0.005865
10952,72.576,-1.5354534094420114,0.005865
10962,72.576,-1.5354534094420114,0.005865
10973,72.576,-2.149634773218816,0.005865
10983,72.576,-1.5354534094420114,0.005865
10992,72.576,-2.149634773218816,0.005865
11002,72.576,-2.149634773218816,0.005865
11013,72.28,-2.149634773218816,0.01173
11023,72.28,-1.5354534094420114,0.01173
11033,72.576,-2.149634773218816,0.005865
11043,72.576,-1.5354534094420114,0.005865
11054,72.576,-1.5354534094420114,0.005865
11063,72.576,-2.149634773218816,0.0
11073,72.576,-1.5354534094420114,0.005865
11083,72.576,-1.5354534094420114,0.005865
11094,72.576,-2.149634773218816,0.005865
11104,72.576,-2.149634773218816,0.005865
11114,72.28,-1.5354534094420114,0.005865
11124,72.28,-2.149634773218816,0.0
11133,72.28,-2.149634773218816,0.0
11144,72.576,-2.149634773218816,-0.005865
11154,72.576,-2.149634773218816,-0.005865
11164,72.28,-1.5354534094420114,-0.01173
11174,72.28,-2.149634773218816,-0.01173
11185,72.576,-1.5354534094420114,-0.017595
11195,72.576,-2.149634773218816,-0.01173
11204,72.28,-2.149634773218816,-0.017595
11214,72.576,-2.149634773218816,-0.017595
11225,72.576,-1.5354534094420114,-0.01173
11235,72.28,-1.5354534094420114,-0.01173
11245,72.28,-2.149634773218816,-0.017595
11255,72.28,-1.5354534094420114,-0.017595
11266,72.576,-2.149634773218816,-0.017595
11275,72.576,-2.149634773218816,-0.017595
11285,72.576,-2.149634773218816,-0.01173
11295,72.28,-2.149634773218816,-0.01173
11305,72.28,-1.5354534094420114,-0.017595
11316,72.28,-2.149634773218816,-0.017595
11326,72.28,-2.149634773218816,-0.017595
11335,72.28,-1.5354534094420114,-0.017595
11345,72.576,-1.5354534094420114,-0.017595
11356,72.28,-1.5354534094420114,-0.017595
11366,72.28,-2.149634773218816,-0.017595
11376,72.28,-2.149634773218816,-0.017595
11386,72.28,-1.5354534094420114,-0.017595
11397,72.576,-1.5354534094420114,-0.01173
11406,72.28,-1.5354534094420114,-0.017595
11416,72.28,-2.149634773218816,-0.017595
11426,72.28,-1.5354534094420114,-0.017595
11437,72.28,-2.149634773218816,-0.017595
11447,72.28,-1.5354534094420114,-0.017595
11457,72.28,-1.5354534094420114,-0.017595
11467,72.28,-2.149634773218816,-0.017595
11476,72.28,-2.149634773218816,-0.017595
11487,72.28,-2.149634773218816,-0.017595
11497,72.28,-1.5354534094420114,-0.01173
11507,72.576,-2.149634773218816,-0.017595
11517,72.576,-2.149634773218816,-0.01173
11528,72.28,-2.149634773218816,-0.01173
11537,72.576,-1.5354534094420114,-0.005865
11547,72.576,-2.149634773218816,0.0
11557,72.576,-1.5354534094420114,0.0
11568,72.576,-1.5354534094420114,0.005865
11578,72.576,-2.149634773218816,0.0
11588,72.28,-2.149634773218816,0.0
11598,72.576,-2.149634773218816,0.005865
11609,72.28,-1.5354534094420114,0.005865
11618,72.576,-1.5354534094420114,0.005865
11628,72.576,-1.5354534094420114,0.005865
11638,72.576,-2.149634773218816,0.005865
11649,72.576,-1.5354534094420114,0.005865
11659,72.576,-2.149634773218816,0.005865
11669,72.28,-1.5354534094420114,0.0
11679,72.28,-2.149634773218816,-0.005865
11688,72.28,-1.5354534094420114,-0.005865
11699,72.576,-2.149634773218816,-0.01173
11709,72.576,-1.5354534094420114,-0.01173
11719,72.28,-1.5354534094420114,-0.01173
11729,72.576,-2.149634773218816,-0.01173
11740,72.576,-2.149634773218816,-0.01173
11750,72.28,-1.5354534094420114,-0.01173
11759,72.28,-1.5354534094420114,-0.017595
11769,72.28,-2.149634773218816,-0.017595
11780,72.28,-1.5354534094420114,-0.017595
11790,72.28,-2.149634773218816,-0.017595
11800,72.576,-1.5354534094420114,-0.017595
11810,72.576,-1.5354534094420114,-0.017595
11820,72.87200000000001,-2.149634773218816,-0.01173
11830,72.576,-2.149634773218816,0.0
11840,72.576,-1.5354534094420114,-0.005865
11850,72.576,-2.149634773218816,0.0
11860,72.576,-1.5354534094420114,0.0
11871,72.576,-1.5354534094420114,0.005865
11881,72.576,-2.149634773218816,0.005865
11890,72.576,-2.149634773218816,0.005865
11900,72.576,-2.149634773218816,0.005865
11911,72.576,-2.149634773218816,0.005865
11921,72.576,-2.149634773218816,0.005865
11931,72.576,-2.149634773218816,0.005865
11941,72.576,-2.149634773218816,0.005865
11952,72.28,-1.5354534094420114,0.005865
11962,72.576,-2.149634773218816,0.005865
11971,72.576,-1.5354534094420114,0.005865
11981,72.576,-1.5354534094420114,0.005865
11992,72.576,-2.149634773218816,0.0
12002,72.576,-2.149634773218816,0.005865
12012,72.576,-2.149634773218816,0.005865
12022,72.576,-2.149634773218816,0.005865
12033,72.576,-2.149634773218816,0.005865
12043,72.576,-2.149634773218816,0.005865
12052,72.576,-2.149634773218816,0.005865
12062,72.576,-2.149634773218816,0.005865
12072,72.576,-2.149634773218816,0.005865
12083,72.28,-1.5354534094420114,0.005865
12093,72.576,-2.149634773218816,0.005865
12103,72.576,-2.149634773218816,0.005865
12113,72.576,-2.149634773218816,0.01173
12123,72.576,-1.5354534094420114,0.01173
12133,72.576,-2.149634773218816,0.01173
12143,72.576,-2.149634773218816,0.005865
12153,72.576,-2.149634773218816,0.01173
12164,72.576,-1.5354534094420114,0.01173
12174,72.576,-2.149634773218816,0.01173
12184,72.28,-1.5354534094420114,0.005865
12193,72.576,-2.149634773218816,0.005865
12204,72.28,-2.149634773218816,0.005865
12214,72.576,-1.5354534094420114,0.005865
12224,72.28,-2.149634773218816,-0.005865
12234,72.28,-2.149634773218816,0.0
12244,72.28,-2.149634773218816,-0.01173
12255,72.28,-1.5354534094420114,-0.01173
12264,72.28,-1.5354534094420114,-0.01173
12274,72.576,-2.149634773218816,-0.01173
12284,72.28,-1.5354534094420114,-0.017595
12295,72.28,-1.5354534094420114,-0.017595
12305,72.576,-2.149634773218816,-0.01173
12315,72.576,-2.149634773218816,-0.017595
12325,72.28,-1.5354534094420114,-0.01173
12335,72.28,-2.149634773218816,-0.017595
12345,72.28,-2.149634773218816,-0.017595
12355,72.28,-2.149634773218816,-0.017595
12365,72.576,-1.5354534094420114,-0.017595
12376,72.28,-2.149634773218816,-0.017595
12386,72.28,-1.5354534094420114,-0.017595
12396,72.28,-1.5354534094420114,-0.017595
12405,72.28,-1.5354534094420114,-0.017595
12416,72.576,-2.149634773218816,-0.017595
12426,72.28,-2.149634773218816,-0.017595
12436,72.28,-2.149634773218816,-0.017595
12446,72.28,-2.149634773218816,-0.017595
12456,72.28,-1.5354534094420114,-0.017595
12466,72.28,-2.149634773218816,-0.017595
12476,72.28,-1.5354534094420114,-0.017595
12486,72.28,-2.149634773218816,-0.017595
12496,72.576,-1.5354534094420114,-0.01173
12507,72.28,-2.149634773218816,-0.017595
12517,72.576,-1.5354534094420114,-0.017595
12527,72.576,-2.149634773218816,-0.017595
12536,72.576,-2.149634773218816,-0.017595
12547,72.28,-2.149634773218816,-0.017595
12557,72.576,-2.149634773218816,-0.017595
12567,72.28,-1.5354534094420114,-0.017595
12577,72.28,-2.149634773218816,-0.017595
12588,72.28,-1.5354534094420114,-0.017595
12598,72.28,-1.5354534094420114,-0.017595
12608,72.28,-2.149634773218816,-0.01173
12618,72.576,-2.149634773218816,-0.01173
12627,72.576,-1.5354534094420114,-0.01173
12638,72.576,-2.149634773218816,-0.005865
12648,72.576,-2.149634773218816,-0.005865
12658,72.576,-2.149634773218816,0.0
12668,72.576,-2.149634773218816,0.0
12679,72.576,-2.149634773218816,-0.005865
12688,72.576,-1.5354534094420114,0.0
12698,72.576,-2.149634773218816,0.005865
12708,72.576,-2.149634773218816,0.0
12719,72.576,-1.5354534094420114,0.0
12729,72.576,-2.149634773218816,0.0
12741,72.576,-2.149634773218816,0.0
12751,72.576,-2.149634773218816,0.0
12762,72.576,-1.5354534094420114,0.0
12772,72.576,-1.5354534094420114,0.0
12782,72.576,-1.5354534094420114,-0.005865
12792,72.576,-2.149634773218816,-0.005865
12802,72.576,-1.5354534094420114,0.0
12812,72.576,-2.149634773218816,-0.005865
12822,72.576,-2.149634773218816,0.0
12832,72.576,-1.5354534094420114,0.0
12843,72.576,-2.149634773218816,0.0
12853,72.28,-2.149634773218816,0.0
12863,72.576,-2.149634773218816,0.0
12872,72.576,-2.149634773218816,0.0
12882,72.576,-2.149634773218816,0.0
12893,72.576,-2.149634773218816,0.005865
12903,72.576,-1.5354534094420114,0.0
12913,72.576,-2.149634773218816,0.0
12923,72.576,-1.5354534094420114,0.0
12934,72.576,-1.5354534094420114,0.0
12943,72.576,-2.149634773218816,0.005865
12953,72.576,-1.5354534094420114,0.005865
12963,72.576,-2.149634773218816,0.005865
12974,72.28,-1.5354534094420114,0.005865
12984,72.28,-2.149634773218816,0.005865
12994,72.576,-2.149634773218816,0.005865
13004,72.576,-2.149634773218816,0.005865
13015,72.87200000000001,-2.149634773218816,0.0
13024,72.576,-2.149634773218816,0.0
13034,72.87200000000001,-2.149634773218816,0.005865
13044,72.576,-1.5354534094420114,0.005865
13054,72.576,-2.149634773218816,0.005865
13065,72.576,-2.149634773218816,0.0
13075,72.576,-2.149634773218816,0.005865
13085,72.576,-2.149634773218816,0.0
13095,72.576,-2.149634773218816,0.0
13105,72.576,-2.149634773218816,0.005865
13115,72.28,-2.149634773218816,0.0
13125,71.98400000000001,-2.149634773218816,0.0
13135,72.28,-2.149634773218816,-0.005865
13146,72.28,-2.149634773218816,0.0
13156,72.576,-1.5354534094420114,-0.005865
13166,72.28,-2.149634773218816,-0.005865
13175,72.28,-1.5354534094420114,-0.005865
13186,72.28,-2.149634773218816,-0.005865
13196,72.28,-1.5354534094420114,-0.005865
13206,72.28,-2.149634773218816,-0.005865
13216,72.28,-2.149634773218816,-0.005865
13227,72.28,-1.5354534094420114,-0.005865
13237,72.576,-2.149634773218816,-0.01173
13247,72.28,-2.149634773218816,-0.01173
13256,72.28,-1.5354534094420114,-0.01173
13266,72.28,-1.5354534094420114,-0.01173
13277,72.576,-2.149634773218816,-0.01173
13287,72.28,-2.149634773218816,-0.01173
13297,72.28,-1.5354534094420114,-0.01173
13310,72.28,-1.5354534094420114,-0.01173
13320,72.28,-1.5354534094420114,-0.01173
13330,72.28,-2.149634773218816,-0.01173
13340,72.576,-2.149634773218816,-0.01173
13350,72.576,-1.5354534094420114,-0.01173
13361,72.28,-1.5354534094420114,-0.01173
13371,72.28,-2.149634773218816,-0.01173
13380,72.28,-1.5354534094420114,-0.01173
13390,72.28,-2.149634773218816,-0.01173
13401,72.28,-1.5354534094420114,-0.005865
13411,72.28,-2.149634773218816,-0.01173
13421,72.28,-1.5354534094420114,-0.01173
13431,72.28,-2.149634773218816,-0.01173
13441,72.28,-1.5354534094420114,-0.005865
13451,72.28,-2.149634773218816,-0.005865
13461,72.28,-1.5354534094420114,-0.005865
13471,72.576,-2.149634773218816,-0.005865
13481,72.28,-2.149634773218816,-0.005865
13492,72.28,-2.149634773218816,-0.005865
13502,72.28,-2.149634773218816,-0.005865
13511,72.28,-2.149634773218816,-0.005865
13521,72.28,-1.5354534094420114,-0.005865
13532,72.28,-1.5354534094420114,-0.005865
13542,72.576,-2.149634773218816,-0.005865
13552,72.28,-2.149634773218816,-0.01173
13562,72.28,-2.149634773218816,-0.01173
13573,72.28,-2.149634773218816,-0.01173
13582,72.28,-2.149634773218816,-0.01173
13592,72.28,-2.149634773218816,-0.01173
13602,72.576,-2.149634773218816,-0.005865
13613,72.576,-2.149634773218816,-0.01173
13623,72.576,-1.5354534094420114,-0.01173
13633,72.576,-2.149634773218816,-0.01173
13643,72.576,-2.149634773218816,-0.01173
13652,72.576,-2.149634773218816,-0.01173
13663,72.576,-2.149634773218816,-0.005865
13673,72.576,-1.5354534094420114,-0.005865
13683,72.576,-2.149634773218816,0.0
13693,72.576,-2.149634773218816,0.0
13704,72.28,-2.149634773218816,0.005865
13714,72.576,-1.5354534094420114,0.005865
13723,72.576,-1.5354534094420114,0.005865
13733,72.576,-2.149634773218816,0.005865
13744,72.576,-1.5354534094420114,0.005865
13754,72.576,-2.149634773218816,0.005865
13764,72.576,-2.149634773218816,0.005865
13774,72.576,-2.149634773218816,0.005865
13785,72.576,-1.5354534094420114,0.005865
13794,72.576,-1.5354534094420114,0.005865
13804,72.576,-2.149634773218816,0.005865
13814,72.576,-2.149634773218816,0.005865
13825,72.576,-1.5354534094420114,0.005865
13835,72.576,-2.149634773218816,0.005865
13845,72.576,-1.5354534094420114,0.005865
13855,72.576,-2.149634773218816,0.005865
13865,72.28,-2.149634773218816,0.005865
13875,72.576,-1.5354534094420114,0.005865
13885,72.576,-2.149634773218816,0.005865
13895,72.576,-1.5354534094420114,0.005865
13905,72.576,-2.149634773218816,0.005865
13916,72.576,-2.149634773218816,0.005865
13926,72.576,-2.149634773218816,0.005865
13936,72.576,-2.149634773218816,0.005865
13945,72.576,-2.149634773218816,0.005865
13956,72.576,-2.149634773218816,0.005865
13966,72.28,-1.5354534094420114,0.005865
13976,72.576,-1.5354534094420114,0.005865
13986,72.576,-2.149634773218816,0.005865
13997,72.576,-2.149634773218816,0.005865
14007,72.576,-2.149634773218816,0.005865
14016,72.576,-2.149634773218816,0.005865
14026,72.28,-2.149634773218816,0.005865
14036,72.576,-2.149634773218816,0.005865
14047,72.28,-2.149634773218816,0.005865
14057,72.576,-2.149634773218816,0.005865
14067,72.576,-2.149634773218816,0.005865
14077,72.576,-2.149634773218816,0.005865
14087,72.576,-1.5354534094420114,0.005865
14097,72.576,-2.149634773218816,0.005865
14107,72.576,-1.5354534094420114,0.005865
14117,72.28,-2.149634773218816,0.005865
14128,72.28,-2.149634773218816,0.005865
14138,72.576,-2.149634773218816,0.005865
14148,72.576,-2.149634773218816,0.005865
14157,72.576,-1.5354534094420114,0.005865
14168,72.576,-2.149634773218816,0.005865
14178,72.576,-2.149634773218816,0.0
14188,72.576,-2.149634773218816,0.005865
14198,72.576,-2.149634773218816,0.005865
14209,72.28,-1.5354534094420114,0.0
14219,72.28,-2.149634773218816,0.0
14228,72.28,-2.149634773218816,-0.005865
14238,72.576,-1.5354534094420114,-0.01173
14248,72.28,-2.149634773218816,-0.01173
14259,72.576,-2.149634773218816,-0.01173
14269,72.28,-1.5354534094420114,-0.01173
14279,72.28,-1.5354534094420114,-0.01173
14289,72.576,-2.149634773218816,-0.01173
14300,72.28,-1.5354534094420114,-0.01173
14309,72.28,-2.149634773218816,-0.01173
14319,72.28,-1.5354534094420114,-0.01173
14329,72.28,-1.5354534094420114,-0.01173
14340,72.28,-1.5354534094420114,-0.01173
14350,72.28,-2.149634773218816,-0.01173
14360,72.28,-2.149634773218816,-0.01173
14370,72.28,-1.5354534094420114,-0.01173
14380,72.576,-1.5354534094420114,-0.017595
14390,72.576,-2.149634773218816,-0.017595
14400,72.28,-1.5354534094420114,-0.017595
14410,72.28,-2.149634773218816,-0.02346
14420,72.28,-1.5354534094420114,-0.01173
14431,72.576,-1.5354534094420114,-0.01173
14440,72.28,-2.149634773218816,-0.01173
14450,72.28,-2.149634773218816,-0.01173
14460,72.576,-2.149634773218816,-0.01173
14471,72.576,-2.149634773218816,-0.01173
14481,72.28,-1.5354534094420114,-0.01173
14491,72.28,-1.5354534094420114,-0.01173
14501,72.28,-1.5354534094420114,-0.01173
14511,72.28,-1.5354534094420114,-0.01173
14521,72.28,-2.149634773218816,-0.01173
14531,72.576,-2.149634773218816,-0.01173
14541,72.576,-2.149634773218816,-0.01173
14552,72.28,-2.149634773218816,-0.01173
14562,72.28,-2.149634773218816,-0.01173
14572,72.28,-2.149634773218816,-0.01173
14581,72.576,-2.149634773218816,-0.01173
14592,72.576,-1.5354534094420114,-0.017595
14602,72.576,-2.149634773218816,-0.01173
14612,72.576,-1.5354534094420114,-0.01173
14622,72.28,-2.149634773218816,-0.01173
14632,72.28,-2.149634773218816,-0.01173
14643,72.28,-1.5354534094420114,-0.01173
14652,72.28,-2.149634773218816,-0.005865
14662,72.28,-2.149634773218816,-0.01173
14672,72.28,-1.5354534094420114,-0.01173
14683,72.28,-2.149634773218816,-0.01173
14693,72.28,-1.5354534094420114,-0.01173
14703,72.28,-1.5354534094420114,-0.01173
14713,72.576,-1.5354534094420114,-0.01173
14723,72.28,-1.5354534094420114,-0.01173
14733,72.28,-1.5354534094420114,-0.01173
14743,72.576,-2.149634773218816,-0.01173
14753,72.576,-2.149634773218816,-0.01173
14764,72.87200000000001,-2.149634773218816,-0.01173
14774,72.576,-2.149634773218816,-0.005865
14784,72.576,-2.149634773218816,-0.005865
14794,72.28,-2.149634773218816,-0.005865
14803,71.98400000000001,-1.5354534094420114,-0.005865
14814,72.576,-2.149634773218816,-0.005865
14824,72.28,-1.5354534094420114,-0.005865
14834,72.28,-1.5354534094420114,-0.01173
14844,72.28,-1.5354534094420114,-0.01173
14855,72.576,-2.149634773218816,-0.01173
14865,72.576,-1.5354534094420114,-0.01173
14874,72.28,-2.149634773218816,-0.01173
14884,72.576,-2.149634773218816,-0.005865
14895,72.576,-2.149634773218816,-0.005865
14905,72.576,-2.149634773218816,-0.005865
14915,72.576,-2.149634773218816,-0.005865
14925,72.87200000000001,-1.5354534094420114,-0.005865
14936,72.576,-2.149634773218816,-0.005865
14945,72.576,-2.149634773218816,0.0
14955,72.576,-2.149634773218816,-0.005865
14965,72.576,-2.149634773218816,0.0
14976,72.576,-2.149634773218816,-0.005865
14986,72.576,-2.149634773218816,-0.005865
14996,72.576,-1.5354534094420114,-0.005865
15006,72.576,-1.5354534094420114,-0.005865
15016,72.576,-2.149634773218816,0.0
15026,72.576,-2.149634773218816,0.0
15036,72.28,-2.149634773218816,0.0
15046,72.576,-2.149634773218816,0.0
15056,72.576,-2.149634773218816,0.0
15067,72.576,-2.149634773218816,0.0
15077,72.576,-2.149634773218816,0.0
15087,72.576,-1.5354534094420114,0.0
15096,72.28,-2.149634773218816,0.0
15107,72.576,-2.149634773218816,0.005865
15117,72.576,-2.149634773218816,0.0
15127,72.576,-1.5354534094420114,-0.005865
15137,72.28,-0.9212720456652067,0.0
15148,72.576,-1.5354534094420114,0.005865
15158,72.28,-2.149634773218816,0.0
15167,72.576,-2.149634773218816,-0.005865
15177,72.28,-1.5354534094420114,-0.005865
15187,72.28,-1.5354534094420114,-0.005865
15198,72.28,-2.149634773218816,-0.005865
15208,72.576,-1.5354534094420114,-0.01173
15218,72.28,-2.149634773218816,-0.01173
15228,72.28,-1.5354534094420114,-0.01173
15238,72.28,-2.149634773218816,-0.01173
15248,72.28,-2.149634773218816,-0.01173
15258,72.576,-1.5354534094420114,-0.01173
15268,72.28,-2.149634773218816,-0.01173
15279,72.576,-1.5354534094420114,-0.01173
15289,72.28,-2.149634773218816,-0.01173
15299,72.28,-1.5354534094420114,-0.01173
15309,72.28,-2.149634773218816,-0.017595
15320,72.28,-2.149634773218816,-0.005865
15330,72.576,-2.149634773218816,-0.017595
15340,72.576,-2.149634773218816,-0.017595
15350,72.28,-2.149634773218816,-0.017595
15360,72.28,-2.149634773218816,-0.017595
15370,72.576,-2.149634773218816,-0.017595
15380,72.28,-2.149634773218816,-0.017595
15390,72.28,-1.5354534094420114,-0.017595
15400,72.28,-2.149634773218816,-0.017595
15411,72.28,-2.149634773218816,-0.017595
15420,72.28,-1.5354534094420114,-0.017595
15430,72.28,-2.149634773218816,-0.017595
15440,72.576,-2.149634773218816,-0.017595
15451,72.576,-2.149634773218816,-0.017595
15461,72.576,-2.149634773218816,-0.01173
15471,72.576,-2.149634773218816,-0.005865
15481,72.576,-2.149634773218816,-0.005865
15491,72.576,-2.149634773218816,-0.005865
15501,72.576,-2.149634773218816,0.0
15511,72.576,-1.5354534094420114,-0.005865
15521,72.28,-2.149634773218816,0.0
15532,72.576,-2.149634773218816,0.0
15542,72.576,-1.5354534094420114,0.0
15552,72.576,-1.5354534094420114,0.0
15561,72.576,-1.5354534094420114,0.0
15571,72.576,-2.149634773218816,0.0
15582,72.576,-2.149634773218816,0.0
15592,72.576,-2.149634773218816,0.0
15602,72.576,-2.149634773218816,0.0
15612,72.576,-2.149634773218816,0.0
15623,72.576,-1.5354534094420114,0.0
15632,72.576,-2.149634773218816,0.0
15642,72.28,-1.5354534094420114,0.0
15652,72.576,-1.5354534094420114,0.0
15663,72.576,-2.149634773218816,0.0
15673,72.576,-1.5354534094420114,0.005865
15683,72.576,-1.5354534094420114,0.0
15693,72.576,-1.5354534094420114,0.0
15704,72.576,-2.149634773218816,0.0
15713,72.576,-2.149634773218816,0.0
15723,72.576,-1.5354534094420114,0.0
15733,72.576,-2.149634773218816,0.0
15744,72.576,-2.149634773218816,-0.005865
15754,72.576,-2.149634773218816,0.005865
15764,72.576,-2.149634773218816,0.0
15774,72.576,-2.149634773218816,0.0
15784,72.28,-2.149634773218816,0.0
15794,72.576,-2.149634773218816,0.0
15804,72.576,-1.5354534094420114,0.0
15814,72.576,-1.5354534094420114,0.005865
15824,72.576,-2.149634773218816,0.0
15835,72.576,-2.149634773218816,0.0
15845,72.576,-2.149634773218816,0.0
15855,72.28,-1.5354534094420114,0.0
15864,72.28,-2.149634773218816,0.0
15875,72.28,-2.149634773218816,0.0
15885,72.28,-1.5354534094420114,-0.005865
15895,72.28,-1.5354534094420114,-0.005865
15905,72.28,-2.149634773218816,-0.01173
15916,72.28,-2.149634773218816,-0.01173
15926,72.28,-2.149634773218816,-0.01173
15935,72.576,-2.149634773218816,-0.01173
15945,72.28,-2.149634773218816,-0.017595
15955,72.28,-2.149634773218816,-0.017595
15966,72.28,-2.149634773218816,-0.017595
15976,72.28,-2.149634773218816,-0.017595
15986,72.28,-2.149634773218816,-0.017595
15996,72.28,-1.5354534094420114,-0.017595
16006,72.28,-2.149634773218816,-0.017595
16016,72.576,-2.149634773218816,-0.017595
16026,72.576,-2.149634773218816,-0.017595
16036,72.28,-2.149634773218816,-0.017595
16047,72.28,-2.149634773218816,-0.017595
16057,72.28,-2.149634773218816,-0.017595
16067,72.28,-1.5354534094420114,-0.017595
16077,72.28,-2.149634773218816,-0.01173
16087,72.28,-2.149634773218816,-0.01173
16097,72.576,-1.5354534094420114,-0.017595
16107,72.28,-1.5354534094420114,-0.01173
16117,72.576,-2.149634773218816,-0.01173
16128,72.28,-2.149634773218816,-0.01173
16138,72.28,-2.149634773218816,-0.01173
16148,72.28,-2.149634773218816,-0.01173
16158,72.28,-2.149634773218816,-0.01173
16167,72.28,-2.149634773218816,-0.01173
16178,72.576,-2.149634773218816,-0.01173
16188,72.28,-2.149634773218816,-0.01173
16198,72.28,-1.5354534094420114,-0.01173
16208,72.28,-2.149634773218816,-0.01173
16219,72.576,-2.149634773218816,-0.01173
16229,72.28,-2.149634773218816,-0.01173
16238,72.576,-2.149634773218816,-0.01173
16248,72.28,-2.149634773218816,-0.01173
16259,72.28,-2.149634773218816,-0.01173
16269,72.28,-2.149634773218816,-0.01173
16279,72.576,-1.5354534094420114,-0.01173
16289,72.576,-1.5354534094420114,-0.005865
16300,72.576,-2.149634773218816,-0.01173
16310,72.576,-2.149634773218816,-0.01173
16319,72.576,-2.149634773218816,-0.005865
16329,72.576,-2.149634773218816,0.0
16339,72.576,-2.149634773218816,0.0
16350,72.28,-2.149634773218816,0.005865
16360,72.576,-2.149634773218816,0.0
16370,72.576,-1.5354534094420114,0.0
16380,72.576,-2.149634773218816,0.0
16390,72.576,-1.5354534094420114,0.0
16400,72.576,-2.149634773218816,0.005865
16410,72.576,-2.149634773218816,0.005865
16420,72.576,-2.149634773218816,0.005865
16431,72.576,-2.149634773218816,0.005865
16441,72.576,-2.149634773218816,0.005865
16450,72.576,-2.149634773218816,0.005865
16460,72.576,-2.149634773218816,0.005865
16471,72.576,-2.149634773218816,0.005865
16481,72.576,-2.149634773218816,0.005865
16491,72.576,-2.149634773218816,0.005865
16501,72.576,-2.149634773218816,0.005865
16512,72.576,-2.149634773218816,0.005865
16521,72.576,-2.149634773218816,0.005865
16531,72.28,-2.149634773218816,0.005865
16541,72.576,-1.5354534094420114,0.005865
16551,72.576,-2.149634773218816,0.0
16562,72.576,-1.5354534094420114,0.005865
16572,72.576,-2.149634773218816,0.005865
16582,72.576,-1.5354534094420114,0.005865
16591,72.576,-1.5354534094420114,0.005865
16602,72.576,-2.149634773218816,0.005865
16612,73.168,-3.377997500772425,-0.005865
16622,72.576,-2.149634773218816,0.005865
16632,72.576,-2.149634773218816,0.005865
16643,72.87200000000001,-2.149634773218816,0.005865
16653,72.576,-2.149634773218816,0.005865
16662,72.576,-2.149634773218816,0.005865
16672,72.576,-1.5354534094420114,0.005865
16683,72.576,-2.149634773218816,0.0
16693,72.576,-2.149634773218816,0.005865
16703,72.576,-2.149634773218816,0.0
16713,72.576,-1.5354534094420114,0.0
16723,72.576,-2.149634773218816,0.0
16734,72.576,-1.5354534094420114,0.0
16743,72.576,-1.5354534094420114,0.0
16753,72.576,-2.149634773218816,0.005865
16763,72.576,-2.149634773218816,0.005865
16774,72.576,-2.149634773218816,0.005865
16784,72.576,-1.5354534094420114,0.005865
16793,72.87200000000001,-2.149634773218816,0.0
16803,72.576,-2.149634773218816,0.0
16814,72.576,-2.149634773218816,0.005865
16824,72.576,-2.149634773218816,0.005865
16834,72.576,-2.149634773218816,0.0
16844,72.28,-2.149634773218816,0.0
16855,72.576,-2.149634773218816,0.0
16864,72.576,-1.5354534094420114,0.0
16874,72.576,-2.149634773218816,0.0
16884,72.576,-2.149634773218816,0.0
16894,72.576,-2.149634773218816,0.0
16905,72.576,-2.149634773218816,0.0
16915,72.576,-1.5354534094420114,0.0
16925,72.576,-2.149634773218816,0.0
16935,72.576,-2.149634773218816,0.005865
16945,72.87200000000001,-2.149634773218816,0.005865
16955,72.576,-2.149634773218816,0.005865
16965,72.576,-1.5354534094420114,0.005865
16975,72.576,-2.149634773218816,0.005865
16986,72.576,-1.5354534094420114,0.005865
16996,72.576,-1.5354534094420114,0.005865
17005,72.576,-2.149634773218816,0.005865
17015,72.576,-1.5354534094420114,0.0
17026,72.576,-2.149634773218816,0.0
17036,72.576,-2.149634773218816,0.0
17046,72.576,-2.149634773218816,0.005865
17056,72.576,-2.149634773218816,0.0
17067,72.576,-2.149634773218816,0.0
17077,72.28,-2.149634773218816,0.0
17086,72.576,-1.5354534094420114,0.005865
17096,72.576,-1.5354534094420114,0.0
17106,72.576,-2.149634773218816,0.0
17117,72.28,-1.5354534094420114,0.005865
17127,72.28,-2.149634773218816,-0.005865
17137,72.576,-2.149634773218816,-0.005865
17146,72.576,-2.149634773218816,0.0
17157,72.576,-2.149634773218816,-0.005865
17167,72.576,-1.5354534094420114,-0.005865
17177,72.576,-2.149634773218816,0.0
17187,72.576,-2.149634773218816,0.0
17198,72.28,-1.5354534094420114,0.0
17208,72.28,-2.149634773218816,-0.005865
17218,72.576,-2.149634773218816,-0.005865
17228,72.576,-2.149634773218816,-0.01173
17238,72.28,-1.5354534094420114,-0.017595
17248,72.28,-2.149634773218816,-0.017595
17258,72.576,-2.149634773218816,-0.017595
17268,72.28,-2.149634773218816,-0.017595
17278,72.28,-1.5354534094420114,-0.017595
17289,72.576,-1.5354534094420114,-0.017595
17299,72.28,-2.149634773218816,-0.017595
17310,72.28,-2.149634773218816,-0.01173
17320,72.28,-2.149634773218816,-0.017595
17331,72.576,-1.5354534094420114,-0.017595
17341,72.28,-2.149634773218816,-0.017595
17351,72.28,-1.5354534094420114,-0.017595
17361,72.28,-1.5354534094420114,-0.017595
17371,72.28,-2.149634773218816,-0.017595
17381,72.28,-1.5354534094420114,-0.02346
17391,72.576,-2.149634773218816,-0.02346
17401,72.28,-2.149634773218816,-0.017595
17412,72.28,-1.5354534094420114,-0.01173
17422,72.576,-1.5354534094420114,-0.02346
17432,72.576,-2.149634773218816,-0.017595
17441,72.28,-2.149634773218816,-0.017595
17452,72.576,-2.149634773218816,-0.017595
17462,72.28,-2.149634773218816,-0.02346
17472,72.28,-2.149634773218816,-0.02346
17482,72.28,-1.5354534094420114,-0.02346
17492,72.28,-2.149634773218816,-0.017595
17503,72.28,-1.5354534094420114,-0.02346
17512,72.576,-2.149634773218816,-0.02346
17522,72.28,-2.149634773218816,-0.017595
17532,72.28,-1.5354534094420114,-0.02346
17543,72.28,-1.5354534094420114,-0.017595
17553,72.576,-1.5354534094420114,-0.017595
17563,72.28,-2.149634773218816,-0.02346
17573,72.28,-1.5354534094420114,-0.02346
17583,72.28,-2.149634773218816,-0.02346
17593,72.28,-2.149634773218816,-0.017595
17603,72.28,-2.149634773218816,-0.017595
17613,72.28,-2.149634773218816,-0.017595
17624,72.576,-2.149634773218816,-0.017595
17634,72.28,-2.149634773218816,-0.017595
17644,72.28,-2.149634773218816,-0.01173
17653,72.28,-1.5354534094420114,-0.017595
17664,72.28,-2.149634773218816,-0.017595
17674,72.28,-1.5354534094420114,-0.017595
17684,72.576,-2.149634773218816,-0.017595
17694,72.28,-1.5354534094420114,-0.017595
17704,72.576,-1.5354534094420114,-0.017595
17715,72.576,-2.149634773218816,-0.02346
17724,72.28,-2.149634773218816,-0.017595
17734,72.28,-2.149634773218816,-0.017595
17744,72.28,-1.5354534094420114,-0.017595
17755,72.576,-2.149634773218816,-0.017595
17765,72.28,-2.149634773218816,-0.017595
17775,72.28,-1.5354534094420114,-0.017595
17785,72.28,-1.5354534094420114,-0.017595
17795,72.28,-2.149634773218816,-0.017595
17805,72.28,-2.149634773218816,-0.017595
17815,72.28,-2.149634773218816,-0.017595
17825,72.576,-1.5354534094420114,-0.01173
17836,72.576,-2.149634773218816,-0.017595
17846,72.28,-2.149634773218816,-0.017595
17856,72.576,-2.149634773218816,-0.017595
17865,72.28,-1.5354534094420114,-0.01173
17875,72.28,-1.5354534094420114,-0.017595
17886,72.28,-2.149634773218816,-0.017595
17896,72.28,-2.149634773218816,-0.017595
17906,72.28,-2.149634773218816,-0.017595
17916,72.28,-2.149634773218816,-0.017595
17927,72.28,-1.5354534094420114,-0.01173
17936,72.576,-2.149634773218816,-0.01173
17946,72.28,-2.149634773218816,-0.02346
17956,72.28,-2.149634773218816,-0.02346
17967,72.576,-2.149634773218816,-0.02346
17977,72.28,-2.149634773218816,-0.017595
17987,72.28,-1.5354534094420114,-0.017595
17997,72.28,-2.149634773218816,-0.01173
18007,72.576,-2.149634773218816,-0.017595
18017,72.28,-2.149634773218816,-0.02346
18027,72.28,-2.149634773218816,-0.017595
18037,72.28,-2.149634773218816,-0.02346
18048,72.576,-1.5354534094420114,-0.02346
18058,72.28,-2.149634773218816,-0.02346
18068,72.28,-2.149634773218816,-0.017595
18077,72.28,-2.149634773218816,-0.02346
18087,72.28,-2.149634773218816,-0.02346
18098,72.576,-2.149634773218816,-0.02346
18108,72.576,-2.149634773218816,-0.017595
18118,72.576,-2.149634773218816,-0.017595
18128,72.576,-1.5354534094420114,-0.01173
18138,72.576,-2.149634773218816,-0.005865
18148,72.576,-1.5354534094420114,-0.005865
18158,72.576,-2.149634773218816,0.0
18168,72.576,-1.5354534094420114,0.0
18179,72.576,-1.5354534094420114,0.0
18189,72.576,-1.5354534094420114,0.0
18199,72.28,-2.149634773218816,0.0
18208,72.28,-1.5354534094420114,0.005865
18219,72.28,-1.5354534094420114,0.0
18229,72.28,-1.5354534094420114,-0.005865
18239,72.28,-2.149634773218816,-0.005865
18249,72.576,-2.149634773218816,-0.01173
18259,72.28,-2.149634773218816,-0.01173
18270,72.576,-2.149634773218816,-0.017595
18280,72.576,-1.5354534094420114,0.0
18289,72.28,-2.149634773218816,-0.017595
18299,72.576,-2.149634773218816,-0.017595
18310,72.576,-1.5354534094420114,-0.017595
18320,72.576,-1.5354534094420114,-0.017595
18330,72.28,-2.149634773218816,-0.01173
18340,72.28,-2.149634773218816,-0.005865
18351,72.576,-1.5354534094420114,0.0
18361,72.28,-2.149634773218816,-0.005865
18370,72.576,-2.149634773218816,0.0
18380,72.576,-2.149634773218816,0.0
18391,72.87200000000001,-2.7638161369956205,-0.005865
18401,72.576,-2.149634773218816,0.0
18411,72.576,-2.149634773218816,0.0
18421,72.576,-2.149634773218816,0.005865
18432,72.576,-2.149634773218816,0.005865
18441,72.576,-2.149634773218816,0.005865
18451,72.576,-2.149634773218816,0.005865
18461,72.576,-1.5354534094420114,0.005865
18471,72.576,-2.149634773218816,0.0
18482,72.576,-1.5354534094420114,0.005865
18492,72.576,-2.149634773218816,0.005865
18502,72.576,-1.5354534094420114,0.005865
18511,72.576,-2.149634773218816,0.005865
18522,72.576,-2.149634773218816,0.005865
18532,72.576,-1.5354534094420114,0.005865
18542,72.576,-2.149634773218816,0.005865
18552,72.576,-1.5354534094420114,0.005865
18563,72.576,-2.149634773218816,0.0
18573,72.576,-0.9212720456652067,0.01173
18582,72.576,-2.149634773218816,0.0
18592,72.576,-2.149634773218816,0.0
18603,72.576,-2.149634773218816,0.0
18613,72.576,-2.149634773218816,0.0
18623,72.576,-1.5354534094420114,0.005865
18633,72.576,-1.5354534094420114,0.0
18642,72.576,-1.5354534094420114,0.0
18653,72.576,-2.149634773218816,0.0
18663,72.576,-2.149634773218816,0.0
18673,72.576,-2.149634773218816,0.0
18683,72.576,-1.5354534094420114,0.0
18694,72.576,-1.5354534094420114,0.005865
18704,72.576,-1.5354534094420114,0.0
18713,72.576,-2.149634773218816,0.0
18723,72.576,-2.149634773218816,0.0
18734,72.576,-1.5354534094420114,0.005865
18744,72.28,-2.149634773218816,0.0
18754,72.576,-2.149634773218816,0.005865
18764,72.28,-2.149634773218816,0.0
18775,72.576,-1.5354534094420114,0.0
18785,72.576,-1.5354534094420114,0.005865
18794,72.576,-2.149634773218816,0.005865
18804,72.576,-1.5354534094420114,0.005865
18814,72.576,-1.5354534094420114,0.005865
18825,72.28,-1.5354534094420114,0.005865
18835,72.28,-2.149634773218816,0.005865
18845,72.576,-2.149634773218816,0.005865
18854,72.576,-2.149634773218816,0.005865
18865,72.576,-2.149634773218816,0.005865
18875,72.576,-1.5354534094420114,0.005865
18885,72.576,-2.149634773218816,0.0
18895,72.576,-1.5354534094420114,0.005865
18906,72.576,-1.5354534094420114,0.0
18916,72.576,-1.5354534094420114,0.005865
18925,72.87200000000001,-2.7638161369956205,-0.005865
18935,72.576,-2.149634773218816,0.0
18946,72.576,-2.149634773218816,0.0
18956,72.576,-1.5354534094420114,-0.005865
18966,72.28,-1.5354534094420114,-0.005865
18976,72.28,-1.5354534094420114,0.0
18987,71.98400000000001,-1.5354534094420114,0.0
18996,72.28,-1.5354534094420114,-0.005865
19006,72.28,-2.149634773218816,-0.005865
19016,72.28,-2.149634773218816,-0.01173
19026,72.28,-1.5354534094420114,-0.017595
19037,72.28,-1.5354534094420114,-0.01173
19047,72.576,-1.5354534094420114,-0.017595
19057,72.28,-1.5354534094420114,-0.017595
19066,72.28,-1.5354534094420114,-0.017595
19077,72.576,-1.5354534094420114,-0.017595
19087,72.28,-1.5354534094420114,-0.017595
19097,72.576,-2.149634773218816,-0.017595
19107,72.28,-1.5354534094420114,-0.017595
19118,72.576,-2.149634773218816,-0.017595
19128,72.28,-2.149634773218816,-0.017595
19137,72.28,-1.5354534094420114,-0.017595
19147,72.576,-2.149634773218816,-0.017595
19158,72.576,-1.5354534094420114,-0.017595
19168,72.576,-2.149634773218816,-0.017595
19178,72.28,-2.149634773218816,-0.02346
19188,72.28,-2.149634773218816,-0.02346
19198,72.28,-2.149634773218816,-0.02346
19209,72.28,-2.149634773218816,-0.02346
19218,72.576,-2.149634773218816,-0.02346
19228,72.28,-2.149634773218816,-0.017595
19238,72.28,-2.149634773218816,-0.02346
19249,72.576,-1.5354534094420114,-0.02346
19259,72.576,-1.5354534094420114,-0.017595
19269,72.576,-2.149634773218816,-0.017595
19279,72.28,-1.5354534094420114,-0.017595
19290,72.576,-2.149634773218816,-0.017595
19299,72.576,-1.5354534094420114,-0.017595
19309,72.28,-1.5354534094420114,-0.02346
19319,72.28,-2.149634773218816,-0.017595
19330,72.576,-2.149634773218816,-0.017595
19340,72.28,-1.5354534094420114,-0.01173
19350,72.576,-1.5354534094420114,-0.017595
19360,72.28,-2.149634773218816,-0.017595
19369,72.576,-1.5354534094420114,-0.017595
19380,72.28,-1.5354534094420114,-0.017595
19390,72.28,-2.149634773218816,-0.02346
19400,72.28,-1.5354534094420114,-0.017595
19410,72.28,-2.149634773218816,-0.017595
19421,72.28,-1.5354534094420114,-0.017595
19430,72.28,-1.5354534094420114,-0.01173
19440,72.28,-1.5354534094420114,-0.017595
19450,72.576,-1.5354534094420114,-0.017595
19461,72.576,-1.5354534094420114,-0.01173
19471,72.28,-1.5354534094420114,-0.017595
19481,72.28,-1.5354534094420114,-0.017595
19491,72.28,-2.149634773218816,-0.017595
19501,72.576,-2.149634773218816,-0.017595
19511,72.28,-2.149634773218816,-0.017595
19521,72.28,-1.5354534094420114,-0.017595
19531,72.28,-2.149634773218816,-0.017595
19542,72.576,-1.5354534094420114,-0.01173
19552,72.28,-2.149634773218816,-0.017595
19562,72.28,-2.149634773218816,-0.017595
19571,72.576,-2.149634773218816,-0.017595
19581,72.576,-2.149634773218816,-0.017595
19592,72.28,-2.149634773218816,-0.017595
19602,72.28,-2.149634773218816,-0.017595
19612,72.576,-1.5354534094420114,-0.017595
19622,72.576,-2.149634773218816,-0.017595
19633,72.28,-2.149634773218816,-0.017595
19642,72.28,-2.149634773218816,-0.017595
19652,72.576,-2.149634773218816,-0.017595
19662,72.576,-2.149634773218816,-0.017595
19673,72.576,-1.5354534094420114,-0.017595
19683,72.576,-1.5354534094420114,-0.01173
19693,72.28,-1.5354534094420114,-0.005865
19702,72.576,-2.149634773218816,-0.005865
19713,72.576,-2.149634773218816,-0.005865
19723,72.576,-2.149634773218816,0.0
19733,72.576,-2.149634773218816,-0.005865
19743,72.576,-2.149634773218816,-0.005865
19753,72.576,-2.149634773218816,0.0
19764,72.87200000000001,-2.149634773218816,0.0
19774,72.576,-2.149634773218816,0.0
19783,72.576,-2.149634773218816,0.0
19793,72.576,-1.5354534094420114,0.005865
19804,72.28,-1.5354534094420114,0.0
19814,72.28,-2.149634773218816,0.0
19824,72.576,-2.149634773218816,0.005865
19834,72.576,-1.5354534094420114,0.0
19844,72.576,-2.149634773218816,0.0
19854,72.576,-2.149634773218816,0.005865
19864,72.576,-2.149634773218816,0.005865
19874,72.576,-1.5354534094420114,0.005865
19885,72.576,-1.5354534094420114,0.005865
19895,72.576,-2.149634773218816,0.005865
19905,72.576,-1.5354534094420114,0.005865
19915,72.576,-1.5354534094420114,0.005865
19924,72.576,-1.5354534094420114,0.005865
19935,72.28,-2.149634773218816,0.0
19945,72.576,-1.5354534094420114,0.005865
19955,72.28,-1.5354534094420114,0.0
19965,72.87200000000001,-0.9212720456652067,0.005865
19976,72.576,-2.149634773218816,0.0
19986,72.576,-2.149634773218816,0.005865
19995,72.576,-2.149634773218816,0.005865
20005,72.576,-1.5354534094420114,0.005865
20016,72.576,-2.149634773218816,0.0
20026,72.576,-1.5354534094420114,0.0
20036,72.576,-2.149634773218816,0.0
20046,72.576,-2.149634773218816,0.0
20057,72.576,-2.149634773218816,0.0
20067,72.576,-2.149634773218816,0.0
20076,72.576,-2.149634773218816,0.0
20086,72.576,-2.149634773218816,0.005865
20097,72.576,-2.149634773218816,0.0
20107,72.576,-2.149634773218816,0.0
20117,72.576,-2.149634773218816,0.0
20127,72.28,-2.149634773218816,0.0
20136,72.576,-1.5354534094420114,0.0
20147,72.28,-1.5354534094420114,0.0
20157,72.576,-2.149634773218816,0.005865
20167,72.28,-1.5354534094420114,0.005865
20177,72.576,-2.149634773218816,0.005865
20188,72.576,-1.5354534094420114,0.005865
20198,72.576,-1.5354534094420114,0.005865
20208,72.576,-2.149634773218816,0.0
20217,72.576,-2.149634773218816,0.0
20228,72.576,-2.149634773218816,0.0
20238,72.576,-0.9212720456652067,0.005865
20248,72.87200000000001,-2.7638161369956205,-0.005865
20258,72.576,-2.149634773218816,0.0
20269,72.576,-1.5354534094420114,0.0
20279,72.576,-2.149634773218816,0.0
20288,72.576,-2.149634773218816,0.0
20298,72.576,-2.149634773218816,0.0
20308,72.576,-2.149634773218816,-0.005865
20319,72.576,-2.149634773218816,-0.005865
20329,72.576,-1.5354534094420114,-0.005865
20339,72.87200000000001,-1.5354534094420114,-0.005865
20349,72.576,-2.149634773218816,-0.005865
20360,72.576,-2.149634773218816,-0.005865
20369,72.576,-1.5354534094420114,0.0
20379,72.576,-2.149634773218816,-0.005865
20389,72.576,-2.149634773218816,0.0
20400,72.576,-1.5354534094420114,0.0
20410,72.576,-2.149634773218816,0.0
20420,72.576,-2.149634773218816,0.0
20430,72.576,-2.149634773218816,0.005865
20440,72.28,-2.149634773218816,0.0
20450,72.576,-2.149634773218816,0.0
20460,72.576,-1.5354534094420114,-0.005865
20470,72.576,-2.149634773218816,-0.005865
20481,72.576,-1.5354534094420114,0.0
20491,72.576,-1.5354534094420114,0.0
20501,72.576,-2.149634773218816,0.0
20510,72.28,-1.5354534094420114,-0.005865
20520,72.576,-2.149634773218816,0.0
20531,72.576,-1.5354534094420114,0.0
20541,72.576,-2.149634773218816,-0.005865
20551,72.28,-2.149634773218816,-0.005865
20561,72.28,-2.149634773218816,0.0
20572,72.576,-2.149634773218816,0.0
20581,72.576,-2.149634773218816,0.0
20591,72.576,-2.149634773218816,0.0
20601,72.28,-1.5354534094420114,0.0
20612,72.576,-1.5354534094420114,0.005865
20622,72.28,-2.149634773218816,0.0
20632,72.576,-2.149634773218816,-0.005865
20642,72.28,-2.149634773218816,-0.01173
20652,72.28,-1.5354534094420114,-0.017595
20662,72.28,-2.149634773218816,-0.017595
20672,72.28,-2.149634773218816,-0.017595
20682,72.28,-2.149634773218816,-0.01173
20692,72.576,-2.149634773218816,-0.017595
20703,72.28,-2.149634773218816,-0.017595
20712,72.576,-1.5354534094420114,-0.017595
20722,72.28,-1.5354534094420114,-0.017595
20732,72.576,-2.149634773218816,-0.02346
20743,72.28,-1.5354534094420114,-0.017595
20753,72.576,-2.149634773218816,-0.02346
20763,72.28,-2.149634773218816,-0.01173
20773,72.28,-2.149634773218816,-0.02346
20784,72.28,-1.5354534094420114,-0.02346
20793,72.28,-2.149634773218816,-0.02346
20803,72.28,-2.149634773218816,-0.017595
20813,72.28,-2.149634773218816,-0.017595
20824,72.28,-1.5354534094420114,-0.017595
20834,72.576,-1.5354534094420114,-0.02346
20844,72.28,-1.5354534094420114,-0.02346
20853,72.28,-1.5354534094420114,-0.017595
20864,72.576,-2.149634773218816,-0.017595
20874,72.28,-1.5354534094420114,-0.017595
20884,72.576,-2.149634773218816,-0.017595
20894,72.28,-2.149634773218816,-0.017595
20904,72.28,-1.5354534094420114,-0.017595
20915,72.28,-1.5354534094420114,-0.017595
20924,72.28,-2.149634773218816,-0.017595
20934,72.28,-2.149634773218816,-0.017595
20944,72.28,-2.149634773218816,-0.017595
20955,72.28,-1.5354534094420114,-0.017595
20965,72.576,-1.5354534094420114,-0.01173
20975,72.28,-2.149634773218816,-0.017595
20985,72.28,-1.5354534094420114,-0.017595
20995,72.28,-2.149634773218816,-0.017595
21005,72.28,-2.149634773218816,-0.02346
21015,72.28,-2.149634773218816,-0.02346
21025,72.28,-2.149634773218816,-0.02346
21036,72.576,-2.149634773218816,-0.02346
21046,72.28,-2.149634773218816,-0.017595
21056,72.28,-2.149634773218816,-0.02346
21065,72.28,-2.149634773218816,-0.02346
21075,72.576,-1.5354534094420114,-0.02346
21086,72.28,-1.5354534094420114,-0.017595
21096,72.28,-2.149634773218816,-0.01173
21106,72.28,-1.5354534094420114,-0.017595
21116,72.28,-1.5354534094420114,-0.017595
21127,72.576,-2.149634773218816,-0.017595
21136,72.576,-1.5354534094420114,-0.017595
21146,72.28,-1.5354534094420114,-0.017595
21156,72.28,-1.5354534094420114,-0.017595
21167,72.28,-2.149634773218816,-0.017595
21177,72.28,-1.5354534094420114,-0.017595
21187,72.28,-2.149634773218816,-0.017595
21197,72.28,-1.5354534094420114,-0.017595
21207,72.28,-1.5354534094420114,-0.017595
21217,72.28,-2.149634773218816,-0.017595
21227,72.28,-1.5354534094420114,-0.017595
21237,72.28,-1.5354534094420114,-0.017595
21248,72.28,-2.149634773218816,-0.01173
21258,72.28,-2.149634773218816,-0.017595
21268,72.28,-1.5354534094420114,-0.017595
21277,72.28,-2.149634773218816,-0.017595
21287,72.28,-1.5354534094420114,-0.017595
21298,72.28,-2.149634773218816,-0.017595
21308,72.28,-1.5354534094420114,-0.01173
21318,72.576,-2.149634773218816,-0.017595
21328,72.576,-2.149634773218816,-0.017595
21339,72.576,-2.149634773218816,-0.017595
21348,72.576,-2.149634773218816,-0.017595
21358,72.28,-1.5354534094420114,-0.017595
21368,72.28,-1.5354534094420114,-0.017595
21379,72.576,-1.5354534094420114,-0.017595
21389,72.576,-2.149634773218816,-0.017595
21399,72.28,-1.5354534094420114,-0.017595
21409,72.576,-2.149634773218816,-0.017595
21419,72.28,-2.149634773218816,-0.017595
21429,72.28,-2.149634773218816,-0.017595
21439,72.28,-2.149634773218816,-0.017595
21449,72.28,-2.149634773218816,-0.017595
21459,72.576,-2.149634773218816,-0.01173
21470,72.28,-2.149634773218816,-0.017595
21480,72.576,-1.5354534094420114,-0.01173
21490,72.28,-2.149634773218816,-0.017595
21499,72.28,-2.149634773218816,-0.017595
21510,72.28,-2.149634773218816,-0.017595
21520,72.28,-1.5354534094420114,-0.017595
21530,72.576,-2.149634773218816,-0.017595
21540,72.28,-2.149634773218816,-0.01173
21551,72.28,-2.149634773218816,-0.017595
21561,72.28,-2.149634773218816,-0.017595
21570,72.28,-1.5354534094420114,-0.01173
21580,72.576,-1.5354534094420114,-0.017595
21591,72.28,-2.149634773218816,-0.017595
21601,72.28,-1.5354534094420114,-0.005865
21611,72.28,-2.149634773218816,-0.005865
21621,72.28,-2.149634773218816,-0.005865
21630,72.576,-1.5354534094420114,-0.005865
21641,72.576,-2.149634773218816,0.0
21651,72.576,-2.149634773218816,0.0
21661,72.576,-2.149634773218816,0.0
21671,72.28,-1.5354534094420114,0.0
