time,angle,velocity,current
301,26.99200000000002,-2.149634773218816,0.0
523,26.99200000000002,-2.149634773218816,-0.005865
533,27.28800000000001,-1.5354534094420114,-0.005865
543,27.28800000000001,-2.149634773218816,-0.005865
552,27.28800000000001,-2.149634773218816,-0.005865
563,27.28800000000001,-2.149634773218816,-0.01173
573,27.584000000000003,-2.149634773218816,-0.01173
583,27.28800000000001,-1.5354534094420114,-0.005865
593,27.584000000000003,-1.5354534094420114,-0.01173
604,27.584000000000003,-2.149634773218816,-0.01173
614,27.584000000000003,-2.149634773218816,-0.01173
623,27.584000000000003,-1.5354534094420114,-0.01173
633,27.28800000000001,-2.149634773218816,-0.017595
644,27.584000000000003,-2.149634773218816,-0.005865
654,27.584000000000003,-2.149634773218816,-0.01173
664,27.28800000000001,-2.149634773218816,-0.01173
674,27.584000000000003,-2.149634773218816,-0.01173
685,27.584000000000003,-1.5354534094420114,-0.01173
695,27.584000000000003,-2.149634773218816,-0.01173
705,27.584000000000003,-2.149634773218816,-0.01173
714,27.584000000000003,-2.149634773218816,-0.01173
724,27.584000000000003,-1.5354534094420114,-0.01173
735,27.584000000000003,-1.5354534094420114,-0.01173
745,27.584000000000003,-2.149634773218816,-0.01173
755,27.584000000000003,-1.5354534094420114,-0.005865
765,27.584000000000003,-1.5354534094420114,-0.005865
775,27.584000000000003,-2.149634773218816,-0.01173
785,27.584000000000003,-2.149634773218816,-0.01173
795,27.584000000000003,-1.5354534094420114,-0.01173
805,27.584000000000003,-2.149634773218816,-0.01173
816,27.584000000000003,-2.149634773218816,-0.005865
826,27.584000000000003,-1.5354534094420114,-0.01173
836,27.28800000000001,-2.149634773218816,-0.005865
846,27.28800000000001,-1.5354534094420114,-0.01173
856,27.28800000000001,-2.149634773218816,-0.01173
866,27.28800000000001,-2.149634773218816,-0.01173
876,26.99200000000002,-2.149634773218816,-0.005865
886,27.28800000000001,-2.149634773218816,0.0
897,27.28800000000001,-1.5354534094420114,0.0
907,27.28800000000001,-1.5354534094420114,-0.005865
917,27.584000000000003,-2.149634773218816,-0.005865
926,27.28800000000001,-1.5354534094420114,0.0
936,27.28800000000001,-2.149634773218816,-0.005865
947,27.28800000000001,-2.149634773218816,-0.005865
957,27.28800000000001,-1.5354534094420114,0.0
967,27.584000000000003,-2.149634773218816,-0.005865
977,27.28800000000001,-2.149634773218816,-0.005865
988,27.28800000000001,-1.5354534094420114,0.005865
997,27.28800000000001,-2.149634773218816,0.0
1007,27.28800000000001,-1.5354534094420114,0.0
1017,27.28800000000001,-1.5354534094420114,0.0
1028,27.28800000000001,-2.149634773218816,0.0
1038,27.28800000000001,-2.149634773218816,0.0
1048,26.99200000000002,-2.149634773218816,0.0
1057,27.28800000000001,-2.149634773218816,0.0
1068,27.28800000000001,-2.149634773218816,0.0
1078,27.584000000000003,-1.5354534094420114,0.0
1088,27.28800000000001,-2.149634773218816,0.0
1101,27.28800000000001,-1.5354534094420114,0.0
1111,27.584000000000003,-1.5354534094420114,0.005865
1121,27.28800000000001,-2.149634773218816,0.0
1131,27.28800000000001,-2.149634773218816,-0.005865
1141,27.28800000000001,-1.5354534094420114,0.0
1152,27.28800000000001,-2.149634773218816,-0.005865
1162,27.28800000000001,-2.149634773218816,-0.005865
1171,27.28800000000001,-2.149634773218816,-0.005865
1181,27.584000000000003,-1.5354534094420114,-0.005865
1191,27.28800000000001,-2.149634773218816,-0.01173
1202,27.584000000000003,-2.149634773218816,0.0
1212,27.28800000000001,-1.5354534094420114,0.0
1222,27.584000000000003,-1.5354534094420114,-0.005865
1232,27.584000000000003,-2.149634773218816,-0.005865
1242,27.584000000000003,-1.5354534094420114,-0.005865
1252,27.584000000000003,-1.5354534094420114,-0.005865
1262,27.28800000000001,-1.5354534094420114,-0.005865
1272,27.28800000000001,-1.5354534094420114,-0.005865
1283,27.584000000000003,-1.5354534094420114,-0.005865
1293,27.584000000000003,-2.149634773218816,-0.005865
1303,27.28800000000001,-1.5354534094420114,-0.005865
1312,27.28800000000001,-2.149634773218816,-0.01173
1323,27.584000000000003,-2.149634773218816,-0.01173
1333,27.584000000000003,-2.149634773218816,-0.01173
1343,27.28800000000001,-1.5354534094420114,-0.01173
1353,27.584000000000003,-1.5354534094420114,-0.01173
1363,27.584000000000003,-1.5354534094420114,-0.01173
1374,27.584000000000003,-2.149634773218816,-0.01173
1383,27.584000000000003,-2.149634773218816,-0.01173
1393,27.584000000000003,-2.149634773218816,-0.01173
1403,27.584000000000003,-1.5354534094420114,-0.01173
1414,27.584000000000003,-1.5354534094420114,-0.01173
1424,27.584000000000003,-2.149634773218816,-0.01173
1434,27.584000000000003,-2.149634773218816,-0.017595
1444,27.584000000000003,-2.149634773218816,-0.01173
1454,27.584000000000003,-2.149634773218816,-0.01173
1464,27.584000000000003,-2.149634773218816,-0.01173
1474,27.28800000000001,-2.149634773218816,-0.01173
1484,27.28800000000001,-2.149634773218816,-0.01173
1495,27.28800000000001,-1.5354534094420114,-0.01173
1505,27.28800000000001,-1.5354534094420114,-0.005865
1514,27.28800000000001,-2.149634773218816,-0.005865
1524,27.28800000000001,-2.149634773218816,-0.005865
1534,27.28800000000001,-1.5354534094420114,-0.005865
1545,26.99200000000002,-2.149634773218816,0.0
1555,27.879999999999995,-2.149634773218816,0.0
1565,27.28800000000001,-1.5354534094420114,0.0
1574,27.28800000000001,-1.5354534094420114,-0.005865
1585,27.28800000000001,-2.149634773218816,0.0
1595,27.28800000000001,-1.5354534094420114,-0.005865
1605,27.28800000000001,-2.149634773218816,0.0
1615,27.28800000000001,-1.5354534094420114,-0.005865
1626,27.28800000000001,-2.149634773218816,-0.005865
1636,27.28800000000001,-1.5354534094420114,0.0
1645,27.584000000000003,-2.149634773218816,0.0
1655,27.28800000000001,-2.149634773218816,0.0
1666,27.28800000000001,-2.149634773218816,0.0
1676,27.28800000000001,-2.149634773218816,0.0
1686,27.28800000000001,-1.5354534094420114,-0.005865
1696,27.28800000000001,-1.5354534094420114,0.005865
1707,27.28800000000001,-1.5354534094420114,0.0
1716,27.584000000000003,-2.149634773218816,-0.005865
1726,27.28800000000001,-1.5354534094420114,-0.005865
1736,27.28800000000001,-1.5354534094420114,-0.005865
1746,27.28800000000001,-2.7638161369956205,-0.005865
1757,27.28800000000001,-1.5354534094420114,0.0
1767,27.28800000000001,-1.5354534094420114,0.0
1777,27.28800000000001,-1.5354534094420114,-0.005865
1786,27.28800000000001,-2.149634773218816,0.0
1797,27.584000000000003,-1.5354534094420114,0.0
1807,27.584000000000003,-1.5354534094420114,0.0
1819,27.584000000000003,-2.149634773218816,0.0
1829,27.584000000000003,-2.149634773218816,-0.005865
1840,27.584000000000003,-1.5354534094420114,-0.005865
1850,27.584000000000003,-1.5354534094420114,-0.005865
1860,27.28800000000001,-1.5354534094420114,-0.01173
1869,27.584000000000003,-2.149634773218816,-0.01173
1880,27.584000000000003,-2.149634773218816,-0.01173
1890,27.584000000000003,-1.5354534094420114,-0.01173
1900,27.584000000000003,-2.149634773218816,-0.01173
1910,27.28800000000001,-2.149634773218816,-0.01173
1921,27.584000000000003,-1.5354534094420114,-0.01173
1931,27.584000000000003,-2.149634773218816,-0.01173
1941,27.584000000000003,-1.5354534094420114,-0.01173
1950,27.584000000000003,-2.149634773218816,-0.01173
1960,27.584000000000003,-2.149634773218816,-0.017595
1971,27.28800000000001,-1.5354534094420114,-0.01173
1981,27.584000000000003,-2.149634773218816,-0.01173
1991,27.584000000000003,-2.149634773218816,-0.017595
2001,27.584000000000003,-2.149634773218816,-0.017595
2012,27.584000000000003,-1.5354534094420114,-0.017595
2021,27.28800000000001,-2.149634773218816,-0.017595
2031,27.28800000000001,-2.149634773218816,-0.01173
2041,27.584000000000003,-2.149634773218816,-0.017595
2052,27.584000000000003,-2.149634773218816,-0.017595
2062,27.584000000000003,-2.149634773218816,-0.017595
2072,27.584000000000003,-2.149634773218816,-0.017595
2081,27.28800000000001,-2.149634773218816,-0.017595
2092,27.28800000000001,-2.149634773218816,-0.017595
2102,27.28800000000001,-1.5354534094420114,-0.01173
2112,27.28800000000001,-2.149634773218816,-0.01173
2122,27.28800000000001,-2.149634773218816,-0.01173
2132,27.28800000000001,-2.149634773218816,-0.005865
2143,27.28800000000001,-1.5354534094420114,-0.005865
2152,27.28800000000001,-2.149634773218816,-0.005865
2162,27.28800000000001,-2.149634773218816,-0.005865
2172,27.28800000000001,-1.5354534094420114,-0.005865
2183,27.28800000000001,-1.5354534094420114,-0.005865
2193,27.28800000000001,-2.149634773218816,-0.005865
2203,27.584000000000003,-1.5354534094420114,-0.005865
2213,27.28800000000001,-2.149634773218816,-0.005865
2223,27.28800000000001,-1.5354534094420114,-0.005865
2233,27.28800000000001,-2.149634773218816,-0.005865
2243,27.28800000000001,-1.5354534094420114,-0.005865
2253,27.584000000000003,-2.149634773218816,0.0
2264,27.28800000000001,-1.5354534094420114,-0.005865
2274,27.584000000000003,-1.5354534094420114,-0.005865
2284,27.28800000000001,-2.149634773218816,-0.005865
2293,27.28800000000001,-1.5354534094420114,0.0
2304,27.584000000000003,-2.149634773218816,0.0
2314,27.584000000000003,-1.5354534094420114,-0.005865
2324,27.28800000000001,-2.149634773218816,-0.005865
2334,27.584000000000003,-1.5354534094420114,-0.005865
2344,27.28800000000001,-1.5354534094420114,0.0
2355,27.879999999999995,-1.5354534094420114,0.0
2364,27.584000000000003,-1.5354534094420114,-0.005865
2374,27.584000000000003,-2.149634773218816,-0.005865
2384,27.28800000000001,-1.5354534094420114,-0.005865
2395,27.28800000000001,-2.149634773218816,-0.005865
2405,27.28800000000001,-2.149634773218816,-0.01173
2415,27.584000000000003,-2.149634773218816,-0.01173
2425,27.28800000000001,-1.5354534094420114,-0.01173
2435,27.584000000000003,-2.149634773218816,-0.017595
2445,27.584000000000003,-1.5354534094420114,-0.01173
2455,27.584000000000003,-2.149634773218816,-0.01173
2465,27.584000000000003,-2.149634773218816,-0.01173
2476,27.584000000000003,-1.5354534094420114,-0.01173
2486,27.584000000000003,-2.149634773218816,-0.01173
2496,27.584000000000003,-1.5354534094420114,-0.01173
2505,27.584000000000003,-1.5354534094420114,-0.01173
2515,27.28800000000001,-1.5354534094420114,-0.01173
2526,27.28800000000001,-2.149634773218816,-0.01173
2536,27.584000000000003,-1.5354534094420114,-0.01173
2546,27.584000000000003,-1.5354534094420114,-0.017595
2556,27.584000000000003,-2.149634773218816,-0.017595
2566,27.28800000000001,-2.149634773218816,-0.017595
2576,27.28800000000001,-1.5354534094420114,-0.017595
2586,27.584000000000003,-2.149634773218816,-0.017595
2596,27.584000000000003,-1.5354534094420114,-0.017595
2607,27.584000000000003,-1.5354534094420114,-0.017595
2617,27.584000000000003,-1.5354534094420114,-0.01173
2627,27.28800000000001,-2.149634773218816,-0.01173
2637,27.584000000000003,-1.5354534094420114,-0.01173
2647,27.584000000000003,-2.149634773218816,-0.01173
2657,27.584000000000003,-1.5354534094420114,-0.01173
2667,27.584000000000003,-2.149634773218816,-0.005865
2677,27.584000000000003,-2.149634773218816,-0.005865
2688,27.584000000000003,-2.149634773218816,-0.005865
2698,27.584000000000003,-2.149634773218816,-0.01173
2708,27.584000000000003,-1.5354534094420114,-0.01173
2717,27.28800000000001,-2.149634773218816,-0.01173
2727,27.584000000000003,-2.149634773218816,-0.01173
2738,27.28800000000001,-2.149634773218816,-0.01173
2748,27.28800000000001,-1.5354534094420114,-0.01173
2758,27.584000000000003,-1.5354534094420114,-0.01173
2768,27.28800000000001,-1.5354534094420114,-0.01173
2780,27.584000000000003,-2.149634773218816,-0.01173
2790,27.584000000000003,-2.149634773218816,-0.01173
2800,27.584000000000003,-1.5354534094420114,-0.01173
2810,27.28800000000001,-1.5354534094420114,-0.01173
2821,27.584000000000003,-1.5354534094420114,-0.01173
2830,27.584000000000003,-1.5354534094420114,-0.01173
2840,27.584000000000003,-1.5354534094420114,-0.005865
2850,27.584000000000003,-1.5354534094420114,-0.01173
2861,27.584000000000003,-1.5354534094420114,-0.01173
2871,27.28800000000001,-1.5354534094420114,-0.005865
2881,27.28800000000001,-2.149634773218816,-0.01173
2891,27.28800000000001,-1.5354534094420114,-0.01173
2900,27.28800000000001,-2.149634773218816,-0.005865
2911,27.28800000000001,-2.149634773218816,-0.005865
2921,27.28800000000001,-1.5354534094420114,-0.005865
2931,27.28800000000001,-1.5354534094420114,-0.005865
2941,27.28800000000001,-2.149634773218816,-0.005865
2952,27.28800000000001,-2.149634773218816,-0.005865
2961,27.28800000000001,-2.149634773218816,-0.005865
2971,27.28800000000001,-1.5354534094420114,-0.005865
2981,27.28800000000001,-1.5354534094420114,-0.005865
2992,27.28800000000001,-2.149634773218816,-0.005865
3002,27.28800000000001,-1.5354534094420114,-0.005865
3012,27.584000000000003,-1.5354534094420114,-0.005865
3022,27.28800000000001,-2.149634773218816,-0.005865
3033,27.28800000000001,-1.5354534094420114,0.0
3043,27.28800000000001,-2.149634773218816,-0.005865
3052,27.879999999999995,-2.7638161369956205,-0.017595
3062,27.28800000000001,-1.5354534094420114,-0.005865
3073,27.28800000000001,-2.149634773218816,-0.005865
3083,27.28800000000001,-1.5354534094420114,0.0
3093,27.584000000000003,-2.149634773218816,-0.005865
3103,27.28800000000001,-1.5354534094420114,-0.005865
3113,27.28800000000001,-2.149634773218816,-0.005865
3124,27.28800000000001,-2.149634773218816,-0.01173
3133,27.28800000000001,-2.149634773218816,-0.005865
3143,27.28800000000001,-2.149634773218816,-0.01173
3153,27.28800000000001,-2.149634773218816,-0.01173
3164,27.28800000000001,-1.5354534094420114,-0.005865
3174,27.28800000000001,-1.5354534094420114,-0.01173
3183,27.584000000000003,-2.149634773218816,-0.005865
3193,27.28800000000001,-2.149634773218816,-0.005865
3204,27.28800000000001,-1.5354534094420114,-0.005865
3214,27.28800000000001,-2.149634773218816,-0.01173
3224,27.28800000000001,-1.5354534094420114,-0.005865
3234,27.28800000000001,-2.149634773218816,-0.005865
3245,27.28800000000001,-2.149634773218816,0.0
3254,27.28800000000001,-1.5354534094420114,-0.005865
3264,27.28800000000001,-1.5354534094420114,0.0
3274,27.28800000000001,-2.149634773218816,-0.005865
3284,27.584000000000003,-1.5354534094420114,-0.005865
3295,27.28800000000001,-2.149634773218816,-0.005865
3305,26.99200000000002,-2.149634773218816,-0.01173
3315,27.28800000000001,-2.149634773218816,-0.005865
3324,27.28800000000001,-2.149634773218816,0.0
3335,27.28800000000001,-1.5354534094420114,0.0
3345,27.28800000000001,-1.5354534094420114,-0.005865
3355,27.28800000000001,-1.5354534094420114,-0.005865
3365,27.28800000000001,-1.5354534094420114,-0.005865
3376,27.28800000000001,-1.5354534094420114,0.0
3386,27.28800000000001,-1.5354534094420114,0.0
3396,27.28800000000001,-2.149634773218816,-0.005865
3405,27.28800000000001,-1.5354534094420114,0.0
3416,27.28800000000001,-2.149634773218816,0.0
3426,27.28800000000001,-2.149634773218816,0.0
3436,27.584000000000003,-2.149634773218816,-0.005865
3446,27.584000000000003,-1.5354534094420114,-0.005865
3457,27.584000000000003,-1.5354534094420114,-0.005865
3467,27.584000000000003,-1.5354534094420114,-0.005865
3477,27.584000000000003,-1.5354534094420114,-0.005865
3486,27.584000000000003,-1.5354534094420114,-0.005865
3496,27.584000000000003,-2.149634773218816,-0.01173
3507,27.28800000000001,-1.5354534094420114,-0.01173
3517,27.28800000000001,-1.5354534094420114,-0.01173
3527,27.28800000000001,-2.149634773218816,-0.01173
3537,27.28800000000001,-1.5354534094420114,-0.01173
3548,27.584000000000003,-1.5354534094420114,-0.01173
3558,27.28800000000001,-2.149634773218816,-0.01173
3567,27.28800000000001,-1.5354534094420114,-0.01173
3577,27.584000000000003,-1.5354534094420114,-0.01173
3588,27.584000000000003,-1.5354534094420114,-0.017595
3598,27.28800000000001,-2.149634773218816,-0.01173
3608,27.584000000000003,-2.149634773218816,-0.01173
3618,27.584000000000003,-1.5354534094420114,-0.01173
3629,27.28800000000001,-2.149634773218816,-0.01173
3638,27.584000000000003,-2.149634773218816,-0.01173
3648,27.28800000000001,-1.5354534094420114,-0.01173
3658,27.28800000000001,-1.5354534094420114,-0.01173
3668,27.584000000000003,-2.149634773218816,-0.01173
3679,27.584000000000003,-2.149634773218816,0.0
3689,27.28800000000001,-1.5354534094420114,-0.005865
3699,27.584000000000003,-2.149634773218816,-0.005865
3708,27.584000000000003,-2.149634773218816,-0.01173
3719,27.28800000000001,-1.5354534094420114,-0.005865
3729,27.584000000000003,-1.5354534094420114,-0.005865
3739,27.28800000000001,-2.149634773218816,-0.01173
3749,27.28800000000001,-2.149634773218816,-0.01173
3760,27.584000000000003,-1.5354534094420114,-0.005865
3769,27.584000000000003,-2.149634773218816,-0.005865
3779,27.584000000000003,-2.149634773218816,-0.01173
3789,27.28800000000001,-2.149634773218816,-0.005865
3800,27.584000000000003,-2.149634773218816,-0.005865
3810,27.28800000000001,-2.149634773218816,-0.005865
3820,27.584000000000003,-1.5354534094420114,-0.005865
3830,27.28800000000001,-2.149634773218816,-0.005865
3840,27.584000000000003,-2.149634773218816,-0.005865
3850,27.28800000000001,-1.5354534094420114,-0.005865
3860,27.28800000000001,-1.5354534094420114,-0.005865
3870,27.584000000000003,-1.5354534094420114,-0.005865
3880,27.584000000000003,-2.149634773218816,-0.005865
3891,27.584000000000003,-1.5354534094420114,-0.005865
3901,27.584000000000003,-1.5354534094420114,-0.005865
3910,27.584000000000003,-2.149634773218816,-0.01173
3920,27.584000000000003,-2.149634773218816,-0.005865
3931,27.584000000000003,-1.5354534094420114,-0.005865
3941,27.584000000000003,-2.149634773218816,-0.005865
3951,27.28800000000001,-1.5354534094420114,-0.005865
3961,27.584000000000003,-1.5354534094420114,-0.005865
3972,27.584000000000003,-2.149634773218816,-0.005865
3982,27.28800000000001,-1.5354534094420114,-0.01173
3991,27.584000000000003,-2.149634773218816,-0.005865
4001,27.584000000000003,-2.149634773218816,0.0
4012,27.584000000000003,-2.149634773218816,-0.01173
4022,27.584000000000003,-2.149634773218816,-0.005865
4032,27.584000000000003,-1.5354534094420114,-0.005865
4042,27.584000000000003,-2.149634773218816,-0.005865
4052,27.584000000000003,-2.149634773218816,-0.01173
4063,27.28800000000001,-2.149634773218816,-0.005865
4072,27.584000000000003,-2.149634773218816,-0.005865
4082,27.28800000000001,-2.149634773218816,-0.01173
4092,27.28800000000001,-2.149634773218816,-0.005865
4103,27.28800000000001,-1.5354534094420114,-0.005865
4113,27.28800000000001,-1.5354534094420114,-0.01173
4123,27.28800000000001,-2.149634773218816,-0.005865
4133,27.28800000000001,-2.149634773218816,-0.005865
4144,27.28800000000001,-2.149634773218816,-0.005865
4153,27.28800000000001,-2.149634773218816,-0.005865
4163,27.28800000000001,-2.149634773218816,-0.005865
4173,27.584000000000003,-2.149634773218816,-0.01173
4184,27.584000000000003,-1.5354534094420114,-0.01173
4194,27.28800000000001,-2.149634773218816,-0.01173
4204,27.28800000000001,-1.5354534094420114,-0.01173
4213,27.28800000000001,-2.149634773218816,-0.005865
4224,27.28800000000001,-2.149634773218816,-0.005865
4234,27.28800000000001,-2.149634773218816,-0.005865
4244,27.28800000000001,-2.149634773218816,-0.005865
4254,27.28800000000001,-1.5354534094420114,-0.005865
4264,27.28800000000001,-1.5354534094420114,-0.005865
4274,27.28800000000001,-1.5354534094420114,-0.005865
4284,27.28800000000001,-1.5354534094420114,-0.005865
4294,27.28800000000001,-2.149634773218816,-0.005865
4304,27.28800000000001,-1.5354534094420114,-0.005865
4315,27.28800000000001,-1.5354534094420114,0.0
4325,27.28800000000001,-1.5354534094420114,-0.005865
4335,27.28800000000001,-1.5354534094420114,0.0
4344,27.28800000000001,-1.5354534094420114,-0.005865
4355,27.28800000000001,-1.5354534094420114,0.0
4365,27.28800000000001,-2.149634773218816,0.0
4375,27.28800000000001,-1.5354534094420114,-0.005865
4385,27.28800000000001,-2.149634773218816,-0.005865
4396,26.99200000000002,-2.149634773218816,-0.005865
4406,27.28800000000001,-2.149634773218816,-0.01173
4415,27.28800000000001,-2.149634773218816,-0.005865
4425,27.28800000000001,-1.5354534094420114,-0.005865
4435,27.28800000000001,-2.149634773218816,-0.005865
4446,27.28800000000001,-1.5354534094420114,-0.005865
4456,27.28800000000001,-2.149634773218816,0.0
4466,27.28800000000001,-2.149634773218816,-0.005865
4476,27.28800000000001,-2.149634773218816,-0.005865
4486,26.99200000000002,-1.5354534094420114,-0.005865
4496,27.28800000000001,-2.149634773218816,-0.005865
4506,26.99200000000002,-2.149634773218816,-0.005865
4516,27.28800000000001,-2.149634773218816,-0.005865
4527,27.28800000000001,-1.5354534094420114,-0.005865
4537,27.28800000000001,-2.149634773218816,-0.005865
4547,27.584000000000003,-2.149634773218816,-0.005865
4557,27.28800000000001,-2.149634773218816,-0.005865
4567,27.584000000000003,-1.5354534094420114,-0.005865
4577,27.28800000000001,-1.5354534094420114,0.0
4587,27.28800000000001,-2.149634773218816,-0.005865
4597,27.28800000000001,-2.149634773218816,-0.005865
4608,27.28800000000001,-2.149634773218816,0.0
4618,27.28800000000001,-1.5354534094420114,-0.005865
4628,27.28800000000001,-2.149634773218816,-0.005865
4637,27.28800000000001,-1.5354534094420114,0.0
4647,27.28800000000001,-1.5354534094420114,-0.005865
4658,27.28800000000001,-2.149634773218816,-0.005865
4668,27.28800000000001,-2.149634773218816,-0.01173
4678,27.28800000000001,-1.5354534094420114,-0.005865
4688,27.28800000000001,-2.149634773218816,-0.01173
4699,27.28800000000001,-1.5354534094420114,-0.005865
4709,27.28800000000001,-2.149634773218816,0.0
4718,27.28800000000001,-1.5354534094420114,-0.005865
4728,27.28800000000001,-1.5354534094420114,0.0
4739,27.28800000000001,-1.5354534094420114,-0.005865
4749,27.584000000000003,-2.149634773218816,0.0
4759,26.99200000000002,-2.149634773218816,0.0
4769,27.28800000000001,-2.149634773218816,-0.005865
4779,27.584000000000003,-2.149634773218816,-0.005865
4789,27.584000000000003,-2.149634773218816,-0.005865
4799,27.584000000000003,-1.5354534094420114,-0.005865
4809,27.584000000000003,-1.5354534094420114,-0.005865
4819,27.584000000000003,-2.149634773218816,-0.005865
4830,27.584000000000003,-1.5354534094420114,-0.005865
4840,27.584000000000003,-1.5354534094420114,-0.005865
4850,27.584000000000003,-1.5354534094420114,-0.005865
4860,27.584000000000003,-1.5354534094420114,-0.005865
4870,27.584000000000003,-2.149634773218816,-0.01173
4880,27.584000000000003,-1.5354534094420114,-0.005865
4890,27.584000000000003,-2.149634773218816,-0.005865
4900,27.584000000000003,-1.5354534094420114,0.0
4911,27.584000000000003,-1.5354534094420114,0.0
4921,27.584000000000003,-2.149634773218816,-0.005865
4930,27.28800000000001,-1.5354534094420114,-0.005865
4940,27.28800000000001,-2.149634773218816,-0.005865
4951,27.584000000000003,-2.149634773218816,0.0
4961,27.584000000000003,-1.5354534094420114,-0.005865
4971,27.584000000000003,-2.149634773218816,-0.005865
4981,27.584000000000003,-2.149634773218816,-0.005865
4992,27.28800000000001,-1.5354534094420114,-0.005865
5002,27.584000000000003,-1.5354534094420114,-0.005865
5012,27.584000000000003,-2.149634773218816,0.0
5021,27.584000000000003,-1.5354534094420114,-0.005865
5031,27.584000000000003,-1.5354534094420114,-0.005865
5042,27.584000000000003,-2.149634773218816,-0.005865
5052,27.584000000000003,-1.5354534094420114,-0.005865
5062,27.584000000000003,-2.149634773218816,0.0
5072,27.584000000000003,-1.5354534094420114,-0.005865
5083,27.584000000000003,-2.149634773218816,-0.005865
5093,27.584000000000003,-1.5354534094420114,-0.005865
5103,27.584000000000003,-2.149634773218816,-0.005865
5112,27.28800000000001,-2.149634773218816,-0.01173
5123,27.28800000000001,-2.149634773218816,-0.005865
5133,27.584000000000003,-2.149634773218816,-0.005865
5143,27.28800000000001,-1.5354534094420114,-0.005865
5153,27.584000000000003,-2.149634773218816,-0.005865
5164,27.28800000000001,-1.5354534094420114,-0.005865
5174,27.584000000000003,-1.5354534094420114,-0.01173
5183,27.584000000000003,-1.5354534094420114,-0.01173
5193,27.584000000000003,-2.149634773218816,-0.005865
5203,27.584000000000003,-2.149634773218816,-0.005865
5214,27.584000000000003,-1.5354534094420114,-0.005865
5224,27.584000000000003,-2.149634773218816,-0.005865
5234,27.584000000000003,-1.5354534094420114,0.0
5243,27.584000000000003,-2.149634773218816,0.0
5254,27.584000000000003,-1.5354534094420114,-0.005865
5264,27.584000000000003,-2.149634773218816,-0.005865
5274,27.584000000000003,-1.5354534094420114,-0.005865
5284,27.584000000000003,-1.5354534094420114,-0.01173
5295,27.584000000000003,-2.149634773218816,-0.005865
5305,27.28800000000001,-1.5354534094420114,-0.005865
5314,27.584000000000003,-1.5354534094420114,-0.005865
5324,27.584000000000003,-1.5354534094420114,-0.005865
5335,27.28800000000001,-2.149634773218816,-0.005865
5345,27.28800000000001,-1.5354534094420114,-0.005865
5355,27.28800000000001,-2.149634773218816,-0.01173
5365,27.28800000000001,-2.149634773218816,-0.01173
5374,27.584000000000003,-2.149634773218816,-0.005865
5385,27.584000000000003,-2.149634773218816,-0.005865
5395,27.584000000000003,-1.5354534094420114,-0.005865
5405,27.584000000000003,-2.149634773218816,-0.005865
5415,27.28800000000001,-2.149634773218816,-0.005865
5426,27.584000000000003,-1.5354534094420114,-0.005865
5436,27.584000000000003,-2.149634773218816,-0.005865
5445,27.584000000000003,-1.5354534094420114,-0.01173
5455,27.584000000000003,-1.5354534094420114,-0.01173
5466,27.584000000000003,-1.5354534094420114,-0.01173
5476,27.28800000000001,-2.149634773218816,-0.01173
5486,27.584000000000003,-1.5354534094420114,-0.01173
5496,27.584000000000003,-1.5354534094420114,-0.01173
5507,27.584000000000003,-2.149634773218816,-0.01173
5516,27.584000000000003,-1.5354534094420114,-0.01173
5526,27.584000000000003,-1.5354534094420114,-0.01173
5536,27.28800000000001,-2.149634773218816,-0.01173
5547,27.584000000000003,-2.149634773218816,-0.01173
5557,27.584000000000003,-2.149634773218816,-0.01173
5567,27.28800000000001,-2.149634773218816,-0.01173
5576,27.584000000000003,-1.5354534094420114,-0.01173
5586,27.584000000000003,-1.5354534094420114,-0.01173
5597,27.584000000000003,-1.5354534094420114,-0.01173
5607,27.584000000000003,-2.149634773218816,-0.01173
5617,27.28800000000001,-1.5354534094420114,-0.01173
5627,27.28800000000001,-1.5354534094420114,-0.01173
5638,27.28800000000001,-2.149634773218816,-0.01173
5648,27.28800000000001,-1.5354534094420114,-0.01173
5657,27.28800000000001,-1.5354534094420114,-0.01173
5667,27.28800000000001,-2.149634773218816,-0.01173
5678,27.28800000000001,-1.5354534094420114,-0.01173
5688,27.28800000000001,-2.149634773218816,-0.01173
5698,27.28800000000001,-1.5354534094420114,-0.01173
5708,27.28800000000001,-2.149634773218816,-0.005865
5718,27.28800000000001,-1.5354534094420114,-0.005865
5728,27.28800000000001,-2.149634773218816,-0.005865
5738,27.28800000000001,-1.5354534094420114,-0.005865
5748,27.28800000000001,-1.5354534094420114,-0.005865
5758,27.28800000000001,-1.5354534094420114,-0.01173
5769,26.99200000000002,-2.149634773218816,-0.005865
5779,27.28800000000001,-1.5354534094420114,0.0
5788,27.28800000000001,-2.149634773218816,-0.005865
5798,27.28800000000001,-2.149634773218816,0.0
5809,27.28800000000001,-2.149634773218816,-0.005865
5819,27.28800000000001,-2.149634773218816,-0.005865
5829,27.28800000000001,-1.5354534094420114,0.0
5839,27.28800000000001,-2.149634773218816,-0.005865
5849,27.28800000000001,-2.149634773218816,-0.005865
5859,27.28800000000001,-1.5354534094420114,-0.01173
5869,27.28800000000001,-2.149634773218816,-0.005865
5879,27.28800000000001,-1.5354534094420114,-0.005865
5890,27.28800000000001,-2.149634773218816,-0.005865
5900,27.28800000000001,-1.5354534094420114,-0.005865
5910,27.28800000000001,-2.149634773218816,-0.005865
5919,27.28800000000001,-2.149634773218816,-0.005865
5929,27.28800000000001,-1.5354534094420114,-0.005865
5940,27.28800000000001,-1.5354534094420114,-0.005865
5950,27.28800000000001,-1.5354534094420114,-0.01173
5960,27.28800000000001,-2.149634773218816,-0.005865
5970,27.28800000000001,-2.149634773218816,-0.005865
5981,27.28800000000001,-2.149634773218816,-0.005865
5990,27.28800000000001,-2.149634773218816,-0.01173
6000,27.28800000000001,-2.149634773218816,-0.005865
6010,27.28800000000001,-1.5354534094420114,-0.005865
6021,27.28800000000001,-1.5354534094420114,-0.005865
6031,26.99200000000002,-2.149634773218816,-0.005865
6041,27.28800000000001,-1.5354534094420114,-0.01173
6051,27.28800000000001,-2.149634773218816,-0.005865
6062,27.28800000000001,-2.149634773218816,-0.005865
6071,27.28800000000001,-2.149634773218816,-0.005865
6081,27.28800000000001,-1.5354534094420114,-0.01173
6091,27.28800000000001,-2.149634773218816,-0.005865
6102,27.28800000000001,-2.149634773218816,-0.005865
6112,27.28800000000001,-1.5354534094420114,-0.005865
6122,27.28800000000001,-1.5354534094420114,-0.005865
6131,27.28800000000001,-1.5354534094420114,-0.005865
6141,27.584000000000003,-1.5354534094420114,0.0
6152,27.28800000000001,-1.5354534094420114,0.0
6162,27.28800000000001,-2.149634773218816,0.0
6172,27.28800000000001,-2.149634773218816,-0.005865
6182,27.28800000000001,-2.149634773218816,0.0
6193,27.28800000000001,-2.149634773218816,-0.005865
6203,26.99200000000002,-1.5354534094420114,-0.005865
6212,27.28800000000001,-1.5354534094420114,-0.005865
6222,27.28800000000001,-2.149634773218816,-0.005865
6233,27.584000000000003,-1.5354534094420114,-0.01173
6243,27.28800000000001,-1.5354534094420114,-0.005865
6253,27.28800000000001,-1.5354534094420114,-0.005865
6263,27.28800000000001,-1.5354534094420114,-0.005865
6274,27.28800000000001,-2.149634773218816,-0.005865
6283,27.28800000000001,-1.5354534094420114,-0.017595
6293,27.28800000000001,-2.149634773218816,-0.005865
6303,27.28800000000001,-2.149634773218816,-0.005865
6313,27.28800000000001,-2.149634773218816,-0.005865
6324,27.28800000000001,-2.149634773218816,-0.005865
6334,27.28800000000001,-1.5354534094420114,-0.005865
6344,27.28800000000001,-2.149634773218816,-0.005865
6353,27.28800000000001,-1.5354534094420114,-0.005865
6364,27.28800000000001,-1.5354534094420114,-0.01173
6374,27.28800000000001,-2.149634773218816,-0.005865
6384,27.28800000000001,-2.149634773218816,-0.005865
6394,27.28800000000001,-1.5354534094420114,-0.005865
6405,27.28800000000001,-2.7638161369956205,-0.005865
6414,27.28800000000001,-1.5354534094420114,-0.005865
6424,27.28800000000001,-2.149634773218816,-0.01173
6434,26.99200000000002,-2.149634773218816,0.0
6445,27.28800000000001,-2.149634773218816,0.0
6455,27.584000000000003,-1.5354534094420114,0.0
6465,27.28800000000001,-2.149634773218816,0.0
6475,27.584000000000003,-1.5354534094420114,0.0
6484,27.584000000000003,-2.149634773218816,0.0
6495,27.584000000000003,-2.149634773218816,-0.005865
6505,27.28800000000001,-2.149634773218816,-0.005865
6515,27.584000000000003,-2.149634773218816,0.0
6525,27.584000000000003,-2.149634773218816,0.0
6536,27.28800000000001,-2.149634773218816,-0.005865
6545,27.584000000000003,-2.149634773218816,-0.005865
6555,27.28800000000001,-2.149634773218816,0.0
6565,27.28800000000001,-2.149634773218816,-0.005865
6576,27.584000000000003,-2.149634773218816,-0.005865
6586,27.584000000000003,-2.149634773218816,-0.005865
6596,27.584000000000003,-2.149634773218816,-0.01173
6606,27.584000000000003,-2.149634773218816,-0.01173
6617,27.28800000000001,-2.149634773218816,-0.005865
6626,27.584000000000003,-2.149634773218816,-0.01173
6636,27.28800000000001,-1.5354534094420114,-0.005865
6646,27.584000000000003,-2.149634773218816,-0.005865
6657,27.584000000000003,-1.5354534094420114,-0.005865
6667,27.28800000000001,-1.5354534094420114,-0.005865
6677,27.584000000000003,-2.149634773218816,-0.01173
6687,27.584000000000003,-1.5354534094420114,-0.01173
6696,27.28800000000001,-1.5354534094420114,-0.005865
6707,27.584000000000003,-2.149634773218816,-0.005865
6717,27.28800000000001,-1.5354534094420114,-0.005865
6727,27.584000000000003,-2.149634773218816,-0.005865
6737,27.584000000000003,-1.5354534094420114,-0.005865
6748,27.584000000000003,-1.5354534094420114,-0.005865
6758,27.584000000000003,-1.5354534094420114,-0.005865
6767,27.584000000000003,-1.5354534094420114,-0.01173
6777,27.28800000000001,-2.149634773218816,-0.005865
6788,27.584000000000003,-2.149634773218816,-0.005865
6798,27.584000000000003,-1.5354534094420114,-0.01173
6808,27.584000000000003,-1.5354534094420114,-0.005865
6818,27.584000000000003,-2.149634773218816,-0.005865
6829,27.584000000000003,-2.149634773218816,-0.005865
6838,27.584000000000003,-1.5354534094420114,-0.005865
6848,27.584000000000003,-1.5354534094420114,-0.005865
6858,27.28800000000001,-2.149634773218816,-0.005865
6868,27.584000000000003,-1.5354534094420114,-0.005865
6879,27.584000000000003,-2.149634773218816,0.0
6889,27.584000000000003,-1.5354534094420114,-0.005865
6899,27.584000000000003,-2.149634773218816,0.0
6908,27.584000000000003,-1.5354534094420114,-0.005865
6919,27.584000000000003,-2.149634773218816,-0.005865
6929,27.584000000000003,-1.5354534094420114,-0.005865
6939,27.584000000000003,-2.149634773218816,0.0
6949,27.584000000000003,-2.149634773218816,0.0
6960,27.584000000000003,-1.5354534094420114,0.0
6970,27.584000000000003,-2.149634773218816,0.0
6979,27.584000000000003,-1.5354534094420114,0.0
6989,27.28800000000001,-2.149634773218816,-0.01173
7000,27.584000000000003,-2.149634773218816,-0.01173
7010,27.584000000000003,-2.149634773218816,-0.005865
7020,27.584000000000003,-2.149634773218816,-0.005865
7030,27.584000000000003,-2.149634773218816,-0.005865
7041,27.584000000000003,-2.149634773218816,-0.005865
7051,27.584000000000003,-2.149634773218816,-0.005865
7060,27.584000000000003,-2.149634773218816,-0.005865
7070,27.584000000000003,-2.149634773218816,-0.005865
7080,27.584000000000003,-1.5354534094420114,-0.005865
7091,27.584000000000003,-1.5354534094420114,-0.005865
7101,27.584000000000003,-1.5354534094420114,-0.005865
7111,27.584000000000003,-2.149634773218816,-0.005865
7121,27.584000000000003,-1.5354534094420114,-0.01173
7131,27.584000000000003,-2.149634773218816,-0.005865
7141,27.584000000000003,-2.149634773218816,-0.005865
7151,27.584000000000003,-2.149634773218816,-0.005865
7161,27.28800000000001,-1.5354534094420114,-0.005865
7172,27.584000000000003,-2.149634773218816,0.0
7182,27.28800000000001,-2.149634773218816,-0.005865
7192,27.584000000000003,-1.5354534094420114,-0.005865
7201,27.584000000000003,-1.5354534094420114,-0.005865
7212,27.584000000000003,-2.149634773218816,0.0
7222,27.584000000000003,-1.5354534094420114,0.0
7232,27.584000000000003,-1.5354534094420114,-0.005865
7242,27.584000000000003,-1.5354534094420114,0.0
7252,27.584000000000003,-2.149634773218816,-0.005865
7263,27.584000000000003,-2.149634773218816,0.0
7272,27.584000000000003,-2.149634773218816,0.0
7282,27.584000000000003,-2.149634773218816,-0.005865
7292,27.584000000000003,-1.5354534094420114,-0.005865
7303,27.584000000000003,-1.5354534094420114,-0.005865
7313,27.584000000000003,-2.149634773218816,0.0
7323,27.584000000000003,-1.5354534094420114,-0.005865
7333,27.28800000000001,-1.5354534094420114,-0.005865
7343,27.28800000000001,-2.149634773218816,-0.005865
7353,27.28800000000001,-1.5354534094420114,-0.005865
7363,27.28800000000001,-2.149634773218816,-0.005865
7373,27.28800000000001,-2.149634773218816,-0.005865
7384,27.28800000000001,-2.149634773218816,-0.005865
7394,27.28800000000001,-2.149634773218816,-0.005865
7404,27.28800000000001,-2.149634773218816,-0.005865
7413,27.28800000000001,-2.149634773218816,-0.005865
7424,27.28800000000001,-1.5354534094420114,-0.005865
7434,27.584000000000003,-2.149634773218816,-0.005865
7444,27.28800000000001,-1.5354534094420114,-0.005865
7454,27.28800000000001,-2.149634773218816,-0.005865
7464,27.28800000000001,-1.5354534094420114,-0.005865
7474,27.28800000000001,-1.5354534094420114,-0.005865
7484,27.28800000000001,-2.149634773218816,-0.01173
7494,27.28800000000001,-1.5354534094420114,-0.01173
7504,27.28800000000001,-1.5354534094420114,-0.01173
7515,27.28800000000001,-2.149634773218816,-0.01173
7525,27.28800000000001,-1.5354534094420114,-0.005865
7535,27.28800000000001,-2.149634773218816,-0.005865
7544,27.28800000000001,-2.149634773218816,-0.005865
7555,27.28800000000001,-2.149634773218816,-0.005865
7565,27.28800000000001,-1.5354534094420114,-0.005865
7575,27.28800000000001,-1.5354534094420114,-0.005865
7585,27.28800000000001,-2.149634773218816,-0.005865
7596,27.28800000000001,-1.5354534094420114,-0.005865
7606,27.28800000000001,-2.149634773218816,-0.01173
7615,27.28800000000001,-1.5354534094420114,-0.005865
7625,27.584000000000003,-2.149634773218816,-0.005865
7635,27.28800000000001,-1.5354534094420114,-0.005865
7646,27.28800000000001,-2.149634773218816,-0.005865
7656,27.28800000000001,-1.5354534094420114,-0.005865
7666,27.28800000000001,-1.5354534094420114,-0.005865
7676,27.584000000000003,-2.149634773218816,-0.005865
7686,27.28800000000001,-1.5354534094420114,-0.005865
7696,27.28800000000001,-2.149634773218816,-0.005865
7706,27.28800000000001,-2.149634773218816,-0.005865
7716,27.28800000000001,-2.149634773218816,-0.005865
7727,27.28800000000001,-1.5354534094420114,-0.005865
7737,27.28800000000001,-1.5354534094420114,-0.01173
7746,27.28800000000001,-2.149634773218816,-0.005865
7756,27.28800000000001,-1.5354534094420114,-0.005865
7767,27.28800000000001,-2.149634773218816,-0.005865
7777,27.28800000000001,-2.149634773218816,-0.005865
7787,27.28800000000001,-2.149634773218816,-0.005865
7797,27.28800000000001,-2.149634773218816,-0.005865
7808,26.99200000000002,-1.5354534094420114,-0.005865
7818,27.28800000000001,-1.5354534094420114,-0.005865
7827,27.28800000000001,-2.149634773218816,-0.01173
7837,27.28800000000001,-1.5354534094420114,-0.01173
7847,27.28800000000001,-1.5354534094420114,-0.01173
7858,27.28800000000001,-2.149634773218816,-0.01173
7868,27.28800000000001,-2.149634773218816,-0.01173
7878,27.28800000000001,-1.5354534094420114,-0.01173
7888,27.28800000000001,-2.149634773218816,-0.005865
7899,27.28800000000001,-1.5354534094420114,-0.005865
7908,27.28800000000001,-2.149634773218816,0.0
7918,27.28800000000001,-2.149634773218816,-0.005865
7928,27.28800000000001,-1.5354534094420114,-0.005865
7939,27.28800000000001,-1.5354534094420114,-0.005865
7949,27.28800000000001,-1.5354534094420114,-0.005865
7959,27.584000000000003,-2.149634773218816,-0.005865
7968,27.584000000000003,-2.149634773218816,-0.005865
7979,27.28800000000001,-2.149634773218816,-0.005865
7989,27.28800000000001,-1.5354534094420114,-0.005865
7999,27.584000000000003,-2.149634773218816,-0.01173
8009,27.28800000000001,-2.149634773218816,0.0
8019,27.28800000000001,-1.5354534094420114,-0.005865
8029,27.584000000000003,-2.149634773218816,-0.005865
8039,27.28800000000001,-2.149634773218816,-0.005865
8049,27.28800000000001,-2.149634773218816,-0.005865
8059,27.28800000000001,-1.5354534094420114,-0.005865
8070,27.584000000000003,-2.149634773218816,-0.005865
8080,27.28800000000001,-2.149634773218816,-0.005865
8090,27.28800000000001,-1.5354534094420114,-0.005865
8099,27.28800000000001,-2.149634773218816,-0.005865
8110,27.28800000000001,-2.149634773218816,-0.005865
8120,27.28800000000001,-1.5354534094420114,0.0
8130,27.28800000000001,-2.149634773218816,0.0
8140,27.28800000000001,-2.149634773218816,0.0
8151,27.28800000000001,-1.5354534094420114,-0.005865
8160,27.28800000000001,-1.5354534094420114,-0.005865
8170,27.584000000000003,-2.7638161369956205,-0.005865
8180,27.28800000000001,-1.5354534094420114,-0.005865
8190,27.28800000000001,-1.5354534094420114,0.0
8201,27.28800000000001,-1.5354534094420114,-0.005865
8211,27.28800000000001,-2.149634773218816,-0.005865
8221,27.28800000000001,-1.5354534094420114,-0.005865
8230,27.28800000000001,-2.149634773218816,-0.005865
8241,27.28800000000001,-1.5354534094420114,0.0
8251,27.584000000000003,-2.149634773218816,-0.005865
8261,27.584000000000003,-2.149634773218816,0.0
8271,27.584000000000003,-2.149634773218816,-0.005865
8282,27.584000000000003,-2.149634773218816,-0.005865
8292,27.584000000000003,-1.5354534094420114,-0.01173
8301,27.28800000000001,-1.5354534094420114,-0.01173
8311,27.584000000000003,-1.5354534094420114,-0.005865
8322,27.584000000000003,-1.5354534094420114,-0.005865
8332,27.584000000000003,-2.149634773218816,-0.005865
8342,27.584000000000003,-1.5354534094420114,-0.005865
8352,27.28800000000001,-2.149634773218816,-0.005865
8363,27.28800000000001,-1.5354534094420114,-0.01173
8373,27.28800000000001,-2.149634773218816,-0.005865
8382,26.99200000000002,-2.149634773218816,-0.005865
8392,27.28800000000001,-1.5354534094420114,-0.005865
8402,27.28800000000001,-2.149634773218816,-0.005865
8413,27.28800000000001,-1.5354534094420114,-0.005865
8423,27.28800000000001,-1.5354534094420114,-0.005865
8433,27.28800000000001,-2.149634773218816,0.0
8443,26.99200000000002,-2.149634773218816,-0.005865
8454,27.28800000000001,-1.5354534094420114,-0.005865
8463,27.28800000000001,-1.5354534094420114,0.0
8473,27.28800000000001,-1.5354534094420114,-0.005865
8483,27.28800000000001,-2.149634773218816,0.0
8494,27.879999999999995,-1.5354534094420114,0.0
8504,27.584000000000003,-1.5354534094420114,-0.005865
8514,27.584000000000003,-2.149634773218816,0.0
8523,27.584000000000003,-2.149634773218816,-0.005865
8534,27.28800000000001,-2.149634773218816,-0.005865
8544,27.28800000000001,-1.5354534094420114,-0.005865
8554,27.28800000000001,-1.5354534094420114,-0.005865
8564,27.584000000000003,-2.149634773218816,-0.005865
8574,27.584000000000003,-1.5354534094420114,-0.005865
8584,27.584000000000003,-2.149634773218816,-0.005865
8594,27.584000000000003,-2.149634773218816,-0.005865
8604,27.584000000000003,-1.5354534094420114,-0.005865
8614,27.584000000000003,-1.5354534094420114,-0.005865
8625,27.584000000000003,-2.149634773218816,-0.005865
8635,27.584000000000003,-1.5354534094420114,-0.005865
8645,27.584000000000003,-2.149634773218816,-0.005865
8654,27.584000000000003,-2.149634773218816,-0.005865
8665,27.584000000000003,-1.5354534094420114,-0.005865
8675,27.584000000000003,-2.149634773218816,-0.005865
8685,27.584000000000003,-1.5354534094420114,-0.005865
8695,27.28800000000001,-2.149634773218816,-0.005865
8706,27.584000000000003,-2.149634773218816,-0.005865
8716,27.584000000000003,-2.149634773218816,0.0
8726,27.584000000000003,-2.149634773218816,0.0
8736,27.28800000000001,-2.149634773218816,0.0
8745,27.584000000000003,-1.5354534094420114,-0.005865
8756,27.28800000000001,-2.149634773218816,0.0
8766,27.584000000000003,-1.5354534094420114,0.0
8776,27.28800000000001,-1.5354534094420114,0.0
8786,27.584000000000003,-2.149634773218816,-0.005865
8797,27.28800000000001,-2.149634773218816,-0.005865
8806,27.584000000000003,-2.149634773218816,0.0
8816,27.584000000000003,-2.149634773218816,0.0
8826,27.28800000000001,-2.149634773218816,-0.005865
8837,27.28800000000001,-1.5354534094420114,0.0
8847,27.28800000000001,-1.5354534094420114,0.0
8857,27.28800000000001,-1.5354534094420114,0.0
8867,27.28800000000001,-2.149634773218816,0.0
8878,27.28800000000001,-2.149634773218816,0.0
8887,27.28800000000001,-2.149634773218816,-0.005865
8897,27.28800000000001,-1.5354534094420114,-0.005865
8907,27.28800000000001,-2.149634773218816,-0.005865
8918,27.28800000000001,-1.5354534094420114,-0.005865
8928,27.28800000000001,-1.5354534094420114,-0.005865
8938,27.28800000000001,-2.149634773218816,0.0
8948,27.28800000000001,-2.149634773218816,-0.005865
8957,27.28800000000001,-2.149634773218816,-0.005865
8968,27.28800000000001,-2.149634773218816,-0.005865
8978,27.28800000000001,-2.149634773218816,-0.005865
8988,27.28800000000001,-2.149634773218816,-0.01173
8998,27.28800000000001,-1.5354534094420114,-0.01173
9009,27.28800000000001,-2.149634773218816,-0.005865
9019,27.28800000000001,-2.149634773218816,-0.005865
9028,27.28800000000001,-1.5354534094420114,-0.005865
9038,27.28800000000001,-1.5354534094420114,-0.01173
9049,27.28800000000001,-2.149634773218816,-0.005865
9059,27.28800000000001,-2.149634773218816,-0.005865
9069,27.28800000000001,-1.5354534094420114,0.0
9079,27.584000000000003,-2.149634773218816,0.0
9090,27.28800000000001,-2.149634773218816,0.0
9099,27.28800000000001,-2.149634773218816,0.0
9109,27.28800000000001,-2.149634773218816,-0.005865
9119,27.28800000000001,-1.5354534094420114,0.0
9129,27.28800000000001,-1.5354534094420114,-0.005865
9140,27.28800000000001,-2.149634773218816,-0.005865
9150,27.28800000000001,-2.149634773218816,0.0
9160,26.99200000000002,-2.149634773218816,0.0
9169,27.28800000000001,-2.149634773218816,-0.005865
9180,27.584000000000003,-2.149634773218816,0.0
9190,27.28800000000001,-1.5354534094420114,-0.005865
9200,27.28800000000001,-2.149634773218816,0.0
9210,27.28800000000001,-2.149634773218816,0.0
9221,27.584000000000003,-2.149634773218816,0.0
9231,27.28800000000001,-2.149634773218816,-0.005865
9241,26.99200000000002,-1.5354534094420114,-0.005865
9250,27.584000000000003,-2.149634773218816,-0.005865
9261,27.28800000000001,-1.5354534094420114,-0.005865
9271,27.584000000000003,-0.3070906818884023,0.0
9281,27.584000000000003,-1.5354534094420114,-0.005865
9291,27.28800000000001,-1.5354534094420114,-0.005865
9302,27.584000000000003,-1.5354534094420114,-0.005865
9312,27.584000000000003,-2.149634773218816,0.0
9321,27.584000000000003,-1.5354534094420114,0.0
9331,27.584000000000003,-1.5354534094420114,0.0
9341,27.584000000000003,-1.5354534094420114,0.0
9352,27.28800000000001,-1.5354534094420114,0.0
9362,27.584000000000003,-2.149634773218816,-0.005865
9372,27.584000000000003,-1.5354534094420114,0.0
9382,27.584000000000003,-1.5354534094420114,0.0
9392,27.584000000000003,-2.149634773218816,-0.005865
9402,27.584000000000003,-1.5354534094420114,-0.005865
9412,27.28800000000001,-2.149634773218816,0.0
9422,27.584000000000003,-2.149634773218816,0.0
9433,27.584000000000003,-1.5354534094420114,-0.005865
9443,27.28800000000001,-2.149634773218816,0.0
9453,27.28800000000001,-1.5354534094420114,0.0
9462,27.584000000000003,-1.5354534094420114,-0.005865
9473,27.584000000000003,-1.5354534094420114,-0.005865
9483,27.584000000000003,-2.149634773218816,-0.005865
9493,27.584000000000003,-1.5354534094420114,-0.005865
9503,27.584000000000003,-1.5354534094420114,0.0
9513,27.584000000000003,-2.149634773218816,-0.005865
9524,27.28800000000001,-1.5354534094420114,-0.005865
9533,27.584000000000003,-2.149634773218816,-0.005865
9543,27.584000000000003,-2.149634773218816,0.0
9553,27.584000000000003,-1.5354534094420114,-0.005865
9564,27.584000000000003,-2.149634773218816,-0.005865
9574,27.584000000000003,-2.149634773218816,-0.005865
9584,27.584000000000003,-1.5354534094420114,-0.005865
9594,27.584000000000003,-2.149634773218816,-0.005865
9604,27.28800000000001,-1.5354534094420114,-0.005865
9614,27.584000000000003,-2.149634773218816,-0.005865
9624,27.584000000000003,-1.5354534094420114,-0.005865
9634,27.28800000000001,-2.149634773218816,-0.005865
9645,27.28800000000001,-2.149634773218816,-0.005865
9655,27.28800000000001,-1.5354534094420114,-0.005865
9665,27.584000000000003,-2.149634773218816,0.0
9674,27.584000000000003,-2.149634773218816,-0.005865
9684,27.584000000000003,-2.149634773218816,-0.005865
9695,27.584000000000003,-2.149634773218816,-0.005865
9705,27.28800000000001,-2.149634773218816,-0.005865
9715,27.584000000000003,-1.5354534094420114,-0.005865
9725,27.28800000000001,-1.5354534094420114,-0.005865
9736,27.584000000000003,-2.149634773218816,-0.005865
9746,27.584000000000003,-1.5354534094420114,-0.005865
9755,27.584000000000003,-2.149634773218816,-0.005865
9765,27.584000000000003,-2.149634773218816,-0.005865
9776,27.584000000000003,-2.149634773218816,-0.005865
9786,27.584000000000003,-1.5354534094420114,-0.005865
9796,27.28800000000001,-2.149634773218816,-0.005865
9806,27.584000000000003,-2.149634773218816,-0.005865
9816,27.584000000000003,-2.149634773218816,0.0
9826,27.584000000000003,-2.149634773218816,-0.005865
9836,27.584000000000003,-2.149634773218816,-0.005865
9846,27.28800000000001,-2.149634773218816,0.0
9857,27.584000000000003,-2.149634773218816,0.0
9867,27.584000000000003,-2.149634773218816,0.0
9877,27.28800000000001,-2.149634773218816,-0.005865
9886,27.584000000000003,-1.5354534094420114,-0.005865
9896,27.584000000000003,-2.149634773218816,-0.005865
9907,27.28800000000001,-2.149634773218816,-0.005865
9917,27.584000000000003,-1.5354534094420114,-0.005865
9927,27.584000000000003,-2.149634773218816,-0.005865
9937,27.584000000000003,-2.149634773218816,-0.005865
9947,27.584000000000003,-1.5354534094420114,-0.005865
9957,27.584000000000003,-1.5354534094420114,0.0
9967,27.28800000000001,-2.149634773218816,-0.005865
9977,27.584000000000003,-1.5354534094420114,0.0
9988,27.584000000000003,-1.5354534094420114,-0.005865
9998,27.584000000000003,-2.149634773218816,-0.005865
10008,27.584000000000003,-1.5354534094420114,-0.005865
10018,27.584000000000003,-2.149634773218816,-0.005865
10028,27.584000000000003,-2.149634773218816,-0.005865
10038,27.879999999999995,-1.5354534094420114,-0.005865
10048,27.584000000000003,-1.5354534094420114,-0.005865
10058,27.584000000000003,-2.149634773218816,-0.01173
10068,27.584000000000003,-1.5354534094420114,-0.005865
10079,27.584000000000003,-2.149634773218816,-0.005865
10089,27.28800000000001,-1.5354534094420114,-0.005865
10098,27.584000000000003,-2.149634773218816,-0.005865
10108,27.584000000000003,-2.149634773218816,-0.01173
10119,27.28800000000001,-2.149634773218816,-0.005865
10129,27.584000000000003,-2.149634773218816,-0.005865
10139,27.28800000000001,-1.5354534094420114,-0.005865
10149,27.584000000000003,-1.5354534094420114,-0.01173
10160,27.28800000000001,-1.5354534094420114,-0.005865
10170,27.28800000000001,-1.5354534094420114,-0.005865
10179,27.28800000000001,-1.5354534094420114,-0.005865
10189,27.584000000000003,-1.5354534094420114,-0.005865
10200,27.584000000000003,-2.149634773218816,-0.005865
10210,27.28800000000001,-1.5354534094420114,-0.005865
10220,27.28800000000001,-1.5354534094420114,0.0
10230,27.28800000000001,-2.149634773218816,-0.005865
10241,27.28800000000001,-1.5354534094420114,-0.005865
10250,26.99200000000002,-2.149634773218816,-0.005865
10260,27.28800000000001,-1.5354534094420114,-0.005865
10270,27.584000000000003,-2.149634773218816,-0.005865
10280,27.28800000000001,-1.5354534094420114,0.0
10291,27.28800000000001,-2.149634773218816,-0.005865
10301,27.28800000000001,-2.149634773218816,-0.005865
10311,27.28800000000001,-1.5354534094420114,-0.005865
10320,27.28800000000001,-1.5354534094420114,-0.005865
10331,27.28800000000001,-2.149634773218816,-0.005865
10341,27.28800000000001,-2.149634773218816,-0.005865
10351,27.28800000000001,-1.5354534094420114,-0.005865
10361,27.28800000000001,-2.149634773218816,-0.005865
10372,27.28800000000001,-1.5354534094420114,-0.005865
10381,27.584000000000003,-2.149634773218816,-0.01173
10391,27.28800000000001,-2.149634773218816,-0.01173
10401,27.28800000000001,-2.149634773218816,-0.005865
10412,27.28800000000001,-1.5354534094420114,0.0
10422,27.28800000000001,-2.149634773218816,0.0
10432,26.99200000000002,-2.149634773218816,-0.005865
10442,27.28800000000001,-1.5354534094420114,-0.005865
10452,27.28800000000001,-1.5354534094420114,-0.005865
10462,27.28800000000001,-2.149634773218816,-0.005865
10472,27.28800000000001,-2.149634773218816,-0.005865
10482,27.28800000000001,-2.149634773218816,-0.005865
10492,27.28800000000001,-1.5354534094420114,-0.005865
10503,27.28800000000001,-1.5354534094420114,-0.005865
10513,27.28800000000001,-2.149634773218816,-0.005865
10522,27.28800000000001,-2.149634773218816,-0.005865
10532,27.28800000000001,-1.5354534094420114,-0.005865
10543,27.28800000000001,-1.5354534094420114,-0.005865
10553,27.28800000000001,-1.5354534094420114,-0.005865
10563,27.584000000000003,-1.5354534094420114,-0.005865
10573,27.28800000000001,-2.149634773218816,-0.005865
10584,27.28800000000001,-2.149634773218816,-0.005865
10593,27.28800000000001,-1.5354534094420114,-0.005865
10603,27.584000000000003,-1.5354534094420114,-0.005865
10613,27.28800000000001,-1.5354534094420114,-0.005865
10624,27.28800000000001,-2.149634773218816,-0.005865
10634,27.28800000000001,-2.149634773218816,-0.005865
10644,27.28800000000001,-1.5354534094420114,-0.005865
10654,27.28800000000001,-2.149634773218816,-0.005865
10663,27.28800000000001,-1.5354534094420114,-0.005865
10674,27.28800000000001,-1.5354534094420114,-0.005865
10684,27.28800000000001,-1.5354534094420114,-0.005865
10694,27.584000000000003,-2.149634773218816,-0.01173
10704,27.28800000000001,-2.149634773218816,-0.005865
10715,27.28800000000001,-2.149634773218816,-0.005865
10725,27.28800000000001,-1.5354534094420114,-0.005865
10735,27.28800000000001,-1.5354534094420114,-0.005865
10744,27.28800000000001,-2.149634773218816,-0.005865
10755,27.28800000000001,-1.5354534094420114,-0.01173
10765,27.28800000000001,-1.5354534094420114,-0.01173
10775,27.28800000000001,-1.5354534094420114,-0.01173
10785,27.28800000000001,-1.5354534094420114,-0.01173
10796,27.28800000000001,-1.5354534094420114,-0.01173
10806,27.28800000000001,-1.5354534094420114,-0.01173
10815,27.28800000000001,-2.149634773218816,-0.01173
10825,27.28800000000001,-2.149634773218816,-0.01173
10835,27.28800000000001,-1.5354534094420114,-0.01173
10846,27.28800000000001,-2.149634773218816,-0.005865
10856,27.28800000000001,-2.149634773218816,-0.005865
10866,27.28800000000001,-1.5354534094420114,-0.005865
10876,27.28800000000001,-2.149634773218816,-0.005865
10887,27.28800000000001,-1.5354534094420114,-0.005865
10896,27.28800000000001,-1.5354534094420114,-0.005865
10906,27.28800000000001,-2.149634773218816,-0.005865
10916,27.28800000000001,-1.5354534094420114,-0.005865
10927,27.28800000000001,-1.5354534094420114,-0.005865
10937,27.28800000000001,-1.5354534094420114,-0.005865
10947,27.28800000000001,-2.149634773218816,-0.005865
10956,27.28800000000001,-1.5354534094420114,-0.01173
10967,27.28800000000001,-1.5354534094420114,-0.005865
10977,27.584000000000003,-2.149634773218816,-0.01173
10987,27.28800000000001,-2.149634773218816,-0.005865
10997,27.28800000000001,-1.5354534094420114,-0.005865
11008,27.28800000000001,-2.149634773218816,-0.005865
11018,27.28800000000001,-1.5354534094420114,-0.005865
11027,27.28800000000001,-1.5354534094420114,-0.005865
11037,27.28800000000001,-2.149634773218816,-0.005865
11047,27.28800000000001,-2.149634773218816,-0.005865
11058,27.28800000000001,-1.5354534094420114,-0.005865
11068,27.584000000000003,-2.149634773218816,-0.005865
11078,27.28800000000001,-2.149634773218816,-0.005865
11088,27.28800000000001,-2.149634773218816,-0.005865
11098,27.28800000000001,-2.149634773218816,-0.01173
11108,27.28800000000001,-2.149634773218816,-0.005865
11118,27.584000000000003,-1.5354534094420114,-0.005865
11128,27.584000000000003,-1.5354534094420114,-0.005865
11139,27.584000000000003,-2.149634773218816,-0.005865
11149,27.584000000000003,-1.5354534094420114,-0.005865
11159,27.584000000000003,-2.149634773218816,0.0
11169,27.584000000000003,-1.5354534094420114,0.0
11179,27.28800000000001,-1.5354534094420114,0.0
11189,27.584000000000003,-1.5354534094420114,0.0
11199,27.584000000000003,-1.5354534094420114,-0.005865
11209,27.584000000000003,-2.149634773218816,0.0
11219,27.584000000000003,-2.149634773218816,0.0
11230,27.584000000000003,-2.149634773218816,0.0
11240,27.584000000000003,-1.5354534094420114,-0.005865
11249,27.584000000000003,-2.149634773218816,-0.005865
11259,27.28800000000001,-2.149634773218816,0.0
11270,27.584000000000003,-1.5354534094420114,0.0
11280,27.584000000000003,-1.5354534094420114,0.0
11290,27.28800000000001,-2.149634773218816,0.0
11300,27.28800000000001,-2.149634773218816,0.0
11311,27.584000000000003,-2.149634773218816,-0.005865
11320,27.584000000000003,-2.149634773218816,-0.005865
11330,27.584000000000003,-2.149634773218816,0.0
11340,27.584000000000003,-1.5354534094420114,-0.005865
11351,27.584000000000003,-2.149634773218816,0.0
11361,27.879999999999995,-1.5354534094420114,0.0
11371,27.28800000000001,-1.5354534094420114,-0.005865
11380,27.584000000000003,-1.5354534094420114,0.0
11390,27.584000000000003,-1.5354534094420114,0.0
11401,27.584000000000003,-1.5354534094420114,0.0
11411,27.584000000000003,-2.149634773218816,-0.005865
11421,27.584000000000003,-2.149634773218816,0.0
11431,27.584000000000003,-2.149634773218816,-0.005865
11442,27.584000000000003,-2.149634773218816,-0.005865
11452,27.584000000000003,-2.149634773218816,-0.005865
11461,27.584000000000003,-2.149634773218816,0.0
11471,27.584000000000003,-2.149634773218816,-0.005865
11482,27.584000000000003,-1.5354534094420114,0.0
11492,27.584000000000003,-1.5354534094420114,0.0
11502,27.584000000000003,-2.149634773218816,0.0
11512,27.584000000000003,-2.149634773218816,-0.005865
11522,27.584000000000003,-2.149634773218816,-0.005865
11532,27.584000000000003,-2.149634773218816,-0.005865
11542,27.28800000000001,-2.149634773218816,0.0
11552,27.584000000000003,-2.149634773218816,-0.005865
11563,27.28800000000001,-2.149634773218816,-0.005865
11573,27.584000000000003,-2.149634773218816,-0.01173
11583,27.584000000000003,-2.149634773218816,-0.005865
11593,27.584000000000003,-2.149634773218816,-0.005865
11602,27.584000000000003,-1.5354534094420114,-0.01173
11613,27.584000000000003,-1.5354534094420114,-0.005865
11623,27.28800000000001,-2.149634773218816,-0.005865
11633,27.28800000000001,-2.149634773218816,-0.005865
11643,27.28800000000001,-2.149634773218816,-0.005865
11654,27.28800000000001,-1.5354534094420114,-0.005865
11663,27.28800000000001,-1.5354534094420114,-0.005865
11673,27.28800000000001,-1.5354534094420114,-0.005865
11683,27.28800000000001,-2.149634773218816,-0.005865
11694,27.28800000000001,-1.5354534094420114,-0.005865
11704,27.28800000000001,-1.5354534094420114,-0.005865
11714,27.28800000000001,-2.149634773218816,-0.005865
11724,27.28800000000001,-2.149634773218816,-0.005865
11734,27.28800000000001,-1.5354534094420114,-0.005865
11744,27.28800000000001,-1.5354534094420114,-0.005865
11754,27.28800000000001,-1.5354534094420114,-0.005865
11764,27.28800000000001,-1.5354534094420114,-0.01173
11774,27.28800000000001,-1.5354534094420114,-0.005865
11785,27.28800000000001,-2.149634773218816,-0.005865
11795,27.28800000000001,-2.149634773218816,-0.01173
11804,27.28800000000001,-2.149634773218816,-0.005865
11814,27.28800000000001,-1.5354534094420114,-0.005865
11825,27.28800000000001,-2.149634773218816,-0.005865
11835,27.28800000000001,-1.5354534094420114,-0.005865
11845,27.28800000000001,-2.149634773218816,-0.005865
11855,27.28800000000001,-1.5354534094420114,-0.005865
11866,27.28800000000001,-2.149634773218816,-0.005865
11875,27.28800000000001,-1.5354534094420114,-0.005865
11885,27.28800000000001,-2.149634773218816,-0.005865
11895,26.99200000000002,-2.149634773218816,-0.005865
11906,27.28800000000001,-1.5354534094420114,-0.005865
11916,27.28800000000001,-1.5354534094420114,-0.005865
11926,27.584000000000003,-1.5354534094420114,-0.01173
11936,27.28800000000001,-2.149634773218816,-0.01173
11945,27.28800000000001,-1.5354534094420114,-0.01173
11956,27.28800000000001,-2.149634773218816,-0.01173
11966,27.28800000000001,-1.5354534094420114,-0.01173
11976,27.28800000000001,-2.149634773218816,-0.01173
11986,27.28800000000001,-2.149634773218816,-0.01173
11997,27.584000000000003,-1.5354534094420114,-0.01173
12006,27.28800000000001,-2.149634773218816,-0.01173
12016,27.28800000000001,-2.149634773218816,-0.01173
12026,27.28800000000001,-1.5354534094420114,-0.01173
12037,27.28800000000001,-2.149634773218816,-0.01173
12047,27.28800000000001,-2.149634773218816,-0.01173
12057,27.28800000000001,-1.5354534094420114,-0.01173
12067,27.28800000000001,-2.149634773218816,-0.01173
12078,27.584000000000003,-1.5354534094420114,-0.01173
12087,27.28800000000001,-1.5354534094420114,-0.01173
12097,27.28800000000001,-1.5354534094420114,-0.005865
12107,27.28800000000001,-2.149634773218816,-0.01173
12118,27.28800000000001,-2.149634773218816,-0.01173
12128,27.28800000000001,-2.149634773218816,-0.01173
12138,27.28800000000001,-2.149634773218816,-0.005865
12148,27.28800000000001,-1.5354534094420114,0.0
12157,26.99200000000002,-2.149634773218816,-0.005865
12168,27.584000000000003,-1.5354534094420114,-0.01173
12178,27.584000000000003,-1.5354534094420114,-0.005865
12188,27.584000000000003,-1.5354534094420114,-0.01173
12198,27.584000000000003,-1.5354534094420114,-0.005865
12209,27.584000000000003,-2.149634773218816,-0.005865
12219,27.28800000000001,-1.5354534094420114,-0.005865
12228,27.584000000000003,-2.149634773218816,-0.005865
12238,27.584000000000003,-1.5354534094420114,-0.005865
12249,27.28800000000001,-2.149634773218816,-0.005865
12259,27.584000000000003,-1.5354534094420114,0.0
12269,27.28800000000001,-2.149634773218816,0.0
12279,27.28800000000001,-2.149634773218816,-0.005865
12290,27.28800000000001,-2.149634773218816,-0.005865
12299,27.584000000000003,-2.149634773218816,-0.005865
12309,27.584000000000003,-2.149634773218816,-0.005865
12319,27.584000000000003,-1.5354534094420114,-0.005865
12329,27.584000000000003,-1.5354534094420114,-0.005865
12340,27.584000000000003,-1.5354534094420114,-0.005865
12350,27.584000000000003,-2.149634773218816,-0.005865
12360,27.28800000000001,-2.149634773218816,-0.005865
12370,27.584000000000003,-1.5354534094420114,-0.005865
12380,27.28800000000001,-2.149634773218816,0.0
12390,27.584000000000003,-2.149634773218816,0.0
12400,27.584000000000003,-1.5354534094420114,-0.005865
12410,27.584000000000003,-2.149634773218816,-0.005865
12421,27.584000000000003,-2.149634773218816,-0.005865
12431,27.584000000000003,-1.5354534094420114,-0.005865
12440,27.584000000000003,-2.149634773218816,-0.005865
12450,27.584000000000003,-2.149634773218816,-0.005865
12461,27.584000000000003,-2.149634773218816,-0.005865
12471,27.584000000000003,-1.5354534094420114,-0.005865
12481,27.584000000000003,-1.5354534094420114,-0.005865
12491,27.584000000000003,-2.149634773218816,-0.01173
12502,27.584000000000003,-2.149634773218816,-0.005865
12511,27.28800000000001,-1.5354534094420114,-0.005865
12521,27.584000000000003,-2.149634773218816,-0.01173
12531,27.584000000000003,-1.5354534094420114,-0.005865
12541,27.584000000000003,-2.149634773218816,-0.01173
12552,27.584000000000003,-1.5354534094420114,-0.005865
12562,27.584000000000003,-2.149634773218816,-0.005865
12572,27.28800000000001,-2.149634773218816,-0.005865
12582,27.584000000000003,-2.149634773218816,-0.005865
12592,27.28800000000001,-2.149634773218816,-0.005865
12602,27.584000000000003,-1.5354534094420114,-0.005865
12612,27.584000000000003,-2.149634773218816,0.0
12622,27.584000000000003,-2.149634773218816,0.0
12633,27.584000000000003,-2.149634773218816,0.0
12643,27.584000000000003,-2.149634773218816,0.0
12653,27.28800000000001,-1.5354534094420114,-0.005865
12662,27.28800000000001,-2.149634773218816,-0.005865
12673,27.584000000000003,-1.5354534094420114,-0.005865
12683,27.584000000000003,-2.149634773218816,-0.005865
12693,27.584000000000003,-1.5354534094420114,-0.005865
12703,27.584000000000003,-2.149634773218816,-0.005865
12713,27.584000000000003,-1.5354534094420114,-0.005865
12723,27.584000000000003,-2.149634773218816,-0.01173
12733,27.584000000000003,-1.5354534094420114,-0.005865
12743,27.584000000000003,-1.5354534094420114,-0.005865
12753,27.584000000000003,-2.149634773218816,-0.005865
12764,27.584000000000003,-1.5354534094420114,-0.005865
12774,27.584000000000003,-2.149634773218816,-0.005865
12784,27.584000000000003,-2.149634773218816,-0.005865
12794,27.584000000000003,-1.5354534094420114,-0.005865
12804,27.28800000000001,-1.5354534094420114,-0.005865
12814,27.584000000000003,-2.149634773218816,-0.005865
12824,27.584000000000003,-1.5354534094420114,-0.005865
12834,27.584000000000003,-1.5354534094420114,-0.005865
12845,27.584000000000003,-2.149634773218816,-0.005865
12855,27.584000000000003,-1.5354534094420114,-0.005865
12865,27.584000000000003,-2.149634773218816,-0.005865
12874,27.584000000000003,-2.149634773218816,-0.005865
12884,27.28800000000001,-2.149634773218816,-0.005865
12895,27.28800000000001,-2.149634773218816,-0.005865
12905,27.28800000000001,-2.149634773218816,-0.005865
12915,27.28800000000001,-2.149634773218816,-0.005865
12925,27.584000000000003,-2.149634773218816,-0.01173
12936,27.28800000000001,-1.5354534094420114,-0.01173
12945,27.28800000000001,-2.149634773218816,-0.01173
12955,27.28800000000001,-2.149634773218816,-0.01173
12965,27.28800000000001,-2.149634773218816,-0.01173
12976,27.28800000000001,-2.149634773218816,-0.01173
12986,27.28800000000001,-1.5354534094420114,-0.01173
12996,27.28800000000001,-1.5354534094420114,-0.01173
13006,27.28800000000001,-2.149634773218816,-0.01173
13017,27.28800000000001,-1.5354534094420114,-0.005865
13026,27.28800000000001,-2.149634773218816,-0.005865
13036,27.28800000000001,-2.149634773218816,-0.01173
13046,27.28800000000001,-2.149634773218816,-0.005865
13057,27.28800000000001,-2.149634773218816,-0.005865
13067,27.28800000000001,-2.149634773218816,-0.005865
13077,27.584000000000003,-2.149634773218816,-0.005865
13087,27.28800000000001,-2.149634773218816,-0.01173
13097,27.28800000000001,-1.5354534094420114,-0.005865
13107,27.584000000000003,-2.149634773218816,-0.01173
13117,27.28800000000001,-2.149634773218816,-0.01173
13127,27.28800000000001,-2.149634773218816,-0.005865
13137,27.28800000000001,-2.149634773218816,-0.005865
13148,27.584000000000003,-1.5354534094420114,-0.005865
13158,27.28800000000001,-1.5354534094420114,-0.005865
13168,27.28800000000001,-2.149634773218816,-0.005865
13178,27.28800000000001,-1.5354534094420114,-0.005865
13188,27.28800000000001,-2.149634773218816,-0.01173
13198,27.28800000000001,-2.149634773218816,-0.005865
13208,27.28800000000001,-2.149634773218816,-0.01173
13218,27.28800000000001,-2.149634773218816,-0.01173
13229,26.99200000000002,-2.149634773218816,-0.005865
13239,27.28800000000001,-2.149634773218816,-0.01173
13248,27.28800000000001,-2.149634773218816,-0.005865
13258,27.28800000000001,-1.5354534094420114,-0.01173
13268,27.28800000000001,-2.149634773218816,-0.01173
13279,27.28800000000001,-2.149634773218816,-0.005865
13289,27.28800000000001,-2.149634773218816,-0.01173
13299,26.99200000000002,-2.149634773218816,-0.01173
13309,27.28800000000001,-2.149634773218816,-0.01173
13319,27.584000000000003,-2.7638161369956205,-0.017595
13329,27.28800000000001,-2.149634773218816,-0.01173
13339,27.28800000000001,-2.149634773218816,-0.005865
13349,27.28800000000001,-2.149634773218816,-0.005865
13360,27.28800000000001,-2.149634773218816,-0.005865
13370,27.28800000000001,-2.149634773218816,-0.005865
13380,27.28800000000001,-2.149634773218816,0.0
13389,27.28800000000001,-2.149634773218816,0.0
13400,27.28800000000001,-2.149634773218816,-0.005865
13410,27.28800000000001,-1.5354534094420114,0.0
13420,27.28800000000001,-1.5354534094420114,0.0
13430,27.584000000000003,-2.149634773218816,-0.005865
13441,27.28800000000001,-2.149634773218816,0.0
13451,27.28800000000001,-2.149634773218816,0.0
13460,27.28800000000001,-2.149634773218816,-0.005865
13470,27.28800000000001,-2.149634773218816,-0.005865
13480,27.28800000000001,-2.149634773218816,-0.005865
13491,27.28800000000001,-2.149634773218816,-0.005865
13501,27.28800000000001,-1.5354534094420114,-0.005865
13511,27.28800000000001,-2.149634773218816,-0.01173
13521,27.28800000000001,-2.149634773218816,-0.01173
13531,27.28800000000001,-2.149634773218816,-0.005865
13541,27.28800000000001,-2.149634773218816,-0.005865
13551,27.28800000000001,-2.149634773218816,-0.005865
13561,27.28800000000001,-2.149634773218816,-0.005865
13572,27.28800000000001,-2.149634773218816,-0.005865
13582,27.28800000000001,-2.149634773218816,-0.005865
13592,27.28800000000001,-2.149634773218816,-0.005865
13601,27.28800000000001,-2.149634773218816,0.0
13612,27.28800000000001,-1.5354534094420114,-0.005865
13622,27.28800000000001,-2.149634773218816,-0.005865
13632,27.28800000000001,-1.5354534094420114,-0.005865
13642,27.584000000000003,-1.5354534094420114,-0.005865
13652,27.584000000000003,-1.5354534094420114,-0.005865
13663,27.584000000000003,-2.149634773218816,-0.005865
13672,27.584000000000003,-1.5354534094420114,-0.01173
13682,27.28800000000001,-2.149634773218816,-0.005865
13692,27.584000000000003,-2.149634773218816,-0.005865
13703,27.584000000000003,-2.149634773218816,-0.005865
13713,27.584000000000003,-2.149634773218816,-0.005865
13723,27.28800000000001,-2.149634773218816,-0.005865
13732,27.28800000000001,-1.5354534094420114,-0.005865
13743,27.28800000000001,-2.149634773218816,-0.005865
13753,27.28800000000001,-1.5354534094420114,-0.005865
13763,27.28800000000001,-1.5354534094420114,-0.005865
13773,27.28800000000001,-0.9212720456652067,0.005865
13784,27.28800000000001,-1.5354534094420114,-0.005865
13794,27.28800000000001,-1.5354534094420114,-0.005865
13804,27.28800000000001,-2.149634773218816,-0.005865
13813,27.28800000000001,-1.5354534094420114,-0.005865
13824,27.28800000000001,-1.5354534094420114,-0.005865
13834,27.28800000000001,-2.149634773218816,-0.005865
13844,26.99200000000002,-2.149634773218816,-0.005865
13854,27.28800000000001,-2.149634773218816,-0.005865
13864,27.584000000000003,-2.149634773218816,-0.005865
13875,27.584000000000003,-2.149634773218816,-0.005865
13884,27.584000000000003,-2.149634773218816,-0.005865
13894,27.584000000000003,-2.149634773218816,-0.005865
13904,27.584000000000003,-2.149634773218816,-0.005865
13915,27.584000000000003,-2.149634773218816,-0.005865
13925,27.28800000000001,-2.149634773218816,0.0
13935,27.584000000000003,-2.149634773218816,0.0
13944,27.584000000000003,-2.149634773218816,-0.005865
13955,27.28800000000001,-2.149634773218816,-0.005865
13965,27.584000000000003,-2.149634773218816,-0.005865
13975,27.584000000000003,-2.149634773218816,-0.005865
13985,27.584000000000003,-1.5354534094420114,0.0
13996,27.584000000000003,-2.149634773218816,-0.005865
14006,27.584000000000003,-2.149634773218816,-0.005865
14016,27.584000000000003,-2.149634773218816,-0.005865
14025,27.584000000000003,-2.149634773218816,-0.005865
14035,27.584000000000003,-1.5354534094420114,0.0
14046,27.584000000000003,-2.149634773218816,0.0
14056,27.28800000000001,-1.5354534094420114,-0.005865
14066,27.584000000000003,-1.5354534094420114,-0.005865
14076,27.584000000000003,-2.149634773218816,-0.005865
14087,27.584000000000003,-2.149634773218816,-0.01173
14096,27.584000000000003,-1.5354534094420114,-0.005865
14106,27.584000000000003,-1.5354534094420114,-0.005865
14116,27.584000000000003,-2.149634773218816,-0.005865
14127,27.584000000000003,-2.149634773218816,-0.005865
14137,27.28800000000001,-2.149634773218816,-0.01173
14147,27.584000000000003,-2.149634773218816,-0.005865
14157,27.584000000000003,-2.149634773218816,-0.005865
14167,27.584000000000003,-2.149634773218816,-0.005865
14177,27.584000000000003,-2.149634773218816,-0.01173
14187,27.584000000000003,-2.149634773218816,-0.01173
14197,27.584000000000003,-1.5354534094420114,-0.01173
14208,27.584000000000003,-2.149634773218816,-0.005865
14218,27.584000000000003,-2.149634773218816,-0.005865
14228,27.584000000000003,-1.5354534094420114,-0.005865
14238,27.584000000000003,-2.149634773218816,-0.005865
14247,27.28800000000001,-2.149634773218816,0.0
14259,27.584000000000003,-2.149634773218816,0.0
14268,27.584000000000003,-2.149634773218816,-0.005865
14278,27.584000000000003,-1.5354534094420114,-0.005865
14288,27.584000000000003,-2.149634773218816,0.0
14299,27.28800000000001,-2.149634773218816,0.0
14309,27.28800000000001,-1.5354534094420114,0.0
14319,27.584000000000003,-2.149634773218816,0.0
14329,27.28800000000001,-2.149634773218816,-0.005865
14339,27.584000000000003,-2.149634773218816,0.0
14349,27.584000000000003,-1.5354534094420114,-0.005865
14359,27.584000000000003,-2.149634773218816,-0.005865
14369,27.28800000000001,-2.149634773218816,-0.005865
14380,27.584000000000003,-2.149634773218816,-0.01173
14390,27.584000000000003,-2.149634773218816,-0.005865
14400,27.584000000000003,-1.5354534094420114,-0.005865
14410,27.584000000000003,-2.149634773218816,-0.005865
14420,27.28800000000001,-2.149634773218816,-0.01173
14430,27.584000000000003,-2.149634773218816,-0.005865
14440,27.584000000000003,-1.5354534094420114,-0.01173
14450,27.584000000000003,-2.149634773218816,-0.01173
14460,27.584000000000003,-2.149634773218816,-0.01173
14471,27.28800000000001,-2.149634773218816,-0.01173
14481,27.584000000000003,-1.5354534094420114,-0.01173
14491,27.584000000000003,-2.149634773218816,-0.01173
14501,27.584000000000003,-1.5354534094420114,-0.01173
14511,27.584000000000003,-2.149634773218816,-0.01173
14521,27.584000000000003,-2.149634773218816,-0.01173
14531,27.584000000000003,-2.149634773218816,-0.005865
14541,27.584000000000003,-1.5354534094420114,-0.005865
14552,27.584000000000003,-1.5354534094420114,-0.005865
14562,27.28800000000001,-2.149634773218816,-0.005865
14571,27.584000000000003,-2.149634773218816,-0.01173
14581,27.584000000000003,-2.149634773218816,-0.005865
14592,27.28800000000001,-2.149634773218816,-0.005865
14602,27.584000000000003,-1.5354534094420114,-0.005865
14612,27.28800000000001,-2.149634773218816,-0.005865
14622,27.584000000000003,-2.149634773218816,-0.005865
14632,27.584000000000003,-2.149634773218816,-0.005865
14643,27.584000000000003,-1.5354534094420114,-0.005865
14652,27.584000000000003,-1.5354534094420114,0.0
14662,27.584000000000003,-2.149634773218816,-0.005865
14672,27.584000000000003,-2.149634773218816,-0.005865
14683,27.584000000000003,-2.149634773218816,0.0
14693,27.584000000000003,-2.149634773218816,0.0
14703,27.584000000000003,-2.149634773218816,-0.005865
14713,27.584000000000003,-2.149634773218816,-0.005865
14723,27.28800000000001,-1.5354534094420114,0.0
14733,27.28800000000001,-1.5354534094420114,0.0
14743,27.28800000000001,-2.149634773218816,0.0
14753,27.28800000000001,-2.149634773218816,0.0
14764,27.28800000000001,-2.149634773218816,-0.005865
14774,27.28800000000001,-1.5354534094420114,-0.005865
14783,27.28800000000001,-2.149634773218816,-0.005865
14793,27.28800000000001,-2.149634773218816,-0.005865
14803,27.28800000000001,-2.149634773218816,-0.005865
14814,27.28800000000001,-1.5354534094420114,-0.005865
14824,27.28800000000001,-2.149634773218816,-0.005865
14834,27.28800000000001,-2.149634773218816,-0.005865
14843,27.28800000000001,-2.149634773218816,-0.005865
14854,27.28800000000001,-2.149634773218816,-0.005865
14864,27.28800000000001,-1.5354534094420114,-0.005865
14874,27.28800000000001,-2.149634773218816,0.0
14884,27.28800000000001,-2.149634773218816,-0.005865
14895,27.28800000000001,-2.149634773218816,-0.005865
14904,27.584000000000003,-2.149634773218816,-0.005865
14914,27.28800000000001,-1.5354534094420114,-0.01173
14924,27.28800000000001,-2.149634773218816,-0.005865
14935,27.28800000000001,-2.149634773218816,-0.005865
14945,27.28800000000001,-2.149634773218816,-0.005865
14955,27.28800000000001,-1.5354534094420114,-0.005865
14965,27.28800000000001,-2.149634773218816,0.0
14976,27.28800000000001,-1.5354534094420114,-0.005865
14985,27.28800000000001,-1.5354534094420114,0.0
14995,27.28800000000001,-2.149634773218816,0.0
15005,27.28800000000001,-2.149634773218816,-0.005865
15015,27.28800000000001,-2.149634773218816,-0.005865
15026,27.28800000000001,-2.149634773218816,-0.005865
15036,27.28800000000001,-1.5354534094420114,-0.005865
15046,27.584000000000003,-2.7638161369956205,-0.01173
15055,27.28800000000001,-2.149634773218816,0.0
15066,27.584000000000003,-2.149634773218816,-0.005865
15076,27.28800000000001,-2.149634773218816,-0.005865
15086,27.584000000000003,-2.149634773218816,0.0
15096,27.28800000000001,-2.149634773218816,-0.005865
15107,27.28800000000001,-2.149634773218816,-0.005865
15117,27.28800000000001,-2.149634773218816,-0.005865
15126,27.28800000000001,-1.5354534094420114,-0.005865
15136,27.28800000000001,-1.5354534094420114,0.0
15147,27.28800000000001,-1.5354534094420114,0.0
15157,27.28800000000001,-2.149634773218816,0.0
15167,27.28800000000001,-2.149634773218816,-0.005865
15177,26.99200000000002,-2.149634773218816,-0.005865
15187,27.28800000000001,-2.149634773218816,0.0
15197,27.28800000000001,-1.5354534094420114,-0.005865
15207,27.28800000000001,-1.5354534094420114,-0.005865
15217,27.28800000000001,-2.149634773218816,-0.005865
15227,27.28800000000001,-2.149634773218816,-0.005865
15238,27.28800000000001,-2.149634773218816,0.0
15248,27.28800000000001,-2.149634773218816,0.0
15257,27.584000000000003,-2.149634773218816,0.0
15267,27.28800000000001,-2.149634773218816,-0.005865
15278,27.28800000000001,-2.149634773218816,-0.005865
15288,27.584000000000003,-2.149634773218816,-0.005865
15298,27.28800000000001,-1.5354534094420114,0.005865
15308,27.28800000000001,-2.149634773218816,0.0
15319,27.28800000000001,-2.149634773218816,-0.005865
15328,27.28800000000001,-2.149634773218816,0.0
15338,27.28800000000001,-2.149634773218816,-0.005865
15348,27.28800000000001,-2.149634773218816,0.0
15358,27.28800000000001,-2.149634773218816,0.0
15369,27.28800000000001,-2.149634773218816,-0.005865
15379,27.28800000000001,-2.149634773218816,-0.005865
15389,27.28800000000001,-0.9212720456652067,0.0
15398,27.28800000000001,-1.5354534094420114,0.0
15409,27.28800000000001,-2.149634773218816,-0.005865
15419,27.28800000000001,-2.149634773218816,-0.005865
15429,27.28800000000001,-2.149634773218816,0.0
15439,27.28800000000001,-2.149634773218816,-0.005865
15450,27.28800000000001,-1.5354534094420114,0.0
15460,27.28800000000001,-1.5354534094420114,-0.005865
15469,27.28800000000001,-1.5354534094420114,-0.005865
15479,27.28800000000001,-2.149634773218816,-0.005865
15490,27.28800000000001,-2.149634773218816,0.0
15500,27.28800000000001,-2.149634773218816,-0.005865
15510,27.28800000000001,-2.149634773218816,0.0
15520,27.584000000000003,-2.149634773218816,-0.005865
15531,27.28800000000001,-2.149634773218816,-0.005865
15540,27.28800000000001,-2.149634773218816,-0.005865
15550,27.28800000000001,-2.149634773218816,0.0
15560,26.99200000000002,-2.149634773218816,-0.005865
15570,27.28800000000001,-1.5354534094420114,-0.005865
15581,27.28800000000001,-2.149634773218816,-0.005865
15591,27.28800000000001,-1.5354534094420114,-0.005865
15601,27.28800000000001,-2.149634773218816,0.0
15610,27.584000000000003,-2.149634773218816,-0.005865
15621,27.28800000000001,-2.149634773218816,-0.005865
15631,27.584000000000003,-2.149634773218816,0.0
15641,27.584000000000003,-1.5354534094420114,0.0
15651,27.584000000000003,-1.5354534094420114,-0.005865
15662,27.584000000000003,-1.5354534094420114,0.0
15672,27.584000000000003,-2.149634773218816,0.0
15681,27.584000000000003,-1.5354534094420114,-0.005865
15691,27.28800000000001,-2.149634773218816,-0.005865
15702,27.28800000000001,-1.5354534094420114,-0.005865
15712,27.584000000000003,-2.149634773218816,-0.005865
15722,27.584000000000003,-2.149634773218816,-0.005865
15732,27.584000000000003,-2.149634773218816,-0.005865
15742,27.28800000000001,-2.149634773218816,-0.005865
15752,27.584000000000003,-1.5354534094420114,0.0
15762,27.28800000000001,-1.5354534094420114,-0.005865
15772,27.584000000000003,-2.149634773218816,0.0
15782,27.28800000000001,-1.5354534094420114,0.0
15793,27.584000000000003,-2.149634773218816,-0.005865
15803,27.584000000000003,-2.149634773218816,-0.005865
15813,27.584000000000003,-1.5354534094420114,-0.01173
15822,27.584000000000003,-1.5354534094420114,-0.005865
15833,27.28800000000001,-1.5354534094420114,-0.01173
15843,27.584000000000003,-2.149634773218816,-0.005865
15853,27.584000000000003,-2.149634773218816,-0.005865
15863,27.584000000000003,-1.5354534094420114,-0.005865
15874,27.584000000000003,-2.149634773218816,-0.005865
15884,27.584000000000003,-2.149634773218816,-0.005865
15893,27.584000000000003,-1.5354534094420114,-0.005865
15903,27.584000000000003,-1.5354534094420114,-0.005865
15913,27.584000000000003,-2.149634773218816,-0.005865
15924,27.584000000000003,-2.149634773218816,-0.01173
15934,27.584000000000003,-1.5354534094420114,-0.005865
15944,27.584000000000003,-2.149634773218816,-0.01173
15953,27.584000000000003,-2.149634773218816,-0.005865
15964,27.584000000000003,-2.149634773218816,-0.005865
15974,27.584000000000003,-2.149634773218816,-0.01173
15984,27.28800000000001,-1.5354534094420114,-0.01173
15994,27.584000000000003,-2.149634773218816,-0.005865
16005,27.584000000000003,-1.5354534094420114,-0.005865
16015,27.584000000000003,-2.149634773218816,0.0
16024,27.584000000000003,-1.5354534094420114,-0.005865
16034,27.584000000000003,-2.149634773218816,-0.005865
16045,27.28800000000001,-2.149634773218816,-0.01173
16055,27.584000000000003,-2.149634773218816,-0.005865
16065,27.584000000000003,-2.149634773218816,-0.005865
16075,27.584000000000003,-2.149634773218816,-0.005865
16086,27.584000000000003,-2.149634773218816,-0.005865
16096,27.584000000000003,-2.149634773218816,-0.005865
16105,27.584000000000003,-2.149634773218816,-0.01173
16115,27.584000000000003,-2.149634773218816,-0.005865
16125,27.28800000000001,-2.149634773218816,-0.005865
16136,27.28800000000001,-2.149634773218816,-0.005865
16146,27.28800000000001,-2.149634773218816,-0.005865
16156,27.28800000000001,-2.149634773218816,0.0
16166,27.28800000000001,-2.149634773218816,0.0
16176,27.28800000000001,-2.149634773218816,-0.005865
16186,27.28800000000001,-2.149634773218816,0.0
16196,27.584000000000003,-2.149634773218816,0.0
16206,27.28800000000001,-2.149634773218816,-0.005865
16217,27.584000000000003,-2.149634773218816,0.0
16227,27.28800000000001,-2.149634773218816,0.0
16237,26.99200000000002,-2.149634773218816,-0.005865
16247,27.28800000000001,-2.149634773218816,-0.005865
16257,27.28800000000001,-2.149634773218816,-0.005865
16267,27.28800000000001,-2.149634773218816,0.0
16277,27.28800000000001,-1.5354534094420114,0.0
16287,26.99200000000002,-2.149634773218816,0.0
16297,27.28800000000001,-2.149634773218816,-0.005865
16308,27.28800000000001,-2.149634773218816,0.0
16318,27.28800000000001,-2.149634773218816,-0.005865
16327,27.28800000000001,-2.149634773218816,-0.005865
16337,27.28800000000001,-2.149634773218816,0.0
16348,27.28800000000001,-2.149634773218816,-0.005865
16358,27.28800000000001,-2.149634773218816,0.0
16368,27.28800000000001,-1.5354534094420114,-0.005865
16378,27.28800000000001,-2.149634773218816,0.0
16389,27.28800000000001,-2.149634773218816,-0.005865
16399,27.28800000000001,-1.5354534094420114,0.0
16408,27.28800000000001,-1.5354534094420114,-0.005865
16418,27.28800000000001,-2.149634773218816,-0.005865
16429,27.28800000000001,-1.5354534094420114,-0.005865
16439,27.28800000000001,-2.149634773218816,-0.005865
16449,27.28800000000001,-2.149634773218816,0.0
16459,27.28800000000001,-1.5354534094420114,-0.005865
16470,26.99200000000002,-2.149634773218816,0.0
16479,27.28800000000001,-2.149634773218816,-0.005865
16489,27.28800000000001,-2.149634773218816,-0.005865
16499,26.99200000000002,-2.149634773218816,0.0
16509,27.28800000000001,-2.149634773218816,-0.005865
16520,27.28800000000001,-1.5354534094420114,-0.005865
16530,27.28800000000001,-1.5354534094420114,-0.005865
16540,27.28800000000001,-2.149634773218816,0.0
16549,26.99200000000002,-2.149634773218816,0.0
16560,27.28800000000001,-2.149634773218816,0.0
16570,27.28800000000001,-1.5354534094420114,0.0
16580,27.28800000000001,-2.149634773218816,-0.005865
16590,27.28800000000001,-2.149634773218816,-0.005865
16601,27.28800000000001,-1.5354534094420114,-0.005865
16611,27.28800000000001,-1.5354534094420114,0.0
16620,27.28800000000001,-2.149634773218816,0.0
16630,27.28800000000001,-1.5354534094420114,-0.005865
16641,27.28800000000001,-1.5354534094420114,-0.005865
16651,27.28800000000001,-1.5354534094420114,-0.005865
16661,27.584000000000003,-1.5354534094420114,-0.005865
16671,27.584000000000003,-2.149634773218816,-0.005865
16681,27.584000000000003,-2.149634773218816,0.0
16692,27.28800000000001,-1.5354534094420114,-0.005865
16701,27.584000000000003,-2.149634773218816,-0.005865
16711,27.584000000000003,-2.149634773218816,-0.005865
16721,27.584000000000003,-2.149634773218816,-0.01173
16732,27.584000000000003,-2.149634773218816,-0.005865
16742,27.584000000000003,-1.5354534094420114,-0.005865
16752,27.584000000000003,-2.149634773218816,-0.005865
16762,27.28800000000001,-1.5354534094420114,-0.005865
16772,27.584000000000003,-2.149634773218816,-0.005865
16782,27.584000000000003,-2.149634773218816,-0.005865
16792,27.584000000000003,-2.149634773218816,-0.01173
16802,27.584000000000003,-2.149634773218816,-0.005865
16813,27.28800000000001,-1.5354534094420114,-0.005865
16823,27.28800000000001,-1.5354534094420114,-0.005865
16833,27.584000000000003,-1.5354534094420114,-0.005865
16842,27.28800000000001,-2.149634773218816,-0.005865
16852,27.28800000000001,-1.5354534094420114,-0.005865
16863,27.28800000000001,-2.149634773218816,-0.005865
16873,27.584000000000003,-1.5354534094420114,-0.005865
16883,27.584000000000003,-2.149634773218816,-0.005865
16893,27.584000000000003,-2.149634773218816,-0.01173
16903,27.584000000000003,-1.5354534094420114,-0.005865
16913,27.584000000000003,-2.149634773218816,-0.005865
16923,27.584000000000003,-2.149634773218816,-0.005865
16933,27.584000000000003,-2.149634773218816,-0.005865
16944,27.584000000000003,-2.149634773218816,-0.005865
16954,27.28800000000001,-2.149634773218816,-0.005865
16964,27.584000000000003,-1.5354534094420114,-0.005865
16973,27.584000000000003,-2.149634773218816,-0.005865
16984,27.584000000000003,-2.149634773218816,-0.01173
16994,27.584000000000003,-2.149634773218816,-0.005865
17004,27.584000000000003,-1.5354534094420114,-0.005865
17014,27.28800000000001,-2.149634773218816,-0.005865
17025,27.584000000000003,-1.5354534094420114,-0.005865
17034,27.28800000000001,-1.5354534094420114,-0.005865
17044,27.584000000000003,-2.149634773218816,-0.01173
17054,27.584000000000003,-1.5354534094420114,-0.005865
17064,27.584000000000003,-2.149634773218816,-0.01173
17075,27.584000000000003,-1.5354534094420114,-0.005865
17085,27.584000000000003,-1.5354534094420114,-0.01173
17095,27.584000000000003,-1.5354534094420114,-0.005865
17104,27.584000000000003,-2.149634773218816,-0.01173
17115,27.584000000000003,-1.5354534094420114,-0.005865
17125,27.28800000000001,-2.149634773218816,-0.005865
17135,27.28800000000001,-2.149634773218816,-0.01173
17145,27.584000000000003,-2.149634773218816,-0.005865
17156,27.584000000000003,-2.149634773218816,-0.005865
17166,27.584000000000003,-2.149634773218816,-0.005865
17175,27.28800000000001,-2.149634773218816,0.0
17185,27.584000000000003,-1.5354534094420114,-0.005865
17196,27.584000000000003,-2.149634773218816,-0.005865
17206,27.584000000000003,-2.149634773218816,-0.005865
17216,27.584000000000003,-2.149634773218816,-0.005865
17226,27.584000000000003,-1.5354534094420114,-0.005865
17236,27.584000000000003,-2.149634773218816,-0.005865
17246,27.584000000000003,-2.149634773218816,-0.005865
17256,27.28800000000001,-2.149634773218816,0.0
17266,27.28800000000001,-2.149634773218816,-0.01173
17276,27.584000000000003,-2.149634773218816,-0.005865
17287,27.584000000000003,-1.5354534094420114,-0.005865
17297,27.584000000000003,-2.149634773218816,0.0
17307,27.584000000000003,-2.149634773218816,-0.005865
17316,27.584000000000003,-2.149634773218816,-0.01173
17327,27.28800000000001,-2.149634773218816,-0.005865
17337,27.584000000000003,-2.149634773218816,-0.005865
17347,27.584000000000003,-2.149634773218816,-0.005865
17357,27.28800000000001,-2.149634773218816,0.0
17368,27.584000000000003,-2.149634773218816,-0.005865
17378,27.584000000000003,-2.149634773218816,-0.005865
17387,27.584000000000003,-2.149634773218816,-0.005865
17397,27.584000000000003,-1.5354534094420114,-0.005865
17408,27.584000000000003,-2.149634773218816,-0.01173
17418,27.28800000000001,-2.149634773218816,-0.005865
17428,27.28800000000001,-2.149634773218816,-0.005865
17438,27.28800000000001,-1.5354534094420114,-0.005865
17448,27.28800000000001,-2.149634773218816,-0.005865
17458,27.28800000000001,-2.149634773218816,0.0
17468,27.28800000000001,-1.5354534094420114,-0.005865
17478,27.28800000000001,-2.149634773218816,0.0
17488,26.99200000000002,-2.149634773218816,0.0
17499,27.28800000000001,-2.149634773218816,-0.005865
17509,27.28800000000001,-1.5354534094420114,0.0
17519,27.28800000000001,-2.149634773218816,-0.005865
17528,27.28800000000001,-2.149634773218816,0.0
17539,27.28800000000001,-1.5354534094420114,-0.005865
17549,27.28800000000001,-1.5354534094420114,0.0
17559,27.28800000000001,-2.149634773218816,0.0
17569,27.28800000000001,-2.149634773218816,0.0
17580,27.28800000000001,-1.5354534094420114,0.0
17590,27.28800000000001,-2.149634773218816,0.0
17599,27.28800000000001,-0.9212720456652067,-0.005865
17609,27.28800000000001,-2.149634773218816,-0.005865
17619,27.28800000000001,-1.5354534094420114,-0.01173
17630,27.28800000000001,-2.149634773218816,-0.005865
