time,angle,velocity,current
301,204.0,-41.46273984207809,-2.5586935
523,204.0,-147.10193441168846,-4.068982500000001
533,204.0,-213.43352169958337,-6.547029500000001
543,204.0,-259.49712398284373,-6.5177035000000005
552,204.0,-253.9694917088525,-6.5177035000000005
563,204.0,-285.9069226252463,-6.620344500000001
573,204.0,-250.89858488996842,-6.2977585000000005
583,204.0,-298.1905499007824,-6.884278500000001
593,204.0,-242.3000457970932,-6.1218025
604,204.0,-303.71818217477363,-7.0895605
614,204.0,-238.00077625065552,-5.9751725
623,204.0,-312.3167212676489,-7.3388315
633,204.0,-233.70150670421793,-5.8578685
644,204.0,-314.1592653589793,-7.470798500000001
654,204.0,-220.18951670112818,-5.4179785
664,204.0,-314.1592653589793,-7.5001245
674,204.0,-217.1186098822442,-5.330000500000001
685,204.0,-314.1592653589793,-7.5001245
695,204.0,-214.66188442713695,-5.2713485
705,204.0,-314.1592653589793,-7.5001245
714,204.0,-209.13425215314575,-5.1687075
724,204.0,-314.1592653589793,-7.5001245
735,204.0,-206.67752669803852,-5.0807295
745,204.0,-314.1592653589793,-7.5001245
755,204.0,-202.9924385153777,-4.9780885
765,204.0,-314.1592653589793,-7.5001245
775,204.0,-199.92153169649367,-4.8901105000000005
785,204.0,-314.1592653589793,-7.5001245
795,204.0,-199.92153169649367,-4.8167955000000005
805,204.0,-314.1592653589793,-7.5001245
816,204.0,-198.69316896894003,-4.7434805
826,204.0,-314.1592653589793,-7.5001245
836,204.0,-198.69316896894003,-4.7141545
846,204.0,-314.1592653589793,-7.5001245
856,204.0,-198.69316896894003,-4.7141545
866,204.0,-314.1592653589793,-7.5001245
876,204.0,-199.30735033271685,-4.6701655
886,204.0,-314.1592653589793,-7.5001245
897,204.0,-201.14989442404726,-4.6848285
907,204.0,-314.1592653589793,-7.5001245
917,204.0,-202.9924385153777,-4.7141545
926,204.0,-314.1592653589793,-7.5001245
936,204.0,-204.2208012429313,-4.699491500000001
947,204.0,-314.1592653589793,-7.5001245
957,204.0,-206.0633453342617,-4.699491500000001
967,204.0,-314.1592653589793,-7.5001245
977,204.0,-206.0633453342617,-4.7141545
988,204.0,-314.1592653589793,-7.5001245
997,204.0,-208.52007078936893,-4.7434805
1007,204.0,-314.1592653589793,-7.5001245
1017,204.0,-209.74843351692252,-4.772806500000001
1028,204.0,-314.1592653589793,-7.5001245
1038,204.0,-210.36261488069934,-4.7581435
1048,204.0,-314.1592653589793,-7.5001245
1057,204.0,-210.9767962444761,-4.8021325
1068,204.0,-313.54508399520256,-7.5001245
1078,204.0,-212.20515897202975,-4.8167955000000005
1088,204.0,-312.9309026314257,-7.5001245
1101,204.0,-225.10296761134265,-5.0953925
1111,204.0,-299.418912628336,-7.2655165
1121,204.0,-229.4022371577803,-5.3006745
1131,204.0,-299.418912628336,-7.250853500000001
1141,204.0,-232.4731439766643,-5.330000500000001
1152,204.0,-299.418912628336,-7.2215275000000005
1162,204.0,-233.70150670421793,-5.3446635
1171,204.0,-296.9621871732288,-7.1922015
1181,204.0,-244.75677125220042,-5.5352825
1191,204.0,-290.20619217168394,-7.0895605
1202,204.0,-253.9694917088525,-5.7405645000000005
1212,204.0,-282.2218344425855,-6.9429305
1222,204.0,-260.7254867103973,-5.9311835
1232,204.0,-273.6232953497102,-6.7963005
1242,204.0,-275.46583944104066,-6.2684325
1252,204.0,-262.56803080172773,-6.547029500000001
1262,204.0,-285.2927412614695,-6.5616925
1272,204.0,-254.5836730726293,-6.3710735000000005
1283,204.0,-294.5054617181216,-6.7816375
1293,204.0,-246.5993153435308,-6.2097805
1303,204.0,-300.64727535588963,-6.957593500000001
1312,204.0,-241.68586443331634,-6.1218025
1323,204.0,-311.0883585400953,-7.2801795
1333,204.0,-236.77241352310196,-5.960509500000001
1343,204.0,-310.4741771763185,-7.294842500000001
1353,204.0,-231.85896261288752,-5.8285425
1363,204.0,-314.1592653589793,-7.5001245
1374,204.0,-227.55969306644985,-5.6819125
1383,204.0,-314.1592653589793,-7.5001245
1393,204.0,-221.41787942868186,-5.5059565
1403,204.0,-314.1592653589793,-7.5001245
1414,204.0,-218.3469726097978,-5.4179785
1424,204.0,-314.1592653589793,-7.5001245
1434,204.0,-216.50442851846742,-5.3446635
1444,204.0,-314.1592653589793,-7.5001245
1454,204.0,-214.0477030633602,-5.256685500000001
1464,204.0,-314.1592653589793,-7.5001245
1474,204.0,-209.74843351692252,-5.1540445
1484,204.0,-314.1592653589793,-7.5001245
1495,204.0,-206.67752669803852,-5.0807295
1505,204.0,-314.1592653589793,-7.5001245
1514,204.0,-201.14989442404726,-4.9634255000000005
1524,204.0,-314.1592653589793,-7.5001245
1534,204.0,-199.30735033271685,-4.8901105000000005
1545,204.0,-314.1592653589793,-7.5001245
1555,204.0,-198.69316896894003,-4.8167955000000005
1565,204.0,-314.1592653589793,-7.5001245
1574,204.0,-198.07898760516326,-4.772806500000001
1585,204.0,-314.1592653589793,-7.5001245
1595,204.0,-198.07898760516326,-4.7434805
1605,204.0,-314.1592653589793,-7.5001245
1615,204.0,-198.07898760516326,-4.7141545
1626,204.0,-314.1592653589793,-7.5001245
1636,204.0,-198.07898760516326,-4.7141545
1645,204.0,-314.1592653589793,-7.5001245
1655,204.0,-201.14989442404726,-4.699491500000001
1666,204.0,-314.1592653589793,-7.5001245
1676,204.0,-201.76407578782408,-4.6848285
1686,204.0,-314.1592653589793,-7.5001245
1696,204.0,-202.9924385153777,-4.7141545
1707,204.0,-314.1592653589793,-7.5001245
1716,204.0,-204.2208012429313,-4.7288175
1726,204.0,-314.1592653589793,-7.5001245
1736,204.0,-205.4491639704849,-4.7141545
1746,204.0,-314.1592653589793,-7.5001245
1757,204.0,-206.0633453342617,-4.7141545
1767,204.0,-314.1592653589793,-7.5001245
1777,204.0,-207.29170806181534,-4.7434805
1786,204.0,-314.1592653589793,-7.5001245
1797,204.0,-210.36261488069934,-4.772806500000001
1807,204.0,-314.1592653589793,-7.5001245
1819,204.0,-220.18951670112818,-4.9780885
1829,204.0,-305.56072626610404,-7.4268095
1840,204.0,-223.26042352001227,-5.1100555000000005
1850,204.0,-304.33236353855045,-7.368157500000001
1860,204.0,-224.48878624756586,-5.1540445
1869,204.0,-303.71818217477363,-7.3534945
1880,204.0,-226.33133033889624,-5.1980335
1890,204.0,-303.1040008109968,-7.324168500000001
1900,204.0,-227.55969306644985,-5.2273595
1910,204.0,-303.1040008109968,-7.3095055
1921,204.0,-228.7880557940035,-5.2420225
1931,204.0,-301.26145671966646,-7.2801795
1941,204.0,-230.01641852155709,-5.2860115
1950,204.0,-299.418912628336,-7.250853500000001
1960,204.0,-231.24478124911067,-5.330000500000001
1971,204.0,-299.418912628336,-7.2215275000000005
1981,204.0,-235.54405079554832,-5.3739895
1991,204.0,-294.5054617181216,-7.177538500000001
2001,204.0,-244.1425898884236,-5.5059565
2012,204.0,-285.2927412614695,-7.0455715
2021,204.0,-253.9694917088525,-5.7845535
2031,204.0,-281.60765307880865,-6.9282675000000005
2041,204.0,-268.09566307571896,-6.0631505
2052,204.0,-269.3240258032726,-6.6789965
2062,204.0,-279.7651089874783,-6.3710735000000005
2072,204.0,-261.9538494379509,-6.5030405
2081,204.0,-287.7494667165767,-6.591018500000001
2092,204.0,-250.28440352619165,-6.2684325
2102,204.0,-298.8047312645592,-6.8989415
2112,204.0,-242.3000457970932,-6.1364655
2122,204.0,-305.56072626610404,-7.104223500000001
2132,204.0,-239.2291389782092,-6.0191615
2143,204.0,-308.6316330849881,-7.250853500000001
2152,204.0,-234.31568806799476,-5.9311835
2162,204.0,-312.3167212676489,-7.368157500000001
2172,204.0,-231.85896261288752,-5.8285425
2183,204.0,-314.1592653589793,-7.5001245
2193,204.0,-225.71714897511944,-5.6672495000000005
2203,204.0,-314.1592653589793,-7.5001245
2213,204.0,-223.26042352001227,-5.549945500000001
2223,204.0,-314.1592653589793,-7.5001245
2233,204.0,-218.96115397357462,-5.4473045
2243,204.0,-314.1592653589793,-7.5001245
2253,204.0,-214.0477030633602,-5.3006745
2264,204.0,-314.1592653589793,-7.5001245
2274,204.0,-210.36261488069934,-5.1833705000000005
2284,204.0,-314.1592653589793,-7.5001245
2293,204.0,-207.29170806181534,-5.1100555000000005
2304,204.0,-314.1592653589793,-7.5001245
2314,204.0,-203.6066198791545,-4.992751500000001
2324,204.0,-314.1592653589793,-7.5001245
2334,204.0,-200.53571306027044,-4.8901105000000005
2344,204.0,-314.1592653589793,-7.5001245
2355,204.0,-196.23644351383285,-4.8021325
2364,204.0,-314.1592653589793,-7.5001245
2374,204.0,-198.07898760516326,-4.7581435
2384,204.0,-314.1592653589793,-7.5001245
2395,204.0,-198.07898760516326,-4.7288175
2405,204.0,-314.1592653589793,-7.5001245
2415,204.0,-197.46480624138644,-4.7141545
2425,204.0,-314.1592653589793,-7.5001245
2435,204.0,-198.69316896894003,-4.7141545
2445,204.0,-314.1592653589793,-7.5001245
2455,204.0,-199.92153169649367,-4.6848285
2465,204.0,-314.1592653589793,-7.5001245
2476,204.0,-201.14989442404726,-4.6848285
2486,204.0,-314.1592653589793,-7.5001245
2496,204.0,-202.9924385153777,-4.7141545
2505,204.0,-314.1592653589793,-7.5001245
2515,204.0,-204.8349826067081,-4.7141545
2526,204.0,-314.1592653589793,-7.5001245
2536,204.0,-206.0633453342617,-4.699491500000001
2546,204.0,-314.1592653589793,-7.5001245
2556,204.0,-206.67752669803852,-4.7141545
2566,204.0,-314.1592653589793,-7.5001245
2576,204.0,-208.52007078936893,-4.7434805
2586,204.0,-314.1592653589793,-7.5001245
2596,204.0,-209.74843351692252,-4.7581435
2607,204.0,-314.1592653589793,-7.5001245
2617,204.0,-210.9767962444761,-4.772806500000001
2627,204.0,-314.1592653589793,-7.5001245
2637,204.0,-212.20515897202975,-4.8167955000000005
2647,204.0,-313.54508399520256,-7.5001245
2657,204.0,-213.43352169958337,-4.846121500000001
2667,204.0,-313.54508399520256,-7.5001245
2677,204.0,-214.66188442713695,-4.846121500000001
2688,204.0,-311.70253990387204,-7.5001245
2698,204.0,-215.27606579091378,-4.9047735
2708,204.0,-311.0883585400953,-7.5001245
2717,204.0,-216.50442851846742,-4.9340995
2727,204.0,-310.4741771763185,-7.5001245
2738,204.0,-217.1186098822442,-4.9487625
2748,204.0,-309.24581444876486,-7.5001245
2758,204.0,-218.3469726097978,-4.9634255000000005
2768,204.0,-306.7890889936577,-7.4854615
2780,204.0,-227.55969306644985,-5.1980335
2790,204.0,-300.64727535588963,-7.250853500000001
2800,204.0,-230.6305998853339,-5.3153375
2810,204.0,-299.418912628336,-7.2361905
2821,204.0,-233.08732534044108,-5.3446635
2830,204.0,-298.1905499007824,-7.2068645
2840,204.0,-242.91422716086998,-5.4619675
2850,204.0,-296.34800580945193,-7.1922015
2861,204.0,-249.05604079863804,-5.5646085
2871,204.0,-284.0643785339159,-7.0015825000000005
2881,204.0,-260.11130534662055,-5.8725315
2891,204.0,-278.53674625992466,-6.8549525000000004
2900,204.0,-268.7098444394958,-6.107139500000001
2911,204.0,-268.09566307571896,-6.664333500000001
2921,204.0,-279.1509276237015,-6.3710735000000005
2931,204.0,-262.56803080172773,-6.5177035000000005
2941,204.0,-285.9069226252463,-6.547029500000001
2952,204.0,-254.5836730726293,-6.3564105
2961,204.0,-296.34800580945193,-6.810963500000001
2971,204.0,-243.5284085246468,-6.1657915
2981,204.0,-304.9465449023273,-7.1335495
2992,204.0,-238.00077625065552,-6.0044985
3002,204.0,-312.3167212676489,-7.368157500000001
3012,204.0,-230.6305998853339,-5.7845535
3022,204.0,-314.1592653589793,-7.5001245
3033,204.0,-225.71714897511944,-5.6379235
3043,204.0,-314.1592653589793,-7.5001245
3052,204.0,-221.41787942868186,-5.5352825
3062,204.0,-314.1592653589793,-7.5001245
3073,204.0,-218.3469726097978,-5.4179785
3083,204.0,-314.1592653589793,-7.5001245
3093,204.0,-214.0477030633602,-5.2860115
3103,204.0,-314.1592653589793,-7.5001245
3113,204.0,-209.74843351692252,-5.1833705000000005
3124,204.0,-314.1592653589793,-7.5001245
3133,204.0,-204.2208012429313,-5.0367405000000005
3143,204.0,-314.1592653589793,-7.5001245
3153,204.0,-201.76407578782408,-4.9487625
3164,204.0,-314.1592653589793,-7.5001245
3174,204.0,-199.30735033271685,-4.8754475
3183,204.0,-314.1592653589793,-7.5001245
3193,204.0,-198.07898760516326,-4.7874695
3204,204.0,-314.1592653589793,-7.5001245
3214,204.0,-198.69316896894003,-4.7434805
3224,204.0,-314.1592653589793,-7.5001245
3234,204.0,-198.69316896894003,-4.7141545
3245,204.0,-314.1592653589793,-7.5001245
3254,204.0,-198.07898760516326,-4.7141545
3264,204.0,-314.1592653589793,-7.5001245
3274,204.0,-199.30735033271685,-4.699491500000001
3284,204.0,-314.1592653589793,-7.5001245
3295,204.0,-200.53571306027044,-4.6848285
3305,204.0,-314.1592653589793,-7.5001245
3315,204.0,-202.37825715160088,-4.6848285
3324,204.0,-314.1592653589793,-7.5001245
3335,204.0,-202.9924385153777,-4.7141545
3345,204.0,-314.1592653589793,-7.5001245
3355,204.0,-205.4491639704849,-4.699491500000001
3365,204.0,-314.1592653589793,-7.5001245
3376,204.0,-204.8349826067081,-4.699491500000001
3386,204.0,-314.1592653589793,-7.5001245
3396,204.0,-207.90588942559214,-4.7288175
3405,204.0,-314.1592653589793,-7.5001245
3416,204.0,-209.13425215314575,-4.7581435
3426,204.0,-314.1592653589793,-7.5001245
3436,204.0,-211.59097760825296,-4.8021325
3446,204.0,-314.1592653589793,-7.5001245
3457,204.0,-212.20515897202975,-4.8021325
3467,204.0,-312.3167212676489,-7.5001245
3477,204.0,-213.43352169958337,-4.8314585
3486,204.0,-311.70253990387204,-7.5001245
3496,204.0,-214.0477030633602,-4.8901105000000005
3507,204.0,-311.70253990387204,-7.5001245
3517,204.0,-215.89024715469057,-4.9047735
3527,204.0,-311.0883585400953,-7.5001245
3537,204.0,-217.1186098822442,-4.919436500000001
3548,204.0,-309.24581444876486,-7.5001245
3558,204.0,-217.73279124602098,-4.9634255000000005
3567,204.0,-308.0174517212113,-7.5001245
3577,204.0,-219.57533533735142,-5.0074145
3588,204.0,-308.6316330849881,-7.470798500000001
3598,204.0,-222.03206079245862,-5.0660665
3608,204.0,-307.40327035743445,-7.4268095
3618,204.0,-221.41787942868186,-5.0660665
3629,204.0,-305.56072626610404,-7.4121465
3638,204.0,-222.64624215623542,-5.0953925
3648,204.0,-304.9465449023273,-7.397483500000001
3658,204.0,-224.48878624756586,-5.1393815
3668,204.0,-304.33236353855045,-7.368157500000001
3679,204.0,-225.10296761134265,-5.1540445
3689,204.0,-303.71818217477363,-7.3388315
3699,204.0,-226.33133033889624,-5.1833705000000005
3708,204.0,-303.1040008109968,-7.324168500000001
3719,204.0,-228.7880557940035,-5.2420225
3729,204.0,-303.1040008109968,-7.3388315
3739,204.0,-228.1738744302267,-5.2273595
3749,204.0,-301.26145671966646,-7.2801795
3760,204.0,-229.4022371577803,-5.2860115
3769,204.0,-300.0330939921128,-7.250853500000001
3779,204.0,-231.24478124911067,-5.330000500000001
3789,204.0,-300.0330939921128,-7.2361905
3800,204.0,-233.08732534044108,-5.3593265
3810,204.0,-298.1905499007824,-7.2068645
3820,204.0,-241.07168306953957,-5.4619675
3830,204.0,-291.4345548992376,-7.104223500000001
3840,204.0,-252.74112898129886,-5.7405645000000005
3850,204.0,-280.37929035125507,-6.8989415
3860,204.0,-268.7098444394958,-6.0778135
3870,204.0,-271.16656989460296,-6.7083225
3880,204.0,-279.1509276237015,-6.327084500000001
3891,204.0,-260.7254867103973,-6.4883775
3901,204.0,-285.2927412614695,-6.5323665
3910,204.0,-254.5836730726293,-6.3857365
3920,204.0,-295.1196430818984,-6.7963005
3931,204.0,-246.5993153435308,-6.2097805
3941,204.0,-304.33236353855045,-7.030908500000001
3951,204.0,-239.2291389782092,-6.0044985
3961,204.0,-308.6316330849881,-7.250853500000001
3972,204.0,-236.77241352310196,-5.9751725
3982,204.0,-311.0883585400953,-7.368157500000001
3991,204.0,-230.6305998853339,-5.7992165
4001,204.0,-314.1592653589793,-7.5001245
4012,204.0,-224.48878624756586,-5.6525865
4022,204.0,-314.1592653589793,-7.5001245
4032,204.0,-218.96115397357462,-5.4473045
4042,204.0,-314.1592653589793,-7.5001245
4052,204.0,-215.27606579091378,-5.3153375
4063,204.0,-314.1592653589793,-7.5001245
4072,204.0,-210.9767962444761,-5.1980335
4082,204.0,-314.1592653589793,-7.5001245
4092,204.0,-205.4491639704849,-5.0514035
4103,204.0,-314.1592653589793,-7.5001245
4113,204.0,-202.37825715160088,-4.9340995
4123,204.0,-314.1592653589793,-7.5001245
4133,204.0,-198.69316896894003,-4.8167955000000005
4144,204.0,-314.1592653589793,-7.5001245
4153,204.0,-197.46480624138644,-4.772806500000001
4163,204.0,-314.1592653589793,-7.5001245
4173,204.0,-198.07898760516326,-4.7434805
4184,204.0,-314.1592653589793,-7.5001245
4194,204.0,-197.46480624138644,-4.7288175
4204,204.0,-314.1592653589793,-7.5001245
4213,204.0,-198.07898760516326,-4.7141545
4224,204.0,-314.1592653589793,-7.5001245
4234,204.0,-199.92153169649367,-4.699491500000001
4244,204.0,-314.1592653589793,-7.5001245
4254,204.0,-200.53571306027044,-4.699491500000001
4264,204.0,-314.1592653589793,-7.5001245
4274,204.0,-201.76407578782408,-4.7141545
4284,204.0,-314.1592653589793,-7.5001245
4294,204.0,-203.6066198791545,-4.699491500000001
4304,204.0,-314.1592653589793,-7.5001245
4315,204.0,-203.6066198791545,-4.6848285
4325,204.0,-314.1592653589793,-7.5001245
4335,204.0,-205.4491639704849,-4.7141545
4344,204.0,-314.1592653589793,-7.5001245
4355,204.0,-206.67752669803852,-4.7288175
4365,204.0,-314.1592653589793,-7.5001245
4375,204.0,-208.52007078936893,-4.7434805
4385,204.0,-313.54508399520256,-7.5001245
4396,204.0,-209.13425215314575,-4.7581435
4406,204.0,-314.1592653589793,-7.5001245
4415,204.0,-210.9767962444761,-4.7874695
4425,204.0,-314.1592653589793,-7.5001245
4435,204.0,-212.20515897202975,-4.8021325
4446,204.0,-314.1592653589793,-7.5001245
4456,204.0,-212.8193403358066,-4.8167955000000005
4466,204.0,-313.54508399520256,-7.5001245
4476,204.0,-214.0477030633602,-4.846121500000001
4486,204.0,-312.3167212676489,-7.5001245
4496,204.0,-215.27606579091378,-4.8754475
4506,204.0,-311.0883585400953,-7.5001245
4516,204.0,-215.89024715469057,-4.8901105000000005
4527,204.0,-310.4741771763185,-7.5001245
4537,204.0,-215.89024715469057,-4.919436500000001
4547,204.0,-309.24581444876486,-7.5001245
4557,204.0,-217.1186098822442,-4.9634255000000005
4567,204.0,-309.24581444876486,-7.5001245
4577,204.0,-218.96115397357462,-4.992751500000001
4587,204.0,-308.6316330849881,-7.470798500000001
4597,204.0,-220.803698064905,-5.0220775
4608,204.0,-307.40327035743445,-7.4268095
4618,204.0,-222.03206079245862,-5.0660665
4628,204.0,-306.17490762988086,-7.4268095
4637,204.0,-222.64624215623542,-5.0953925
4647,204.0,-305.56072626610404,-7.397483500000001
4658,204.0,-224.48878624756586,-5.1393815
4668,204.0,-304.9465449023273,-7.368157500000001
4678,204.0,-225.10296761134265,-5.1687075
4688,204.0,-302.48981944722004,-7.324168500000001
4699,204.0,-226.33133033889624,-5.2126965
4709,204.0,-302.48981944722004,-7.294842500000001
4718,204.0,-228.1738744302267,-5.256685500000001
4728,204.0,-302.48981944722004,-7.3095055
4739,204.0,-230.01641852155709,-5.2713485
4749,204.0,-300.64727535588963,-7.250853500000001
4759,204.0,-231.24478124911067,-5.3153375
4769,204.0,-300.64727535588963,-7.250853500000001
4779,204.0,-235.54405079554832,-5.3886525
4789,204.0,-298.8047312645592,-7.2068645
4799,204.0,-242.91422716086998,-5.4619675
4809,204.0,-287.1352853527999,-7.0748975000000005
4819,204.0,-257.04039852773644,-5.8285425
4830,204.0,-277.9225648961479,-6.8402895
4840,204.0,-271.7807512583798,-6.180454500000001
4850,204.0,-266.8673003481654,-6.6056815
4860,204.0,-283.45019717013906,-6.473714500000001
4870,204.0,-261.33966807417414,-6.4883775
4880,204.0,-293.277098990568,-6.6936595
4890,204.0,-247.21349670730763,-6.2391065
4900,204.0,-299.418912628336,-6.9429305
4911,204.0,-241.07168306953957,-6.107139500000001
4921,204.0,-305.56072626610404,-7.1335495
4930,204.0,-238.61495761443237,-6.0191615
4940,204.0,-311.0883585400953,-7.3095055
4951,204.0,-231.24478124911067,-5.8138795000000005
4961,204.0,-314.1592653589793,-7.5001245
4971,204.0,-226.33133033889624,-5.6819125
4981,204.0,-314.1592653589793,-7.5001245
4992,204.0,-220.18951670112818,-5.476630500000001
5002,204.0,-314.1592653589793,-7.5001245
5012,204.0,-216.50442851846742,-5.3593265
5021,204.0,-314.1592653589793,-7.5001245
5031,204.0,-212.20515897202975,-5.2273595
5042,204.0,-314.1592653589793,-7.5001245
5052,204.0,-206.67752669803852,-5.0953925
5062,204.0,-314.1592653589793,-7.5001245
5072,204.0,-201.76407578782408,-4.9487625
5083,204.0,-314.1592653589793,-7.5001245
5093,204.0,-199.30735033271685,-4.8607845
5103,204.0,-314.1592653589793,-7.5001245
5112,204.0,-197.46480624138644,-4.772806500000001
5123,204.0,-314.1592653589793,-7.5001245
5133,204.0,-197.46480624138644,-4.7288175
5143,204.0,-314.1592653589793,-7.5001245
5153,204.0,-198.07898760516326,-4.699491500000001
5164,204.0,-314.1592653589793,-7.5001245
5174,204.0,-198.07898760516326,-4.699491500000001
5183,204.0,-314.1592653589793,-7.5001245
5193,204.0,-200.53571306027044,-4.699491500000001
5203,204.0,-314.1592653589793,-7.5001245
5214,204.0,-201.76407578782408,-4.6848285
5224,204.0,-314.1592653589793,-7.5001245
5234,204.0,-202.9924385153777,-4.6848285
5243,204.0,-314.1592653589793,-7.5001245
5254,204.0,-204.2208012429313,-4.7141545
5264,204.0,-314.1592653589793,-7.5001245
5274,204.0,-204.8349826067081,-4.699491500000001
5284,204.0,-314.1592653589793,-7.5001245
5295,204.0,-206.67752669803852,-4.7141545
5305,204.0,-314.1592653589793,-7.5001245
5314,204.0,-207.90588942559214,-4.7288175
5324,204.0,-314.1592653589793,-7.5001245
5335,204.0,-208.52007078936893,-4.7581435
5345,204.0,-314.1592653589793,-7.5001245
5355,204.0,-209.13425215314575,-4.7581435
5365,204.0,-314.1592653589793,-7.5001245
5374,204.0,-210.9767962444761,-4.8021325
5385,204.0,-314.1592653589793,-7.5001245
5395,204.0,-212.8193403358066,-4.8167955000000005
5405,204.0,-313.54508399520256,-7.5001245
5415,204.0,-214.0477030633602,-4.8314585
5426,204.0,-312.3167212676489,-7.5001245
5436,204.0,-214.0477030633602,-4.8607845
5445,204.0,-311.70253990387204,-7.5001245
5455,204.0,-215.27606579091378,-4.8754475
5466,204.0,-311.0883585400953,-7.5001245
5476,204.0,-215.89024715469057,-4.9047735
5486,204.0,-310.4741771763185,-7.5001245
5496,204.0,-216.50442851846742,-4.919436500000001
5507,204.0,-309.85999581254174,-7.5001245
5516,204.0,-217.73279124602098,-4.9487625
5526,204.0,-309.24581444876486,-7.5001245
5536,204.0,-218.96115397357462,-4.992751500000001
5547,204.0,-309.24581444876486,-7.470798500000001
5557,204.0,-219.57533533735142,-5.0074145
5567,204.0,-308.0174517212113,-7.4561355
5576,204.0,-220.18951670112818,-5.0514035
5586,204.0,-306.7890889936577,-7.441472500000001
5597,204.0,-222.03206079245862,-5.0660665
5607,204.0,-306.17490762988086,-7.4121465
5617,204.0,-223.87460488378903,-5.1100555000000005
5627,204.0,-304.9465449023273,-7.397483500000001
5638,204.0,-224.48878624756586,-5.1393815
5648,204.0,-303.71818217477363,-7.368157500000001
5657,204.0,-225.71714897511944,-5.1687075
5667,204.0,-304.33236353855045,-7.3534945
5678,204.0,-226.33133033889624,-5.1833705000000005
5688,204.0,-302.48981944722004,-7.324168500000001
5698,204.0,-227.55969306644985,-5.2420225
5708,204.0,-301.26145671966646,-7.294842500000001
5718,204.0,-229.4022371577803,-5.2860115
5728,204.0,-300.0330939921128,-7.2361905
5738,204.0,-231.85896261288752,-5.330000500000001
5748,204.0,-299.418912628336,-7.2361905
5758,204.0,-231.85896261288752,-5.3446635
5769,204.0,-298.1905499007824,-7.2068645
5779,204.0,-234.92986943177152,-5.3739895
5788,204.0,-296.34800580945193,-7.177538500000001
5798,204.0,-246.5993153435308,-5.5792715
5809,204.0,-286.52110398902306,-7.0162455
5819,204.0,-259.49712398284373,-5.8578685
5829,204.0,-278.53674625992466,-6.8696155
5839,204.0,-266.25311898438855,-6.0631505
5849,204.0,-271.16656989460296,-6.737648500000001
5859,204.0,-277.9225648961479,-6.327084500000001
5869,204.0,-261.9538494379509,-6.5323665
5879,204.0,-285.9069226252463,-6.5616925
5890,204.0,-256.4262171639597,-6.400399500000001
5900,204.0,-298.1905499007824,-6.8402895
5910,204.0,-247.82767807108442,-6.2391065
5919,204.0,-302.48981944722004,-7.0015825000000005
5929,204.0,-240.45750170576275,-6.0924765
5940,204.0,-306.17490762988086,-7.177538500000001
5950,204.0,-237.38659488687875,-5.9751725
5960,204.0,-311.0883585400953,-7.3388315
5970,204.0,-233.08732534044108,-5.8578685
5981,204.0,-314.1592653589793,-7.5001245
5990,204.0,-227.55969306644985,-5.7112385
6000,204.0,-314.1592653589793,-7.5001245
6010,204.0,-222.64624215623542,-5.5646085
6021,204.0,-314.1592653589793,-7.5001245
6031,204.0,-217.1186098822442,-5.3739895
6041,204.0,-314.1592653589793,-7.5001245
6051,204.0,-214.0477030633602,-5.3006745
6062,204.0,-314.1592653589793,-7.5001245
6071,204.0,-210.36261488069934,-5.1833705000000005
6081,204.0,-314.1592653589793,-7.5001245
6091,204.0,-206.0633453342617,-5.0660665
6102,204.0,-314.1592653589793,-7.5001245
6112,204.0,-202.37825715160088,-4.9780885
6122,204.0,-314.1592653589793,-7.5001245
6131,204.0,-198.07898760516326,-4.8754475
6141,204.0,-314.1592653589793,-7.5001245
6152,204.0,-198.07898760516326,-4.8021325
6162,204.0,-314.1592653589793,-7.5001245
6172,204.0,-196.85062487760962,-4.7434805
6182,204.0,-314.1592653589793,-7.5001245
6193,204.0,-197.46480624138644,-4.7141545
6203,204.0,-314.1592653589793,-7.5001245
6212,204.0,-198.07898760516326,-4.7141545
6222,204.0,-314.1592653589793,-7.5001245
6233,204.0,-201.14989442404726,-4.699491500000001
6243,204.0,-314.1592653589793,-7.5001245
6253,204.0,-202.37825715160088,-4.6848285
6263,204.0,-314.1592653589793,-7.5001245
6274,204.0,-204.2208012429313,-4.699491500000001
6283,204.0,-314.1592653589793,-7.5001245
6293,204.0,-204.2208012429313,-4.699491500000001
6303,204.0,-314.1592653589793,-7.5001245
6313,204.0,-206.0633453342617,-4.7141545
6324,204.0,-314.1592653589793,-7.5001245
6334,204.0,-206.67752669803852,-4.7141545
6344,204.0,-314.1592653589793,-7.5001245
6353,204.0,-207.90588942559214,-4.7581435
6364,204.0,-314.1592653589793,-7.5001245
6374,204.0,-209.74843351692252,-4.7581435
6384,204.0,-314.1592653589793,-7.5001245
6394,204.0,-209.74843351692252,-4.7581435
6405,204.0,-313.54508399520256,-7.5001245
6414,204.0,-210.9767962444761,-4.8021325
6424,204.0,-314.1592653589793,-7.5001245
6434,204.0,-212.20515897202975,-4.8167955000000005
6445,204.0,-313.54508399520256,-7.5001245
6455,204.0,-213.43352169958337,-4.8314585
6465,204.0,-313.54508399520256,-7.5001245
6475,204.0,-215.27606579091378,-4.8754475
6484,204.0,-312.3167212676489,-7.5001245
6495,204.0,-214.66188442713695,-4.8607845
6505,204.0,-312.3167212676489,-7.5001245
6515,204.0,-216.50442851846742,-4.9047735
6525,204.0,-310.4741771763185,-7.5001245
6536,204.0,-216.50442851846742,-4.919436500000001
6545,204.0,-309.85999581254174,-7.5001245
6555,204.0,-217.73279124602098,-4.9487625
6565,204.0,-309.85999581254174,-7.5001245
6576,204.0,-218.96115397357462,-4.9780885
6586,204.0,-309.24581444876486,-7.4854615
6596,204.0,-220.18951670112818,-5.0074145
6606,204.0,-307.40327035743445,-7.441472500000001
6617,204.0,-221.41787942868186,-5.0514035
6626,204.0,-306.7890889936577,-7.441472500000001
6636,204.0,-222.64624215623542,-5.0807295
6646,204.0,-304.9465449023273,-7.4121465
6657,204.0,-223.87460488378903,-5.1100555000000005
6667,204.0,-304.33236353855045,-7.3828205
6677,204.0,-224.48878624756586,-5.1540445
6687,204.0,-303.71818217477363,-7.3534945
6696,204.0,-226.33133033889624,-5.1980335
6707,204.0,-303.71818217477363,-7.3388315
6717,204.0,-227.55969306644985,-5.2126965
6727,204.0,-303.1040008109968,-7.3095055
6737,204.0,-229.4022371577803,-5.2420225
6748,204.0,-300.64727535588963,-7.2801795
6758,204.0,-230.01641852155709,-5.2860115
6767,204.0,-300.64727535588963,-7.250853500000001
6777,204.0,-231.24478124911067,-5.330000500000001
6788,204.0,-298.8047312645592,-7.2068645
6798,204.0,-236.1582321593251,-5.3739895
6808,204.0,-296.9621871732288,-7.1922015
6818,204.0,-245.3709526159772,-5.5352825
6829,204.0,-290.8203735354607,-7.104223500000001
6838,204.0,-257.04039852773644,-5.7992165
6848,204.0,-274.85165807726383,-6.7816375
6858,204.0,-272.3949326221566,-6.1951175
6868,204.0,-268.09566307571896,-6.6789965
6879,204.0,-277.9225648961479,-6.3710735000000005
6889,204.0,-258.8829426190669,-6.473714500000001
6899,204.0,-288.3636480803535,-6.620344500000001
6908,204.0,-255.1978544364061,-6.3710735000000005
6919,204.0,-296.34800580945193,-6.810963500000001
6929,204.0,-245.985133979754,-6.1951175
6939,204.0,-303.71818217477363,-7.030908500000001
6949,204.0,-239.2291389782092,-6.0044985
6960,204.0,-306.7890889936577,-7.2215275000000005
6970,204.0,-236.1582321593251,-5.9458465
6979,204.0,-312.9309026314257,-7.3534945
6989,204.0,-230.01641852155709,-5.7992165
7000,204.0,-314.1592653589793,-7.5001245
7010,204.0,-226.9455117026731,-5.696575500000001
7020,204.0,-314.1592653589793,-7.5001245
7030,204.0,-220.803698064905,-5.5352825
7041,204.0,-314.1592653589793,-7.5001245
7051,204.0,-215.89024715469057,-5.3739895
7060,204.0,-314.1592653589793,-7.5001245
7070,204.0,-211.59097760825296,-5.2273595
7080,204.0,-314.1592653589793,-7.5001245
7091,204.0,-206.67752669803852,-5.0953925
7101,204.0,-314.1592653589793,-7.5001245
7111,204.0,-203.6066198791545,-5.0220775
7121,204.0,-314.1592653589793,-7.5001245
7131,204.0,-201.76407578782408,-4.9487625
7141,204.0,-314.1592653589793,-7.5001245
7151,204.0,-198.69316896894003,-4.8167955000000005
7161,204.0,-314.1592653589793,-7.5001245
7172,204.0,-198.69316896894003,-4.7581435
7182,204.0,-314.1592653589793,-7.5001245
7192,204.0,-197.46480624138644,-4.7288175
7201,204.0,-314.1592653589793,-7.5001245
7212,204.0,-198.07898760516326,-4.7141545
7222,204.0,-314.1592653589793,-7.5001245
7232,204.0,-199.92153169649367,-4.699491500000001
7242,204.0,-314.1592653589793,-7.5001245
7252,204.0,-200.53571306027044,-4.699491500000001
7263,204.0,-314.1592653589793,-7.5001245
7272,204.0,-202.37825715160088,-4.699491500000001
7282,204.0,-314.1592653589793,-7.5001245
7292,204.0,-203.6066198791545,-4.7141545
7303,204.0,-314.1592653589793,-7.5001245
7313,204.0,-204.2208012429313,-4.699491500000001
7323,204.0,-314.1592653589793,-7.5001245
7333,204.0,-205.4491639704849,-4.699491500000001
7343,204.0,-314.1592653589793,-7.5001245
7353,204.0,-207.90588942559214,-4.7434805
7363,204.0,-314.1592653589793,-7.5001245
7373,204.0,-208.52007078936893,-4.7434805
7384,204.0,-314.1592653589793,-7.5001245
7394,204.0,-209.13425215314575,-4.772806500000001
7404,204.0,-314.1592653589793,-7.5001245
7413,204.0,-210.9767962444761,-4.7874695
7424,204.0,-314.1592653589793,-7.5001245
7434,204.0,-211.59097760825296,-4.7874695
7444,204.0,-313.54508399520256,-7.5001245
7454,204.0,-212.20515897202975,-4.8167955000000005
7464,204.0,-312.9309026314257,-7.5001245
7474,204.0,-213.43352169958337,-4.846121500000001
7484,204.0,-312.3167212676489,-7.5001245
7494,204.0,-214.66188442713695,-4.8607845
7504,204.0,-312.3167212676489,-7.5001245
7515,204.0,-215.27606579091378,-4.8754475
7525,204.0,-311.0883585400953,-7.5001245
7535,204.0,-216.50442851846742,-4.919436500000001
7544,204.0,-310.4741771763185,-7.5001245
7555,204.0,-217.1186098822442,-4.9340995
7565,204.0,-310.4741771763185,-7.5001245
7575,204.0,-219.57533533735142,-4.9634255000000005
7585,204.0,-309.85999581254174,-7.5001245
7596,204.0,-218.96115397357462,-4.992751500000001
7606,204.0,-307.40327035743445,-7.4561355
7615,204.0,-220.803698064905,-5.0367405000000005
7625,204.0,-308.0174517212113,-7.4561355
7635,204.0,-222.64624215623542,-5.0514035
7646,204.0,-306.7890889936577,-7.4268095
7656,204.0,-222.03206079245862,-5.0953925
7666,204.0,-304.9465449023273,-7.397483500000001
7676,204.0,-223.87460488378903,-5.1100555000000005
7686,204.0,-304.9465449023273,-7.3828205
7696,204.0,-225.71714897511944,-5.1687075
7706,204.0,-304.33236353855045,-7.3534945
7716,204.0,-226.9455117026731,-5.1980335
7727,204.0,-303.1040008109968,-7.324168500000001
7737,204.0,-226.9455117026731,-5.2126965
7746,204.0,-301.87563808344316,-7.3095055
7756,204.0,-228.7880557940035,-5.256685500000001
7767,204.0,-301.87563808344316,-7.2801795
7777,204.0,-230.01641852155709,-5.2713485
7787,204.0,-300.64727535588963,-7.250853500000001
7797,204.0,-231.24478124911067,-5.330000500000001
7808,204.0,-298.8047312645592,-7.2215275000000005
7818,204.0,-236.1582321593251,-5.3886525
7827,204.0,-298.8047312645592,-7.2068645
7837,204.0,-243.5284085246468,-5.5059565
7847,204.0,-287.7494667165767,-7.0455715
7858,204.0,-260.7254867103973,-5.8725315
7868,204.0,-279.1509276237015,-6.8549525000000004
7878,204.0,-270.5523885308262,-6.1218025
7888,204.0,-268.09566307571896,-6.664333500000001
7899,204.0,-288.3636480803535,-6.5616925
7908,204.0,-255.81203580018285,-6.400399500000001
7918,204.0,-291.4345548992376,-6.7083225
7928,204.0,-252.1269476175221,-6.3124215
7939,204.0,-298.1905499007824,-6.8696155
7949,204.0,-242.91422716086998,-6.1218025
7959,204.0,-304.9465449023273,-7.1188865
7968,204.0,-239.2291389782092,-6.033824500000001
7979,204.0,-306.7890889936577,-7.2215275000000005
7989,204.0,-236.1582321593251,-5.9458465
7999,204.0,-313.54508399520256,-7.397483500000001
8009,204.0,-230.6305998853339,-5.7992165
8019,204.0,-314.1592653589793,-7.5001245
8029,204.0,-226.33133033889624,-5.6819125
8039,204.0,-314.1592653589793,-7.5001245
8049,204.0,-222.03206079245862,-5.5646085
8059,204.0,-314.1592653589793,-7.5001245
8070,204.0,-217.73279124602098,-5.4179785
8080,204.0,-314.1592653589793,-7.5001245
8090,204.0,-215.89024715469057,-5.3446635
8099,204.0,-314.1592653589793,-7.5001245
8110,204.0,-213.43352169958337,-5.2273595
8120,204.0,-314.1592653589793,-7.5001245
8130,204.0,-209.13425215314575,-5.1687075
8140,204.0,-314.1592653589793,-7.5001245
8151,204.0,-206.0633453342617,-5.0660665
8160,204.0,-314.1592653589793,-7.5001245
8170,204.0,-202.9924385153777,-4.9780885
8180,204.0,-314.1592653589793,-7.5001245
8190,204.0,-200.53571306027044,-4.8901105000000005
8201,204.0,-314.1592653589793,-7.5001245
8211,204.0,-198.69316896894003,-4.772806500000001
8221,204.0,-314.1592653589793,-7.5001245
8230,204.0,-197.46480624138644,-4.7434805
8241,204.0,-314.1592653589793,-7.5001245
8251,204.0,-198.69316896894003,-4.7288175
8261,204.0,-314.1592653589793,-7.5001245
8271,204.0,-198.07898760516326,-4.699491500000001
8282,204.0,-314.1592653589793,-7.5001245
8292,204.0,-199.30735033271685,-4.7141545
8301,204.0,-314.1592653589793,-7.5001245
8311,204.0,-200.53571306027044,-4.699491500000001
8322,204.0,-314.1592653589793,-7.5001245
8332,204.0,-203.6066198791545,-4.699491500000001
8342,204.0,-314.1592653589793,-7.5001245
8352,204.0,-204.8349826067081,-4.7141545
8363,204.0,-314.1592653589793,-7.5001245
8373,204.0,-205.4491639704849,-4.7141545
8382,204.0,-313.54508399520256,-7.5001245
8392,204.0,-207.29170806181534,-4.7288175
8402,204.0,-314.1592653589793,-7.5001245
8413,204.0,-208.52007078936893,-4.7434805
8423,204.0,-314.1592653589793,-7.5001245
8433,204.0,-209.74843351692252,-4.772806500000001
8443,204.0,-313.54508399520256,-7.5001245
8454,204.0,-211.59097760825296,-4.8167955000000005
8463,204.0,-314.1592653589793,-7.5001245
8473,204.0,-212.20515897202975,-4.8167955000000005
8483,204.0,-313.54508399520256,-7.5001245
8494,204.0,-214.66188442713695,-4.8754475
8504,204.0,-313.54508399520256,-7.5001245
8514,204.0,-214.0477030633602,-4.8607845
8523,204.0,-312.3167212676489,-7.5001245
8534,204.0,-215.89024715469057,-4.8901105000000005
8544,204.0,-311.70253990387204,-7.5001245
8554,204.0,-216.50442851846742,-4.919436500000001
8564,204.0,-310.4741771763185,-7.5001245
8574,204.0,-215.89024715469057,-4.9047735
8584,204.0,-308.6316330849881,-7.5001245
8594,204.0,-217.1186098822442,-4.9634255000000005
8604,204.0,-309.24581444876486,-7.5001245
8614,204.0,-218.96115397357462,-4.9780885
8625,204.0,-308.6316330849881,-7.4854615
8635,204.0,-219.57533533735142,-5.0074145
8645,204.0,-308.0174517212113,-7.470798500000001
8654,204.0,-220.803698064905,-5.0514035
8665,204.0,-306.7890889936577,-7.441472500000001
8675,204.0,-222.64624215623542,-5.0807295
8685,204.0,-306.17490762988086,-7.441472500000001
8695,204.0,-225.10296761134265,-5.1100555000000005
8706,204.0,-304.9465449023273,-7.3534945
8716,204.0,-225.71714897511944,-5.1687075
8726,204.0,-303.71818217477363,-7.3388315
8736,204.0,-226.33133033889624,-5.1980335
8745,204.0,-303.1040008109968,-7.324168500000001
8756,204.0,-228.1738744302267,-5.2420225
8766,204.0,-302.48981944722004,-7.294842500000001
8776,204.0,-228.7880557940035,-5.256685500000001
8786,204.0,-300.0330939921128,-7.2361905
8797,204.0,-230.6305998853339,-5.3153375
8806,204.0,-299.418912628336,-7.250853500000001
8816,204.0,-233.08732534044108,-5.3739895
8826,204.0,-298.8047312645592,-7.1922015
8837,204.0,-249.67022216241486,-5.6085975
8847,204.0,-289.5920108079072,-7.0748975000000005
8857,204.0,-255.81203580018285,-5.769890500000001
8867,204.0,-277.9225648961479,-6.8549525000000004
8878,204.0,-267.4814817119422,-6.0778135
8887,204.0,-271.7807512583798,-6.7229855
8897,204.0,-276.69420216859424,-6.2977585000000005
8907,204.0,-265.02475625683496,-6.547029500000001
8918,204.0,-285.2927412614695,-6.5030405
8928,204.0,-255.1978544364061,-6.400399500000001
8938,204.0,-296.34800580945193,-6.810963500000001
8948,204.0,-245.985133979754,-6.1951175
8957,204.0,-304.33236353855045,-7.0602345
8968,204.0,-239.84332034198596,-6.0778135
8978,204.0,-306.17490762988086,-7.1922015
8988,204.0,-234.92986943177152,-5.9018575
8998,204.0,-312.3167212676489,-7.368157500000001
9009,204.0,-230.01641852155709,-5.8138795000000005
9019,204.0,-314.1592653589793,-7.5001245
9028,204.0,-228.7880557940035,-5.7259015
9038,204.0,-314.1592653589793,-7.5001245
9049,204.0,-220.803698064905,-5.5059565
9059,204.0,-314.1592653589793,-7.5001245
9069,204.0,-217.73279124602098,-5.3886525
9079,204.0,-314.1592653589793,-7.5001245
9090,204.0,-213.43352169958337,-5.2713485
9099,204.0,-314.1592653589793,-7.5001245
9109,204.0,-208.52007078936893,-5.1687075
9119,204.0,-314.1592653589793,-7.5001245
9129,204.0,-206.0633453342617,-5.0807295
9140,204.0,-314.1592653589793,-7.5001245
9150,204.0,-201.76407578782408,-4.9634255000000005
9160,204.0,-314.1592653589793,-7.5001245
9169,204.0,-199.92153169649367,-4.8607845
9180,204.0,-314.1592653589793,-7.5001245
9190,204.0,-198.07898760516326,-4.772806500000001
9200,204.0,-314.1592653589793,-7.5001245
9210,204.0,-198.07898760516326,-4.7288175
9221,204.0,-314.1592653589793,-7.5001245
9231,204.0,-199.92153169649367,-4.7581435
9241,204.0,-314.1592653589793,-7.5001245
9250,204.0,-200.53571306027044,-4.699491500000001
9261,204.0,-314.1592653589793,-7.5001245
9271,204.0,-201.14989442404726,-4.699491500000001
9281,204.0,-314.1592653589793,-7.5001245
9291,204.0,-201.76407578782408,-4.699491500000001
9302,204.0,-314.1592653589793,-7.5001245
9312,204.0,-202.9924385153777,-4.7141545
9321,204.0,-314.1592653589793,-7.5001245
9331,204.0,-204.8349826067081,-4.7141545
9341,204.0,-314.1592653589793,-7.5001245
9352,204.0,-206.0633453342617,-4.699491500000001
9362,204.0,-314.1592653589793,-7.5001245
9372,204.0,-206.67752669803852,-4.7141545
9382,204.0,-314.1592653589793,-7.5001245
9392,204.0,-207.90588942559214,-4.7581435
9402,204.0,-314.1592653589793,-7.5001245
9412,204.0,-210.9767962444761,-4.7874695
9422,204.0,-314.1592653589793,-7.5001245
9433,204.0,-210.9767962444761,-4.7874695
9443,204.0,-312.9309026314257,-7.5001245
9453,204.0,-212.20515897202975,-4.8314585
9462,204.0,-312.9309026314257,-7.5001245
9473,204.0,-212.8193403358066,-4.846121500000001
9483,204.0,-312.9309026314257,-7.5001245
9493,204.0,-215.27606579091378,-4.8754475
9503,204.0,-311.70253990387204,-7.5001245
9513,204.0,-214.66188442713695,-4.8901105000000005
9524,204.0,-311.0883585400953,-7.5001245
9533,204.0,-215.89024715469057,-4.919436500000001
9543,204.0,-310.4741771763185,-7.5001245
9553,204.0,-217.73279124602098,-4.9340995
9564,204.0,-309.24581444876486,-7.5001245
9574,204.0,-217.73279124602098,-4.9340995
9584,204.0,-308.6316330849881,-7.5001245
9594,204.0,-219.57533533735142,-5.0074145
9604,204.0,-308.0174517212113,-7.470798500000001
9614,204.0,-220.803698064905,-5.0220775
9624,204.0,-308.0174517212113,-7.4561355
9634,204.0,-222.03206079245862,-5.0514035
9645,204.0,-306.7890889936577,-7.4268095
9655,204.0,-222.03206079245862,-5.0660665
9665,204.0,-305.56072626610404,-7.397483500000001
9674,204.0,-223.87460488378903,-5.1247185
9684,204.0,-304.9465449023273,-7.3828205
9695,204.0,-225.10296761134265,-5.1540445
9705,204.0,-304.33236353855045,-7.3534945
9715,204.0,-226.9455117026731,-5.1833705000000005
9725,204.0,-303.1040008109968,-7.324168500000001
9736,204.0,-227.55969306644985,-5.2126965
9746,204.0,-301.87563808344316,-7.2801795
9755,204.0,-229.4022371577803,-5.2713485
9765,204.0,-301.87563808344316,-7.2801795
9776,204.0,-230.6305998853339,-5.3006745
9786,204.0,-301.26145671966646,-7.2655165
9796,204.0,-230.6305998853339,-5.3006745
9806,204.0,-299.418912628336,-7.2361905
9816,204.0,-232.4731439766643,-5.3739895
9826,204.0,-298.8047312645592,-7.2215275000000005
9836,204.0,-249.67022216241486,-5.5792715
9846,204.0,-295.1196430818984,-7.177538500000001
9857,204.0,-249.05604079863804,-5.5939345000000005
9867,204.0,-283.45019717013906,-6.9722565
9877,204.0,-263.18221216550455,-5.9751725
9886,204.0,-271.7807512583798,-6.737648500000001
9896,204.0,-273.6232953497102,-6.253769500000001
9907,204.0,-266.25311898438855,-6.5763555
9917,204.0,-285.2927412614695,-6.4883775
9927,204.0,-257.04039852773644,-6.4150625
9937,204.0,-291.4345548992376,-6.6936595
9947,204.0,-250.28440352619165,-6.2977585000000005
9957,204.0,-301.26145671966646,-6.9429305
9967,204.0,-242.3000457970932,-6.1218025
9977,204.0,-306.17490762988086,-7.1482125000000005
9988,204.0,-236.77241352310196,-5.960509500000001
9998,204.0,-309.24581444876486,-7.2801795
10008,204.0,-230.6305998853339,-5.8138795000000005
10018,204.0,-314.1592653589793,-7.5001245
10028,204.0,-225.71714897511944,-5.6525865
10038,204.0,-314.1592653589793,-7.5001245
10048,204.0,-220.18951670112818,-5.476630500000001
10058,204.0,-314.1592653589793,-7.5001245
10068,204.0,-215.89024715469057,-5.3886525
10079,204.0,-314.1592653589793,-7.5001245
10089,204.0,-212.20515897202975,-5.2420225
10098,204.0,-314.1592653589793,-7.5001245
10108,204.0,-209.13425215314575,-5.1687075
10119,204.0,-314.1592653589793,-7.5001245
10129,204.0,-204.8349826067081,-5.0807295
10139,204.0,-314.1592653589793,-7.5001245
10149,204.0,-199.92153169649367,-4.919436500000001
10160,204.0,-314.1592653589793,-7.5001245
10170,204.0,-198.07898760516326,-4.8021325
10179,204.0,-314.1592653589793,-7.5001245
10189,204.0,-196.85062487760962,-4.7434805
10200,204.0,-314.1592653589793,-7.5001245
10210,204.0,-197.46480624138644,-4.699491500000001
10220,204.0,-314.1592653589793,-7.5001245
10230,204.0,-197.46480624138644,-4.699491500000001
10241,204.0,-314.1592653589793,-7.5001245
10250,204.0,-198.69316896894003,-4.6848285
10260,204.0,-314.1592653589793,-7.5001245
10270,204.0,-201.14989442404726,-4.6848285
10280,204.0,-314.1592653589793,-7.5001245
10291,204.0,-202.37825715160088,-4.6848285
10301,204.0,-314.1592653589793,-7.5001245
10311,204.0,-203.6066198791545,-4.7141545
10320,204.0,-314.1592653589793,-7.5001245
10331,204.0,-205.4491639704849,-4.7141545
10341,204.0,-314.1592653589793,-7.5001245
10351,204.0,-204.8349826067081,-4.699491500000001
10361,204.0,-314.1592653589793,-7.5001245
10372,204.0,-206.67752669803852,-4.7141545
10381,204.0,-314.1592653589793,-7.5001245
10391,204.0,-208.52007078936893,-4.7581435
10401,204.0,-314.1592653589793,-7.5001245
10412,204.0,-209.74843351692252,-4.772806500000001
10422,204.0,-314.1592653589793,-7.5001245
10432,204.0,-211.59097760825296,-4.7874695
10442,204.0,-313.54508399520256,-7.5001245
10452,204.0,-212.8193403358066,-4.8167955000000005
10462,204.0,-313.54508399520256,-7.5001245
10472,204.0,-213.43352169958337,-4.8314585
10482,204.0,-312.9309026314257,-7.5001245
10492,204.0,-214.66188442713695,-4.8607845
10503,204.0,-312.3167212676489,-7.5001245
10513,204.0,-214.66188442713695,-4.8607845
10522,204.0,-311.0883585400953,-7.5001245
10532,204.0,-215.89024715469057,-4.919436500000001
10543,204.0,-311.0883585400953,-7.5001245
10553,204.0,-218.3469726097978,-4.9487625
10563,204.0,-311.0883585400953,-7.5001245
10573,204.0,-217.73279124602098,-4.9487625
10584,204.0,-309.85999581254174,-7.5001245
10593,204.0,-218.96115397357462,-4.9780885
10603,204.0,-308.6316330849881,-7.4854615
10613,204.0,-220.803698064905,-5.0220775
10624,204.0,-308.6316330849881,-7.470798500000001
10634,204.0,-222.03206079245862,-5.0514035
10644,204.0,-306.7890889936577,-7.4268095
10654,204.0,-222.64624215623542,-5.0660665
10663,204.0,-305.56072626610404,-7.4121465
10674,204.0,-223.87460488378903,-5.1100555000000005
10684,204.0,-305.56072626610404,-7.397483500000001
10694,204.0,-225.71714897511944,-5.1687075
10704,204.0,-304.9465449023273,-7.3534945
10715,204.0,-225.71714897511944,-5.1540445
10725,204.0,-302.48981944722004,-7.3388315
10735,204.0,-226.9455117026731,-5.2126965
10744,204.0,-301.26145671966646,-7.3095055
10755,204.0,-228.1738744302267,-5.2420225
10765,204.0,-301.87563808344316,-7.2801795
10775,204.0,-230.01641852155709,-5.2860115
10785,204.0,-300.64727535588963,-7.250853500000001
10796,204.0,-232.4731439766643,-5.3153375
10806,204.0,-298.1905499007824,-7.2215275000000005
10815,204.0,-237.38659488687875,-5.403315500000001
10825,204.0,-296.34800580945193,-7.1922015
10835,204.0,-247.21349670730763,-5.5939345000000005
10846,204.0,-290.20619217168394,-7.0895605
10856,204.0,-264.41057489305814,-5.9018575
10866,204.0,-271.7807512583798,-6.737648500000001
10876,204.0,-272.3949326221566,-6.1951175
10887,204.0,-261.9538494379509,-6.5030405
10896,204.0,-281.60765307880865,-6.4590515
10906,204.0,-260.11130534662055,-6.4590515
10916,204.0,-291.4345548992376,-6.664333500000001
10927,204.0,-250.28440352619165,-6.2977585000000005
10937,204.0,-298.8047312645592,-6.8989415
10947,204.0,-241.68586443331634,-6.1218025
10956,204.0,-306.17490762988086,-7.104223500000001
10967,204.0,-238.61495761443237,-6.0484875
10977,204.0,-309.24581444876486,-7.2361905
10987,204.0,-234.92986943177152,-5.9311835
10997,204.0,-314.1592653589793,-7.4268095
11008,204.0,-230.01641852155709,-5.7845535
11018,204.0,-314.1592653589793,-7.5001245
11027,204.0,-223.87460488378903,-5.623260500000001
11037,204.0,-314.1592653589793,-7.5001245
11047,204.0,-218.96115397357462,-5.4326415
11058,204.0,-314.1592653589793,-7.5001245
11068,204.0,-215.89024715469057,-5.330000500000001
11078,204.0,-314.1592653589793,-7.5001245
11088,204.0,-210.9767962444761,-5.2273595
11098,204.0,-314.1592653589793,-7.5001245
11108,204.0,-206.67752669803852,-5.0807295
11118,204.0,-314.1592653589793,-7.5001245
11128,204.0,-203.6066198791545,-5.0074145
11139,204.0,-314.1592653589793,-7.5001245
11149,204.0,-199.30735033271685,-4.8607845
11159,204.0,-314.1592653589793,-7.5001245
11169,204.0,-198.07898760516326,-4.7874695
11179,204.0,-314.1592653589793,-7.5001245
11189,204.0,-197.46480624138644,-4.7434805
11199,204.0,-314.1592653589793,-7.5001245
11209,204.0,-198.07898760516326,-4.7141545
11219,204.0,-314.1592653589793,-7.5001245
11230,204.0,-198.69316896894003,-4.6848285
11240,204.0,-314.1592653589793,-7.5001245
11249,204.0,-199.30735033271685,-4.699491500000001
11259,204.0,-314.1592653589793,-7.5001245
11270,204.0,-200.53571306027044,-4.6848285
11280,204.0,-314.1592653589793,-7.5001245
11290,204.0,-202.37825715160088,-4.699491500000001
11300,204.0,-314.1592653589793,-7.5001245
11311,204.0,-203.6066198791545,-4.699491500000001
11320,204.0,-314.1592653589793,-7.5001245
11330,204.0,-204.8349826067081,-4.7141545
11340,204.0,-314.1592653589793,-7.5001245
11351,204.0,-206.0633453342617,-4.699491500000001
11361,204.0,-314.1592653589793,-7.5001245
11371,204.0,-206.67752669803852,-4.7288175
11380,204.0,-314.1592653589793,-7.5001245
11390,204.0,-208.52007078936893,-4.7434805
11401,204.0,-314.1592653589793,-7.5001245
11411,204.0,-210.36261488069934,-4.772806500000001
11421,204.0,-314.1592653589793,-7.5001245
11431,204.0,-210.9767962444761,-4.8167955000000005
11442,204.0,-314.1592653589793,-7.5001245
11452,204.0,-211.59097760825296,-4.8167955000000005
11461,204.0,-313.54508399520256,-7.5001245
11471,204.0,-214.0477030633602,-4.846121500000001
11482,204.0,-313.54508399520256,-7.5001245
11492,204.0,-214.0477030633602,-4.8607845
11502,204.0,-311.70253990387204,-7.5001245
11512,204.0,-214.66188442713695,-4.8607845
11522,204.0,-311.0883585400953,-7.5001245
11532,204.0,-215.89024715469057,-4.9047735
11542,204.0,-311.0883585400953,-7.5001245
11552,204.0,-217.73279124602098,-4.9487625
11563,204.0,-309.85999581254174,-7.5001245
11573,204.0,-217.73279124602098,-4.9487625
11583,204.0,-308.6316330849881,-7.5001245
11593,204.0,-218.96115397357462,-5.0074145
11602,204.0,-309.24581444876486,-7.4854615
11613,204.0,-220.803698064905,-5.0220775
11623,204.0,-308.0174517212113,-7.470798500000001
11633,204.0,-221.41787942868186,-5.0367405000000005
11643,204.0,-306.17490762988086,-7.441472500000001
11654,204.0,-222.03206079245862,-5.0514035
11663,204.0,-305.56072626610404,-7.4268095
11673,204.0,-223.26042352001227,-5.1100555000000005
11683,204.0,-304.9465449023273,-7.397483500000001
11694,204.0,-225.10296761134265,-5.1540445
11704,204.0,-304.9465449023273,-7.368157500000001
11714,204.0,-226.33133033889624,-5.1833705000000005
11724,204.0,-303.1040008109968,-7.3388315
11734,204.0,-226.9455117026731,-5.2126965
11744,204.0,-302.48981944722004,-7.324168500000001
11754,204.0,-228.7880557940035,-5.256685500000001
11764,204.0,-301.87563808344316,-7.2655165
11774,204.0,-229.4022371577803,-5.2713485
11785,204.0,-299.418912628336,-7.2655165
11795,204.0,-230.01641852155709,-5.3006745
11804,204.0,-299.418912628336,-7.2361905
11814,204.0,-234.92986943177152,-5.3739895
11825,204.0,-298.8047312645592,-7.2068645
11835,204.0,-247.21349670730763,-5.5059565
11845,204.0,-292.6629176267911,-7.1188865
11855,204.0,-251.51276625374524,-5.6819125
11866,204.0,-284.6785598976927,-7.0015825000000005
11875,204.0,-261.33966807417414,-5.9018575
11885,204.0,-271.7807512583798,-6.737648500000001
11895,204.0,-272.3949326221566,-6.2097805
11906,204.0,-269.3240258032726,-6.664333500000001
11916,204.0,-281.60765307880865,-6.400399500000001
11926,204.0,-260.11130534662055,-6.4590515
11936,204.0,-290.20619217168394,-6.664333500000001
11945,204.0,-251.51276625374524,-6.3124215
11956,204.0,-298.8047312645592,-6.8696155
11966,204.0,-244.1425898884236,-6.1657915
11976,204.0,-305.56072626610404,-7.0748975000000005
11986,204.0,-238.00077625065552,-6.0044985
11997,204.0,-308.6316330849881,-7.2655165
12006,204.0,-233.70150670421793,-5.9165205
12016,204.0,-314.1592653589793,-7.441472500000001
12026,204.0,-229.4022371577803,-5.7992165
12037,204.0,-314.1592653589793,-7.5001245
12047,204.0,-225.71714897511944,-5.6525865
12057,204.0,-314.1592653589793,-7.5001245
12067,204.0,-218.96115397357462,-5.4619675
12078,204.0,-314.1592653589793,-7.5001245
12087,204.0,-214.66188442713695,-5.330000500000001
12097,204.0,-314.1592653589793,-7.5001245
12107,204.0,-210.36261488069934,-5.1980335
12118,204.0,-314.1592653589793,-7.5001245
12128,204.0,-205.4491639704849,-5.0660665
12138,204.0,-314.1592653589793,-7.5001245
12148,204.0,-202.37825715160088,-4.9780885
12157,204.0,-314.1592653589793,-7.5001245
12168,204.0,-199.30735033271685,-4.8754475
12178,204.0,-314.1592653589793,-7.5001245
12188,204.0,-198.69316896894003,-4.8021325
12198,204.0,-314.1592653589793,-7.5001245
12209,204.0,-197.46480624138644,-4.7434805
12219,204.0,-314.1592653589793,-7.5001245
12228,204.0,-196.85062487760962,-4.7288175
12238,204.0,-314.1592653589793,-7.5001245
12249,204.0,-198.69316896894003,-4.699491500000001
12259,204.0,-314.1592653589793,-7.5001245
12269,204.0,-199.30735033271685,-4.6701655
12279,204.0,-314.1592653589793,-7.5001245
12290,204.0,-200.53571306027044,-4.699491500000001
12299,204.0,-314.1592653589793,-7.5001245
12309,204.0,-203.6066198791545,-4.699491500000001
12319,204.0,-314.1592653589793,-7.5001245
12329,204.0,-204.2208012429313,-4.699491500000001
12340,204.0,-314.1592653589793,-7.5001245
12350,204.0,-204.8349826067081,-4.699491500000001
12360,204.0,-314.1592653589793,-7.5001245
12370,204.0,-205.4491639704849,-4.7288175
12380,204.0,-314.1592653589793,-7.5001245
12390,204.0,-207.90588942559214,-4.7288175
12400,204.0,-314.1592653589793,-7.5001245
12410,204.0,-209.13425215314575,-4.7434805
12421,204.0,-314.1592653589793,-7.5001245
12431,204.0,-209.13425215314575,-4.772806500000001
12440,204.0,-313.54508399520256,-7.5001245
12450,204.0,-211.59097760825296,-4.8021325
12461,204.0,-313.54508399520256,-7.5001245
12471,204.0,-212.8193403358066,-4.8167955000000005
12481,204.0,-314.1592653589793,-7.5001245
12491,204.0,-214.0477030633602,-4.8314585
12502,204.0,-312.3167212676489,-7.5001245
12511,204.0,-214.0477030633602,-4.8901105000000005
12521,204.0,-312.3167212676489,-7.5001245
12531,204.0,-215.89024715469057,-4.8901105000000005
12541,204.0,-311.0883585400953,-7.5001245
12552,204.0,-216.50442851846742,-4.9340995
12562,204.0,-309.85999581254174,-7.5001245
12572,204.0,-217.73279124602098,-4.9487625
12582,204.0,-309.24581444876486,-7.5001245
12592,204.0,-218.96115397357462,-4.9780885
12602,204.0,-309.85999581254174,-7.5001245
12612,204.0,-220.18951670112818,-5.0074145
12622,204.0,-309.24581444876486,-7.470798500000001
12633,204.0,-220.18951670112818,-5.0220775
12643,204.0,-307.40327035743445,-7.4268095
12653,204.0,-221.41787942868186,-5.0807295
12662,204.0,-306.7890889936577,-7.4121465
12673,204.0,-223.87460488378903,-5.1100555000000005
12683,204.0,-306.17490762988086,-7.4121465
12693,204.0,-224.48878624756586,-5.1247185
12703,204.0,-304.9465449023273,-7.368157500000001
12713,204.0,-225.10296761134265,-5.1540445
12723,204.0,-303.71818217477363,-7.3534945
12733,204.0,-226.33133033889624,-5.1980335
12743,204.0,-304.33236353855045,-7.3388315
12753,204.0,-227.55969306644985,-5.2126965
12764,204.0,-302.48981944722004,-7.3095055
12774,204.0,-229.4022371577803,-5.2713485
12784,204.0,-300.64727535588963,-7.250853500000001
12794,204.0,-230.6305998853339,-5.3153375
12804,204.0,-300.0330939921128,-7.250853500000001
12814,204.0,-232.4731439766643,-5.3446635
12824,204.0,-299.418912628336,-7.2215275000000005
12834,204.0,-242.3000457970932,-5.4619675
12845,204.0,-292.04873626301435,-7.1482125000000005
12855,204.0,-252.74112898129886,-5.6819125
12865,204.0,-284.0643785339159,-6.9722565
12874,204.0,-265.6389376206117,-5.9898355
12884,204.0,-269.93820716704937,-6.7083225
12895,204.0,-279.7651089874783,-6.3710735000000005
12905,204.0,-263.18221216550455,-6.547029500000001
12915,204.0,-287.1352853527999,-6.547029500000001
12925,204.0,-254.5836730726293,-6.3710735000000005
12936,204.0,-296.9621871732288,-6.8256265
12945,204.0,-248.4418594348612,-6.2684325
12955,204.0,-301.87563808344316,-6.957593500000001
12965,204.0,-239.84332034198596,-6.0778135
12976,204.0,-307.40327035743445,-7.2068645
12986,204.0,-235.54405079554832,-5.9458465
12996,204.0,-313.54508399520256,-7.3828205
13006,204.0,-226.33133033889624,-5.696575500000001
13017,204.0,-314.1592653589793,-7.5001245
13026,204.0,-222.03206079245862,-5.5939345000000005
13036,204.0,-314.1592653589793,-7.5001245
13046,204.0,-217.1186098822442,-5.4179785
13057,204.0,-314.1592653589793,-7.5001245
13067,204.0,-214.66188442713695,-5.3006745
13077,204.0,-314.1592653589793,-7.5001245
13087,204.0,-207.90588942559214,-5.1687075
13097,204.0,-314.1592653589793,-7.5001245
13107,204.0,-203.6066198791545,-5.0220775
13117,204.0,-314.1592653589793,-7.5001245
13127,204.0,-200.53571306027044,-4.919436500000001
13137,204.0,-314.1592653589793,-7.5001245
13148,204.0,-198.69316896894003,-4.8167955000000005
13158,204.0,-314.1592653589793,-7.5001245
13168,204.0,-197.46480624138644,-4.772806500000001
13178,204.0,-314.1592653589793,-7.5001245
13188,204.0,-196.85062487760962,-4.7434805
13198,204.0,-314.1592653589793,-7.5001245
13208,204.0,-198.07898760516326,-4.7141545
13218,204.0,-314.1592653589793,-7.5001245
13229,204.0,-198.69316896894003,-4.6848285
13239,204.0,-314.1592653589793,-7.5001245
13248,204.0,-199.30735033271685,-4.699491500000001
13258,204.0,-314.1592653589793,-7.5001245
13268,204.0,-201.76407578782408,-4.699491500000001
13279,204.0,-314.1592653589793,-7.5001245
13289,204.0,-203.6066198791545,-4.6848285
13299,204.0,-314.1592653589793,-7.5001245
13309,204.0,-203.6066198791545,-4.699491500000001
13319,204.0,-314.1592653589793,-7.5001245
13329,204.0,-205.4491639704849,-4.7141545
13339,204.0,-314.1592653589793,-7.5001245
13349,204.0,-206.67752669803852,-4.7288175
13360,204.0,-314.1592653589793,-7.5001245
13370,204.0,-207.90588942559214,-4.7288175
13380,204.0,-314.1592653589793,-7.5001245
13389,204.0,-208.52007078936893,-4.7581435
13400,204.0,-314.1592653589793,-7.5001245
13410,204.0,-210.9767962444761,-4.772806500000001
13420,204.0,-314.1592653589793,-7.5001245
13430,204.0,-211.59097760825296,-4.8021325
13441,204.0,-313.54508399520256,-7.5001245
13451,204.0,-212.20515897202975,-4.8167955000000005
13460,204.0,-313.54508399520256,-7.5001245
13470,204.0,-214.0477030633602,-4.846121500000001
13480,204.0,-312.9309026314257,-7.5001245
13491,204.0,-215.27606579091378,-4.8754475
13501,204.0,-312.3167212676489,-7.5001245
13511,204.0,-215.89024715469057,-4.8901105000000005
13521,204.0,-311.0883585400953,-7.5001245
13531,204.0,-216.50442851846742,-4.919436500000001
13541,204.0,-310.4741771763185,-7.5001245
13551,204.0,-218.96115397357462,-4.9634255000000005
13561,204.0,-309.85999581254174,-7.5001245
13572,204.0,-218.3469726097978,-4.9487625
13582,204.0,-308.6316330849881,-7.4854615
13592,204.0,-219.57533533735142,-5.0074145
13601,204.0,-307.40327035743445,-7.470798500000001
13612,204.0,-221.41787942868186,-5.0514035
13622,204.0,-308.0174517212113,-7.4561355
13632,204.0,-222.03206079245862,-5.0514035
13642,204.0,-307.40327035743445,-7.4268095
13652,204.0,-225.10296761134265,-5.1393815
13663,204.0,-304.9465449023273,-7.3828205
13672,204.0,-223.87460488378903,-5.1393815
13682,204.0,-304.9465449023273,-7.3828205
13692,204.0,-226.9455117026731,-5.1833705000000005
13703,204.0,-304.33236353855045,-7.3534945
13713,204.0,-227.55969306644985,-5.1833705000000005
13723,204.0,-303.71818217477363,-7.324168500000001
13732,204.0,-227.55969306644985,-5.2126965
13743,204.0,-302.48981944722004,-7.3095055
13753,204.0,-228.1738744302267,-5.2420225
13763,204.0,-300.64727535588963,-7.250853500000001
13773,204.0,-231.85896261288752,-5.3153375
13784,204.0,-300.0330939921128,-7.2361905
13794,204.0,-230.6305998853339,-5.330000500000001
13804,204.0,-298.8047312645592,-7.1922015
13813,204.0,-240.45750170576275,-5.4473045
13824,204.0,-296.34800580945193,-7.1922015
13834,204.0,-244.1425898884236,-5.4912935
13844,204.0,-288.9778294441303,-7.0895605
13854,204.0,-257.04039852773644,-5.7845535
13864,204.0,-277.9225648961479,-6.8402895
13875,204.0,-270.5523885308262,-6.1657915
13884,204.0,-266.8673003481654,-6.620344500000001
13894,204.0,-279.7651089874783,-6.3857365
13904,204.0,-260.11130534662055,-6.4883775
13915,204.0,-291.4345548992376,-6.664333500000001
13925,204.0,-250.89858488996842,-6.2977585000000005
13935,204.0,-295.7338244456752,-6.8256265
13944,204.0,-244.1425898884236,-6.180454500000001
13955,204.0,-304.9465449023273,-7.0748975000000005
13965,204.0,-240.45750170576275,-6.0778135
13975,204.0,-309.24581444876486,-7.2215275000000005
13985,204.0,-234.31568806799476,-5.9018575
13996,204.0,-314.1592653589793,-7.4854615
14006,204.0,-228.1738744302267,-5.7405645000000005
14016,204.0,-314.1592653589793,-7.5001245
14025,204.0,-223.87460488378903,-5.6379235
14035,204.0,-314.1592653589793,-7.5001245
14046,204.0,-220.18951670112818,-5.5059565
14056,204.0,-314.1592653589793,-7.5001245
14066,204.0,-214.66188442713695,-5.3153375
14076,204.0,-314.1592653589793,-7.5001245
14087,204.0,-212.20515897202975,-5.1980335
14096,204.0,-314.1592653589793,-7.5001245
14106,204.0,-207.29170806181534,-5.1100555000000005
14116,204.0,-314.1592653589793,-7.5001245
14127,204.0,-203.6066198791545,-5.0074145
14137,204.0,-314.1592653589793,-7.5001245
14147,204.0,-199.30735033271685,-4.9047735
14157,204.0,-314.1592653589793,-7.5001245
14167,204.0,-198.07898760516326,-4.8021325
14177,204.0,-314.1592653589793,-7.5001245
14187,204.0,-198.69316896894003,-4.7581435
14197,204.0,-314.1592653589793,-7.5001245
14208,204.0,-197.46480624138644,-4.7288175
14218,204.0,-314.1592653589793,-7.5001245
14228,204.0,-197.46480624138644,-4.699491500000001
14238,204.0,-314.1592653589793,-7.5001245
14247,204.0,-199.30735033271685,-4.699491500000001
14259,204.0,-314.1592653589793,-7.5001245
14268,204.0,-203.6066198791545,-4.7288175
14278,204.0,-314.1592653589793,-7.5001245
14288,204.0,-204.8349826067081,-4.7141545
14299,204.0,-314.1592653589793,-7.5001245
14309,204.0,-206.67752669803852,-4.7141545
14319,204.0,-314.1592653589793,-7.5001245
14329,204.0,-207.29170806181534,-4.7288175
14339,204.0,-314.1592653589793,-7.5001245
14349,204.0,-209.13425215314575,-4.772806500000001
14359,204.0,-314.1592653589793,-7.5001245
14369,204.0,-210.9767962444761,-4.7874695
14380,204.0,-313.54508399520256,-7.5001245
14390,204.0,-212.20515897202975,-4.8021325
14400,204.0,-312.9309026314257,-7.5001245
14410,204.0,-212.20515897202975,-4.8314585
14420,204.0,-312.3167212676489,-7.5001245
14430,204.0,-214.0477030633602,-4.8754475
14440,204.0,-312.9309026314257,-7.5001245
14450,204.0,-215.89024715469057,-4.8901105000000005
14460,204.0,-311.0883585400953,-7.5001245
14471,204.0,-215.89024715469057,-4.9047735
14481,204.0,-309.85999581254174,-7.5001245
14491,204.0,-217.73279124602098,-4.9340995
14501,204.0,-308.0174517212113,-7.5001245
14511,204.0,-218.3469726097978,-4.992751500000001
14521,204.0,-309.24581444876486,-7.4854615
14531,204.0,-220.803698064905,-5.0074145
14541,204.0,-308.6316330849881,-7.4561355
14552,204.0,-222.03206079245862,-5.0367405000000005
14562,204.0,-307.40327035743445,-7.441472500000001
14571,204.0,-222.03206079245862,-5.0807295
14581,204.0,-306.17490762988086,-7.4121465
14592,204.0,-224.48878624756586,-5.1100555000000005
14602,204.0,-305.56072626610404,-7.397483500000001
14612,204.0,-225.71714897511944,-5.1393815
14622,204.0,-304.33236353855045,-7.368157500000001
14632,204.0,-225.10296761134265,-5.1833705000000005
14643,204.0,-303.1040008109968,-7.324168500000001
14652,204.0,-227.55969306644985,-5.2273595
14662,204.0,-302.48981944722004,-7.3095055
14672,204.0,-228.7880557940035,-5.256685500000001
14683,204.0,-300.64727535588963,-7.2801795
14693,204.0,-230.01641852155709,-5.3006745
14703,204.0,-300.0330939921128,-7.250853500000001
14713,204.0,-231.85896261288752,-5.330000500000001
14723,204.0,-299.418912628336,-7.2215275000000005
14733,204.0,-233.70150670421793,-5.3739895
14743,204.0,-298.8047312645592,-7.2068645
14753,204.0,-241.68586443331634,-5.4179785
14764,204.0,-292.6629176267911,-7.1188865
14774,204.0,-247.21349670730763,-5.5939345000000005
14783,204.0,-285.9069226252463,-7.0455715
14793,204.0,-260.11130534662055,-5.8725315
14803,204.0,-280.37929035125507,-6.8549525000000004
14814,204.0,-266.8673003481654,-6.0191615
14824,204.0,-269.93820716704937,-6.6936595
14834,204.0,-274.85165807726383,-6.2684325
14843,204.0,-264.41057489305814,-6.591018500000001
14854,204.0,-285.9069226252463,-6.5177035000000005
14864,204.0,-257.6545798915133,-6.4297255
14874,204.0,-294.5054617181216,-6.737648500000001
14884,204.0,-246.5993153435308,-6.2097805
14895,204.0,-298.8047312645592,-6.9429305
14904,204.0,-243.5284085246468,-6.1657915
14914,204.0,-306.17490762988086,-7.1335495
14924,204.0,-238.00077625065552,-6.0044985
14935,204.0,-311.0883585400953,-7.2801795
14945,204.0,-233.08732534044108,-5.9018575
14955,204.0,-314.1592653589793,-7.5001245
14965,204.0,-224.48878624756586,-5.6672495000000005
14976,204.0,-314.1592653589793,-7.5001245
14985,204.0,-220.803698064905,-5.5352825
14995,204.0,-314.1592653589793,-7.5001245
15005,204.0,-216.50442851846742,-5.403315500000001
15015,204.0,-314.1592653589793,-7.5001245
15026,204.0,-214.66188442713695,-5.3006745
15036,204.0,-314.1592653589793,-7.5001245
15046,204.0,-210.9767962444761,-5.2273595
15055,204.0,-314.1592653589793,-7.5001245
15066,204.0,-205.4491639704849,-5.0807295
15076,204.0,-314.1592653589793,-7.5001245
15086,204.0,-203.6066198791545,-5.0074145
15096,204.0,-314.1592653589793,-7.5001245
15107,204.0,-199.92153169649367,-4.919436500000001
15117,204.0,-314.1592653589793,-7.5001245
15126,204.0,-198.07898760516326,-4.8167955000000005
15136,204.0,-314.1592653589793,-7.5001245
15147,204.0,-198.07898760516326,-4.772806500000001
15157,204.0,-314.1592653589793,-7.5001245
15167,204.0,-198.69316896894003,-4.7581435
15177,204.0,-314.1592653589793,-7.5001245
15187,204.0,-196.85062487760962,-4.7141545
15197,204.0,-314.1592653589793,-7.5001245
15207,204.0,-199.30735033271685,-4.7141545
15217,204.0,-314.1592653589793,-7.5001245
15227,204.0,-200.53571306027044,-4.699491500000001
15238,204.0,-314.1592653589793,-7.5001245
15248,204.0,-201.14989442404726,-4.699491500000001
15257,204.0,-314.1592653589793,-7.5001245
15267,204.0,-204.8349826067081,-4.7141545
15278,204.0,-314.1592653589793,-7.5001245
15288,204.0,-204.8349826067081,-4.699491500000001
15298,204.0,-314.1592653589793,-7.5001245
15308,204.0,-203.6066198791545,-4.699491500000001
15319,204.0,-314.1592653589793,-7.5001245
15328,204.0,-206.0633453342617,-4.7288175
15338,204.0,-314.1592653589793,-7.5001245
15348,204.0,-209.13425215314575,-4.7581435
15358,204.0,-314.1592653589793,-7.5001245
15369,204.0,-209.74843351692252,-4.7581435
15379,204.0,-314.1592653589793,-7.5001245
15389,204.0,-210.9767962444761,-4.772806500000001
15398,204.0,-314.1592653589793,-7.5001245
15409,204.0,-212.20515897202975,-4.8021325
15419,204.0,-314.1592653589793,-7.5001245
15429,204.0,-213.43352169958337,-4.846121500000001
15439,204.0,-313.54508399520256,-7.5001245
15450,204.0,-214.66188442713695,-4.8607845
15460,204.0,-312.3167212676489,-7.5001245
15469,204.0,-214.66188442713695,-4.8607845
15479,204.0,-311.70253990387204,-7.5001245
15490,204.0,-216.50442851846742,-4.9047735
15500,204.0,-311.0883585400953,-7.5001245
15510,204.0,-216.50442851846742,-4.9047735
15520,204.0,-310.4741771763185,-7.5001245
15531,204.0,-216.50442851846742,-4.9340995
15540,204.0,-309.24581444876486,-7.5001245
15550,204.0,-218.96115397357462,-4.992751500000001
15560,204.0,-308.6316330849881,-7.5001245
15570,204.0,-219.57533533735142,-4.992751500000001
15581,204.0,-308.0174517212113,-7.470798500000001
15591,204.0,-220.803698064905,-5.0220775
15601,204.0,-306.7890889936577,-7.4268095
15610,204.0,-221.41787942868186,-5.0660665
15621,204.0,-305.56072626610404,-7.4121465
15631,204.0,-224.48878624756586,-5.1247185
15641,204.0,-305.56072626610404,-7.397483500000001
15651,204.0,-225.10296761134265,-5.1393815
15662,204.0,-304.33236353855045,-7.368157500000001
15672,204.0,-226.33133033889624,-5.1833705000000005
15681,204.0,-303.71818217477363,-7.3534945
15691,204.0,-227.55969306644985,-5.2126965
15702,204.0,-303.1040008109968,-7.324168500000001
15712,204.0,-228.7880557940035,-5.2273595
15722,204.0,-301.87563808344316,-7.2801795
15732,204.0,-229.4022371577803,-5.2420225
15742,204.0,-300.64727535588963,-7.2655165
15752,204.0,-231.24478124911067,-5.330000500000001
15762,204.0,-300.0330939921128,-7.2361905
15772,204.0,-232.4731439766643,-5.3446635
15782,204.0,-299.418912628336,-7.2068645
15793,204.0,-236.1582321593251,-5.3739895
15803,204.0,-295.1196430818984,-7.177538500000001
15813,204.0,-245.985133979754,-5.5352825
15822,204.0,-287.7494667165767,-7.0455715
15833,204.0,-258.8829426190669,-5.8138795000000005
15843,204.0,-277.308383532371,-6.810963500000001
15853,204.0,-270.5523885308262,-6.107139500000001
15863,204.0,-263.7963935292814,-6.5763555
15874,204.0,-280.37929035125507,-6.400399500000001
15884,204.0,-260.11130534662055,-6.4883775
15893,204.0,-286.52110398902306,-6.5763555
15903,204.0,-252.74112898129886,-6.3417475
15913,204.0,-295.7338244456752,-6.8256265
15924,204.0,-245.3709526159772,-6.180454500000001
15934,204.0,-301.26145671966646,-6.957593500000001
15944,204.0,-238.00077625065552,-6.0631505
15953,204.0,-308.0174517212113,-7.2361905
15964,204.0,-234.92986943177152,-5.9458465
15974,204.0,-314.1592653589793,-7.4268095
15984,204.0,-228.7880557940035,-5.7845535
15994,204.0,-314.1592653589793,-7.5001245
16005,204.0,-223.87460488378903,-5.6379235
16015,204.0,-314.1592653589793,-7.5001245
16024,204.0,-218.96115397357462,-5.4912935
16034,204.0,-314.1592653589793,-7.5001245
16045,204.0,-216.50442851846742,-5.3886525
16055,204.0,-314.1592653589793,-7.5001245
16065,204.0,-211.59097760825296,-5.2273595
16075,204.0,-314.1592653589793,-7.5001245
16086,204.0,-206.67752669803852,-5.0953925
16096,204.0,-314.1592653589793,-7.5001245
16105,204.0,-201.14989442404726,-4.992751500000001
16115,204.0,-314.1592653589793,-7.5001245
16125,204.0,-198.69316896894003,-4.9047735
16136,204.0,-314.1592653589793,-7.5001245
16146,204.0,-196.85062487760962,-4.7581435
16156,204.0,-314.1592653589793,-7.5001245
16166,204.0,-196.85062487760962,-4.7288175
16176,204.0,-314.1592653589793,-7.5001245
16186,204.0,-196.23644351383285,-4.6848285
16196,204.0,-314.1592653589793,-7.5001245
16206,204.0,-196.85062487760962,-4.6701655
16217,204.0,-314.1592653589793,-7.5001245
16227,204.0,-198.07898760516326,-4.6408395
16237,204.0,-314.1592653589793,-7.5001245
16247,204.0,-199.30735033271685,-4.6555025
16257,204.0,-314.1592653589793,-7.5001245
16267,204.0,-200.53571306027044,-4.6408395
16277,204.0,-314.1592653589793,-7.5001245
16287,204.0,-202.37825715160088,-4.6555025
16297,204.0,-314.1592653589793,-7.5001245
16308,204.0,-202.37825715160088,-4.6555025
16318,204.0,-314.1592653589793,-7.5001245
16327,204.0,-204.8349826067081,-4.6701655
16337,204.0,-314.1592653589793,-7.5001245
16348,204.0,-207.90588942559214,-4.7141545
16358,204.0,-314.1592653589793,-7.5001245
16368,204.0,-207.90588942559214,-4.7288175
16378,204.0,-314.1592653589793,-7.5001245
16389,204.0,-209.74843351692252,-4.7434805
16399,204.0,-313.54508399520256,-7.5001245
16408,204.0,-210.36261488069934,-4.772806500000001
16418,204.0,-313.54508399520256,-7.5001245
16429,204.0,-212.8193403358066,-4.7874695
16439,204.0,-313.54508399520256,-7.5001245
16449,204.0,-213.43352169958337,-4.8167955000000005
16459,204.0,-311.70253990387204,-7.5001245
16470,204.0,-213.43352169958337,-4.846121500000001
16479,204.0,-311.0883585400953,-7.5001245
16489,204.0,-214.66188442713695,-4.8754475
16499,204.0,-311.0883585400953,-7.5001245
16509,204.0,-216.50442851846742,-4.9047735
16520,204.0,-309.85999581254174,-7.5001245
16530,204.0,-216.50442851846742,-4.919436500000001
16540,204.0,-309.24581444876486,-7.4854615
16549,204.0,-218.96115397357462,-4.9634255000000005
16560,204.0,-309.24581444876486,-7.5001245
16570,204.0,-218.96115397357462,-4.992751500000001
16580,204.0,-307.40327035743445,-7.441472500000001
16590,204.0,-220.803698064905,-5.0220775
16601,204.0,-306.17490762988086,-7.4121465
16611,204.0,-220.803698064905,-5.0514035
16620,204.0,-305.56072626610404,-7.4268095
16630,204.0,-222.64624215623542,-5.0953925
16641,204.0,-304.33236353855045,-7.368157500000001
16651,204.0,-224.48878624756586,-5.1247185
16661,204.0,-302.48981944722004,-7.3095055
16671,204.0,-226.33133033889624,-5.1980335
16681,204.0,-302.48981944722004,-7.294842500000001
16692,204.0,-227.55969306644985,-5.2126965
16701,204.0,-300.64727535588963,-7.2801795
16711,204.0,-229.4022371577803,-5.256685500000001
16721,204.0,-300.64727535588963,-7.250853500000001
16732,204.0,-230.01641852155709,-5.2860115
16742,204.0,-300.0330939921128,-7.2215275000000005
16752,204.0,-236.77241352310196,-5.3886525
16762,204.0,-293.89128035434476,-7.1628755
16772,204.0,-243.5284085246468,-5.476630500000001
16782,204.0,-285.9069226252463,-7.0455715
16792,204.0,-253.35531034507565,-5.7552275
16802,204.0,-282.2218344425855,-6.9429305
16813,204.0,-265.6389376206117,-6.0044985
16823,204.0,-269.93820716704937,-6.6936595
16833,204.0,-274.85165807726383,-6.2830955
16842,204.0,-258.2687612552901,-6.473714500000001
16852,204.0,-287.1352853527999,-6.6056815
16863,204.0,-255.1978544364061,-6.3857365
16873,204.0,-295.1196430818984,-6.7523115
16883,204.0,-248.4418594348612,-6.2391065
16893,204.0,-300.64727535588963,-6.9282675000000005
16903,204.0,-239.84332034198596,-6.0778135
16913,204.0,-306.7890889936577,-7.1628755
16923,204.0,-237.38659488687875,-5.9751725
16933,204.0,-309.24581444876486,-7.250853500000001
16944,204.0,-231.24478124911067,-5.8578685
16954,204.0,-314.1592653589793,-7.4561355
16964,204.0,-227.55969306644985,-5.7405645000000005
16973,204.0,-314.1592653589793,-7.5001245
16984,204.0,-225.10296761134265,-5.6525865
16994,204.0,-314.1592653589793,-7.5001245
17004,204.0,-218.96115397357462,-5.4619675
17014,204.0,-314.1592653589793,-7.5001245
17025,204.0,-215.27606579091378,-5.3593265
17034,204.0,-314.1592653589793,-7.5001245
17044,204.0,-213.43352169958337,-5.2860115
17054,204.0,-314.1592653589793,-7.5001245
17064,204.0,-209.74843351692252,-5.1980335
17075,204.0,-314.1592653589793,-7.5001245
17085,204.0,-205.4491639704849,-5.0514035
17095,204.0,-314.1592653589793,-7.5001245
17104,204.0,-200.53571306027044,-4.9780885
17115,204.0,-314.1592653589793,-7.5001245
17125,204.0,-198.69316896894003,-4.8607845
17135,204.0,-314.1592653589793,-7.5001245
17145,204.0,-199.30735033271685,-4.7874695
17156,204.0,-314.1592653589793,-7.5001245
17166,204.0,-196.85062487760962,-4.7581435
17175,204.0,-314.1592653589793,-7.5001245
17185,204.0,-196.85062487760962,-4.7288175
17196,204.0,-314.1592653589793,-7.5001245
17206,204.0,-198.69316896894003,-4.7141545
17216,204.0,-314.1592653589793,-7.5001245
17226,204.0,-198.69316896894003,-4.699491500000001
17236,204.0,-314.1592653589793,-7.5001245
17246,204.0,-200.53571306027044,-4.699491500000001
17256,204.0,-314.1592653589793,-7.5001245
17266,204.0,-202.9924385153777,-4.699491500000001
17276,204.0,-314.1592653589793,-7.5001245
17287,204.0,-203.6066198791545,-4.699491500000001
17297,204.0,-314.1592653589793,-7.5001245
17307,204.0,-204.8349826067081,-4.699491500000001
17316,204.0,-314.1592653589793,-7.5001245
17327,204.0,-206.0633453342617,-4.7288175
17337,204.0,-314.1592653589793,-7.5001245
17347,204.0,-207.90588942559214,-4.7288175
17357,204.0,-314.1592653589793,-7.5001245
17368,204.0,-208.52007078936893,-4.7581435
17378,204.0,-314.1592653589793,-7.5001245
17387,204.0,-209.74843351692252,-4.772806500000001
17397,204.0,-314.1592653589793,-7.5001245
17408,204.0,-210.9767962444761,-4.7874695
17418,204.0,-314.1592653589793,-7.5001245
17428,204.0,-212.20515897202975,-4.8167955000000005
17438,204.0,-313.54508399520256,-7.5001245
17448,204.0,-212.8193403358066,-4.8314585
17458,204.0,-314.1592653589793,-7.5001245
17468,204.0,-215.27606579091378,-4.846121500000001
17478,204.0,-313.54508399520256,-7.5001245
17488,204.0,-215.27606579091378,-4.8754475
17499,204.0,-311.70253990387204,-7.5001245
17509,204.0,-217.1186098822442,-4.9340995
17519,204.0,-310.4741771763185,-7.5001245
17528,204.0,-217.73279124602098,-4.9634255000000005
17539,204.0,-310.4741771763185,-7.5001245
17549,204.0,-218.3469726097978,-4.9634255000000005
17559,204.0,-309.85999581254174,-7.5001245
17569,204.0,-218.96115397357462,-4.9780885
17580,204.0,-308.0174517212113,-7.470798500000001
17590,204.0,-220.803698064905,-5.0220775
17599,204.0,-308.6316330849881,-7.470798500000001
17609,204.0,-221.41787942868186,-5.0514035
17619,204.0,-307.40327035743445,-7.441472500000001
